[2025-04-18T12:53:00.959+0900] {processor.py:186} INFO - Started process (PID=675147) to work on /home/kim/airflow_tutorial/dags/dag_oracle_to_s3_python_improved.py
[2025-04-18T12:53:00.960+0900] {processor.py:914} INFO - Processing file /home/kim/airflow_tutorial/dags/dag_oracle_to_s3_python_improved.py for tasks to queue
[2025-04-18T12:53:00.967+0900] {logging_mixin.py:190} INFO - [2025-04-18T12:53:00.966+0900] {dagbag.py:588} INFO - Filling up the DagBag from /home/kim/airflow_tutorial/dags/dag_oracle_to_s3_python_improved.py
[2025-04-18T12:53:01.650+0900] {logging_mixin.py:190} INFO - [2025-04-18T12:53:01.649+0900] {dag_oracle_to_s3_python_improved.py:25} INFO - load config file  : /home/kim/airflow_tutorial/dags/resource/dag_with_rdbms_tar_ETL_config.yaml
[2025-04-18T12:53:01.651+0900] {logging_mixin.py:190} INFO - [2025-04-18T12:53:01.650+0900] {dag_oracle_to_s3_python_improved.py:26} INFO - project name : dag_oracle_to_s3_python_improved
[2025-04-18T12:53:01.651+0900] {logging_mixin.py:190} INFO - [2025-04-18T12:53:01.651+0900] {dag_oracle_to_s3_python_improved.py:27} INFO - project version : 0.1.0
[2025-04-18T12:53:01.651+0900] {logging_mixin.py:190} INFO - [2025-04-18T12:53:01.651+0900] {dag_oracle_to_s3_python_improved.py:28} INFO - project description : (EL) locknlock oracle tables (2025) > locknlock_s3 json.gz files
[2025-04-18T12:53:01.651+0900] {logging_mixin.py:190} INFO - [2025-04-18T12:53:01.651+0900] {dag_oracle_to_s3_python_improved.py:29} INFO - project tags : ['prd', 'migration', 'oralce', 's3', 'python']
[2025-04-18T12:53:01.652+0900] {logging_mixin.py:190} INFO - [2025-04-18T12:53:01.652+0900] {dag_oracle_to_s3_python_improved.py:30} INFO - project start : 2025-04-18 12:53:01
[2025-04-18T12:53:01.658+0900] {processor.py:925} INFO - DAG(s) 'dag_oracle_to_s3_python_improved' retrieved from /home/kim/airflow_tutorial/dags/dag_oracle_to_s3_python_improved.py
[2025-04-18T12:53:01.817+0900] {logging_mixin.py:190} INFO - [2025-04-18T12:53:01.816+0900] {override.py:1912} INFO - Created Permission View: can delete on DAG:dag_oracle_to_s3_python_improved
[2025-04-18T12:53:01.859+0900] {logging_mixin.py:190} INFO - [2025-04-18T12:53:01.858+0900] {override.py:1912} INFO - Created Permission View: can read on DAG:dag_oracle_to_s3_python_improved
[2025-04-18T12:53:01.891+0900] {logging_mixin.py:190} INFO - [2025-04-18T12:53:01.890+0900] {override.py:1912} INFO - Created Permission View: can edit on DAG:dag_oracle_to_s3_python_improved
[2025-04-18T12:53:01.978+0900] {logging_mixin.py:190} INFO - [2025-04-18T12:53:01.977+0900] {override.py:1912} INFO - Created Permission View: can delete on DAG Run:dag_oracle_to_s3_python_improved
[2025-04-18T12:53:02.005+0900] {logging_mixin.py:190} INFO - [2025-04-18T12:53:02.005+0900] {override.py:1912} INFO - Created Permission View: menu access on DAG Run:dag_oracle_to_s3_python_improved
[2025-04-18T12:53:02.038+0900] {logging_mixin.py:190} INFO - [2025-04-18T12:53:02.038+0900] {override.py:1912} INFO - Created Permission View: can read on DAG Run:dag_oracle_to_s3_python_improved
[2025-04-18T12:53:02.132+0900] {logging_mixin.py:190} INFO - [2025-04-18T12:53:02.132+0900] {override.py:1912} INFO - Created Permission View: can create on DAG Run:dag_oracle_to_s3_python_improved
[2025-04-18T12:53:02.133+0900] {logging_mixin.py:190} INFO - [2025-04-18T12:53:02.133+0900] {dag.py:3239} INFO - Sync 1 DAGs
[2025-04-18T12:53:02.146+0900] {logging_mixin.py:190} INFO - [2025-04-18T12:53:02.145+0900] {dag.py:3262} INFO - Creating ORM DAG for dag_oracle_to_s3_python_improved
[2025-04-18T12:53:02.156+0900] {logging_mixin.py:190} INFO - [2025-04-18T12:53:02.156+0900] {dag.py:4180} INFO - Setting next_dagrun for dag_oracle_to_s3_python_improved to 2025-04-16 15:05:00+00:00, run_after=2025-04-17 15:05:00+00:00
[2025-04-18T12:53:02.232+0900] {processor.py:208} INFO - Processing /home/kim/airflow_tutorial/dags/dag_oracle_to_s3_python_improved.py took 1.281 seconds
[2025-04-18T12:53:32.539+0900] {processor.py:186} INFO - Started process (PID=675349) to work on /home/kim/airflow_tutorial/dags/dag_oracle_to_s3_python_improved.py
[2025-04-18T12:53:32.540+0900] {processor.py:914} INFO - Processing file /home/kim/airflow_tutorial/dags/dag_oracle_to_s3_python_improved.py for tasks to queue
[2025-04-18T12:53:32.542+0900] {logging_mixin.py:190} INFO - [2025-04-18T12:53:32.541+0900] {dagbag.py:588} INFO - Filling up the DagBag from /home/kim/airflow_tutorial/dags/dag_oracle_to_s3_python_improved.py
[2025-04-18T12:53:33.083+0900] {logging_mixin.py:190} INFO - [2025-04-18T12:53:33.082+0900] {dag_oracle_to_s3_python_improved.py:25} INFO - load config file  : /home/kim/airflow_tutorial/dags/resource/dag_with_rdbms_tar_ETL_config.yaml
[2025-04-18T12:53:33.083+0900] {logging_mixin.py:190} INFO - [2025-04-18T12:53:33.083+0900] {dag_oracle_to_s3_python_improved.py:26} INFO - project name : dag_oracle_to_s3_python_improved
[2025-04-18T12:53:33.083+0900] {logging_mixin.py:190} INFO - [2025-04-18T12:53:33.083+0900] {dag_oracle_to_s3_python_improved.py:27} INFO - project version : 0.1.0
[2025-04-18T12:53:33.084+0900] {logging_mixin.py:190} INFO - [2025-04-18T12:53:33.083+0900] {dag_oracle_to_s3_python_improved.py:28} INFO - project description : (EL) locknlock oracle tables (2025) > locknlock_s3 json.gz files
[2025-04-18T12:53:33.084+0900] {logging_mixin.py:190} INFO - [2025-04-18T12:53:33.084+0900] {dag_oracle_to_s3_python_improved.py:29} INFO - project tags : ['prd', 'migration', 'oralce', 's3', 'python']
[2025-04-18T12:53:33.084+0900] {logging_mixin.py:190} INFO - [2025-04-18T12:53:33.084+0900] {dag_oracle_to_s3_python_improved.py:30} INFO - project start : 2025-04-18 12:53:33
[2025-04-18T12:53:33.088+0900] {processor.py:925} INFO - DAG(s) 'dag_oracle_to_s3_python_improved' retrieved from /home/kim/airflow_tutorial/dags/dag_oracle_to_s3_python_improved.py
[2025-04-18T12:53:33.109+0900] {logging_mixin.py:190} INFO - [2025-04-18T12:53:33.109+0900] {dag.py:3239} INFO - Sync 1 DAGs
[2025-04-18T12:53:33.127+0900] {logging_mixin.py:190} INFO - [2025-04-18T12:53:33.127+0900] {dag.py:4180} INFO - Setting next_dagrun for dag_oracle_to_s3_python_improved to 2025-04-16 15:05:00+00:00, run_after=2025-04-17 15:05:00+00:00
[2025-04-18T12:53:33.173+0900] {processor.py:208} INFO - Processing /home/kim/airflow_tutorial/dags/dag_oracle_to_s3_python_improved.py took 0.639 seconds
[2025-04-18T12:54:03.496+0900] {processor.py:186} INFO - Started process (PID=675586) to work on /home/kim/airflow_tutorial/dags/dag_oracle_to_s3_python_improved.py
[2025-04-18T12:54:03.507+0900] {processor.py:914} INFO - Processing file /home/kim/airflow_tutorial/dags/dag_oracle_to_s3_python_improved.py for tasks to queue
[2025-04-18T12:54:03.509+0900] {logging_mixin.py:190} INFO - [2025-04-18T12:54:03.509+0900] {dagbag.py:588} INFO - Filling up the DagBag from /home/kim/airflow_tutorial/dags/dag_oracle_to_s3_python_improved.py
[2025-04-18T12:54:04.079+0900] {logging_mixin.py:190} INFO - [2025-04-18T12:54:04.078+0900] {dag_oracle_to_s3_python_improved.py:25} INFO - load config file  : /home/kim/airflow_tutorial/dags/resource/dag_with_rdbms_tar_ETL_config.yaml
[2025-04-18T12:54:04.079+0900] {logging_mixin.py:190} INFO - [2025-04-18T12:54:04.079+0900] {dag_oracle_to_s3_python_improved.py:26} INFO - project name : dag_oracle_to_s3_python_improved
[2025-04-18T12:54:04.079+0900] {logging_mixin.py:190} INFO - [2025-04-18T12:54:04.079+0900] {dag_oracle_to_s3_python_improved.py:27} INFO - project version : 0.1.0
[2025-04-18T12:54:04.080+0900] {logging_mixin.py:190} INFO - [2025-04-18T12:54:04.079+0900] {dag_oracle_to_s3_python_improved.py:28} INFO - project description : (EL) locknlock oracle tables (2025) > locknlock_s3 json.gz files
[2025-04-18T12:54:04.080+0900] {logging_mixin.py:190} INFO - [2025-04-18T12:54:04.080+0900] {dag_oracle_to_s3_python_improved.py:29} INFO - project tags : ['prd', 'migration', 'oralce', 's3', 'python']
[2025-04-18T12:54:04.080+0900] {logging_mixin.py:190} INFO - [2025-04-18T12:54:04.080+0900] {dag_oracle_to_s3_python_improved.py:30} INFO - project start : 2025-04-18 12:54:04
[2025-04-18T12:54:04.086+0900] {processor.py:925} INFO - DAG(s) 'dag_oracle_to_s3_python_improved' retrieved from /home/kim/airflow_tutorial/dags/dag_oracle_to_s3_python_improved.py
[2025-04-18T12:54:04.112+0900] {logging_mixin.py:190} INFO - [2025-04-18T12:54:04.112+0900] {dag.py:3239} INFO - Sync 1 DAGs
[2025-04-18T12:54:04.134+0900] {logging_mixin.py:190} INFO - [2025-04-18T12:54:04.134+0900] {dag.py:4180} INFO - Setting next_dagrun for dag_oracle_to_s3_python_improved to 2025-04-16 15:05:00+00:00, run_after=2025-04-17 15:05:00+00:00
[2025-04-18T12:54:04.176+0900] {processor.py:208} INFO - Processing /home/kim/airflow_tutorial/dags/dag_oracle_to_s3_python_improved.py took 0.688 seconds
[2025-04-18T12:54:34.488+0900] {processor.py:186} INFO - Started process (PID=675861) to work on /home/kim/airflow_tutorial/dags/dag_oracle_to_s3_python_improved.py
[2025-04-18T12:54:34.489+0900] {processor.py:914} INFO - Processing file /home/kim/airflow_tutorial/dags/dag_oracle_to_s3_python_improved.py for tasks to queue
[2025-04-18T12:54:34.492+0900] {logging_mixin.py:190} INFO - [2025-04-18T12:54:34.492+0900] {dagbag.py:588} INFO - Filling up the DagBag from /home/kim/airflow_tutorial/dags/dag_oracle_to_s3_python_improved.py
[2025-04-18T12:54:39.923+0900] {logging_mixin.py:190} INFO - [2025-04-18T12:54:39.922+0900] {dag_oracle_to_s3_python_improved.py:25} INFO - load config file  : /home/kim/airflow_tutorial/dags/resource/dag_with_rdbms_tar_ETL_config.yaml
[2025-04-18T12:54:39.923+0900] {logging_mixin.py:190} INFO - [2025-04-18T12:54:39.923+0900] {dag_oracle_to_s3_python_improved.py:26} INFO - project name : dag_oracle_to_s3_python_improved
[2025-04-18T12:54:39.923+0900] {logging_mixin.py:190} INFO - [2025-04-18T12:54:39.923+0900] {dag_oracle_to_s3_python_improved.py:27} INFO - project version : 0.1.0
[2025-04-18T12:54:39.924+0900] {logging_mixin.py:190} INFO - [2025-04-18T12:54:39.924+0900] {dag_oracle_to_s3_python_improved.py:28} INFO - project description : (EL) locknlock oracle tables (2025) > locknlock_s3 json.gz files
[2025-04-18T12:54:39.924+0900] {logging_mixin.py:190} INFO - [2025-04-18T12:54:39.924+0900] {dag_oracle_to_s3_python_improved.py:29} INFO - project tags : ['prd', 'migration', 'oralce', 's3', 'python']
[2025-04-18T12:54:39.924+0900] {logging_mixin.py:190} INFO - [2025-04-18T12:54:39.924+0900] {dag_oracle_to_s3_python_improved.py:30} INFO - project start : 2025-04-18 12:54:39
[2025-04-18T12:54:39.935+0900] {processor.py:925} INFO - DAG(s) 'dag_oracle_to_s3_python_improved' retrieved from /home/kim/airflow_tutorial/dags/dag_oracle_to_s3_python_improved.py
[2025-04-18T12:54:40.041+0900] {logging_mixin.py:190} INFO - [2025-04-18T12:54:40.041+0900] {dag.py:3239} INFO - Sync 1 DAGs
[2025-04-18T12:54:40.118+0900] {logging_mixin.py:190} INFO - [2025-04-18T12:54:40.118+0900] {dag.py:4180} INFO - Setting next_dagrun for dag_oracle_to_s3_python_improved to 2025-04-17 15:05:00+00:00, run_after=2025-04-18 15:05:00+00:00
[2025-04-18T12:54:40.179+0900] {processor.py:208} INFO - Processing /home/kim/airflow_tutorial/dags/dag_oracle_to_s3_python_improved.py took 5.702 seconds
[2025-04-18T12:55:10.500+0900] {processor.py:186} INFO - Started process (PID=676140) to work on /home/kim/airflow_tutorial/dags/dag_oracle_to_s3_python_improved.py
[2025-04-18T12:55:10.503+0900] {processor.py:914} INFO - Processing file /home/kim/airflow_tutorial/dags/dag_oracle_to_s3_python_improved.py for tasks to queue
[2025-04-18T12:55:10.504+0900] {logging_mixin.py:190} INFO - [2025-04-18T12:55:10.504+0900] {dagbag.py:588} INFO - Filling up the DagBag from /home/kim/airflow_tutorial/dags/dag_oracle_to_s3_python_improved.py
[2025-04-18T12:55:11.086+0900] {logging_mixin.py:190} INFO - [2025-04-18T12:55:11.085+0900] {dag_oracle_to_s3_python_improved.py:25} INFO - load config file  : /home/kim/airflow_tutorial/dags/resource/dag_with_rdbms_tar_ETL_config.yaml
[2025-04-18T12:55:11.086+0900] {logging_mixin.py:190} INFO - [2025-04-18T12:55:11.086+0900] {dag_oracle_to_s3_python_improved.py:26} INFO - project name : dag_oracle_to_s3_python_improved
[2025-04-18T12:55:11.086+0900] {logging_mixin.py:190} INFO - [2025-04-18T12:55:11.086+0900] {dag_oracle_to_s3_python_improved.py:27} INFO - project version : 0.1.0
[2025-04-18T12:55:11.087+0900] {logging_mixin.py:190} INFO - [2025-04-18T12:55:11.087+0900] {dag_oracle_to_s3_python_improved.py:28} INFO - project description : (EL) locknlock oracle tables (2025) > locknlock_s3 json.gz files
[2025-04-18T12:55:11.087+0900] {logging_mixin.py:190} INFO - [2025-04-18T12:55:11.087+0900] {dag_oracle_to_s3_python_improved.py:29} INFO - project tags : ['prd', 'migration', 'oralce', 's3', 'python']
[2025-04-18T12:55:11.087+0900] {logging_mixin.py:190} INFO - [2025-04-18T12:55:11.087+0900] {dag_oracle_to_s3_python_improved.py:30} INFO - project start : 2025-04-18 12:55:11
[2025-04-18T12:55:11.094+0900] {processor.py:925} INFO - DAG(s) 'dag_oracle_to_s3_python_improved' retrieved from /home/kim/airflow_tutorial/dags/dag_oracle_to_s3_python_improved.py
[2025-04-18T12:55:11.125+0900] {logging_mixin.py:190} INFO - [2025-04-18T12:55:11.125+0900] {dag.py:3239} INFO - Sync 1 DAGs
[2025-04-18T12:55:11.151+0900] {logging_mixin.py:190} INFO - [2025-04-18T12:55:11.150+0900] {dag.py:4180} INFO - Setting next_dagrun for dag_oracle_to_s3_python_improved to 2025-04-17 15:05:00+00:00, run_after=2025-04-18 15:05:00+00:00
[2025-04-18T12:55:11.184+0900] {processor.py:208} INFO - Processing /home/kim/airflow_tutorial/dags/dag_oracle_to_s3_python_improved.py took 0.691 seconds
[2025-04-18T12:55:41.464+0900] {processor.py:186} INFO - Started process (PID=676401) to work on /home/kim/airflow_tutorial/dags/dag_oracle_to_s3_python_improved.py
[2025-04-18T12:55:41.465+0900] {processor.py:914} INFO - Processing file /home/kim/airflow_tutorial/dags/dag_oracle_to_s3_python_improved.py for tasks to queue
[2025-04-18T12:55:41.467+0900] {logging_mixin.py:190} INFO - [2025-04-18T12:55:41.467+0900] {dagbag.py:588} INFO - Filling up the DagBag from /home/kim/airflow_tutorial/dags/dag_oracle_to_s3_python_improved.py
[2025-04-18T12:55:42.135+0900] {logging_mixin.py:190} INFO - [2025-04-18T12:55:42.134+0900] {dag_oracle_to_s3_python_improved.py:25} INFO - load config file  : /home/kim/airflow_tutorial/dags/resource/dag_with_rdbms_tar_ETL_config.yaml
[2025-04-18T12:55:42.135+0900] {logging_mixin.py:190} INFO - [2025-04-18T12:55:42.135+0900] {dag_oracle_to_s3_python_improved.py:26} INFO - project name : dag_oracle_to_s3_python_improved
[2025-04-18T12:55:42.136+0900] {logging_mixin.py:190} INFO - [2025-04-18T12:55:42.135+0900] {dag_oracle_to_s3_python_improved.py:27} INFO - project version : 0.1.0
[2025-04-18T12:55:42.136+0900] {logging_mixin.py:190} INFO - [2025-04-18T12:55:42.136+0900] {dag_oracle_to_s3_python_improved.py:28} INFO - project description : (EL) locknlock oracle tables (2025) > locknlock_s3 json.gz files
[2025-04-18T12:55:42.136+0900] {logging_mixin.py:190} INFO - [2025-04-18T12:55:42.136+0900] {dag_oracle_to_s3_python_improved.py:29} INFO - project tags : ['prd', 'migration', 'oralce', 's3', 'python']
[2025-04-18T12:55:42.137+0900] {logging_mixin.py:190} INFO - [2025-04-18T12:55:42.137+0900] {dag_oracle_to_s3_python_improved.py:30} INFO - project start : 2025-04-18 12:55:42
[2025-04-18T12:55:42.144+0900] {processor.py:925} INFO - DAG(s) 'dag_oracle_to_s3_python_improved' retrieved from /home/kim/airflow_tutorial/dags/dag_oracle_to_s3_python_improved.py
[2025-04-18T12:55:42.175+0900] {logging_mixin.py:190} INFO - [2025-04-18T12:55:42.175+0900] {dag.py:3239} INFO - Sync 1 DAGs
[2025-04-18T12:55:42.207+0900] {logging_mixin.py:190} INFO - [2025-04-18T12:55:42.206+0900] {dag.py:4180} INFO - Setting next_dagrun for dag_oracle_to_s3_python_improved to 2025-04-17 15:05:00+00:00, run_after=2025-04-18 15:05:00+00:00
[2025-04-18T12:55:42.233+0900] {processor.py:208} INFO - Processing /home/kim/airflow_tutorial/dags/dag_oracle_to_s3_python_improved.py took 0.778 seconds
[2025-04-18T12:56:12.580+0900] {processor.py:186} INFO - Started process (PID=676643) to work on /home/kim/airflow_tutorial/dags/dag_oracle_to_s3_python_improved.py
[2025-04-18T12:56:12.581+0900] {processor.py:914} INFO - Processing file /home/kim/airflow_tutorial/dags/dag_oracle_to_s3_python_improved.py for tasks to queue
[2025-04-18T12:56:12.583+0900] {logging_mixin.py:190} INFO - [2025-04-18T12:56:12.583+0900] {dagbag.py:588} INFO - Filling up the DagBag from /home/kim/airflow_tutorial/dags/dag_oracle_to_s3_python_improved.py
[2025-04-18T12:56:13.235+0900] {logging_mixin.py:190} INFO - [2025-04-18T12:56:13.234+0900] {dag_oracle_to_s3_python_improved.py:25} INFO - load config file  : /home/kim/airflow_tutorial/dags/resource/dag_with_rdbms_tar_ETL_config.yaml
[2025-04-18T12:56:13.235+0900] {logging_mixin.py:190} INFO - [2025-04-18T12:56:13.235+0900] {dag_oracle_to_s3_python_improved.py:26} INFO - project name : dag_oracle_to_s3_python_improved
[2025-04-18T12:56:13.235+0900] {logging_mixin.py:190} INFO - [2025-04-18T12:56:13.235+0900] {dag_oracle_to_s3_python_improved.py:27} INFO - project version : 0.1.0
[2025-04-18T12:56:13.236+0900] {logging_mixin.py:190} INFO - [2025-04-18T12:56:13.236+0900] {dag_oracle_to_s3_python_improved.py:28} INFO - project description : (EL) locknlock oracle tables (2025) > locknlock_s3 json.gz files
[2025-04-18T12:56:13.236+0900] {logging_mixin.py:190} INFO - [2025-04-18T12:56:13.236+0900] {dag_oracle_to_s3_python_improved.py:29} INFO - project tags : ['prd', 'migration', 'oralce', 's3', 'python']
[2025-04-18T12:56:13.236+0900] {logging_mixin.py:190} INFO - [2025-04-18T12:56:13.236+0900] {dag_oracle_to_s3_python_improved.py:30} INFO - project start : 2025-04-18 12:56:13
[2025-04-18T12:56:13.241+0900] {processor.py:925} INFO - DAG(s) 'dag_oracle_to_s3_python_improved' retrieved from /home/kim/airflow_tutorial/dags/dag_oracle_to_s3_python_improved.py
[2025-04-18T12:56:13.270+0900] {logging_mixin.py:190} INFO - [2025-04-18T12:56:13.269+0900] {dag.py:3239} INFO - Sync 1 DAGs
[2025-04-18T12:56:13.297+0900] {logging_mixin.py:190} INFO - [2025-04-18T12:56:13.297+0900] {dag.py:4180} INFO - Setting next_dagrun for dag_oracle_to_s3_python_improved to 2025-04-17 15:05:00+00:00, run_after=2025-04-18 15:05:00+00:00
[2025-04-18T12:56:13.322+0900] {processor.py:208} INFO - Processing /home/kim/airflow_tutorial/dags/dag_oracle_to_s3_python_improved.py took 0.749 seconds
[2025-04-18T12:56:43.573+0900] {processor.py:186} INFO - Started process (PID=676859) to work on /home/kim/airflow_tutorial/dags/dag_oracle_to_s3_python_improved.py
[2025-04-18T12:56:43.574+0900] {processor.py:914} INFO - Processing file /home/kim/airflow_tutorial/dags/dag_oracle_to_s3_python_improved.py for tasks to queue
[2025-04-18T12:56:43.579+0900] {logging_mixin.py:190} INFO - [2025-04-18T12:56:43.579+0900] {dagbag.py:588} INFO - Filling up the DagBag from /home/kim/airflow_tutorial/dags/dag_oracle_to_s3_python_improved.py
[2025-04-18T12:56:44.191+0900] {logging_mixin.py:190} INFO - [2025-04-18T12:56:44.191+0900] {dag_oracle_to_s3_python_improved.py:25} INFO - load config file  : /home/kim/airflow_tutorial/dags/resource/dag_with_rdbms_tar_ETL_config.yaml
[2025-04-18T12:56:44.192+0900] {logging_mixin.py:190} INFO - [2025-04-18T12:56:44.192+0900] {dag_oracle_to_s3_python_improved.py:26} INFO - project name : dag_oracle_to_s3_python_improved
[2025-04-18T12:56:44.192+0900] {logging_mixin.py:190} INFO - [2025-04-18T12:56:44.192+0900] {dag_oracle_to_s3_python_improved.py:27} INFO - project version : 0.1.0
[2025-04-18T12:56:44.192+0900] {logging_mixin.py:190} INFO - [2025-04-18T12:56:44.192+0900] {dag_oracle_to_s3_python_improved.py:28} INFO - project description : (EL) locknlock oracle tables (2025) > locknlock_s3 json.gz files
[2025-04-18T12:56:44.192+0900] {logging_mixin.py:190} INFO - [2025-04-18T12:56:44.192+0900] {dag_oracle_to_s3_python_improved.py:29} INFO - project tags : ['prd', 'migration', 'oralce', 's3', 'python']
[2025-04-18T12:56:44.193+0900] {logging_mixin.py:190} INFO - [2025-04-18T12:56:44.193+0900] {dag_oracle_to_s3_python_improved.py:30} INFO - project start : 2025-04-18 12:56:44
[2025-04-18T12:56:44.198+0900] {processor.py:925} INFO - DAG(s) 'dag_oracle_to_s3_python_improved' retrieved from /home/kim/airflow_tutorial/dags/dag_oracle_to_s3_python_improved.py
[2025-04-18T12:56:44.233+0900] {logging_mixin.py:190} INFO - [2025-04-18T12:56:44.232+0900] {dag.py:3239} INFO - Sync 1 DAGs
[2025-04-18T12:56:44.260+0900] {logging_mixin.py:190} INFO - [2025-04-18T12:56:44.260+0900] {dag.py:4180} INFO - Setting next_dagrun for dag_oracle_to_s3_python_improved to 2025-04-17 15:05:00+00:00, run_after=2025-04-18 15:05:00+00:00
[2025-04-18T12:56:44.286+0900] {processor.py:208} INFO - Processing /home/kim/airflow_tutorial/dags/dag_oracle_to_s3_python_improved.py took 0.723 seconds
[2025-04-18T12:57:14.559+0900] {processor.py:186} INFO - Started process (PID=677076) to work on /home/kim/airflow_tutorial/dags/dag_oracle_to_s3_python_improved.py
[2025-04-18T12:57:14.560+0900] {processor.py:914} INFO - Processing file /home/kim/airflow_tutorial/dags/dag_oracle_to_s3_python_improved.py for tasks to queue
[2025-04-18T12:57:14.563+0900] {logging_mixin.py:190} INFO - [2025-04-18T12:57:14.562+0900] {dagbag.py:588} INFO - Filling up the DagBag from /home/kim/airflow_tutorial/dags/dag_oracle_to_s3_python_improved.py
[2025-04-18T12:57:15.239+0900] {logging_mixin.py:190} INFO - [2025-04-18T12:57:15.239+0900] {dag_oracle_to_s3_python_improved.py:25} INFO - load config file  : /home/kim/airflow_tutorial/dags/resource/dag_with_rdbms_tar_ETL_config.yaml
[2025-04-18T12:57:15.240+0900] {logging_mixin.py:190} INFO - [2025-04-18T12:57:15.239+0900] {dag_oracle_to_s3_python_improved.py:26} INFO - project name : dag_oracle_to_s3_python_improved
[2025-04-18T12:57:15.240+0900] {logging_mixin.py:190} INFO - [2025-04-18T12:57:15.240+0900] {dag_oracle_to_s3_python_improved.py:27} INFO - project version : 0.1.0
[2025-04-18T12:57:15.240+0900] {logging_mixin.py:190} INFO - [2025-04-18T12:57:15.240+0900] {dag_oracle_to_s3_python_improved.py:28} INFO - project description : (EL) locknlock oracle tables (2025) > locknlock_s3 json.gz files
[2025-04-18T12:57:15.240+0900] {logging_mixin.py:190} INFO - [2025-04-18T12:57:15.240+0900] {dag_oracle_to_s3_python_improved.py:29} INFO - project tags : ['prd', 'migration', 'oralce', 's3', 'python']
[2025-04-18T12:57:15.240+0900] {logging_mixin.py:190} INFO - [2025-04-18T12:57:15.240+0900] {dag_oracle_to_s3_python_improved.py:30} INFO - project start : 2025-04-18 12:57:15
[2025-04-18T12:57:15.245+0900] {processor.py:925} INFO - DAG(s) 'dag_oracle_to_s3_python_improved' retrieved from /home/kim/airflow_tutorial/dags/dag_oracle_to_s3_python_improved.py
[2025-04-18T12:57:15.274+0900] {logging_mixin.py:190} INFO - [2025-04-18T12:57:15.273+0900] {dag.py:3239} INFO - Sync 1 DAGs
[2025-04-18T12:57:15.298+0900] {logging_mixin.py:190} INFO - [2025-04-18T12:57:15.298+0900] {dag.py:4180} INFO - Setting next_dagrun for dag_oracle_to_s3_python_improved to 2025-04-17 15:05:00+00:00, run_after=2025-04-18 15:05:00+00:00
[2025-04-18T12:57:15.323+0900] {processor.py:208} INFO - Processing /home/kim/airflow_tutorial/dags/dag_oracle_to_s3_python_improved.py took 0.774 seconds
[2025-04-18T12:57:45.621+0900] {processor.py:186} INFO - Started process (PID=677289) to work on /home/kim/airflow_tutorial/dags/dag_oracle_to_s3_python_improved.py
[2025-04-18T12:57:45.623+0900] {processor.py:914} INFO - Processing file /home/kim/airflow_tutorial/dags/dag_oracle_to_s3_python_improved.py for tasks to queue
[2025-04-18T12:57:45.625+0900] {logging_mixin.py:190} INFO - [2025-04-18T12:57:45.625+0900] {dagbag.py:588} INFO - Filling up the DagBag from /home/kim/airflow_tutorial/dags/dag_oracle_to_s3_python_improved.py
[2025-04-18T12:57:46.252+0900] {logging_mixin.py:190} INFO - [2025-04-18T12:57:46.252+0900] {dag_oracle_to_s3_python_improved.py:25} INFO - load config file  : /home/kim/airflow_tutorial/dags/resource/dag_with_rdbms_tar_ETL_config.yaml
[2025-04-18T12:57:46.253+0900] {logging_mixin.py:190} INFO - [2025-04-18T12:57:46.253+0900] {dag_oracle_to_s3_python_improved.py:26} INFO - project name : dag_oracle_to_s3_python_improved
[2025-04-18T12:57:46.253+0900] {logging_mixin.py:190} INFO - [2025-04-18T12:57:46.253+0900] {dag_oracle_to_s3_python_improved.py:27} INFO - project version : 0.1.0
[2025-04-18T12:57:46.253+0900] {logging_mixin.py:190} INFO - [2025-04-18T12:57:46.253+0900] {dag_oracle_to_s3_python_improved.py:28} INFO - project description : (EL) locknlock oracle tables (2025) > locknlock_s3 json.gz files
[2025-04-18T12:57:46.253+0900] {logging_mixin.py:190} INFO - [2025-04-18T12:57:46.253+0900] {dag_oracle_to_s3_python_improved.py:29} INFO - project tags : ['prd', 'migration', 'oralce', 's3', 'python']
[2025-04-18T12:57:46.254+0900] {logging_mixin.py:190} INFO - [2025-04-18T12:57:46.253+0900] {dag_oracle_to_s3_python_improved.py:30} INFO - project start : 2025-04-18 12:57:46
[2025-04-18T12:57:46.260+0900] {processor.py:925} INFO - DAG(s) 'dag_oracle_to_s3_python_improved' retrieved from /home/kim/airflow_tutorial/dags/dag_oracle_to_s3_python_improved.py
[2025-04-18T12:57:46.287+0900] {logging_mixin.py:190} INFO - [2025-04-18T12:57:46.287+0900] {dag.py:3239} INFO - Sync 1 DAGs
[2025-04-18T12:57:46.313+0900] {logging_mixin.py:190} INFO - [2025-04-18T12:57:46.312+0900] {dag.py:4180} INFO - Setting next_dagrun for dag_oracle_to_s3_python_improved to 2025-04-17 15:05:00+00:00, run_after=2025-04-18 15:05:00+00:00
[2025-04-18T12:57:46.337+0900] {processor.py:208} INFO - Processing /home/kim/airflow_tutorial/dags/dag_oracle_to_s3_python_improved.py took 0.724 seconds
[2025-04-18T12:58:16.661+0900] {processor.py:186} INFO - Started process (PID=677505) to work on /home/kim/airflow_tutorial/dags/dag_oracle_to_s3_python_improved.py
[2025-04-18T12:58:16.661+0900] {processor.py:914} INFO - Processing file /home/kim/airflow_tutorial/dags/dag_oracle_to_s3_python_improved.py for tasks to queue
[2025-04-18T12:58:16.663+0900] {logging_mixin.py:190} INFO - [2025-04-18T12:58:16.663+0900] {dagbag.py:588} INFO - Filling up the DagBag from /home/kim/airflow_tutorial/dags/dag_oracle_to_s3_python_improved.py
[2025-04-18T12:58:17.160+0900] {logging_mixin.py:190} INFO - [2025-04-18T12:58:17.159+0900] {dag_oracle_to_s3_python_improved.py:25} INFO - load config file  : /home/kim/airflow_tutorial/dags/resource/dag_with_rdbms_tar_ETL_config.yaml
[2025-04-18T12:58:17.160+0900] {logging_mixin.py:190} INFO - [2025-04-18T12:58:17.160+0900] {dag_oracle_to_s3_python_improved.py:26} INFO - project name : dag_oracle_to_s3_python_improved
[2025-04-18T12:58:17.160+0900] {logging_mixin.py:190} INFO - [2025-04-18T12:58:17.160+0900] {dag_oracle_to_s3_python_improved.py:27} INFO - project version : 0.1.0
[2025-04-18T12:58:17.161+0900] {logging_mixin.py:190} INFO - [2025-04-18T12:58:17.161+0900] {dag_oracle_to_s3_python_improved.py:28} INFO - project description : (EL) locknlock oracle tables (2025) > locknlock_s3 json.gz files
[2025-04-18T12:58:17.161+0900] {logging_mixin.py:190} INFO - [2025-04-18T12:58:17.161+0900] {dag_oracle_to_s3_python_improved.py:29} INFO - project tags : ['prd', 'migration', 'oralce', 's3', 'python']
[2025-04-18T12:58:17.161+0900] {logging_mixin.py:190} INFO - [2025-04-18T12:58:17.161+0900] {dag_oracle_to_s3_python_improved.py:30} INFO - project start : 2025-04-18 12:58:17
[2025-04-18T12:58:17.165+0900] {processor.py:925} INFO - DAG(s) 'dag_oracle_to_s3_python_improved' retrieved from /home/kim/airflow_tutorial/dags/dag_oracle_to_s3_python_improved.py
[2025-04-18T12:58:17.191+0900] {logging_mixin.py:190} INFO - [2025-04-18T12:58:17.191+0900] {dag.py:3239} INFO - Sync 1 DAGs
[2025-04-18T12:58:17.212+0900] {logging_mixin.py:190} INFO - [2025-04-18T12:58:17.212+0900] {dag.py:4180} INFO - Setting next_dagrun for dag_oracle_to_s3_python_improved to 2025-04-17 15:05:00+00:00, run_after=2025-04-18 15:05:00+00:00
[2025-04-18T12:58:17.236+0900] {processor.py:208} INFO - Processing /home/kim/airflow_tutorial/dags/dag_oracle_to_s3_python_improved.py took 0.580 seconds
[2025-04-18T12:58:47.567+0900] {processor.py:186} INFO - Started process (PID=677715) to work on /home/kim/airflow_tutorial/dags/dag_oracle_to_s3_python_improved.py
[2025-04-18T12:58:47.568+0900] {processor.py:914} INFO - Processing file /home/kim/airflow_tutorial/dags/dag_oracle_to_s3_python_improved.py for tasks to queue
[2025-04-18T12:58:47.571+0900] {logging_mixin.py:190} INFO - [2025-04-18T12:58:47.571+0900] {dagbag.py:588} INFO - Filling up the DagBag from /home/kim/airflow_tutorial/dags/dag_oracle_to_s3_python_improved.py
[2025-04-18T12:58:48.152+0900] {logging_mixin.py:190} INFO - [2025-04-18T12:58:48.151+0900] {dag_oracle_to_s3_python_improved.py:25} INFO - load config file  : /home/kim/airflow_tutorial/dags/resource/dag_with_rdbms_tar_ETL_config.yaml
[2025-04-18T12:58:48.152+0900] {logging_mixin.py:190} INFO - [2025-04-18T12:58:48.152+0900] {dag_oracle_to_s3_python_improved.py:26} INFO - project name : dag_oracle_to_s3_python_improved
[2025-04-18T12:58:48.153+0900] {logging_mixin.py:190} INFO - [2025-04-18T12:58:48.153+0900] {dag_oracle_to_s3_python_improved.py:27} INFO - project version : 0.1.0
[2025-04-18T12:58:48.153+0900] {logging_mixin.py:190} INFO - [2025-04-18T12:58:48.153+0900] {dag_oracle_to_s3_python_improved.py:28} INFO - project description : (EL) locknlock oracle tables (2025) > locknlock_s3 json.gz files
[2025-04-18T12:58:48.153+0900] {logging_mixin.py:190} INFO - [2025-04-18T12:58:48.153+0900] {dag_oracle_to_s3_python_improved.py:29} INFO - project tags : ['prd', 'migration', 'oralce', 's3', 'python']
[2025-04-18T12:58:48.153+0900] {logging_mixin.py:190} INFO - [2025-04-18T12:58:48.153+0900] {dag_oracle_to_s3_python_improved.py:30} INFO - project start : 2025-04-18 12:58:48
[2025-04-18T12:58:48.158+0900] {processor.py:925} INFO - DAG(s) 'dag_oracle_to_s3_python_improved' retrieved from /home/kim/airflow_tutorial/dags/dag_oracle_to_s3_python_improved.py
[2025-04-18T12:58:48.187+0900] {logging_mixin.py:190} INFO - [2025-04-18T12:58:48.187+0900] {dag.py:3239} INFO - Sync 1 DAGs
[2025-04-18T12:58:48.212+0900] {logging_mixin.py:190} INFO - [2025-04-18T12:58:48.211+0900] {dag.py:4180} INFO - Setting next_dagrun for dag_oracle_to_s3_python_improved to 2025-04-17 15:05:00+00:00, run_after=2025-04-18 15:05:00+00:00
[2025-04-18T12:58:48.236+0900] {processor.py:208} INFO - Processing /home/kim/airflow_tutorial/dags/dag_oracle_to_s3_python_improved.py took 0.678 seconds
[2025-04-18T12:59:18.531+0900] {processor.py:186} INFO - Started process (PID=677926) to work on /home/kim/airflow_tutorial/dags/dag_oracle_to_s3_python_improved.py
[2025-04-18T12:59:18.532+0900] {processor.py:914} INFO - Processing file /home/kim/airflow_tutorial/dags/dag_oracle_to_s3_python_improved.py for tasks to queue
[2025-04-18T12:59:18.535+0900] {logging_mixin.py:190} INFO - [2025-04-18T12:59:18.535+0900] {dagbag.py:588} INFO - Filling up the DagBag from /home/kim/airflow_tutorial/dags/dag_oracle_to_s3_python_improved.py
[2025-04-18T12:59:19.219+0900] {logging_mixin.py:190} INFO - [2025-04-18T12:59:19.218+0900] {dag_oracle_to_s3_python_improved.py:25} INFO - load config file  : /home/kim/airflow_tutorial/dags/resource/dag_with_rdbms_tar_ETL_config.yaml
[2025-04-18T12:59:19.219+0900] {logging_mixin.py:190} INFO - [2025-04-18T12:59:19.219+0900] {dag_oracle_to_s3_python_improved.py:26} INFO - project name : dag_oracle_to_s3_python_improved
[2025-04-18T12:59:19.220+0900] {logging_mixin.py:190} INFO - [2025-04-18T12:59:19.220+0900] {dag_oracle_to_s3_python_improved.py:27} INFO - project version : 0.1.0
[2025-04-18T12:59:19.220+0900] {logging_mixin.py:190} INFO - [2025-04-18T12:59:19.220+0900] {dag_oracle_to_s3_python_improved.py:28} INFO - project description : (EL) locknlock oracle tables (2025) > locknlock_s3 json.gz files
[2025-04-18T12:59:19.220+0900] {logging_mixin.py:190} INFO - [2025-04-18T12:59:19.220+0900] {dag_oracle_to_s3_python_improved.py:29} INFO - project tags : ['prd', 'migration', 'oralce', 's3', 'python']
[2025-04-18T12:59:19.221+0900] {logging_mixin.py:190} INFO - [2025-04-18T12:59:19.221+0900] {dag_oracle_to_s3_python_improved.py:30} INFO - project start : 2025-04-18 12:59:19
[2025-04-18T12:59:19.229+0900] {processor.py:925} INFO - DAG(s) 'dag_oracle_to_s3_python_improved' retrieved from /home/kim/airflow_tutorial/dags/dag_oracle_to_s3_python_improved.py
[2025-04-18T12:59:19.266+0900] {logging_mixin.py:190} INFO - [2025-04-18T12:59:19.266+0900] {dag.py:3239} INFO - Sync 1 DAGs
[2025-04-18T12:59:19.299+0900] {logging_mixin.py:190} INFO - [2025-04-18T12:59:19.299+0900] {dag.py:4180} INFO - Setting next_dagrun for dag_oracle_to_s3_python_improved to 2025-04-17 15:05:00+00:00, run_after=2025-04-18 15:05:00+00:00
[2025-04-18T12:59:19.333+0900] {processor.py:208} INFO - Processing /home/kim/airflow_tutorial/dags/dag_oracle_to_s3_python_improved.py took 0.813 seconds
[2025-04-18T12:59:49.633+0900] {processor.py:186} INFO - Started process (PID=678142) to work on /home/kim/airflow_tutorial/dags/dag_oracle_to_s3_python_improved.py
[2025-04-18T12:59:49.634+0900] {processor.py:914} INFO - Processing file /home/kim/airflow_tutorial/dags/dag_oracle_to_s3_python_improved.py for tasks to queue
[2025-04-18T12:59:49.637+0900] {logging_mixin.py:190} INFO - [2025-04-18T12:59:49.637+0900] {dagbag.py:588} INFO - Filling up the DagBag from /home/kim/airflow_tutorial/dags/dag_oracle_to_s3_python_improved.py
[2025-04-18T12:59:50.237+0900] {logging_mixin.py:190} INFO - [2025-04-18T12:59:50.237+0900] {dag_oracle_to_s3_python_improved.py:25} INFO - load config file  : /home/kim/airflow_tutorial/dags/resource/dag_with_rdbms_tar_ETL_config.yaml
[2025-04-18T12:59:50.238+0900] {logging_mixin.py:190} INFO - [2025-04-18T12:59:50.238+0900] {dag_oracle_to_s3_python_improved.py:26} INFO - project name : dag_oracle_to_s3_python_improved
[2025-04-18T12:59:50.238+0900] {logging_mixin.py:190} INFO - [2025-04-18T12:59:50.238+0900] {dag_oracle_to_s3_python_improved.py:27} INFO - project version : 0.1.0
[2025-04-18T12:59:50.238+0900] {logging_mixin.py:190} INFO - [2025-04-18T12:59:50.238+0900] {dag_oracle_to_s3_python_improved.py:28} INFO - project description : (EL) locknlock oracle tables (2025) > locknlock_s3 json.gz files
[2025-04-18T12:59:50.238+0900] {logging_mixin.py:190} INFO - [2025-04-18T12:59:50.238+0900] {dag_oracle_to_s3_python_improved.py:29} INFO - project tags : ['prd', 'migration', 'oralce', 's3', 'python']
[2025-04-18T12:59:50.239+0900] {logging_mixin.py:190} INFO - [2025-04-18T12:59:50.238+0900] {dag_oracle_to_s3_python_improved.py:30} INFO - project start : 2025-04-18 12:59:50
[2025-04-18T12:59:50.243+0900] {processor.py:925} INFO - DAG(s) 'dag_oracle_to_s3_python_improved' retrieved from /home/kim/airflow_tutorial/dags/dag_oracle_to_s3_python_improved.py
[2025-04-18T12:59:50.270+0900] {logging_mixin.py:190} INFO - [2025-04-18T12:59:50.269+0900] {dag.py:3239} INFO - Sync 1 DAGs
[2025-04-18T12:59:50.293+0900] {logging_mixin.py:190} INFO - [2025-04-18T12:59:50.293+0900] {dag.py:4180} INFO - Setting next_dagrun for dag_oracle_to_s3_python_improved to 2025-04-17 15:05:00+00:00, run_after=2025-04-18 15:05:00+00:00
[2025-04-18T12:59:50.314+0900] {processor.py:208} INFO - Processing /home/kim/airflow_tutorial/dags/dag_oracle_to_s3_python_improved.py took 0.690 seconds
[2025-04-18T13:00:20.642+0900] {processor.py:186} INFO - Started process (PID=678352) to work on /home/kim/airflow_tutorial/dags/dag_oracle_to_s3_python_improved.py
[2025-04-18T13:00:20.644+0900] {processor.py:914} INFO - Processing file /home/kim/airflow_tutorial/dags/dag_oracle_to_s3_python_improved.py for tasks to queue
[2025-04-18T13:00:20.645+0900] {logging_mixin.py:190} INFO - [2025-04-18T13:00:20.645+0900] {dagbag.py:588} INFO - Filling up the DagBag from /home/kim/airflow_tutorial/dags/dag_oracle_to_s3_python_improved.py
[2025-04-18T13:00:21.109+0900] {logging_mixin.py:190} INFO - [2025-04-18T13:00:21.108+0900] {dag_oracle_to_s3_python_improved.py:25} INFO - load config file  : /home/kim/airflow_tutorial/dags/resource/dag_with_rdbms_tar_ETL_config.yaml
[2025-04-18T13:00:21.109+0900] {logging_mixin.py:190} INFO - [2025-04-18T13:00:21.109+0900] {dag_oracle_to_s3_python_improved.py:26} INFO - project name : dag_oracle_to_s3_python_improved
[2025-04-18T13:00:21.109+0900] {logging_mixin.py:190} INFO - [2025-04-18T13:00:21.109+0900] {dag_oracle_to_s3_python_improved.py:27} INFO - project version : 0.1.0
[2025-04-18T13:00:21.109+0900] {logging_mixin.py:190} INFO - [2025-04-18T13:00:21.109+0900] {dag_oracle_to_s3_python_improved.py:28} INFO - project description : (EL) locknlock oracle tables (2025) > locknlock_s3 json.gz files
[2025-04-18T13:00:21.110+0900] {logging_mixin.py:190} INFO - [2025-04-18T13:00:21.109+0900] {dag_oracle_to_s3_python_improved.py:29} INFO - project tags : ['prd', 'migration', 'oralce', 's3', 'python']
[2025-04-18T13:00:21.110+0900] {logging_mixin.py:190} INFO - [2025-04-18T13:00:21.110+0900] {dag_oracle_to_s3_python_improved.py:30} INFO - project start : 2025-04-18 13:00:21
[2025-04-18T13:00:21.115+0900] {processor.py:925} INFO - DAG(s) 'dag_oracle_to_s3_python_improved' retrieved from /home/kim/airflow_tutorial/dags/dag_oracle_to_s3_python_improved.py
[2025-04-18T13:00:21.143+0900] {logging_mixin.py:190} INFO - [2025-04-18T13:00:21.143+0900] {dag.py:3239} INFO - Sync 1 DAGs
[2025-04-18T13:00:21.166+0900] {logging_mixin.py:190} INFO - [2025-04-18T13:00:21.166+0900] {dag.py:4180} INFO - Setting next_dagrun for dag_oracle_to_s3_python_improved to 2025-04-17 15:05:00+00:00, run_after=2025-04-18 15:05:00+00:00
[2025-04-18T13:00:21.190+0900] {processor.py:208} INFO - Processing /home/kim/airflow_tutorial/dags/dag_oracle_to_s3_python_improved.py took 0.553 seconds
[2025-04-18T13:00:51.532+0900] {processor.py:186} INFO - Started process (PID=678568) to work on /home/kim/airflow_tutorial/dags/dag_oracle_to_s3_python_improved.py
[2025-04-18T13:00:51.533+0900] {processor.py:914} INFO - Processing file /home/kim/airflow_tutorial/dags/dag_oracle_to_s3_python_improved.py for tasks to queue
[2025-04-18T13:00:51.535+0900] {logging_mixin.py:190} INFO - [2025-04-18T13:00:51.535+0900] {dagbag.py:588} INFO - Filling up the DagBag from /home/kim/airflow_tutorial/dags/dag_oracle_to_s3_python_improved.py
[2025-04-18T13:00:52.058+0900] {logging_mixin.py:190} INFO - [2025-04-18T13:00:52.057+0900] {dag_oracle_to_s3_python_improved.py:25} INFO - load config file  : /home/kim/airflow_tutorial/dags/resource/dag_with_rdbms_tar_ETL_config.yaml
[2025-04-18T13:00:52.058+0900] {logging_mixin.py:190} INFO - [2025-04-18T13:00:52.058+0900] {dag_oracle_to_s3_python_improved.py:26} INFO - project name : dag_oracle_to_s3_python_improved
[2025-04-18T13:00:52.058+0900] {logging_mixin.py:190} INFO - [2025-04-18T13:00:52.058+0900] {dag_oracle_to_s3_python_improved.py:27} INFO - project version : 0.1.0
[2025-04-18T13:00:52.058+0900] {logging_mixin.py:190} INFO - [2025-04-18T13:00:52.058+0900] {dag_oracle_to_s3_python_improved.py:28} INFO - project description : (EL) locknlock oracle tables (2025) > locknlock_s3 json.gz files
[2025-04-18T13:00:52.058+0900] {logging_mixin.py:190} INFO - [2025-04-18T13:00:52.058+0900] {dag_oracle_to_s3_python_improved.py:29} INFO - project tags : ['prd', 'migration', 'oralce', 's3', 'python']
[2025-04-18T13:00:52.059+0900] {logging_mixin.py:190} INFO - [2025-04-18T13:00:52.059+0900] {dag_oracle_to_s3_python_improved.py:30} INFO - project start : 2025-04-18 13:00:52
[2025-04-18T13:00:52.064+0900] {processor.py:925} INFO - DAG(s) 'dag_oracle_to_s3_python_improved' retrieved from /home/kim/airflow_tutorial/dags/dag_oracle_to_s3_python_improved.py
[2025-04-18T13:00:52.087+0900] {logging_mixin.py:190} INFO - [2025-04-18T13:00:52.086+0900] {dag.py:3239} INFO - Sync 1 DAGs
[2025-04-18T13:00:52.106+0900] {logging_mixin.py:190} INFO - [2025-04-18T13:00:52.105+0900] {dag.py:4180} INFO - Setting next_dagrun for dag_oracle_to_s3_python_improved to 2025-04-17 15:05:00+00:00, run_after=2025-04-18 15:05:00+00:00
[2025-04-18T13:00:52.126+0900] {processor.py:208} INFO - Processing /home/kim/airflow_tutorial/dags/dag_oracle_to_s3_python_improved.py took 0.603 seconds
[2025-04-18T13:01:22.418+0900] {processor.py:186} INFO - Started process (PID=678787) to work on /home/kim/airflow_tutorial/dags/dag_oracle_to_s3_python_improved.py
[2025-04-18T13:01:22.423+0900] {processor.py:914} INFO - Processing file /home/kim/airflow_tutorial/dags/dag_oracle_to_s3_python_improved.py for tasks to queue
[2025-04-18T13:01:22.427+0900] {logging_mixin.py:190} INFO - [2025-04-18T13:01:22.426+0900] {dagbag.py:588} INFO - Filling up the DagBag from /home/kim/airflow_tutorial/dags/dag_oracle_to_s3_python_improved.py
[2025-04-18T13:01:23.016+0900] {logging_mixin.py:190} INFO - [2025-04-18T13:01:23.016+0900] {dag_oracle_to_s3_python_improved.py:25} INFO - load config file  : /home/kim/airflow_tutorial/dags/resource/dag_with_rdbms_tar_ETL_config.yaml
[2025-04-18T13:01:23.017+0900] {logging_mixin.py:190} INFO - [2025-04-18T13:01:23.017+0900] {dag_oracle_to_s3_python_improved.py:26} INFO - project name : dag_oracle_to_s3_python_improved
[2025-04-18T13:01:23.017+0900] {logging_mixin.py:190} INFO - [2025-04-18T13:01:23.017+0900] {dag_oracle_to_s3_python_improved.py:27} INFO - project version : 0.1.0
[2025-04-18T13:01:23.017+0900] {logging_mixin.py:190} INFO - [2025-04-18T13:01:23.017+0900] {dag_oracle_to_s3_python_improved.py:28} INFO - project description : (EL) locknlock oracle tables (2025) > locknlock_s3 json.gz files
[2025-04-18T13:01:23.017+0900] {logging_mixin.py:190} INFO - [2025-04-18T13:01:23.017+0900] {dag_oracle_to_s3_python_improved.py:29} INFO - project tags : ['prd', 'migration', 'oralce', 's3', 'python']
[2025-04-18T13:01:23.018+0900] {logging_mixin.py:190} INFO - [2025-04-18T13:01:23.018+0900] {dag_oracle_to_s3_python_improved.py:30} INFO - project start : 2025-04-18 13:01:23
[2025-04-18T13:01:23.025+0900] {processor.py:925} INFO - DAG(s) 'dag_oracle_to_s3_python_improved' retrieved from /home/kim/airflow_tutorial/dags/dag_oracle_to_s3_python_improved.py
[2025-04-18T13:01:23.064+0900] {logging_mixin.py:190} INFO - [2025-04-18T13:01:23.064+0900] {dag.py:3239} INFO - Sync 1 DAGs
[2025-04-18T13:01:23.099+0900] {logging_mixin.py:190} INFO - [2025-04-18T13:01:23.099+0900] {dag.py:4180} INFO - Setting next_dagrun for dag_oracle_to_s3_python_improved to 2025-04-17 15:05:00+00:00, run_after=2025-04-18 15:05:00+00:00
[2025-04-18T13:01:23.126+0900] {processor.py:208} INFO - Processing /home/kim/airflow_tutorial/dags/dag_oracle_to_s3_python_improved.py took 0.682 seconds
[2025-04-18T13:01:53.508+0900] {processor.py:186} INFO - Started process (PID=680014) to work on /home/kim/airflow_tutorial/dags/dag_oracle_to_s3_python_improved.py
[2025-04-18T13:01:53.509+0900] {processor.py:914} INFO - Processing file /home/kim/airflow_tutorial/dags/dag_oracle_to_s3_python_improved.py for tasks to queue
[2025-04-18T13:01:53.511+0900] {logging_mixin.py:190} INFO - [2025-04-18T13:01:53.511+0900] {dagbag.py:588} INFO - Filling up the DagBag from /home/kim/airflow_tutorial/dags/dag_oracle_to_s3_python_improved.py
[2025-04-18T13:01:54.235+0900] {logging_mixin.py:190} INFO - [2025-04-18T13:01:54.234+0900] {dag_oracle_to_s3_python_improved.py:25} INFO - load config file  : /home/kim/airflow_tutorial/dags/resource/dag_with_rdbms_tar_ETL_config.yaml
[2025-04-18T13:01:54.235+0900] {logging_mixin.py:190} INFO - [2025-04-18T13:01:54.235+0900] {dag_oracle_to_s3_python_improved.py:26} INFO - project name : dag_oracle_to_s3_python_improved
[2025-04-18T13:01:54.235+0900] {logging_mixin.py:190} INFO - [2025-04-18T13:01:54.235+0900] {dag_oracle_to_s3_python_improved.py:27} INFO - project version : 0.1.0
[2025-04-18T13:01:54.236+0900] {logging_mixin.py:190} INFO - [2025-04-18T13:01:54.235+0900] {dag_oracle_to_s3_python_improved.py:28} INFO - project description : (EL) locknlock oracle tables (2025) > locknlock_s3 json.gz files
[2025-04-18T13:01:54.236+0900] {logging_mixin.py:190} INFO - [2025-04-18T13:01:54.236+0900] {dag_oracle_to_s3_python_improved.py:29} INFO - project tags : ['prd', 'migration', 'oralce', 's3', 'python']
[2025-04-18T13:01:54.236+0900] {logging_mixin.py:190} INFO - [2025-04-18T13:01:54.236+0900] {dag_oracle_to_s3_python_improved.py:30} INFO - project start : 2025-04-18 13:01:54
[2025-04-18T13:01:54.244+0900] {processor.py:925} INFO - DAG(s) 'dag_oracle_to_s3_python_improved' retrieved from /home/kim/airflow_tutorial/dags/dag_oracle_to_s3_python_improved.py
[2025-04-18T13:01:54.285+0900] {logging_mixin.py:190} INFO - [2025-04-18T13:01:54.285+0900] {dag.py:3239} INFO - Sync 1 DAGs
[2025-04-18T13:01:54.321+0900] {logging_mixin.py:190} INFO - [2025-04-18T13:01:54.320+0900] {dag.py:4180} INFO - Setting next_dagrun for dag_oracle_to_s3_python_improved to 2025-04-17 15:05:00+00:00, run_after=2025-04-18 15:05:00+00:00
[2025-04-18T13:01:54.357+0900] {processor.py:208} INFO - Processing /home/kim/airflow_tutorial/dags/dag_oracle_to_s3_python_improved.py took 0.857 seconds
[2025-04-18T13:02:24.779+0900] {processor.py:186} INFO - Started process (PID=683743) to work on /home/kim/airflow_tutorial/dags/dag_oracle_to_s3_python_improved.py
[2025-04-18T13:02:24.780+0900] {processor.py:914} INFO - Processing file /home/kim/airflow_tutorial/dags/dag_oracle_to_s3_python_improved.py for tasks to queue
[2025-04-18T13:02:24.784+0900] {logging_mixin.py:190} INFO - [2025-04-18T13:02:24.783+0900] {dagbag.py:588} INFO - Filling up the DagBag from /home/kim/airflow_tutorial/dags/dag_oracle_to_s3_python_improved.py
[2025-04-18T13:02:25.476+0900] {logging_mixin.py:190} INFO - [2025-04-18T13:02:25.475+0900] {dag_oracle_to_s3_python_improved.py:25} INFO - load config file  : /home/kim/airflow_tutorial/dags/resource/dag_with_rdbms_tar_ETL_config.yaml
[2025-04-18T13:02:25.476+0900] {logging_mixin.py:190} INFO - [2025-04-18T13:02:25.476+0900] {dag_oracle_to_s3_python_improved.py:26} INFO - project name : dag_oracle_to_s3_python_improved
[2025-04-18T13:02:25.476+0900] {logging_mixin.py:190} INFO - [2025-04-18T13:02:25.476+0900] {dag_oracle_to_s3_python_improved.py:27} INFO - project version : 0.1.0
[2025-04-18T13:02:25.477+0900] {logging_mixin.py:190} INFO - [2025-04-18T13:02:25.476+0900] {dag_oracle_to_s3_python_improved.py:28} INFO - project description : (EL) locknlock oracle tables (2025) > locknlock_s3 json.gz files
[2025-04-18T13:02:25.477+0900] {logging_mixin.py:190} INFO - [2025-04-18T13:02:25.477+0900] {dag_oracle_to_s3_python_improved.py:29} INFO - project tags : ['prd', 'migration', 'oralce', 's3', 'python']
[2025-04-18T13:02:25.477+0900] {logging_mixin.py:190} INFO - [2025-04-18T13:02:25.477+0900] {dag_oracle_to_s3_python_improved.py:30} INFO - project start : 2025-04-18 13:02:25
[2025-04-18T13:02:25.485+0900] {processor.py:925} INFO - DAG(s) 'dag_oracle_to_s3_python_improved' retrieved from /home/kim/airflow_tutorial/dags/dag_oracle_to_s3_python_improved.py
[2025-04-18T13:02:25.519+0900] {logging_mixin.py:190} INFO - [2025-04-18T13:02:25.519+0900] {dag.py:3239} INFO - Sync 1 DAGs
[2025-04-18T13:02:25.557+0900] {logging_mixin.py:190} INFO - [2025-04-18T13:02:25.557+0900] {dag.py:4180} INFO - Setting next_dagrun for dag_oracle_to_s3_python_improved to 2025-04-17 15:05:00+00:00, run_after=2025-04-18 15:05:00+00:00
[2025-04-18T13:02:25.591+0900] {processor.py:208} INFO - Processing /home/kim/airflow_tutorial/dags/dag_oracle_to_s3_python_improved.py took 0.822 seconds
[2025-04-18T13:02:55.951+0900] {processor.py:186} INFO - Started process (PID=687960) to work on /home/kim/airflow_tutorial/dags/dag_oracle_to_s3_python_improved.py
[2025-04-18T13:02:55.953+0900] {processor.py:914} INFO - Processing file /home/kim/airflow_tutorial/dags/dag_oracle_to_s3_python_improved.py for tasks to queue
[2025-04-18T13:02:55.955+0900] {logging_mixin.py:190} INFO - [2025-04-18T13:02:55.955+0900] {dagbag.py:588} INFO - Filling up the DagBag from /home/kim/airflow_tutorial/dags/dag_oracle_to_s3_python_improved.py
[2025-04-18T13:02:56.784+0900] {logging_mixin.py:190} INFO - [2025-04-18T13:02:56.783+0900] {dag_oracle_to_s3_python_improved.py:25} INFO - load config file  : /home/kim/airflow_tutorial/dags/resource/dag_with_rdbms_tar_ETL_config.yaml
[2025-04-18T13:02:56.785+0900] {logging_mixin.py:190} INFO - [2025-04-18T13:02:56.785+0900] {dag_oracle_to_s3_python_improved.py:26} INFO - project name : dag_oracle_to_s3_python_improved
[2025-04-18T13:02:56.786+0900] {logging_mixin.py:190} INFO - [2025-04-18T13:02:56.785+0900] {dag_oracle_to_s3_python_improved.py:27} INFO - project version : 0.1.0
[2025-04-18T13:02:56.786+0900] {logging_mixin.py:190} INFO - [2025-04-18T13:02:56.786+0900] {dag_oracle_to_s3_python_improved.py:28} INFO - project description : (EL) locknlock oracle tables (2025) > locknlock_s3 json.gz files
[2025-04-18T13:02:56.786+0900] {logging_mixin.py:190} INFO - [2025-04-18T13:02:56.786+0900] {dag_oracle_to_s3_python_improved.py:29} INFO - project tags : ['prd', 'migration', 'oralce', 's3', 'python']
[2025-04-18T13:02:56.786+0900] {logging_mixin.py:190} INFO - [2025-04-18T13:02:56.786+0900] {dag_oracle_to_s3_python_improved.py:30} INFO - project start : 2025-04-18 13:02:56
[2025-04-18T13:02:56.794+0900] {processor.py:925} INFO - DAG(s) 'dag_oracle_to_s3_python_improved' retrieved from /home/kim/airflow_tutorial/dags/dag_oracle_to_s3_python_improved.py
[2025-04-18T13:02:56.833+0900] {logging_mixin.py:190} INFO - [2025-04-18T13:02:56.832+0900] {dag.py:3239} INFO - Sync 1 DAGs
[2025-04-18T13:02:56.867+0900] {logging_mixin.py:190} INFO - [2025-04-18T13:02:56.867+0900] {dag.py:4180} INFO - Setting next_dagrun for dag_oracle_to_s3_python_improved to 2025-04-17 15:05:00+00:00, run_after=2025-04-18 15:05:00+00:00
[2025-04-18T13:02:56.899+0900] {processor.py:208} INFO - Processing /home/kim/airflow_tutorial/dags/dag_oracle_to_s3_python_improved.py took 0.958 seconds
[2025-04-18T13:03:27.258+0900] {processor.py:186} INFO - Started process (PID=692380) to work on /home/kim/airflow_tutorial/dags/dag_oracle_to_s3_python_improved.py
[2025-04-18T13:03:27.259+0900] {processor.py:914} INFO - Processing file /home/kim/airflow_tutorial/dags/dag_oracle_to_s3_python_improved.py for tasks to queue
[2025-04-18T13:03:27.262+0900] {logging_mixin.py:190} INFO - [2025-04-18T13:03:27.262+0900] {dagbag.py:588} INFO - Filling up the DagBag from /home/kim/airflow_tutorial/dags/dag_oracle_to_s3_python_improved.py
[2025-04-18T13:03:27.920+0900] {logging_mixin.py:190} INFO - [2025-04-18T13:03:27.919+0900] {dag_oracle_to_s3_python_improved.py:25} INFO - load config file  : /home/kim/airflow_tutorial/dags/resource/dag_with_rdbms_tar_ETL_config.yaml
[2025-04-18T13:03:27.920+0900] {logging_mixin.py:190} INFO - [2025-04-18T13:03:27.920+0900] {dag_oracle_to_s3_python_improved.py:26} INFO - project name : dag_oracle_to_s3_python_improved
[2025-04-18T13:03:27.921+0900] {logging_mixin.py:190} INFO - [2025-04-18T13:03:27.921+0900] {dag_oracle_to_s3_python_improved.py:27} INFO - project version : 0.1.0
[2025-04-18T13:03:27.921+0900] {logging_mixin.py:190} INFO - [2025-04-18T13:03:27.921+0900] {dag_oracle_to_s3_python_improved.py:28} INFO - project description : (EL) locknlock oracle tables (2025) > locknlock_s3 json.gz files
[2025-04-18T13:03:27.921+0900] {logging_mixin.py:190} INFO - [2025-04-18T13:03:27.921+0900] {dag_oracle_to_s3_python_improved.py:29} INFO - project tags : ['prd', 'migration', 'oralce', 's3', 'python']
[2025-04-18T13:03:27.921+0900] {logging_mixin.py:190} INFO - [2025-04-18T13:03:27.921+0900] {dag_oracle_to_s3_python_improved.py:30} INFO - project start : 2025-04-18 13:03:27
[2025-04-18T13:03:27.927+0900] {processor.py:925} INFO - DAG(s) 'dag_oracle_to_s3_python_improved' retrieved from /home/kim/airflow_tutorial/dags/dag_oracle_to_s3_python_improved.py
[2025-04-18T13:03:27.961+0900] {logging_mixin.py:190} INFO - [2025-04-18T13:03:27.960+0900] {dag.py:3239} INFO - Sync 1 DAGs
[2025-04-18T13:03:27.996+0900] {logging_mixin.py:190} INFO - [2025-04-18T13:03:27.996+0900] {dag.py:4180} INFO - Setting next_dagrun for dag_oracle_to_s3_python_improved to 2025-04-17 15:05:00+00:00, run_after=2025-04-18 15:05:00+00:00
[2025-04-18T13:03:28.032+0900] {processor.py:208} INFO - Processing /home/kim/airflow_tutorial/dags/dag_oracle_to_s3_python_improved.py took 0.784 seconds
[2025-04-18T13:03:58.422+0900] {processor.py:186} INFO - Started process (PID=696611) to work on /home/kim/airflow_tutorial/dags/dag_oracle_to_s3_python_improved.py
[2025-04-18T13:03:58.424+0900] {processor.py:914} INFO - Processing file /home/kim/airflow_tutorial/dags/dag_oracle_to_s3_python_improved.py for tasks to queue
[2025-04-18T13:03:58.429+0900] {logging_mixin.py:190} INFO - [2025-04-18T13:03:58.428+0900] {dagbag.py:588} INFO - Filling up the DagBag from /home/kim/airflow_tutorial/dags/dag_oracle_to_s3_python_improved.py
[2025-04-18T13:03:59.282+0900] {logging_mixin.py:190} INFO - [2025-04-18T13:03:59.281+0900] {dag_oracle_to_s3_python_improved.py:25} INFO - load config file  : /home/kim/airflow_tutorial/dags/resource/dag_with_rdbms_tar_ETL_config.yaml
[2025-04-18T13:03:59.283+0900] {logging_mixin.py:190} INFO - [2025-04-18T13:03:59.283+0900] {dag_oracle_to_s3_python_improved.py:26} INFO - project name : dag_oracle_to_s3_python_improved
[2025-04-18T13:03:59.283+0900] {logging_mixin.py:190} INFO - [2025-04-18T13:03:59.283+0900] {dag_oracle_to_s3_python_improved.py:27} INFO - project version : 0.1.0
[2025-04-18T13:03:59.284+0900] {logging_mixin.py:190} INFO - [2025-04-18T13:03:59.283+0900] {dag_oracle_to_s3_python_improved.py:28} INFO - project description : (EL) locknlock oracle tables (2025) > locknlock_s3 json.gz files
[2025-04-18T13:03:59.284+0900] {logging_mixin.py:190} INFO - [2025-04-18T13:03:59.284+0900] {dag_oracle_to_s3_python_improved.py:29} INFO - project tags : ['prd', 'migration', 'oralce', 's3', 'python']
[2025-04-18T13:03:59.285+0900] {logging_mixin.py:190} INFO - [2025-04-18T13:03:59.285+0900] {dag_oracle_to_s3_python_improved.py:30} INFO - project start : 2025-04-18 13:03:59
[2025-04-18T13:03:59.293+0900] {processor.py:925} INFO - DAG(s) 'dag_oracle_to_s3_python_improved' retrieved from /home/kim/airflow_tutorial/dags/dag_oracle_to_s3_python_improved.py
[2025-04-18T13:03:59.331+0900] {logging_mixin.py:190} INFO - [2025-04-18T13:03:59.331+0900] {dag.py:3239} INFO - Sync 1 DAGs
[2025-04-18T13:03:59.373+0900] {logging_mixin.py:190} INFO - [2025-04-18T13:03:59.373+0900] {dag.py:4180} INFO - Setting next_dagrun for dag_oracle_to_s3_python_improved to 2025-04-17 15:05:00+00:00, run_after=2025-04-18 15:05:00+00:00
[2025-04-18T13:03:59.408+0900] {processor.py:208} INFO - Processing /home/kim/airflow_tutorial/dags/dag_oracle_to_s3_python_improved.py took 1.002 seconds
[2025-04-18T13:04:29.751+0900] {processor.py:186} INFO - Started process (PID=700378) to work on /home/kim/airflow_tutorial/dags/dag_oracle_to_s3_python_improved.py
[2025-04-18T13:04:29.752+0900] {processor.py:914} INFO - Processing file /home/kim/airflow_tutorial/dags/dag_oracle_to_s3_python_improved.py for tasks to queue
[2025-04-18T13:04:29.754+0900] {logging_mixin.py:190} INFO - [2025-04-18T13:04:29.754+0900] {dagbag.py:588} INFO - Filling up the DagBag from /home/kim/airflow_tutorial/dags/dag_oracle_to_s3_python_improved.py
[2025-04-18T13:04:30.424+0900] {logging_mixin.py:190} INFO - [2025-04-18T13:04:30.423+0900] {dag_oracle_to_s3_python_improved.py:25} INFO - load config file  : /home/kim/airflow_tutorial/dags/resource/dag_with_rdbms_tar_ETL_config.yaml
[2025-04-18T13:04:30.425+0900] {logging_mixin.py:190} INFO - [2025-04-18T13:04:30.425+0900] {dag_oracle_to_s3_python_improved.py:26} INFO - project name : dag_oracle_to_s3_python_improved
[2025-04-18T13:04:30.425+0900] {logging_mixin.py:190} INFO - [2025-04-18T13:04:30.425+0900] {dag_oracle_to_s3_python_improved.py:27} INFO - project version : 0.1.0
[2025-04-18T13:04:30.426+0900] {logging_mixin.py:190} INFO - [2025-04-18T13:04:30.425+0900] {dag_oracle_to_s3_python_improved.py:28} INFO - project description : (EL) locknlock oracle tables (2025) > locknlock_s3 json.gz files
[2025-04-18T13:04:30.426+0900] {logging_mixin.py:190} INFO - [2025-04-18T13:04:30.426+0900] {dag_oracle_to_s3_python_improved.py:29} INFO - project tags : ['prd', 'migration', 'oralce', 's3', 'python']
[2025-04-18T13:04:30.426+0900] {logging_mixin.py:190} INFO - [2025-04-18T13:04:30.426+0900] {dag_oracle_to_s3_python_improved.py:30} INFO - project start : 2025-04-18 13:04:30
[2025-04-18T13:04:30.434+0900] {processor.py:925} INFO - DAG(s) 'dag_oracle_to_s3_python_improved' retrieved from /home/kim/airflow_tutorial/dags/dag_oracle_to_s3_python_improved.py
[2025-04-18T13:04:30.470+0900] {logging_mixin.py:190} INFO - [2025-04-18T13:04:30.469+0900] {dag.py:3239} INFO - Sync 1 DAGs
[2025-04-18T13:04:30.504+0900] {logging_mixin.py:190} INFO - [2025-04-18T13:04:30.503+0900] {dag.py:4180} INFO - Setting next_dagrun for dag_oracle_to_s3_python_improved to 2025-04-17 15:05:00+00:00, run_after=2025-04-18 15:05:00+00:00
[2025-04-18T13:04:30.536+0900] {processor.py:208} INFO - Processing /home/kim/airflow_tutorial/dags/dag_oracle_to_s3_python_improved.py took 0.792 seconds
[2025-04-18T13:05:00.891+0900] {processor.py:186} INFO - Started process (PID=703558) to work on /home/kim/airflow_tutorial/dags/dag_oracle_to_s3_python_improved.py
[2025-04-18T13:05:00.892+0900] {processor.py:914} INFO - Processing file /home/kim/airflow_tutorial/dags/dag_oracle_to_s3_python_improved.py for tasks to queue
[2025-04-18T13:05:00.895+0900] {logging_mixin.py:190} INFO - [2025-04-18T13:05:00.895+0900] {dagbag.py:588} INFO - Filling up the DagBag from /home/kim/airflow_tutorial/dags/dag_oracle_to_s3_python_improved.py
[2025-04-18T13:05:01.641+0900] {logging_mixin.py:190} INFO - [2025-04-18T13:05:01.641+0900] {dag_oracle_to_s3_python_improved.py:25} INFO - load config file  : /home/kim/airflow_tutorial/dags/resource/dag_with_rdbms_tar_ETL_config.yaml
[2025-04-18T13:05:01.642+0900] {logging_mixin.py:190} INFO - [2025-04-18T13:05:01.642+0900] {dag_oracle_to_s3_python_improved.py:26} INFO - project name : dag_oracle_to_s3_python_improved
[2025-04-18T13:05:01.642+0900] {logging_mixin.py:190} INFO - [2025-04-18T13:05:01.642+0900] {dag_oracle_to_s3_python_improved.py:27} INFO - project version : 0.1.0
[2025-04-18T13:05:01.642+0900] {logging_mixin.py:190} INFO - [2025-04-18T13:05:01.642+0900] {dag_oracle_to_s3_python_improved.py:28} INFO - project description : (EL) locknlock oracle tables (2025) > locknlock_s3 json.gz files
[2025-04-18T13:05:01.643+0900] {logging_mixin.py:190} INFO - [2025-04-18T13:05:01.642+0900] {dag_oracle_to_s3_python_improved.py:29} INFO - project tags : ['prd', 'migration', 'oralce', 's3', 'python']
[2025-04-18T13:05:01.643+0900] {logging_mixin.py:190} INFO - [2025-04-18T13:05:01.643+0900] {dag_oracle_to_s3_python_improved.py:30} INFO - project start : 2025-04-18 13:05:01
[2025-04-18T13:05:01.650+0900] {processor.py:925} INFO - DAG(s) 'dag_oracle_to_s3_python_improved' retrieved from /home/kim/airflow_tutorial/dags/dag_oracle_to_s3_python_improved.py
[2025-04-18T13:05:01.681+0900] {logging_mixin.py:190} INFO - [2025-04-18T13:05:01.680+0900] {dag.py:3239} INFO - Sync 1 DAGs
[2025-04-18T13:05:01.711+0900] {logging_mixin.py:190} INFO - [2025-04-18T13:05:01.711+0900] {dag.py:4180} INFO - Setting next_dagrun for dag_oracle_to_s3_python_improved to 2025-04-17 15:05:00+00:00, run_after=2025-04-18 15:05:00+00:00
[2025-04-18T13:05:01.738+0900] {processor.py:208} INFO - Processing /home/kim/airflow_tutorial/dags/dag_oracle_to_s3_python_improved.py took 0.855 seconds
[2025-04-18T13:05:32.041+0900] {processor.py:186} INFO - Started process (PID=710821) to work on /home/kim/airflow_tutorial/dags/dag_oracle_to_s3_python_improved.py
[2025-04-18T13:05:32.042+0900] {processor.py:914} INFO - Processing file /home/kim/airflow_tutorial/dags/dag_oracle_to_s3_python_improved.py for tasks to queue
[2025-04-18T13:05:32.045+0900] {logging_mixin.py:190} INFO - [2025-04-18T13:05:32.044+0900] {dagbag.py:588} INFO - Filling up the DagBag from /home/kim/airflow_tutorial/dags/dag_oracle_to_s3_python_improved.py
[2025-04-18T13:05:32.755+0900] {logging_mixin.py:190} INFO - [2025-04-18T13:05:32.754+0900] {dag_oracle_to_s3_python_improved.py:25} INFO - load config file  : /home/kim/airflow_tutorial/dags/resource/dag_with_rdbms_tar_ETL_config.yaml
[2025-04-18T13:05:32.755+0900] {logging_mixin.py:190} INFO - [2025-04-18T13:05:32.755+0900] {dag_oracle_to_s3_python_improved.py:26} INFO - project name : dag_oracle_to_s3_python_improved
[2025-04-18T13:05:32.755+0900] {logging_mixin.py:190} INFO - [2025-04-18T13:05:32.755+0900] {dag_oracle_to_s3_python_improved.py:27} INFO - project version : 0.1.0
[2025-04-18T13:05:32.756+0900] {logging_mixin.py:190} INFO - [2025-04-18T13:05:32.755+0900] {dag_oracle_to_s3_python_improved.py:28} INFO - project description : (EL) locknlock oracle tables (2025) > locknlock_s3 json.gz files
[2025-04-18T13:05:32.756+0900] {logging_mixin.py:190} INFO - [2025-04-18T13:05:32.756+0900] {dag_oracle_to_s3_python_improved.py:29} INFO - project tags : ['prd', 'migration', 'oralce', 's3', 'python']
[2025-04-18T13:05:32.756+0900] {logging_mixin.py:190} INFO - [2025-04-18T13:05:32.756+0900] {dag_oracle_to_s3_python_improved.py:30} INFO - project start : 2025-04-18 13:05:32
[2025-04-18T13:05:32.764+0900] {processor.py:925} INFO - DAG(s) 'dag_oracle_to_s3_python_improved' retrieved from /home/kim/airflow_tutorial/dags/dag_oracle_to_s3_python_improved.py
[2025-04-18T13:05:32.797+0900] {logging_mixin.py:190} INFO - [2025-04-18T13:05:32.796+0900] {dag.py:3239} INFO - Sync 1 DAGs
[2025-04-18T13:05:32.828+0900] {logging_mixin.py:190} INFO - [2025-04-18T13:05:32.827+0900] {dag.py:4180} INFO - Setting next_dagrun for dag_oracle_to_s3_python_improved to 2025-04-17 15:05:00+00:00, run_after=2025-04-18 15:05:00+00:00
[2025-04-18T13:05:32.853+0900] {processor.py:208} INFO - Processing /home/kim/airflow_tutorial/dags/dag_oracle_to_s3_python_improved.py took 0.820 seconds
[2025-04-18T13:06:03.213+0900] {processor.py:186} INFO - Started process (PID=715783) to work on /home/kim/airflow_tutorial/dags/dag_oracle_to_s3_python_improved.py
[2025-04-18T13:06:03.214+0900] {processor.py:914} INFO - Processing file /home/kim/airflow_tutorial/dags/dag_oracle_to_s3_python_improved.py for tasks to queue
[2025-04-18T13:06:03.217+0900] {logging_mixin.py:190} INFO - [2025-04-18T13:06:03.217+0900] {dagbag.py:588} INFO - Filling up the DagBag from /home/kim/airflow_tutorial/dags/dag_oracle_to_s3_python_improved.py
[2025-04-18T13:06:03.911+0900] {logging_mixin.py:190} INFO - [2025-04-18T13:06:03.910+0900] {dag_oracle_to_s3_python_improved.py:25} INFO - load config file  : /home/kim/airflow_tutorial/dags/resource/dag_with_rdbms_tar_ETL_config.yaml
[2025-04-18T13:06:03.911+0900] {logging_mixin.py:190} INFO - [2025-04-18T13:06:03.911+0900] {dag_oracle_to_s3_python_improved.py:26} INFO - project name : dag_oracle_to_s3_python_improved
[2025-04-18T13:06:03.912+0900] {logging_mixin.py:190} INFO - [2025-04-18T13:06:03.912+0900] {dag_oracle_to_s3_python_improved.py:27} INFO - project version : 0.1.0
[2025-04-18T13:06:03.912+0900] {logging_mixin.py:190} INFO - [2025-04-18T13:06:03.912+0900] {dag_oracle_to_s3_python_improved.py:28} INFO - project description : (EL) locknlock oracle tables (2025) > locknlock_s3 json.gz files
[2025-04-18T13:06:03.912+0900] {logging_mixin.py:190} INFO - [2025-04-18T13:06:03.912+0900] {dag_oracle_to_s3_python_improved.py:29} INFO - project tags : ['prd', 'migration', 'oralce', 's3', 'python']
[2025-04-18T13:06:03.913+0900] {logging_mixin.py:190} INFO - [2025-04-18T13:06:03.913+0900] {dag_oracle_to_s3_python_improved.py:30} INFO - project start : 2025-04-18 13:06:03
[2025-04-18T13:06:03.920+0900] {processor.py:925} INFO - DAG(s) 'dag_oracle_to_s3_python_improved' retrieved from /home/kim/airflow_tutorial/dags/dag_oracle_to_s3_python_improved.py
[2025-04-18T13:06:03.959+0900] {logging_mixin.py:190} INFO - [2025-04-18T13:06:03.958+0900] {dag.py:3239} INFO - Sync 1 DAGs
[2025-04-18T13:06:03.997+0900] {logging_mixin.py:190} INFO - [2025-04-18T13:06:03.997+0900] {dag.py:4180} INFO - Setting next_dagrun for dag_oracle_to_s3_python_improved to 2025-04-17 15:05:00+00:00, run_after=2025-04-18 15:05:00+00:00
[2025-04-18T13:06:04.029+0900] {processor.py:208} INFO - Processing /home/kim/airflow_tutorial/dags/dag_oracle_to_s3_python_improved.py took 0.826 seconds
[2025-04-18T13:06:34.436+0900] {processor.py:186} INFO - Started process (PID=719258) to work on /home/kim/airflow_tutorial/dags/dag_oracle_to_s3_python_improved.py
[2025-04-18T13:06:34.438+0900] {processor.py:914} INFO - Processing file /home/kim/airflow_tutorial/dags/dag_oracle_to_s3_python_improved.py for tasks to queue
[2025-04-18T13:06:34.440+0900] {logging_mixin.py:190} INFO - [2025-04-18T13:06:34.440+0900] {dagbag.py:588} INFO - Filling up the DagBag from /home/kim/airflow_tutorial/dags/dag_oracle_to_s3_python_improved.py
[2025-04-18T13:06:35.271+0900] {logging_mixin.py:190} INFO - [2025-04-18T13:06:35.269+0900] {dag_oracle_to_s3_python_improved.py:25} INFO - load config file  : /home/kim/airflow_tutorial/dags/resource/dag_with_rdbms_tar_ETL_config.yaml
[2025-04-18T13:06:35.272+0900] {logging_mixin.py:190} INFO - [2025-04-18T13:06:35.272+0900] {dag_oracle_to_s3_python_improved.py:26} INFO - project name : dag_oracle_to_s3_python_improved
[2025-04-18T13:06:35.273+0900] {logging_mixin.py:190} INFO - [2025-04-18T13:06:35.273+0900] {dag_oracle_to_s3_python_improved.py:27} INFO - project version : 0.1.0
[2025-04-18T13:06:35.273+0900] {logging_mixin.py:190} INFO - [2025-04-18T13:06:35.273+0900] {dag_oracle_to_s3_python_improved.py:28} INFO - project description : (EL) locknlock oracle tables (2025) > locknlock_s3 json.gz files
[2025-04-18T13:06:35.274+0900] {logging_mixin.py:190} INFO - [2025-04-18T13:06:35.274+0900] {dag_oracle_to_s3_python_improved.py:29} INFO - project tags : ['prd', 'migration', 'oralce', 's3', 'python']
[2025-04-18T13:06:35.274+0900] {logging_mixin.py:190} INFO - [2025-04-18T13:06:35.274+0900] {dag_oracle_to_s3_python_improved.py:30} INFO - project start : 2025-04-18 13:06:35
[2025-04-18T13:06:35.282+0900] {processor.py:925} INFO - DAG(s) 'dag_oracle_to_s3_python_improved' retrieved from /home/kim/airflow_tutorial/dags/dag_oracle_to_s3_python_improved.py
[2025-04-18T13:06:35.326+0900] {logging_mixin.py:190} INFO - [2025-04-18T13:06:35.325+0900] {dag.py:3239} INFO - Sync 1 DAGs
[2025-04-18T13:06:35.371+0900] {logging_mixin.py:190} INFO - [2025-04-18T13:06:35.371+0900] {dag.py:4180} INFO - Setting next_dagrun for dag_oracle_to_s3_python_improved to 2025-04-17 15:05:00+00:00, run_after=2025-04-18 15:05:00+00:00
[2025-04-18T13:06:35.408+0900] {processor.py:208} INFO - Processing /home/kim/airflow_tutorial/dags/dag_oracle_to_s3_python_improved.py took 0.979 seconds
[2025-04-18T13:07:05.807+0900] {processor.py:186} INFO - Started process (PID=721990) to work on /home/kim/airflow_tutorial/dags/dag_oracle_to_s3_python_improved.py
[2025-04-18T13:07:05.809+0900] {processor.py:914} INFO - Processing file /home/kim/airflow_tutorial/dags/dag_oracle_to_s3_python_improved.py for tasks to queue
[2025-04-18T13:07:05.812+0900] {logging_mixin.py:190} INFO - [2025-04-18T13:07:05.812+0900] {dagbag.py:588} INFO - Filling up the DagBag from /home/kim/airflow_tutorial/dags/dag_oracle_to_s3_python_improved.py
[2025-04-18T13:07:06.804+0900] {logging_mixin.py:190} INFO - [2025-04-18T13:07:06.803+0900] {dag_oracle_to_s3_python_improved.py:25} INFO - load config file  : /home/kim/airflow_tutorial/dags/resource/dag_with_rdbms_tar_ETL_config.yaml
[2025-04-18T13:07:06.805+0900] {logging_mixin.py:190} INFO - [2025-04-18T13:07:06.805+0900] {dag_oracle_to_s3_python_improved.py:26} INFO - project name : dag_oracle_to_s3_python_improved
[2025-04-18T13:07:06.805+0900] {logging_mixin.py:190} INFO - [2025-04-18T13:07:06.805+0900] {dag_oracle_to_s3_python_improved.py:27} INFO - project version : 0.1.0
[2025-04-18T13:07:06.805+0900] {logging_mixin.py:190} INFO - [2025-04-18T13:07:06.805+0900] {dag_oracle_to_s3_python_improved.py:28} INFO - project description : (EL) locknlock oracle tables (2025) > locknlock_s3 json.gz files
[2025-04-18T13:07:06.806+0900] {logging_mixin.py:190} INFO - [2025-04-18T13:07:06.806+0900] {dag_oracle_to_s3_python_improved.py:29} INFO - project tags : ['prd', 'migration', 'oralce', 's3', 'python']
[2025-04-18T13:07:06.806+0900] {logging_mixin.py:190} INFO - [2025-04-18T13:07:06.806+0900] {dag_oracle_to_s3_python_improved.py:30} INFO - project start : 2025-04-18 13:07:06
[2025-04-18T13:07:06.820+0900] {processor.py:925} INFO - DAG(s) 'dag_oracle_to_s3_python_improved' retrieved from /home/kim/airflow_tutorial/dags/dag_oracle_to_s3_python_improved.py
[2025-04-18T13:07:06.871+0900] {logging_mixin.py:190} INFO - [2025-04-18T13:07:06.870+0900] {dag.py:3239} INFO - Sync 1 DAGs
[2025-04-18T13:07:06.916+0900] {logging_mixin.py:190} INFO - [2025-04-18T13:07:06.916+0900] {dag.py:4180} INFO - Setting next_dagrun for dag_oracle_to_s3_python_improved to 2025-04-17 15:05:00+00:00, run_after=2025-04-18 15:05:00+00:00
[2025-04-18T13:07:06.958+0900] {processor.py:208} INFO - Processing /home/kim/airflow_tutorial/dags/dag_oracle_to_s3_python_improved.py took 1.163 seconds
