[2025-04-18T11:13:51.627+0900] {processor.py:186} INFO - Started process (PID=637928) to work on /home/kim/airflow_tutorial/py_env/lib/python3.10/site-packages/airflow/example_dags/example_bash_decorator.py
[2025-04-18T11:13:51.628+0900] {processor.py:914} INFO - Processing file /home/kim/airflow_tutorial/py_env/lib/python3.10/site-packages/airflow/example_dags/example_bash_decorator.py for tasks to queue
[2025-04-18T11:13:51.629+0900] {logging_mixin.py:190} INFO - [2025-04-18T11:13:51.629+0900] {dagbag.py:588} INFO - Filling up the DagBag from /home/kim/airflow_tutorial/py_env/lib/python3.10/site-packages/airflow/example_dags/example_bash_decorator.py
[2025-04-18T11:13:51.640+0900] {processor.py:925} INFO - DAG(s) 'example_bash_decorator' retrieved from /home/kim/airflow_tutorial/py_env/lib/python3.10/site-packages/airflow/example_dags/example_bash_decorator.py
[2025-04-18T11:13:51.707+0900] {logging_mixin.py:190} INFO - [2025-04-18T11:13:51.707+0900] {override.py:1912} INFO - Created Permission View: can delete on DAG:example_bash_decorator
[2025-04-18T11:13:51.716+0900] {logging_mixin.py:190} INFO - [2025-04-18T11:13:51.716+0900] {override.py:1912} INFO - Created Permission View: can edit on DAG:example_bash_decorator
[2025-04-18T11:13:51.722+0900] {logging_mixin.py:190} INFO - [2025-04-18T11:13:51.722+0900] {override.py:1912} INFO - Created Permission View: can read on DAG:example_bash_decorator
[2025-04-18T11:13:51.733+0900] {logging_mixin.py:190} INFO - [2025-04-18T11:13:51.733+0900] {override.py:1912} INFO - Created Permission View: can delete on DAG Run:example_bash_decorator
[2025-04-18T11:13:51.739+0900] {logging_mixin.py:190} INFO - [2025-04-18T11:13:51.739+0900] {override.py:1912} INFO - Created Permission View: can create on DAG Run:example_bash_decorator
[2025-04-18T11:13:51.745+0900] {logging_mixin.py:190} INFO - [2025-04-18T11:13:51.745+0900] {override.py:1912} INFO - Created Permission View: menu access on DAG Run:example_bash_decorator
[2025-04-18T11:13:51.753+0900] {logging_mixin.py:190} INFO - [2025-04-18T11:13:51.753+0900] {override.py:1912} INFO - Created Permission View: can read on DAG Run:example_bash_decorator
[2025-04-18T11:13:51.754+0900] {logging_mixin.py:190} INFO - [2025-04-18T11:13:51.754+0900] {dag.py:3239} INFO - Sync 1 DAGs
[2025-04-18T11:13:51.762+0900] {logging_mixin.py:190} INFO - [2025-04-18T11:13:51.762+0900] {dag.py:3262} INFO - Creating ORM DAG for example_bash_decorator
[2025-04-18T11:13:51.763+0900] {logging_mixin.py:190} INFO - [2025-04-18T11:13:51.763+0900] {dag.py:4180} INFO - Setting next_dagrun for example_bash_decorator to None, run_after=None
[2025-04-18T11:13:51.780+0900] {processor.py:208} INFO - Processing /home/kim/airflow_tutorial/py_env/lib/python3.10/site-packages/airflow/example_dags/example_bash_decorator.py took 0.158 seconds
[2025-04-18T11:14:55.829+0900] {processor.py:186} INFO - Started process (PID=638469) to work on /home/kim/airflow_tutorial/py_env/lib/python3.10/site-packages/airflow/example_dags/example_bash_decorator.py
[2025-04-18T11:14:55.832+0900] {processor.py:914} INFO - Processing file /home/kim/airflow_tutorial/py_env/lib/python3.10/site-packages/airflow/example_dags/example_bash_decorator.py for tasks to queue
[2025-04-18T11:14:55.834+0900] {logging_mixin.py:190} INFO - [2025-04-18T11:14:55.834+0900] {dagbag.py:588} INFO - Filling up the DagBag from /home/kim/airflow_tutorial/py_env/lib/python3.10/site-packages/airflow/example_dags/example_bash_decorator.py
[2025-04-18T11:14:55.852+0900] {processor.py:925} INFO - DAG(s) 'example_bash_decorator' retrieved from /home/kim/airflow_tutorial/py_env/lib/python3.10/site-packages/airflow/example_dags/example_bash_decorator.py
[2025-04-18T11:14:55.873+0900] {logging_mixin.py:190} INFO - [2025-04-18T11:14:55.872+0900] {dag.py:3239} INFO - Sync 1 DAGs
[2025-04-18T11:14:55.884+0900] {logging_mixin.py:190} INFO - [2025-04-18T11:14:55.884+0900] {dag.py:4180} INFO - Setting next_dagrun for example_bash_decorator to None, run_after=None
[2025-04-18T11:14:55.906+0900] {processor.py:208} INFO - Processing /home/kim/airflow_tutorial/py_env/lib/python3.10/site-packages/airflow/example_dags/example_bash_decorator.py took 0.083 seconds
[2025-04-18T11:15:55.047+0900] {processor.py:186} INFO - Started process (PID=638849) to work on /home/kim/airflow_tutorial/py_env/lib/python3.10/site-packages/airflow/example_dags/example_bash_decorator.py
[2025-04-18T11:15:55.049+0900] {processor.py:914} INFO - Processing file /home/kim/airflow_tutorial/py_env/lib/python3.10/site-packages/airflow/example_dags/example_bash_decorator.py for tasks to queue
[2025-04-18T11:15:55.051+0900] {logging_mixin.py:190} INFO - [2025-04-18T11:15:55.050+0900] {dagbag.py:588} INFO - Filling up the DagBag from /home/kim/airflow_tutorial/py_env/lib/python3.10/site-packages/airflow/example_dags/example_bash_decorator.py
[2025-04-18T11:15:55.063+0900] {processor.py:925} INFO - DAG(s) 'example_bash_decorator' retrieved from /home/kim/airflow_tutorial/py_env/lib/python3.10/site-packages/airflow/example_dags/example_bash_decorator.py
[2025-04-18T11:15:55.077+0900] {logging_mixin.py:190} INFO - [2025-04-18T11:15:55.076+0900] {dag.py:3239} INFO - Sync 1 DAGs
[2025-04-18T11:15:55.087+0900] {logging_mixin.py:190} INFO - [2025-04-18T11:15:55.086+0900] {dag.py:4180} INFO - Setting next_dagrun for example_bash_decorator to None, run_after=None
[2025-04-18T11:15:55.102+0900] {processor.py:208} INFO - Processing /home/kim/airflow_tutorial/py_env/lib/python3.10/site-packages/airflow/example_dags/example_bash_decorator.py took 0.061 seconds
[2025-04-18T11:16:55.905+0900] {processor.py:186} INFO - Started process (PID=639589) to work on /home/kim/airflow_tutorial/py_env/lib/python3.10/site-packages/airflow/example_dags/example_bash_decorator.py
[2025-04-18T11:16:55.908+0900] {processor.py:914} INFO - Processing file /home/kim/airflow_tutorial/py_env/lib/python3.10/site-packages/airflow/example_dags/example_bash_decorator.py for tasks to queue
[2025-04-18T11:16:55.910+0900] {logging_mixin.py:190} INFO - [2025-04-18T11:16:55.910+0900] {dagbag.py:588} INFO - Filling up the DagBag from /home/kim/airflow_tutorial/py_env/lib/python3.10/site-packages/airflow/example_dags/example_bash_decorator.py
[2025-04-18T11:16:55.922+0900] {processor.py:925} INFO - DAG(s) 'example_bash_decorator' retrieved from /home/kim/airflow_tutorial/py_env/lib/python3.10/site-packages/airflow/example_dags/example_bash_decorator.py
[2025-04-18T11:16:55.937+0900] {logging_mixin.py:190} INFO - [2025-04-18T11:16:55.937+0900] {dag.py:3239} INFO - Sync 1 DAGs
[2025-04-18T11:16:55.946+0900] {logging_mixin.py:190} INFO - [2025-04-18T11:16:55.946+0900] {dag.py:4180} INFO - Setting next_dagrun for example_bash_decorator to None, run_after=None
[2025-04-18T11:16:55.962+0900] {processor.py:208} INFO - Processing /home/kim/airflow_tutorial/py_env/lib/python3.10/site-packages/airflow/example_dags/example_bash_decorator.py took 0.062 seconds
[2025-04-18T11:17:55.318+0900] {processor.py:186} INFO - Started process (PID=640208) to work on /home/kim/airflow_tutorial/py_env/lib/python3.10/site-packages/airflow/example_dags/example_bash_decorator.py
[2025-04-18T11:17:55.319+0900] {processor.py:914} INFO - Processing file /home/kim/airflow_tutorial/py_env/lib/python3.10/site-packages/airflow/example_dags/example_bash_decorator.py for tasks to queue
[2025-04-18T11:17:55.320+0900] {logging_mixin.py:190} INFO - [2025-04-18T11:17:55.320+0900] {dagbag.py:588} INFO - Filling up the DagBag from /home/kim/airflow_tutorial/py_env/lib/python3.10/site-packages/airflow/example_dags/example_bash_decorator.py
[2025-04-18T11:17:55.331+0900] {processor.py:925} INFO - DAG(s) 'example_bash_decorator' retrieved from /home/kim/airflow_tutorial/py_env/lib/python3.10/site-packages/airflow/example_dags/example_bash_decorator.py
[2025-04-18T11:17:55.344+0900] {logging_mixin.py:190} INFO - [2025-04-18T11:17:55.343+0900] {dag.py:3239} INFO - Sync 1 DAGs
[2025-04-18T11:17:55.353+0900] {logging_mixin.py:190} INFO - [2025-04-18T11:17:55.352+0900] {dag.py:4180} INFO - Setting next_dagrun for example_bash_decorator to None, run_after=None
[2025-04-18T11:17:55.367+0900] {processor.py:208} INFO - Processing /home/kim/airflow_tutorial/py_env/lib/python3.10/site-packages/airflow/example_dags/example_bash_decorator.py took 0.054 seconds
[2025-04-18T11:18:56.117+0900] {processor.py:186} INFO - Started process (PID=640791) to work on /home/kim/airflow_tutorial/py_env/lib/python3.10/site-packages/airflow/example_dags/example_bash_decorator.py
[2025-04-18T11:18:56.119+0900] {processor.py:914} INFO - Processing file /home/kim/airflow_tutorial/py_env/lib/python3.10/site-packages/airflow/example_dags/example_bash_decorator.py for tasks to queue
[2025-04-18T11:18:56.123+0900] {logging_mixin.py:190} INFO - [2025-04-18T11:18:56.121+0900] {dagbag.py:588} INFO - Filling up the DagBag from /home/kim/airflow_tutorial/py_env/lib/python3.10/site-packages/airflow/example_dags/example_bash_decorator.py
[2025-04-18T11:18:56.142+0900] {processor.py:925} INFO - DAG(s) 'example_bash_decorator' retrieved from /home/kim/airflow_tutorial/py_env/lib/python3.10/site-packages/airflow/example_dags/example_bash_decorator.py
[2025-04-18T11:18:56.165+0900] {logging_mixin.py:190} INFO - [2025-04-18T11:18:56.164+0900] {dag.py:3239} INFO - Sync 1 DAGs
[2025-04-18T11:18:56.194+0900] {logging_mixin.py:190} INFO - [2025-04-18T11:18:56.193+0900] {dag.py:4180} INFO - Setting next_dagrun for example_bash_decorator to None, run_after=None
[2025-04-18T11:18:56.252+0900] {processor.py:208} INFO - Processing /home/kim/airflow_tutorial/py_env/lib/python3.10/site-packages/airflow/example_dags/example_bash_decorator.py took 0.143 seconds
[2025-04-18T11:19:54.192+0900] {processor.py:186} INFO - Started process (PID=641077) to work on /home/kim/airflow_tutorial/py_env/lib/python3.10/site-packages/airflow/example_dags/example_bash_decorator.py
[2025-04-18T11:19:54.195+0900] {processor.py:914} INFO - Processing file /home/kim/airflow_tutorial/py_env/lib/python3.10/site-packages/airflow/example_dags/example_bash_decorator.py for tasks to queue
[2025-04-18T11:19:54.197+0900] {logging_mixin.py:190} INFO - [2025-04-18T11:19:54.196+0900] {dagbag.py:588} INFO - Filling up the DagBag from /home/kim/airflow_tutorial/py_env/lib/python3.10/site-packages/airflow/example_dags/example_bash_decorator.py
[2025-04-18T11:19:54.207+0900] {processor.py:925} INFO - DAG(s) 'example_bash_decorator' retrieved from /home/kim/airflow_tutorial/py_env/lib/python3.10/site-packages/airflow/example_dags/example_bash_decorator.py
[2025-04-18T11:19:54.218+0900] {logging_mixin.py:190} INFO - [2025-04-18T11:19:54.218+0900] {dag.py:3239} INFO - Sync 1 DAGs
[2025-04-18T11:19:54.226+0900] {logging_mixin.py:190} INFO - [2025-04-18T11:19:54.226+0900] {dag.py:4180} INFO - Setting next_dagrun for example_bash_decorator to None, run_after=None
[2025-04-18T11:19:54.242+0900] {processor.py:208} INFO - Processing /home/kim/airflow_tutorial/py_env/lib/python3.10/site-packages/airflow/example_dags/example_bash_decorator.py took 0.054 seconds
[2025-04-18T11:20:52.568+0900] {processor.py:186} INFO - Started process (PID=641370) to work on /home/kim/airflow_tutorial/py_env/lib/python3.10/site-packages/airflow/example_dags/example_bash_decorator.py
[2025-04-18T11:20:52.571+0900] {processor.py:914} INFO - Processing file /home/kim/airflow_tutorial/py_env/lib/python3.10/site-packages/airflow/example_dags/example_bash_decorator.py for tasks to queue
[2025-04-18T11:20:52.573+0900] {logging_mixin.py:190} INFO - [2025-04-18T11:20:52.572+0900] {dagbag.py:588} INFO - Filling up the DagBag from /home/kim/airflow_tutorial/py_env/lib/python3.10/site-packages/airflow/example_dags/example_bash_decorator.py
[2025-04-18T11:20:52.586+0900] {processor.py:925} INFO - DAG(s) 'example_bash_decorator' retrieved from /home/kim/airflow_tutorial/py_env/lib/python3.10/site-packages/airflow/example_dags/example_bash_decorator.py
[2025-04-18T11:20:52.602+0900] {logging_mixin.py:190} INFO - [2025-04-18T11:20:52.602+0900] {dag.py:3239} INFO - Sync 1 DAGs
[2025-04-18T11:20:52.612+0900] {logging_mixin.py:190} INFO - [2025-04-18T11:20:52.612+0900] {dag.py:4180} INFO - Setting next_dagrun for example_bash_decorator to None, run_after=None
[2025-04-18T11:20:52.628+0900] {processor.py:208} INFO - Processing /home/kim/airflow_tutorial/py_env/lib/python3.10/site-packages/airflow/example_dags/example_bash_decorator.py took 0.065 seconds
[2025-04-18T11:21:54.112+0900] {processor.py:186} INFO - Started process (PID=641667) to work on /home/kim/airflow_tutorial/py_env/lib/python3.10/site-packages/airflow/example_dags/example_bash_decorator.py
[2025-04-18T11:21:54.115+0900] {processor.py:914} INFO - Processing file /home/kim/airflow_tutorial/py_env/lib/python3.10/site-packages/airflow/example_dags/example_bash_decorator.py for tasks to queue
[2025-04-18T11:21:54.117+0900] {logging_mixin.py:190} INFO - [2025-04-18T11:21:54.116+0900] {dagbag.py:588} INFO - Filling up the DagBag from /home/kim/airflow_tutorial/py_env/lib/python3.10/site-packages/airflow/example_dags/example_bash_decorator.py
[2025-04-18T11:21:54.128+0900] {processor.py:925} INFO - DAG(s) 'example_bash_decorator' retrieved from /home/kim/airflow_tutorial/py_env/lib/python3.10/site-packages/airflow/example_dags/example_bash_decorator.py
[2025-04-18T11:21:54.141+0900] {logging_mixin.py:190} INFO - [2025-04-18T11:21:54.141+0900] {dag.py:3239} INFO - Sync 1 DAGs
[2025-04-18T11:21:54.150+0900] {logging_mixin.py:190} INFO - [2025-04-18T11:21:54.150+0900] {dag.py:4180} INFO - Setting next_dagrun for example_bash_decorator to None, run_after=None
[2025-04-18T11:21:54.165+0900] {processor.py:208} INFO - Processing /home/kim/airflow_tutorial/py_env/lib/python3.10/site-packages/airflow/example_dags/example_bash_decorator.py took 0.057 seconds
[2025-04-18T11:22:55.928+0900] {processor.py:186} INFO - Started process (PID=642128) to work on /home/kim/airflow_tutorial/py_env/lib/python3.10/site-packages/airflow/example_dags/example_bash_decorator.py
[2025-04-18T11:22:55.929+0900] {processor.py:914} INFO - Processing file /home/kim/airflow_tutorial/py_env/lib/python3.10/site-packages/airflow/example_dags/example_bash_decorator.py for tasks to queue
[2025-04-18T11:22:55.931+0900] {logging_mixin.py:190} INFO - [2025-04-18T11:22:55.930+0900] {dagbag.py:588} INFO - Filling up the DagBag from /home/kim/airflow_tutorial/py_env/lib/python3.10/site-packages/airflow/example_dags/example_bash_decorator.py
[2025-04-18T11:22:55.941+0900] {processor.py:925} INFO - DAG(s) 'example_bash_decorator' retrieved from /home/kim/airflow_tutorial/py_env/lib/python3.10/site-packages/airflow/example_dags/example_bash_decorator.py
[2025-04-18T11:22:55.954+0900] {logging_mixin.py:190} INFO - [2025-04-18T11:22:55.954+0900] {dag.py:3239} INFO - Sync 1 DAGs
[2025-04-18T11:22:55.962+0900] {logging_mixin.py:190} INFO - [2025-04-18T11:22:55.962+0900] {dag.py:4180} INFO - Setting next_dagrun for example_bash_decorator to None, run_after=None
[2025-04-18T11:22:55.977+0900] {processor.py:208} INFO - Processing /home/kim/airflow_tutorial/py_env/lib/python3.10/site-packages/airflow/example_dags/example_bash_decorator.py took 0.053 seconds
[2025-04-18T11:23:52.799+0900] {processor.py:186} INFO - Started process (PID=642481) to work on /home/kim/airflow_tutorial/py_env/lib/python3.10/site-packages/airflow/example_dags/example_bash_decorator.py
[2025-04-18T11:23:52.801+0900] {processor.py:914} INFO - Processing file /home/kim/airflow_tutorial/py_env/lib/python3.10/site-packages/airflow/example_dags/example_bash_decorator.py for tasks to queue
[2025-04-18T11:23:52.802+0900] {logging_mixin.py:190} INFO - [2025-04-18T11:23:52.802+0900] {dagbag.py:588} INFO - Filling up the DagBag from /home/kim/airflow_tutorial/py_env/lib/python3.10/site-packages/airflow/example_dags/example_bash_decorator.py
[2025-04-18T11:23:52.813+0900] {processor.py:925} INFO - DAG(s) 'example_bash_decorator' retrieved from /home/kim/airflow_tutorial/py_env/lib/python3.10/site-packages/airflow/example_dags/example_bash_decorator.py
[2025-04-18T11:23:52.827+0900] {logging_mixin.py:190} INFO - [2025-04-18T11:23:52.827+0900] {dag.py:3239} INFO - Sync 1 DAGs
[2025-04-18T11:23:52.840+0900] {logging_mixin.py:190} INFO - [2025-04-18T11:23:52.840+0900] {dag.py:4180} INFO - Setting next_dagrun for example_bash_decorator to None, run_after=None
[2025-04-18T11:23:52.857+0900] {processor.py:208} INFO - Processing /home/kim/airflow_tutorial/py_env/lib/python3.10/site-packages/airflow/example_dags/example_bash_decorator.py took 0.062 seconds
[2025-04-18T11:24:54.088+0900] {processor.py:186} INFO - Started process (PID=642775) to work on /home/kim/airflow_tutorial/py_env/lib/python3.10/site-packages/airflow/example_dags/example_bash_decorator.py
[2025-04-18T11:24:54.091+0900] {processor.py:914} INFO - Processing file /home/kim/airflow_tutorial/py_env/lib/python3.10/site-packages/airflow/example_dags/example_bash_decorator.py for tasks to queue
[2025-04-18T11:24:54.093+0900] {logging_mixin.py:190} INFO - [2025-04-18T11:24:54.093+0900] {dagbag.py:588} INFO - Filling up the DagBag from /home/kim/airflow_tutorial/py_env/lib/python3.10/site-packages/airflow/example_dags/example_bash_decorator.py
[2025-04-18T11:24:54.107+0900] {processor.py:925} INFO - DAG(s) 'example_bash_decorator' retrieved from /home/kim/airflow_tutorial/py_env/lib/python3.10/site-packages/airflow/example_dags/example_bash_decorator.py
[2025-04-18T11:24:54.122+0900] {logging_mixin.py:190} INFO - [2025-04-18T11:24:54.121+0900] {dag.py:3239} INFO - Sync 1 DAGs
[2025-04-18T11:24:54.137+0900] {logging_mixin.py:190} INFO - [2025-04-18T11:24:54.136+0900] {dag.py:4180} INFO - Setting next_dagrun for example_bash_decorator to None, run_after=None
[2025-04-18T11:24:54.158+0900] {processor.py:208} INFO - Processing /home/kim/airflow_tutorial/py_env/lib/python3.10/site-packages/airflow/example_dags/example_bash_decorator.py took 0.075 seconds
[2025-04-18T12:03:14.507+0900] {processor.py:186} INFO - Started process (PID=651962) to work on /home/kim/airflow_tutorial/py_env/lib/python3.10/site-packages/airflow/example_dags/example_bash_decorator.py
[2025-04-18T12:03:14.508+0900] {processor.py:914} INFO - Processing file /home/kim/airflow_tutorial/py_env/lib/python3.10/site-packages/airflow/example_dags/example_bash_decorator.py for tasks to queue
[2025-04-18T12:03:14.510+0900] {logging_mixin.py:190} INFO - [2025-04-18T12:03:14.509+0900] {dagbag.py:588} INFO - Filling up the DagBag from /home/kim/airflow_tutorial/py_env/lib/python3.10/site-packages/airflow/example_dags/example_bash_decorator.py
[2025-04-18T12:03:14.521+0900] {processor.py:925} INFO - DAG(s) 'example_bash_decorator' retrieved from /home/kim/airflow_tutorial/py_env/lib/python3.10/site-packages/airflow/example_dags/example_bash_decorator.py
[2025-04-18T12:03:14.601+0900] {logging_mixin.py:190} INFO - [2025-04-18T12:03:14.601+0900] {override.py:1912} INFO - Created Permission View: can read on DAG:example_bash_decorator
[2025-04-18T12:03:14.610+0900] {logging_mixin.py:190} INFO - [2025-04-18T12:03:14.610+0900] {override.py:1912} INFO - Created Permission View: can edit on DAG:example_bash_decorator
[2025-04-18T12:03:14.617+0900] {logging_mixin.py:190} INFO - [2025-04-18T12:03:14.617+0900] {override.py:1912} INFO - Created Permission View: can delete on DAG:example_bash_decorator
[2025-04-18T12:03:14.626+0900] {logging_mixin.py:190} INFO - [2025-04-18T12:03:14.626+0900] {override.py:1912} INFO - Created Permission View: can read on DAG Run:example_bash_decorator
[2025-04-18T12:03:14.633+0900] {logging_mixin.py:190} INFO - [2025-04-18T12:03:14.633+0900] {override.py:1912} INFO - Created Permission View: can create on DAG Run:example_bash_decorator
[2025-04-18T12:03:14.640+0900] {logging_mixin.py:190} INFO - [2025-04-18T12:03:14.640+0900] {override.py:1912} INFO - Created Permission View: menu access on DAG Run:example_bash_decorator
[2025-04-18T12:03:14.647+0900] {logging_mixin.py:190} INFO - [2025-04-18T12:03:14.647+0900] {override.py:1912} INFO - Created Permission View: can delete on DAG Run:example_bash_decorator
[2025-04-18T12:03:14.647+0900] {logging_mixin.py:190} INFO - [2025-04-18T12:03:14.647+0900] {dag.py:3239} INFO - Sync 1 DAGs
[2025-04-18T12:03:14.656+0900] {logging_mixin.py:190} INFO - [2025-04-18T12:03:14.656+0900] {dag.py:3262} INFO - Creating ORM DAG for example_bash_decorator
[2025-04-18T12:03:14.656+0900] {logging_mixin.py:190} INFO - [2025-04-18T12:03:14.656+0900] {dag.py:4180} INFO - Setting next_dagrun for example_bash_decorator to None, run_after=None
[2025-04-18T12:03:14.670+0900] {processor.py:208} INFO - Processing /home/kim/airflow_tutorial/py_env/lib/python3.10/site-packages/airflow/example_dags/example_bash_decorator.py took 0.168 seconds
[2025-04-18T12:05:20.131+0900] {processor.py:186} INFO - Started process (PID=653739) to work on /home/kim/airflow_tutorial/py_env/lib/python3.10/site-packages/airflow/example_dags/example_bash_decorator.py
[2025-04-18T12:05:20.132+0900] {processor.py:914} INFO - Processing file /home/kim/airflow_tutorial/py_env/lib/python3.10/site-packages/airflow/example_dags/example_bash_decorator.py for tasks to queue
[2025-04-18T12:05:20.134+0900] {logging_mixin.py:190} INFO - [2025-04-18T12:05:20.133+0900] {dagbag.py:588} INFO - Filling up the DagBag from /home/kim/airflow_tutorial/py_env/lib/python3.10/site-packages/airflow/example_dags/example_bash_decorator.py
[2025-04-18T12:05:20.145+0900] {processor.py:925} INFO - DAG(s) 'example_bash_decorator' retrieved from /home/kim/airflow_tutorial/py_env/lib/python3.10/site-packages/airflow/example_dags/example_bash_decorator.py
[2025-04-18T12:05:20.239+0900] {logging_mixin.py:190} INFO - [2025-04-18T12:05:20.239+0900] {dag.py:3239} INFO - Sync 1 DAGs
[2025-04-18T12:05:20.248+0900] {logging_mixin.py:190} INFO - [2025-04-18T12:05:20.248+0900] {dag.py:4180} INFO - Setting next_dagrun for example_bash_decorator to None, run_after=None
[2025-04-18T12:05:20.266+0900] {processor.py:208} INFO - Processing /home/kim/airflow_tutorial/py_env/lib/python3.10/site-packages/airflow/example_dags/example_bash_decorator.py took 0.141 seconds
[2025-04-18T12:05:51.064+0900] {processor.py:186} INFO - Started process (PID=654217) to work on /home/kim/airflow_tutorial/py_env/lib/python3.10/site-packages/airflow/example_dags/example_bash_decorator.py
[2025-04-18T12:05:51.065+0900] {processor.py:914} INFO - Processing file /home/kim/airflow_tutorial/py_env/lib/python3.10/site-packages/airflow/example_dags/example_bash_decorator.py for tasks to queue
[2025-04-18T12:05:51.067+0900] {logging_mixin.py:190} INFO - [2025-04-18T12:05:51.067+0900] {dagbag.py:588} INFO - Filling up the DagBag from /home/kim/airflow_tutorial/py_env/lib/python3.10/site-packages/airflow/example_dags/example_bash_decorator.py
[2025-04-18T12:05:51.078+0900] {processor.py:925} INFO - DAG(s) 'example_bash_decorator' retrieved from /home/kim/airflow_tutorial/py_env/lib/python3.10/site-packages/airflow/example_dags/example_bash_decorator.py
[2025-04-18T12:05:51.099+0900] {logging_mixin.py:190} INFO - [2025-04-18T12:05:51.099+0900] {dag.py:3239} INFO - Sync 1 DAGs
[2025-04-18T12:05:51.113+0900] {logging_mixin.py:190} INFO - [2025-04-18T12:05:51.113+0900] {dag.py:4180} INFO - Setting next_dagrun for example_bash_decorator to None, run_after=None
[2025-04-18T12:05:51.130+0900] {processor.py:208} INFO - Processing /home/kim/airflow_tutorial/py_env/lib/python3.10/site-packages/airflow/example_dags/example_bash_decorator.py took 0.071 seconds
[2025-04-18T12:06:21.559+0900] {processor.py:186} INFO - Started process (PID=654604) to work on /home/kim/airflow_tutorial/py_env/lib/python3.10/site-packages/airflow/example_dags/example_bash_decorator.py
[2025-04-18T12:06:21.561+0900] {processor.py:914} INFO - Processing file /home/kim/airflow_tutorial/py_env/lib/python3.10/site-packages/airflow/example_dags/example_bash_decorator.py for tasks to queue
[2025-04-18T12:06:21.563+0900] {logging_mixin.py:190} INFO - [2025-04-18T12:06:21.563+0900] {dagbag.py:588} INFO - Filling up the DagBag from /home/kim/airflow_tutorial/py_env/lib/python3.10/site-packages/airflow/example_dags/example_bash_decorator.py
[2025-04-18T12:06:21.579+0900] {processor.py:925} INFO - DAG(s) 'example_bash_decorator' retrieved from /home/kim/airflow_tutorial/py_env/lib/python3.10/site-packages/airflow/example_dags/example_bash_decorator.py
[2025-04-18T12:06:21.611+0900] {logging_mixin.py:190} INFO - [2025-04-18T12:06:21.611+0900] {dag.py:3239} INFO - Sync 1 DAGs
[2025-04-18T12:06:21.626+0900] {logging_mixin.py:190} INFO - [2025-04-18T12:06:21.625+0900] {dag.py:4180} INFO - Setting next_dagrun for example_bash_decorator to None, run_after=None
[2025-04-18T12:06:21.652+0900] {processor.py:208} INFO - Processing /home/kim/airflow_tutorial/py_env/lib/python3.10/site-packages/airflow/example_dags/example_bash_decorator.py took 0.100 seconds
