[2025-04-18T11:13:22.870+0900] {processor.py:186} INFO - Started process (PID=637818) to work on /home/kim/airflow_tutorial/py_env/lib/python3.10/site-packages/airflow/example_dags/example_time_delta_sensor_async.py
[2025-04-18T11:13:22.870+0900] {processor.py:914} INFO - Processing file /home/kim/airflow_tutorial/py_env/lib/python3.10/site-packages/airflow/example_dags/example_time_delta_sensor_async.py for tasks to queue
[2025-04-18T11:13:22.872+0900] {logging_mixin.py:190} INFO - [2025-04-18T11:13:22.871+0900] {dagbag.py:588} INFO - Filling up the DagBag from /home/kim/airflow_tutorial/py_env/lib/python3.10/site-packages/airflow/example_dags/example_time_delta_sensor_async.py
[2025-04-18T11:13:22.877+0900] {processor.py:925} INFO - DAG(s) 'example_time_delta_sensor_async' retrieved from /home/kim/airflow_tutorial/py_env/lib/python3.10/site-packages/airflow/example_dags/example_time_delta_sensor_async.py
[2025-04-18T11:13:23.022+0900] {logging_mixin.py:190} INFO - [2025-04-18T11:13:23.022+0900] {override.py:1912} INFO - Created Permission View: can delete on DAG:example_time_delta_sensor_async
[2025-04-18T11:13:23.032+0900] {logging_mixin.py:190} INFO - [2025-04-18T11:13:23.032+0900] {override.py:1912} INFO - Created Permission View: can edit on DAG:example_time_delta_sensor_async
[2025-04-18T11:13:23.040+0900] {logging_mixin.py:190} INFO - [2025-04-18T11:13:23.040+0900] {override.py:1912} INFO - Created Permission View: can read on DAG:example_time_delta_sensor_async
[2025-04-18T11:13:23.053+0900] {logging_mixin.py:190} INFO - [2025-04-18T11:13:23.052+0900] {override.py:1912} INFO - Created Permission View: can delete on DAG Run:example_time_delta_sensor_async
[2025-04-18T11:13:23.061+0900] {logging_mixin.py:190} INFO - [2025-04-18T11:13:23.061+0900] {override.py:1912} INFO - Created Permission View: can create on DAG Run:example_time_delta_sensor_async
[2025-04-18T11:13:23.069+0900] {logging_mixin.py:190} INFO - [2025-04-18T11:13:23.069+0900] {override.py:1912} INFO - Created Permission View: menu access on DAG Run:example_time_delta_sensor_async
[2025-04-18T11:13:23.078+0900] {logging_mixin.py:190} INFO - [2025-04-18T11:13:23.077+0900] {override.py:1912} INFO - Created Permission View: can read on DAG Run:example_time_delta_sensor_async
[2025-04-18T11:13:23.078+0900] {logging_mixin.py:190} INFO - [2025-04-18T11:13:23.078+0900] {dag.py:3239} INFO - Sync 1 DAGs
[2025-04-18T11:13:23.086+0900] {logging_mixin.py:190} INFO - [2025-04-18T11:13:23.085+0900] {dag.py:3262} INFO - Creating ORM DAG for example_time_delta_sensor_async
[2025-04-18T11:13:23.086+0900] {logging_mixin.py:190} INFO - [2025-04-18T11:13:23.086+0900] {dag.py:4180} INFO - Setting next_dagrun for example_time_delta_sensor_async to None, run_after=None
[2025-04-18T11:13:23.101+0900] {processor.py:208} INFO - Processing /home/kim/airflow_tutorial/py_env/lib/python3.10/site-packages/airflow/example_dags/example_time_delta_sensor_async.py took 0.235 seconds
[2025-04-18T11:14:27.851+0900] {processor.py:186} INFO - Started process (PID=638216) to work on /home/kim/airflow_tutorial/py_env/lib/python3.10/site-packages/airflow/example_dags/example_time_delta_sensor_async.py
[2025-04-18T11:14:27.853+0900] {processor.py:914} INFO - Processing file /home/kim/airflow_tutorial/py_env/lib/python3.10/site-packages/airflow/example_dags/example_time_delta_sensor_async.py for tasks to queue
[2025-04-18T11:14:27.855+0900] {logging_mixin.py:190} INFO - [2025-04-18T11:14:27.855+0900] {dagbag.py:588} INFO - Filling up the DagBag from /home/kim/airflow_tutorial/py_env/lib/python3.10/site-packages/airflow/example_dags/example_time_delta_sensor_async.py
[2025-04-18T11:14:27.860+0900] {processor.py:925} INFO - DAG(s) 'example_time_delta_sensor_async' retrieved from /home/kim/airflow_tutorial/py_env/lib/python3.10/site-packages/airflow/example_dags/example_time_delta_sensor_async.py
[2025-04-18T11:14:27.871+0900] {logging_mixin.py:190} INFO - [2025-04-18T11:14:27.871+0900] {dag.py:3239} INFO - Sync 1 DAGs
[2025-04-18T11:14:27.880+0900] {logging_mixin.py:190} INFO - [2025-04-18T11:14:27.880+0900] {dag.py:4180} INFO - Setting next_dagrun for example_time_delta_sensor_async to None, run_after=None
[2025-04-18T11:14:27.895+0900] {processor.py:208} INFO - Processing /home/kim/airflow_tutorial/py_env/lib/python3.10/site-packages/airflow/example_dags/example_time_delta_sensor_async.py took 0.049 seconds
[2025-04-18T11:15:24.291+0900] {processor.py:186} INFO - Started process (PID=638733) to work on /home/kim/airflow_tutorial/py_env/lib/python3.10/site-packages/airflow/example_dags/example_time_delta_sensor_async.py
[2025-04-18T11:15:24.294+0900] {processor.py:914} INFO - Processing file /home/kim/airflow_tutorial/py_env/lib/python3.10/site-packages/airflow/example_dags/example_time_delta_sensor_async.py for tasks to queue
[2025-04-18T11:15:24.296+0900] {logging_mixin.py:190} INFO - [2025-04-18T11:15:24.296+0900] {dagbag.py:588} INFO - Filling up the DagBag from /home/kim/airflow_tutorial/py_env/lib/python3.10/site-packages/airflow/example_dags/example_time_delta_sensor_async.py
[2025-04-18T11:15:24.301+0900] {processor.py:925} INFO - DAG(s) 'example_time_delta_sensor_async' retrieved from /home/kim/airflow_tutorial/py_env/lib/python3.10/site-packages/airflow/example_dags/example_time_delta_sensor_async.py
[2025-04-18T11:15:24.313+0900] {logging_mixin.py:190} INFO - [2025-04-18T11:15:24.313+0900] {dag.py:3239} INFO - Sync 1 DAGs
[2025-04-18T11:15:24.323+0900] {logging_mixin.py:190} INFO - [2025-04-18T11:15:24.322+0900] {dag.py:4180} INFO - Setting next_dagrun for example_time_delta_sensor_async to None, run_after=None
[2025-04-18T11:15:24.339+0900] {processor.py:208} INFO - Processing /home/kim/airflow_tutorial/py_env/lib/python3.10/site-packages/airflow/example_dags/example_time_delta_sensor_async.py took 0.054 seconds
[2025-04-18T11:16:28.118+0900] {processor.py:186} INFO - Started process (PID=639333) to work on /home/kim/airflow_tutorial/py_env/lib/python3.10/site-packages/airflow/example_dags/example_time_delta_sensor_async.py
[2025-04-18T11:16:28.121+0900] {processor.py:914} INFO - Processing file /home/kim/airflow_tutorial/py_env/lib/python3.10/site-packages/airflow/example_dags/example_time_delta_sensor_async.py for tasks to queue
[2025-04-18T11:16:28.123+0900] {logging_mixin.py:190} INFO - [2025-04-18T11:16:28.122+0900] {dagbag.py:588} INFO - Filling up the DagBag from /home/kim/airflow_tutorial/py_env/lib/python3.10/site-packages/airflow/example_dags/example_time_delta_sensor_async.py
[2025-04-18T11:16:28.127+0900] {processor.py:925} INFO - DAG(s) 'example_time_delta_sensor_async' retrieved from /home/kim/airflow_tutorial/py_env/lib/python3.10/site-packages/airflow/example_dags/example_time_delta_sensor_async.py
[2025-04-18T11:16:28.136+0900] {logging_mixin.py:190} INFO - [2025-04-18T11:16:28.136+0900] {dag.py:3239} INFO - Sync 1 DAGs
[2025-04-18T11:16:28.144+0900] {logging_mixin.py:190} INFO - [2025-04-18T11:16:28.144+0900] {dag.py:4180} INFO - Setting next_dagrun for example_time_delta_sensor_async to None, run_after=None
[2025-04-18T11:16:28.158+0900] {processor.py:208} INFO - Processing /home/kim/airflow_tutorial/py_env/lib/python3.10/site-packages/airflow/example_dags/example_time_delta_sensor_async.py took 0.044 seconds
[2025-04-18T11:17:25.624+0900] {processor.py:186} INFO - Started process (PID=640017) to work on /home/kim/airflow_tutorial/py_env/lib/python3.10/site-packages/airflow/example_dags/example_time_delta_sensor_async.py
[2025-04-18T11:17:25.627+0900] {processor.py:914} INFO - Processing file /home/kim/airflow_tutorial/py_env/lib/python3.10/site-packages/airflow/example_dags/example_time_delta_sensor_async.py for tasks to queue
[2025-04-18T11:17:25.630+0900] {logging_mixin.py:190} INFO - [2025-04-18T11:17:25.629+0900] {dagbag.py:588} INFO - Filling up the DagBag from /home/kim/airflow_tutorial/py_env/lib/python3.10/site-packages/airflow/example_dags/example_time_delta_sensor_async.py
[2025-04-18T11:17:25.635+0900] {processor.py:925} INFO - DAG(s) 'example_time_delta_sensor_async' retrieved from /home/kim/airflow_tutorial/py_env/lib/python3.10/site-packages/airflow/example_dags/example_time_delta_sensor_async.py
[2025-04-18T11:17:25.646+0900] {logging_mixin.py:190} INFO - [2025-04-18T11:17:25.646+0900] {dag.py:3239} INFO - Sync 1 DAGs
[2025-04-18T11:17:25.655+0900] {logging_mixin.py:190} INFO - [2025-04-18T11:17:25.655+0900] {dag.py:4180} INFO - Setting next_dagrun for example_time_delta_sensor_async to None, run_after=None
[2025-04-18T11:17:25.670+0900] {processor.py:208} INFO - Processing /home/kim/airflow_tutorial/py_env/lib/python3.10/site-packages/airflow/example_dags/example_time_delta_sensor_async.py took 0.051 seconds
[2025-04-18T11:18:26.967+0900] {processor.py:186} INFO - Started process (PID=640542) to work on /home/kim/airflow_tutorial/py_env/lib/python3.10/site-packages/airflow/example_dags/example_time_delta_sensor_async.py
[2025-04-18T11:18:26.970+0900] {processor.py:914} INFO - Processing file /home/kim/airflow_tutorial/py_env/lib/python3.10/site-packages/airflow/example_dags/example_time_delta_sensor_async.py for tasks to queue
[2025-04-18T11:18:26.973+0900] {logging_mixin.py:190} INFO - [2025-04-18T11:18:26.972+0900] {dagbag.py:588} INFO - Filling up the DagBag from /home/kim/airflow_tutorial/py_env/lib/python3.10/site-packages/airflow/example_dags/example_time_delta_sensor_async.py
[2025-04-18T11:18:26.980+0900] {processor.py:925} INFO - DAG(s) 'example_time_delta_sensor_async' retrieved from /home/kim/airflow_tutorial/py_env/lib/python3.10/site-packages/airflow/example_dags/example_time_delta_sensor_async.py
[2025-04-18T11:18:26.999+0900] {logging_mixin.py:190} INFO - [2025-04-18T11:18:26.999+0900] {dag.py:3239} INFO - Sync 1 DAGs
[2025-04-18T11:18:27.012+0900] {logging_mixin.py:190} INFO - [2025-04-18T11:18:27.012+0900] {dag.py:4180} INFO - Setting next_dagrun for example_time_delta_sensor_async to None, run_after=None
[2025-04-18T11:18:27.031+0900] {processor.py:208} INFO - Processing /home/kim/airflow_tutorial/py_env/lib/python3.10/site-packages/airflow/example_dags/example_time_delta_sensor_async.py took 0.073 seconds
[2025-04-18T11:19:26.975+0900] {processor.py:186} INFO - Started process (PID=640978) to work on /home/kim/airflow_tutorial/py_env/lib/python3.10/site-packages/airflow/example_dags/example_time_delta_sensor_async.py
[2025-04-18T11:19:26.978+0900] {processor.py:914} INFO - Processing file /home/kim/airflow_tutorial/py_env/lib/python3.10/site-packages/airflow/example_dags/example_time_delta_sensor_async.py for tasks to queue
[2025-04-18T11:19:26.979+0900] {logging_mixin.py:190} INFO - [2025-04-18T11:19:26.979+0900] {dagbag.py:588} INFO - Filling up the DagBag from /home/kim/airflow_tutorial/py_env/lib/python3.10/site-packages/airflow/example_dags/example_time_delta_sensor_async.py
[2025-04-18T11:19:26.984+0900] {processor.py:925} INFO - DAG(s) 'example_time_delta_sensor_async' retrieved from /home/kim/airflow_tutorial/py_env/lib/python3.10/site-packages/airflow/example_dags/example_time_delta_sensor_async.py
[2025-04-18T11:19:26.995+0900] {logging_mixin.py:190} INFO - [2025-04-18T11:19:26.995+0900] {dag.py:3239} INFO - Sync 1 DAGs
[2025-04-18T11:19:27.004+0900] {logging_mixin.py:190} INFO - [2025-04-18T11:19:27.004+0900] {dag.py:4180} INFO - Setting next_dagrun for example_time_delta_sensor_async to None, run_after=None
[2025-04-18T11:19:27.019+0900] {processor.py:208} INFO - Processing /home/kim/airflow_tutorial/py_env/lib/python3.10/site-packages/airflow/example_dags/example_time_delta_sensor_async.py took 0.049 seconds
[2025-04-18T11:20:22.957+0900] {processor.py:186} INFO - Started process (PID=641262) to work on /home/kim/airflow_tutorial/py_env/lib/python3.10/site-packages/airflow/example_dags/example_time_delta_sensor_async.py
[2025-04-18T11:20:22.958+0900] {processor.py:914} INFO - Processing file /home/kim/airflow_tutorial/py_env/lib/python3.10/site-packages/airflow/example_dags/example_time_delta_sensor_async.py for tasks to queue
[2025-04-18T11:20:22.960+0900] {logging_mixin.py:190} INFO - [2025-04-18T11:20:22.960+0900] {dagbag.py:588} INFO - Filling up the DagBag from /home/kim/airflow_tutorial/py_env/lib/python3.10/site-packages/airflow/example_dags/example_time_delta_sensor_async.py
[2025-04-18T11:20:22.967+0900] {processor.py:925} INFO - DAG(s) 'example_time_delta_sensor_async' retrieved from /home/kim/airflow_tutorial/py_env/lib/python3.10/site-packages/airflow/example_dags/example_time_delta_sensor_async.py
[2025-04-18T11:20:22.978+0900] {logging_mixin.py:190} INFO - [2025-04-18T11:20:22.978+0900] {dag.py:3239} INFO - Sync 1 DAGs
[2025-04-18T11:20:22.987+0900] {logging_mixin.py:190} INFO - [2025-04-18T11:20:22.987+0900] {dag.py:4180} INFO - Setting next_dagrun for example_time_delta_sensor_async to None, run_after=None
[2025-04-18T11:20:23.002+0900] {processor.py:208} INFO - Processing /home/kim/airflow_tutorial/py_env/lib/python3.10/site-packages/airflow/example_dags/example_time_delta_sensor_async.py took 0.050 seconds
[2025-04-18T11:21:22.247+0900] {processor.py:186} INFO - Started process (PID=641553) to work on /home/kim/airflow_tutorial/py_env/lib/python3.10/site-packages/airflow/example_dags/example_time_delta_sensor_async.py
[2025-04-18T11:21:22.250+0900] {processor.py:914} INFO - Processing file /home/kim/airflow_tutorial/py_env/lib/python3.10/site-packages/airflow/example_dags/example_time_delta_sensor_async.py for tasks to queue
[2025-04-18T11:21:22.251+0900] {logging_mixin.py:190} INFO - [2025-04-18T11:21:22.251+0900] {dagbag.py:588} INFO - Filling up the DagBag from /home/kim/airflow_tutorial/py_env/lib/python3.10/site-packages/airflow/example_dags/example_time_delta_sensor_async.py
[2025-04-18T11:21:22.257+0900] {processor.py:925} INFO - DAG(s) 'example_time_delta_sensor_async' retrieved from /home/kim/airflow_tutorial/py_env/lib/python3.10/site-packages/airflow/example_dags/example_time_delta_sensor_async.py
[2025-04-18T11:21:22.268+0900] {logging_mixin.py:190} INFO - [2025-04-18T11:21:22.268+0900] {dag.py:3239} INFO - Sync 1 DAGs
[2025-04-18T11:21:22.277+0900] {logging_mixin.py:190} INFO - [2025-04-18T11:21:22.277+0900] {dag.py:4180} INFO - Setting next_dagrun for example_time_delta_sensor_async to None, run_after=None
[2025-04-18T11:21:22.292+0900] {processor.py:208} INFO - Processing /home/kim/airflow_tutorial/py_env/lib/python3.10/site-packages/airflow/example_dags/example_time_delta_sensor_async.py took 0.050 seconds
[2025-04-18T11:22:24.455+0900] {processor.py:186} INFO - Started process (PID=641891) to work on /home/kim/airflow_tutorial/py_env/lib/python3.10/site-packages/airflow/example_dags/example_time_delta_sensor_async.py
[2025-04-18T11:22:24.458+0900] {processor.py:914} INFO - Processing file /home/kim/airflow_tutorial/py_env/lib/python3.10/site-packages/airflow/example_dags/example_time_delta_sensor_async.py for tasks to queue
[2025-04-18T11:22:24.460+0900] {logging_mixin.py:190} INFO - [2025-04-18T11:22:24.460+0900] {dagbag.py:588} INFO - Filling up the DagBag from /home/kim/airflow_tutorial/py_env/lib/python3.10/site-packages/airflow/example_dags/example_time_delta_sensor_async.py
[2025-04-18T11:22:24.466+0900] {processor.py:925} INFO - DAG(s) 'example_time_delta_sensor_async' retrieved from /home/kim/airflow_tutorial/py_env/lib/python3.10/site-packages/airflow/example_dags/example_time_delta_sensor_async.py
[2025-04-18T11:22:24.477+0900] {logging_mixin.py:190} INFO - [2025-04-18T11:22:24.477+0900] {dag.py:3239} INFO - Sync 1 DAGs
[2025-04-18T11:22:24.486+0900] {logging_mixin.py:190} INFO - [2025-04-18T11:22:24.486+0900] {dag.py:4180} INFO - Setting next_dagrun for example_time_delta_sensor_async to None, run_after=None
[2025-04-18T11:22:24.501+0900] {processor.py:208} INFO - Processing /home/kim/airflow_tutorial/py_env/lib/python3.10/site-packages/airflow/example_dags/example_time_delta_sensor_async.py took 0.051 seconds
[2025-04-18T11:23:25.785+0900] {processor.py:186} INFO - Started process (PID=642306) to work on /home/kim/airflow_tutorial/py_env/lib/python3.10/site-packages/airflow/example_dags/example_time_delta_sensor_async.py
[2025-04-18T11:23:25.787+0900] {processor.py:914} INFO - Processing file /home/kim/airflow_tutorial/py_env/lib/python3.10/site-packages/airflow/example_dags/example_time_delta_sensor_async.py for tasks to queue
[2025-04-18T11:23:25.788+0900] {logging_mixin.py:190} INFO - [2025-04-18T11:23:25.788+0900] {dagbag.py:588} INFO - Filling up the DagBag from /home/kim/airflow_tutorial/py_env/lib/python3.10/site-packages/airflow/example_dags/example_time_delta_sensor_async.py
[2025-04-18T11:23:25.794+0900] {processor.py:925} INFO - DAG(s) 'example_time_delta_sensor_async' retrieved from /home/kim/airflow_tutorial/py_env/lib/python3.10/site-packages/airflow/example_dags/example_time_delta_sensor_async.py
[2025-04-18T11:23:25.806+0900] {logging_mixin.py:190} INFO - [2025-04-18T11:23:25.806+0900] {dag.py:3239} INFO - Sync 1 DAGs
[2025-04-18T11:23:25.816+0900] {logging_mixin.py:190} INFO - [2025-04-18T11:23:25.816+0900] {dag.py:4180} INFO - Setting next_dagrun for example_time_delta_sensor_async to None, run_after=None
[2025-04-18T11:23:25.833+0900] {processor.py:208} INFO - Processing /home/kim/airflow_tutorial/py_env/lib/python3.10/site-packages/airflow/example_dags/example_time_delta_sensor_async.py took 0.053 seconds
[2025-04-18T11:24:21.979+0900] {processor.py:186} INFO - Started process (PID=642661) to work on /home/kim/airflow_tutorial/py_env/lib/python3.10/site-packages/airflow/example_dags/example_time_delta_sensor_async.py
[2025-04-18T11:24:21.981+0900] {processor.py:914} INFO - Processing file /home/kim/airflow_tutorial/py_env/lib/python3.10/site-packages/airflow/example_dags/example_time_delta_sensor_async.py for tasks to queue
[2025-04-18T11:24:21.982+0900] {logging_mixin.py:190} INFO - [2025-04-18T11:24:21.982+0900] {dagbag.py:588} INFO - Filling up the DagBag from /home/kim/airflow_tutorial/py_env/lib/python3.10/site-packages/airflow/example_dags/example_time_delta_sensor_async.py
[2025-04-18T11:24:21.988+0900] {processor.py:925} INFO - DAG(s) 'example_time_delta_sensor_async' retrieved from /home/kim/airflow_tutorial/py_env/lib/python3.10/site-packages/airflow/example_dags/example_time_delta_sensor_async.py
[2025-04-18T11:24:21.997+0900] {logging_mixin.py:190} INFO - [2025-04-18T11:24:21.997+0900] {dag.py:3239} INFO - Sync 1 DAGs
[2025-04-18T11:24:22.006+0900] {logging_mixin.py:190} INFO - [2025-04-18T11:24:22.006+0900] {dag.py:4180} INFO - Setting next_dagrun for example_time_delta_sensor_async to None, run_after=None
[2025-04-18T11:24:22.023+0900] {processor.py:208} INFO - Processing /home/kim/airflow_tutorial/py_env/lib/python3.10/site-packages/airflow/example_dags/example_time_delta_sensor_async.py took 0.048 seconds
[2025-04-18T11:25:23.534+0900] {processor.py:186} INFO - Started process (PID=643122) to work on /home/kim/airflow_tutorial/py_env/lib/python3.10/site-packages/airflow/example_dags/example_time_delta_sensor_async.py
[2025-04-18T11:25:23.537+0900] {processor.py:914} INFO - Processing file /home/kim/airflow_tutorial/py_env/lib/python3.10/site-packages/airflow/example_dags/example_time_delta_sensor_async.py for tasks to queue
[2025-04-18T11:25:23.538+0900] {logging_mixin.py:190} INFO - [2025-04-18T11:25:23.538+0900] {dagbag.py:588} INFO - Filling up the DagBag from /home/kim/airflow_tutorial/py_env/lib/python3.10/site-packages/airflow/example_dags/example_time_delta_sensor_async.py
[2025-04-18T11:25:23.544+0900] {processor.py:925} INFO - DAG(s) 'example_time_delta_sensor_async' retrieved from /home/kim/airflow_tutorial/py_env/lib/python3.10/site-packages/airflow/example_dags/example_time_delta_sensor_async.py
[2025-04-18T11:25:23.554+0900] {logging_mixin.py:190} INFO - [2025-04-18T11:25:23.553+0900] {dag.py:3239} INFO - Sync 1 DAGs
[2025-04-18T11:25:23.562+0900] {logging_mixin.py:190} INFO - [2025-04-18T11:25:23.562+0900] {dag.py:4180} INFO - Setting next_dagrun for example_time_delta_sensor_async to None, run_after=None
[2025-04-18T11:25:23.578+0900] {processor.py:208} INFO - Processing /home/kim/airflow_tutorial/py_env/lib/python3.10/site-packages/airflow/example_dags/example_time_delta_sensor_async.py took 0.048 seconds
[2025-04-18T12:03:11.846+0900] {processor.py:186} INFO - Started process (PID=651775) to work on /home/kim/airflow_tutorial/py_env/lib/python3.10/site-packages/airflow/example_dags/example_time_delta_sensor_async.py
[2025-04-18T12:03:11.847+0900] {processor.py:914} INFO - Processing file /home/kim/airflow_tutorial/py_env/lib/python3.10/site-packages/airflow/example_dags/example_time_delta_sensor_async.py for tasks to queue
[2025-04-18T12:03:11.849+0900] {logging_mixin.py:190} INFO - [2025-04-18T12:03:11.849+0900] {dagbag.py:588} INFO - Filling up the DagBag from /home/kim/airflow_tutorial/py_env/lib/python3.10/site-packages/airflow/example_dags/example_time_delta_sensor_async.py
[2025-04-18T12:03:11.855+0900] {processor.py:925} INFO - DAG(s) 'example_time_delta_sensor_async' retrieved from /home/kim/airflow_tutorial/py_env/lib/python3.10/site-packages/airflow/example_dags/example_time_delta_sensor_async.py
[2025-04-18T12:03:12.010+0900] {logging_mixin.py:190} INFO - [2025-04-18T12:03:12.009+0900] {override.py:1912} INFO - Created Permission View: can read on DAG:example_time_delta_sensor_async
[2025-04-18T12:03:12.019+0900] {logging_mixin.py:190} INFO - [2025-04-18T12:03:12.019+0900] {override.py:1912} INFO - Created Permission View: can edit on DAG:example_time_delta_sensor_async
[2025-04-18T12:03:12.026+0900] {logging_mixin.py:190} INFO - [2025-04-18T12:03:12.026+0900] {override.py:1912} INFO - Created Permission View: can delete on DAG:example_time_delta_sensor_async
[2025-04-18T12:03:12.037+0900] {logging_mixin.py:190} INFO - [2025-04-18T12:03:12.036+0900] {override.py:1912} INFO - Created Permission View: can read on DAG Run:example_time_delta_sensor_async
[2025-04-18T12:03:12.045+0900] {logging_mixin.py:190} INFO - [2025-04-18T12:03:12.045+0900] {override.py:1912} INFO - Created Permission View: can create on DAG Run:example_time_delta_sensor_async
[2025-04-18T12:03:12.053+0900] {logging_mixin.py:190} INFO - [2025-04-18T12:03:12.053+0900] {override.py:1912} INFO - Created Permission View: menu access on DAG Run:example_time_delta_sensor_async
[2025-04-18T12:03:12.061+0900] {logging_mixin.py:190} INFO - [2025-04-18T12:03:12.061+0900] {override.py:1912} INFO - Created Permission View: can delete on DAG Run:example_time_delta_sensor_async
[2025-04-18T12:03:12.062+0900] {logging_mixin.py:190} INFO - [2025-04-18T12:03:12.061+0900] {dag.py:3239} INFO - Sync 1 DAGs
[2025-04-18T12:03:12.070+0900] {logging_mixin.py:190} INFO - [2025-04-18T12:03:12.070+0900] {dag.py:3262} INFO - Creating ORM DAG for example_time_delta_sensor_async
[2025-04-18T12:03:12.071+0900] {logging_mixin.py:190} INFO - [2025-04-18T12:03:12.071+0900] {dag.py:4180} INFO - Setting next_dagrun for example_time_delta_sensor_async to None, run_after=None
[2025-04-18T12:03:12.085+0900] {processor.py:208} INFO - Processing /home/kim/airflow_tutorial/py_env/lib/python3.10/site-packages/airflow/example_dags/example_time_delta_sensor_async.py took 0.246 seconds
[2025-04-18T12:05:18.628+0900] {processor.py:186} INFO - Started process (PID=653609) to work on /home/kim/airflow_tutorial/py_env/lib/python3.10/site-packages/airflow/example_dags/example_time_delta_sensor_async.py
[2025-04-18T12:05:18.629+0900] {processor.py:914} INFO - Processing file /home/kim/airflow_tutorial/py_env/lib/python3.10/site-packages/airflow/example_dags/example_time_delta_sensor_async.py for tasks to queue
[2025-04-18T12:05:18.632+0900] {logging_mixin.py:190} INFO - [2025-04-18T12:05:18.632+0900] {dagbag.py:588} INFO - Filling up the DagBag from /home/kim/airflow_tutorial/py_env/lib/python3.10/site-packages/airflow/example_dags/example_time_delta_sensor_async.py
[2025-04-18T12:05:18.637+0900] {processor.py:925} INFO - DAG(s) 'example_time_delta_sensor_async' retrieved from /home/kim/airflow_tutorial/py_env/lib/python3.10/site-packages/airflow/example_dags/example_time_delta_sensor_async.py
[2025-04-18T12:05:18.735+0900] {logging_mixin.py:190} INFO - [2025-04-18T12:05:18.734+0900] {dag.py:3239} INFO - Sync 1 DAGs
[2025-04-18T12:05:18.744+0900] {logging_mixin.py:190} INFO - [2025-04-18T12:05:18.743+0900] {dag.py:4180} INFO - Setting next_dagrun for example_time_delta_sensor_async to None, run_after=None
[2025-04-18T12:05:18.762+0900] {processor.py:208} INFO - Processing /home/kim/airflow_tutorial/py_env/lib/python3.10/site-packages/airflow/example_dags/example_time_delta_sensor_async.py took 0.139 seconds
[2025-04-18T12:05:49.416+0900] {processor.py:186} INFO - Started process (PID=654083) to work on /home/kim/airflow_tutorial/py_env/lib/python3.10/site-packages/airflow/example_dags/example_time_delta_sensor_async.py
[2025-04-18T12:05:49.418+0900] {processor.py:914} INFO - Processing file /home/kim/airflow_tutorial/py_env/lib/python3.10/site-packages/airflow/example_dags/example_time_delta_sensor_async.py for tasks to queue
[2025-04-18T12:05:49.420+0900] {logging_mixin.py:190} INFO - [2025-04-18T12:05:49.419+0900] {dagbag.py:588} INFO - Filling up the DagBag from /home/kim/airflow_tutorial/py_env/lib/python3.10/site-packages/airflow/example_dags/example_time_delta_sensor_async.py
[2025-04-18T12:05:49.427+0900] {processor.py:925} INFO - DAG(s) 'example_time_delta_sensor_async' retrieved from /home/kim/airflow_tutorial/py_env/lib/python3.10/site-packages/airflow/example_dags/example_time_delta_sensor_async.py
[2025-04-18T12:05:49.456+0900] {logging_mixin.py:190} INFO - [2025-04-18T12:05:49.456+0900] {dag.py:3239} INFO - Sync 1 DAGs
[2025-04-18T12:05:49.470+0900] {logging_mixin.py:190} INFO - [2025-04-18T12:05:49.470+0900] {dag.py:4180} INFO - Setting next_dagrun for example_time_delta_sensor_async to None, run_after=None
[2025-04-18T12:05:49.497+0900] {processor.py:208} INFO - Processing /home/kim/airflow_tutorial/py_env/lib/python3.10/site-packages/airflow/example_dags/example_time_delta_sensor_async.py took 0.089 seconds
[2025-04-18T12:06:20.214+0900] {processor.py:186} INFO - Started process (PID=654466) to work on /home/kim/airflow_tutorial/py_env/lib/python3.10/site-packages/airflow/example_dags/example_time_delta_sensor_async.py
[2025-04-18T12:06:20.215+0900] {processor.py:914} INFO - Processing file /home/kim/airflow_tutorial/py_env/lib/python3.10/site-packages/airflow/example_dags/example_time_delta_sensor_async.py for tasks to queue
[2025-04-18T12:06:20.216+0900] {logging_mixin.py:190} INFO - [2025-04-18T12:06:20.216+0900] {dagbag.py:588} INFO - Filling up the DagBag from /home/kim/airflow_tutorial/py_env/lib/python3.10/site-packages/airflow/example_dags/example_time_delta_sensor_async.py
[2025-04-18T12:06:20.222+0900] {processor.py:925} INFO - DAG(s) 'example_time_delta_sensor_async' retrieved from /home/kim/airflow_tutorial/py_env/lib/python3.10/site-packages/airflow/example_dags/example_time_delta_sensor_async.py
[2025-04-18T12:06:20.241+0900] {logging_mixin.py:190} INFO - [2025-04-18T12:06:20.241+0900] {dag.py:3239} INFO - Sync 1 DAGs
[2025-04-18T12:06:20.252+0900] {logging_mixin.py:190} INFO - [2025-04-18T12:06:20.251+0900] {dag.py:4180} INFO - Setting next_dagrun for example_time_delta_sensor_async to None, run_after=None
[2025-04-18T12:06:20.269+0900] {processor.py:208} INFO - Processing /home/kim/airflow_tutorial/py_env/lib/python3.10/site-packages/airflow/example_dags/example_time_delta_sensor_async.py took 0.060 seconds
