[2025-04-18T11:13:47.823+0900] {processor.py:186} INFO - Started process (PID=637913) to work on /home/kim/airflow_tutorial/py_env/lib/python3.10/site-packages/airflow/example_dags/example_inlet_event_extra.py
[2025-04-18T11:13:47.824+0900] {processor.py:914} INFO - Processing file /home/kim/airflow_tutorial/py_env/lib/python3.10/site-packages/airflow/example_dags/example_inlet_event_extra.py for tasks to queue
[2025-04-18T11:13:47.826+0900] {logging_mixin.py:190} INFO - [2025-04-18T11:13:47.825+0900] {dagbag.py:588} INFO - Filling up the DagBag from /home/kim/airflow_tutorial/py_env/lib/python3.10/site-packages/airflow/example_dags/example_inlet_event_extra.py
[2025-04-18T11:13:47.836+0900] {processor.py:925} INFO - DAG(s) 'read_dataset_event', 'read_dataset_event_from_classic' retrieved from /home/kim/airflow_tutorial/py_env/lib/python3.10/site-packages/airflow/example_dags/example_inlet_event_extra.py
[2025-04-18T11:13:47.902+0900] {logging_mixin.py:190} INFO - [2025-04-18T11:13:47.901+0900] {override.py:1912} INFO - Created Permission View: can delete on DAG:read_dataset_event
[2025-04-18T11:13:47.910+0900] {logging_mixin.py:190} INFO - [2025-04-18T11:13:47.910+0900] {override.py:1912} INFO - Created Permission View: can edit on DAG:read_dataset_event
[2025-04-18T11:13:47.917+0900] {logging_mixin.py:190} INFO - [2025-04-18T11:13:47.917+0900] {override.py:1912} INFO - Created Permission View: can read on DAG:read_dataset_event
[2025-04-18T11:13:47.928+0900] {logging_mixin.py:190} INFO - [2025-04-18T11:13:47.928+0900] {override.py:1912} INFO - Created Permission View: can delete on DAG Run:read_dataset_event
[2025-04-18T11:13:47.935+0900] {logging_mixin.py:190} INFO - [2025-04-18T11:13:47.935+0900] {override.py:1912} INFO - Created Permission View: can create on DAG Run:read_dataset_event
[2025-04-18T11:13:47.943+0900] {logging_mixin.py:190} INFO - [2025-04-18T11:13:47.942+0900] {override.py:1912} INFO - Created Permission View: menu access on DAG Run:read_dataset_event
[2025-04-18T11:13:47.951+0900] {logging_mixin.py:190} INFO - [2025-04-18T11:13:47.950+0900] {override.py:1912} INFO - Created Permission View: can read on DAG Run:read_dataset_event
[2025-04-18T11:13:47.966+0900] {logging_mixin.py:190} INFO - [2025-04-18T11:13:47.965+0900] {override.py:1912} INFO - Created Permission View: can delete on DAG:read_dataset_event_from_classic
[2025-04-18T11:13:47.974+0900] {logging_mixin.py:190} INFO - [2025-04-18T11:13:47.973+0900] {override.py:1912} INFO - Created Permission View: can edit on DAG:read_dataset_event_from_classic
[2025-04-18T11:13:47.982+0900] {logging_mixin.py:190} INFO - [2025-04-18T11:13:47.981+0900] {override.py:1912} INFO - Created Permission View: can read on DAG:read_dataset_event_from_classic
[2025-04-18T11:13:47.994+0900] {logging_mixin.py:190} INFO - [2025-04-18T11:13:47.994+0900] {override.py:1912} INFO - Created Permission View: can delete on DAG Run:read_dataset_event_from_classic
[2025-04-18T11:13:48.002+0900] {logging_mixin.py:190} INFO - [2025-04-18T11:13:48.002+0900] {override.py:1912} INFO - Created Permission View: can create on DAG Run:read_dataset_event_from_classic
[2025-04-18T11:13:48.010+0900] {logging_mixin.py:190} INFO - [2025-04-18T11:13:48.009+0900] {override.py:1912} INFO - Created Permission View: menu access on DAG Run:read_dataset_event_from_classic
[2025-04-18T11:13:48.017+0900] {logging_mixin.py:190} INFO - [2025-04-18T11:13:48.017+0900] {override.py:1912} INFO - Created Permission View: can read on DAG Run:read_dataset_event_from_classic
[2025-04-18T11:13:48.018+0900] {logging_mixin.py:190} INFO - [2025-04-18T11:13:48.017+0900] {dag.py:3239} INFO - Sync 2 DAGs
[2025-04-18T11:13:48.026+0900] {logging_mixin.py:190} INFO - [2025-04-18T11:13:48.026+0900] {dag.py:3262} INFO - Creating ORM DAG for read_dataset_event
[2025-04-18T11:13:48.026+0900] {logging_mixin.py:190} INFO - [2025-04-18T11:13:48.026+0900] {dag.py:3262} INFO - Creating ORM DAG for read_dataset_event_from_classic
[2025-04-18T11:13:48.033+0900] {logging_mixin.py:190} INFO - [2025-04-18T11:13:48.033+0900] {dag.py:4180} INFO - Setting next_dagrun for read_dataset_event to 2025-04-17 00:00:00+00:00, run_after=2025-04-18 00:00:00+00:00
[2025-04-18T11:13:48.035+0900] {logging_mixin.py:190} INFO - [2025-04-18T11:13:48.035+0900] {dag.py:4180} INFO - Setting next_dagrun for read_dataset_event_from_classic to 2025-04-17 00:00:00+00:00, run_after=2025-04-18 00:00:00+00:00
[2025-04-18T11:13:48.052+0900] {processor.py:208} INFO - Processing /home/kim/airflow_tutorial/py_env/lib/python3.10/site-packages/airflow/example_dags/example_inlet_event_extra.py took 0.234 seconds
[2025-04-18T11:14:52.784+0900] {processor.py:186} INFO - Started process (PID=638460) to work on /home/kim/airflow_tutorial/py_env/lib/python3.10/site-packages/airflow/example_dags/example_inlet_event_extra.py
[2025-04-18T11:14:52.787+0900] {processor.py:914} INFO - Processing file /home/kim/airflow_tutorial/py_env/lib/python3.10/site-packages/airflow/example_dags/example_inlet_event_extra.py for tasks to queue
[2025-04-18T11:14:52.790+0900] {logging_mixin.py:190} INFO - [2025-04-18T11:14:52.789+0900] {dagbag.py:588} INFO - Filling up the DagBag from /home/kim/airflow_tutorial/py_env/lib/python3.10/site-packages/airflow/example_dags/example_inlet_event_extra.py
[2025-04-18T11:14:52.805+0900] {processor.py:925} INFO - DAG(s) 'read_dataset_event', 'read_dataset_event_from_classic' retrieved from /home/kim/airflow_tutorial/py_env/lib/python3.10/site-packages/airflow/example_dags/example_inlet_event_extra.py
[2025-04-18T11:14:52.822+0900] {logging_mixin.py:190} INFO - [2025-04-18T11:14:52.821+0900] {dag.py:3239} INFO - Sync 2 DAGs
[2025-04-18T11:14:52.842+0900] {logging_mixin.py:190} INFO - [2025-04-18T11:14:52.842+0900] {dag.py:4180} INFO - Setting next_dagrun for read_dataset_event to 2025-04-17 00:00:00+00:00, run_after=2025-04-18 00:00:00+00:00
[2025-04-18T11:14:52.847+0900] {logging_mixin.py:190} INFO - [2025-04-18T11:14:52.847+0900] {dag.py:4180} INFO - Setting next_dagrun for read_dataset_event_from_classic to 2025-04-17 00:00:00+00:00, run_after=2025-04-18 00:00:00+00:00
[2025-04-18T11:14:52.864+0900] {processor.py:208} INFO - Processing /home/kim/airflow_tutorial/py_env/lib/python3.10/site-packages/airflow/example_dags/example_inlet_event_extra.py took 0.086 seconds
[2025-04-18T11:15:51.879+0900] {processor.py:186} INFO - Started process (PID=638834) to work on /home/kim/airflow_tutorial/py_env/lib/python3.10/site-packages/airflow/example_dags/example_inlet_event_extra.py
[2025-04-18T11:15:51.881+0900] {processor.py:914} INFO - Processing file /home/kim/airflow_tutorial/py_env/lib/python3.10/site-packages/airflow/example_dags/example_inlet_event_extra.py for tasks to queue
[2025-04-18T11:15:51.883+0900] {logging_mixin.py:190} INFO - [2025-04-18T11:15:51.883+0900] {dagbag.py:588} INFO - Filling up the DagBag from /home/kim/airflow_tutorial/py_env/lib/python3.10/site-packages/airflow/example_dags/example_inlet_event_extra.py
[2025-04-18T11:15:51.892+0900] {processor.py:925} INFO - DAG(s) 'read_dataset_event_from_classic', 'read_dataset_event' retrieved from /home/kim/airflow_tutorial/py_env/lib/python3.10/site-packages/airflow/example_dags/example_inlet_event_extra.py
[2025-04-18T11:15:51.904+0900] {logging_mixin.py:190} INFO - [2025-04-18T11:15:51.904+0900] {dag.py:3239} INFO - Sync 2 DAGs
[2025-04-18T11:15:51.918+0900] {logging_mixin.py:190} INFO - [2025-04-18T11:15:51.917+0900] {dag.py:4180} INFO - Setting next_dagrun for read_dataset_event to 2025-04-17 00:00:00+00:00, run_after=2025-04-18 00:00:00+00:00
[2025-04-18T11:15:51.920+0900] {logging_mixin.py:190} INFO - [2025-04-18T11:15:51.920+0900] {dag.py:4180} INFO - Setting next_dagrun for read_dataset_event_from_classic to 2025-04-17 00:00:00+00:00, run_after=2025-04-18 00:00:00+00:00
[2025-04-18T11:15:51.935+0900] {processor.py:208} INFO - Processing /home/kim/airflow_tutorial/py_env/lib/python3.10/site-packages/airflow/example_dags/example_inlet_event_extra.py took 0.061 seconds
[2025-04-18T11:16:52.409+0900] {processor.py:186} INFO - Started process (PID=639574) to work on /home/kim/airflow_tutorial/py_env/lib/python3.10/site-packages/airflow/example_dags/example_inlet_event_extra.py
[2025-04-18T11:16:52.412+0900] {processor.py:914} INFO - Processing file /home/kim/airflow_tutorial/py_env/lib/python3.10/site-packages/airflow/example_dags/example_inlet_event_extra.py for tasks to queue
[2025-04-18T11:16:52.413+0900] {logging_mixin.py:190} INFO - [2025-04-18T11:16:52.413+0900] {dagbag.py:588} INFO - Filling up the DagBag from /home/kim/airflow_tutorial/py_env/lib/python3.10/site-packages/airflow/example_dags/example_inlet_event_extra.py
[2025-04-18T11:16:52.423+0900] {processor.py:925} INFO - DAG(s) 'read_dataset_event_from_classic', 'read_dataset_event' retrieved from /home/kim/airflow_tutorial/py_env/lib/python3.10/site-packages/airflow/example_dags/example_inlet_event_extra.py
[2025-04-18T11:16:52.435+0900] {logging_mixin.py:190} INFO - [2025-04-18T11:16:52.434+0900] {dag.py:3239} INFO - Sync 2 DAGs
[2025-04-18T11:16:52.449+0900] {logging_mixin.py:190} INFO - [2025-04-18T11:16:52.449+0900] {dag.py:4180} INFO - Setting next_dagrun for read_dataset_event to 2025-04-17 00:00:00+00:00, run_after=2025-04-18 00:00:00+00:00
[2025-04-18T11:16:52.453+0900] {logging_mixin.py:190} INFO - [2025-04-18T11:16:52.452+0900] {dag.py:4180} INFO - Setting next_dagrun for read_dataset_event_from_classic to 2025-04-17 00:00:00+00:00, run_after=2025-04-18 00:00:00+00:00
[2025-04-18T11:16:52.466+0900] {processor.py:208} INFO - Processing /home/kim/airflow_tutorial/py_env/lib/python3.10/site-packages/airflow/example_dags/example_inlet_event_extra.py took 0.062 seconds
[2025-04-18T11:17:52.590+0900] {processor.py:186} INFO - Started process (PID=640153) to work on /home/kim/airflow_tutorial/py_env/lib/python3.10/site-packages/airflow/example_dags/example_inlet_event_extra.py
[2025-04-18T11:17:52.591+0900] {processor.py:914} INFO - Processing file /home/kim/airflow_tutorial/py_env/lib/python3.10/site-packages/airflow/example_dags/example_inlet_event_extra.py for tasks to queue
[2025-04-18T11:17:52.593+0900] {logging_mixin.py:190} INFO - [2025-04-18T11:17:52.593+0900] {dagbag.py:588} INFO - Filling up the DagBag from /home/kim/airflow_tutorial/py_env/lib/python3.10/site-packages/airflow/example_dags/example_inlet_event_extra.py
[2025-04-18T11:17:52.604+0900] {processor.py:925} INFO - DAG(s) 'read_dataset_event', 'read_dataset_event_from_classic' retrieved from /home/kim/airflow_tutorial/py_env/lib/python3.10/site-packages/airflow/example_dags/example_inlet_event_extra.py
[2025-04-18T11:17:52.618+0900] {logging_mixin.py:190} INFO - [2025-04-18T11:17:52.618+0900] {dag.py:3239} INFO - Sync 2 DAGs
[2025-04-18T11:17:52.638+0900] {logging_mixin.py:190} INFO - [2025-04-18T11:17:52.637+0900] {dag.py:4180} INFO - Setting next_dagrun for read_dataset_event to 2025-04-17 00:00:00+00:00, run_after=2025-04-18 00:00:00+00:00
[2025-04-18T11:17:52.643+0900] {logging_mixin.py:190} INFO - [2025-04-18T11:17:52.643+0900] {dag.py:4180} INFO - Setting next_dagrun for read_dataset_event_from_classic to 2025-04-17 00:00:00+00:00, run_after=2025-04-18 00:00:00+00:00
[2025-04-18T11:17:52.659+0900] {processor.py:208} INFO - Processing /home/kim/airflow_tutorial/py_env/lib/python3.10/site-packages/airflow/example_dags/example_inlet_event_extra.py took 0.074 seconds
[2025-04-18T11:18:53.248+0900] {processor.py:186} INFO - Started process (PID=640782) to work on /home/kim/airflow_tutorial/py_env/lib/python3.10/site-packages/airflow/example_dags/example_inlet_event_extra.py
[2025-04-18T11:18:53.250+0900] {processor.py:914} INFO - Processing file /home/kim/airflow_tutorial/py_env/lib/python3.10/site-packages/airflow/example_dags/example_inlet_event_extra.py for tasks to queue
[2025-04-18T11:18:53.252+0900] {logging_mixin.py:190} INFO - [2025-04-18T11:18:53.252+0900] {dagbag.py:588} INFO - Filling up the DagBag from /home/kim/airflow_tutorial/py_env/lib/python3.10/site-packages/airflow/example_dags/example_inlet_event_extra.py
[2025-04-18T11:18:53.262+0900] {processor.py:925} INFO - DAG(s) 'read_dataset_event_from_classic', 'read_dataset_event' retrieved from /home/kim/airflow_tutorial/py_env/lib/python3.10/site-packages/airflow/example_dags/example_inlet_event_extra.py
[2025-04-18T11:18:53.276+0900] {logging_mixin.py:190} INFO - [2025-04-18T11:18:53.276+0900] {dag.py:3239} INFO - Sync 2 DAGs
[2025-04-18T11:18:53.296+0900] {logging_mixin.py:190} INFO - [2025-04-18T11:18:53.296+0900] {dag.py:4180} INFO - Setting next_dagrun for read_dataset_event to 2025-04-17 00:00:00+00:00, run_after=2025-04-18 00:00:00+00:00
[2025-04-18T11:18:53.300+0900] {logging_mixin.py:190} INFO - [2025-04-18T11:18:53.299+0900] {dag.py:4180} INFO - Setting next_dagrun for read_dataset_event_from_classic to 2025-04-17 00:00:00+00:00, run_after=2025-04-18 00:00:00+00:00
[2025-04-18T11:18:53.316+0900] {processor.py:208} INFO - Processing /home/kim/airflow_tutorial/py_env/lib/python3.10/site-packages/airflow/example_dags/example_inlet_event_extra.py took 0.073 seconds
[2025-04-18T11:19:48.794+0900] {processor.py:186} INFO - Started process (PID=641068) to work on /home/kim/airflow_tutorial/py_env/lib/python3.10/site-packages/airflow/example_dags/example_inlet_event_extra.py
[2025-04-18T11:19:48.796+0900] {processor.py:914} INFO - Processing file /home/kim/airflow_tutorial/py_env/lib/python3.10/site-packages/airflow/example_dags/example_inlet_event_extra.py for tasks to queue
[2025-04-18T11:19:48.797+0900] {logging_mixin.py:190} INFO - [2025-04-18T11:19:48.797+0900] {dagbag.py:588} INFO - Filling up the DagBag from /home/kim/airflow_tutorial/py_env/lib/python3.10/site-packages/airflow/example_dags/example_inlet_event_extra.py
[2025-04-18T11:19:48.807+0900] {processor.py:925} INFO - DAG(s) 'read_dataset_event_from_classic', 'read_dataset_event' retrieved from /home/kim/airflow_tutorial/py_env/lib/python3.10/site-packages/airflow/example_dags/example_inlet_event_extra.py
[2025-04-18T11:19:48.819+0900] {logging_mixin.py:190} INFO - [2025-04-18T11:19:48.819+0900] {dag.py:3239} INFO - Sync 2 DAGs
[2025-04-18T11:19:48.834+0900] {logging_mixin.py:190} INFO - [2025-04-18T11:19:48.834+0900] {dag.py:4180} INFO - Setting next_dagrun for read_dataset_event to 2025-04-17 00:00:00+00:00, run_after=2025-04-18 00:00:00+00:00
[2025-04-18T11:19:48.837+0900] {logging_mixin.py:190} INFO - [2025-04-18T11:19:48.837+0900] {dag.py:4180} INFO - Setting next_dagrun for read_dataset_event_from_classic to 2025-04-17 00:00:00+00:00, run_after=2025-04-18 00:00:00+00:00
[2025-04-18T11:19:48.851+0900] {processor.py:208} INFO - Processing /home/kim/airflow_tutorial/py_env/lib/python3.10/site-packages/airflow/example_dags/example_inlet_event_extra.py took 0.062 seconds
[2025-04-18T11:20:50.119+0900] {processor.py:186} INFO - Started process (PID=641361) to work on /home/kim/airflow_tutorial/py_env/lib/python3.10/site-packages/airflow/example_dags/example_inlet_event_extra.py
[2025-04-18T11:20:50.121+0900] {processor.py:914} INFO - Processing file /home/kim/airflow_tutorial/py_env/lib/python3.10/site-packages/airflow/example_dags/example_inlet_event_extra.py for tasks to queue
[2025-04-18T11:20:50.123+0900] {logging_mixin.py:190} INFO - [2025-04-18T11:20:50.122+0900] {dagbag.py:588} INFO - Filling up the DagBag from /home/kim/airflow_tutorial/py_env/lib/python3.10/site-packages/airflow/example_dags/example_inlet_event_extra.py
[2025-04-18T11:20:50.132+0900] {processor.py:925} INFO - DAG(s) 'read_dataset_event', 'read_dataset_event_from_classic' retrieved from /home/kim/airflow_tutorial/py_env/lib/python3.10/site-packages/airflow/example_dags/example_inlet_event_extra.py
[2025-04-18T11:20:50.145+0900] {logging_mixin.py:190} INFO - [2025-04-18T11:20:50.145+0900] {dag.py:3239} INFO - Sync 2 DAGs
[2025-04-18T11:20:50.162+0900] {logging_mixin.py:190} INFO - [2025-04-18T11:20:50.162+0900] {dag.py:4180} INFO - Setting next_dagrun for read_dataset_event to 2025-04-17 00:00:00+00:00, run_after=2025-04-18 00:00:00+00:00
[2025-04-18T11:20:50.165+0900] {logging_mixin.py:190} INFO - [2025-04-18T11:20:50.164+0900] {dag.py:4180} INFO - Setting next_dagrun for read_dataset_event_from_classic to 2025-04-17 00:00:00+00:00, run_after=2025-04-18 00:00:00+00:00
[2025-04-18T11:20:50.179+0900] {processor.py:208} INFO - Processing /home/kim/airflow_tutorial/py_env/lib/python3.10/site-packages/airflow/example_dags/example_inlet_event_extra.py took 0.065 seconds
[2025-04-18T11:21:51.361+0900] {processor.py:186} INFO - Started process (PID=641658) to work on /home/kim/airflow_tutorial/py_env/lib/python3.10/site-packages/airflow/example_dags/example_inlet_event_extra.py
[2025-04-18T11:21:51.362+0900] {processor.py:914} INFO - Processing file /home/kim/airflow_tutorial/py_env/lib/python3.10/site-packages/airflow/example_dags/example_inlet_event_extra.py for tasks to queue
[2025-04-18T11:21:51.364+0900] {logging_mixin.py:190} INFO - [2025-04-18T11:21:51.364+0900] {dagbag.py:588} INFO - Filling up the DagBag from /home/kim/airflow_tutorial/py_env/lib/python3.10/site-packages/airflow/example_dags/example_inlet_event_extra.py
[2025-04-18T11:21:51.374+0900] {processor.py:925} INFO - DAG(s) 'read_dataset_event', 'read_dataset_event_from_classic' retrieved from /home/kim/airflow_tutorial/py_env/lib/python3.10/site-packages/airflow/example_dags/example_inlet_event_extra.py
[2025-04-18T11:21:51.387+0900] {logging_mixin.py:190} INFO - [2025-04-18T11:21:51.386+0900] {dag.py:3239} INFO - Sync 2 DAGs
[2025-04-18T11:21:51.402+0900] {logging_mixin.py:190} INFO - [2025-04-18T11:21:51.402+0900] {dag.py:4180} INFO - Setting next_dagrun for read_dataset_event to 2025-04-17 00:00:00+00:00, run_after=2025-04-18 00:00:00+00:00
[2025-04-18T11:21:51.405+0900] {logging_mixin.py:190} INFO - [2025-04-18T11:21:51.405+0900] {dag.py:4180} INFO - Setting next_dagrun for read_dataset_event_from_classic to 2025-04-17 00:00:00+00:00, run_after=2025-04-18 00:00:00+00:00
[2025-04-18T11:21:51.419+0900] {processor.py:208} INFO - Processing /home/kim/airflow_tutorial/py_env/lib/python3.10/site-packages/airflow/example_dags/example_inlet_event_extra.py took 0.064 seconds
[2025-04-18T11:22:52.544+0900] {processor.py:186} INFO - Started process (PID=642113) to work on /home/kim/airflow_tutorial/py_env/lib/python3.10/site-packages/airflow/example_dags/example_inlet_event_extra.py
[2025-04-18T11:22:52.547+0900] {processor.py:914} INFO - Processing file /home/kim/airflow_tutorial/py_env/lib/python3.10/site-packages/airflow/example_dags/example_inlet_event_extra.py for tasks to queue
[2025-04-18T11:22:52.549+0900] {logging_mixin.py:190} INFO - [2025-04-18T11:22:52.549+0900] {dagbag.py:588} INFO - Filling up the DagBag from /home/kim/airflow_tutorial/py_env/lib/python3.10/site-packages/airflow/example_dags/example_inlet_event_extra.py
[2025-04-18T11:22:52.561+0900] {processor.py:925} INFO - DAG(s) 'read_dataset_event', 'read_dataset_event_from_classic' retrieved from /home/kim/airflow_tutorial/py_env/lib/python3.10/site-packages/airflow/example_dags/example_inlet_event_extra.py
[2025-04-18T11:22:52.576+0900] {logging_mixin.py:190} INFO - [2025-04-18T11:22:52.575+0900] {dag.py:3239} INFO - Sync 2 DAGs
[2025-04-18T11:22:52.594+0900] {logging_mixin.py:190} INFO - [2025-04-18T11:22:52.593+0900] {dag.py:4180} INFO - Setting next_dagrun for read_dataset_event to 2025-04-17 00:00:00+00:00, run_after=2025-04-18 00:00:00+00:00
[2025-04-18T11:22:52.597+0900] {logging_mixin.py:190} INFO - [2025-04-18T11:22:52.596+0900] {dag.py:4180} INFO - Setting next_dagrun for read_dataset_event_from_classic to 2025-04-17 00:00:00+00:00, run_after=2025-04-18 00:00:00+00:00
[2025-04-18T11:22:52.611+0900] {processor.py:208} INFO - Processing /home/kim/airflow_tutorial/py_env/lib/python3.10/site-packages/airflow/example_dags/example_inlet_event_extra.py took 0.074 seconds
[2025-04-18T11:23:51.057+0900] {processor.py:186} INFO - Started process (PID=642472) to work on /home/kim/airflow_tutorial/py_env/lib/python3.10/site-packages/airflow/example_dags/example_inlet_event_extra.py
[2025-04-18T11:23:51.059+0900] {processor.py:914} INFO - Processing file /home/kim/airflow_tutorial/py_env/lib/python3.10/site-packages/airflow/example_dags/example_inlet_event_extra.py for tasks to queue
[2025-04-18T11:23:51.061+0900] {logging_mixin.py:190} INFO - [2025-04-18T11:23:51.061+0900] {dagbag.py:588} INFO - Filling up the DagBag from /home/kim/airflow_tutorial/py_env/lib/python3.10/site-packages/airflow/example_dags/example_inlet_event_extra.py
[2025-04-18T11:23:51.071+0900] {processor.py:925} INFO - DAG(s) 'read_dataset_event_from_classic', 'read_dataset_event' retrieved from /home/kim/airflow_tutorial/py_env/lib/python3.10/site-packages/airflow/example_dags/example_inlet_event_extra.py
[2025-04-18T11:23:51.083+0900] {logging_mixin.py:190} INFO - [2025-04-18T11:23:51.083+0900] {dag.py:3239} INFO - Sync 2 DAGs
[2025-04-18T11:23:51.101+0900] {logging_mixin.py:190} INFO - [2025-04-18T11:23:51.100+0900] {dag.py:4180} INFO - Setting next_dagrun for read_dataset_event to 2025-04-17 00:00:00+00:00, run_after=2025-04-18 00:00:00+00:00
[2025-04-18T11:23:51.104+0900] {logging_mixin.py:190} INFO - [2025-04-18T11:23:51.104+0900] {dag.py:4180} INFO - Setting next_dagrun for read_dataset_event_from_classic to 2025-04-17 00:00:00+00:00, run_after=2025-04-18 00:00:00+00:00
[2025-04-18T11:23:51.118+0900] {processor.py:208} INFO - Processing /home/kim/airflow_tutorial/py_env/lib/python3.10/site-packages/airflow/example_dags/example_inlet_event_extra.py took 0.066 seconds
[2025-04-18T11:24:50.685+0900] {processor.py:186} INFO - Started process (PID=642766) to work on /home/kim/airflow_tutorial/py_env/lib/python3.10/site-packages/airflow/example_dags/example_inlet_event_extra.py
[2025-04-18T11:24:50.688+0900] {processor.py:914} INFO - Processing file /home/kim/airflow_tutorial/py_env/lib/python3.10/site-packages/airflow/example_dags/example_inlet_event_extra.py for tasks to queue
[2025-04-18T11:24:50.689+0900] {logging_mixin.py:190} INFO - [2025-04-18T11:24:50.689+0900] {dagbag.py:588} INFO - Filling up the DagBag from /home/kim/airflow_tutorial/py_env/lib/python3.10/site-packages/airflow/example_dags/example_inlet_event_extra.py
[2025-04-18T11:24:50.699+0900] {processor.py:925} INFO - DAG(s) 'read_dataset_event', 'read_dataset_event_from_classic' retrieved from /home/kim/airflow_tutorial/py_env/lib/python3.10/site-packages/airflow/example_dags/example_inlet_event_extra.py
[2025-04-18T11:24:50.711+0900] {logging_mixin.py:190} INFO - [2025-04-18T11:24:50.711+0900] {dag.py:3239} INFO - Sync 2 DAGs
[2025-04-18T11:24:50.725+0900] {logging_mixin.py:190} INFO - [2025-04-18T11:24:50.725+0900] {dag.py:4180} INFO - Setting next_dagrun for read_dataset_event to 2025-04-17 00:00:00+00:00, run_after=2025-04-18 00:00:00+00:00
[2025-04-18T11:24:50.728+0900] {logging_mixin.py:190} INFO - [2025-04-18T11:24:50.728+0900] {dag.py:4180} INFO - Setting next_dagrun for read_dataset_event_from_classic to 2025-04-17 00:00:00+00:00, run_after=2025-04-18 00:00:00+00:00
[2025-04-18T11:24:50.741+0900] {processor.py:208} INFO - Processing /home/kim/airflow_tutorial/py_env/lib/python3.10/site-packages/airflow/example_dags/example_inlet_event_extra.py took 0.060 seconds
[2025-04-18T12:03:14.203+0900] {processor.py:186} INFO - Started process (PID=651896) to work on /home/kim/airflow_tutorial/py_env/lib/python3.10/site-packages/airflow/example_dags/example_inlet_event_extra.py
[2025-04-18T12:03:14.204+0900] {processor.py:914} INFO - Processing file /home/kim/airflow_tutorial/py_env/lib/python3.10/site-packages/airflow/example_dags/example_inlet_event_extra.py for tasks to queue
[2025-04-18T12:03:14.206+0900] {logging_mixin.py:190} INFO - [2025-04-18T12:03:14.206+0900] {dagbag.py:588} INFO - Filling up the DagBag from /home/kim/airflow_tutorial/py_env/lib/python3.10/site-packages/airflow/example_dags/example_inlet_event_extra.py
[2025-04-18T12:03:14.210+0900] {logging_mixin.py:190} INFO - [2025-04-18T12:03:14.209+0900] {dagbag.py:387} ERROR - Failed to import: /home/kim/airflow_tutorial/py_env/lib/python3.10/site-packages/airflow/example_dags/example_inlet_event_extra.py
Traceback (most recent call last):
  File "/home/kim/airflow_tutorial/py_env/lib/python3.10/site-packages/airflow/models/dagbag.py", line 383, in parse
    loader.exec_module(new_module)
  File "<frozen importlib._bootstrap_external>", line 883, in exec_module
  File "<frozen importlib._bootstrap>", line 241, in _call_with_frames_removed
  File "/home/kim/airflow_tutorial/py_env/lib/python3.10/site-packages/airflow/example_dags/example_inlet_event_extra.py", line 35, in <module>
    with DAG(
  File "/home/kim/airflow_tutorial/py_env/lib/python3.10/site-packages/airflow/models/dag.py", line 634, in __init__
    self.start_date = timezone.convert_to_utc(start_date)
  File "/home/kim/airflow_tutorial/py_env/lib/python3.10/site-packages/airflow/utils/timezone.py", line 106, in convert_to_utc
    return pendulum.instance(value.astimezone(utc))
  File "/home/kim/airflow_tutorial/py_env/lib/python3.10/site-packages/pendulum/datetime.py", line 1278, in astimezone
    dt = super().astimezone(tz)
OverflowError: date value out of range
[2025-04-18T12:03:14.211+0900] {processor.py:927} WARNING - No viable dags retrieved from /home/kim/airflow_tutorial/py_env/lib/python3.10/site-packages/airflow/example_dags/example_inlet_event_extra.py
[2025-04-18T12:03:14.233+0900] {processor.py:208} INFO - Processing /home/kim/airflow_tutorial/py_env/lib/python3.10/site-packages/airflow/example_dags/example_inlet_event_extra.py took 0.037 seconds
[2025-04-18T12:05:20.002+0900] {processor.py:186} INFO - Started process (PID=653726) to work on /home/kim/airflow_tutorial/py_env/lib/python3.10/site-packages/airflow/example_dags/example_inlet_event_extra.py
[2025-04-18T12:05:20.003+0900] {processor.py:914} INFO - Processing file /home/kim/airflow_tutorial/py_env/lib/python3.10/site-packages/airflow/example_dags/example_inlet_event_extra.py for tasks to queue
[2025-04-18T12:05:20.004+0900] {logging_mixin.py:190} INFO - [2025-04-18T12:05:20.004+0900] {dagbag.py:588} INFO - Filling up the DagBag from /home/kim/airflow_tutorial/py_env/lib/python3.10/site-packages/airflow/example_dags/example_inlet_event_extra.py
[2025-04-18T12:05:20.009+0900] {logging_mixin.py:190} INFO - [2025-04-18T12:05:20.007+0900] {dagbag.py:387} ERROR - Failed to import: /home/kim/airflow_tutorial/py_env/lib/python3.10/site-packages/airflow/example_dags/example_inlet_event_extra.py
Traceback (most recent call last):
  File "/home/kim/airflow_tutorial/py_env/lib/python3.10/site-packages/airflow/models/dagbag.py", line 383, in parse
    loader.exec_module(new_module)
  File "<frozen importlib._bootstrap_external>", line 883, in exec_module
  File "<frozen importlib._bootstrap>", line 241, in _call_with_frames_removed
  File "/home/kim/airflow_tutorial/py_env/lib/python3.10/site-packages/airflow/example_dags/example_inlet_event_extra.py", line 35, in <module>
    with DAG(
  File "/home/kim/airflow_tutorial/py_env/lib/python3.10/site-packages/airflow/models/dag.py", line 634, in __init__
    self.start_date = timezone.convert_to_utc(start_date)
  File "/home/kim/airflow_tutorial/py_env/lib/python3.10/site-packages/airflow/utils/timezone.py", line 106, in convert_to_utc
    return pendulum.instance(value.astimezone(utc))
  File "/home/kim/airflow_tutorial/py_env/lib/python3.10/site-packages/pendulum/datetime.py", line 1278, in astimezone
    dt = super().astimezone(tz)
OverflowError: date value out of range
[2025-04-18T12:05:20.009+0900] {processor.py:927} WARNING - No viable dags retrieved from /home/kim/airflow_tutorial/py_env/lib/python3.10/site-packages/airflow/example_dags/example_inlet_event_extra.py
[2025-04-18T12:05:20.028+0900] {processor.py:208} INFO - Processing /home/kim/airflow_tutorial/py_env/lib/python3.10/site-packages/airflow/example_dags/example_inlet_event_extra.py took 0.031 seconds
[2025-04-18T12:05:50.930+0900] {processor.py:186} INFO - Started process (PID=654204) to work on /home/kim/airflow_tutorial/py_env/lib/python3.10/site-packages/airflow/example_dags/example_inlet_event_extra.py
[2025-04-18T12:05:50.931+0900] {processor.py:914} INFO - Processing file /home/kim/airflow_tutorial/py_env/lib/python3.10/site-packages/airflow/example_dags/example_inlet_event_extra.py for tasks to queue
[2025-04-18T12:05:50.933+0900] {logging_mixin.py:190} INFO - [2025-04-18T12:05:50.933+0900] {dagbag.py:588} INFO - Filling up the DagBag from /home/kim/airflow_tutorial/py_env/lib/python3.10/site-packages/airflow/example_dags/example_inlet_event_extra.py
[2025-04-18T12:05:50.938+0900] {logging_mixin.py:190} INFO - [2025-04-18T12:05:50.936+0900] {dagbag.py:387} ERROR - Failed to import: /home/kim/airflow_tutorial/py_env/lib/python3.10/site-packages/airflow/example_dags/example_inlet_event_extra.py
Traceback (most recent call last):
  File "/home/kim/airflow_tutorial/py_env/lib/python3.10/site-packages/airflow/models/dagbag.py", line 383, in parse
    loader.exec_module(new_module)
  File "<frozen importlib._bootstrap_external>", line 883, in exec_module
  File "<frozen importlib._bootstrap>", line 241, in _call_with_frames_removed
  File "/home/kim/airflow_tutorial/py_env/lib/python3.10/site-packages/airflow/example_dags/example_inlet_event_extra.py", line 35, in <module>
    with DAG(
  File "/home/kim/airflow_tutorial/py_env/lib/python3.10/site-packages/airflow/models/dag.py", line 634, in __init__
    self.start_date = timezone.convert_to_utc(start_date)
  File "/home/kim/airflow_tutorial/py_env/lib/python3.10/site-packages/airflow/utils/timezone.py", line 106, in convert_to_utc
    return pendulum.instance(value.astimezone(utc))
  File "/home/kim/airflow_tutorial/py_env/lib/python3.10/site-packages/pendulum/datetime.py", line 1278, in astimezone
    dt = super().astimezone(tz)
OverflowError: date value out of range
[2025-04-18T12:05:50.938+0900] {processor.py:927} WARNING - No viable dags retrieved from /home/kim/airflow_tutorial/py_env/lib/python3.10/site-packages/airflow/example_dags/example_inlet_event_extra.py
[2025-04-18T12:05:50.958+0900] {processor.py:208} INFO - Processing /home/kim/airflow_tutorial/py_env/lib/python3.10/site-packages/airflow/example_dags/example_inlet_event_extra.py took 0.033 seconds
[2025-04-18T12:06:21.364+0900] {processor.py:186} INFO - Started process (PID=654587) to work on /home/kim/airflow_tutorial/py_env/lib/python3.10/site-packages/airflow/example_dags/example_inlet_event_extra.py
[2025-04-18T12:06:21.365+0900] {processor.py:914} INFO - Processing file /home/kim/airflow_tutorial/py_env/lib/python3.10/site-packages/airflow/example_dags/example_inlet_event_extra.py for tasks to queue
[2025-04-18T12:06:21.367+0900] {logging_mixin.py:190} INFO - [2025-04-18T12:06:21.367+0900] {dagbag.py:588} INFO - Filling up the DagBag from /home/kim/airflow_tutorial/py_env/lib/python3.10/site-packages/airflow/example_dags/example_inlet_event_extra.py
[2025-04-18T12:06:21.373+0900] {logging_mixin.py:190} INFO - [2025-04-18T12:06:21.372+0900] {dagbag.py:387} ERROR - Failed to import: /home/kim/airflow_tutorial/py_env/lib/python3.10/site-packages/airflow/example_dags/example_inlet_event_extra.py
Traceback (most recent call last):
  File "/home/kim/airflow_tutorial/py_env/lib/python3.10/site-packages/airflow/models/dagbag.py", line 383, in parse
    loader.exec_module(new_module)
  File "<frozen importlib._bootstrap_external>", line 883, in exec_module
  File "<frozen importlib._bootstrap>", line 241, in _call_with_frames_removed
  File "/home/kim/airflow_tutorial/py_env/lib/python3.10/site-packages/airflow/example_dags/example_inlet_event_extra.py", line 35, in <module>
    with DAG(
  File "/home/kim/airflow_tutorial/py_env/lib/python3.10/site-packages/airflow/models/dag.py", line 634, in __init__
    self.start_date = timezone.convert_to_utc(start_date)
  File "/home/kim/airflow_tutorial/py_env/lib/python3.10/site-packages/airflow/utils/timezone.py", line 106, in convert_to_utc
    return pendulum.instance(value.astimezone(utc))
  File "/home/kim/airflow_tutorial/py_env/lib/python3.10/site-packages/pendulum/datetime.py", line 1278, in astimezone
    dt = super().astimezone(tz)
OverflowError: date value out of range
[2025-04-18T12:06:21.373+0900] {processor.py:927} WARNING - No viable dags retrieved from /home/kim/airflow_tutorial/py_env/lib/python3.10/site-packages/airflow/example_dags/example_inlet_event_extra.py
[2025-04-18T12:06:21.402+0900] {processor.py:208} INFO - Processing /home/kim/airflow_tutorial/py_env/lib/python3.10/site-packages/airflow/example_dags/example_inlet_event_extra.py took 0.046 seconds
