[2025-04-18T11:13:11.764+0900] {processor.py:186} INFO - Started process (PID=637786) to work on /home/kim/airflow_tutorial/py_env/lib/python3.10/site-packages/airflow/example_dags/example_python_decorator.py
[2025-04-18T11:13:11.764+0900] {processor.py:914} INFO - Processing file /home/kim/airflow_tutorial/py_env/lib/python3.10/site-packages/airflow/example_dags/example_python_decorator.py for tasks to queue
[2025-04-18T11:13:11.766+0900] {logging_mixin.py:190} INFO - [2025-04-18T11:13:11.766+0900] {dagbag.py:588} INFO - Filling up the DagBag from /home/kim/airflow_tutorial/py_env/lib/python3.10/site-packages/airflow/example_dags/example_python_decorator.py
[2025-04-18T11:13:11.779+0900] {processor.py:925} INFO - DAG(s) 'example_python_decorator' retrieved from /home/kim/airflow_tutorial/py_env/lib/python3.10/site-packages/airflow/example_dags/example_python_decorator.py
[2025-04-18T11:13:11.937+0900] {logging_mixin.py:190} INFO - [2025-04-18T11:13:11.936+0900] {override.py:1912} INFO - Created Permission View: can delete on DAG:example_python_decorator
[2025-04-18T11:13:11.947+0900] {logging_mixin.py:190} INFO - [2025-04-18T11:13:11.946+0900] {override.py:1912} INFO - Created Permission View: can edit on DAG:example_python_decorator
[2025-04-18T11:13:11.954+0900] {logging_mixin.py:190} INFO - [2025-04-18T11:13:11.954+0900] {override.py:1912} INFO - Created Permission View: can read on DAG:example_python_decorator
[2025-04-18T11:13:11.965+0900] {logging_mixin.py:190} INFO - [2025-04-18T11:13:11.965+0900] {override.py:1912} INFO - Created Permission View: can delete on DAG Run:example_python_decorator
[2025-04-18T11:13:11.972+0900] {logging_mixin.py:190} INFO - [2025-04-18T11:13:11.971+0900] {override.py:1912} INFO - Created Permission View: can create on DAG Run:example_python_decorator
[2025-04-18T11:13:11.978+0900] {logging_mixin.py:190} INFO - [2025-04-18T11:13:11.978+0900] {override.py:1912} INFO - Created Permission View: menu access on DAG Run:example_python_decorator
[2025-04-18T11:13:11.985+0900] {logging_mixin.py:190} INFO - [2025-04-18T11:13:11.985+0900] {override.py:1912} INFO - Created Permission View: can read on DAG Run:example_python_decorator
[2025-04-18T11:13:11.985+0900] {logging_mixin.py:190} INFO - [2025-04-18T11:13:11.985+0900] {dag.py:3239} INFO - Sync 1 DAGs
[2025-04-18T11:13:11.992+0900] {logging_mixin.py:190} INFO - [2025-04-18T11:13:11.992+0900] {dag.py:3262} INFO - Creating ORM DAG for example_python_decorator
[2025-04-18T11:13:11.992+0900] {logging_mixin.py:190} INFO - [2025-04-18T11:13:11.992+0900] {dag.py:4180} INFO - Setting next_dagrun for example_python_decorator to None, run_after=None
[2025-04-18T11:13:12.006+0900] {processor.py:208} INFO - Processing /home/kim/airflow_tutorial/py_env/lib/python3.10/site-packages/airflow/example_dags/example_python_decorator.py took 0.247 seconds
[2025-04-18T11:14:17.780+0900] {processor.py:186} INFO - Started process (PID=638141) to work on /home/kim/airflow_tutorial/py_env/lib/python3.10/site-packages/airflow/example_dags/example_python_decorator.py
[2025-04-18T11:14:17.781+0900] {processor.py:914} INFO - Processing file /home/kim/airflow_tutorial/py_env/lib/python3.10/site-packages/airflow/example_dags/example_python_decorator.py for tasks to queue
[2025-04-18T11:14:17.783+0900] {logging_mixin.py:190} INFO - [2025-04-18T11:14:17.783+0900] {dagbag.py:588} INFO - Filling up the DagBag from /home/kim/airflow_tutorial/py_env/lib/python3.10/site-packages/airflow/example_dags/example_python_decorator.py
[2025-04-18T11:14:17.794+0900] {processor.py:925} INFO - DAG(s) 'example_python_decorator' retrieved from /home/kim/airflow_tutorial/py_env/lib/python3.10/site-packages/airflow/example_dags/example_python_decorator.py
[2025-04-18T11:14:17.806+0900] {logging_mixin.py:190} INFO - [2025-04-18T11:14:17.806+0900] {dag.py:3239} INFO - Sync 1 DAGs
[2025-04-18T11:14:17.815+0900] {logging_mixin.py:190} INFO - [2025-04-18T11:14:17.815+0900] {dag.py:4180} INFO - Setting next_dagrun for example_python_decorator to None, run_after=None
[2025-04-18T11:14:17.829+0900] {processor.py:208} INFO - Processing /home/kim/airflow_tutorial/py_env/lib/python3.10/site-packages/airflow/example_dags/example_python_decorator.py took 0.053 seconds
[2025-04-18T11:15:17.797+0900] {processor.py:186} INFO - Started process (PID=638707) to work on /home/kim/airflow_tutorial/py_env/lib/python3.10/site-packages/airflow/example_dags/example_python_decorator.py
[2025-04-18T11:15:17.800+0900] {processor.py:914} INFO - Processing file /home/kim/airflow_tutorial/py_env/lib/python3.10/site-packages/airflow/example_dags/example_python_decorator.py for tasks to queue
[2025-04-18T11:15:17.801+0900] {logging_mixin.py:190} INFO - [2025-04-18T11:15:17.801+0900] {dagbag.py:588} INFO - Filling up the DagBag from /home/kim/airflow_tutorial/py_env/lib/python3.10/site-packages/airflow/example_dags/example_python_decorator.py
[2025-04-18T11:15:17.812+0900] {processor.py:925} INFO - DAG(s) 'example_python_decorator' retrieved from /home/kim/airflow_tutorial/py_env/lib/python3.10/site-packages/airflow/example_dags/example_python_decorator.py
[2025-04-18T11:15:17.823+0900] {logging_mixin.py:190} INFO - [2025-04-18T11:15:17.823+0900] {dag.py:3239} INFO - Sync 1 DAGs
[2025-04-18T11:15:17.831+0900] {logging_mixin.py:190} INFO - [2025-04-18T11:15:17.831+0900] {dag.py:4180} INFO - Setting next_dagrun for example_python_decorator to None, run_after=None
[2025-04-18T11:15:17.847+0900] {processor.py:208} INFO - Processing /home/kim/airflow_tutorial/py_env/lib/python3.10/site-packages/airflow/example_dags/example_python_decorator.py took 0.054 seconds
[2025-04-18T11:16:20.273+0900] {processor.py:186} INFO - Started process (PID=639190) to work on /home/kim/airflow_tutorial/py_env/lib/python3.10/site-packages/airflow/example_dags/example_python_decorator.py
[2025-04-18T11:16:20.276+0900] {processor.py:914} INFO - Processing file /home/kim/airflow_tutorial/py_env/lib/python3.10/site-packages/airflow/example_dags/example_python_decorator.py for tasks to queue
[2025-04-18T11:16:20.278+0900] {logging_mixin.py:190} INFO - [2025-04-18T11:16:20.278+0900] {dagbag.py:588} INFO - Filling up the DagBag from /home/kim/airflow_tutorial/py_env/lib/python3.10/site-packages/airflow/example_dags/example_python_decorator.py
[2025-04-18T11:16:20.291+0900] {processor.py:925} INFO - DAG(s) 'example_python_decorator' retrieved from /home/kim/airflow_tutorial/py_env/lib/python3.10/site-packages/airflow/example_dags/example_python_decorator.py
[2025-04-18T11:16:20.305+0900] {logging_mixin.py:190} INFO - [2025-04-18T11:16:20.305+0900] {dag.py:3239} INFO - Sync 1 DAGs
[2025-04-18T11:16:20.314+0900] {logging_mixin.py:190} INFO - [2025-04-18T11:16:20.314+0900] {dag.py:4180} INFO - Setting next_dagrun for example_python_decorator to None, run_after=None
[2025-04-18T11:16:20.330+0900] {processor.py:208} INFO - Processing /home/kim/airflow_tutorial/py_env/lib/python3.10/site-packages/airflow/example_dags/example_python_decorator.py took 0.062 seconds
[2025-04-18T11:17:18.049+0900] {processor.py:186} INFO - Started process (PID=639985) to work on /home/kim/airflow_tutorial/py_env/lib/python3.10/site-packages/airflow/example_dags/example_python_decorator.py
[2025-04-18T11:17:18.051+0900] {processor.py:914} INFO - Processing file /home/kim/airflow_tutorial/py_env/lib/python3.10/site-packages/airflow/example_dags/example_python_decorator.py for tasks to queue
[2025-04-18T11:17:18.053+0900] {logging_mixin.py:190} INFO - [2025-04-18T11:17:18.053+0900] {dagbag.py:588} INFO - Filling up the DagBag from /home/kim/airflow_tutorial/py_env/lib/python3.10/site-packages/airflow/example_dags/example_python_decorator.py
[2025-04-18T11:17:18.064+0900] {processor.py:925} INFO - DAG(s) 'example_python_decorator' retrieved from /home/kim/airflow_tutorial/py_env/lib/python3.10/site-packages/airflow/example_dags/example_python_decorator.py
[2025-04-18T11:17:18.079+0900] {logging_mixin.py:190} INFO - [2025-04-18T11:17:18.078+0900] {dag.py:3239} INFO - Sync 1 DAGs
[2025-04-18T11:17:18.090+0900] {logging_mixin.py:190} INFO - [2025-04-18T11:17:18.090+0900] {dag.py:4180} INFO - Setting next_dagrun for example_python_decorator to None, run_after=None
[2025-04-18T11:17:18.106+0900] {processor.py:208} INFO - Processing /home/kim/airflow_tutorial/py_env/lib/python3.10/site-packages/airflow/example_dags/example_python_decorator.py took 0.062 seconds
[2025-04-18T11:18:20.288+0900] {processor.py:186} INFO - Started process (PID=640441) to work on /home/kim/airflow_tutorial/py_env/lib/python3.10/site-packages/airflow/example_dags/example_python_decorator.py
[2025-04-18T11:18:20.289+0900] {processor.py:914} INFO - Processing file /home/kim/airflow_tutorial/py_env/lib/python3.10/site-packages/airflow/example_dags/example_python_decorator.py for tasks to queue
[2025-04-18T11:18:20.291+0900] {logging_mixin.py:190} INFO - [2025-04-18T11:18:20.291+0900] {dagbag.py:588} INFO - Filling up the DagBag from /home/kim/airflow_tutorial/py_env/lib/python3.10/site-packages/airflow/example_dags/example_python_decorator.py
[2025-04-18T11:18:20.303+0900] {processor.py:925} INFO - DAG(s) 'example_python_decorator' retrieved from /home/kim/airflow_tutorial/py_env/lib/python3.10/site-packages/airflow/example_dags/example_python_decorator.py
[2025-04-18T11:18:20.316+0900] {logging_mixin.py:190} INFO - [2025-04-18T11:18:20.316+0900] {dag.py:3239} INFO - Sync 1 DAGs
[2025-04-18T11:18:20.327+0900] {logging_mixin.py:190} INFO - [2025-04-18T11:18:20.327+0900] {dag.py:4180} INFO - Setting next_dagrun for example_python_decorator to None, run_after=None
[2025-04-18T11:18:20.346+0900] {processor.py:208} INFO - Processing /home/kim/airflow_tutorial/py_env/lib/python3.10/site-packages/airflow/example_dags/example_python_decorator.py took 0.063 seconds
[2025-04-18T11:19:16.670+0900] {processor.py:186} INFO - Started process (PID=640946) to work on /home/kim/airflow_tutorial/py_env/lib/python3.10/site-packages/airflow/example_dags/example_python_decorator.py
[2025-04-18T11:19:16.673+0900] {processor.py:914} INFO - Processing file /home/kim/airflow_tutorial/py_env/lib/python3.10/site-packages/airflow/example_dags/example_python_decorator.py for tasks to queue
[2025-04-18T11:19:16.675+0900] {logging_mixin.py:190} INFO - [2025-04-18T11:19:16.674+0900] {dagbag.py:588} INFO - Filling up the DagBag from /home/kim/airflow_tutorial/py_env/lib/python3.10/site-packages/airflow/example_dags/example_python_decorator.py
[2025-04-18T11:19:16.686+0900] {processor.py:925} INFO - DAG(s) 'example_python_decorator' retrieved from /home/kim/airflow_tutorial/py_env/lib/python3.10/site-packages/airflow/example_dags/example_python_decorator.py
[2025-04-18T11:19:16.701+0900] {logging_mixin.py:190} INFO - [2025-04-18T11:19:16.700+0900] {dag.py:3239} INFO - Sync 1 DAGs
[2025-04-18T11:19:16.711+0900] {logging_mixin.py:190} INFO - [2025-04-18T11:19:16.710+0900] {dag.py:4180} INFO - Setting next_dagrun for example_python_decorator to None, run_after=None
[2025-04-18T11:19:16.728+0900] {processor.py:208} INFO - Processing /home/kim/airflow_tutorial/py_env/lib/python3.10/site-packages/airflow/example_dags/example_python_decorator.py took 0.062 seconds
[2025-04-18T11:20:14.461+0900] {processor.py:186} INFO - Started process (PID=641229) to work on /home/kim/airflow_tutorial/py_env/lib/python3.10/site-packages/airflow/example_dags/example_python_decorator.py
[2025-04-18T11:20:14.464+0900] {processor.py:914} INFO - Processing file /home/kim/airflow_tutorial/py_env/lib/python3.10/site-packages/airflow/example_dags/example_python_decorator.py for tasks to queue
[2025-04-18T11:20:14.466+0900] {logging_mixin.py:190} INFO - [2025-04-18T11:20:14.465+0900] {dagbag.py:588} INFO - Filling up the DagBag from /home/kim/airflow_tutorial/py_env/lib/python3.10/site-packages/airflow/example_dags/example_python_decorator.py
[2025-04-18T11:20:14.476+0900] {processor.py:925} INFO - DAG(s) 'example_python_decorator' retrieved from /home/kim/airflow_tutorial/py_env/lib/python3.10/site-packages/airflow/example_dags/example_python_decorator.py
[2025-04-18T11:20:14.488+0900] {logging_mixin.py:190} INFO - [2025-04-18T11:20:14.488+0900] {dag.py:3239} INFO - Sync 1 DAGs
[2025-04-18T11:20:14.496+0900] {logging_mixin.py:190} INFO - [2025-04-18T11:20:14.496+0900] {dag.py:4180} INFO - Setting next_dagrun for example_python_decorator to None, run_after=None
[2025-04-18T11:20:14.510+0900] {processor.py:208} INFO - Processing /home/kim/airflow_tutorial/py_env/lib/python3.10/site-packages/airflow/example_dags/example_python_decorator.py took 0.053 seconds
[2025-04-18T11:21:14.244+0900] {processor.py:186} INFO - Started process (PID=641521) to work on /home/kim/airflow_tutorial/py_env/lib/python3.10/site-packages/airflow/example_dags/example_python_decorator.py
[2025-04-18T11:21:14.245+0900] {processor.py:914} INFO - Processing file /home/kim/airflow_tutorial/py_env/lib/python3.10/site-packages/airflow/example_dags/example_python_decorator.py for tasks to queue
[2025-04-18T11:21:14.246+0900] {logging_mixin.py:190} INFO - [2025-04-18T11:21:14.246+0900] {dagbag.py:588} INFO - Filling up the DagBag from /home/kim/airflow_tutorial/py_env/lib/python3.10/site-packages/airflow/example_dags/example_python_decorator.py
[2025-04-18T11:21:14.256+0900] {processor.py:925} INFO - DAG(s) 'example_python_decorator' retrieved from /home/kim/airflow_tutorial/py_env/lib/python3.10/site-packages/airflow/example_dags/example_python_decorator.py
[2025-04-18T11:21:14.267+0900] {logging_mixin.py:190} INFO - [2025-04-18T11:21:14.267+0900] {dag.py:3239} INFO - Sync 1 DAGs
[2025-04-18T11:21:14.275+0900] {logging_mixin.py:190} INFO - [2025-04-18T11:21:14.275+0900] {dag.py:4180} INFO - Setting next_dagrun for example_python_decorator to None, run_after=None
[2025-04-18T11:21:14.291+0900] {processor.py:208} INFO - Processing /home/kim/airflow_tutorial/py_env/lib/python3.10/site-packages/airflow/example_dags/example_python_decorator.py took 0.052 seconds
[2025-04-18T11:22:16.700+0900] {processor.py:186} INFO - Started process (PID=641825) to work on /home/kim/airflow_tutorial/py_env/lib/python3.10/site-packages/airflow/example_dags/example_python_decorator.py
[2025-04-18T11:22:16.703+0900] {processor.py:914} INFO - Processing file /home/kim/airflow_tutorial/py_env/lib/python3.10/site-packages/airflow/example_dags/example_python_decorator.py for tasks to queue
[2025-04-18T11:22:16.705+0900] {logging_mixin.py:190} INFO - [2025-04-18T11:22:16.705+0900] {dagbag.py:588} INFO - Filling up the DagBag from /home/kim/airflow_tutorial/py_env/lib/python3.10/site-packages/airflow/example_dags/example_python_decorator.py
[2025-04-18T11:22:16.723+0900] {processor.py:925} INFO - DAG(s) 'example_python_decorator' retrieved from /home/kim/airflow_tutorial/py_env/lib/python3.10/site-packages/airflow/example_dags/example_python_decorator.py
[2025-04-18T11:22:16.744+0900] {logging_mixin.py:190} INFO - [2025-04-18T11:22:16.743+0900] {dag.py:3239} INFO - Sync 1 DAGs
[2025-04-18T11:22:16.758+0900] {logging_mixin.py:190} INFO - [2025-04-18T11:22:16.758+0900] {dag.py:4180} INFO - Setting next_dagrun for example_python_decorator to None, run_after=None
[2025-04-18T11:22:16.780+0900] {processor.py:208} INFO - Processing /home/kim/airflow_tutorial/py_env/lib/python3.10/site-packages/airflow/example_dags/example_python_decorator.py took 0.088 seconds
[2025-04-18T11:23:17.902+0900] {processor.py:186} INFO - Started process (PID=642274) to work on /home/kim/airflow_tutorial/py_env/lib/python3.10/site-packages/airflow/example_dags/example_python_decorator.py
[2025-04-18T11:23:17.905+0900] {processor.py:914} INFO - Processing file /home/kim/airflow_tutorial/py_env/lib/python3.10/site-packages/airflow/example_dags/example_python_decorator.py for tasks to queue
[2025-04-18T11:23:17.908+0900] {logging_mixin.py:190} INFO - [2025-04-18T11:23:17.907+0900] {dagbag.py:588} INFO - Filling up the DagBag from /home/kim/airflow_tutorial/py_env/lib/python3.10/site-packages/airflow/example_dags/example_python_decorator.py
[2025-04-18T11:23:17.928+0900] {processor.py:925} INFO - DAG(s) 'example_python_decorator' retrieved from /home/kim/airflow_tutorial/py_env/lib/python3.10/site-packages/airflow/example_dags/example_python_decorator.py
[2025-04-18T11:23:17.942+0900] {logging_mixin.py:190} INFO - [2025-04-18T11:23:17.941+0900] {dag.py:3239} INFO - Sync 1 DAGs
[2025-04-18T11:23:17.951+0900] {logging_mixin.py:190} INFO - [2025-04-18T11:23:17.951+0900] {dag.py:4180} INFO - Setting next_dagrun for example_python_decorator to None, run_after=None
[2025-04-18T11:23:17.969+0900] {processor.py:208} INFO - Processing /home/kim/airflow_tutorial/py_env/lib/python3.10/site-packages/airflow/example_dags/example_python_decorator.py took 0.073 seconds
[2025-04-18T11:24:13.988+0900] {processor.py:186} INFO - Started process (PID=642628) to work on /home/kim/airflow_tutorial/py_env/lib/python3.10/site-packages/airflow/example_dags/example_python_decorator.py
[2025-04-18T11:24:13.990+0900] {processor.py:914} INFO - Processing file /home/kim/airflow_tutorial/py_env/lib/python3.10/site-packages/airflow/example_dags/example_python_decorator.py for tasks to queue
[2025-04-18T11:24:13.992+0900] {logging_mixin.py:190} INFO - [2025-04-18T11:24:13.992+0900] {dagbag.py:588} INFO - Filling up the DagBag from /home/kim/airflow_tutorial/py_env/lib/python3.10/site-packages/airflow/example_dags/example_python_decorator.py
[2025-04-18T11:24:14.003+0900] {processor.py:925} INFO - DAG(s) 'example_python_decorator' retrieved from /home/kim/airflow_tutorial/py_env/lib/python3.10/site-packages/airflow/example_dags/example_python_decorator.py
[2025-04-18T11:24:14.018+0900] {logging_mixin.py:190} INFO - [2025-04-18T11:24:14.018+0900] {dag.py:3239} INFO - Sync 1 DAGs
[2025-04-18T11:24:14.029+0900] {logging_mixin.py:190} INFO - [2025-04-18T11:24:14.029+0900] {dag.py:4180} INFO - Setting next_dagrun for example_python_decorator to None, run_after=None
[2025-04-18T11:24:14.047+0900] {processor.py:208} INFO - Processing /home/kim/airflow_tutorial/py_env/lib/python3.10/site-packages/airflow/example_dags/example_python_decorator.py took 0.064 seconds
[2025-04-18T11:25:16.686+0900] {processor.py:186} INFO - Started process (PID=643000) to work on /home/kim/airflow_tutorial/py_env/lib/python3.10/site-packages/airflow/example_dags/example_python_decorator.py
[2025-04-18T11:25:16.688+0900] {processor.py:914} INFO - Processing file /home/kim/airflow_tutorial/py_env/lib/python3.10/site-packages/airflow/example_dags/example_python_decorator.py for tasks to queue
[2025-04-18T11:25:16.689+0900] {logging_mixin.py:190} INFO - [2025-04-18T11:25:16.689+0900] {dagbag.py:588} INFO - Filling up the DagBag from /home/kim/airflow_tutorial/py_env/lib/python3.10/site-packages/airflow/example_dags/example_python_decorator.py
[2025-04-18T11:25:16.700+0900] {processor.py:925} INFO - DAG(s) 'example_python_decorator' retrieved from /home/kim/airflow_tutorial/py_env/lib/python3.10/site-packages/airflow/example_dags/example_python_decorator.py
[2025-04-18T11:25:16.713+0900] {logging_mixin.py:190} INFO - [2025-04-18T11:25:16.713+0900] {dag.py:3239} INFO - Sync 1 DAGs
[2025-04-18T11:25:16.722+0900] {logging_mixin.py:190} INFO - [2025-04-18T11:25:16.722+0900] {dag.py:4180} INFO - Setting next_dagrun for example_python_decorator to None, run_after=None
[2025-04-18T11:25:16.737+0900] {processor.py:208} INFO - Processing /home/kim/airflow_tutorial/py_env/lib/python3.10/site-packages/airflow/example_dags/example_python_decorator.py took 0.056 seconds
[2025-04-18T12:03:10.424+0900] {processor.py:186} INFO - Started process (PID=651729) to work on /home/kim/airflow_tutorial/py_env/lib/python3.10/site-packages/airflow/example_dags/example_python_decorator.py
[2025-04-18T12:03:10.426+0900] {processor.py:914} INFO - Processing file /home/kim/airflow_tutorial/py_env/lib/python3.10/site-packages/airflow/example_dags/example_python_decorator.py for tasks to queue
[2025-04-18T12:03:10.427+0900] {logging_mixin.py:190} INFO - [2025-04-18T12:03:10.427+0900] {dagbag.py:588} INFO - Filling up the DagBag from /home/kim/airflow_tutorial/py_env/lib/python3.10/site-packages/airflow/example_dags/example_python_decorator.py
[2025-04-18T12:03:10.438+0900] {processor.py:925} INFO - DAG(s) 'example_python_decorator' retrieved from /home/kim/airflow_tutorial/py_env/lib/python3.10/site-packages/airflow/example_dags/example_python_decorator.py
[2025-04-18T12:03:10.601+0900] {logging_mixin.py:190} INFO - [2025-04-18T12:03:10.600+0900] {override.py:1912} INFO - Created Permission View: can read on DAG:example_python_decorator
[2025-04-18T12:03:10.612+0900] {logging_mixin.py:190} INFO - [2025-04-18T12:03:10.612+0900] {override.py:1912} INFO - Created Permission View: can edit on DAG:example_python_decorator
[2025-04-18T12:03:10.621+0900] {logging_mixin.py:190} INFO - [2025-04-18T12:03:10.620+0900] {override.py:1912} INFO - Created Permission View: can delete on DAG:example_python_decorator
[2025-04-18T12:03:10.631+0900] {logging_mixin.py:190} INFO - [2025-04-18T12:03:10.631+0900] {override.py:1912} INFO - Created Permission View: can read on DAG Run:example_python_decorator
[2025-04-18T12:03:10.640+0900] {logging_mixin.py:190} INFO - [2025-04-18T12:03:10.640+0900] {override.py:1912} INFO - Created Permission View: can create on DAG Run:example_python_decorator
[2025-04-18T12:03:10.649+0900] {logging_mixin.py:190} INFO - [2025-04-18T12:03:10.649+0900] {override.py:1912} INFO - Created Permission View: menu access on DAG Run:example_python_decorator
[2025-04-18T12:03:10.657+0900] {logging_mixin.py:190} INFO - [2025-04-18T12:03:10.657+0900] {override.py:1912} INFO - Created Permission View: can delete on DAG Run:example_python_decorator
[2025-04-18T12:03:10.658+0900] {logging_mixin.py:190} INFO - [2025-04-18T12:03:10.657+0900] {dag.py:3239} INFO - Sync 1 DAGs
[2025-04-18T12:03:10.667+0900] {logging_mixin.py:190} INFO - [2025-04-18T12:03:10.667+0900] {dag.py:3262} INFO - Creating ORM DAG for example_python_decorator
[2025-04-18T12:03:10.667+0900] {logging_mixin.py:190} INFO - [2025-04-18T12:03:10.667+0900] {dag.py:4180} INFO - Setting next_dagrun for example_python_decorator to None, run_after=None
[2025-04-18T12:03:10.686+0900] {processor.py:208} INFO - Processing /home/kim/airflow_tutorial/py_env/lib/python3.10/site-packages/airflow/example_dags/example_python_decorator.py took 0.266 seconds
[2025-04-18T12:05:17.865+0900] {processor.py:186} INFO - Started process (PID=653563) to work on /home/kim/airflow_tutorial/py_env/lib/python3.10/site-packages/airflow/example_dags/example_python_decorator.py
[2025-04-18T12:05:17.866+0900] {processor.py:914} INFO - Processing file /home/kim/airflow_tutorial/py_env/lib/python3.10/site-packages/airflow/example_dags/example_python_decorator.py for tasks to queue
[2025-04-18T12:05:17.867+0900] {logging_mixin.py:190} INFO - [2025-04-18T12:05:17.867+0900] {dagbag.py:588} INFO - Filling up the DagBag from /home/kim/airflow_tutorial/py_env/lib/python3.10/site-packages/airflow/example_dags/example_python_decorator.py
[2025-04-18T12:05:17.880+0900] {processor.py:925} INFO - DAG(s) 'example_python_decorator' retrieved from /home/kim/airflow_tutorial/py_env/lib/python3.10/site-packages/airflow/example_dags/example_python_decorator.py
[2025-04-18T12:05:18.047+0900] {logging_mixin.py:190} INFO - [2025-04-18T12:05:18.046+0900] {dag.py:3239} INFO - Sync 1 DAGs
[2025-04-18T12:05:18.057+0900] {logging_mixin.py:190} INFO - [2025-04-18T12:05:18.057+0900] {dag.py:4180} INFO - Setting next_dagrun for example_python_decorator to None, run_after=None
[2025-04-18T12:05:18.076+0900] {processor.py:208} INFO - Processing /home/kim/airflow_tutorial/py_env/lib/python3.10/site-packages/airflow/example_dags/example_python_decorator.py took 0.216 seconds
[2025-04-18T12:05:48.963+0900] {processor.py:186} INFO - Started process (PID=654043) to work on /home/kim/airflow_tutorial/py_env/lib/python3.10/site-packages/airflow/example_dags/example_python_decorator.py
[2025-04-18T12:05:48.964+0900] {processor.py:914} INFO - Processing file /home/kim/airflow_tutorial/py_env/lib/python3.10/site-packages/airflow/example_dags/example_python_decorator.py for tasks to queue
[2025-04-18T12:05:48.967+0900] {logging_mixin.py:190} INFO - [2025-04-18T12:05:48.966+0900] {dagbag.py:588} INFO - Filling up the DagBag from /home/kim/airflow_tutorial/py_env/lib/python3.10/site-packages/airflow/example_dags/example_python_decorator.py
[2025-04-18T12:05:48.979+0900] {processor.py:925} INFO - DAG(s) 'example_python_decorator' retrieved from /home/kim/airflow_tutorial/py_env/lib/python3.10/site-packages/airflow/example_dags/example_python_decorator.py
[2025-04-18T12:05:49.001+0900] {logging_mixin.py:190} INFO - [2025-04-18T12:05:49.000+0900] {dag.py:3239} INFO - Sync 1 DAGs
[2025-04-18T12:05:49.012+0900] {logging_mixin.py:190} INFO - [2025-04-18T12:05:49.012+0900] {dag.py:4180} INFO - Setting next_dagrun for example_python_decorator to None, run_after=None
[2025-04-18T12:05:49.030+0900] {processor.py:208} INFO - Processing /home/kim/airflow_tutorial/py_env/lib/python3.10/site-packages/airflow/example_dags/example_python_decorator.py took 0.075 seconds
[2025-04-18T12:06:19.678+0900] {processor.py:186} INFO - Started process (PID=654426) to work on /home/kim/airflow_tutorial/py_env/lib/python3.10/site-packages/airflow/example_dags/example_python_decorator.py
[2025-04-18T12:06:19.679+0900] {processor.py:914} INFO - Processing file /home/kim/airflow_tutorial/py_env/lib/python3.10/site-packages/airflow/example_dags/example_python_decorator.py for tasks to queue
[2025-04-18T12:06:19.681+0900] {logging_mixin.py:190} INFO - [2025-04-18T12:06:19.680+0900] {dagbag.py:588} INFO - Filling up the DagBag from /home/kim/airflow_tutorial/py_env/lib/python3.10/site-packages/airflow/example_dags/example_python_decorator.py
[2025-04-18T12:06:19.694+0900] {processor.py:925} INFO - DAG(s) 'example_python_decorator' retrieved from /home/kim/airflow_tutorial/py_env/lib/python3.10/site-packages/airflow/example_dags/example_python_decorator.py
[2025-04-18T12:06:19.719+0900] {logging_mixin.py:190} INFO - [2025-04-18T12:06:19.719+0900] {dag.py:3239} INFO - Sync 1 DAGs
[2025-04-18T12:06:19.734+0900] {logging_mixin.py:190} INFO - [2025-04-18T12:06:19.733+0900] {dag.py:4180} INFO - Setting next_dagrun for example_python_decorator to None, run_after=None
[2025-04-18T12:06:19.761+0900] {processor.py:208} INFO - Processing /home/kim/airflow_tutorial/py_env/lib/python3.10/site-packages/airflow/example_dags/example_python_decorator.py took 0.090 seconds
