[2025-04-18T11:13:25.555+0900] {processor.py:186} INFO - Started process (PID=637832) to work on /home/kim/airflow_tutorial/py_env/lib/python3.10/site-packages/airflow/example_dags/example_task_group.py
[2025-04-18T11:13:25.556+0900] {processor.py:914} INFO - Processing file /home/kim/airflow_tutorial/py_env/lib/python3.10/site-packages/airflow/example_dags/example_task_group.py for tasks to queue
[2025-04-18T11:13:25.562+0900] {logging_mixin.py:190} INFO - [2025-04-18T11:13:25.562+0900] {dagbag.py:588} INFO - Filling up the DagBag from /home/kim/airflow_tutorial/py_env/lib/python3.10/site-packages/airflow/example_dags/example_task_group.py
[2025-04-18T11:13:25.672+0900] {processor.py:925} INFO - DAG(s) 'example_task_group' retrieved from /home/kim/airflow_tutorial/py_env/lib/python3.10/site-packages/airflow/example_dags/example_task_group.py
[2025-04-18T11:13:25.755+0900] {logging_mixin.py:190} INFO - [2025-04-18T11:13:25.755+0900] {override.py:1912} INFO - Created Permission View: can delete on DAG:example_task_group
[2025-04-18T11:13:25.773+0900] {logging_mixin.py:190} INFO - [2025-04-18T11:13:25.773+0900] {override.py:1912} INFO - Created Permission View: can edit on DAG:example_task_group
[2025-04-18T11:13:25.781+0900] {logging_mixin.py:190} INFO - [2025-04-18T11:13:25.780+0900] {override.py:1912} INFO - Created Permission View: can read on DAG:example_task_group
[2025-04-18T11:13:25.791+0900] {logging_mixin.py:190} INFO - [2025-04-18T11:13:25.791+0900] {override.py:1912} INFO - Created Permission View: can delete on DAG Run:example_task_group
[2025-04-18T11:13:25.798+0900] {logging_mixin.py:190} INFO - [2025-04-18T11:13:25.798+0900] {override.py:1912} INFO - Created Permission View: can create on DAG Run:example_task_group
[2025-04-18T11:13:25.805+0900] {logging_mixin.py:190} INFO - [2025-04-18T11:13:25.805+0900] {override.py:1912} INFO - Created Permission View: menu access on DAG Run:example_task_group
[2025-04-18T11:13:25.813+0900] {logging_mixin.py:190} INFO - [2025-04-18T11:13:25.813+0900] {override.py:1912} INFO - Created Permission View: can read on DAG Run:example_task_group
[2025-04-18T11:13:25.814+0900] {logging_mixin.py:190} INFO - [2025-04-18T11:13:25.814+0900] {dag.py:3239} INFO - Sync 1 DAGs
[2025-04-18T11:13:25.822+0900] {logging_mixin.py:190} INFO - [2025-04-18T11:13:25.822+0900] {dag.py:3262} INFO - Creating ORM DAG for example_task_group
[2025-04-18T11:13:25.822+0900] {logging_mixin.py:190} INFO - [2025-04-18T11:13:25.822+0900] {dag.py:4180} INFO - Setting next_dagrun for example_task_group to None, run_after=None
[2025-04-18T11:13:25.838+0900] {processor.py:208} INFO - Processing /home/kim/airflow_tutorial/py_env/lib/python3.10/site-packages/airflow/example_dags/example_task_group.py took 0.290 seconds
[2025-04-18T11:14:30.116+0900] {processor.py:186} INFO - Started process (PID=638225) to work on /home/kim/airflow_tutorial/py_env/lib/python3.10/site-packages/airflow/example_dags/example_task_group.py
[2025-04-18T11:14:30.119+0900] {processor.py:914} INFO - Processing file /home/kim/airflow_tutorial/py_env/lib/python3.10/site-packages/airflow/example_dags/example_task_group.py for tasks to queue
[2025-04-18T11:14:30.121+0900] {logging_mixin.py:190} INFO - [2025-04-18T11:14:30.121+0900] {dagbag.py:588} INFO - Filling up the DagBag from /home/kim/airflow_tutorial/py_env/lib/python3.10/site-packages/airflow/example_dags/example_task_group.py
[2025-04-18T11:14:30.128+0900] {processor.py:925} INFO - DAG(s) 'example_task_group' retrieved from /home/kim/airflow_tutorial/py_env/lib/python3.10/site-packages/airflow/example_dags/example_task_group.py
[2025-04-18T11:14:30.141+0900] {logging_mixin.py:190} INFO - [2025-04-18T11:14:30.141+0900] {dag.py:3239} INFO - Sync 1 DAGs
[2025-04-18T11:14:30.150+0900] {logging_mixin.py:190} INFO - [2025-04-18T11:14:30.149+0900] {dag.py:4180} INFO - Setting next_dagrun for example_task_group to None, run_after=None
[2025-04-18T11:14:30.165+0900] {processor.py:208} INFO - Processing /home/kim/airflow_tutorial/py_env/lib/python3.10/site-packages/airflow/example_dags/example_task_group.py took 0.053 seconds
[2025-04-18T11:15:26.558+0900] {processor.py:186} INFO - Started process (PID=638744) to work on /home/kim/airflow_tutorial/py_env/lib/python3.10/site-packages/airflow/example_dags/example_task_group.py
[2025-04-18T11:15:26.559+0900] {processor.py:914} INFO - Processing file /home/kim/airflow_tutorial/py_env/lib/python3.10/site-packages/airflow/example_dags/example_task_group.py for tasks to queue
[2025-04-18T11:15:26.562+0900] {logging_mixin.py:190} INFO - [2025-04-18T11:15:26.561+0900] {dagbag.py:588} INFO - Filling up the DagBag from /home/kim/airflow_tutorial/py_env/lib/python3.10/site-packages/airflow/example_dags/example_task_group.py
[2025-04-18T11:15:26.571+0900] {processor.py:925} INFO - DAG(s) 'example_task_group' retrieved from /home/kim/airflow_tutorial/py_env/lib/python3.10/site-packages/airflow/example_dags/example_task_group.py
[2025-04-18T11:15:26.587+0900] {logging_mixin.py:190} INFO - [2025-04-18T11:15:26.587+0900] {dag.py:3239} INFO - Sync 1 DAGs
[2025-04-18T11:15:26.596+0900] {logging_mixin.py:190} INFO - [2025-04-18T11:15:26.596+0900] {dag.py:4180} INFO - Setting next_dagrun for example_task_group to None, run_after=None
[2025-04-18T11:15:26.612+0900] {processor.py:208} INFO - Processing /home/kim/airflow_tutorial/py_env/lib/python3.10/site-packages/airflow/example_dags/example_task_group.py took 0.062 seconds
[2025-04-18T11:16:28.649+0900] {processor.py:186} INFO - Started process (PID=639341) to work on /home/kim/airflow_tutorial/py_env/lib/python3.10/site-packages/airflow/example_dags/example_task_group.py
[2025-04-18T11:16:28.651+0900] {processor.py:914} INFO - Processing file /home/kim/airflow_tutorial/py_env/lib/python3.10/site-packages/airflow/example_dags/example_task_group.py for tasks to queue
[2025-04-18T11:16:28.653+0900] {logging_mixin.py:190} INFO - [2025-04-18T11:16:28.653+0900] {dagbag.py:588} INFO - Filling up the DagBag from /home/kim/airflow_tutorial/py_env/lib/python3.10/site-packages/airflow/example_dags/example_task_group.py
[2025-04-18T11:16:28.659+0900] {processor.py:925} INFO - DAG(s) 'example_task_group' retrieved from /home/kim/airflow_tutorial/py_env/lib/python3.10/site-packages/airflow/example_dags/example_task_group.py
[2025-04-18T11:16:28.670+0900] {logging_mixin.py:190} INFO - [2025-04-18T11:16:28.670+0900] {dag.py:3239} INFO - Sync 1 DAGs
[2025-04-18T11:16:28.679+0900] {logging_mixin.py:190} INFO - [2025-04-18T11:16:28.678+0900] {dag.py:4180} INFO - Setting next_dagrun for example_task_group to None, run_after=None
[2025-04-18T11:16:28.694+0900] {processor.py:208} INFO - Processing /home/kim/airflow_tutorial/py_env/lib/python3.10/site-packages/airflow/example_dags/example_task_group.py took 0.049 seconds
[2025-04-18T11:17:27.888+0900] {processor.py:186} INFO - Started process (PID=640025) to work on /home/kim/airflow_tutorial/py_env/lib/python3.10/site-packages/airflow/example_dags/example_task_group.py
[2025-04-18T11:17:27.891+0900] {processor.py:914} INFO - Processing file /home/kim/airflow_tutorial/py_env/lib/python3.10/site-packages/airflow/example_dags/example_task_group.py for tasks to queue
[2025-04-18T11:17:27.893+0900] {logging_mixin.py:190} INFO - [2025-04-18T11:17:27.893+0900] {dagbag.py:588} INFO - Filling up the DagBag from /home/kim/airflow_tutorial/py_env/lib/python3.10/site-packages/airflow/example_dags/example_task_group.py
[2025-04-18T11:17:27.900+0900] {processor.py:925} INFO - DAG(s) 'example_task_group' retrieved from /home/kim/airflow_tutorial/py_env/lib/python3.10/site-packages/airflow/example_dags/example_task_group.py
[2025-04-18T11:17:27.912+0900] {logging_mixin.py:190} INFO - [2025-04-18T11:17:27.912+0900] {dag.py:3239} INFO - Sync 1 DAGs
[2025-04-18T11:17:27.921+0900] {logging_mixin.py:190} INFO - [2025-04-18T11:17:27.921+0900] {dag.py:4180} INFO - Setting next_dagrun for example_task_group to None, run_after=None
[2025-04-18T11:17:27.935+0900] {processor.py:208} INFO - Processing /home/kim/airflow_tutorial/py_env/lib/python3.10/site-packages/airflow/example_dags/example_task_group.py took 0.051 seconds
[2025-04-18T11:18:29.227+0900] {processor.py:186} INFO - Started process (PID=640628) to work on /home/kim/airflow_tutorial/py_env/lib/python3.10/site-packages/airflow/example_dags/example_task_group.py
[2025-04-18T11:18:29.230+0900] {processor.py:914} INFO - Processing file /home/kim/airflow_tutorial/py_env/lib/python3.10/site-packages/airflow/example_dags/example_task_group.py for tasks to queue
[2025-04-18T11:18:29.232+0900] {logging_mixin.py:190} INFO - [2025-04-18T11:18:29.232+0900] {dagbag.py:588} INFO - Filling up the DagBag from /home/kim/airflow_tutorial/py_env/lib/python3.10/site-packages/airflow/example_dags/example_task_group.py
[2025-04-18T11:18:29.240+0900] {processor.py:925} INFO - DAG(s) 'example_task_group' retrieved from /home/kim/airflow_tutorial/py_env/lib/python3.10/site-packages/airflow/example_dags/example_task_group.py
[2025-04-18T11:18:29.256+0900] {logging_mixin.py:190} INFO - [2025-04-18T11:18:29.255+0900] {dag.py:3239} INFO - Sync 1 DAGs
[2025-04-18T11:18:29.266+0900] {logging_mixin.py:190} INFO - [2025-04-18T11:18:29.266+0900] {dag.py:4180} INFO - Setting next_dagrun for example_task_group to None, run_after=None
[2025-04-18T11:18:29.289+0900] {processor.py:208} INFO - Processing /home/kim/airflow_tutorial/py_env/lib/python3.10/site-packages/airflow/example_dags/example_task_group.py took 0.067 seconds
[2025-04-18T11:19:28.260+0900] {processor.py:186} INFO - Started process (PID=640986) to work on /home/kim/airflow_tutorial/py_env/lib/python3.10/site-packages/airflow/example_dags/example_task_group.py
[2025-04-18T11:19:28.263+0900] {processor.py:914} INFO - Processing file /home/kim/airflow_tutorial/py_env/lib/python3.10/site-packages/airflow/example_dags/example_task_group.py for tasks to queue
[2025-04-18T11:19:28.265+0900] {logging_mixin.py:190} INFO - [2025-04-18T11:19:28.265+0900] {dagbag.py:588} INFO - Filling up the DagBag from /home/kim/airflow_tutorial/py_env/lib/python3.10/site-packages/airflow/example_dags/example_task_group.py
[2025-04-18T11:19:28.274+0900] {processor.py:925} INFO - DAG(s) 'example_task_group' retrieved from /home/kim/airflow_tutorial/py_env/lib/python3.10/site-packages/airflow/example_dags/example_task_group.py
[2025-04-18T11:19:28.288+0900] {logging_mixin.py:190} INFO - [2025-04-18T11:19:28.288+0900] {dag.py:3239} INFO - Sync 1 DAGs
[2025-04-18T11:19:28.298+0900] {logging_mixin.py:190} INFO - [2025-04-18T11:19:28.298+0900] {dag.py:4180} INFO - Setting next_dagrun for example_task_group to None, run_after=None
[2025-04-18T11:19:28.316+0900] {processor.py:208} INFO - Processing /home/kim/airflow_tutorial/py_env/lib/python3.10/site-packages/airflow/example_dags/example_task_group.py took 0.062 seconds
[2025-04-18T11:20:26.719+0900] {processor.py:186} INFO - Started process (PID=641270) to work on /home/kim/airflow_tutorial/py_env/lib/python3.10/site-packages/airflow/example_dags/example_task_group.py
[2025-04-18T11:20:26.721+0900] {processor.py:914} INFO - Processing file /home/kim/airflow_tutorial/py_env/lib/python3.10/site-packages/airflow/example_dags/example_task_group.py for tasks to queue
[2025-04-18T11:20:26.723+0900] {logging_mixin.py:190} INFO - [2025-04-18T11:20:26.723+0900] {dagbag.py:588} INFO - Filling up the DagBag from /home/kim/airflow_tutorial/py_env/lib/python3.10/site-packages/airflow/example_dags/example_task_group.py
[2025-04-18T11:20:26.730+0900] {processor.py:925} INFO - DAG(s) 'example_task_group' retrieved from /home/kim/airflow_tutorial/py_env/lib/python3.10/site-packages/airflow/example_dags/example_task_group.py
[2025-04-18T11:20:26.744+0900] {logging_mixin.py:190} INFO - [2025-04-18T11:20:26.744+0900] {dag.py:3239} INFO - Sync 1 DAGs
[2025-04-18T11:20:26.753+0900] {logging_mixin.py:190} INFO - [2025-04-18T11:20:26.753+0900] {dag.py:4180} INFO - Setting next_dagrun for example_task_group to None, run_after=None
[2025-04-18T11:20:26.772+0900] {processor.py:208} INFO - Processing /home/kim/airflow_tutorial/py_env/lib/python3.10/site-packages/airflow/example_dags/example_task_group.py took 0.058 seconds
[2025-04-18T11:21:24.176+0900] {processor.py:186} INFO - Started process (PID=641561) to work on /home/kim/airflow_tutorial/py_env/lib/python3.10/site-packages/airflow/example_dags/example_task_group.py
[2025-04-18T11:21:24.177+0900] {processor.py:914} INFO - Processing file /home/kim/airflow_tutorial/py_env/lib/python3.10/site-packages/airflow/example_dags/example_task_group.py for tasks to queue
[2025-04-18T11:21:24.179+0900] {logging_mixin.py:190} INFO - [2025-04-18T11:21:24.179+0900] {dagbag.py:588} INFO - Filling up the DagBag from /home/kim/airflow_tutorial/py_env/lib/python3.10/site-packages/airflow/example_dags/example_task_group.py
[2025-04-18T11:21:24.186+0900] {processor.py:925} INFO - DAG(s) 'example_task_group' retrieved from /home/kim/airflow_tutorial/py_env/lib/python3.10/site-packages/airflow/example_dags/example_task_group.py
[2025-04-18T11:21:24.197+0900] {logging_mixin.py:190} INFO - [2025-04-18T11:21:24.197+0900] {dag.py:3239} INFO - Sync 1 DAGs
[2025-04-18T11:21:24.207+0900] {logging_mixin.py:190} INFO - [2025-04-18T11:21:24.207+0900] {dag.py:4180} INFO - Setting next_dagrun for example_task_group to None, run_after=None
[2025-04-18T11:21:24.221+0900] {processor.py:208} INFO - Processing /home/kim/airflow_tutorial/py_env/lib/python3.10/site-packages/airflow/example_dags/example_task_group.py took 0.050 seconds
[2025-04-18T11:22:26.721+0900] {processor.py:186} INFO - Started process (PID=641948) to work on /home/kim/airflow_tutorial/py_env/lib/python3.10/site-packages/airflow/example_dags/example_task_group.py
[2025-04-18T11:22:26.731+0900] {processor.py:914} INFO - Processing file /home/kim/airflow_tutorial/py_env/lib/python3.10/site-packages/airflow/example_dags/example_task_group.py for tasks to queue
[2025-04-18T11:22:26.735+0900] {logging_mixin.py:190} INFO - [2025-04-18T11:22:26.734+0900] {dagbag.py:588} INFO - Filling up the DagBag from /home/kim/airflow_tutorial/py_env/lib/python3.10/site-packages/airflow/example_dags/example_task_group.py
[2025-04-18T11:22:26.742+0900] {processor.py:925} INFO - DAG(s) 'example_task_group' retrieved from /home/kim/airflow_tutorial/py_env/lib/python3.10/site-packages/airflow/example_dags/example_task_group.py
[2025-04-18T11:22:26.756+0900] {logging_mixin.py:190} INFO - [2025-04-18T11:22:26.756+0900] {dag.py:3239} INFO - Sync 1 DAGs
[2025-04-18T11:22:26.770+0900] {logging_mixin.py:190} INFO - [2025-04-18T11:22:26.770+0900] {dag.py:4180} INFO - Setting next_dagrun for example_task_group to None, run_after=None
[2025-04-18T11:22:26.791+0900] {processor.py:208} INFO - Processing /home/kim/airflow_tutorial/py_env/lib/python3.10/site-packages/airflow/example_dags/example_task_group.py took 0.075 seconds
[2025-04-18T11:23:28.045+0900] {processor.py:186} INFO - Started process (PID=642314) to work on /home/kim/airflow_tutorial/py_env/lib/python3.10/site-packages/airflow/example_dags/example_task_group.py
[2025-04-18T11:23:28.047+0900] {processor.py:914} INFO - Processing file /home/kim/airflow_tutorial/py_env/lib/python3.10/site-packages/airflow/example_dags/example_task_group.py for tasks to queue
[2025-04-18T11:23:28.049+0900] {logging_mixin.py:190} INFO - [2025-04-18T11:23:28.049+0900] {dagbag.py:588} INFO - Filling up the DagBag from /home/kim/airflow_tutorial/py_env/lib/python3.10/site-packages/airflow/example_dags/example_task_group.py
[2025-04-18T11:23:28.057+0900] {processor.py:925} INFO - DAG(s) 'example_task_group' retrieved from /home/kim/airflow_tutorial/py_env/lib/python3.10/site-packages/airflow/example_dags/example_task_group.py
[2025-04-18T11:23:28.070+0900] {logging_mixin.py:190} INFO - [2025-04-18T11:23:28.069+0900] {dag.py:3239} INFO - Sync 1 DAGs
[2025-04-18T11:23:28.079+0900] {logging_mixin.py:190} INFO - [2025-04-18T11:23:28.078+0900] {dag.py:4180} INFO - Setting next_dagrun for example_task_group to None, run_after=None
[2025-04-18T11:23:28.094+0900] {processor.py:208} INFO - Processing /home/kim/airflow_tutorial/py_env/lib/python3.10/site-packages/airflow/example_dags/example_task_group.py took 0.055 seconds
[2025-04-18T11:24:24.143+0900] {processor.py:186} INFO - Started process (PID=642669) to work on /home/kim/airflow_tutorial/py_env/lib/python3.10/site-packages/airflow/example_dags/example_task_group.py
[2025-04-18T11:24:24.146+0900] {processor.py:914} INFO - Processing file /home/kim/airflow_tutorial/py_env/lib/python3.10/site-packages/airflow/example_dags/example_task_group.py for tasks to queue
[2025-04-18T11:24:24.148+0900] {logging_mixin.py:190} INFO - [2025-04-18T11:24:24.148+0900] {dagbag.py:588} INFO - Filling up the DagBag from /home/kim/airflow_tutorial/py_env/lib/python3.10/site-packages/airflow/example_dags/example_task_group.py
[2025-04-18T11:24:24.157+0900] {processor.py:925} INFO - DAG(s) 'example_task_group' retrieved from /home/kim/airflow_tutorial/py_env/lib/python3.10/site-packages/airflow/example_dags/example_task_group.py
[2025-04-18T11:24:24.172+0900] {logging_mixin.py:190} INFO - [2025-04-18T11:24:24.171+0900] {dag.py:3239} INFO - Sync 1 DAGs
[2025-04-18T11:24:24.187+0900] {logging_mixin.py:190} INFO - [2025-04-18T11:24:24.186+0900] {dag.py:4180} INFO - Setting next_dagrun for example_task_group to None, run_after=None
[2025-04-18T11:24:24.214+0900] {processor.py:208} INFO - Processing /home/kim/airflow_tutorial/py_env/lib/python3.10/site-packages/airflow/example_dags/example_task_group.py took 0.078 seconds
[2025-04-18T11:25:25.811+0900] {processor.py:186} INFO - Started process (PID=643145) to work on /home/kim/airflow_tutorial/py_env/lib/python3.10/site-packages/airflow/example_dags/example_task_group.py
[2025-04-18T11:25:25.814+0900] {processor.py:914} INFO - Processing file /home/kim/airflow_tutorial/py_env/lib/python3.10/site-packages/airflow/example_dags/example_task_group.py for tasks to queue
[2025-04-18T11:25:25.816+0900] {logging_mixin.py:190} INFO - [2025-04-18T11:25:25.815+0900] {dagbag.py:588} INFO - Filling up the DagBag from /home/kim/airflow_tutorial/py_env/lib/python3.10/site-packages/airflow/example_dags/example_task_group.py
[2025-04-18T11:25:25.822+0900] {processor.py:925} INFO - DAG(s) 'example_task_group' retrieved from /home/kim/airflow_tutorial/py_env/lib/python3.10/site-packages/airflow/example_dags/example_task_group.py
[2025-04-18T11:25:25.834+0900] {logging_mixin.py:190} INFO - [2025-04-18T11:25:25.834+0900] {dag.py:3239} INFO - Sync 1 DAGs
[2025-04-18T11:25:25.843+0900] {logging_mixin.py:190} INFO - [2025-04-18T11:25:25.842+0900] {dag.py:4180} INFO - Setting next_dagrun for example_task_group to None, run_after=None
[2025-04-18T11:25:25.858+0900] {processor.py:208} INFO - Processing /home/kim/airflow_tutorial/py_env/lib/python3.10/site-packages/airflow/example_dags/example_task_group.py took 0.053 seconds
[2025-04-18T12:03:12.110+0900] {processor.py:186} INFO - Started process (PID=651785) to work on /home/kim/airflow_tutorial/py_env/lib/python3.10/site-packages/airflow/example_dags/example_task_group.py
[2025-04-18T12:03:12.111+0900] {processor.py:914} INFO - Processing file /home/kim/airflow_tutorial/py_env/lib/python3.10/site-packages/airflow/example_dags/example_task_group.py for tasks to queue
[2025-04-18T12:03:12.114+0900] {logging_mixin.py:190} INFO - [2025-04-18T12:03:12.114+0900] {dagbag.py:588} INFO - Filling up the DagBag from /home/kim/airflow_tutorial/py_env/lib/python3.10/site-packages/airflow/example_dags/example_task_group.py
[2025-04-18T12:03:12.206+0900] {processor.py:925} INFO - DAG(s) 'example_task_group' retrieved from /home/kim/airflow_tutorial/py_env/lib/python3.10/site-packages/airflow/example_dags/example_task_group.py
[2025-04-18T12:03:12.285+0900] {logging_mixin.py:190} INFO - [2025-04-18T12:03:12.284+0900] {override.py:1912} INFO - Created Permission View: can read on DAG:example_task_group
[2025-04-18T12:03:12.294+0900] {logging_mixin.py:190} INFO - [2025-04-18T12:03:12.294+0900] {override.py:1912} INFO - Created Permission View: can edit on DAG:example_task_group
[2025-04-18T12:03:12.303+0900] {logging_mixin.py:190} INFO - [2025-04-18T12:03:12.303+0900] {override.py:1912} INFO - Created Permission View: can delete on DAG:example_task_group
[2025-04-18T12:03:12.315+0900] {logging_mixin.py:190} INFO - [2025-04-18T12:03:12.315+0900] {override.py:1912} INFO - Created Permission View: can read on DAG Run:example_task_group
[2025-04-18T12:03:12.324+0900] {logging_mixin.py:190} INFO - [2025-04-18T12:03:12.323+0900] {override.py:1912} INFO - Created Permission View: can create on DAG Run:example_task_group
[2025-04-18T12:03:12.332+0900] {logging_mixin.py:190} INFO - [2025-04-18T12:03:12.332+0900] {override.py:1912} INFO - Created Permission View: menu access on DAG Run:example_task_group
[2025-04-18T12:03:12.342+0900] {logging_mixin.py:190} INFO - [2025-04-18T12:03:12.341+0900] {override.py:1912} INFO - Created Permission View: can delete on DAG Run:example_task_group
[2025-04-18T12:03:12.342+0900] {logging_mixin.py:190} INFO - [2025-04-18T12:03:12.342+0900] {dag.py:3239} INFO - Sync 1 DAGs
[2025-04-18T12:03:12.353+0900] {logging_mixin.py:190} INFO - [2025-04-18T12:03:12.352+0900] {dag.py:3262} INFO - Creating ORM DAG for example_task_group
[2025-04-18T12:03:12.353+0900] {logging_mixin.py:190} INFO - [2025-04-18T12:03:12.353+0900] {dag.py:4180} INFO - Setting next_dagrun for example_task_group to None, run_after=None
[2025-04-18T12:03:12.370+0900] {processor.py:208} INFO - Processing /home/kim/airflow_tutorial/py_env/lib/python3.10/site-packages/airflow/example_dags/example_task_group.py took 0.266 seconds
[2025-04-18T12:05:18.786+0900] {processor.py:186} INFO - Started process (PID=653619) to work on /home/kim/airflow_tutorial/py_env/lib/python3.10/site-packages/airflow/example_dags/example_task_group.py
[2025-04-18T12:05:18.787+0900] {processor.py:914} INFO - Processing file /home/kim/airflow_tutorial/py_env/lib/python3.10/site-packages/airflow/example_dags/example_task_group.py for tasks to queue
[2025-04-18T12:05:18.869+0900] {logging_mixin.py:190} INFO - [2025-04-18T12:05:18.869+0900] {dagbag.py:588} INFO - Filling up the DagBag from /home/kim/airflow_tutorial/py_env/lib/python3.10/site-packages/airflow/example_dags/example_task_group.py
[2025-04-18T12:05:18.874+0900] {processor.py:925} INFO - DAG(s) 'example_task_group' retrieved from /home/kim/airflow_tutorial/py_env/lib/python3.10/site-packages/airflow/example_dags/example_task_group.py
[2025-04-18T12:05:18.899+0900] {logging_mixin.py:190} INFO - [2025-04-18T12:05:18.898+0900] {dag.py:3239} INFO - Sync 1 DAGs
[2025-04-18T12:05:18.909+0900] {logging_mixin.py:190} INFO - [2025-04-18T12:05:18.909+0900] {dag.py:4180} INFO - Setting next_dagrun for example_task_group to None, run_after=None
[2025-04-18T12:05:18.932+0900] {processor.py:208} INFO - Processing /home/kim/airflow_tutorial/py_env/lib/python3.10/site-packages/airflow/example_dags/example_task_group.py took 0.152 seconds
[2025-04-18T12:05:49.531+0900] {processor.py:186} INFO - Started process (PID=654091) to work on /home/kim/airflow_tutorial/py_env/lib/python3.10/site-packages/airflow/example_dags/example_task_group.py
[2025-04-18T12:05:49.532+0900] {processor.py:914} INFO - Processing file /home/kim/airflow_tutorial/py_env/lib/python3.10/site-packages/airflow/example_dags/example_task_group.py for tasks to queue
[2025-04-18T12:05:49.535+0900] {logging_mixin.py:190} INFO - [2025-04-18T12:05:49.534+0900] {dagbag.py:588} INFO - Filling up the DagBag from /home/kim/airflow_tutorial/py_env/lib/python3.10/site-packages/airflow/example_dags/example_task_group.py
[2025-04-18T12:05:49.543+0900] {processor.py:925} INFO - DAG(s) 'example_task_group' retrieved from /home/kim/airflow_tutorial/py_env/lib/python3.10/site-packages/airflow/example_dags/example_task_group.py
[2025-04-18T12:05:49.581+0900] {logging_mixin.py:190} INFO - [2025-04-18T12:05:49.580+0900] {dag.py:3239} INFO - Sync 1 DAGs
[2025-04-18T12:05:49.596+0900] {logging_mixin.py:190} INFO - [2025-04-18T12:05:49.596+0900] {dag.py:4180} INFO - Setting next_dagrun for example_task_group to None, run_after=None
[2025-04-18T12:05:49.622+0900] {processor.py:208} INFO - Processing /home/kim/airflow_tutorial/py_env/lib/python3.10/site-packages/airflow/example_dags/example_task_group.py took 0.097 seconds
[2025-04-18T12:06:20.295+0900] {processor.py:186} INFO - Started process (PID=654474) to work on /home/kim/airflow_tutorial/py_env/lib/python3.10/site-packages/airflow/example_dags/example_task_group.py
[2025-04-18T12:06:20.295+0900] {processor.py:914} INFO - Processing file /home/kim/airflow_tutorial/py_env/lib/python3.10/site-packages/airflow/example_dags/example_task_group.py for tasks to queue
[2025-04-18T12:06:20.297+0900] {logging_mixin.py:190} INFO - [2025-04-18T12:06:20.297+0900] {dagbag.py:588} INFO - Filling up the DagBag from /home/kim/airflow_tutorial/py_env/lib/python3.10/site-packages/airflow/example_dags/example_task_group.py
[2025-04-18T12:06:20.304+0900] {processor.py:925} INFO - DAG(s) 'example_task_group' retrieved from /home/kim/airflow_tutorial/py_env/lib/python3.10/site-packages/airflow/example_dags/example_task_group.py
[2025-04-18T12:06:20.329+0900] {logging_mixin.py:190} INFO - [2025-04-18T12:06:20.328+0900] {dag.py:3239} INFO - Sync 1 DAGs
[2025-04-18T12:06:20.340+0900] {logging_mixin.py:190} INFO - [2025-04-18T12:06:20.340+0900] {dag.py:4180} INFO - Setting next_dagrun for example_task_group to None, run_after=None
[2025-04-18T12:06:20.363+0900] {processor.py:208} INFO - Processing /home/kim/airflow_tutorial/py_env/lib/python3.10/site-packages/airflow/example_dags/example_task_group.py took 0.074 seconds
