[2025-04-18T11:13:08.441+0900] {processor.py:186} INFO - Started process (PID=637702) to work on /home/kim/airflow_tutorial/py_env/lib/python3.10/site-packages/airflow/example_dags/example_latest_only_with_trigger.py
[2025-04-18T11:13:08.442+0900] {processor.py:914} INFO - Processing file /home/kim/airflow_tutorial/py_env/lib/python3.10/site-packages/airflow/example_dags/example_latest_only_with_trigger.py for tasks to queue
[2025-04-18T11:13:08.444+0900] {logging_mixin.py:190} INFO - [2025-04-18T11:13:08.444+0900] {dagbag.py:588} INFO - Filling up the DagBag from /home/kim/airflow_tutorial/py_env/lib/python3.10/site-packages/airflow/example_dags/example_latest_only_with_trigger.py
[2025-04-18T11:13:08.450+0900] {processor.py:925} INFO - DAG(s) 'latest_only_with_trigger' retrieved from /home/kim/airflow_tutorial/py_env/lib/python3.10/site-packages/airflow/example_dags/example_latest_only_with_trigger.py
[2025-04-18T11:13:08.627+0900] {logging_mixin.py:190} INFO - [2025-04-18T11:13:08.626+0900] {override.py:1912} INFO - Created Permission View: can delete on DAG:latest_only_with_trigger
[2025-04-18T11:13:08.639+0900] {logging_mixin.py:190} INFO - [2025-04-18T11:13:08.639+0900] {override.py:1912} INFO - Created Permission View: can edit on DAG:latest_only_with_trigger
[2025-04-18T11:13:08.647+0900] {logging_mixin.py:190} INFO - [2025-04-18T11:13:08.646+0900] {override.py:1912} INFO - Created Permission View: can read on DAG:latest_only_with_trigger
[2025-04-18T11:13:08.657+0900] {logging_mixin.py:190} INFO - [2025-04-18T11:13:08.657+0900] {override.py:1912} INFO - Created Permission View: can delete on DAG Run:latest_only_with_trigger
[2025-04-18T11:13:08.663+0900] {logging_mixin.py:190} INFO - [2025-04-18T11:13:08.663+0900] {override.py:1912} INFO - Created Permission View: can create on DAG Run:latest_only_with_trigger
[2025-04-18T11:13:08.669+0900] {logging_mixin.py:190} INFO - [2025-04-18T11:13:08.669+0900] {override.py:1912} INFO - Created Permission View: menu access on DAG Run:latest_only_with_trigger
[2025-04-18T11:13:08.676+0900] {logging_mixin.py:190} INFO - [2025-04-18T11:13:08.675+0900] {override.py:1912} INFO - Created Permission View: can read on DAG Run:latest_only_with_trigger
[2025-04-18T11:13:08.676+0900] {logging_mixin.py:190} INFO - [2025-04-18T11:13:08.676+0900] {dag.py:3239} INFO - Sync 1 DAGs
[2025-04-18T11:13:08.683+0900] {logging_mixin.py:190} INFO - [2025-04-18T11:13:08.682+0900] {dag.py:3262} INFO - Creating ORM DAG for latest_only_with_trigger
[2025-04-18T11:13:08.688+0900] {logging_mixin.py:190} INFO - [2025-04-18T11:13:08.688+0900] {dag.py:4180} INFO - Setting next_dagrun for latest_only_with_trigger to 2025-04-17 20:00:00+00:00, run_after=2025-04-18 00:00:00+00:00
[2025-04-18T11:13:08.701+0900] {processor.py:208} INFO - Processing /home/kim/airflow_tutorial/py_env/lib/python3.10/site-packages/airflow/example_dags/example_latest_only_with_trigger.py took 0.265 seconds
[2025-04-18T11:14:15.116+0900] {processor.py:186} INFO - Started process (PID=638091) to work on /home/kim/airflow_tutorial/py_env/lib/python3.10/site-packages/airflow/example_dags/example_latest_only_with_trigger.py
[2025-04-18T11:14:15.119+0900] {processor.py:914} INFO - Processing file /home/kim/airflow_tutorial/py_env/lib/python3.10/site-packages/airflow/example_dags/example_latest_only_with_trigger.py for tasks to queue
[2025-04-18T11:14:15.121+0900] {logging_mixin.py:190} INFO - [2025-04-18T11:14:15.120+0900] {dagbag.py:588} INFO - Filling up the DagBag from /home/kim/airflow_tutorial/py_env/lib/python3.10/site-packages/airflow/example_dags/example_latest_only_with_trigger.py
[2025-04-18T11:14:15.126+0900] {processor.py:925} INFO - DAG(s) 'latest_only_with_trigger' retrieved from /home/kim/airflow_tutorial/py_env/lib/python3.10/site-packages/airflow/example_dags/example_latest_only_with_trigger.py
[2025-04-18T11:14:15.137+0900] {logging_mixin.py:190} INFO - [2025-04-18T11:14:15.137+0900] {dag.py:3239} INFO - Sync 1 DAGs
[2025-04-18T11:14:15.151+0900] {logging_mixin.py:190} INFO - [2025-04-18T11:14:15.151+0900] {dag.py:4180} INFO - Setting next_dagrun for latest_only_with_trigger to 2025-04-17 20:00:00+00:00, run_after=2025-04-18 00:00:00+00:00
[2025-04-18T11:14:15.168+0900] {processor.py:208} INFO - Processing /home/kim/airflow_tutorial/py_env/lib/python3.10/site-packages/airflow/example_dags/example_latest_only_with_trigger.py took 0.056 seconds
[2025-04-18T11:15:14.907+0900] {processor.py:186} INFO - Started process (PID=638692) to work on /home/kim/airflow_tutorial/py_env/lib/python3.10/site-packages/airflow/example_dags/example_latest_only_with_trigger.py
[2025-04-18T11:15:14.909+0900] {processor.py:914} INFO - Processing file /home/kim/airflow_tutorial/py_env/lib/python3.10/site-packages/airflow/example_dags/example_latest_only_with_trigger.py for tasks to queue
[2025-04-18T11:15:14.911+0900] {logging_mixin.py:190} INFO - [2025-04-18T11:15:14.911+0900] {dagbag.py:588} INFO - Filling up the DagBag from /home/kim/airflow_tutorial/py_env/lib/python3.10/site-packages/airflow/example_dags/example_latest_only_with_trigger.py
[2025-04-18T11:15:14.917+0900] {processor.py:925} INFO - DAG(s) 'latest_only_with_trigger' retrieved from /home/kim/airflow_tutorial/py_env/lib/python3.10/site-packages/airflow/example_dags/example_latest_only_with_trigger.py
[2025-04-18T11:15:14.928+0900] {logging_mixin.py:190} INFO - [2025-04-18T11:15:14.928+0900] {dag.py:3239} INFO - Sync 1 DAGs
[2025-04-18T11:15:14.942+0900] {logging_mixin.py:190} INFO - [2025-04-18T11:15:14.942+0900] {dag.py:4180} INFO - Setting next_dagrun for latest_only_with_trigger to 2025-04-17 20:00:00+00:00, run_after=2025-04-18 00:00:00+00:00
[2025-04-18T11:15:14.957+0900] {processor.py:208} INFO - Processing /home/kim/airflow_tutorial/py_env/lib/python3.10/site-packages/airflow/example_dags/example_latest_only_with_trigger.py took 0.055 seconds
[2025-04-18T11:16:16.876+0900] {processor.py:186} INFO - Started process (PID=639146) to work on /home/kim/airflow_tutorial/py_env/lib/python3.10/site-packages/airflow/example_dags/example_latest_only_with_trigger.py
[2025-04-18T11:16:16.879+0900] {processor.py:914} INFO - Processing file /home/kim/airflow_tutorial/py_env/lib/python3.10/site-packages/airflow/example_dags/example_latest_only_with_trigger.py for tasks to queue
[2025-04-18T11:16:16.880+0900] {logging_mixin.py:190} INFO - [2025-04-18T11:16:16.880+0900] {dagbag.py:588} INFO - Filling up the DagBag from /home/kim/airflow_tutorial/py_env/lib/python3.10/site-packages/airflow/example_dags/example_latest_only_with_trigger.py
[2025-04-18T11:16:16.887+0900] {processor.py:925} INFO - DAG(s) 'latest_only_with_trigger' retrieved from /home/kim/airflow_tutorial/py_env/lib/python3.10/site-packages/airflow/example_dags/example_latest_only_with_trigger.py
[2025-04-18T11:16:16.898+0900] {logging_mixin.py:190} INFO - [2025-04-18T11:16:16.898+0900] {dag.py:3239} INFO - Sync 1 DAGs
[2025-04-18T11:16:16.915+0900] {logging_mixin.py:190} INFO - [2025-04-18T11:16:16.914+0900] {dag.py:4180} INFO - Setting next_dagrun for latest_only_with_trigger to 2025-04-17 20:00:00+00:00, run_after=2025-04-18 00:00:00+00:00
[2025-04-18T11:16:16.932+0900] {processor.py:208} INFO - Processing /home/kim/airflow_tutorial/py_env/lib/python3.10/site-packages/airflow/example_dags/example_latest_only_with_trigger.py took 0.064 seconds
[2025-04-18T11:17:15.364+0900] {processor.py:186} INFO - Started process (PID=639964) to work on /home/kim/airflow_tutorial/py_env/lib/python3.10/site-packages/airflow/example_dags/example_latest_only_with_trigger.py
[2025-04-18T11:17:15.367+0900] {processor.py:914} INFO - Processing file /home/kim/airflow_tutorial/py_env/lib/python3.10/site-packages/airflow/example_dags/example_latest_only_with_trigger.py for tasks to queue
[2025-04-18T11:17:15.369+0900] {logging_mixin.py:190} INFO - [2025-04-18T11:17:15.368+0900] {dagbag.py:588} INFO - Filling up the DagBag from /home/kim/airflow_tutorial/py_env/lib/python3.10/site-packages/airflow/example_dags/example_latest_only_with_trigger.py
[2025-04-18T11:17:15.374+0900] {processor.py:925} INFO - DAG(s) 'latest_only_with_trigger' retrieved from /home/kim/airflow_tutorial/py_env/lib/python3.10/site-packages/airflow/example_dags/example_latest_only_with_trigger.py
[2025-04-18T11:17:15.385+0900] {logging_mixin.py:190} INFO - [2025-04-18T11:17:15.385+0900] {dag.py:3239} INFO - Sync 1 DAGs
[2025-04-18T11:17:15.398+0900] {logging_mixin.py:190} INFO - [2025-04-18T11:17:15.397+0900] {dag.py:4180} INFO - Setting next_dagrun for latest_only_with_trigger to 2025-04-17 20:00:00+00:00, run_after=2025-04-18 00:00:00+00:00
[2025-04-18T11:17:15.414+0900] {processor.py:208} INFO - Processing /home/kim/airflow_tutorial/py_env/lib/python3.10/site-packages/airflow/example_dags/example_latest_only_with_trigger.py took 0.054 seconds
[2025-04-18T11:18:16.899+0900] {processor.py:186} INFO - Started process (PID=640432) to work on /home/kim/airflow_tutorial/py_env/lib/python3.10/site-packages/airflow/example_dags/example_latest_only_with_trigger.py
[2025-04-18T11:18:16.901+0900] {processor.py:914} INFO - Processing file /home/kim/airflow_tutorial/py_env/lib/python3.10/site-packages/airflow/example_dags/example_latest_only_with_trigger.py for tasks to queue
[2025-04-18T11:18:16.903+0900] {logging_mixin.py:190} INFO - [2025-04-18T11:18:16.903+0900] {dagbag.py:588} INFO - Filling up the DagBag from /home/kim/airflow_tutorial/py_env/lib/python3.10/site-packages/airflow/example_dags/example_latest_only_with_trigger.py
[2025-04-18T11:18:16.909+0900] {processor.py:925} INFO - DAG(s) 'latest_only_with_trigger' retrieved from /home/kim/airflow_tutorial/py_env/lib/python3.10/site-packages/airflow/example_dags/example_latest_only_with_trigger.py
[2025-04-18T11:18:16.922+0900] {logging_mixin.py:190} INFO - [2025-04-18T11:18:16.922+0900] {dag.py:3239} INFO - Sync 1 DAGs
[2025-04-18T11:18:16.936+0900] {logging_mixin.py:190} INFO - [2025-04-18T11:18:16.936+0900] {dag.py:4180} INFO - Setting next_dagrun for latest_only_with_trigger to 2025-04-17 20:00:00+00:00, run_after=2025-04-18 00:00:00+00:00
[2025-04-18T11:18:16.952+0900] {processor.py:208} INFO - Processing /home/kim/airflow_tutorial/py_env/lib/python3.10/site-packages/airflow/example_dags/example_latest_only_with_trigger.py took 0.057 seconds
[2025-04-18T11:19:13.348+0900] {processor.py:186} INFO - Started process (PID=640937) to work on /home/kim/airflow_tutorial/py_env/lib/python3.10/site-packages/airflow/example_dags/example_latest_only_with_trigger.py
[2025-04-18T11:19:13.349+0900] {processor.py:914} INFO - Processing file /home/kim/airflow_tutorial/py_env/lib/python3.10/site-packages/airflow/example_dags/example_latest_only_with_trigger.py for tasks to queue
[2025-04-18T11:19:13.351+0900] {logging_mixin.py:190} INFO - [2025-04-18T11:19:13.350+0900] {dagbag.py:588} INFO - Filling up the DagBag from /home/kim/airflow_tutorial/py_env/lib/python3.10/site-packages/airflow/example_dags/example_latest_only_with_trigger.py
[2025-04-18T11:19:13.357+0900] {processor.py:925} INFO - DAG(s) 'latest_only_with_trigger' retrieved from /home/kim/airflow_tutorial/py_env/lib/python3.10/site-packages/airflow/example_dags/example_latest_only_with_trigger.py
[2025-04-18T11:19:13.369+0900] {logging_mixin.py:190} INFO - [2025-04-18T11:19:13.369+0900] {dag.py:3239} INFO - Sync 1 DAGs
[2025-04-18T11:19:13.382+0900] {logging_mixin.py:190} INFO - [2025-04-18T11:19:13.382+0900] {dag.py:4180} INFO - Setting next_dagrun for latest_only_with_trigger to 2025-04-17 20:00:00+00:00, run_after=2025-04-18 00:00:00+00:00
[2025-04-18T11:19:13.399+0900] {processor.py:208} INFO - Processing /home/kim/airflow_tutorial/py_env/lib/python3.10/site-packages/airflow/example_dags/example_latest_only_with_trigger.py took 0.056 seconds
[2025-04-18T11:20:11.747+0900] {processor.py:186} INFO - Started process (PID=641220) to work on /home/kim/airflow_tutorial/py_env/lib/python3.10/site-packages/airflow/example_dags/example_latest_only_with_trigger.py
[2025-04-18T11:20:11.750+0900] {processor.py:914} INFO - Processing file /home/kim/airflow_tutorial/py_env/lib/python3.10/site-packages/airflow/example_dags/example_latest_only_with_trigger.py for tasks to queue
[2025-04-18T11:20:11.751+0900] {logging_mixin.py:190} INFO - [2025-04-18T11:20:11.751+0900] {dagbag.py:588} INFO - Filling up the DagBag from /home/kim/airflow_tutorial/py_env/lib/python3.10/site-packages/airflow/example_dags/example_latest_only_with_trigger.py
[2025-04-18T11:20:11.757+0900] {processor.py:925} INFO - DAG(s) 'latest_only_with_trigger' retrieved from /home/kim/airflow_tutorial/py_env/lib/python3.10/site-packages/airflow/example_dags/example_latest_only_with_trigger.py
[2025-04-18T11:20:11.769+0900] {logging_mixin.py:190} INFO - [2025-04-18T11:20:11.769+0900] {dag.py:3239} INFO - Sync 1 DAGs
[2025-04-18T11:20:11.782+0900] {logging_mixin.py:190} INFO - [2025-04-18T11:20:11.782+0900] {dag.py:4180} INFO - Setting next_dagrun for latest_only_with_trigger to 2025-04-17 20:00:00+00:00, run_after=2025-04-18 00:00:00+00:00
[2025-04-18T11:20:11.799+0900] {processor.py:208} INFO - Processing /home/kim/airflow_tutorial/py_env/lib/python3.10/site-packages/airflow/example_dags/example_latest_only_with_trigger.py took 0.057 seconds
[2025-04-18T11:21:11.121+0900] {processor.py:186} INFO - Started process (PID=641506) to work on /home/kim/airflow_tutorial/py_env/lib/python3.10/site-packages/airflow/example_dags/example_latest_only_with_trigger.py
[2025-04-18T11:21:11.124+0900] {processor.py:914} INFO - Processing file /home/kim/airflow_tutorial/py_env/lib/python3.10/site-packages/airflow/example_dags/example_latest_only_with_trigger.py for tasks to queue
[2025-04-18T11:21:11.125+0900] {logging_mixin.py:190} INFO - [2025-04-18T11:21:11.125+0900] {dagbag.py:588} INFO - Filling up the DagBag from /home/kim/airflow_tutorial/py_env/lib/python3.10/site-packages/airflow/example_dags/example_latest_only_with_trigger.py
[2025-04-18T11:21:11.131+0900] {processor.py:925} INFO - DAG(s) 'latest_only_with_trigger' retrieved from /home/kim/airflow_tutorial/py_env/lib/python3.10/site-packages/airflow/example_dags/example_latest_only_with_trigger.py
[2025-04-18T11:21:11.143+0900] {logging_mixin.py:190} INFO - [2025-04-18T11:21:11.142+0900] {dag.py:3239} INFO - Sync 1 DAGs
[2025-04-18T11:21:11.155+0900] {logging_mixin.py:190} INFO - [2025-04-18T11:21:11.155+0900] {dag.py:4180} INFO - Setting next_dagrun for latest_only_with_trigger to 2025-04-17 20:00:00+00:00, run_after=2025-04-18 00:00:00+00:00
[2025-04-18T11:21:11.169+0900] {processor.py:208} INFO - Processing /home/kim/airflow_tutorial/py_env/lib/python3.10/site-packages/airflow/example_dags/example_latest_only_with_trigger.py took 0.052 seconds
[2025-04-18T11:22:13.298+0900] {processor.py:186} INFO - Started process (PID=641809) to work on /home/kim/airflow_tutorial/py_env/lib/python3.10/site-packages/airflow/example_dags/example_latest_only_with_trigger.py
[2025-04-18T11:22:13.303+0900] {processor.py:914} INFO - Processing file /home/kim/airflow_tutorial/py_env/lib/python3.10/site-packages/airflow/example_dags/example_latest_only_with_trigger.py for tasks to queue
[2025-04-18T11:22:13.306+0900] {logging_mixin.py:190} INFO - [2025-04-18T11:22:13.306+0900] {dagbag.py:588} INFO - Filling up the DagBag from /home/kim/airflow_tutorial/py_env/lib/python3.10/site-packages/airflow/example_dags/example_latest_only_with_trigger.py
[2025-04-18T11:22:13.317+0900] {processor.py:925} INFO - DAG(s) 'latest_only_with_trigger' retrieved from /home/kim/airflow_tutorial/py_env/lib/python3.10/site-packages/airflow/example_dags/example_latest_only_with_trigger.py
[2025-04-18T11:22:13.327+0900] {logging_mixin.py:190} INFO - [2025-04-18T11:22:13.327+0900] {dag.py:3239} INFO - Sync 1 DAGs
[2025-04-18T11:22:13.339+0900] {logging_mixin.py:190} INFO - [2025-04-18T11:22:13.339+0900] {dag.py:4180} INFO - Setting next_dagrun for latest_only_with_trigger to 2025-04-17 20:00:00+00:00, run_after=2025-04-18 00:00:00+00:00
[2025-04-18T11:22:13.355+0900] {processor.py:208} INFO - Processing /home/kim/airflow_tutorial/py_env/lib/python3.10/site-packages/airflow/example_dags/example_latest_only_with_trigger.py took 0.068 seconds
[2025-04-18T11:23:14.513+0900] {processor.py:186} INFO - Started process (PID=642259) to work on /home/kim/airflow_tutorial/py_env/lib/python3.10/site-packages/airflow/example_dags/example_latest_only_with_trigger.py
[2025-04-18T11:23:14.514+0900] {processor.py:914} INFO - Processing file /home/kim/airflow_tutorial/py_env/lib/python3.10/site-packages/airflow/example_dags/example_latest_only_with_trigger.py for tasks to queue
[2025-04-18T11:23:14.517+0900] {logging_mixin.py:190} INFO - [2025-04-18T11:23:14.517+0900] {dagbag.py:588} INFO - Filling up the DagBag from /home/kim/airflow_tutorial/py_env/lib/python3.10/site-packages/airflow/example_dags/example_latest_only_with_trigger.py
[2025-04-18T11:23:14.526+0900] {processor.py:925} INFO - DAG(s) 'latest_only_with_trigger' retrieved from /home/kim/airflow_tutorial/py_env/lib/python3.10/site-packages/airflow/example_dags/example_latest_only_with_trigger.py
[2025-04-18T11:23:14.541+0900] {logging_mixin.py:190} INFO - [2025-04-18T11:23:14.541+0900] {dag.py:3239} INFO - Sync 1 DAGs
[2025-04-18T11:23:14.560+0900] {logging_mixin.py:190} INFO - [2025-04-18T11:23:14.560+0900] {dag.py:4180} INFO - Setting next_dagrun for latest_only_with_trigger to 2025-04-17 20:00:00+00:00, run_after=2025-04-18 00:00:00+00:00
[2025-04-18T11:23:14.579+0900] {processor.py:208} INFO - Processing /home/kim/airflow_tutorial/py_env/lib/python3.10/site-packages/airflow/example_dags/example_latest_only_with_trigger.py took 0.072 seconds
[2025-04-18T11:24:08.209+0900] {processor.py:186} INFO - Started process (PID=642541) to work on /home/kim/airflow_tutorial/py_env/lib/python3.10/site-packages/airflow/example_dags/example_latest_only_with_trigger.py
[2025-04-18T11:24:08.210+0900] {processor.py:914} INFO - Processing file /home/kim/airflow_tutorial/py_env/lib/python3.10/site-packages/airflow/example_dags/example_latest_only_with_trigger.py for tasks to queue
[2025-04-18T11:24:08.211+0900] {logging_mixin.py:190} INFO - [2025-04-18T11:24:08.211+0900] {dagbag.py:588} INFO - Filling up the DagBag from /home/kim/airflow_tutorial/py_env/lib/python3.10/site-packages/airflow/example_dags/example_latest_only_with_trigger.py
[2025-04-18T11:24:08.217+0900] {processor.py:925} INFO - DAG(s) 'latest_only_with_trigger' retrieved from /home/kim/airflow_tutorial/py_env/lib/python3.10/site-packages/airflow/example_dags/example_latest_only_with_trigger.py
[2025-04-18T11:24:08.228+0900] {logging_mixin.py:190} INFO - [2025-04-18T11:24:08.228+0900] {dag.py:3239} INFO - Sync 1 DAGs
[2025-04-18T11:24:08.242+0900] {logging_mixin.py:190} INFO - [2025-04-18T11:24:08.241+0900] {dag.py:4180} INFO - Setting next_dagrun for latest_only_with_trigger to 2025-04-17 20:00:00+00:00, run_after=2025-04-18 00:00:00+00:00
[2025-04-18T11:24:08.257+0900] {processor.py:208} INFO - Processing /home/kim/airflow_tutorial/py_env/lib/python3.10/site-packages/airflow/example_dags/example_latest_only_with_trigger.py took 0.053 seconds
[2025-04-18T11:25:10.947+0900] {processor.py:186} INFO - Started process (PID=642870) to work on /home/kim/airflow_tutorial/py_env/lib/python3.10/site-packages/airflow/example_dags/example_latest_only_with_trigger.py
[2025-04-18T11:25:10.949+0900] {processor.py:914} INFO - Processing file /home/kim/airflow_tutorial/py_env/lib/python3.10/site-packages/airflow/example_dags/example_latest_only_with_trigger.py for tasks to queue
[2025-04-18T11:25:10.951+0900] {logging_mixin.py:190} INFO - [2025-04-18T11:25:10.951+0900] {dagbag.py:588} INFO - Filling up the DagBag from /home/kim/airflow_tutorial/py_env/lib/python3.10/site-packages/airflow/example_dags/example_latest_only_with_trigger.py
[2025-04-18T11:25:10.957+0900] {processor.py:925} INFO - DAG(s) 'latest_only_with_trigger' retrieved from /home/kim/airflow_tutorial/py_env/lib/python3.10/site-packages/airflow/example_dags/example_latest_only_with_trigger.py
[2025-04-18T11:25:10.969+0900] {logging_mixin.py:190} INFO - [2025-04-18T11:25:10.969+0900] {dag.py:3239} INFO - Sync 1 DAGs
[2025-04-18T11:25:10.983+0900] {logging_mixin.py:190} INFO - [2025-04-18T11:25:10.982+0900] {dag.py:4180} INFO - Setting next_dagrun for latest_only_with_trigger to 2025-04-17 20:00:00+00:00, run_after=2025-04-18 00:00:00+00:00
[2025-04-18T11:25:10.998+0900] {processor.py:208} INFO - Processing /home/kim/airflow_tutorial/py_env/lib/python3.10/site-packages/airflow/example_dags/example_latest_only_with_trigger.py took 0.056 seconds
[2025-04-18T12:03:09.860+0900] {processor.py:186} INFO - Started process (PID=651629) to work on /home/kim/airflow_tutorial/py_env/lib/python3.10/site-packages/airflow/example_dags/example_latest_only_with_trigger.py
[2025-04-18T12:03:09.861+0900] {processor.py:914} INFO - Processing file /home/kim/airflow_tutorial/py_env/lib/python3.10/site-packages/airflow/example_dags/example_latest_only_with_trigger.py for tasks to queue
[2025-04-18T12:03:09.863+0900] {logging_mixin.py:190} INFO - [2025-04-18T12:03:09.862+0900] {dagbag.py:588} INFO - Filling up the DagBag from /home/kim/airflow_tutorial/py_env/lib/python3.10/site-packages/airflow/example_dags/example_latest_only_with_trigger.py
[2025-04-18T12:03:09.869+0900] {processor.py:925} INFO - DAG(s) 'latest_only_with_trigger' retrieved from /home/kim/airflow_tutorial/py_env/lib/python3.10/site-packages/airflow/example_dags/example_latest_only_with_trigger.py
[2025-04-18T12:03:10.049+0900] {logging_mixin.py:190} INFO - [2025-04-18T12:03:10.049+0900] {override.py:1912} INFO - Created Permission View: can read on DAG:latest_only_with_trigger
[2025-04-18T12:03:10.063+0900] {logging_mixin.py:190} INFO - [2025-04-18T12:03:10.062+0900] {override.py:1912} INFO - Created Permission View: can edit on DAG:latest_only_with_trigger
[2025-04-18T12:03:10.073+0900] {logging_mixin.py:190} INFO - [2025-04-18T12:03:10.073+0900] {override.py:1912} INFO - Created Permission View: can delete on DAG:latest_only_with_trigger
[2025-04-18T12:03:10.085+0900] {logging_mixin.py:190} INFO - [2025-04-18T12:03:10.084+0900] {override.py:1912} INFO - Created Permission View: can read on DAG Run:latest_only_with_trigger
[2025-04-18T12:03:10.094+0900] {logging_mixin.py:190} INFO - [2025-04-18T12:03:10.094+0900] {override.py:1912} INFO - Created Permission View: can create on DAG Run:latest_only_with_trigger
[2025-04-18T12:03:10.103+0900] {logging_mixin.py:190} INFO - [2025-04-18T12:03:10.103+0900] {override.py:1912} INFO - Created Permission View: menu access on DAG Run:latest_only_with_trigger
[2025-04-18T12:03:10.111+0900] {logging_mixin.py:190} INFO - [2025-04-18T12:03:10.111+0900] {override.py:1912} INFO - Created Permission View: can delete on DAG Run:latest_only_with_trigger
[2025-04-18T12:03:10.112+0900] {logging_mixin.py:190} INFO - [2025-04-18T12:03:10.111+0900] {dag.py:3239} INFO - Sync 1 DAGs
[2025-04-18T12:03:10.121+0900] {logging_mixin.py:190} INFO - [2025-04-18T12:03:10.121+0900] {dag.py:3262} INFO - Creating ORM DAG for latest_only_with_trigger
[2025-04-18T12:03:10.128+0900] {logging_mixin.py:190} INFO - [2025-04-18T12:03:10.128+0900] {dag.py:4180} INFO - Setting next_dagrun for latest_only_with_trigger to 2025-04-17 20:00:00+00:00, run_after=2025-04-18 00:00:00+00:00
[2025-04-18T12:03:10.145+0900] {processor.py:208} INFO - Processing /home/kim/airflow_tutorial/py_env/lib/python3.10/site-packages/airflow/example_dags/example_latest_only_with_trigger.py took 0.290 seconds
[2025-04-18T12:05:17.560+0900] {processor.py:186} INFO - Started process (PID=653548) to work on /home/kim/airflow_tutorial/py_env/lib/python3.10/site-packages/airflow/example_dags/example_latest_only_with_trigger.py
[2025-04-18T12:05:17.561+0900] {processor.py:914} INFO - Processing file /home/kim/airflow_tutorial/py_env/lib/python3.10/site-packages/airflow/example_dags/example_latest_only_with_trigger.py for tasks to queue
[2025-04-18T12:05:17.563+0900] {logging_mixin.py:190} INFO - [2025-04-18T12:05:17.563+0900] {dagbag.py:588} INFO - Filling up the DagBag from /home/kim/airflow_tutorial/py_env/lib/python3.10/site-packages/airflow/example_dags/example_latest_only_with_trigger.py
[2025-04-18T12:05:17.569+0900] {processor.py:925} INFO - DAG(s) 'latest_only_with_trigger' retrieved from /home/kim/airflow_tutorial/py_env/lib/python3.10/site-packages/airflow/example_dags/example_latest_only_with_trigger.py
[2025-04-18T12:05:17.673+0900] {logging_mixin.py:190} INFO - [2025-04-18T12:05:17.673+0900] {dag.py:3239} INFO - Sync 1 DAGs
[2025-04-18T12:05:17.688+0900] {logging_mixin.py:190} INFO - [2025-04-18T12:05:17.688+0900] {dag.py:4180} INFO - Setting next_dagrun for latest_only_with_trigger to 2025-04-17 20:00:00+00:00, run_after=2025-04-18 00:00:00+00:00
[2025-04-18T12:05:17.711+0900] {processor.py:208} INFO - Processing /home/kim/airflow_tutorial/py_env/lib/python3.10/site-packages/airflow/example_dags/example_latest_only_with_trigger.py took 0.155 seconds
[2025-04-18T12:05:48.720+0900] {processor.py:186} INFO - Started process (PID=654028) to work on /home/kim/airflow_tutorial/py_env/lib/python3.10/site-packages/airflow/example_dags/example_latest_only_with_trigger.py
[2025-04-18T12:05:48.722+0900] {processor.py:914} INFO - Processing file /home/kim/airflow_tutorial/py_env/lib/python3.10/site-packages/airflow/example_dags/example_latest_only_with_trigger.py for tasks to queue
[2025-04-18T12:05:48.724+0900] {logging_mixin.py:190} INFO - [2025-04-18T12:05:48.723+0900] {dagbag.py:588} INFO - Filling up the DagBag from /home/kim/airflow_tutorial/py_env/lib/python3.10/site-packages/airflow/example_dags/example_latest_only_with_trigger.py
[2025-04-18T12:05:48.733+0900] {processor.py:925} INFO - DAG(s) 'latest_only_with_trigger' retrieved from /home/kim/airflow_tutorial/py_env/lib/python3.10/site-packages/airflow/example_dags/example_latest_only_with_trigger.py
[2025-04-18T12:05:48.764+0900] {logging_mixin.py:190} INFO - [2025-04-18T12:05:48.764+0900] {dag.py:3239} INFO - Sync 1 DAGs
[2025-04-18T12:05:48.788+0900] {logging_mixin.py:190} INFO - [2025-04-18T12:05:48.788+0900] {dag.py:4180} INFO - Setting next_dagrun for latest_only_with_trigger to 2025-04-17 20:00:00+00:00, run_after=2025-04-18 00:00:00+00:00
[2025-04-18T12:05:48.811+0900] {processor.py:208} INFO - Processing /home/kim/airflow_tutorial/py_env/lib/python3.10/site-packages/airflow/example_dags/example_latest_only_with_trigger.py took 0.097 seconds
[2025-04-18T12:06:19.473+0900] {processor.py:186} INFO - Started process (PID=654411) to work on /home/kim/airflow_tutorial/py_env/lib/python3.10/site-packages/airflow/example_dags/example_latest_only_with_trigger.py
[2025-04-18T12:06:19.474+0900] {processor.py:914} INFO - Processing file /home/kim/airflow_tutorial/py_env/lib/python3.10/site-packages/airflow/example_dags/example_latest_only_with_trigger.py for tasks to queue
[2025-04-18T12:06:19.476+0900] {logging_mixin.py:190} INFO - [2025-04-18T12:06:19.475+0900] {dagbag.py:588} INFO - Filling up the DagBag from /home/kim/airflow_tutorial/py_env/lib/python3.10/site-packages/airflow/example_dags/example_latest_only_with_trigger.py
[2025-04-18T12:06:19.484+0900] {processor.py:925} INFO - DAG(s) 'latest_only_with_trigger' retrieved from /home/kim/airflow_tutorial/py_env/lib/python3.10/site-packages/airflow/example_dags/example_latest_only_with_trigger.py
[2025-04-18T12:06:19.507+0900] {logging_mixin.py:190} INFO - [2025-04-18T12:06:19.506+0900] {dag.py:3239} INFO - Sync 1 DAGs
[2025-04-18T12:06:19.526+0900] {logging_mixin.py:190} INFO - [2025-04-18T12:06:19.525+0900] {dag.py:4180} INFO - Setting next_dagrun for latest_only_with_trigger to 2025-04-17 20:00:00+00:00, run_after=2025-04-18 00:00:00+00:00
[2025-04-18T12:06:19.547+0900] {processor.py:208} INFO - Processing /home/kim/airflow_tutorial/py_env/lib/python3.10/site-packages/airflow/example_dags/example_latest_only_with_trigger.py took 0.081 seconds
