[2025-04-18T11:14:01.633+0900] {processor.py:186} INFO - Started process (PID=638033) to work on /home/kim/airflow_tutorial/py_env/lib/python3.10/site-packages/airflow/example_dags/example_branch_datetime_operator.py
[2025-04-18T11:14:01.633+0900] {processor.py:914} INFO - Processing file /home/kim/airflow_tutorial/py_env/lib/python3.10/site-packages/airflow/example_dags/example_branch_datetime_operator.py for tasks to queue
[2025-04-18T11:14:01.635+0900] {logging_mixin.py:190} INFO - [2025-04-18T11:14:01.635+0900] {dagbag.py:588} INFO - Filling up the DagBag from /home/kim/airflow_tutorial/py_env/lib/python3.10/site-packages/airflow/example_dags/example_branch_datetime_operator.py
[2025-04-18T11:14:01.644+0900] {processor.py:925} INFO - DAG(s) 'example_branch_datetime_operator', 'example_branch_datetime_operator_2', 'example_branch_datetime_operator_3' retrieved from /home/kim/airflow_tutorial/py_env/lib/python3.10/site-packages/airflow/example_dags/example_branch_datetime_operator.py
[2025-04-18T11:14:01.709+0900] {logging_mixin.py:190} INFO - [2025-04-18T11:14:01.709+0900] {override.py:1912} INFO - Created Permission View: can delete on DAG:example_branch_datetime_operator
[2025-04-18T11:14:01.718+0900] {logging_mixin.py:190} INFO - [2025-04-18T11:14:01.717+0900] {override.py:1912} INFO - Created Permission View: can edit on DAG:example_branch_datetime_operator
[2025-04-18T11:14:01.724+0900] {logging_mixin.py:190} INFO - [2025-04-18T11:14:01.724+0900] {override.py:1912} INFO - Created Permission View: can read on DAG:example_branch_datetime_operator
[2025-04-18T11:14:01.735+0900] {logging_mixin.py:190} INFO - [2025-04-18T11:14:01.735+0900] {override.py:1912} INFO - Created Permission View: can delete on DAG Run:example_branch_datetime_operator
[2025-04-18T11:14:01.741+0900] {logging_mixin.py:190} INFO - [2025-04-18T11:14:01.741+0900] {override.py:1912} INFO - Created Permission View: can create on DAG Run:example_branch_datetime_operator
[2025-04-18T11:14:01.750+0900] {logging_mixin.py:190} INFO - [2025-04-18T11:14:01.749+0900] {override.py:1912} INFO - Created Permission View: menu access on DAG Run:example_branch_datetime_operator
[2025-04-18T11:14:01.766+0900] {logging_mixin.py:190} INFO - [2025-04-18T11:14:01.766+0900] {override.py:1912} INFO - Created Permission View: can read on DAG Run:example_branch_datetime_operator
[2025-04-18T11:14:01.794+0900] {logging_mixin.py:190} INFO - [2025-04-18T11:14:01.793+0900] {override.py:1912} INFO - Created Permission View: can delete on DAG:example_branch_datetime_operator_2
[2025-04-18T11:14:01.804+0900] {logging_mixin.py:190} INFO - [2025-04-18T11:14:01.804+0900] {override.py:1912} INFO - Created Permission View: can edit on DAG:example_branch_datetime_operator_2
[2025-04-18T11:14:01.811+0900] {logging_mixin.py:190} INFO - [2025-04-18T11:14:01.811+0900] {override.py:1912} INFO - Created Permission View: can read on DAG:example_branch_datetime_operator_2
[2025-04-18T11:14:01.820+0900] {logging_mixin.py:190} INFO - [2025-04-18T11:14:01.820+0900] {override.py:1912} INFO - Created Permission View: can delete on DAG Run:example_branch_datetime_operator_2
[2025-04-18T11:14:01.827+0900] {logging_mixin.py:190} INFO - [2025-04-18T11:14:01.827+0900] {override.py:1912} INFO - Created Permission View: can create on DAG Run:example_branch_datetime_operator_2
[2025-04-18T11:14:01.833+0900] {logging_mixin.py:190} INFO - [2025-04-18T11:14:01.833+0900] {override.py:1912} INFO - Created Permission View: menu access on DAG Run:example_branch_datetime_operator_2
[2025-04-18T11:14:01.839+0900] {logging_mixin.py:190} INFO - [2025-04-18T11:14:01.839+0900] {override.py:1912} INFO - Created Permission View: can read on DAG Run:example_branch_datetime_operator_2
[2025-04-18T11:14:01.853+0900] {logging_mixin.py:190} INFO - [2025-04-18T11:14:01.852+0900] {override.py:1912} INFO - Created Permission View: can delete on DAG:example_branch_datetime_operator_3
[2025-04-18T11:14:01.859+0900] {logging_mixin.py:190} INFO - [2025-04-18T11:14:01.858+0900] {override.py:1912} INFO - Created Permission View: can edit on DAG:example_branch_datetime_operator_3
[2025-04-18T11:14:01.864+0900] {logging_mixin.py:190} INFO - [2025-04-18T11:14:01.864+0900] {override.py:1912} INFO - Created Permission View: can read on DAG:example_branch_datetime_operator_3
[2025-04-18T11:14:01.874+0900] {logging_mixin.py:190} INFO - [2025-04-18T11:14:01.873+0900] {override.py:1912} INFO - Created Permission View: can delete on DAG Run:example_branch_datetime_operator_3
[2025-04-18T11:14:01.880+0900] {logging_mixin.py:190} INFO - [2025-04-18T11:14:01.879+0900] {override.py:1912} INFO - Created Permission View: can create on DAG Run:example_branch_datetime_operator_3
[2025-04-18T11:14:01.886+0900] {logging_mixin.py:190} INFO - [2025-04-18T11:14:01.885+0900] {override.py:1912} INFO - Created Permission View: menu access on DAG Run:example_branch_datetime_operator_3
[2025-04-18T11:14:01.892+0900] {logging_mixin.py:190} INFO - [2025-04-18T11:14:01.892+0900] {override.py:1912} INFO - Created Permission View: can read on DAG Run:example_branch_datetime_operator_3
[2025-04-18T11:14:01.893+0900] {logging_mixin.py:190} INFO - [2025-04-18T11:14:01.893+0900] {dag.py:3239} INFO - Sync 3 DAGs
[2025-04-18T11:14:01.901+0900] {logging_mixin.py:190} INFO - [2025-04-18T11:14:01.900+0900] {dag.py:3262} INFO - Creating ORM DAG for example_branch_datetime_operator_3
[2025-04-18T11:14:01.901+0900] {logging_mixin.py:190} INFO - [2025-04-18T11:14:01.901+0900] {dag.py:3262} INFO - Creating ORM DAG for example_branch_datetime_operator
[2025-04-18T11:14:01.901+0900] {logging_mixin.py:190} INFO - [2025-04-18T11:14:01.901+0900] {dag.py:3262} INFO - Creating ORM DAG for example_branch_datetime_operator_2
[2025-04-18T11:14:01.908+0900] {logging_mixin.py:190} INFO - [2025-04-18T11:14:01.908+0900] {dag.py:4180} INFO - Setting next_dagrun for example_branch_datetime_operator to 2025-04-17 00:00:00+00:00, run_after=2025-04-18 00:00:00+00:00
[2025-04-18T11:14:01.909+0900] {logging_mixin.py:190} INFO - [2025-04-18T11:14:01.909+0900] {dag.py:4180} INFO - Setting next_dagrun for example_branch_datetime_operator_2 to 2025-04-17 00:00:00+00:00, run_after=2025-04-18 00:00:00+00:00
[2025-04-18T11:14:01.910+0900] {logging_mixin.py:190} INFO - [2025-04-18T11:14:01.910+0900] {dag.py:4180} INFO - Setting next_dagrun for example_branch_datetime_operator_3 to 2025-04-17 00:00:00+00:00, run_after=2025-04-18 00:00:00+00:00
[2025-04-18T11:14:01.926+0900] {processor.py:208} INFO - Processing /home/kim/airflow_tutorial/py_env/lib/python3.10/site-packages/airflow/example_dags/example_branch_datetime_operator.py took 0.298 seconds
[2025-04-18T11:15:04.723+0900] {processor.py:186} INFO - Started process (PID=638578) to work on /home/kim/airflow_tutorial/py_env/lib/python3.10/site-packages/airflow/example_dags/example_branch_datetime_operator.py
[2025-04-18T11:15:04.726+0900] {processor.py:914} INFO - Processing file /home/kim/airflow_tutorial/py_env/lib/python3.10/site-packages/airflow/example_dags/example_branch_datetime_operator.py for tasks to queue
[2025-04-18T11:15:04.727+0900] {logging_mixin.py:190} INFO - [2025-04-18T11:15:04.727+0900] {dagbag.py:588} INFO - Filling up the DagBag from /home/kim/airflow_tutorial/py_env/lib/python3.10/site-packages/airflow/example_dags/example_branch_datetime_operator.py
[2025-04-18T11:15:04.736+0900] {processor.py:925} INFO - DAG(s) 'example_branch_datetime_operator_3', 'example_branch_datetime_operator', 'example_branch_datetime_operator_2' retrieved from /home/kim/airflow_tutorial/py_env/lib/python3.10/site-packages/airflow/example_dags/example_branch_datetime_operator.py
[2025-04-18T11:15:04.751+0900] {logging_mixin.py:190} INFO - [2025-04-18T11:15:04.751+0900] {dag.py:3239} INFO - Sync 3 DAGs
[2025-04-18T11:15:04.768+0900] {logging_mixin.py:190} INFO - [2025-04-18T11:15:04.768+0900] {dag.py:4180} INFO - Setting next_dagrun for example_branch_datetime_operator to 2025-04-17 00:00:00+00:00, run_after=2025-04-18 00:00:00+00:00
[2025-04-18T11:15:04.771+0900] {logging_mixin.py:190} INFO - [2025-04-18T11:15:04.771+0900] {dag.py:4180} INFO - Setting next_dagrun for example_branch_datetime_operator_2 to 2025-04-17 00:00:00+00:00, run_after=2025-04-18 00:00:00+00:00
[2025-04-18T11:15:04.773+0900] {logging_mixin.py:190} INFO - [2025-04-18T11:15:04.773+0900] {dag.py:4180} INFO - Setting next_dagrun for example_branch_datetime_operator_3 to 2025-04-17 00:00:00+00:00, run_after=2025-04-18 00:00:00+00:00
[2025-04-18T11:15:04.787+0900] {processor.py:208} INFO - Processing /home/kim/airflow_tutorial/py_env/lib/python3.10/site-packages/airflow/example_dags/example_branch_datetime_operator.py took 0.069 seconds
[2025-04-18T11:16:01.333+0900] {processor.py:186} INFO - Started process (PID=638873) to work on /home/kim/airflow_tutorial/py_env/lib/python3.10/site-packages/airflow/example_dags/example_branch_datetime_operator.py
[2025-04-18T11:16:01.335+0900] {processor.py:914} INFO - Processing file /home/kim/airflow_tutorial/py_env/lib/python3.10/site-packages/airflow/example_dags/example_branch_datetime_operator.py for tasks to queue
[2025-04-18T11:16:01.338+0900] {logging_mixin.py:190} INFO - [2025-04-18T11:16:01.337+0900] {dagbag.py:588} INFO - Filling up the DagBag from /home/kim/airflow_tutorial/py_env/lib/python3.10/site-packages/airflow/example_dags/example_branch_datetime_operator.py
[2025-04-18T11:16:01.349+0900] {processor.py:925} INFO - DAG(s) 'example_branch_datetime_operator_2', 'example_branch_datetime_operator_3', 'example_branch_datetime_operator' retrieved from /home/kim/airflow_tutorial/py_env/lib/python3.10/site-packages/airflow/example_dags/example_branch_datetime_operator.py
[2025-04-18T11:16:01.371+0900] {logging_mixin.py:190} INFO - [2025-04-18T11:16:01.370+0900] {dag.py:3239} INFO - Sync 3 DAGs
[2025-04-18T11:16:01.392+0900] {logging_mixin.py:190} INFO - [2025-04-18T11:16:01.391+0900] {dag.py:4180} INFO - Setting next_dagrun for example_branch_datetime_operator to 2025-04-17 00:00:00+00:00, run_after=2025-04-18 00:00:00+00:00
[2025-04-18T11:16:01.398+0900] {logging_mixin.py:190} INFO - [2025-04-18T11:16:01.397+0900] {dag.py:4180} INFO - Setting next_dagrun for example_branch_datetime_operator_2 to 2025-04-17 00:00:00+00:00, run_after=2025-04-18 00:00:00+00:00
[2025-04-18T11:16:01.400+0900] {logging_mixin.py:190} INFO - [2025-04-18T11:16:01.400+0900] {dag.py:4180} INFO - Setting next_dagrun for example_branch_datetime_operator_3 to 2025-04-17 00:00:00+00:00, run_after=2025-04-18 00:00:00+00:00
[2025-04-18T11:16:01.422+0900] {processor.py:208} INFO - Processing /home/kim/airflow_tutorial/py_env/lib/python3.10/site-packages/airflow/example_dags/example_branch_datetime_operator.py took 0.096 seconds
[2025-04-18T11:17:01.278+0900] {processor.py:186} INFO - Started process (PID=639682) to work on /home/kim/airflow_tutorial/py_env/lib/python3.10/site-packages/airflow/example_dags/example_branch_datetime_operator.py
[2025-04-18T11:17:01.280+0900] {processor.py:914} INFO - Processing file /home/kim/airflow_tutorial/py_env/lib/python3.10/site-packages/airflow/example_dags/example_branch_datetime_operator.py for tasks to queue
[2025-04-18T11:17:01.282+0900] {logging_mixin.py:190} INFO - [2025-04-18T11:17:01.282+0900] {dagbag.py:588} INFO - Filling up the DagBag from /home/kim/airflow_tutorial/py_env/lib/python3.10/site-packages/airflow/example_dags/example_branch_datetime_operator.py
[2025-04-18T11:17:01.291+0900] {processor.py:925} INFO - DAG(s) 'example_branch_datetime_operator', 'example_branch_datetime_operator_2', 'example_branch_datetime_operator_3' retrieved from /home/kim/airflow_tutorial/py_env/lib/python3.10/site-packages/airflow/example_dags/example_branch_datetime_operator.py
[2025-04-18T11:17:01.305+0900] {logging_mixin.py:190} INFO - [2025-04-18T11:17:01.305+0900] {dag.py:3239} INFO - Sync 3 DAGs
[2025-04-18T11:17:01.320+0900] {logging_mixin.py:190} INFO - [2025-04-18T11:17:01.320+0900] {dag.py:4180} INFO - Setting next_dagrun for example_branch_datetime_operator to 2025-04-17 00:00:00+00:00, run_after=2025-04-18 00:00:00+00:00
[2025-04-18T11:17:01.323+0900] {logging_mixin.py:190} INFO - [2025-04-18T11:17:01.322+0900] {dag.py:4180} INFO - Setting next_dagrun for example_branch_datetime_operator_2 to 2025-04-17 00:00:00+00:00, run_after=2025-04-18 00:00:00+00:00
[2025-04-18T11:17:01.324+0900] {logging_mixin.py:190} INFO - [2025-04-18T11:17:01.324+0900] {dag.py:4180} INFO - Setting next_dagrun for example_branch_datetime_operator_3 to 2025-04-17 00:00:00+00:00, run_after=2025-04-18 00:00:00+00:00
[2025-04-18T11:17:01.342+0900] {processor.py:208} INFO - Processing /home/kim/airflow_tutorial/py_env/lib/python3.10/site-packages/airflow/example_dags/example_branch_datetime_operator.py took 0.068 seconds
[2025-04-18T11:18:02.346+0900] {processor.py:186} INFO - Started process (PID=640310) to work on /home/kim/airflow_tutorial/py_env/lib/python3.10/site-packages/airflow/example_dags/example_branch_datetime_operator.py
[2025-04-18T11:18:02.349+0900] {processor.py:914} INFO - Processing file /home/kim/airflow_tutorial/py_env/lib/python3.10/site-packages/airflow/example_dags/example_branch_datetime_operator.py for tasks to queue
[2025-04-18T11:18:02.350+0900] {logging_mixin.py:190} INFO - [2025-04-18T11:18:02.350+0900] {dagbag.py:588} INFO - Filling up the DagBag from /home/kim/airflow_tutorial/py_env/lib/python3.10/site-packages/airflow/example_dags/example_branch_datetime_operator.py
[2025-04-18T11:18:02.359+0900] {processor.py:925} INFO - DAG(s) 'example_branch_datetime_operator', 'example_branch_datetime_operator_2', 'example_branch_datetime_operator_3' retrieved from /home/kim/airflow_tutorial/py_env/lib/python3.10/site-packages/airflow/example_dags/example_branch_datetime_operator.py
[2025-04-18T11:18:02.373+0900] {logging_mixin.py:190} INFO - [2025-04-18T11:18:02.373+0900] {dag.py:3239} INFO - Sync 3 DAGs
[2025-04-18T11:18:02.389+0900] {logging_mixin.py:190} INFO - [2025-04-18T11:18:02.389+0900] {dag.py:4180} INFO - Setting next_dagrun for example_branch_datetime_operator to 2025-04-17 00:00:00+00:00, run_after=2025-04-18 00:00:00+00:00
[2025-04-18T11:18:02.392+0900] {logging_mixin.py:190} INFO - [2025-04-18T11:18:02.391+0900] {dag.py:4180} INFO - Setting next_dagrun for example_branch_datetime_operator_2 to 2025-04-17 00:00:00+00:00, run_after=2025-04-18 00:00:00+00:00
[2025-04-18T11:18:02.393+0900] {logging_mixin.py:190} INFO - [2025-04-18T11:18:02.393+0900] {dag.py:4180} INFO - Setting next_dagrun for example_branch_datetime_operator_3 to 2025-04-17 00:00:00+00:00, run_after=2025-04-18 00:00:00+00:00
[2025-04-18T11:18:02.408+0900] {processor.py:208} INFO - Processing /home/kim/airflow_tutorial/py_env/lib/python3.10/site-packages/airflow/example_dags/example_branch_datetime_operator.py took 0.066 seconds
[2025-04-18T11:19:01.241+0900] {processor.py:186} INFO - Started process (PID=640816) to work on /home/kim/airflow_tutorial/py_env/lib/python3.10/site-packages/airflow/example_dags/example_branch_datetime_operator.py
[2025-04-18T11:19:01.244+0900] {processor.py:914} INFO - Processing file /home/kim/airflow_tutorial/py_env/lib/python3.10/site-packages/airflow/example_dags/example_branch_datetime_operator.py for tasks to queue
[2025-04-18T11:19:01.245+0900] {logging_mixin.py:190} INFO - [2025-04-18T11:19:01.245+0900] {dagbag.py:588} INFO - Filling up the DagBag from /home/kim/airflow_tutorial/py_env/lib/python3.10/site-packages/airflow/example_dags/example_branch_datetime_operator.py
[2025-04-18T11:19:01.254+0900] {processor.py:925} INFO - DAG(s) 'example_branch_datetime_operator_2', 'example_branch_datetime_operator_3', 'example_branch_datetime_operator' retrieved from /home/kim/airflow_tutorial/py_env/lib/python3.10/site-packages/airflow/example_dags/example_branch_datetime_operator.py
[2025-04-18T11:19:01.268+0900] {logging_mixin.py:190} INFO - [2025-04-18T11:19:01.268+0900] {dag.py:3239} INFO - Sync 3 DAGs
[2025-04-18T11:19:01.283+0900] {logging_mixin.py:190} INFO - [2025-04-18T11:19:01.283+0900] {dag.py:4180} INFO - Setting next_dagrun for example_branch_datetime_operator to 2025-04-17 00:00:00+00:00, run_after=2025-04-18 00:00:00+00:00
[2025-04-18T11:19:01.286+0900] {logging_mixin.py:190} INFO - [2025-04-18T11:19:01.286+0900] {dag.py:4180} INFO - Setting next_dagrun for example_branch_datetime_operator_2 to 2025-04-17 00:00:00+00:00, run_after=2025-04-18 00:00:00+00:00
[2025-04-18T11:19:01.287+0900] {logging_mixin.py:190} INFO - [2025-04-18T11:19:01.287+0900] {dag.py:4180} INFO - Setting next_dagrun for example_branch_datetime_operator_3 to 2025-04-17 00:00:00+00:00, run_after=2025-04-18 00:00:00+00:00
[2025-04-18T11:19:01.302+0900] {processor.py:208} INFO - Processing /home/kim/airflow_tutorial/py_env/lib/python3.10/site-packages/airflow/example_dags/example_branch_datetime_operator.py took 0.066 seconds
[2025-04-18T11:20:00.430+0900] {processor.py:186} INFO - Started process (PID=641101) to work on /home/kim/airflow_tutorial/py_env/lib/python3.10/site-packages/airflow/example_dags/example_branch_datetime_operator.py
[2025-04-18T11:20:00.432+0900] {processor.py:914} INFO - Processing file /home/kim/airflow_tutorial/py_env/lib/python3.10/site-packages/airflow/example_dags/example_branch_datetime_operator.py for tasks to queue
[2025-04-18T11:20:00.434+0900] {logging_mixin.py:190} INFO - [2025-04-18T11:20:00.434+0900] {dagbag.py:588} INFO - Filling up the DagBag from /home/kim/airflow_tutorial/py_env/lib/python3.10/site-packages/airflow/example_dags/example_branch_datetime_operator.py
[2025-04-18T11:20:00.444+0900] {processor.py:925} INFO - DAG(s) 'example_branch_datetime_operator_3', 'example_branch_datetime_operator', 'example_branch_datetime_operator_2' retrieved from /home/kim/airflow_tutorial/py_env/lib/python3.10/site-packages/airflow/example_dags/example_branch_datetime_operator.py
[2025-04-18T11:20:00.459+0900] {logging_mixin.py:190} INFO - [2025-04-18T11:20:00.459+0900] {dag.py:3239} INFO - Sync 3 DAGs
[2025-04-18T11:20:00.474+0900] {logging_mixin.py:190} INFO - [2025-04-18T11:20:00.474+0900] {dag.py:4180} INFO - Setting next_dagrun for example_branch_datetime_operator to 2025-04-17 00:00:00+00:00, run_after=2025-04-18 00:00:00+00:00
[2025-04-18T11:20:00.477+0900] {logging_mixin.py:190} INFO - [2025-04-18T11:20:00.477+0900] {dag.py:4180} INFO - Setting next_dagrun for example_branch_datetime_operator_2 to 2025-04-17 00:00:00+00:00, run_after=2025-04-18 00:00:00+00:00
[2025-04-18T11:20:00.478+0900] {logging_mixin.py:190} INFO - [2025-04-18T11:20:00.478+0900] {dag.py:4180} INFO - Setting next_dagrun for example_branch_datetime_operator_3 to 2025-04-17 00:00:00+00:00, run_after=2025-04-18 00:00:00+00:00
[2025-04-18T11:20:00.494+0900] {processor.py:208} INFO - Processing /home/kim/airflow_tutorial/py_env/lib/python3.10/site-packages/airflow/example_dags/example_branch_datetime_operator.py took 0.069 seconds
[2025-04-18T11:21:00.985+0900] {processor.py:186} INFO - Started process (PID=641394) to work on /home/kim/airflow_tutorial/py_env/lib/python3.10/site-packages/airflow/example_dags/example_branch_datetime_operator.py
[2025-04-18T11:21:00.988+0900] {processor.py:914} INFO - Processing file /home/kim/airflow_tutorial/py_env/lib/python3.10/site-packages/airflow/example_dags/example_branch_datetime_operator.py for tasks to queue
[2025-04-18T11:21:00.989+0900] {logging_mixin.py:190} INFO - [2025-04-18T11:21:00.989+0900] {dagbag.py:588} INFO - Filling up the DagBag from /home/kim/airflow_tutorial/py_env/lib/python3.10/site-packages/airflow/example_dags/example_branch_datetime_operator.py
[2025-04-18T11:21:00.998+0900] {processor.py:925} INFO - DAG(s) 'example_branch_datetime_operator_2', 'example_branch_datetime_operator', 'example_branch_datetime_operator_3' retrieved from /home/kim/airflow_tutorial/py_env/lib/python3.10/site-packages/airflow/example_dags/example_branch_datetime_operator.py
[2025-04-18T11:21:01.013+0900] {logging_mixin.py:190} INFO - [2025-04-18T11:21:01.013+0900] {dag.py:3239} INFO - Sync 3 DAGs
[2025-04-18T11:21:01.028+0900] {logging_mixin.py:190} INFO - [2025-04-18T11:21:01.028+0900] {dag.py:4180} INFO - Setting next_dagrun for example_branch_datetime_operator to 2025-04-17 00:00:00+00:00, run_after=2025-04-18 00:00:00+00:00
[2025-04-18T11:21:01.031+0900] {logging_mixin.py:190} INFO - [2025-04-18T11:21:01.031+0900] {dag.py:4180} INFO - Setting next_dagrun for example_branch_datetime_operator_2 to 2025-04-17 00:00:00+00:00, run_after=2025-04-18 00:00:00+00:00
[2025-04-18T11:21:01.033+0900] {logging_mixin.py:190} INFO - [2025-04-18T11:21:01.033+0900] {dag.py:4180} INFO - Setting next_dagrun for example_branch_datetime_operator_3 to 2025-04-17 00:00:00+00:00, run_after=2025-04-18 00:00:00+00:00
[2025-04-18T11:21:01.046+0900] {processor.py:208} INFO - Processing /home/kim/airflow_tutorial/py_env/lib/python3.10/site-packages/airflow/example_dags/example_branch_datetime_operator.py took 0.066 seconds
[2025-04-18T11:22:02.797+0900] {processor.py:186} INFO - Started process (PID=641692) to work on /home/kim/airflow_tutorial/py_env/lib/python3.10/site-packages/airflow/example_dags/example_branch_datetime_operator.py
[2025-04-18T11:22:02.800+0900] {processor.py:914} INFO - Processing file /home/kim/airflow_tutorial/py_env/lib/python3.10/site-packages/airflow/example_dags/example_branch_datetime_operator.py for tasks to queue
[2025-04-18T11:22:02.801+0900] {logging_mixin.py:190} INFO - [2025-04-18T11:22:02.801+0900] {dagbag.py:588} INFO - Filling up the DagBag from /home/kim/airflow_tutorial/py_env/lib/python3.10/site-packages/airflow/example_dags/example_branch_datetime_operator.py
[2025-04-18T11:22:02.811+0900] {processor.py:925} INFO - DAG(s) 'example_branch_datetime_operator', 'example_branch_datetime_operator_2', 'example_branch_datetime_operator_3' retrieved from /home/kim/airflow_tutorial/py_env/lib/python3.10/site-packages/airflow/example_dags/example_branch_datetime_operator.py
[2025-04-18T11:22:02.826+0900] {logging_mixin.py:190} INFO - [2025-04-18T11:22:02.826+0900] {dag.py:3239} INFO - Sync 3 DAGs
[2025-04-18T11:22:02.841+0900] {logging_mixin.py:190} INFO - [2025-04-18T11:22:02.841+0900] {dag.py:4180} INFO - Setting next_dagrun for example_branch_datetime_operator to 2025-04-17 00:00:00+00:00, run_after=2025-04-18 00:00:00+00:00
[2025-04-18T11:22:02.844+0900] {logging_mixin.py:190} INFO - [2025-04-18T11:22:02.844+0900] {dag.py:4180} INFO - Setting next_dagrun for example_branch_datetime_operator_2 to 2025-04-17 00:00:00+00:00, run_after=2025-04-18 00:00:00+00:00
[2025-04-18T11:22:02.845+0900] {logging_mixin.py:190} INFO - [2025-04-18T11:22:02.845+0900] {dag.py:4180} INFO - Setting next_dagrun for example_branch_datetime_operator_3 to 2025-04-17 00:00:00+00:00, run_after=2025-04-18 00:00:00+00:00
[2025-04-18T11:22:02.859+0900] {processor.py:208} INFO - Processing /home/kim/airflow_tutorial/py_env/lib/python3.10/site-packages/airflow/example_dags/example_branch_datetime_operator.py took 0.067 seconds
[2025-04-18T11:23:01.123+0900] {processor.py:186} INFO - Started process (PID=642146) to work on /home/kim/airflow_tutorial/py_env/lib/python3.10/site-packages/airflow/example_dags/example_branch_datetime_operator.py
[2025-04-18T11:23:01.125+0900] {processor.py:914} INFO - Processing file /home/kim/airflow_tutorial/py_env/lib/python3.10/site-packages/airflow/example_dags/example_branch_datetime_operator.py for tasks to queue
[2025-04-18T11:23:01.126+0900] {logging_mixin.py:190} INFO - [2025-04-18T11:23:01.126+0900] {dagbag.py:588} INFO - Filling up the DagBag from /home/kim/airflow_tutorial/py_env/lib/python3.10/site-packages/airflow/example_dags/example_branch_datetime_operator.py
[2025-04-18T11:23:01.135+0900] {processor.py:925} INFO - DAG(s) 'example_branch_datetime_operator', 'example_branch_datetime_operator_3', 'example_branch_datetime_operator_2' retrieved from /home/kim/airflow_tutorial/py_env/lib/python3.10/site-packages/airflow/example_dags/example_branch_datetime_operator.py
[2025-04-18T11:23:01.149+0900] {logging_mixin.py:190} INFO - [2025-04-18T11:23:01.149+0900] {dag.py:3239} INFO - Sync 3 DAGs
[2025-04-18T11:23:01.164+0900] {logging_mixin.py:190} INFO - [2025-04-18T11:23:01.164+0900] {dag.py:4180} INFO - Setting next_dagrun for example_branch_datetime_operator to 2025-04-17 00:00:00+00:00, run_after=2025-04-18 00:00:00+00:00
[2025-04-18T11:23:01.167+0900] {logging_mixin.py:190} INFO - [2025-04-18T11:23:01.167+0900] {dag.py:4180} INFO - Setting next_dagrun for example_branch_datetime_operator_2 to 2025-04-17 00:00:00+00:00, run_after=2025-04-18 00:00:00+00:00
[2025-04-18T11:23:01.168+0900] {logging_mixin.py:190} INFO - [2025-04-18T11:23:01.168+0900] {dag.py:4180} INFO - Setting next_dagrun for example_branch_datetime_operator_3 to 2025-04-17 00:00:00+00:00, run_after=2025-04-18 00:00:00+00:00
[2025-04-18T11:23:01.181+0900] {processor.py:208} INFO - Processing /home/kim/airflow_tutorial/py_env/lib/python3.10/site-packages/airflow/example_dags/example_branch_datetime_operator.py took 0.063 seconds
[2025-04-18T11:23:57.936+0900] {processor.py:186} INFO - Started process (PID=642500) to work on /home/kim/airflow_tutorial/py_env/lib/python3.10/site-packages/airflow/example_dags/example_branch_datetime_operator.py
[2025-04-18T11:23:57.938+0900] {processor.py:914} INFO - Processing file /home/kim/airflow_tutorial/py_env/lib/python3.10/site-packages/airflow/example_dags/example_branch_datetime_operator.py for tasks to queue
[2025-04-18T11:23:57.940+0900] {logging_mixin.py:190} INFO - [2025-04-18T11:23:57.940+0900] {dagbag.py:588} INFO - Filling up the DagBag from /home/kim/airflow_tutorial/py_env/lib/python3.10/site-packages/airflow/example_dags/example_branch_datetime_operator.py
[2025-04-18T11:23:57.950+0900] {processor.py:925} INFO - DAG(s) 'example_branch_datetime_operator', 'example_branch_datetime_operator_2', 'example_branch_datetime_operator_3' retrieved from /home/kim/airflow_tutorial/py_env/lib/python3.10/site-packages/airflow/example_dags/example_branch_datetime_operator.py
[2025-04-18T11:23:57.969+0900] {logging_mixin.py:190} INFO - [2025-04-18T11:23:57.968+0900] {dag.py:3239} INFO - Sync 3 DAGs
[2025-04-18T11:23:57.988+0900] {logging_mixin.py:190} INFO - [2025-04-18T11:23:57.988+0900] {dag.py:4180} INFO - Setting next_dagrun for example_branch_datetime_operator to 2025-04-17 00:00:00+00:00, run_after=2025-04-18 00:00:00+00:00
[2025-04-18T11:23:57.992+0900] {logging_mixin.py:190} INFO - [2025-04-18T11:23:57.992+0900] {dag.py:4180} INFO - Setting next_dagrun for example_branch_datetime_operator_2 to 2025-04-17 00:00:00+00:00, run_after=2025-04-18 00:00:00+00:00
[2025-04-18T11:23:57.994+0900] {logging_mixin.py:190} INFO - [2025-04-18T11:23:57.993+0900] {dag.py:4180} INFO - Setting next_dagrun for example_branch_datetime_operator_3 to 2025-04-17 00:00:00+00:00, run_after=2025-04-18 00:00:00+00:00
[2025-04-18T11:23:58.011+0900] {processor.py:208} INFO - Processing /home/kim/airflow_tutorial/py_env/lib/python3.10/site-packages/airflow/example_dags/example_branch_datetime_operator.py took 0.081 seconds
[2025-04-18T11:24:59.685+0900] {processor.py:186} INFO - Started process (PID=642800) to work on /home/kim/airflow_tutorial/py_env/lib/python3.10/site-packages/airflow/example_dags/example_branch_datetime_operator.py
[2025-04-18T11:24:59.687+0900] {processor.py:914} INFO - Processing file /home/kim/airflow_tutorial/py_env/lib/python3.10/site-packages/airflow/example_dags/example_branch_datetime_operator.py for tasks to queue
[2025-04-18T11:24:59.689+0900] {logging_mixin.py:190} INFO - [2025-04-18T11:24:59.689+0900] {dagbag.py:588} INFO - Filling up the DagBag from /home/kim/airflow_tutorial/py_env/lib/python3.10/site-packages/airflow/example_dags/example_branch_datetime_operator.py
[2025-04-18T11:24:59.697+0900] {processor.py:925} INFO - DAG(s) 'example_branch_datetime_operator', 'example_branch_datetime_operator_2', 'example_branch_datetime_operator_3' retrieved from /home/kim/airflow_tutorial/py_env/lib/python3.10/site-packages/airflow/example_dags/example_branch_datetime_operator.py
[2025-04-18T11:24:59.711+0900] {logging_mixin.py:190} INFO - [2025-04-18T11:24:59.711+0900] {dag.py:3239} INFO - Sync 3 DAGs
[2025-04-18T11:24:59.725+0900] {logging_mixin.py:190} INFO - [2025-04-18T11:24:59.725+0900] {dag.py:4180} INFO - Setting next_dagrun for example_branch_datetime_operator to 2025-04-17 00:00:00+00:00, run_after=2025-04-18 00:00:00+00:00
[2025-04-18T11:24:59.728+0900] {logging_mixin.py:190} INFO - [2025-04-18T11:24:59.728+0900] {dag.py:4180} INFO - Setting next_dagrun for example_branch_datetime_operator_2 to 2025-04-17 00:00:00+00:00, run_after=2025-04-18 00:00:00+00:00
[2025-04-18T11:24:59.729+0900] {logging_mixin.py:190} INFO - [2025-04-18T11:24:59.729+0900] {dag.py:4180} INFO - Setting next_dagrun for example_branch_datetime_operator_3 to 2025-04-17 00:00:00+00:00, run_after=2025-04-18 00:00:00+00:00
[2025-04-18T11:24:59.743+0900] {processor.py:208} INFO - Processing /home/kim/airflow_tutorial/py_env/lib/python3.10/site-packages/airflow/example_dags/example_branch_datetime_operator.py took 0.062 seconds
[2025-04-18T12:03:15.534+0900] {processor.py:186} INFO - Started process (PID=652083) to work on /home/kim/airflow_tutorial/py_env/lib/python3.10/site-packages/airflow/example_dags/example_branch_datetime_operator.py
[2025-04-18T12:03:15.535+0900] {processor.py:914} INFO - Processing file /home/kim/airflow_tutorial/py_env/lib/python3.10/site-packages/airflow/example_dags/example_branch_datetime_operator.py for tasks to queue
[2025-04-18T12:03:15.538+0900] {logging_mixin.py:190} INFO - [2025-04-18T12:03:15.537+0900] {dagbag.py:588} INFO - Filling up the DagBag from /home/kim/airflow_tutorial/py_env/lib/python3.10/site-packages/airflow/example_dags/example_branch_datetime_operator.py
[2025-04-18T12:03:15.551+0900] {processor.py:925} INFO - DAG(s) 'example_branch_datetime_operator_3', 'example_branch_datetime_operator', 'example_branch_datetime_operator_2' retrieved from /home/kim/airflow_tutorial/py_env/lib/python3.10/site-packages/airflow/example_dags/example_branch_datetime_operator.py
[2025-04-18T12:03:15.646+0900] {logging_mixin.py:190} INFO - [2025-04-18T12:03:15.646+0900] {override.py:1912} INFO - Created Permission View: can read on DAG:example_branch_datetime_operator_3
[2025-04-18T12:03:15.660+0900] {logging_mixin.py:190} INFO - [2025-04-18T12:03:15.660+0900] {override.py:1912} INFO - Created Permission View: can edit on DAG:example_branch_datetime_operator_3
[2025-04-18T12:03:15.669+0900] {logging_mixin.py:190} INFO - [2025-04-18T12:03:15.669+0900] {override.py:1912} INFO - Created Permission View: can delete on DAG:example_branch_datetime_operator_3
[2025-04-18T12:03:15.681+0900] {logging_mixin.py:190} INFO - [2025-04-18T12:03:15.680+0900] {override.py:1912} INFO - Created Permission View: can read on DAG Run:example_branch_datetime_operator_3
[2025-04-18T12:03:15.690+0900] {logging_mixin.py:190} INFO - [2025-04-18T12:03:15.690+0900] {override.py:1912} INFO - Created Permission View: can create on DAG Run:example_branch_datetime_operator_3
[2025-04-18T12:03:15.700+0900] {logging_mixin.py:190} INFO - [2025-04-18T12:03:15.700+0900] {override.py:1912} INFO - Created Permission View: menu access on DAG Run:example_branch_datetime_operator_3
[2025-04-18T12:03:15.709+0900] {logging_mixin.py:190} INFO - [2025-04-18T12:03:15.708+0900] {override.py:1912} INFO - Created Permission View: can delete on DAG Run:example_branch_datetime_operator_3
[2025-04-18T12:03:15.726+0900] {logging_mixin.py:190} INFO - [2025-04-18T12:03:15.726+0900] {override.py:1912} INFO - Created Permission View: can read on DAG:example_branch_datetime_operator
[2025-04-18T12:03:15.735+0900] {logging_mixin.py:190} INFO - [2025-04-18T12:03:15.735+0900] {override.py:1912} INFO - Created Permission View: can edit on DAG:example_branch_datetime_operator
[2025-04-18T12:03:15.743+0900] {logging_mixin.py:190} INFO - [2025-04-18T12:03:15.743+0900] {override.py:1912} INFO - Created Permission View: can delete on DAG:example_branch_datetime_operator
[2025-04-18T12:03:15.753+0900] {logging_mixin.py:190} INFO - [2025-04-18T12:03:15.753+0900] {override.py:1912} INFO - Created Permission View: can read on DAG Run:example_branch_datetime_operator
[2025-04-18T12:03:15.762+0900] {logging_mixin.py:190} INFO - [2025-04-18T12:03:15.762+0900] {override.py:1912} INFO - Created Permission View: can create on DAG Run:example_branch_datetime_operator
[2025-04-18T12:03:15.770+0900] {logging_mixin.py:190} INFO - [2025-04-18T12:03:15.770+0900] {override.py:1912} INFO - Created Permission View: menu access on DAG Run:example_branch_datetime_operator
[2025-04-18T12:03:15.778+0900] {logging_mixin.py:190} INFO - [2025-04-18T12:03:15.778+0900] {override.py:1912} INFO - Created Permission View: can delete on DAG Run:example_branch_datetime_operator
[2025-04-18T12:03:15.795+0900] {logging_mixin.py:190} INFO - [2025-04-18T12:03:15.795+0900] {override.py:1912} INFO - Created Permission View: can read on DAG:example_branch_datetime_operator_2
[2025-04-18T12:03:15.804+0900] {logging_mixin.py:190} INFO - [2025-04-18T12:03:15.804+0900] {override.py:1912} INFO - Created Permission View: can edit on DAG:example_branch_datetime_operator_2
[2025-04-18T12:03:15.813+0900] {logging_mixin.py:190} INFO - [2025-04-18T12:03:15.813+0900] {override.py:1912} INFO - Created Permission View: can delete on DAG:example_branch_datetime_operator_2
[2025-04-18T12:03:15.823+0900] {logging_mixin.py:190} INFO - [2025-04-18T12:03:15.823+0900] {override.py:1912} INFO - Created Permission View: can read on DAG Run:example_branch_datetime_operator_2
[2025-04-18T12:03:15.831+0900] {logging_mixin.py:190} INFO - [2025-04-18T12:03:15.831+0900] {override.py:1912} INFO - Created Permission View: can create on DAG Run:example_branch_datetime_operator_2
[2025-04-18T12:03:15.840+0900] {logging_mixin.py:190} INFO - [2025-04-18T12:03:15.839+0900] {override.py:1912} INFO - Created Permission View: menu access on DAG Run:example_branch_datetime_operator_2
[2025-04-18T12:03:15.847+0900] {logging_mixin.py:190} INFO - [2025-04-18T12:03:15.847+0900] {override.py:1912} INFO - Created Permission View: can delete on DAG Run:example_branch_datetime_operator_2
[2025-04-18T12:03:15.848+0900] {logging_mixin.py:190} INFO - [2025-04-18T12:03:15.847+0900] {dag.py:3239} INFO - Sync 3 DAGs
[2025-04-18T12:03:15.857+0900] {logging_mixin.py:190} INFO - [2025-04-18T12:03:15.857+0900] {dag.py:3262} INFO - Creating ORM DAG for example_branch_datetime_operator_3
[2025-04-18T12:03:15.857+0900] {logging_mixin.py:190} INFO - [2025-04-18T12:03:15.857+0900] {dag.py:3262} INFO - Creating ORM DAG for example_branch_datetime_operator
[2025-04-18T12:03:15.858+0900] {logging_mixin.py:190} INFO - [2025-04-18T12:03:15.857+0900] {dag.py:3262} INFO - Creating ORM DAG for example_branch_datetime_operator_2
[2025-04-18T12:03:15.865+0900] {logging_mixin.py:190} INFO - [2025-04-18T12:03:15.865+0900] {dag.py:4180} INFO - Setting next_dagrun for example_branch_datetime_operator to 2025-04-17 00:00:00+00:00, run_after=2025-04-18 00:00:00+00:00
[2025-04-18T12:03:15.867+0900] {logging_mixin.py:190} INFO - [2025-04-18T12:03:15.866+0900] {dag.py:4180} INFO - Setting next_dagrun for example_branch_datetime_operator_2 to 2025-04-17 00:00:00+00:00, run_after=2025-04-18 00:00:00+00:00
[2025-04-18T12:03:15.868+0900] {logging_mixin.py:190} INFO - [2025-04-18T12:03:15.868+0900] {dag.py:4180} INFO - Setting next_dagrun for example_branch_datetime_operator_3 to 2025-04-17 00:00:00+00:00, run_after=2025-04-18 00:00:00+00:00
[2025-04-18T12:03:15.885+0900] {processor.py:208} INFO - Processing /home/kim/airflow_tutorial/py_env/lib/python3.10/site-packages/airflow/example_dags/example_branch_datetime_operator.py took 0.358 seconds
[2025-04-18T12:05:20.620+0900] {processor.py:186} INFO - Started process (PID=653769) to work on /home/kim/airflow_tutorial/py_env/lib/python3.10/site-packages/airflow/example_dags/example_branch_datetime_operator.py
[2025-04-18T12:05:20.622+0900] {processor.py:914} INFO - Processing file /home/kim/airflow_tutorial/py_env/lib/python3.10/site-packages/airflow/example_dags/example_branch_datetime_operator.py for tasks to queue
[2025-04-18T12:05:20.623+0900] {logging_mixin.py:190} INFO - [2025-04-18T12:05:20.623+0900] {dagbag.py:588} INFO - Filling up the DagBag from /home/kim/airflow_tutorial/py_env/lib/python3.10/site-packages/airflow/example_dags/example_branch_datetime_operator.py
[2025-04-18T12:05:20.634+0900] {processor.py:925} INFO - DAG(s) 'example_branch_datetime_operator_3', 'example_branch_datetime_operator_2', 'example_branch_datetime_operator' retrieved from /home/kim/airflow_tutorial/py_env/lib/python3.10/site-packages/airflow/example_dags/example_branch_datetime_operator.py
[2025-04-18T12:05:20.665+0900] {logging_mixin.py:190} INFO - [2025-04-18T12:05:20.665+0900] {dag.py:3239} INFO - Sync 3 DAGs
[2025-04-18T12:05:20.691+0900] {logging_mixin.py:190} INFO - [2025-04-18T12:05:20.690+0900] {dag.py:4180} INFO - Setting next_dagrun for example_branch_datetime_operator to 2025-04-17 00:00:00+00:00, run_after=2025-04-18 00:00:00+00:00
[2025-04-18T12:05:20.695+0900] {logging_mixin.py:190} INFO - [2025-04-18T12:05:20.695+0900] {dag.py:4180} INFO - Setting next_dagrun for example_branch_datetime_operator_2 to 2025-04-17 00:00:00+00:00, run_after=2025-04-18 00:00:00+00:00
[2025-04-18T12:05:20.698+0900] {logging_mixin.py:190} INFO - [2025-04-18T12:05:20.698+0900] {dag.py:4180} INFO - Setting next_dagrun for example_branch_datetime_operator_3 to 2025-04-17 00:00:00+00:00, run_after=2025-04-18 00:00:00+00:00
[2025-04-18T12:05:20.715+0900] {processor.py:208} INFO - Processing /home/kim/airflow_tutorial/py_env/lib/python3.10/site-packages/airflow/example_dags/example_branch_datetime_operator.py took 0.101 seconds
[2025-04-18T12:05:51.518+0900] {processor.py:186} INFO - Started process (PID=654249) to work on /home/kim/airflow_tutorial/py_env/lib/python3.10/site-packages/airflow/example_dags/example_branch_datetime_operator.py
[2025-04-18T12:05:51.519+0900] {processor.py:914} INFO - Processing file /home/kim/airflow_tutorial/py_env/lib/python3.10/site-packages/airflow/example_dags/example_branch_datetime_operator.py for tasks to queue
[2025-04-18T12:05:51.521+0900] {logging_mixin.py:190} INFO - [2025-04-18T12:05:51.521+0900] {dagbag.py:588} INFO - Filling up the DagBag from /home/kim/airflow_tutorial/py_env/lib/python3.10/site-packages/airflow/example_dags/example_branch_datetime_operator.py
[2025-04-18T12:05:51.533+0900] {processor.py:925} INFO - DAG(s) 'example_branch_datetime_operator_3', 'example_branch_datetime_operator_2', 'example_branch_datetime_operator' retrieved from /home/kim/airflow_tutorial/py_env/lib/python3.10/site-packages/airflow/example_dags/example_branch_datetime_operator.py
[2025-04-18T12:05:51.568+0900] {logging_mixin.py:190} INFO - [2025-04-18T12:05:51.568+0900] {dag.py:3239} INFO - Sync 3 DAGs
[2025-04-18T12:05:51.593+0900] {logging_mixin.py:190} INFO - [2025-04-18T12:05:51.593+0900] {dag.py:4180} INFO - Setting next_dagrun for example_branch_datetime_operator to 2025-04-17 00:00:00+00:00, run_after=2025-04-18 00:00:00+00:00
[2025-04-18T12:05:51.599+0900] {logging_mixin.py:190} INFO - [2025-04-18T12:05:51.598+0900] {dag.py:4180} INFO - Setting next_dagrun for example_branch_datetime_operator_2 to 2025-04-17 00:00:00+00:00, run_after=2025-04-18 00:00:00+00:00
[2025-04-18T12:05:51.601+0900] {logging_mixin.py:190} INFO - [2025-04-18T12:05:51.601+0900] {dag.py:4180} INFO - Setting next_dagrun for example_branch_datetime_operator_3 to 2025-04-17 00:00:00+00:00, run_after=2025-04-18 00:00:00+00:00
[2025-04-18T12:05:51.623+0900] {processor.py:208} INFO - Processing /home/kim/airflow_tutorial/py_env/lib/python3.10/site-packages/airflow/example_dags/example_branch_datetime_operator.py took 0.111 seconds
[2025-04-18T12:06:22.075+0900] {processor.py:186} INFO - Started process (PID=654632) to work on /home/kim/airflow_tutorial/py_env/lib/python3.10/site-packages/airflow/example_dags/example_branch_datetime_operator.py
[2025-04-18T12:06:22.076+0900] {processor.py:914} INFO - Processing file /home/kim/airflow_tutorial/py_env/lib/python3.10/site-packages/airflow/example_dags/example_branch_datetime_operator.py for tasks to queue
[2025-04-18T12:06:22.077+0900] {logging_mixin.py:190} INFO - [2025-04-18T12:06:22.077+0900] {dagbag.py:588} INFO - Filling up the DagBag from /home/kim/airflow_tutorial/py_env/lib/python3.10/site-packages/airflow/example_dags/example_branch_datetime_operator.py
[2025-04-18T12:06:22.088+0900] {processor.py:925} INFO - DAG(s) 'example_branch_datetime_operator', 'example_branch_datetime_operator_3', 'example_branch_datetime_operator_2' retrieved from /home/kim/airflow_tutorial/py_env/lib/python3.10/site-packages/airflow/example_dags/example_branch_datetime_operator.py
[2025-04-18T12:06:22.118+0900] {logging_mixin.py:190} INFO - [2025-04-18T12:06:22.118+0900] {dag.py:3239} INFO - Sync 3 DAGs
[2025-04-18T12:06:22.142+0900] {logging_mixin.py:190} INFO - [2025-04-18T12:06:22.142+0900] {dag.py:4180} INFO - Setting next_dagrun for example_branch_datetime_operator to 2025-04-17 00:00:00+00:00, run_after=2025-04-18 00:00:00+00:00
[2025-04-18T12:06:22.147+0900] {logging_mixin.py:190} INFO - [2025-04-18T12:06:22.146+0900] {dag.py:4180} INFO - Setting next_dagrun for example_branch_datetime_operator_2 to 2025-04-17 00:00:00+00:00, run_after=2025-04-18 00:00:00+00:00
[2025-04-18T12:06:22.149+0900] {logging_mixin.py:190} INFO - [2025-04-18T12:06:22.149+0900] {dag.py:4180} INFO - Setting next_dagrun for example_branch_datetime_operator_3 to 2025-04-17 00:00:00+00:00, run_after=2025-04-18 00:00:00+00:00
[2025-04-18T12:06:22.167+0900] {processor.py:208} INFO - Processing /home/kim/airflow_tutorial/py_env/lib/python3.10/site-packages/airflow/example_dags/example_branch_datetime_operator.py took 0.099 seconds
