[2025-04-18T11:13:29.974+0900] {processor.py:186} INFO - Started process (PID=637848) to work on /home/kim/airflow_tutorial/py_env/lib/python3.10/site-packages/airflow/example_dags/example_workday_timetable.py
[2025-04-18T11:13:29.975+0900] {processor.py:914} INFO - Processing file /home/kim/airflow_tutorial/py_env/lib/python3.10/site-packages/airflow/example_dags/example_workday_timetable.py for tasks to queue
[2025-04-18T11:13:29.979+0900] {logging_mixin.py:190} INFO - [2025-04-18T11:13:29.978+0900] {dagbag.py:588} INFO - Filling up the DagBag from /home/kim/airflow_tutorial/py_env/lib/python3.10/site-packages/airflow/example_dags/example_workday_timetable.py
[2025-04-18T11:13:30.061+0900] {processor.py:925} INFO - DAG(s) 'example_workday_timetable' retrieved from /home/kim/airflow_tutorial/py_env/lib/python3.10/site-packages/airflow/example_dags/example_workday_timetable.py
[2025-04-18T11:13:30.116+0900] {logging_mixin.py:190} INFO - [2025-04-18T11:13:30.115+0900] {override.py:1912} INFO - Created Permission View: can delete on DAG:example_workday_timetable
[2025-04-18T11:13:30.124+0900] {logging_mixin.py:190} INFO - [2025-04-18T11:13:30.123+0900] {override.py:1912} INFO - Created Permission View: can edit on DAG:example_workday_timetable
[2025-04-18T11:13:30.130+0900] {logging_mixin.py:190} INFO - [2025-04-18T11:13:30.130+0900] {override.py:1912} INFO - Created Permission View: can read on DAG:example_workday_timetable
[2025-04-18T11:13:30.141+0900] {logging_mixin.py:190} INFO - [2025-04-18T11:13:30.140+0900] {override.py:1912} INFO - Created Permission View: can delete on DAG Run:example_workday_timetable
[2025-04-18T11:13:30.146+0900] {logging_mixin.py:190} INFO - [2025-04-18T11:13:30.146+0900] {override.py:1912} INFO - Created Permission View: can create on DAG Run:example_workday_timetable
[2025-04-18T11:13:30.152+0900] {logging_mixin.py:190} INFO - [2025-04-18T11:13:30.152+0900] {override.py:1912} INFO - Created Permission View: menu access on DAG Run:example_workday_timetable
[2025-04-18T11:13:30.158+0900] {logging_mixin.py:190} INFO - [2025-04-18T11:13:30.158+0900] {override.py:1912} INFO - Created Permission View: can read on DAG Run:example_workday_timetable
[2025-04-18T11:13:30.158+0900] {logging_mixin.py:190} INFO - [2025-04-18T11:13:30.158+0900] {dag.py:3239} INFO - Sync 1 DAGs
[2025-04-18T11:13:30.164+0900] {logging_mixin.py:190} INFO - [2025-04-18T11:13:30.164+0900] {dag.py:3262} INFO - Creating ORM DAG for example_workday_timetable
[2025-04-18T11:13:30.169+0900] {logging_mixin.py:190} INFO - [2025-04-18T11:13:30.169+0900] {dag.py:4180} INFO - Setting next_dagrun for example_workday_timetable to 2021-01-01 00:00:00+00:00, run_after=2021-01-02 00:00:00+00:00
[2025-04-18T11:13:30.182+0900] {processor.py:208} INFO - Processing /home/kim/airflow_tutorial/py_env/lib/python3.10/site-packages/airflow/example_dags/example_workday_timetable.py took 0.220 seconds
[2025-04-18T11:14:34.125+0900] {processor.py:186} INFO - Started process (PID=638241) to work on /home/kim/airflow_tutorial/py_env/lib/python3.10/site-packages/airflow/example_dags/example_workday_timetable.py
[2025-04-18T11:14:34.127+0900] {processor.py:914} INFO - Processing file /home/kim/airflow_tutorial/py_env/lib/python3.10/site-packages/airflow/example_dags/example_workday_timetable.py for tasks to queue
[2025-04-18T11:14:34.129+0900] {logging_mixin.py:190} INFO - [2025-04-18T11:14:34.129+0900] {dagbag.py:588} INFO - Filling up the DagBag from /home/kim/airflow_tutorial/py_env/lib/python3.10/site-packages/airflow/example_dags/example_workday_timetable.py
[2025-04-18T11:14:34.133+0900] {processor.py:925} INFO - DAG(s) 'example_workday_timetable' retrieved from /home/kim/airflow_tutorial/py_env/lib/python3.10/site-packages/airflow/example_dags/example_workday_timetable.py
[2025-04-18T11:14:34.145+0900] {logging_mixin.py:190} INFO - [2025-04-18T11:14:34.144+0900] {dag.py:3239} INFO - Sync 1 DAGs
[2025-04-18T11:14:34.159+0900] {logging_mixin.py:190} INFO - [2025-04-18T11:14:34.159+0900] {dag.py:4180} INFO - Setting next_dagrun for example_workday_timetable to 2021-01-01 00:00:00+00:00, run_after=2021-01-02 00:00:00+00:00
[2025-04-18T11:14:34.176+0900] {processor.py:208} INFO - Processing /home/kim/airflow_tutorial/py_env/lib/python3.10/site-packages/airflow/example_dags/example_workday_timetable.py took 0.055 seconds
[2025-04-18T11:15:32.745+0900] {processor.py:186} INFO - Started process (PID=638761) to work on /home/kim/airflow_tutorial/py_env/lib/python3.10/site-packages/airflow/example_dags/example_workday_timetable.py
[2025-04-18T11:15:32.748+0900] {processor.py:914} INFO - Processing file /home/kim/airflow_tutorial/py_env/lib/python3.10/site-packages/airflow/example_dags/example_workday_timetable.py for tasks to queue
[2025-04-18T11:15:32.749+0900] {logging_mixin.py:190} INFO - [2025-04-18T11:15:32.749+0900] {dagbag.py:588} INFO - Filling up the DagBag from /home/kim/airflow_tutorial/py_env/lib/python3.10/site-packages/airflow/example_dags/example_workday_timetable.py
[2025-04-18T11:15:32.753+0900] {processor.py:925} INFO - DAG(s) 'example_workday_timetable' retrieved from /home/kim/airflow_tutorial/py_env/lib/python3.10/site-packages/airflow/example_dags/example_workday_timetable.py
[2025-04-18T11:15:32.763+0900] {logging_mixin.py:190} INFO - [2025-04-18T11:15:32.763+0900] {dag.py:3239} INFO - Sync 1 DAGs
[2025-04-18T11:15:32.775+0900] {logging_mixin.py:190} INFO - [2025-04-18T11:15:32.775+0900] {dag.py:4180} INFO - Setting next_dagrun for example_workday_timetable to 2021-01-01 00:00:00+00:00, run_after=2021-01-02 00:00:00+00:00
[2025-04-18T11:15:32.790+0900] {processor.py:208} INFO - Processing /home/kim/airflow_tutorial/py_env/lib/python3.10/site-packages/airflow/example_dags/example_workday_timetable.py took 0.050 seconds
[2025-04-18T11:16:33.173+0900] {processor.py:186} INFO - Started process (PID=639357) to work on /home/kim/airflow_tutorial/py_env/lib/python3.10/site-packages/airflow/example_dags/example_workday_timetable.py
[2025-04-18T11:16:33.176+0900] {processor.py:914} INFO - Processing file /home/kim/airflow_tutorial/py_env/lib/python3.10/site-packages/airflow/example_dags/example_workday_timetable.py for tasks to queue
[2025-04-18T11:16:33.178+0900] {logging_mixin.py:190} INFO - [2025-04-18T11:16:33.177+0900] {dagbag.py:588} INFO - Filling up the DagBag from /home/kim/airflow_tutorial/py_env/lib/python3.10/site-packages/airflow/example_dags/example_workday_timetable.py
[2025-04-18T11:16:33.182+0900] {processor.py:925} INFO - DAG(s) 'example_workday_timetable' retrieved from /home/kim/airflow_tutorial/py_env/lib/python3.10/site-packages/airflow/example_dags/example_workday_timetable.py
[2025-04-18T11:16:33.193+0900] {logging_mixin.py:190} INFO - [2025-04-18T11:16:33.193+0900] {dag.py:3239} INFO - Sync 1 DAGs
[2025-04-18T11:16:33.207+0900] {logging_mixin.py:190} INFO - [2025-04-18T11:16:33.207+0900] {dag.py:4180} INFO - Setting next_dagrun for example_workday_timetable to 2021-01-01 00:00:00+00:00, run_after=2021-01-02 00:00:00+00:00
[2025-04-18T11:16:33.223+0900] {processor.py:208} INFO - Processing /home/kim/airflow_tutorial/py_env/lib/python3.10/site-packages/airflow/example_dags/example_workday_timetable.py took 0.054 seconds
[2025-04-18T11:17:31.502+0900] {processor.py:186} INFO - Started process (PID=640041) to work on /home/kim/airflow_tutorial/py_env/lib/python3.10/site-packages/airflow/example_dags/example_workday_timetable.py
[2025-04-18T11:17:31.503+0900] {processor.py:914} INFO - Processing file /home/kim/airflow_tutorial/py_env/lib/python3.10/site-packages/airflow/example_dags/example_workday_timetable.py for tasks to queue
[2025-04-18T11:17:31.505+0900] {logging_mixin.py:190} INFO - [2025-04-18T11:17:31.504+0900] {dagbag.py:588} INFO - Filling up the DagBag from /home/kim/airflow_tutorial/py_env/lib/python3.10/site-packages/airflow/example_dags/example_workday_timetable.py
[2025-04-18T11:17:31.510+0900] {processor.py:925} INFO - DAG(s) 'example_workday_timetable' retrieved from /home/kim/airflow_tutorial/py_env/lib/python3.10/site-packages/airflow/example_dags/example_workday_timetable.py
[2025-04-18T11:17:31.521+0900] {logging_mixin.py:190} INFO - [2025-04-18T11:17:31.521+0900] {dag.py:3239} INFO - Sync 1 DAGs
[2025-04-18T11:17:31.537+0900] {logging_mixin.py:190} INFO - [2025-04-18T11:17:31.537+0900] {dag.py:4180} INFO - Setting next_dagrun for example_workday_timetable to 2021-01-01 00:00:00+00:00, run_after=2021-01-02 00:00:00+00:00
[2025-04-18T11:17:31.555+0900] {processor.py:208} INFO - Processing /home/kim/airflow_tutorial/py_env/lib/python3.10/site-packages/airflow/example_dags/example_workday_timetable.py took 0.058 seconds
[2025-04-18T11:18:33.232+0900] {processor.py:186} INFO - Started process (PID=640673) to work on /home/kim/airflow_tutorial/py_env/lib/python3.10/site-packages/airflow/example_dags/example_workday_timetable.py
[2025-04-18T11:18:33.233+0900] {processor.py:914} INFO - Processing file /home/kim/airflow_tutorial/py_env/lib/python3.10/site-packages/airflow/example_dags/example_workday_timetable.py for tasks to queue
[2025-04-18T11:18:33.236+0900] {logging_mixin.py:190} INFO - [2025-04-18T11:18:33.236+0900] {dagbag.py:588} INFO - Filling up the DagBag from /home/kim/airflow_tutorial/py_env/lib/python3.10/site-packages/airflow/example_dags/example_workday_timetable.py
[2025-04-18T11:18:33.242+0900] {processor.py:925} INFO - DAG(s) 'example_workday_timetable' retrieved from /home/kim/airflow_tutorial/py_env/lib/python3.10/site-packages/airflow/example_dags/example_workday_timetable.py
[2025-04-18T11:18:33.259+0900] {logging_mixin.py:190} INFO - [2025-04-18T11:18:33.259+0900] {dag.py:3239} INFO - Sync 1 DAGs
[2025-04-18T11:18:33.279+0900] {logging_mixin.py:190} INFO - [2025-04-18T11:18:33.279+0900] {dag.py:4180} INFO - Setting next_dagrun for example_workday_timetable to 2021-01-01 00:00:00+00:00, run_after=2021-01-02 00:00:00+00:00
[2025-04-18T11:18:33.297+0900] {processor.py:208} INFO - Processing /home/kim/airflow_tutorial/py_env/lib/python3.10/site-packages/airflow/example_dags/example_workday_timetable.py took 0.073 seconds
[2025-04-18T11:19:31.545+0900] {processor.py:186} INFO - Started process (PID=640996) to work on /home/kim/airflow_tutorial/py_env/lib/python3.10/site-packages/airflow/example_dags/example_workday_timetable.py
[2025-04-18T11:19:31.547+0900] {processor.py:914} INFO - Processing file /home/kim/airflow_tutorial/py_env/lib/python3.10/site-packages/airflow/example_dags/example_workday_timetable.py for tasks to queue
[2025-04-18T11:19:31.550+0900] {logging_mixin.py:190} INFO - [2025-04-18T11:19:31.550+0900] {dagbag.py:588} INFO - Filling up the DagBag from /home/kim/airflow_tutorial/py_env/lib/python3.10/site-packages/airflow/example_dags/example_workday_timetable.py
[2025-04-18T11:19:31.556+0900] {processor.py:925} INFO - DAG(s) 'example_workday_timetable' retrieved from /home/kim/airflow_tutorial/py_env/lib/python3.10/site-packages/airflow/example_dags/example_workday_timetable.py
[2025-04-18T11:19:31.569+0900] {logging_mixin.py:190} INFO - [2025-04-18T11:19:31.569+0900] {dag.py:3239} INFO - Sync 1 DAGs
[2025-04-18T11:19:31.585+0900] {logging_mixin.py:190} INFO - [2025-04-18T11:19:31.585+0900] {dag.py:4180} INFO - Setting next_dagrun for example_workday_timetable to 2021-01-01 00:00:00+00:00, run_after=2021-01-02 00:00:00+00:00
[2025-04-18T11:19:31.608+0900] {processor.py:208} INFO - Processing /home/kim/airflow_tutorial/py_env/lib/python3.10/site-packages/airflow/example_dags/example_workday_timetable.py took 0.070 seconds
[2025-04-18T11:20:29.590+0900] {processor.py:186} INFO - Started process (PID=641280) to work on /home/kim/airflow_tutorial/py_env/lib/python3.10/site-packages/airflow/example_dags/example_workday_timetable.py
[2025-04-18T11:20:29.593+0900] {processor.py:914} INFO - Processing file /home/kim/airflow_tutorial/py_env/lib/python3.10/site-packages/airflow/example_dags/example_workday_timetable.py for tasks to queue
[2025-04-18T11:20:29.594+0900] {logging_mixin.py:190} INFO - [2025-04-18T11:20:29.594+0900] {dagbag.py:588} INFO - Filling up the DagBag from /home/kim/airflow_tutorial/py_env/lib/python3.10/site-packages/airflow/example_dags/example_workday_timetable.py
[2025-04-18T11:20:29.599+0900] {processor.py:925} INFO - DAG(s) 'example_workday_timetable' retrieved from /home/kim/airflow_tutorial/py_env/lib/python3.10/site-packages/airflow/example_dags/example_workday_timetable.py
[2025-04-18T11:20:29.609+0900] {logging_mixin.py:190} INFO - [2025-04-18T11:20:29.609+0900] {dag.py:3239} INFO - Sync 1 DAGs
[2025-04-18T11:20:29.623+0900] {logging_mixin.py:190} INFO - [2025-04-18T11:20:29.622+0900] {dag.py:4180} INFO - Setting next_dagrun for example_workday_timetable to 2021-01-01 00:00:00+00:00, run_after=2021-01-02 00:00:00+00:00
[2025-04-18T11:20:29.638+0900] {processor.py:208} INFO - Processing /home/kim/airflow_tutorial/py_env/lib/python3.10/site-packages/airflow/example_dags/example_workday_timetable.py took 0.052 seconds
[2025-04-18T11:21:30.956+0900] {processor.py:186} INFO - Started process (PID=641577) to work on /home/kim/airflow_tutorial/py_env/lib/python3.10/site-packages/airflow/example_dags/example_workday_timetable.py
[2025-04-18T11:21:30.958+0900] {processor.py:914} INFO - Processing file /home/kim/airflow_tutorial/py_env/lib/python3.10/site-packages/airflow/example_dags/example_workday_timetable.py for tasks to queue
[2025-04-18T11:21:30.960+0900] {logging_mixin.py:190} INFO - [2025-04-18T11:21:30.960+0900] {dagbag.py:588} INFO - Filling up the DagBag from /home/kim/airflow_tutorial/py_env/lib/python3.10/site-packages/airflow/example_dags/example_workday_timetable.py
[2025-04-18T11:21:30.964+0900] {processor.py:925} INFO - DAG(s) 'example_workday_timetable' retrieved from /home/kim/airflow_tutorial/py_env/lib/python3.10/site-packages/airflow/example_dags/example_workday_timetable.py
[2025-04-18T11:21:30.974+0900] {logging_mixin.py:190} INFO - [2025-04-18T11:21:30.974+0900] {dag.py:3239} INFO - Sync 1 DAGs
[2025-04-18T11:21:30.989+0900] {logging_mixin.py:190} INFO - [2025-04-18T11:21:30.989+0900] {dag.py:4180} INFO - Setting next_dagrun for example_workday_timetable to 2021-01-01 00:00:00+00:00, run_after=2021-01-02 00:00:00+00:00
[2025-04-18T11:21:31.005+0900] {processor.py:208} INFO - Processing /home/kim/airflow_tutorial/py_env/lib/python3.10/site-packages/airflow/example_dags/example_workday_timetable.py took 0.053 seconds
[2025-04-18T11:22:30.688+0900] {processor.py:186} INFO - Started process (PID=642033) to work on /home/kim/airflow_tutorial/py_env/lib/python3.10/site-packages/airflow/example_dags/example_workday_timetable.py
[2025-04-18T11:22:30.691+0900] {processor.py:914} INFO - Processing file /home/kim/airflow_tutorial/py_env/lib/python3.10/site-packages/airflow/example_dags/example_workday_timetable.py for tasks to queue
[2025-04-18T11:22:30.693+0900] {logging_mixin.py:190} INFO - [2025-04-18T11:22:30.692+0900] {dagbag.py:588} INFO - Filling up the DagBag from /home/kim/airflow_tutorial/py_env/lib/python3.10/site-packages/airflow/example_dags/example_workday_timetable.py
[2025-04-18T11:22:30.698+0900] {processor.py:925} INFO - DAG(s) 'example_workday_timetable' retrieved from /home/kim/airflow_tutorial/py_env/lib/python3.10/site-packages/airflow/example_dags/example_workday_timetable.py
[2025-04-18T11:22:30.711+0900] {logging_mixin.py:190} INFO - [2025-04-18T11:22:30.710+0900] {dag.py:3239} INFO - Sync 1 DAGs
[2025-04-18T11:22:30.726+0900] {logging_mixin.py:190} INFO - [2025-04-18T11:22:30.726+0900] {dag.py:4180} INFO - Setting next_dagrun for example_workday_timetable to 2021-01-01 00:00:00+00:00, run_after=2021-01-02 00:00:00+00:00
[2025-04-18T11:22:30.755+0900] {processor.py:208} INFO - Processing /home/kim/airflow_tutorial/py_env/lib/python3.10/site-packages/airflow/example_dags/example_workday_timetable.py took 0.071 seconds
[2025-04-18T11:23:31.374+0900] {processor.py:186} INFO - Started process (PID=642330) to work on /home/kim/airflow_tutorial/py_env/lib/python3.10/site-packages/airflow/example_dags/example_workday_timetable.py
[2025-04-18T11:23:31.375+0900] {processor.py:914} INFO - Processing file /home/kim/airflow_tutorial/py_env/lib/python3.10/site-packages/airflow/example_dags/example_workday_timetable.py for tasks to queue
[2025-04-18T11:23:31.378+0900] {logging_mixin.py:190} INFO - [2025-04-18T11:23:31.377+0900] {dagbag.py:588} INFO - Filling up the DagBag from /home/kim/airflow_tutorial/py_env/lib/python3.10/site-packages/airflow/example_dags/example_workday_timetable.py
[2025-04-18T11:23:31.384+0900] {processor.py:925} INFO - DAG(s) 'example_workday_timetable' retrieved from /home/kim/airflow_tutorial/py_env/lib/python3.10/site-packages/airflow/example_dags/example_workday_timetable.py
[2025-04-18T11:23:31.396+0900] {logging_mixin.py:190} INFO - [2025-04-18T11:23:31.396+0900] {dag.py:3239} INFO - Sync 1 DAGs
[2025-04-18T11:23:31.412+0900] {logging_mixin.py:190} INFO - [2025-04-18T11:23:31.412+0900] {dag.py:4180} INFO - Setting next_dagrun for example_workday_timetable to 2021-01-01 00:00:00+00:00, run_after=2021-01-02 00:00:00+00:00
[2025-04-18T11:23:31.429+0900] {processor.py:208} INFO - Processing /home/kim/airflow_tutorial/py_env/lib/python3.10/site-packages/airflow/example_dags/example_workday_timetable.py took 0.060 seconds
[2025-04-18T11:24:31.109+0900] {processor.py:186} INFO - Started process (PID=642695) to work on /home/kim/airflow_tutorial/py_env/lib/python3.10/site-packages/airflow/example_dags/example_workday_timetable.py
[2025-04-18T11:24:31.112+0900] {processor.py:914} INFO - Processing file /home/kim/airflow_tutorial/py_env/lib/python3.10/site-packages/airflow/example_dags/example_workday_timetable.py for tasks to queue
[2025-04-18T11:24:31.114+0900] {logging_mixin.py:190} INFO - [2025-04-18T11:24:31.113+0900] {dagbag.py:588} INFO - Filling up the DagBag from /home/kim/airflow_tutorial/py_env/lib/python3.10/site-packages/airflow/example_dags/example_workday_timetable.py
[2025-04-18T11:24:31.119+0900] {processor.py:925} INFO - DAG(s) 'example_workday_timetable' retrieved from /home/kim/airflow_tutorial/py_env/lib/python3.10/site-packages/airflow/example_dags/example_workday_timetable.py
[2025-04-18T11:24:31.129+0900] {logging_mixin.py:190} INFO - [2025-04-18T11:24:31.128+0900] {dag.py:3239} INFO - Sync 1 DAGs
[2025-04-18T11:24:31.142+0900] {logging_mixin.py:190} INFO - [2025-04-18T11:24:31.142+0900] {dag.py:4180} INFO - Setting next_dagrun for example_workday_timetable to 2021-01-01 00:00:00+00:00, run_after=2021-01-02 00:00:00+00:00
[2025-04-18T11:24:31.157+0900] {processor.py:208} INFO - Processing /home/kim/airflow_tutorial/py_env/lib/python3.10/site-packages/airflow/example_dags/example_workday_timetable.py took 0.052 seconds
[2025-04-18T11:25:33.665+0900] {processor.py:186} INFO - Started process (PID=643217) to work on /home/kim/airflow_tutorial/py_env/lib/python3.10/site-packages/airflow/example_dags/example_workday_timetable.py
[2025-04-18T11:25:33.668+0900] {processor.py:914} INFO - Processing file /home/kim/airflow_tutorial/py_env/lib/python3.10/site-packages/airflow/example_dags/example_workday_timetable.py for tasks to queue
[2025-04-18T11:25:33.670+0900] {logging_mixin.py:190} INFO - [2025-04-18T11:25:33.669+0900] {dagbag.py:588} INFO - Filling up the DagBag from /home/kim/airflow_tutorial/py_env/lib/python3.10/site-packages/airflow/example_dags/example_workday_timetable.py
[2025-04-18T11:25:33.674+0900] {processor.py:925} INFO - DAG(s) 'example_workday_timetable' retrieved from /home/kim/airflow_tutorial/py_env/lib/python3.10/site-packages/airflow/example_dags/example_workday_timetable.py
[2025-04-18T11:25:33.684+0900] {logging_mixin.py:190} INFO - [2025-04-18T11:25:33.684+0900] {dag.py:3239} INFO - Sync 1 DAGs
[2025-04-18T11:25:33.698+0900] {logging_mixin.py:190} INFO - [2025-04-18T11:25:33.698+0900] {dag.py:4180} INFO - Setting next_dagrun for example_workday_timetable to 2021-01-01 00:00:00+00:00, run_after=2021-01-02 00:00:00+00:00
[2025-04-18T11:25:33.715+0900] {processor.py:208} INFO - Processing /home/kim/airflow_tutorial/py_env/lib/python3.10/site-packages/airflow/example_dags/example_workday_timetable.py took 0.054 seconds
[2025-04-18T12:03:12.705+0900] {processor.py:186} INFO - Started process (PID=651805) to work on /home/kim/airflow_tutorial/py_env/lib/python3.10/site-packages/airflow/example_dags/example_workday_timetable.py
[2025-04-18T12:03:12.706+0900] {processor.py:914} INFO - Processing file /home/kim/airflow_tutorial/py_env/lib/python3.10/site-packages/airflow/example_dags/example_workday_timetable.py for tasks to queue
[2025-04-18T12:03:12.709+0900] {logging_mixin.py:190} INFO - [2025-04-18T12:03:12.708+0900] {dagbag.py:588} INFO - Filling up the DagBag from /home/kim/airflow_tutorial/py_env/lib/python3.10/site-packages/airflow/example_dags/example_workday_timetable.py
[2025-04-18T12:03:12.812+0900] {processor.py:925} INFO - DAG(s) 'example_workday_timetable' retrieved from /home/kim/airflow_tutorial/py_env/lib/python3.10/site-packages/airflow/example_dags/example_workday_timetable.py
[2025-04-18T12:03:12.901+0900] {logging_mixin.py:190} INFO - [2025-04-18T12:03:12.900+0900] {override.py:1912} INFO - Created Permission View: can read on DAG:example_workday_timetable
[2025-04-18T12:03:12.913+0900] {logging_mixin.py:190} INFO - [2025-04-18T12:03:12.913+0900] {override.py:1912} INFO - Created Permission View: can edit on DAG:example_workday_timetable
[2025-04-18T12:03:12.923+0900] {logging_mixin.py:190} INFO - [2025-04-18T12:03:12.923+0900] {override.py:1912} INFO - Created Permission View: can delete on DAG:example_workday_timetable
[2025-04-18T12:03:12.936+0900] {logging_mixin.py:190} INFO - [2025-04-18T12:03:12.935+0900] {override.py:1912} INFO - Created Permission View: can read on DAG Run:example_workday_timetable
[2025-04-18T12:03:12.946+0900] {logging_mixin.py:190} INFO - [2025-04-18T12:03:12.945+0900] {override.py:1912} INFO - Created Permission View: can create on DAG Run:example_workday_timetable
[2025-04-18T12:03:12.956+0900] {logging_mixin.py:190} INFO - [2025-04-18T12:03:12.955+0900] {override.py:1912} INFO - Created Permission View: menu access on DAG Run:example_workday_timetable
[2025-04-18T12:03:12.965+0900] {logging_mixin.py:190} INFO - [2025-04-18T12:03:12.965+0900] {override.py:1912} INFO - Created Permission View: can delete on DAG Run:example_workday_timetable
[2025-04-18T12:03:12.966+0900] {logging_mixin.py:190} INFO - [2025-04-18T12:03:12.966+0900] {dag.py:3239} INFO - Sync 1 DAGs
[2025-04-18T12:03:12.981+0900] {logging_mixin.py:190} INFO - [2025-04-18T12:03:12.981+0900] {dag.py:3262} INFO - Creating ORM DAG for example_workday_timetable
[2025-04-18T12:03:12.998+0900] {logging_mixin.py:190} INFO - [2025-04-18T12:03:12.997+0900] {dag.py:4180} INFO - Setting next_dagrun for example_workday_timetable to 2021-01-01 00:00:00+00:00, run_after=2021-01-02 00:00:00+00:00
[2025-04-18T12:03:13.030+0900] {processor.py:208} INFO - Processing /home/kim/airflow_tutorial/py_env/lib/python3.10/site-packages/airflow/example_dags/example_workday_timetable.py took 0.332 seconds
[2025-04-18T12:05:19.117+0900] {processor.py:186} INFO - Started process (PID=653641) to work on /home/kim/airflow_tutorial/py_env/lib/python3.10/site-packages/airflow/example_dags/example_workday_timetable.py
[2025-04-18T12:05:19.118+0900] {processor.py:914} INFO - Processing file /home/kim/airflow_tutorial/py_env/lib/python3.10/site-packages/airflow/example_dags/example_workday_timetable.py for tasks to queue
[2025-04-18T12:05:19.120+0900] {logging_mixin.py:190} INFO - [2025-04-18T12:05:19.119+0900] {dagbag.py:588} INFO - Filling up the DagBag from /home/kim/airflow_tutorial/py_env/lib/python3.10/site-packages/airflow/example_dags/example_workday_timetable.py
[2025-04-18T12:05:19.124+0900] {processor.py:925} INFO - DAG(s) 'example_workday_timetable' retrieved from /home/kim/airflow_tutorial/py_env/lib/python3.10/site-packages/airflow/example_dags/example_workday_timetable.py
[2025-04-18T12:05:19.144+0900] {logging_mixin.py:190} INFO - [2025-04-18T12:05:19.144+0900] {dag.py:3239} INFO - Sync 1 DAGs
[2025-04-18T12:05:19.162+0900] {logging_mixin.py:190} INFO - [2025-04-18T12:05:19.162+0900] {dag.py:4180} INFO - Setting next_dagrun for example_workday_timetable to 2021-01-01 00:00:00+00:00, run_after=2021-01-02 00:00:00+00:00
[2025-04-18T12:05:19.180+0900] {processor.py:208} INFO - Processing /home/kim/airflow_tutorial/py_env/lib/python3.10/site-packages/airflow/example_dags/example_workday_timetable.py took 0.067 seconds
[2025-04-18T12:05:49.882+0900] {processor.py:186} INFO - Started process (PID=654116) to work on /home/kim/airflow_tutorial/py_env/lib/python3.10/site-packages/airflow/example_dags/example_workday_timetable.py
[2025-04-18T12:05:49.883+0900] {processor.py:914} INFO - Processing file /home/kim/airflow_tutorial/py_env/lib/python3.10/site-packages/airflow/example_dags/example_workday_timetable.py for tasks to queue
[2025-04-18T12:05:49.885+0900] {logging_mixin.py:190} INFO - [2025-04-18T12:05:49.885+0900] {dagbag.py:588} INFO - Filling up the DagBag from /home/kim/airflow_tutorial/py_env/lib/python3.10/site-packages/airflow/example_dags/example_workday_timetable.py
[2025-04-18T12:05:49.892+0900] {processor.py:925} INFO - DAG(s) 'example_workday_timetable' retrieved from /home/kim/airflow_tutorial/py_env/lib/python3.10/site-packages/airflow/example_dags/example_workday_timetable.py
[2025-04-18T12:05:49.918+0900] {logging_mixin.py:190} INFO - [2025-04-18T12:05:49.918+0900] {dag.py:3239} INFO - Sync 1 DAGs
[2025-04-18T12:05:49.943+0900] {logging_mixin.py:190} INFO - [2025-04-18T12:05:49.943+0900] {dag.py:4180} INFO - Setting next_dagrun for example_workday_timetable to 2021-01-01 00:00:00+00:00, run_after=2021-01-02 00:00:00+00:00
[2025-04-18T12:05:49.970+0900] {processor.py:208} INFO - Processing /home/kim/airflow_tutorial/py_env/lib/python3.10/site-packages/airflow/example_dags/example_workday_timetable.py took 0.095 seconds
[2025-04-18T12:06:20.498+0900] {processor.py:186} INFO - Started process (PID=654494) to work on /home/kim/airflow_tutorial/py_env/lib/python3.10/site-packages/airflow/example_dags/example_workday_timetable.py
[2025-04-18T12:06:20.499+0900] {processor.py:914} INFO - Processing file /home/kim/airflow_tutorial/py_env/lib/python3.10/site-packages/airflow/example_dags/example_workday_timetable.py for tasks to queue
[2025-04-18T12:06:20.503+0900] {logging_mixin.py:190} INFO - [2025-04-18T12:06:20.503+0900] {dagbag.py:588} INFO - Filling up the DagBag from /home/kim/airflow_tutorial/py_env/lib/python3.10/site-packages/airflow/example_dags/example_workday_timetable.py
[2025-04-18T12:06:20.511+0900] {processor.py:925} INFO - DAG(s) 'example_workday_timetable' retrieved from /home/kim/airflow_tutorial/py_env/lib/python3.10/site-packages/airflow/example_dags/example_workday_timetable.py
[2025-04-18T12:06:20.543+0900] {logging_mixin.py:190} INFO - [2025-04-18T12:06:20.543+0900] {dag.py:3239} INFO - Sync 1 DAGs
[2025-04-18T12:06:20.572+0900] {logging_mixin.py:190} INFO - [2025-04-18T12:06:20.572+0900] {dag.py:4180} INFO - Setting next_dagrun for example_workday_timetable to 2021-01-01 00:00:00+00:00, run_after=2021-01-02 00:00:00+00:00
[2025-04-18T12:06:20.600+0900] {processor.py:208} INFO - Processing /home/kim/airflow_tutorial/py_env/lib/python3.10/site-packages/airflow/example_dags/example_workday_timetable.py took 0.111 seconds
