[2025-04-18T11:13:26.888+0900] {processor.py:186} INFO - Started process (PID=637833) to work on /home/kim/airflow_tutorial/py_env/lib/python3.10/site-packages/airflow/example_dags/example_trigger_target_dag.py
[2025-04-18T11:13:26.888+0900] {processor.py:914} INFO - Processing file /home/kim/airflow_tutorial/py_env/lib/python3.10/site-packages/airflow/example_dags/example_trigger_target_dag.py for tasks to queue
[2025-04-18T11:13:26.892+0900] {logging_mixin.py:190} INFO - [2025-04-18T11:13:26.891+0900] {dagbag.py:588} INFO - Filling up the DagBag from /home/kim/airflow_tutorial/py_env/lib/python3.10/site-packages/airflow/example_dags/example_trigger_target_dag.py
[2025-04-18T11:13:26.897+0900] {processor.py:925} INFO - DAG(s) 'example_trigger_target_dag' retrieved from /home/kim/airflow_tutorial/py_env/lib/python3.10/site-packages/airflow/example_dags/example_trigger_target_dag.py
[2025-04-18T11:13:27.045+0900] {logging_mixin.py:190} INFO - [2025-04-18T11:13:27.044+0900] {override.py:1912} INFO - Created Permission View: can delete on DAG:example_trigger_target_dag
[2025-04-18T11:13:27.053+0900] {logging_mixin.py:190} INFO - [2025-04-18T11:13:27.053+0900] {override.py:1912} INFO - Created Permission View: can edit on DAG:example_trigger_target_dag
[2025-04-18T11:13:27.061+0900] {logging_mixin.py:190} INFO - [2025-04-18T11:13:27.061+0900] {override.py:1912} INFO - Created Permission View: can read on DAG:example_trigger_target_dag
[2025-04-18T11:13:27.072+0900] {logging_mixin.py:190} INFO - [2025-04-18T11:13:27.071+0900] {override.py:1912} INFO - Created Permission View: can delete on DAG Run:example_trigger_target_dag
[2025-04-18T11:13:27.079+0900] {logging_mixin.py:190} INFO - [2025-04-18T11:13:27.078+0900] {override.py:1912} INFO - Created Permission View: can create on DAG Run:example_trigger_target_dag
[2025-04-18T11:13:27.086+0900] {logging_mixin.py:190} INFO - [2025-04-18T11:13:27.086+0900] {override.py:1912} INFO - Created Permission View: menu access on DAG Run:example_trigger_target_dag
[2025-04-18T11:13:27.094+0900] {logging_mixin.py:190} INFO - [2025-04-18T11:13:27.094+0900] {override.py:1912} INFO - Created Permission View: can read on DAG Run:example_trigger_target_dag
[2025-04-18T11:13:27.094+0900] {logging_mixin.py:190} INFO - [2025-04-18T11:13:27.094+0900] {dag.py:3239} INFO - Sync 1 DAGs
[2025-04-18T11:13:27.103+0900] {logging_mixin.py:190} INFO - [2025-04-18T11:13:27.103+0900] {dag.py:3262} INFO - Creating ORM DAG for example_trigger_target_dag
[2025-04-18T11:13:27.104+0900] {logging_mixin.py:190} INFO - [2025-04-18T11:13:27.104+0900] {dag.py:4180} INFO - Setting next_dagrun for example_trigger_target_dag to None, run_after=None
[2025-04-18T11:13:27.121+0900] {processor.py:208} INFO - Processing /home/kim/airflow_tutorial/py_env/lib/python3.10/site-packages/airflow/example_dags/example_trigger_target_dag.py took 0.238 seconds
[2025-04-18T11:14:31.249+0900] {processor.py:186} INFO - Started process (PID=638226) to work on /home/kim/airflow_tutorial/py_env/lib/python3.10/site-packages/airflow/example_dags/example_trigger_target_dag.py
[2025-04-18T11:14:31.252+0900] {processor.py:914} INFO - Processing file /home/kim/airflow_tutorial/py_env/lib/python3.10/site-packages/airflow/example_dags/example_trigger_target_dag.py for tasks to queue
[2025-04-18T11:14:31.254+0900] {logging_mixin.py:190} INFO - [2025-04-18T11:14:31.254+0900] {dagbag.py:588} INFO - Filling up the DagBag from /home/kim/airflow_tutorial/py_env/lib/python3.10/site-packages/airflow/example_dags/example_trigger_target_dag.py
[2025-04-18T11:14:31.261+0900] {processor.py:925} INFO - DAG(s) 'example_trigger_target_dag' retrieved from /home/kim/airflow_tutorial/py_env/lib/python3.10/site-packages/airflow/example_dags/example_trigger_target_dag.py
[2025-04-18T11:14:31.272+0900] {logging_mixin.py:190} INFO - [2025-04-18T11:14:31.271+0900] {dag.py:3239} INFO - Sync 1 DAGs
[2025-04-18T11:14:31.281+0900] {logging_mixin.py:190} INFO - [2025-04-18T11:14:31.281+0900] {dag.py:4180} INFO - Setting next_dagrun for example_trigger_target_dag to None, run_after=None
[2025-04-18T11:14:31.304+0900] {processor.py:208} INFO - Processing /home/kim/airflow_tutorial/py_env/lib/python3.10/site-packages/airflow/example_dags/example_trigger_target_dag.py took 0.061 seconds
[2025-04-18T11:15:26.937+0900] {processor.py:186} INFO - Started process (PID=638745) to work on /home/kim/airflow_tutorial/py_env/lib/python3.10/site-packages/airflow/example_dags/example_trigger_target_dag.py
[2025-04-18T11:15:26.940+0900] {processor.py:914} INFO - Processing file /home/kim/airflow_tutorial/py_env/lib/python3.10/site-packages/airflow/example_dags/example_trigger_target_dag.py for tasks to queue
[2025-04-18T11:15:26.942+0900] {logging_mixin.py:190} INFO - [2025-04-18T11:15:26.942+0900] {dagbag.py:588} INFO - Filling up the DagBag from /home/kim/airflow_tutorial/py_env/lib/python3.10/site-packages/airflow/example_dags/example_trigger_target_dag.py
[2025-04-18T11:15:26.950+0900] {processor.py:925} INFO - DAG(s) 'example_trigger_target_dag' retrieved from /home/kim/airflow_tutorial/py_env/lib/python3.10/site-packages/airflow/example_dags/example_trigger_target_dag.py
[2025-04-18T11:15:26.963+0900] {logging_mixin.py:190} INFO - [2025-04-18T11:15:26.963+0900] {dag.py:3239} INFO - Sync 1 DAGs
[2025-04-18T11:15:26.975+0900] {logging_mixin.py:190} INFO - [2025-04-18T11:15:26.975+0900] {dag.py:4180} INFO - Setting next_dagrun for example_trigger_target_dag to None, run_after=None
[2025-04-18T11:15:26.994+0900] {processor.py:208} INFO - Processing /home/kim/airflow_tutorial/py_env/lib/python3.10/site-packages/airflow/example_dags/example_trigger_target_dag.py took 0.061 seconds
[2025-04-18T11:16:29.786+0900] {processor.py:186} INFO - Started process (PID=639342) to work on /home/kim/airflow_tutorial/py_env/lib/python3.10/site-packages/airflow/example_dags/example_trigger_target_dag.py
[2025-04-18T11:16:29.787+0900] {processor.py:914} INFO - Processing file /home/kim/airflow_tutorial/py_env/lib/python3.10/site-packages/airflow/example_dags/example_trigger_target_dag.py for tasks to queue
[2025-04-18T11:16:29.789+0900] {logging_mixin.py:190} INFO - [2025-04-18T11:16:29.789+0900] {dagbag.py:588} INFO - Filling up the DagBag from /home/kim/airflow_tutorial/py_env/lib/python3.10/site-packages/airflow/example_dags/example_trigger_target_dag.py
[2025-04-18T11:16:29.796+0900] {processor.py:925} INFO - DAG(s) 'example_trigger_target_dag' retrieved from /home/kim/airflow_tutorial/py_env/lib/python3.10/site-packages/airflow/example_dags/example_trigger_target_dag.py
[2025-04-18T11:16:29.808+0900] {logging_mixin.py:190} INFO - [2025-04-18T11:16:29.808+0900] {dag.py:3239} INFO - Sync 1 DAGs
[2025-04-18T11:16:29.819+0900] {logging_mixin.py:190} INFO - [2025-04-18T11:16:29.819+0900] {dag.py:4180} INFO - Setting next_dagrun for example_trigger_target_dag to None, run_after=None
[2025-04-18T11:16:29.836+0900] {processor.py:208} INFO - Processing /home/kim/airflow_tutorial/py_env/lib/python3.10/site-packages/airflow/example_dags/example_trigger_target_dag.py took 0.055 seconds
[2025-04-18T11:17:29.024+0900] {processor.py:186} INFO - Started process (PID=640032) to work on /home/kim/airflow_tutorial/py_env/lib/python3.10/site-packages/airflow/example_dags/example_trigger_target_dag.py
[2025-04-18T11:17:29.025+0900] {processor.py:914} INFO - Processing file /home/kim/airflow_tutorial/py_env/lib/python3.10/site-packages/airflow/example_dags/example_trigger_target_dag.py for tasks to queue
[2025-04-18T11:17:29.027+0900] {logging_mixin.py:190} INFO - [2025-04-18T11:17:29.027+0900] {dagbag.py:588} INFO - Filling up the DagBag from /home/kim/airflow_tutorial/py_env/lib/python3.10/site-packages/airflow/example_dags/example_trigger_target_dag.py
[2025-04-18T11:17:29.033+0900] {processor.py:925} INFO - DAG(s) 'example_trigger_target_dag' retrieved from /home/kim/airflow_tutorial/py_env/lib/python3.10/site-packages/airflow/example_dags/example_trigger_target_dag.py
[2025-04-18T11:17:29.043+0900] {logging_mixin.py:190} INFO - [2025-04-18T11:17:29.043+0900] {dag.py:3239} INFO - Sync 1 DAGs
[2025-04-18T11:17:29.051+0900] {logging_mixin.py:190} INFO - [2025-04-18T11:17:29.051+0900] {dag.py:4180} INFO - Setting next_dagrun for example_trigger_target_dag to None, run_after=None
[2025-04-18T11:17:29.066+0900] {processor.py:208} INFO - Processing /home/kim/airflow_tutorial/py_env/lib/python3.10/site-packages/airflow/example_dags/example_trigger_target_dag.py took 0.047 seconds
[2025-04-18T11:18:30.354+0900] {processor.py:186} INFO - Started process (PID=640629) to work on /home/kim/airflow_tutorial/py_env/lib/python3.10/site-packages/airflow/example_dags/example_trigger_target_dag.py
[2025-04-18T11:18:30.355+0900] {processor.py:914} INFO - Processing file /home/kim/airflow_tutorial/py_env/lib/python3.10/site-packages/airflow/example_dags/example_trigger_target_dag.py for tasks to queue
[2025-04-18T11:18:30.358+0900] {logging_mixin.py:190} INFO - [2025-04-18T11:18:30.357+0900] {dagbag.py:588} INFO - Filling up the DagBag from /home/kim/airflow_tutorial/py_env/lib/python3.10/site-packages/airflow/example_dags/example_trigger_target_dag.py
[2025-04-18T11:18:30.363+0900] {processor.py:925} INFO - DAG(s) 'example_trigger_target_dag' retrieved from /home/kim/airflow_tutorial/py_env/lib/python3.10/site-packages/airflow/example_dags/example_trigger_target_dag.py
[2025-04-18T11:18:30.374+0900] {logging_mixin.py:190} INFO - [2025-04-18T11:18:30.374+0900] {dag.py:3239} INFO - Sync 1 DAGs
[2025-04-18T11:18:30.386+0900] {logging_mixin.py:190} INFO - [2025-04-18T11:18:30.386+0900] {dag.py:4180} INFO - Setting next_dagrun for example_trigger_target_dag to None, run_after=None
[2025-04-18T11:18:30.404+0900] {processor.py:208} INFO - Processing /home/kim/airflow_tutorial/py_env/lib/python3.10/site-packages/airflow/example_dags/example_trigger_target_dag.py took 0.054 seconds
[2025-04-18T11:19:29.390+0900] {processor.py:186} INFO - Started process (PID=640987) to work on /home/kim/airflow_tutorial/py_env/lib/python3.10/site-packages/airflow/example_dags/example_trigger_target_dag.py
[2025-04-18T11:19:29.393+0900] {processor.py:914} INFO - Processing file /home/kim/airflow_tutorial/py_env/lib/python3.10/site-packages/airflow/example_dags/example_trigger_target_dag.py for tasks to queue
[2025-04-18T11:19:29.394+0900] {logging_mixin.py:190} INFO - [2025-04-18T11:19:29.394+0900] {dagbag.py:588} INFO - Filling up the DagBag from /home/kim/airflow_tutorial/py_env/lib/python3.10/site-packages/airflow/example_dags/example_trigger_target_dag.py
[2025-04-18T11:19:29.400+0900] {processor.py:925} INFO - DAG(s) 'example_trigger_target_dag' retrieved from /home/kim/airflow_tutorial/py_env/lib/python3.10/site-packages/airflow/example_dags/example_trigger_target_dag.py
[2025-04-18T11:19:29.410+0900] {logging_mixin.py:190} INFO - [2025-04-18T11:19:29.410+0900] {dag.py:3239} INFO - Sync 1 DAGs
[2025-04-18T11:19:29.418+0900] {logging_mixin.py:190} INFO - [2025-04-18T11:19:29.418+0900] {dag.py:4180} INFO - Setting next_dagrun for example_trigger_target_dag to None, run_after=None
[2025-04-18T11:19:29.433+0900] {processor.py:208} INFO - Processing /home/kim/airflow_tutorial/py_env/lib/python3.10/site-packages/airflow/example_dags/example_trigger_target_dag.py took 0.048 seconds
[2025-04-18T11:20:27.032+0900] {processor.py:186} INFO - Started process (PID=641271) to work on /home/kim/airflow_tutorial/py_env/lib/python3.10/site-packages/airflow/example_dags/example_trigger_target_dag.py
[2025-04-18T11:20:27.035+0900] {processor.py:914} INFO - Processing file /home/kim/airflow_tutorial/py_env/lib/python3.10/site-packages/airflow/example_dags/example_trigger_target_dag.py for tasks to queue
[2025-04-18T11:20:27.037+0900] {logging_mixin.py:190} INFO - [2025-04-18T11:20:27.036+0900] {dagbag.py:588} INFO - Filling up the DagBag from /home/kim/airflow_tutorial/py_env/lib/python3.10/site-packages/airflow/example_dags/example_trigger_target_dag.py
[2025-04-18T11:20:27.049+0900] {processor.py:925} INFO - DAG(s) 'example_trigger_target_dag' retrieved from /home/kim/airflow_tutorial/py_env/lib/python3.10/site-packages/airflow/example_dags/example_trigger_target_dag.py
[2025-04-18T11:20:27.073+0900] {logging_mixin.py:190} INFO - [2025-04-18T11:20:27.073+0900] {dag.py:3239} INFO - Sync 1 DAGs
[2025-04-18T11:20:27.081+0900] {logging_mixin.py:190} INFO - [2025-04-18T11:20:27.081+0900] {dag.py:4180} INFO - Setting next_dagrun for example_trigger_target_dag to None, run_after=None
[2025-04-18T11:20:27.097+0900] {processor.py:208} INFO - Processing /home/kim/airflow_tutorial/py_env/lib/python3.10/site-packages/airflow/example_dags/example_trigger_target_dag.py took 0.070 seconds
[2025-04-18T11:21:25.305+0900] {processor.py:186} INFO - Started process (PID=641562) to work on /home/kim/airflow_tutorial/py_env/lib/python3.10/site-packages/airflow/example_dags/example_trigger_target_dag.py
[2025-04-18T11:21:25.307+0900] {processor.py:914} INFO - Processing file /home/kim/airflow_tutorial/py_env/lib/python3.10/site-packages/airflow/example_dags/example_trigger_target_dag.py for tasks to queue
[2025-04-18T11:21:25.309+0900] {logging_mixin.py:190} INFO - [2025-04-18T11:21:25.308+0900] {dagbag.py:588} INFO - Filling up the DagBag from /home/kim/airflow_tutorial/py_env/lib/python3.10/site-packages/airflow/example_dags/example_trigger_target_dag.py
[2025-04-18T11:21:25.315+0900] {processor.py:925} INFO - DAG(s) 'example_trigger_target_dag' retrieved from /home/kim/airflow_tutorial/py_env/lib/python3.10/site-packages/airflow/example_dags/example_trigger_target_dag.py
[2025-04-18T11:21:25.325+0900] {logging_mixin.py:190} INFO - [2025-04-18T11:21:25.325+0900] {dag.py:3239} INFO - Sync 1 DAGs
[2025-04-18T11:21:25.333+0900] {logging_mixin.py:190} INFO - [2025-04-18T11:21:25.333+0900] {dag.py:4180} INFO - Setting next_dagrun for example_trigger_target_dag to None, run_after=None
[2025-04-18T11:21:25.348+0900] {processor.py:208} INFO - Processing /home/kim/airflow_tutorial/py_env/lib/python3.10/site-packages/airflow/example_dags/example_trigger_target_dag.py took 0.048 seconds
[2025-04-18T11:22:27.853+0900] {processor.py:186} INFO - Started process (PID=641952) to work on /home/kim/airflow_tutorial/py_env/lib/python3.10/site-packages/airflow/example_dags/example_trigger_target_dag.py
[2025-04-18T11:22:27.856+0900] {processor.py:914} INFO - Processing file /home/kim/airflow_tutorial/py_env/lib/python3.10/site-packages/airflow/example_dags/example_trigger_target_dag.py for tasks to queue
[2025-04-18T11:22:27.858+0900] {logging_mixin.py:190} INFO - [2025-04-18T11:22:27.857+0900] {dagbag.py:588} INFO - Filling up the DagBag from /home/kim/airflow_tutorial/py_env/lib/python3.10/site-packages/airflow/example_dags/example_trigger_target_dag.py
[2025-04-18T11:22:27.864+0900] {processor.py:925} INFO - DAG(s) 'example_trigger_target_dag' retrieved from /home/kim/airflow_tutorial/py_env/lib/python3.10/site-packages/airflow/example_dags/example_trigger_target_dag.py
[2025-04-18T11:22:27.874+0900] {logging_mixin.py:190} INFO - [2025-04-18T11:22:27.874+0900] {dag.py:3239} INFO - Sync 1 DAGs
[2025-04-18T11:22:27.882+0900] {logging_mixin.py:190} INFO - [2025-04-18T11:22:27.882+0900] {dag.py:4180} INFO - Setting next_dagrun for example_trigger_target_dag to None, run_after=None
[2025-04-18T11:22:27.896+0900] {processor.py:208} INFO - Processing /home/kim/airflow_tutorial/py_env/lib/python3.10/site-packages/airflow/example_dags/example_trigger_target_dag.py took 0.048 seconds
[2025-04-18T11:23:29.171+0900] {processor.py:186} INFO - Started process (PID=642318) to work on /home/kim/airflow_tutorial/py_env/lib/python3.10/site-packages/airflow/example_dags/example_trigger_target_dag.py
[2025-04-18T11:23:29.173+0900] {processor.py:914} INFO - Processing file /home/kim/airflow_tutorial/py_env/lib/python3.10/site-packages/airflow/example_dags/example_trigger_target_dag.py for tasks to queue
[2025-04-18T11:23:29.176+0900] {logging_mixin.py:190} INFO - [2025-04-18T11:23:29.176+0900] {dagbag.py:588} INFO - Filling up the DagBag from /home/kim/airflow_tutorial/py_env/lib/python3.10/site-packages/airflow/example_dags/example_trigger_target_dag.py
[2025-04-18T11:23:29.184+0900] {processor.py:925} INFO - DAG(s) 'example_trigger_target_dag' retrieved from /home/kim/airflow_tutorial/py_env/lib/python3.10/site-packages/airflow/example_dags/example_trigger_target_dag.py
[2025-04-18T11:23:29.198+0900] {logging_mixin.py:190} INFO - [2025-04-18T11:23:29.198+0900] {dag.py:3239} INFO - Sync 1 DAGs
[2025-04-18T11:23:29.208+0900] {logging_mixin.py:190} INFO - [2025-04-18T11:23:29.208+0900] {dag.py:4180} INFO - Setting next_dagrun for example_trigger_target_dag to None, run_after=None
[2025-04-18T11:23:29.223+0900] {processor.py:208} INFO - Processing /home/kim/airflow_tutorial/py_env/lib/python3.10/site-packages/airflow/example_dags/example_trigger_target_dag.py took 0.057 seconds
[2025-04-18T11:24:25.275+0900] {processor.py:186} INFO - Started process (PID=642670) to work on /home/kim/airflow_tutorial/py_env/lib/python3.10/site-packages/airflow/example_dags/example_trigger_target_dag.py
[2025-04-18T11:24:25.276+0900] {processor.py:914} INFO - Processing file /home/kim/airflow_tutorial/py_env/lib/python3.10/site-packages/airflow/example_dags/example_trigger_target_dag.py for tasks to queue
[2025-04-18T11:24:25.278+0900] {logging_mixin.py:190} INFO - [2025-04-18T11:24:25.278+0900] {dagbag.py:588} INFO - Filling up the DagBag from /home/kim/airflow_tutorial/py_env/lib/python3.10/site-packages/airflow/example_dags/example_trigger_target_dag.py
[2025-04-18T11:24:25.284+0900] {processor.py:925} INFO - DAG(s) 'example_trigger_target_dag' retrieved from /home/kim/airflow_tutorial/py_env/lib/python3.10/site-packages/airflow/example_dags/example_trigger_target_dag.py
[2025-04-18T11:24:25.295+0900] {logging_mixin.py:190} INFO - [2025-04-18T11:24:25.295+0900] {dag.py:3239} INFO - Sync 1 DAGs
[2025-04-18T11:24:25.305+0900] {logging_mixin.py:190} INFO - [2025-04-18T11:24:25.305+0900] {dag.py:4180} INFO - Setting next_dagrun for example_trigger_target_dag to None, run_after=None
[2025-04-18T11:24:25.320+0900] {processor.py:208} INFO - Processing /home/kim/airflow_tutorial/py_env/lib/python3.10/site-packages/airflow/example_dags/example_trigger_target_dag.py took 0.051 seconds
[2025-04-18T11:25:26.934+0900] {processor.py:186} INFO - Started process (PID=643152) to work on /home/kim/airflow_tutorial/py_env/lib/python3.10/site-packages/airflow/example_dags/example_trigger_target_dag.py
[2025-04-18T11:25:26.935+0900] {processor.py:914} INFO - Processing file /home/kim/airflow_tutorial/py_env/lib/python3.10/site-packages/airflow/example_dags/example_trigger_target_dag.py for tasks to queue
[2025-04-18T11:25:26.937+0900] {logging_mixin.py:190} INFO - [2025-04-18T11:25:26.937+0900] {dagbag.py:588} INFO - Filling up the DagBag from /home/kim/airflow_tutorial/py_env/lib/python3.10/site-packages/airflow/example_dags/example_trigger_target_dag.py
[2025-04-18T11:25:26.942+0900] {processor.py:925} INFO - DAG(s) 'example_trigger_target_dag' retrieved from /home/kim/airflow_tutorial/py_env/lib/python3.10/site-packages/airflow/example_dags/example_trigger_target_dag.py
[2025-04-18T11:25:26.954+0900] {logging_mixin.py:190} INFO - [2025-04-18T11:25:26.953+0900] {dag.py:3239} INFO - Sync 1 DAGs
[2025-04-18T11:25:26.964+0900] {logging_mixin.py:190} INFO - [2025-04-18T11:25:26.964+0900] {dag.py:4180} INFO - Setting next_dagrun for example_trigger_target_dag to None, run_after=None
[2025-04-18T11:25:26.982+0900] {processor.py:208} INFO - Processing /home/kim/airflow_tutorial/py_env/lib/python3.10/site-packages/airflow/example_dags/example_trigger_target_dag.py took 0.052 seconds
[2025-04-18T12:03:12.170+0900] {processor.py:186} INFO - Started process (PID=651790) to work on /home/kim/airflow_tutorial/py_env/lib/python3.10/site-packages/airflow/example_dags/example_trigger_target_dag.py
[2025-04-18T12:03:12.171+0900] {processor.py:914} INFO - Processing file /home/kim/airflow_tutorial/py_env/lib/python3.10/site-packages/airflow/example_dags/example_trigger_target_dag.py for tasks to queue
[2025-04-18T12:03:12.173+0900] {logging_mixin.py:190} INFO - [2025-04-18T12:03:12.173+0900] {dagbag.py:588} INFO - Filling up the DagBag from /home/kim/airflow_tutorial/py_env/lib/python3.10/site-packages/airflow/example_dags/example_trigger_target_dag.py
[2025-04-18T12:03:12.259+0900] {processor.py:925} INFO - DAG(s) 'example_trigger_target_dag' retrieved from /home/kim/airflow_tutorial/py_env/lib/python3.10/site-packages/airflow/example_dags/example_trigger_target_dag.py
[2025-04-18T12:03:12.333+0900] {logging_mixin.py:190} INFO - [2025-04-18T12:03:12.333+0900] {override.py:1912} INFO - Created Permission View: can read on DAG:example_trigger_target_dag
[2025-04-18T12:03:12.345+0900] {logging_mixin.py:190} INFO - [2025-04-18T12:03:12.345+0900] {override.py:1912} INFO - Created Permission View: can edit on DAG:example_trigger_target_dag
[2025-04-18T12:03:12.355+0900] {logging_mixin.py:190} INFO - [2025-04-18T12:03:12.354+0900] {override.py:1912} INFO - Created Permission View: can delete on DAG:example_trigger_target_dag
[2025-04-18T12:03:12.365+0900] {logging_mixin.py:190} INFO - [2025-04-18T12:03:12.364+0900] {override.py:1912} INFO - Created Permission View: can read on DAG Run:example_trigger_target_dag
[2025-04-18T12:03:12.373+0900] {logging_mixin.py:190} INFO - [2025-04-18T12:03:12.373+0900] {override.py:1912} INFO - Created Permission View: can create on DAG Run:example_trigger_target_dag
[2025-04-18T12:03:12.383+0900] {logging_mixin.py:190} INFO - [2025-04-18T12:03:12.382+0900] {override.py:1912} INFO - Created Permission View: menu access on DAG Run:example_trigger_target_dag
[2025-04-18T12:03:12.392+0900] {logging_mixin.py:190} INFO - [2025-04-18T12:03:12.391+0900] {override.py:1912} INFO - Created Permission View: can delete on DAG Run:example_trigger_target_dag
[2025-04-18T12:03:12.392+0900] {logging_mixin.py:190} INFO - [2025-04-18T12:03:12.392+0900] {dag.py:3239} INFO - Sync 1 DAGs
[2025-04-18T12:03:12.401+0900] {logging_mixin.py:190} INFO - [2025-04-18T12:03:12.401+0900] {dag.py:3262} INFO - Creating ORM DAG for example_trigger_target_dag
[2025-04-18T12:03:12.402+0900] {logging_mixin.py:190} INFO - [2025-04-18T12:03:12.402+0900] {dag.py:4180} INFO - Setting next_dagrun for example_trigger_target_dag to None, run_after=None
[2025-04-18T12:03:12.420+0900] {processor.py:208} INFO - Processing /home/kim/airflow_tutorial/py_env/lib/python3.10/site-packages/airflow/example_dags/example_trigger_target_dag.py took 0.258 seconds
[2025-04-18T12:05:18.805+0900] {processor.py:186} INFO - Started process (PID=653624) to work on /home/kim/airflow_tutorial/py_env/lib/python3.10/site-packages/airflow/example_dags/example_trigger_target_dag.py
[2025-04-18T12:05:18.806+0900] {processor.py:914} INFO - Processing file /home/kim/airflow_tutorial/py_env/lib/python3.10/site-packages/airflow/example_dags/example_trigger_target_dag.py for tasks to queue
[2025-04-18T12:05:18.887+0900] {logging_mixin.py:190} INFO - [2025-04-18T12:05:18.887+0900] {dagbag.py:588} INFO - Filling up the DagBag from /home/kim/airflow_tutorial/py_env/lib/python3.10/site-packages/airflow/example_dags/example_trigger_target_dag.py
[2025-04-18T12:05:18.892+0900] {processor.py:925} INFO - DAG(s) 'example_trigger_target_dag' retrieved from /home/kim/airflow_tutorial/py_env/lib/python3.10/site-packages/airflow/example_dags/example_trigger_target_dag.py
[2025-04-18T12:05:18.915+0900] {logging_mixin.py:190} INFO - [2025-04-18T12:05:18.915+0900] {dag.py:3239} INFO - Sync 1 DAGs
[2025-04-18T12:05:18.926+0900] {logging_mixin.py:190} INFO - [2025-04-18T12:05:18.926+0900] {dag.py:4180} INFO - Setting next_dagrun for example_trigger_target_dag to None, run_after=None
[2025-04-18T12:05:18.946+0900] {processor.py:208} INFO - Processing /home/kim/airflow_tutorial/py_env/lib/python3.10/site-packages/airflow/example_dags/example_trigger_target_dag.py took 0.145 seconds
[2025-04-18T12:05:49.652+0900] {processor.py:186} INFO - Started process (PID=654098) to work on /home/kim/airflow_tutorial/py_env/lib/python3.10/site-packages/airflow/example_dags/example_trigger_target_dag.py
[2025-04-18T12:05:49.653+0900] {processor.py:914} INFO - Processing file /home/kim/airflow_tutorial/py_env/lib/python3.10/site-packages/airflow/example_dags/example_trigger_target_dag.py for tasks to queue
[2025-04-18T12:05:49.655+0900] {logging_mixin.py:190} INFO - [2025-04-18T12:05:49.654+0900] {dagbag.py:588} INFO - Filling up the DagBag from /home/kim/airflow_tutorial/py_env/lib/python3.10/site-packages/airflow/example_dags/example_trigger_target_dag.py
[2025-04-18T12:05:49.662+0900] {processor.py:925} INFO - DAG(s) 'example_trigger_target_dag' retrieved from /home/kim/airflow_tutorial/py_env/lib/python3.10/site-packages/airflow/example_dags/example_trigger_target_dag.py
[2025-04-18T12:05:49.684+0900] {logging_mixin.py:190} INFO - [2025-04-18T12:05:49.684+0900] {dag.py:3239} INFO - Sync 1 DAGs
[2025-04-18T12:05:49.695+0900] {logging_mixin.py:190} INFO - [2025-04-18T12:05:49.694+0900] {dag.py:4180} INFO - Setting next_dagrun for example_trigger_target_dag to None, run_after=None
[2025-04-18T12:05:49.714+0900] {processor.py:208} INFO - Processing /home/kim/airflow_tutorial/py_env/lib/python3.10/site-packages/airflow/example_dags/example_trigger_target_dag.py took 0.068 seconds
[2025-04-18T12:06:20.388+0900] {processor.py:186} INFO - Started process (PID=654481) to work on /home/kim/airflow_tutorial/py_env/lib/python3.10/site-packages/airflow/example_dags/example_trigger_target_dag.py
[2025-04-18T12:06:20.389+0900] {processor.py:914} INFO - Processing file /home/kim/airflow_tutorial/py_env/lib/python3.10/site-packages/airflow/example_dags/example_trigger_target_dag.py for tasks to queue
[2025-04-18T12:06:20.390+0900] {logging_mixin.py:190} INFO - [2025-04-18T12:06:20.390+0900] {dagbag.py:588} INFO - Filling up the DagBag from /home/kim/airflow_tutorial/py_env/lib/python3.10/site-packages/airflow/example_dags/example_trigger_target_dag.py
[2025-04-18T12:06:20.397+0900] {processor.py:925} INFO - DAG(s) 'example_trigger_target_dag' retrieved from /home/kim/airflow_tutorial/py_env/lib/python3.10/site-packages/airflow/example_dags/example_trigger_target_dag.py
[2025-04-18T12:06:20.421+0900] {logging_mixin.py:190} INFO - [2025-04-18T12:06:20.421+0900] {dag.py:3239} INFO - Sync 1 DAGs
[2025-04-18T12:06:20.434+0900] {logging_mixin.py:190} INFO - [2025-04-18T12:06:20.434+0900] {dag.py:4180} INFO - Setting next_dagrun for example_trigger_target_dag to None, run_after=None
[2025-04-18T12:06:20.453+0900] {processor.py:208} INFO - Processing /home/kim/airflow_tutorial/py_env/lib/python3.10/site-packages/airflow/example_dags/example_trigger_target_dag.py took 0.070 seconds
