[2025-04-18T11:13:15.112+0900] {processor.py:186} INFO - Started process (PID=637801) to work on /home/kim/airflow_tutorial/py_env/lib/python3.10/site-packages/airflow/example_dags/example_sensors.py
[2025-04-18T11:13:15.113+0900] {processor.py:914} INFO - Processing file /home/kim/airflow_tutorial/py_env/lib/python3.10/site-packages/airflow/example_dags/example_sensors.py for tasks to queue
[2025-04-18T11:13:15.114+0900] {logging_mixin.py:190} INFO - [2025-04-18T11:13:15.114+0900] {dagbag.py:588} INFO - Filling up the DagBag from /home/kim/airflow_tutorial/py_env/lib/python3.10/site-packages/airflow/example_dags/example_sensors.py
[2025-04-18T11:13:15.123+0900] {processor.py:925} INFO - DAG(s) 'example_sensors' retrieved from /home/kim/airflow_tutorial/py_env/lib/python3.10/site-packages/airflow/example_dags/example_sensors.py
[2025-04-18T11:13:15.255+0900] {logging_mixin.py:190} INFO - [2025-04-18T11:13:15.254+0900] {override.py:1912} INFO - Created Permission View: can delete on DAG:example_sensors
[2025-04-18T11:13:15.263+0900] {logging_mixin.py:190} INFO - [2025-04-18T11:13:15.262+0900] {override.py:1912} INFO - Created Permission View: can edit on DAG:example_sensors
[2025-04-18T11:13:15.268+0900] {logging_mixin.py:190} INFO - [2025-04-18T11:13:15.268+0900] {override.py:1912} INFO - Created Permission View: can read on DAG:example_sensors
[2025-04-18T11:13:15.278+0900] {logging_mixin.py:190} INFO - [2025-04-18T11:13:15.278+0900] {override.py:1912} INFO - Created Permission View: can delete on DAG Run:example_sensors
[2025-04-18T11:13:15.284+0900] {logging_mixin.py:190} INFO - [2025-04-18T11:13:15.284+0900] {override.py:1912} INFO - Created Permission View: can create on DAG Run:example_sensors
[2025-04-18T11:13:15.291+0900] {logging_mixin.py:190} INFO - [2025-04-18T11:13:15.291+0900] {override.py:1912} INFO - Created Permission View: menu access on DAG Run:example_sensors
[2025-04-18T11:13:15.298+0900] {logging_mixin.py:190} INFO - [2025-04-18T11:13:15.297+0900] {override.py:1912} INFO - Created Permission View: can read on DAG Run:example_sensors
[2025-04-18T11:13:15.298+0900] {logging_mixin.py:190} INFO - [2025-04-18T11:13:15.298+0900] {dag.py:3239} INFO - Sync 1 DAGs
[2025-04-18T11:13:15.304+0900] {logging_mixin.py:190} INFO - [2025-04-18T11:13:15.304+0900] {dag.py:3262} INFO - Creating ORM DAG for example_sensors
[2025-04-18T11:13:15.305+0900] {logging_mixin.py:190} INFO - [2025-04-18T11:13:15.304+0900] {dag.py:4180} INFO - Setting next_dagrun for example_sensors to None, run_after=None
[2025-04-18T11:13:15.318+0900] {processor.py:208} INFO - Processing /home/kim/airflow_tutorial/py_env/lib/python3.10/site-packages/airflow/example_dags/example_sensors.py took 0.210 seconds
[2025-04-18T11:14:20.246+0900] {processor.py:186} INFO - Started process (PID=638193) to work on /home/kim/airflow_tutorial/py_env/lib/python3.10/site-packages/airflow/example_dags/example_sensors.py
[2025-04-18T11:14:20.248+0900] {processor.py:914} INFO - Processing file /home/kim/airflow_tutorial/py_env/lib/python3.10/site-packages/airflow/example_dags/example_sensors.py for tasks to queue
[2025-04-18T11:14:20.249+0900] {logging_mixin.py:190} INFO - [2025-04-18T11:14:20.249+0900] {dagbag.py:588} INFO - Filling up the DagBag from /home/kim/airflow_tutorial/py_env/lib/python3.10/site-packages/airflow/example_dags/example_sensors.py
[2025-04-18T11:14:20.257+0900] {processor.py:925} INFO - DAG(s) 'example_sensors' retrieved from /home/kim/airflow_tutorial/py_env/lib/python3.10/site-packages/airflow/example_dags/example_sensors.py
[2025-04-18T11:14:20.272+0900] {logging_mixin.py:190} INFO - [2025-04-18T11:14:20.271+0900] {dag.py:3239} INFO - Sync 1 DAGs
[2025-04-18T11:14:20.281+0900] {logging_mixin.py:190} INFO - [2025-04-18T11:14:20.281+0900] {dag.py:4180} INFO - Setting next_dagrun for example_sensors to None, run_after=None
[2025-04-18T11:14:20.304+0900] {processor.py:208} INFO - Processing /home/kim/airflow_tutorial/py_env/lib/python3.10/site-packages/airflow/example_dags/example_sensors.py took 0.063 seconds
[2025-04-18T11:15:20.291+0900] {processor.py:186} INFO - Started process (PID=638716) to work on /home/kim/airflow_tutorial/py_env/lib/python3.10/site-packages/airflow/example_dags/example_sensors.py
[2025-04-18T11:15:20.293+0900] {processor.py:914} INFO - Processing file /home/kim/airflow_tutorial/py_env/lib/python3.10/site-packages/airflow/example_dags/example_sensors.py for tasks to queue
[2025-04-18T11:15:20.295+0900] {logging_mixin.py:190} INFO - [2025-04-18T11:15:20.295+0900] {dagbag.py:588} INFO - Filling up the DagBag from /home/kim/airflow_tutorial/py_env/lib/python3.10/site-packages/airflow/example_dags/example_sensors.py
[2025-04-18T11:15:20.321+0900] {processor.py:925} INFO - DAG(s) 'example_sensors' retrieved from /home/kim/airflow_tutorial/py_env/lib/python3.10/site-packages/airflow/example_dags/example_sensors.py
[2025-04-18T11:15:20.336+0900] {logging_mixin.py:190} INFO - [2025-04-18T11:15:20.335+0900] {dag.py:3239} INFO - Sync 1 DAGs
[2025-04-18T11:15:20.344+0900] {logging_mixin.py:190} INFO - [2025-04-18T11:15:20.343+0900] {dag.py:4180} INFO - Setting next_dagrun for example_sensors to None, run_after=None
[2025-04-18T11:15:20.360+0900] {processor.py:208} INFO - Processing /home/kim/airflow_tutorial/py_env/lib/python3.10/site-packages/airflow/example_dags/example_sensors.py took 0.073 seconds
[2025-04-18T11:16:23.146+0900] {processor.py:186} INFO - Started process (PID=639244) to work on /home/kim/airflow_tutorial/py_env/lib/python3.10/site-packages/airflow/example_dags/example_sensors.py
[2025-04-18T11:16:23.147+0900] {processor.py:914} INFO - Processing file /home/kim/airflow_tutorial/py_env/lib/python3.10/site-packages/airflow/example_dags/example_sensors.py for tasks to queue
[2025-04-18T11:16:23.149+0900] {logging_mixin.py:190} INFO - [2025-04-18T11:16:23.148+0900] {dagbag.py:588} INFO - Filling up the DagBag from /home/kim/airflow_tutorial/py_env/lib/python3.10/site-packages/airflow/example_dags/example_sensors.py
[2025-04-18T11:16:23.157+0900] {processor.py:925} INFO - DAG(s) 'example_sensors' retrieved from /home/kim/airflow_tutorial/py_env/lib/python3.10/site-packages/airflow/example_dags/example_sensors.py
[2025-04-18T11:16:23.174+0900] {logging_mixin.py:190} INFO - [2025-04-18T11:16:23.173+0900] {dag.py:3239} INFO - Sync 1 DAGs
[2025-04-18T11:16:23.183+0900] {logging_mixin.py:190} INFO - [2025-04-18T11:16:23.183+0900] {dag.py:4180} INFO - Setting next_dagrun for example_sensors to None, run_after=None
[2025-04-18T11:16:23.201+0900] {processor.py:208} INFO - Processing /home/kim/airflow_tutorial/py_env/lib/python3.10/site-packages/airflow/example_dags/example_sensors.py took 0.059 seconds
[2025-04-18T11:17:20.243+0900] {processor.py:186} INFO - Started process (PID=639994) to work on /home/kim/airflow_tutorial/py_env/lib/python3.10/site-packages/airflow/example_dags/example_sensors.py
[2025-04-18T11:17:20.246+0900] {processor.py:914} INFO - Processing file /home/kim/airflow_tutorial/py_env/lib/python3.10/site-packages/airflow/example_dags/example_sensors.py for tasks to queue
[2025-04-18T11:17:20.249+0900] {logging_mixin.py:190} INFO - [2025-04-18T11:17:20.249+0900] {dagbag.py:588} INFO - Filling up the DagBag from /home/kim/airflow_tutorial/py_env/lib/python3.10/site-packages/airflow/example_dags/example_sensors.py
[2025-04-18T11:17:20.260+0900] {processor.py:925} INFO - DAG(s) 'example_sensors' retrieved from /home/kim/airflow_tutorial/py_env/lib/python3.10/site-packages/airflow/example_dags/example_sensors.py
[2025-04-18T11:17:20.278+0900] {logging_mixin.py:190} INFO - [2025-04-18T11:17:20.277+0900] {dag.py:3239} INFO - Sync 1 DAGs
[2025-04-18T11:17:20.287+0900] {logging_mixin.py:190} INFO - [2025-04-18T11:17:20.287+0900] {dag.py:4180} INFO - Setting next_dagrun for example_sensors to None, run_after=None
[2025-04-18T11:17:20.301+0900] {processor.py:208} INFO - Processing /home/kim/airflow_tutorial/py_env/lib/python3.10/site-packages/airflow/example_dags/example_sensors.py took 0.063 seconds
[2025-04-18T11:18:21.909+0900] {processor.py:186} INFO - Started process (PID=640450) to work on /home/kim/airflow_tutorial/py_env/lib/python3.10/site-packages/airflow/example_dags/example_sensors.py
[2025-04-18T11:18:21.911+0900] {processor.py:914} INFO - Processing file /home/kim/airflow_tutorial/py_env/lib/python3.10/site-packages/airflow/example_dags/example_sensors.py for tasks to queue
[2025-04-18T11:18:21.912+0900] {logging_mixin.py:190} INFO - [2025-04-18T11:18:21.912+0900] {dagbag.py:588} INFO - Filling up the DagBag from /home/kim/airflow_tutorial/py_env/lib/python3.10/site-packages/airflow/example_dags/example_sensors.py
[2025-04-18T11:18:21.920+0900] {processor.py:925} INFO - DAG(s) 'example_sensors' retrieved from /home/kim/airflow_tutorial/py_env/lib/python3.10/site-packages/airflow/example_dags/example_sensors.py
[2025-04-18T11:18:21.935+0900] {logging_mixin.py:190} INFO - [2025-04-18T11:18:21.934+0900] {dag.py:3239} INFO - Sync 1 DAGs
[2025-04-18T11:18:21.944+0900] {logging_mixin.py:190} INFO - [2025-04-18T11:18:21.944+0900] {dag.py:4180} INFO - Setting next_dagrun for example_sensors to None, run_after=None
[2025-04-18T11:18:21.960+0900] {processor.py:208} INFO - Processing /home/kim/airflow_tutorial/py_env/lib/python3.10/site-packages/airflow/example_dags/example_sensors.py took 0.056 seconds
[2025-04-18T11:19:21.997+0900] {processor.py:186} INFO - Started process (PID=640961) to work on /home/kim/airflow_tutorial/py_env/lib/python3.10/site-packages/airflow/example_dags/example_sensors.py
[2025-04-18T11:19:22.000+0900] {processor.py:914} INFO - Processing file /home/kim/airflow_tutorial/py_env/lib/python3.10/site-packages/airflow/example_dags/example_sensors.py for tasks to queue
[2025-04-18T11:19:22.002+0900] {logging_mixin.py:190} INFO - [2025-04-18T11:19:22.002+0900] {dagbag.py:588} INFO - Filling up the DagBag from /home/kim/airflow_tutorial/py_env/lib/python3.10/site-packages/airflow/example_dags/example_sensors.py
[2025-04-18T11:19:22.012+0900] {processor.py:925} INFO - DAG(s) 'example_sensors' retrieved from /home/kim/airflow_tutorial/py_env/lib/python3.10/site-packages/airflow/example_dags/example_sensors.py
[2025-04-18T11:19:22.028+0900] {logging_mixin.py:190} INFO - [2025-04-18T11:19:22.028+0900] {dag.py:3239} INFO - Sync 1 DAGs
[2025-04-18T11:19:22.037+0900] {logging_mixin.py:190} INFO - [2025-04-18T11:19:22.036+0900] {dag.py:4180} INFO - Setting next_dagrun for example_sensors to None, run_after=None
[2025-04-18T11:19:22.054+0900] {processor.py:208} INFO - Processing /home/kim/airflow_tutorial/py_env/lib/python3.10/site-packages/airflow/example_dags/example_sensors.py took 0.063 seconds
[2025-04-18T11:20:16.877+0900] {processor.py:186} INFO - Started process (PID=641238) to work on /home/kim/airflow_tutorial/py_env/lib/python3.10/site-packages/airflow/example_dags/example_sensors.py
[2025-04-18T11:20:16.879+0900] {processor.py:914} INFO - Processing file /home/kim/airflow_tutorial/py_env/lib/python3.10/site-packages/airflow/example_dags/example_sensors.py for tasks to queue
[2025-04-18T11:20:16.880+0900] {logging_mixin.py:190} INFO - [2025-04-18T11:20:16.880+0900] {dagbag.py:588} INFO - Filling up the DagBag from /home/kim/airflow_tutorial/py_env/lib/python3.10/site-packages/airflow/example_dags/example_sensors.py
[2025-04-18T11:20:16.888+0900] {processor.py:925} INFO - DAG(s) 'example_sensors' retrieved from /home/kim/airflow_tutorial/py_env/lib/python3.10/site-packages/airflow/example_dags/example_sensors.py
[2025-04-18T11:20:16.903+0900] {logging_mixin.py:190} INFO - [2025-04-18T11:20:16.903+0900] {dag.py:3239} INFO - Sync 1 DAGs
[2025-04-18T11:20:16.911+0900] {logging_mixin.py:190} INFO - [2025-04-18T11:20:16.911+0900] {dag.py:4180} INFO - Setting next_dagrun for example_sensors to None, run_after=None
[2025-04-18T11:20:16.927+0900] {processor.py:208} INFO - Processing /home/kim/airflow_tutorial/py_env/lib/python3.10/site-packages/airflow/example_dags/example_sensors.py took 0.055 seconds
[2025-04-18T11:21:17.117+0900] {processor.py:186} INFO - Started process (PID=641530) to work on /home/kim/airflow_tutorial/py_env/lib/python3.10/site-packages/airflow/example_dags/example_sensors.py
[2025-04-18T11:21:17.119+0900] {processor.py:914} INFO - Processing file /home/kim/airflow_tutorial/py_env/lib/python3.10/site-packages/airflow/example_dags/example_sensors.py for tasks to queue
[2025-04-18T11:21:17.121+0900] {logging_mixin.py:190} INFO - [2025-04-18T11:21:17.120+0900] {dagbag.py:588} INFO - Filling up the DagBag from /home/kim/airflow_tutorial/py_env/lib/python3.10/site-packages/airflow/example_dags/example_sensors.py
[2025-04-18T11:21:17.131+0900] {processor.py:925} INFO - DAG(s) 'example_sensors' retrieved from /home/kim/airflow_tutorial/py_env/lib/python3.10/site-packages/airflow/example_dags/example_sensors.py
[2025-04-18T11:21:17.148+0900] {logging_mixin.py:190} INFO - [2025-04-18T11:21:17.147+0900] {dag.py:3239} INFO - Sync 1 DAGs
[2025-04-18T11:21:17.157+0900] {logging_mixin.py:190} INFO - [2025-04-18T11:21:17.157+0900] {dag.py:4180} INFO - Setting next_dagrun for example_sensors to None, run_after=None
[2025-04-18T11:21:17.177+0900] {processor.py:208} INFO - Processing /home/kim/airflow_tutorial/py_env/lib/python3.10/site-packages/airflow/example_dags/example_sensors.py took 0.065 seconds
[2025-04-18T11:22:19.325+0900] {processor.py:186} INFO - Started process (PID=641835) to work on /home/kim/airflow_tutorial/py_env/lib/python3.10/site-packages/airflow/example_dags/example_sensors.py
[2025-04-18T11:22:19.328+0900] {processor.py:914} INFO - Processing file /home/kim/airflow_tutorial/py_env/lib/python3.10/site-packages/airflow/example_dags/example_sensors.py for tasks to queue
[2025-04-18T11:22:19.330+0900] {logging_mixin.py:190} INFO - [2025-04-18T11:22:19.330+0900] {dagbag.py:588} INFO - Filling up the DagBag from /home/kim/airflow_tutorial/py_env/lib/python3.10/site-packages/airflow/example_dags/example_sensors.py
[2025-04-18T11:22:19.338+0900] {processor.py:925} INFO - DAG(s) 'example_sensors' retrieved from /home/kim/airflow_tutorial/py_env/lib/python3.10/site-packages/airflow/example_dags/example_sensors.py
[2025-04-18T11:22:19.353+0900] {logging_mixin.py:190} INFO - [2025-04-18T11:22:19.353+0900] {dag.py:3239} INFO - Sync 1 DAGs
[2025-04-18T11:22:19.361+0900] {logging_mixin.py:190} INFO - [2025-04-18T11:22:19.361+0900] {dag.py:4180} INFO - Setting next_dagrun for example_sensors to None, run_after=None
[2025-04-18T11:22:19.376+0900] {processor.py:208} INFO - Processing /home/kim/airflow_tutorial/py_env/lib/python3.10/site-packages/airflow/example_dags/example_sensors.py took 0.056 seconds
[2025-04-18T11:23:20.772+0900] {processor.py:186} INFO - Started process (PID=642283) to work on /home/kim/airflow_tutorial/py_env/lib/python3.10/site-packages/airflow/example_dags/example_sensors.py
[2025-04-18T11:23:20.775+0900] {processor.py:914} INFO - Processing file /home/kim/airflow_tutorial/py_env/lib/python3.10/site-packages/airflow/example_dags/example_sensors.py for tasks to queue
[2025-04-18T11:23:20.776+0900] {logging_mixin.py:190} INFO - [2025-04-18T11:23:20.776+0900] {dagbag.py:588} INFO - Filling up the DagBag from /home/kim/airflow_tutorial/py_env/lib/python3.10/site-packages/airflow/example_dags/example_sensors.py
[2025-04-18T11:23:20.784+0900] {processor.py:925} INFO - DAG(s) 'example_sensors' retrieved from /home/kim/airflow_tutorial/py_env/lib/python3.10/site-packages/airflow/example_dags/example_sensors.py
[2025-04-18T11:23:20.800+0900] {logging_mixin.py:190} INFO - [2025-04-18T11:23:20.799+0900] {dag.py:3239} INFO - Sync 1 DAGs
[2025-04-18T11:23:20.810+0900] {logging_mixin.py:190} INFO - [2025-04-18T11:23:20.810+0900] {dag.py:4180} INFO - Setting next_dagrun for example_sensors to None, run_after=None
[2025-04-18T11:23:20.827+0900] {processor.py:208} INFO - Processing /home/kim/airflow_tutorial/py_env/lib/python3.10/site-packages/airflow/example_dags/example_sensors.py took 0.060 seconds
[2025-04-18T11:24:16.717+0900] {processor.py:186} INFO - Started process (PID=642638) to work on /home/kim/airflow_tutorial/py_env/lib/python3.10/site-packages/airflow/example_dags/example_sensors.py
[2025-04-18T11:24:16.719+0900] {processor.py:914} INFO - Processing file /home/kim/airflow_tutorial/py_env/lib/python3.10/site-packages/airflow/example_dags/example_sensors.py for tasks to queue
[2025-04-18T11:24:16.721+0900] {logging_mixin.py:190} INFO - [2025-04-18T11:24:16.721+0900] {dagbag.py:588} INFO - Filling up the DagBag from /home/kim/airflow_tutorial/py_env/lib/python3.10/site-packages/airflow/example_dags/example_sensors.py
[2025-04-18T11:24:16.729+0900] {processor.py:925} INFO - DAG(s) 'example_sensors' retrieved from /home/kim/airflow_tutorial/py_env/lib/python3.10/site-packages/airflow/example_dags/example_sensors.py
[2025-04-18T11:24:16.744+0900] {logging_mixin.py:190} INFO - [2025-04-18T11:24:16.744+0900] {dag.py:3239} INFO - Sync 1 DAGs
[2025-04-18T11:24:16.753+0900] {logging_mixin.py:190} INFO - [2025-04-18T11:24:16.753+0900] {dag.py:4180} INFO - Setting next_dagrun for example_sensors to None, run_after=None
[2025-04-18T11:24:16.768+0900] {processor.py:208} INFO - Processing /home/kim/airflow_tutorial/py_env/lib/python3.10/site-packages/airflow/example_dags/example_sensors.py took 0.056 seconds
[2025-04-18T11:25:19.238+0900] {processor.py:186} INFO - Started process (PID=643090) to work on /home/kim/airflow_tutorial/py_env/lib/python3.10/site-packages/airflow/example_dags/example_sensors.py
[2025-04-18T11:25:19.241+0900] {processor.py:914} INFO - Processing file /home/kim/airflow_tutorial/py_env/lib/python3.10/site-packages/airflow/example_dags/example_sensors.py for tasks to queue
[2025-04-18T11:25:19.242+0900] {logging_mixin.py:190} INFO - [2025-04-18T11:25:19.242+0900] {dagbag.py:588} INFO - Filling up the DagBag from /home/kim/airflow_tutorial/py_env/lib/python3.10/site-packages/airflow/example_dags/example_sensors.py
[2025-04-18T11:25:19.250+0900] {processor.py:925} INFO - DAG(s) 'example_sensors' retrieved from /home/kim/airflow_tutorial/py_env/lib/python3.10/site-packages/airflow/example_dags/example_sensors.py
[2025-04-18T11:25:19.266+0900] {logging_mixin.py:190} INFO - [2025-04-18T11:25:19.265+0900] {dag.py:3239} INFO - Sync 1 DAGs
[2025-04-18T11:25:19.276+0900] {logging_mixin.py:190} INFO - [2025-04-18T11:25:19.276+0900] {dag.py:4180} INFO - Setting next_dagrun for example_sensors to None, run_after=None
[2025-04-18T11:25:19.293+0900] {processor.py:208} INFO - Processing /home/kim/airflow_tutorial/py_env/lib/python3.10/site-packages/airflow/example_dags/example_sensors.py took 0.060 seconds
[2025-04-18T12:03:10.981+0900] {processor.py:186} INFO - Started process (PID=651750) to work on /home/kim/airflow_tutorial/py_env/lib/python3.10/site-packages/airflow/example_dags/example_sensors.py
[2025-04-18T12:03:10.982+0900] {processor.py:914} INFO - Processing file /home/kim/airflow_tutorial/py_env/lib/python3.10/site-packages/airflow/example_dags/example_sensors.py for tasks to queue
[2025-04-18T12:03:10.984+0900] {logging_mixin.py:190} INFO - [2025-04-18T12:03:10.983+0900] {dagbag.py:588} INFO - Filling up the DagBag from /home/kim/airflow_tutorial/py_env/lib/python3.10/site-packages/airflow/example_dags/example_sensors.py
[2025-04-18T12:03:10.994+0900] {processor.py:925} INFO - DAG(s) 'example_sensors' retrieved from /home/kim/airflow_tutorial/py_env/lib/python3.10/site-packages/airflow/example_dags/example_sensors.py
[2025-04-18T12:03:11.153+0900] {logging_mixin.py:190} INFO - [2025-04-18T12:03:11.153+0900] {override.py:1912} INFO - Created Permission View: can read on DAG:example_sensors
[2025-04-18T12:03:11.163+0900] {logging_mixin.py:190} INFO - [2025-04-18T12:03:11.162+0900] {override.py:1912} INFO - Created Permission View: can edit on DAG:example_sensors
[2025-04-18T12:03:11.170+0900] {logging_mixin.py:190} INFO - [2025-04-18T12:03:11.169+0900] {override.py:1912} INFO - Created Permission View: can delete on DAG:example_sensors
[2025-04-18T12:03:11.179+0900] {logging_mixin.py:190} INFO - [2025-04-18T12:03:11.179+0900] {override.py:1912} INFO - Created Permission View: can read on DAG Run:example_sensors
[2025-04-18T12:03:11.186+0900] {logging_mixin.py:190} INFO - [2025-04-18T12:03:11.186+0900] {override.py:1912} INFO - Created Permission View: can create on DAG Run:example_sensors
[2025-04-18T12:03:11.193+0900] {logging_mixin.py:190} INFO - [2025-04-18T12:03:11.193+0900] {override.py:1912} INFO - Created Permission View: menu access on DAG Run:example_sensors
[2025-04-18T12:03:11.200+0900] {logging_mixin.py:190} INFO - [2025-04-18T12:03:11.200+0900] {override.py:1912} INFO - Created Permission View: can delete on DAG Run:example_sensors
[2025-04-18T12:03:11.200+0900] {logging_mixin.py:190} INFO - [2025-04-18T12:03:11.200+0900] {dag.py:3239} INFO - Sync 1 DAGs
[2025-04-18T12:03:11.209+0900] {logging_mixin.py:190} INFO - [2025-04-18T12:03:11.208+0900] {dag.py:3262} INFO - Creating ORM DAG for example_sensors
[2025-04-18T12:03:11.209+0900] {logging_mixin.py:190} INFO - [2025-04-18T12:03:11.209+0900] {dag.py:4180} INFO - Setting next_dagrun for example_sensors to None, run_after=None
[2025-04-18T12:03:11.225+0900] {processor.py:208} INFO - Processing /home/kim/airflow_tutorial/py_env/lib/python3.10/site-packages/airflow/example_dags/example_sensors.py took 0.249 seconds
[2025-04-18T12:05:18.103+0900] {processor.py:186} INFO - Started process (PID=653578) to work on /home/kim/airflow_tutorial/py_env/lib/python3.10/site-packages/airflow/example_dags/example_sensors.py
[2025-04-18T12:05:18.104+0900] {processor.py:914} INFO - Processing file /home/kim/airflow_tutorial/py_env/lib/python3.10/site-packages/airflow/example_dags/example_sensors.py for tasks to queue
[2025-04-18T12:05:18.106+0900] {logging_mixin.py:190} INFO - [2025-04-18T12:05:18.105+0900] {dagbag.py:588} INFO - Filling up the DagBag from /home/kim/airflow_tutorial/py_env/lib/python3.10/site-packages/airflow/example_dags/example_sensors.py
[2025-04-18T12:05:18.186+0900] {processor.py:925} INFO - DAG(s) 'example_sensors' retrieved from /home/kim/airflow_tutorial/py_env/lib/python3.10/site-packages/airflow/example_dags/example_sensors.py
[2025-04-18T12:05:18.212+0900] {logging_mixin.py:190} INFO - [2025-04-18T12:05:18.212+0900] {dag.py:3239} INFO - Sync 1 DAGs
[2025-04-18T12:05:18.221+0900] {logging_mixin.py:190} INFO - [2025-04-18T12:05:18.221+0900] {dag.py:4180} INFO - Setting next_dagrun for example_sensors to None, run_after=None
[2025-04-18T12:05:18.239+0900] {processor.py:208} INFO - Processing /home/kim/airflow_tutorial/py_env/lib/python3.10/site-packages/airflow/example_dags/example_sensors.py took 0.140 seconds
[2025-04-18T12:05:49.159+0900] {processor.py:186} INFO - Started process (PID=654058) to work on /home/kim/airflow_tutorial/py_env/lib/python3.10/site-packages/airflow/example_dags/example_sensors.py
[2025-04-18T12:05:49.161+0900] {processor.py:914} INFO - Processing file /home/kim/airflow_tutorial/py_env/lib/python3.10/site-packages/airflow/example_dags/example_sensors.py for tasks to queue
[2025-04-18T12:05:49.162+0900] {logging_mixin.py:190} INFO - [2025-04-18T12:05:49.162+0900] {dagbag.py:588} INFO - Filling up the DagBag from /home/kim/airflow_tutorial/py_env/lib/python3.10/site-packages/airflow/example_dags/example_sensors.py
[2025-04-18T12:05:49.172+0900] {processor.py:925} INFO - DAG(s) 'example_sensors' retrieved from /home/kim/airflow_tutorial/py_env/lib/python3.10/site-packages/airflow/example_dags/example_sensors.py
[2025-04-18T12:05:49.198+0900] {logging_mixin.py:190} INFO - [2025-04-18T12:05:49.198+0900] {dag.py:3239} INFO - Sync 1 DAGs
[2025-04-18T12:05:49.210+0900] {logging_mixin.py:190} INFO - [2025-04-18T12:05:49.210+0900] {dag.py:4180} INFO - Setting next_dagrun for example_sensors to None, run_after=None
[2025-04-18T12:05:49.235+0900] {processor.py:208} INFO - Processing /home/kim/airflow_tutorial/py_env/lib/python3.10/site-packages/airflow/example_dags/example_sensors.py took 0.081 seconds
[2025-04-18T12:06:19.937+0900] {processor.py:186} INFO - Started process (PID=654441) to work on /home/kim/airflow_tutorial/py_env/lib/python3.10/site-packages/airflow/example_dags/example_sensors.py
[2025-04-18T12:06:19.938+0900] {processor.py:914} INFO - Processing file /home/kim/airflow_tutorial/py_env/lib/python3.10/site-packages/airflow/example_dags/example_sensors.py for tasks to queue
[2025-04-18T12:06:19.940+0900] {logging_mixin.py:190} INFO - [2025-04-18T12:06:19.939+0900] {dagbag.py:588} INFO - Filling up the DagBag from /home/kim/airflow_tutorial/py_env/lib/python3.10/site-packages/airflow/example_dags/example_sensors.py
[2025-04-18T12:06:19.951+0900] {processor.py:925} INFO - DAG(s) 'example_sensors' retrieved from /home/kim/airflow_tutorial/py_env/lib/python3.10/site-packages/airflow/example_dags/example_sensors.py
[2025-04-18T12:06:19.985+0900] {logging_mixin.py:190} INFO - [2025-04-18T12:06:19.985+0900] {dag.py:3239} INFO - Sync 1 DAGs
[2025-04-18T12:06:19.998+0900] {logging_mixin.py:190} INFO - [2025-04-18T12:06:19.997+0900] {dag.py:4180} INFO - Setting next_dagrun for example_sensors to None, run_after=None
[2025-04-18T12:06:20.024+0900] {processor.py:208} INFO - Processing /home/kim/airflow_tutorial/py_env/lib/python3.10/site-packages/airflow/example_dags/example_sensors.py took 0.094 seconds
