[2025-04-18T11:14:04.307+0900] {processor.py:186} INFO - Started process (PID=638042) to work on /home/kim/airflow_tutorial/py_env/lib/python3.10/site-packages/airflow/example_dags/example_latest_only.py
[2025-04-18T11:14:04.307+0900] {processor.py:914} INFO - Processing file /home/kim/airflow_tutorial/py_env/lib/python3.10/site-packages/airflow/example_dags/example_latest_only.py for tasks to queue
[2025-04-18T11:14:04.309+0900] {logging_mixin.py:190} INFO - [2025-04-18T11:14:04.309+0900] {dagbag.py:588} INFO - Filling up the DagBag from /home/kim/airflow_tutorial/py_env/lib/python3.10/site-packages/airflow/example_dags/example_latest_only.py
[2025-04-18T11:14:04.314+0900] {processor.py:925} INFO - DAG(s) 'latest_only' retrieved from /home/kim/airflow_tutorial/py_env/lib/python3.10/site-packages/airflow/example_dags/example_latest_only.py
[2025-04-18T11:14:04.377+0900] {logging_mixin.py:190} INFO - [2025-04-18T11:14:04.377+0900] {override.py:1912} INFO - Created Permission View: can delete on DAG:latest_only
[2025-04-18T11:14:04.385+0900] {logging_mixin.py:190} INFO - [2025-04-18T11:14:04.385+0900] {override.py:1912} INFO - Created Permission View: can edit on DAG:latest_only
[2025-04-18T11:14:04.392+0900] {logging_mixin.py:190} INFO - [2025-04-18T11:14:04.392+0900] {override.py:1912} INFO - Created Permission View: can read on DAG:latest_only
[2025-04-18T11:14:04.402+0900] {logging_mixin.py:190} INFO - [2025-04-18T11:14:04.402+0900] {override.py:1912} INFO - Created Permission View: can delete on DAG Run:latest_only
[2025-04-18T11:14:04.408+0900] {logging_mixin.py:190} INFO - [2025-04-18T11:14:04.408+0900] {override.py:1912} INFO - Created Permission View: can create on DAG Run:latest_only
[2025-04-18T11:14:04.414+0900] {logging_mixin.py:190} INFO - [2025-04-18T11:14:04.414+0900] {override.py:1912} INFO - Created Permission View: menu access on DAG Run:latest_only
[2025-04-18T11:14:04.421+0900] {logging_mixin.py:190} INFO - [2025-04-18T11:14:04.420+0900] {override.py:1912} INFO - Created Permission View: can read on DAG Run:latest_only
[2025-04-18T11:14:04.421+0900] {logging_mixin.py:190} INFO - [2025-04-18T11:14:04.421+0900] {dag.py:3239} INFO - Sync 1 DAGs
[2025-04-18T11:14:04.429+0900] {logging_mixin.py:190} INFO - [2025-04-18T11:14:04.429+0900] {dag.py:3262} INFO - Creating ORM DAG for latest_only
[2025-04-18T11:14:04.435+0900] {logging_mixin.py:190} INFO - [2025-04-18T11:14:04.435+0900] {dag.py:4180} INFO - Setting next_dagrun for latest_only to 2025-04-17 20:00:00+00:00, run_after=2025-04-18 00:00:00+00:00
[2025-04-18T11:14:04.451+0900] {processor.py:208} INFO - Processing /home/kim/airflow_tutorial/py_env/lib/python3.10/site-packages/airflow/example_dags/example_latest_only.py took 0.149 seconds
[2025-04-18T11:15:06.541+0900] {processor.py:186} INFO - Started process (PID=638587) to work on /home/kim/airflow_tutorial/py_env/lib/python3.10/site-packages/airflow/example_dags/example_latest_only.py
[2025-04-18T11:15:06.542+0900] {processor.py:914} INFO - Processing file /home/kim/airflow_tutorial/py_env/lib/python3.10/site-packages/airflow/example_dags/example_latest_only.py for tasks to queue
[2025-04-18T11:15:06.544+0900] {logging_mixin.py:190} INFO - [2025-04-18T11:15:06.544+0900] {dagbag.py:588} INFO - Filling up the DagBag from /home/kim/airflow_tutorial/py_env/lib/python3.10/site-packages/airflow/example_dags/example_latest_only.py
[2025-04-18T11:15:06.550+0900] {processor.py:925} INFO - DAG(s) 'latest_only' retrieved from /home/kim/airflow_tutorial/py_env/lib/python3.10/site-packages/airflow/example_dags/example_latest_only.py
[2025-04-18T11:15:06.561+0900] {logging_mixin.py:190} INFO - [2025-04-18T11:15:06.561+0900] {dag.py:3239} INFO - Sync 1 DAGs
[2025-04-18T11:15:06.575+0900] {logging_mixin.py:190} INFO - [2025-04-18T11:15:06.575+0900] {dag.py:4180} INFO - Setting next_dagrun for latest_only to 2025-04-17 20:00:00+00:00, run_after=2025-04-18 00:00:00+00:00
[2025-04-18T11:15:06.590+0900] {processor.py:208} INFO - Processing /home/kim/airflow_tutorial/py_env/lib/python3.10/site-packages/airflow/example_dags/example_latest_only.py took 0.053 seconds
[2025-04-18T11:16:06.746+0900] {processor.py:186} INFO - Started process (PID=638959) to work on /home/kim/airflow_tutorial/py_env/lib/python3.10/site-packages/airflow/example_dags/example_latest_only.py
[2025-04-18T11:16:06.747+0900] {processor.py:914} INFO - Processing file /home/kim/airflow_tutorial/py_env/lib/python3.10/site-packages/airflow/example_dags/example_latest_only.py for tasks to queue
[2025-04-18T11:16:06.748+0900] {logging_mixin.py:190} INFO - [2025-04-18T11:16:06.748+0900] {dagbag.py:588} INFO - Filling up the DagBag from /home/kim/airflow_tutorial/py_env/lib/python3.10/site-packages/airflow/example_dags/example_latest_only.py
[2025-04-18T11:16:06.754+0900] {processor.py:925} INFO - DAG(s) 'latest_only' retrieved from /home/kim/airflow_tutorial/py_env/lib/python3.10/site-packages/airflow/example_dags/example_latest_only.py
[2025-04-18T11:16:06.764+0900] {logging_mixin.py:190} INFO - [2025-04-18T11:16:06.764+0900] {dag.py:3239} INFO - Sync 1 DAGs
[2025-04-18T11:16:06.779+0900] {logging_mixin.py:190} INFO - [2025-04-18T11:16:06.779+0900] {dag.py:4180} INFO - Setting next_dagrun for latest_only to 2025-04-17 20:00:00+00:00, run_after=2025-04-18 00:00:00+00:00
[2025-04-18T11:16:06.794+0900] {processor.py:208} INFO - Processing /home/kim/airflow_tutorial/py_env/lib/python3.10/site-packages/airflow/example_dags/example_latest_only.py took 0.053 seconds
[2025-04-18T11:17:03.802+0900] {processor.py:186} INFO - Started process (PID=639729) to work on /home/kim/airflow_tutorial/py_env/lib/python3.10/site-packages/airflow/example_dags/example_latest_only.py
[2025-04-18T11:17:03.805+0900] {processor.py:914} INFO - Processing file /home/kim/airflow_tutorial/py_env/lib/python3.10/site-packages/airflow/example_dags/example_latest_only.py for tasks to queue
[2025-04-18T11:17:03.807+0900] {logging_mixin.py:190} INFO - [2025-04-18T11:17:03.806+0900] {dagbag.py:588} INFO - Filling up the DagBag from /home/kim/airflow_tutorial/py_env/lib/python3.10/site-packages/airflow/example_dags/example_latest_only.py
[2025-04-18T11:17:03.813+0900] {processor.py:925} INFO - DAG(s) 'latest_only' retrieved from /home/kim/airflow_tutorial/py_env/lib/python3.10/site-packages/airflow/example_dags/example_latest_only.py
[2025-04-18T11:17:03.825+0900] {logging_mixin.py:190} INFO - [2025-04-18T11:17:03.825+0900] {dag.py:3239} INFO - Sync 1 DAGs
[2025-04-18T11:17:03.841+0900] {logging_mixin.py:190} INFO - [2025-04-18T11:17:03.841+0900] {dag.py:4180} INFO - Setting next_dagrun for latest_only to 2025-04-17 20:00:00+00:00, run_after=2025-04-18 00:00:00+00:00
[2025-04-18T11:17:03.862+0900] {processor.py:208} INFO - Processing /home/kim/airflow_tutorial/py_env/lib/python3.10/site-packages/airflow/example_dags/example_latest_only.py took 0.065 seconds
[2025-04-18T11:18:04.320+0900] {processor.py:186} INFO - Started process (PID=640348) to work on /home/kim/airflow_tutorial/py_env/lib/python3.10/site-packages/airflow/example_dags/example_latest_only.py
[2025-04-18T11:18:04.322+0900] {processor.py:914} INFO - Processing file /home/kim/airflow_tutorial/py_env/lib/python3.10/site-packages/airflow/example_dags/example_latest_only.py for tasks to queue
[2025-04-18T11:18:04.323+0900] {logging_mixin.py:190} INFO - [2025-04-18T11:18:04.323+0900] {dagbag.py:588} INFO - Filling up the DagBag from /home/kim/airflow_tutorial/py_env/lib/python3.10/site-packages/airflow/example_dags/example_latest_only.py
[2025-04-18T11:18:04.329+0900] {processor.py:925} INFO - DAG(s) 'latest_only' retrieved from /home/kim/airflow_tutorial/py_env/lib/python3.10/site-packages/airflow/example_dags/example_latest_only.py
[2025-04-18T11:18:04.340+0900] {logging_mixin.py:190} INFO - [2025-04-18T11:18:04.339+0900] {dag.py:3239} INFO - Sync 1 DAGs
[2025-04-18T11:18:04.353+0900] {logging_mixin.py:190} INFO - [2025-04-18T11:18:04.353+0900] {dag.py:4180} INFO - Setting next_dagrun for latest_only to 2025-04-17 20:00:00+00:00, run_after=2025-04-18 00:00:00+00:00
[2025-04-18T11:18:04.368+0900] {processor.py:208} INFO - Processing /home/kim/airflow_tutorial/py_env/lib/python3.10/site-packages/airflow/example_dags/example_latest_only.py took 0.053 seconds
[2025-04-18T11:19:04.113+0900] {processor.py:186} INFO - Started process (PID=640825) to work on /home/kim/airflow_tutorial/py_env/lib/python3.10/site-packages/airflow/example_dags/example_latest_only.py
[2025-04-18T11:19:04.115+0900] {processor.py:914} INFO - Processing file /home/kim/airflow_tutorial/py_env/lib/python3.10/site-packages/airflow/example_dags/example_latest_only.py for tasks to queue
[2025-04-18T11:19:04.117+0900] {logging_mixin.py:190} INFO - [2025-04-18T11:19:04.117+0900] {dagbag.py:588} INFO - Filling up the DagBag from /home/kim/airflow_tutorial/py_env/lib/python3.10/site-packages/airflow/example_dags/example_latest_only.py
[2025-04-18T11:19:04.123+0900] {processor.py:925} INFO - DAG(s) 'latest_only' retrieved from /home/kim/airflow_tutorial/py_env/lib/python3.10/site-packages/airflow/example_dags/example_latest_only.py
[2025-04-18T11:19:04.134+0900] {logging_mixin.py:190} INFO - [2025-04-18T11:19:04.133+0900] {dag.py:3239} INFO - Sync 1 DAGs
[2025-04-18T11:19:04.148+0900] {logging_mixin.py:190} INFO - [2025-04-18T11:19:04.147+0900] {dag.py:4180} INFO - Setting next_dagrun for latest_only to 2025-04-17 20:00:00+00:00, run_after=2025-04-18 00:00:00+00:00
[2025-04-18T11:19:04.163+0900] {processor.py:208} INFO - Processing /home/kim/airflow_tutorial/py_env/lib/python3.10/site-packages/airflow/example_dags/example_latest_only.py took 0.056 seconds
[2025-04-18T11:20:32.991+0900] {processor.py:186} INFO - Started process (PID=641295) to work on /home/kim/airflow_tutorial/py_env/lib/python3.10/site-packages/airflow/example_dags/example_latest_only.py
[2025-04-18T11:20:32.993+0900] {processor.py:914} INFO - Processing file /home/kim/airflow_tutorial/py_env/lib/python3.10/site-packages/airflow/example_dags/example_latest_only.py for tasks to queue
[2025-04-18T11:20:32.995+0900] {logging_mixin.py:190} INFO - [2025-04-18T11:20:32.995+0900] {dagbag.py:588} INFO - Filling up the DagBag from /home/kim/airflow_tutorial/py_env/lib/python3.10/site-packages/airflow/example_dags/example_latest_only.py
[2025-04-18T11:20:33.002+0900] {processor.py:925} INFO - DAG(s) 'latest_only' retrieved from /home/kim/airflow_tutorial/py_env/lib/python3.10/site-packages/airflow/example_dags/example_latest_only.py
[2025-04-18T11:20:33.014+0900] {logging_mixin.py:190} INFO - [2025-04-18T11:20:33.013+0900] {dag.py:3239} INFO - Sync 1 DAGs
[2025-04-18T11:20:33.028+0900] {logging_mixin.py:190} INFO - [2025-04-18T11:20:33.028+0900] {dag.py:4180} INFO - Setting next_dagrun for latest_only to 2025-04-17 20:00:00+00:00, run_after=2025-04-18 00:00:00+00:00
[2025-04-18T11:20:33.044+0900] {processor.py:208} INFO - Processing /home/kim/airflow_tutorial/py_env/lib/python3.10/site-packages/airflow/example_dags/example_latest_only.py took 0.059 seconds
[2025-04-18T11:22:05.062+0900] {processor.py:186} INFO - Started process (PID=641701) to work on /home/kim/airflow_tutorial/py_env/lib/python3.10/site-packages/airflow/example_dags/example_latest_only.py
[2025-04-18T11:22:05.064+0900] {processor.py:914} INFO - Processing file /home/kim/airflow_tutorial/py_env/lib/python3.10/site-packages/airflow/example_dags/example_latest_only.py for tasks to queue
[2025-04-18T11:22:05.065+0900] {logging_mixin.py:190} INFO - [2025-04-18T11:22:05.065+0900] {dagbag.py:588} INFO - Filling up the DagBag from /home/kim/airflow_tutorial/py_env/lib/python3.10/site-packages/airflow/example_dags/example_latest_only.py
[2025-04-18T11:22:05.070+0900] {processor.py:925} INFO - DAG(s) 'latest_only' retrieved from /home/kim/airflow_tutorial/py_env/lib/python3.10/site-packages/airflow/example_dags/example_latest_only.py
[2025-04-18T11:22:05.080+0900] {logging_mixin.py:190} INFO - [2025-04-18T11:22:05.080+0900] {dag.py:3239} INFO - Sync 1 DAGs
[2025-04-18T11:22:05.094+0900] {logging_mixin.py:190} INFO - [2025-04-18T11:22:05.094+0900] {dag.py:4180} INFO - Setting next_dagrun for latest_only to 2025-04-17 20:00:00+00:00, run_after=2025-04-18 00:00:00+00:00
[2025-04-18T11:22:05.108+0900] {processor.py:208} INFO - Processing /home/kim/airflow_tutorial/py_env/lib/python3.10/site-packages/airflow/example_dags/example_latest_only.py took 0.051 seconds
[2025-04-18T11:23:02.916+0900] {processor.py:186} INFO - Started process (PID=642154) to work on /home/kim/airflow_tutorial/py_env/lib/python3.10/site-packages/airflow/example_dags/example_latest_only.py
[2025-04-18T11:23:02.919+0900] {processor.py:914} INFO - Processing file /home/kim/airflow_tutorial/py_env/lib/python3.10/site-packages/airflow/example_dags/example_latest_only.py for tasks to queue
[2025-04-18T11:23:02.921+0900] {logging_mixin.py:190} INFO - [2025-04-18T11:23:02.920+0900] {dagbag.py:588} INFO - Filling up the DagBag from /home/kim/airflow_tutorial/py_env/lib/python3.10/site-packages/airflow/example_dags/example_latest_only.py
[2025-04-18T11:23:02.927+0900] {processor.py:925} INFO - DAG(s) 'latest_only' retrieved from /home/kim/airflow_tutorial/py_env/lib/python3.10/site-packages/airflow/example_dags/example_latest_only.py
[2025-04-18T11:23:02.941+0900] {logging_mixin.py:190} INFO - [2025-04-18T11:23:02.940+0900] {dag.py:3239} INFO - Sync 1 DAGs
[2025-04-18T11:23:02.957+0900] {logging_mixin.py:190} INFO - [2025-04-18T11:23:02.957+0900] {dag.py:4180} INFO - Setting next_dagrun for latest_only to 2025-04-17 20:00:00+00:00, run_after=2025-04-18 00:00:00+00:00
[2025-04-18T11:23:02.975+0900] {processor.py:208} INFO - Processing /home/kim/airflow_tutorial/py_env/lib/python3.10/site-packages/airflow/example_dags/example_latest_only.py took 0.065 seconds
[2025-04-18T11:24:27.976+0900] {processor.py:186} INFO - Started process (PID=642686) to work on /home/kim/airflow_tutorial/py_env/lib/python3.10/site-packages/airflow/example_dags/example_latest_only.py
[2025-04-18T11:24:27.978+0900] {processor.py:914} INFO - Processing file /home/kim/airflow_tutorial/py_env/lib/python3.10/site-packages/airflow/example_dags/example_latest_only.py for tasks to queue
[2025-04-18T11:24:27.980+0900] {logging_mixin.py:190} INFO - [2025-04-18T11:24:27.980+0900] {dagbag.py:588} INFO - Filling up the DagBag from /home/kim/airflow_tutorial/py_env/lib/python3.10/site-packages/airflow/example_dags/example_latest_only.py
[2025-04-18T11:24:27.985+0900] {processor.py:925} INFO - DAG(s) 'latest_only' retrieved from /home/kim/airflow_tutorial/py_env/lib/python3.10/site-packages/airflow/example_dags/example_latest_only.py
[2025-04-18T11:24:28.016+0900] {logging_mixin.py:190} INFO - [2025-04-18T11:24:28.015+0900] {dag.py:3239} INFO - Sync 1 DAGs
[2025-04-18T11:24:28.043+0900] {logging_mixin.py:190} INFO - [2025-04-18T11:24:28.043+0900] {dag.py:4180} INFO - Setting next_dagrun for latest_only to 2025-04-17 20:00:00+00:00, run_after=2025-04-18 00:00:00+00:00
[2025-04-18T11:24:28.059+0900] {processor.py:208} INFO - Processing /home/kim/airflow_tutorial/py_env/lib/python3.10/site-packages/airflow/example_dags/example_latest_only.py took 0.088 seconds
[2025-04-18T11:25:31.798+0900] {processor.py:186} INFO - Started process (PID=643208) to work on /home/kim/airflow_tutorial/py_env/lib/python3.10/site-packages/airflow/example_dags/example_latest_only.py
[2025-04-18T11:25:31.801+0900] {processor.py:914} INFO - Processing file /home/kim/airflow_tutorial/py_env/lib/python3.10/site-packages/airflow/example_dags/example_latest_only.py for tasks to queue
[2025-04-18T11:25:31.802+0900] {logging_mixin.py:190} INFO - [2025-04-18T11:25:31.802+0900] {dagbag.py:588} INFO - Filling up the DagBag from /home/kim/airflow_tutorial/py_env/lib/python3.10/site-packages/airflow/example_dags/example_latest_only.py
[2025-04-18T11:25:31.808+0900] {processor.py:925} INFO - DAG(s) 'latest_only' retrieved from /home/kim/airflow_tutorial/py_env/lib/python3.10/site-packages/airflow/example_dags/example_latest_only.py
[2025-04-18T11:25:31.820+0900] {logging_mixin.py:190} INFO - [2025-04-18T11:25:31.820+0900] {dag.py:3239} INFO - Sync 1 DAGs
[2025-04-18T11:25:31.835+0900] {logging_mixin.py:190} INFO - [2025-04-18T11:25:31.835+0900] {dag.py:4180} INFO - Setting next_dagrun for latest_only to 2025-04-17 20:00:00+00:00, run_after=2025-04-18 00:00:00+00:00
[2025-04-18T11:25:31.851+0900] {processor.py:208} INFO - Processing /home/kim/airflow_tutorial/py_env/lib/python3.10/site-packages/airflow/example_dags/example_latest_only.py took 0.061 seconds
[2025-04-18T12:03:15.928+0900] {processor.py:186} INFO - Started process (PID=652098) to work on /home/kim/airflow_tutorial/py_env/lib/python3.10/site-packages/airflow/example_dags/example_latest_only.py
[2025-04-18T12:03:15.929+0900] {processor.py:914} INFO - Processing file /home/kim/airflow_tutorial/py_env/lib/python3.10/site-packages/airflow/example_dags/example_latest_only.py for tasks to queue
[2025-04-18T12:03:15.931+0900] {logging_mixin.py:190} INFO - [2025-04-18T12:03:15.930+0900] {dagbag.py:588} INFO - Filling up the DagBag from /home/kim/airflow_tutorial/py_env/lib/python3.10/site-packages/airflow/example_dags/example_latest_only.py
[2025-04-18T12:03:15.936+0900] {processor.py:925} INFO - DAG(s) 'latest_only' retrieved from /home/kim/airflow_tutorial/py_env/lib/python3.10/site-packages/airflow/example_dags/example_latest_only.py
[2025-04-18T12:03:16.011+0900] {logging_mixin.py:190} INFO - [2025-04-18T12:03:16.011+0900] {override.py:1912} INFO - Created Permission View: can read on DAG:latest_only
[2025-04-18T12:03:16.021+0900] {logging_mixin.py:190} INFO - [2025-04-18T12:03:16.020+0900] {override.py:1912} INFO - Created Permission View: can edit on DAG:latest_only
[2025-04-18T12:03:16.027+0900] {logging_mixin.py:190} INFO - [2025-04-18T12:03:16.027+0900] {override.py:1912} INFO - Created Permission View: can delete on DAG:latest_only
[2025-04-18T12:03:16.036+0900] {logging_mixin.py:190} INFO - [2025-04-18T12:03:16.036+0900] {override.py:1912} INFO - Created Permission View: can read on DAG Run:latest_only
[2025-04-18T12:03:16.043+0900] {logging_mixin.py:190} INFO - [2025-04-18T12:03:16.043+0900] {override.py:1912} INFO - Created Permission View: can create on DAG Run:latest_only
[2025-04-18T12:03:16.052+0900] {logging_mixin.py:190} INFO - [2025-04-18T12:03:16.051+0900] {override.py:1912} INFO - Created Permission View: menu access on DAG Run:latest_only
[2025-04-18T12:03:16.059+0900] {logging_mixin.py:190} INFO - [2025-04-18T12:03:16.059+0900] {override.py:1912} INFO - Created Permission View: can delete on DAG Run:latest_only
[2025-04-18T12:03:16.060+0900] {logging_mixin.py:190} INFO - [2025-04-18T12:03:16.059+0900] {dag.py:3239} INFO - Sync 1 DAGs
[2025-04-18T12:03:16.070+0900] {logging_mixin.py:190} INFO - [2025-04-18T12:03:16.070+0900] {dag.py:3262} INFO - Creating ORM DAG for latest_only
[2025-04-18T12:03:16.077+0900] {logging_mixin.py:190} INFO - [2025-04-18T12:03:16.077+0900] {dag.py:4180} INFO - Setting next_dagrun for latest_only to 2025-04-17 20:00:00+00:00, run_after=2025-04-18 00:00:00+00:00
[2025-04-18T12:03:16.095+0900] {processor.py:208} INFO - Processing /home/kim/airflow_tutorial/py_env/lib/python3.10/site-packages/airflow/example_dags/example_latest_only.py took 0.173 seconds
[2025-04-18T12:05:20.833+0900] {processor.py:186} INFO - Started process (PID=653792) to work on /home/kim/airflow_tutorial/py_env/lib/python3.10/site-packages/airflow/example_dags/example_latest_only.py
[2025-04-18T12:05:20.834+0900] {processor.py:914} INFO - Processing file /home/kim/airflow_tutorial/py_env/lib/python3.10/site-packages/airflow/example_dags/example_latest_only.py for tasks to queue
[2025-04-18T12:05:20.836+0900] {logging_mixin.py:190} INFO - [2025-04-18T12:05:20.835+0900] {dagbag.py:588} INFO - Filling up the DagBag from /home/kim/airflow_tutorial/py_env/lib/python3.10/site-packages/airflow/example_dags/example_latest_only.py
[2025-04-18T12:05:20.841+0900] {processor.py:925} INFO - DAG(s) 'latest_only' retrieved from /home/kim/airflow_tutorial/py_env/lib/python3.10/site-packages/airflow/example_dags/example_latest_only.py
[2025-04-18T12:05:20.861+0900] {logging_mixin.py:190} INFO - [2025-04-18T12:05:20.861+0900] {dag.py:3239} INFO - Sync 1 DAGs
[2025-04-18T12:05:20.879+0900] {logging_mixin.py:190} INFO - [2025-04-18T12:05:20.879+0900] {dag.py:4180} INFO - Setting next_dagrun for latest_only to 2025-04-17 20:00:00+00:00, run_after=2025-04-18 00:00:00+00:00
[2025-04-18T12:05:20.896+0900] {processor.py:208} INFO - Processing /home/kim/airflow_tutorial/py_env/lib/python3.10/site-packages/airflow/example_dags/example_latest_only.py took 0.069 seconds
[2025-04-18T12:05:51.657+0900] {processor.py:186} INFO - Started process (PID=654262) to work on /home/kim/airflow_tutorial/py_env/lib/python3.10/site-packages/airflow/example_dags/example_latest_only.py
[2025-04-18T12:05:51.658+0900] {processor.py:914} INFO - Processing file /home/kim/airflow_tutorial/py_env/lib/python3.10/site-packages/airflow/example_dags/example_latest_only.py for tasks to queue
[2025-04-18T12:05:51.660+0900] {logging_mixin.py:190} INFO - [2025-04-18T12:05:51.659+0900] {dagbag.py:588} INFO - Filling up the DagBag from /home/kim/airflow_tutorial/py_env/lib/python3.10/site-packages/airflow/example_dags/example_latest_only.py
[2025-04-18T12:05:51.665+0900] {processor.py:925} INFO - DAG(s) 'latest_only' retrieved from /home/kim/airflow_tutorial/py_env/lib/python3.10/site-packages/airflow/example_dags/example_latest_only.py
[2025-04-18T12:05:51.688+0900] {logging_mixin.py:190} INFO - [2025-04-18T12:05:51.688+0900] {dag.py:3239} INFO - Sync 1 DAGs
[2025-04-18T12:05:51.710+0900] {logging_mixin.py:190} INFO - [2025-04-18T12:05:51.710+0900] {dag.py:4180} INFO - Setting next_dagrun for latest_only to 2025-04-17 20:00:00+00:00, run_after=2025-04-18 00:00:00+00:00
[2025-04-18T12:05:51.735+0900] {processor.py:208} INFO - Processing /home/kim/airflow_tutorial/py_env/lib/python3.10/site-packages/airflow/example_dags/example_latest_only.py took 0.084 seconds
[2025-04-18T12:06:22.213+0900] {processor.py:186} INFO - Started process (PID=654647) to work on /home/kim/airflow_tutorial/py_env/lib/python3.10/site-packages/airflow/example_dags/example_latest_only.py
[2025-04-18T12:06:22.214+0900] {processor.py:914} INFO - Processing file /home/kim/airflow_tutorial/py_env/lib/python3.10/site-packages/airflow/example_dags/example_latest_only.py for tasks to queue
[2025-04-18T12:06:22.216+0900] {logging_mixin.py:190} INFO - [2025-04-18T12:06:22.216+0900] {dagbag.py:588} INFO - Filling up the DagBag from /home/kim/airflow_tutorial/py_env/lib/python3.10/site-packages/airflow/example_dags/example_latest_only.py
[2025-04-18T12:06:22.223+0900] {processor.py:925} INFO - DAG(s) 'latest_only' retrieved from /home/kim/airflow_tutorial/py_env/lib/python3.10/site-packages/airflow/example_dags/example_latest_only.py
[2025-04-18T12:06:22.248+0900] {logging_mixin.py:190} INFO - [2025-04-18T12:06:22.247+0900] {dag.py:3239} INFO - Sync 1 DAGs
[2025-04-18T12:06:22.269+0900] {logging_mixin.py:190} INFO - [2025-04-18T12:06:22.269+0900] {dag.py:4180} INFO - Setting next_dagrun for latest_only to 2025-04-17 20:00:00+00:00, run_after=2025-04-18 00:00:00+00:00
[2025-04-18T12:06:22.290+0900] {processor.py:208} INFO - Processing /home/kim/airflow_tutorial/py_env/lib/python3.10/site-packages/airflow/example_dags/example_latest_only.py took 0.084 seconds
