[2025-04-18T11:13:44.857+0900] {processor.py:186} INFO - Started process (PID=637904) to work on /home/kim/airflow_tutorial/py_env/lib/python3.10/site-packages/airflow/example_dags/example_complex.py
[2025-04-18T11:13:44.858+0900] {processor.py:914} INFO - Processing file /home/kim/airflow_tutorial/py_env/lib/python3.10/site-packages/airflow/example_dags/example_complex.py for tasks to queue
[2025-04-18T11:13:44.859+0900] {logging_mixin.py:190} INFO - [2025-04-18T11:13:44.859+0900] {dagbag.py:588} INFO - Filling up the DagBag from /home/kim/airflow_tutorial/py_env/lib/python3.10/site-packages/airflow/example_dags/example_complex.py
[2025-04-18T11:13:44.868+0900] {processor.py:925} INFO - DAG(s) 'example_complex' retrieved from /home/kim/airflow_tutorial/py_env/lib/python3.10/site-packages/airflow/example_dags/example_complex.py
[2025-04-18T11:13:44.944+0900] {logging_mixin.py:190} INFO - [2025-04-18T11:13:44.943+0900] {override.py:1912} INFO - Created Permission View: can delete on DAG:example_complex
[2025-04-18T11:13:44.952+0900] {logging_mixin.py:190} INFO - [2025-04-18T11:13:44.952+0900] {override.py:1912} INFO - Created Permission View: can edit on DAG:example_complex
[2025-04-18T11:13:44.959+0900] {logging_mixin.py:190} INFO - [2025-04-18T11:13:44.959+0900] {override.py:1912} INFO - Created Permission View: can read on DAG:example_complex
[2025-04-18T11:13:44.971+0900] {logging_mixin.py:190} INFO - [2025-04-18T11:13:44.970+0900] {override.py:1912} INFO - Created Permission View: can delete on DAG Run:example_complex
[2025-04-18T11:13:44.977+0900] {logging_mixin.py:190} INFO - [2025-04-18T11:13:44.977+0900] {override.py:1912} INFO - Created Permission View: can create on DAG Run:example_complex
[2025-04-18T11:13:44.984+0900] {logging_mixin.py:190} INFO - [2025-04-18T11:13:44.983+0900] {override.py:1912} INFO - Created Permission View: menu access on DAG Run:example_complex
[2025-04-18T11:13:44.989+0900] {logging_mixin.py:190} INFO - [2025-04-18T11:13:44.989+0900] {override.py:1912} INFO - Created Permission View: can read on DAG Run:example_complex
[2025-04-18T11:13:44.990+0900] {logging_mixin.py:190} INFO - [2025-04-18T11:13:44.990+0900] {dag.py:3239} INFO - Sync 1 DAGs
[2025-04-18T11:13:44.998+0900] {logging_mixin.py:190} INFO - [2025-04-18T11:13:44.998+0900] {dag.py:3262} INFO - Creating ORM DAG for example_complex
[2025-04-18T11:13:44.999+0900] {logging_mixin.py:190} INFO - [2025-04-18T11:13:44.999+0900] {dag.py:4180} INFO - Setting next_dagrun for example_complex to None, run_after=None
[2025-04-18T11:13:45.014+0900] {processor.py:208} INFO - Processing /home/kim/airflow_tutorial/py_env/lib/python3.10/site-packages/airflow/example_dags/example_complex.py took 0.162 seconds
[2025-04-18T11:14:49.543+0900] {processor.py:186} INFO - Started process (PID=638373) to work on /home/kim/airflow_tutorial/py_env/lib/python3.10/site-packages/airflow/example_dags/example_complex.py
[2025-04-18T11:14:49.544+0900] {processor.py:914} INFO - Processing file /home/kim/airflow_tutorial/py_env/lib/python3.10/site-packages/airflow/example_dags/example_complex.py for tasks to queue
[2025-04-18T11:14:49.546+0900] {logging_mixin.py:190} INFO - [2025-04-18T11:14:49.545+0900] {dagbag.py:588} INFO - Filling up the DagBag from /home/kim/airflow_tutorial/py_env/lib/python3.10/site-packages/airflow/example_dags/example_complex.py
[2025-04-18T11:14:49.555+0900] {processor.py:925} INFO - DAG(s) 'example_complex' retrieved from /home/kim/airflow_tutorial/py_env/lib/python3.10/site-packages/airflow/example_dags/example_complex.py
[2025-04-18T11:14:49.572+0900] {logging_mixin.py:190} INFO - [2025-04-18T11:14:49.572+0900] {dag.py:3239} INFO - Sync 1 DAGs
[2025-04-18T11:14:49.581+0900] {logging_mixin.py:190} INFO - [2025-04-18T11:14:49.580+0900] {dag.py:4180} INFO - Setting next_dagrun for example_complex to None, run_after=None
[2025-04-18T11:14:49.595+0900] {processor.py:208} INFO - Processing /home/kim/airflow_tutorial/py_env/lib/python3.10/site-packages/airflow/example_dags/example_complex.py took 0.057 seconds
[2025-04-18T11:15:49.283+0900] {processor.py:186} INFO - Started process (PID=638825) to work on /home/kim/airflow_tutorial/py_env/lib/python3.10/site-packages/airflow/example_dags/example_complex.py
[2025-04-18T11:15:49.285+0900] {processor.py:914} INFO - Processing file /home/kim/airflow_tutorial/py_env/lib/python3.10/site-packages/airflow/example_dags/example_complex.py for tasks to queue
[2025-04-18T11:15:49.287+0900] {logging_mixin.py:190} INFO - [2025-04-18T11:15:49.287+0900] {dagbag.py:588} INFO - Filling up the DagBag from /home/kim/airflow_tutorial/py_env/lib/python3.10/site-packages/airflow/example_dags/example_complex.py
[2025-04-18T11:15:49.297+0900] {processor.py:925} INFO - DAG(s) 'example_complex' retrieved from /home/kim/airflow_tutorial/py_env/lib/python3.10/site-packages/airflow/example_dags/example_complex.py
[2025-04-18T11:15:49.317+0900] {logging_mixin.py:190} INFO - [2025-04-18T11:15:49.317+0900] {dag.py:3239} INFO - Sync 1 DAGs
[2025-04-18T11:15:49.327+0900] {logging_mixin.py:190} INFO - [2025-04-18T11:15:49.326+0900] {dag.py:4180} INFO - Setting next_dagrun for example_complex to None, run_after=None
[2025-04-18T11:15:49.345+0900] {processor.py:208} INFO - Processing /home/kim/airflow_tutorial/py_env/lib/python3.10/site-packages/airflow/example_dags/example_complex.py took 0.067 seconds
[2025-04-18T11:16:49.735+0900] {processor.py:186} INFO - Started process (PID=639565) to work on /home/kim/airflow_tutorial/py_env/lib/python3.10/site-packages/airflow/example_dags/example_complex.py
[2025-04-18T11:16:49.739+0900] {processor.py:914} INFO - Processing file /home/kim/airflow_tutorial/py_env/lib/python3.10/site-packages/airflow/example_dags/example_complex.py for tasks to queue
[2025-04-18T11:16:49.742+0900] {logging_mixin.py:190} INFO - [2025-04-18T11:16:49.742+0900] {dagbag.py:588} INFO - Filling up the DagBag from /home/kim/airflow_tutorial/py_env/lib/python3.10/site-packages/airflow/example_dags/example_complex.py
[2025-04-18T11:16:49.753+0900] {processor.py:925} INFO - DAG(s) 'example_complex' retrieved from /home/kim/airflow_tutorial/py_env/lib/python3.10/site-packages/airflow/example_dags/example_complex.py
[2025-04-18T11:16:49.772+0900] {logging_mixin.py:190} INFO - [2025-04-18T11:16:49.772+0900] {dag.py:3239} INFO - Sync 1 DAGs
[2025-04-18T11:16:49.781+0900] {logging_mixin.py:190} INFO - [2025-04-18T11:16:49.781+0900] {dag.py:4180} INFO - Setting next_dagrun for example_complex to None, run_after=None
[2025-04-18T11:16:49.797+0900] {processor.py:208} INFO - Processing /home/kim/airflow_tutorial/py_env/lib/python3.10/site-packages/airflow/example_dags/example_complex.py took 0.076 seconds
[2025-04-18T11:17:49.732+0900] {processor.py:186} INFO - Started process (PID=640106) to work on /home/kim/airflow_tutorial/py_env/lib/python3.10/site-packages/airflow/example_dags/example_complex.py
[2025-04-18T11:17:49.734+0900] {processor.py:914} INFO - Processing file /home/kim/airflow_tutorial/py_env/lib/python3.10/site-packages/airflow/example_dags/example_complex.py for tasks to queue
[2025-04-18T11:17:49.736+0900] {logging_mixin.py:190} INFO - [2025-04-18T11:17:49.736+0900] {dagbag.py:588} INFO - Filling up the DagBag from /home/kim/airflow_tutorial/py_env/lib/python3.10/site-packages/airflow/example_dags/example_complex.py
[2025-04-18T11:17:49.745+0900] {processor.py:925} INFO - DAG(s) 'example_complex' retrieved from /home/kim/airflow_tutorial/py_env/lib/python3.10/site-packages/airflow/example_dags/example_complex.py
[2025-04-18T11:17:49.763+0900] {logging_mixin.py:190} INFO - [2025-04-18T11:17:49.763+0900] {dag.py:3239} INFO - Sync 1 DAGs
[2025-04-18T11:17:49.771+0900] {logging_mixin.py:190} INFO - [2025-04-18T11:17:49.771+0900] {dag.py:4180} INFO - Setting next_dagrun for example_complex to None, run_after=None
[2025-04-18T11:17:49.786+0900] {processor.py:208} INFO - Processing /home/kim/airflow_tutorial/py_env/lib/python3.10/site-packages/airflow/example_dags/example_complex.py took 0.059 seconds
[2025-04-18T11:18:49.849+0900] {processor.py:186} INFO - Started process (PID=640767) to work on /home/kim/airflow_tutorial/py_env/lib/python3.10/site-packages/airflow/example_dags/example_complex.py
[2025-04-18T11:18:49.851+0900] {processor.py:914} INFO - Processing file /home/kim/airflow_tutorial/py_env/lib/python3.10/site-packages/airflow/example_dags/example_complex.py for tasks to queue
[2025-04-18T11:18:49.853+0900] {logging_mixin.py:190} INFO - [2025-04-18T11:18:49.852+0900] {dagbag.py:588} INFO - Filling up the DagBag from /home/kim/airflow_tutorial/py_env/lib/python3.10/site-packages/airflow/example_dags/example_complex.py
[2025-04-18T11:18:49.863+0900] {processor.py:925} INFO - DAG(s) 'example_complex' retrieved from /home/kim/airflow_tutorial/py_env/lib/python3.10/site-packages/airflow/example_dags/example_complex.py
[2025-04-18T11:18:49.882+0900] {logging_mixin.py:190} INFO - [2025-04-18T11:18:49.882+0900] {dag.py:3239} INFO - Sync 1 DAGs
[2025-04-18T11:18:49.890+0900] {logging_mixin.py:190} INFO - [2025-04-18T11:18:49.890+0900] {dag.py:4180} INFO - Setting next_dagrun for example_complex to None, run_after=None
[2025-04-18T11:18:49.905+0900] {processor.py:208} INFO - Processing /home/kim/airflow_tutorial/py_env/lib/python3.10/site-packages/airflow/example_dags/example_complex.py took 0.061 seconds
[2025-04-18T11:19:46.073+0900] {processor.py:186} INFO - Started process (PID=641053) to work on /home/kim/airflow_tutorial/py_env/lib/python3.10/site-packages/airflow/example_dags/example_complex.py
[2025-04-18T11:19:46.075+0900] {processor.py:914} INFO - Processing file /home/kim/airflow_tutorial/py_env/lib/python3.10/site-packages/airflow/example_dags/example_complex.py for tasks to queue
[2025-04-18T11:19:46.077+0900] {logging_mixin.py:190} INFO - [2025-04-18T11:19:46.076+0900] {dagbag.py:588} INFO - Filling up the DagBag from /home/kim/airflow_tutorial/py_env/lib/python3.10/site-packages/airflow/example_dags/example_complex.py
[2025-04-18T11:19:46.086+0900] {processor.py:925} INFO - DAG(s) 'example_complex' retrieved from /home/kim/airflow_tutorial/py_env/lib/python3.10/site-packages/airflow/example_dags/example_complex.py
[2025-04-18T11:19:46.103+0900] {logging_mixin.py:190} INFO - [2025-04-18T11:19:46.103+0900] {dag.py:3239} INFO - Sync 1 DAGs
[2025-04-18T11:19:46.112+0900] {logging_mixin.py:190} INFO - [2025-04-18T11:19:46.111+0900] {dag.py:4180} INFO - Setting next_dagrun for example_complex to None, run_after=None
[2025-04-18T11:19:46.127+0900] {processor.py:208} INFO - Processing /home/kim/airflow_tutorial/py_env/lib/python3.10/site-packages/airflow/example_dags/example_complex.py took 0.059 seconds
[2025-04-18T11:20:47.252+0900] {processor.py:186} INFO - Started process (PID=641352) to work on /home/kim/airflow_tutorial/py_env/lib/python3.10/site-packages/airflow/example_dags/example_complex.py
[2025-04-18T11:20:47.254+0900] {processor.py:914} INFO - Processing file /home/kim/airflow_tutorial/py_env/lib/python3.10/site-packages/airflow/example_dags/example_complex.py for tasks to queue
[2025-04-18T11:20:47.256+0900] {logging_mixin.py:190} INFO - [2025-04-18T11:20:47.256+0900] {dagbag.py:588} INFO - Filling up the DagBag from /home/kim/airflow_tutorial/py_env/lib/python3.10/site-packages/airflow/example_dags/example_complex.py
[2025-04-18T11:20:47.265+0900] {processor.py:925} INFO - DAG(s) 'example_complex' retrieved from /home/kim/airflow_tutorial/py_env/lib/python3.10/site-packages/airflow/example_dags/example_complex.py
[2025-04-18T11:20:47.282+0900] {logging_mixin.py:190} INFO - [2025-04-18T11:20:47.282+0900] {dag.py:3239} INFO - Sync 1 DAGs
[2025-04-18T11:20:47.290+0900] {logging_mixin.py:190} INFO - [2025-04-18T11:20:47.290+0900] {dag.py:4180} INFO - Setting next_dagrun for example_complex to None, run_after=None
[2025-04-18T11:20:47.305+0900] {processor.py:208} INFO - Processing /home/kim/airflow_tutorial/py_env/lib/python3.10/site-packages/airflow/example_dags/example_complex.py took 0.058 seconds
[2025-04-18T11:21:48.489+0900] {processor.py:186} INFO - Started process (PID=641643) to work on /home/kim/airflow_tutorial/py_env/lib/python3.10/site-packages/airflow/example_dags/example_complex.py
[2025-04-18T11:21:48.492+0900] {processor.py:914} INFO - Processing file /home/kim/airflow_tutorial/py_env/lib/python3.10/site-packages/airflow/example_dags/example_complex.py for tasks to queue
[2025-04-18T11:21:48.494+0900] {logging_mixin.py:190} INFO - [2025-04-18T11:21:48.494+0900] {dagbag.py:588} INFO - Filling up the DagBag from /home/kim/airflow_tutorial/py_env/lib/python3.10/site-packages/airflow/example_dags/example_complex.py
[2025-04-18T11:21:48.502+0900] {processor.py:925} INFO - DAG(s) 'example_complex' retrieved from /home/kim/airflow_tutorial/py_env/lib/python3.10/site-packages/airflow/example_dags/example_complex.py
[2025-04-18T11:21:48.519+0900] {logging_mixin.py:190} INFO - [2025-04-18T11:21:48.519+0900] {dag.py:3239} INFO - Sync 1 DAGs
[2025-04-18T11:21:48.527+0900] {logging_mixin.py:190} INFO - [2025-04-18T11:21:48.527+0900] {dag.py:4180} INFO - Setting next_dagrun for example_complex to None, run_after=None
[2025-04-18T11:21:48.543+0900] {processor.py:208} INFO - Processing /home/kim/airflow_tutorial/py_env/lib/python3.10/site-packages/airflow/example_dags/example_complex.py took 0.057 seconds
[2025-04-18T11:22:49.417+0900] {processor.py:186} INFO - Started process (PID=642098) to work on /home/kim/airflow_tutorial/py_env/lib/python3.10/site-packages/airflow/example_dags/example_complex.py
[2025-04-18T11:22:49.420+0900] {processor.py:914} INFO - Processing file /home/kim/airflow_tutorial/py_env/lib/python3.10/site-packages/airflow/example_dags/example_complex.py for tasks to queue
[2025-04-18T11:22:49.421+0900] {logging_mixin.py:190} INFO - [2025-04-18T11:22:49.421+0900] {dagbag.py:588} INFO - Filling up the DagBag from /home/kim/airflow_tutorial/py_env/lib/python3.10/site-packages/airflow/example_dags/example_complex.py
[2025-04-18T11:22:49.431+0900] {processor.py:925} INFO - DAG(s) 'example_complex' retrieved from /home/kim/airflow_tutorial/py_env/lib/python3.10/site-packages/airflow/example_dags/example_complex.py
[2025-04-18T11:22:49.449+0900] {logging_mixin.py:190} INFO - [2025-04-18T11:22:49.449+0900] {dag.py:3239} INFO - Sync 1 DAGs
[2025-04-18T11:22:49.458+0900] {logging_mixin.py:190} INFO - [2025-04-18T11:22:49.457+0900] {dag.py:4180} INFO - Setting next_dagrun for example_complex to None, run_after=None
[2025-04-18T11:22:49.473+0900] {processor.py:208} INFO - Processing /home/kim/airflow_tutorial/py_env/lib/python3.10/site-packages/airflow/example_dags/example_complex.py took 0.061 seconds
[2025-04-18T11:23:47.670+0900] {processor.py:186} INFO - Started process (PID=642413) to work on /home/kim/airflow_tutorial/py_env/lib/python3.10/site-packages/airflow/example_dags/example_complex.py
[2025-04-18T11:23:47.672+0900] {processor.py:914} INFO - Processing file /home/kim/airflow_tutorial/py_env/lib/python3.10/site-packages/airflow/example_dags/example_complex.py for tasks to queue
[2025-04-18T11:23:47.674+0900] {logging_mixin.py:190} INFO - [2025-04-18T11:23:47.673+0900] {dagbag.py:588} INFO - Filling up the DagBag from /home/kim/airflow_tutorial/py_env/lib/python3.10/site-packages/airflow/example_dags/example_complex.py
[2025-04-18T11:23:47.682+0900] {processor.py:925} INFO - DAG(s) 'example_complex' retrieved from /home/kim/airflow_tutorial/py_env/lib/python3.10/site-packages/airflow/example_dags/example_complex.py
[2025-04-18T11:23:47.699+0900] {logging_mixin.py:190} INFO - [2025-04-18T11:23:47.699+0900] {dag.py:3239} INFO - Sync 1 DAGs
[2025-04-18T11:23:47.708+0900] {logging_mixin.py:190} INFO - [2025-04-18T11:23:47.708+0900] {dag.py:4180} INFO - Setting next_dagrun for example_complex to None, run_after=None
[2025-04-18T11:23:47.724+0900] {processor.py:208} INFO - Processing /home/kim/airflow_tutorial/py_env/lib/python3.10/site-packages/airflow/example_dags/example_complex.py took 0.058 seconds
[2025-04-18T11:24:48.375+0900] {processor.py:186} INFO - Started process (PID=642751) to work on /home/kim/airflow_tutorial/py_env/lib/python3.10/site-packages/airflow/example_dags/example_complex.py
[2025-04-18T11:24:48.378+0900] {processor.py:914} INFO - Processing file /home/kim/airflow_tutorial/py_env/lib/python3.10/site-packages/airflow/example_dags/example_complex.py for tasks to queue
[2025-04-18T11:24:48.379+0900] {logging_mixin.py:190} INFO - [2025-04-18T11:24:48.379+0900] {dagbag.py:588} INFO - Filling up the DagBag from /home/kim/airflow_tutorial/py_env/lib/python3.10/site-packages/airflow/example_dags/example_complex.py
[2025-04-18T11:24:48.389+0900] {processor.py:925} INFO - DAG(s) 'example_complex' retrieved from /home/kim/airflow_tutorial/py_env/lib/python3.10/site-packages/airflow/example_dags/example_complex.py
[2025-04-18T11:24:48.406+0900] {logging_mixin.py:190} INFO - [2025-04-18T11:24:48.406+0900] {dag.py:3239} INFO - Sync 1 DAGs
[2025-04-18T11:24:48.414+0900] {logging_mixin.py:190} INFO - [2025-04-18T11:24:48.414+0900] {dag.py:4180} INFO - Setting next_dagrun for example_complex to None, run_after=None
[2025-04-18T11:24:48.429+0900] {processor.py:208} INFO - Processing /home/kim/airflow_tutorial/py_env/lib/python3.10/site-packages/airflow/example_dags/example_complex.py took 0.059 seconds
[2025-04-18T12:03:13.786+0900] {processor.py:186} INFO - Started process (PID=651881) to work on /home/kim/airflow_tutorial/py_env/lib/python3.10/site-packages/airflow/example_dags/example_complex.py
[2025-04-18T12:03:13.787+0900] {processor.py:914} INFO - Processing file /home/kim/airflow_tutorial/py_env/lib/python3.10/site-packages/airflow/example_dags/example_complex.py for tasks to queue
[2025-04-18T12:03:13.789+0900] {logging_mixin.py:190} INFO - [2025-04-18T12:03:13.789+0900] {dagbag.py:588} INFO - Filling up the DagBag from /home/kim/airflow_tutorial/py_env/lib/python3.10/site-packages/airflow/example_dags/example_complex.py
[2025-04-18T12:03:13.799+0900] {processor.py:925} INFO - DAG(s) 'example_complex' retrieved from /home/kim/airflow_tutorial/py_env/lib/python3.10/site-packages/airflow/example_dags/example_complex.py
[2025-04-18T12:03:13.885+0900] {logging_mixin.py:190} INFO - [2025-04-18T12:03:13.885+0900] {override.py:1912} INFO - Created Permission View: can read on DAG:example_complex
[2025-04-18T12:03:13.896+0900] {logging_mixin.py:190} INFO - [2025-04-18T12:03:13.896+0900] {override.py:1912} INFO - Created Permission View: can edit on DAG:example_complex
[2025-04-18T12:03:13.904+0900] {logging_mixin.py:190} INFO - [2025-04-18T12:03:13.904+0900] {override.py:1912} INFO - Created Permission View: can delete on DAG:example_complex
[2025-04-18T12:03:13.915+0900] {logging_mixin.py:190} INFO - [2025-04-18T12:03:13.915+0900] {override.py:1912} INFO - Created Permission View: can read on DAG Run:example_complex
[2025-04-18T12:03:13.922+0900] {logging_mixin.py:190} INFO - [2025-04-18T12:03:13.922+0900] {override.py:1912} INFO - Created Permission View: can create on DAG Run:example_complex
[2025-04-18T12:03:13.930+0900] {logging_mixin.py:190} INFO - [2025-04-18T12:03:13.930+0900] {override.py:1912} INFO - Created Permission View: menu access on DAG Run:example_complex
[2025-04-18T12:03:13.939+0900] {logging_mixin.py:190} INFO - [2025-04-18T12:03:13.938+0900] {override.py:1912} INFO - Created Permission View: can delete on DAG Run:example_complex
[2025-04-18T12:03:13.939+0900] {logging_mixin.py:190} INFO - [2025-04-18T12:03:13.939+0900] {dag.py:3239} INFO - Sync 1 DAGs
[2025-04-18T12:03:13.950+0900] {logging_mixin.py:190} INFO - [2025-04-18T12:03:13.949+0900] {dag.py:3262} INFO - Creating ORM DAG for example_complex
[2025-04-18T12:03:13.950+0900] {logging_mixin.py:190} INFO - [2025-04-18T12:03:13.950+0900] {dag.py:4180} INFO - Setting next_dagrun for example_complex to None, run_after=None
[2025-04-18T12:03:13.965+0900] {processor.py:208} INFO - Processing /home/kim/airflow_tutorial/py_env/lib/python3.10/site-packages/airflow/example_dags/example_complex.py took 0.184 seconds
[2025-04-18T12:05:19.780+0900] {processor.py:186} INFO - Started process (PID=653711) to work on /home/kim/airflow_tutorial/py_env/lib/python3.10/site-packages/airflow/example_dags/example_complex.py
[2025-04-18T12:05:19.782+0900] {processor.py:914} INFO - Processing file /home/kim/airflow_tutorial/py_env/lib/python3.10/site-packages/airflow/example_dags/example_complex.py for tasks to queue
[2025-04-18T12:05:19.784+0900] {logging_mixin.py:190} INFO - [2025-04-18T12:05:19.783+0900] {dagbag.py:588} INFO - Filling up the DagBag from /home/kim/airflow_tutorial/py_env/lib/python3.10/site-packages/airflow/example_dags/example_complex.py
[2025-04-18T12:05:19.797+0900] {processor.py:925} INFO - DAG(s) 'example_complex' retrieved from /home/kim/airflow_tutorial/py_env/lib/python3.10/site-packages/airflow/example_dags/example_complex.py
[2025-04-18T12:05:19.833+0900] {logging_mixin.py:190} INFO - [2025-04-18T12:05:19.832+0900] {dag.py:3239} INFO - Sync 1 DAGs
[2025-04-18T12:05:19.846+0900] {logging_mixin.py:190} INFO - [2025-04-18T12:05:19.845+0900] {dag.py:4180} INFO - Setting next_dagrun for example_complex to None, run_after=None
[2025-04-18T12:05:19.870+0900] {processor.py:208} INFO - Processing /home/kim/airflow_tutorial/py_env/lib/python3.10/site-packages/airflow/example_dags/example_complex.py took 0.097 seconds
[2025-04-18T12:05:50.736+0900] {processor.py:186} INFO - Started process (PID=654189) to work on /home/kim/airflow_tutorial/py_env/lib/python3.10/site-packages/airflow/example_dags/example_complex.py
[2025-04-18T12:05:50.737+0900] {processor.py:914} INFO - Processing file /home/kim/airflow_tutorial/py_env/lib/python3.10/site-packages/airflow/example_dags/example_complex.py for tasks to queue
[2025-04-18T12:05:50.738+0900] {logging_mixin.py:190} INFO - [2025-04-18T12:05:50.738+0900] {dagbag.py:588} INFO - Filling up the DagBag from /home/kim/airflow_tutorial/py_env/lib/python3.10/site-packages/airflow/example_dags/example_complex.py
[2025-04-18T12:05:50.749+0900] {processor.py:925} INFO - DAG(s) 'example_complex' retrieved from /home/kim/airflow_tutorial/py_env/lib/python3.10/site-packages/airflow/example_dags/example_complex.py
[2025-04-18T12:05:50.779+0900] {logging_mixin.py:190} INFO - [2025-04-18T12:05:50.779+0900] {dag.py:3239} INFO - Sync 1 DAGs
[2025-04-18T12:05:50.791+0900] {logging_mixin.py:190} INFO - [2025-04-18T12:05:50.791+0900] {dag.py:4180} INFO - Setting next_dagrun for example_complex to None, run_after=None
[2025-04-18T12:05:50.812+0900] {processor.py:208} INFO - Processing /home/kim/airflow_tutorial/py_env/lib/python3.10/site-packages/airflow/example_dags/example_complex.py took 0.083 seconds
[2025-04-18T12:06:21.122+0900] {processor.py:186} INFO - Started process (PID=654566) to work on /home/kim/airflow_tutorial/py_env/lib/python3.10/site-packages/airflow/example_dags/example_complex.py
[2025-04-18T12:06:21.123+0900] {processor.py:914} INFO - Processing file /home/kim/airflow_tutorial/py_env/lib/python3.10/site-packages/airflow/example_dags/example_complex.py for tasks to queue
[2025-04-18T12:06:21.125+0900] {logging_mixin.py:190} INFO - [2025-04-18T12:06:21.125+0900] {dagbag.py:588} INFO - Filling up the DagBag from /home/kim/airflow_tutorial/py_env/lib/python3.10/site-packages/airflow/example_dags/example_complex.py
[2025-04-18T12:06:21.138+0900] {processor.py:925} INFO - DAG(s) 'example_complex' retrieved from /home/kim/airflow_tutorial/py_env/lib/python3.10/site-packages/airflow/example_dags/example_complex.py
[2025-04-18T12:06:21.175+0900] {logging_mixin.py:190} INFO - [2025-04-18T12:06:21.175+0900] {dag.py:3239} INFO - Sync 1 DAGs
[2025-04-18T12:06:21.189+0900] {logging_mixin.py:190} INFO - [2025-04-18T12:06:21.189+0900] {dag.py:4180} INFO - Setting next_dagrun for example_complex to None, run_after=None
[2025-04-18T12:06:21.213+0900] {processor.py:208} INFO - Processing /home/kim/airflow_tutorial/py_env/lib/python3.10/site-packages/airflow/example_dags/example_complex.py took 0.099 seconds
