[2025-04-18T11:13:49.155+0900] {processor.py:186} INFO - Started process (PID=637920) to work on /home/kim/airflow_tutorial/py_env/lib/python3.10/site-packages/airflow/example_dags/example_branch_operator_decorator.py
[2025-04-18T11:13:49.156+0900] {processor.py:914} INFO - Processing file /home/kim/airflow_tutorial/py_env/lib/python3.10/site-packages/airflow/example_dags/example_branch_operator_decorator.py for tasks to queue
[2025-04-18T11:13:49.158+0900] {logging_mixin.py:190} INFO - [2025-04-18T11:13:49.157+0900] {dagbag.py:588} INFO - Filling up the DagBag from /home/kim/airflow_tutorial/py_env/lib/python3.10/site-packages/airflow/example_dags/example_branch_operator_decorator.py
[2025-04-18T11:13:49.175+0900] {processor.py:925} INFO - DAG(s) 'example_branch_python_operator_decorator' retrieved from /home/kim/airflow_tutorial/py_env/lib/python3.10/site-packages/airflow/example_dags/example_branch_operator_decorator.py
[2025-04-18T11:13:49.256+0900] {logging_mixin.py:190} INFO - [2025-04-18T11:13:49.255+0900] {override.py:1912} INFO - Created Permission View: can delete on DAG:example_branch_python_operator_decorator
[2025-04-18T11:13:49.266+0900] {logging_mixin.py:190} INFO - [2025-04-18T11:13:49.266+0900] {override.py:1912} INFO - Created Permission View: can edit on DAG:example_branch_python_operator_decorator
[2025-04-18T11:13:49.274+0900] {logging_mixin.py:190} INFO - [2025-04-18T11:13:49.274+0900] {override.py:1912} INFO - Created Permission View: can read on DAG:example_branch_python_operator_decorator
[2025-04-18T11:13:49.290+0900] {logging_mixin.py:190} INFO - [2025-04-18T11:13:49.289+0900] {override.py:1912} INFO - Created Permission View: can delete on DAG Run:example_branch_python_operator_decorator
[2025-04-18T11:13:49.298+0900] {logging_mixin.py:190} INFO - [2025-04-18T11:13:49.298+0900] {override.py:1912} INFO - Created Permission View: can create on DAG Run:example_branch_python_operator_decorator
[2025-04-18T11:13:49.305+0900] {logging_mixin.py:190} INFO - [2025-04-18T11:13:49.305+0900] {override.py:1912} INFO - Created Permission View: menu access on DAG Run:example_branch_python_operator_decorator
[2025-04-18T11:13:49.312+0900] {logging_mixin.py:190} INFO - [2025-04-18T11:13:49.312+0900] {override.py:1912} INFO - Created Permission View: can read on DAG Run:example_branch_python_operator_decorator
[2025-04-18T11:13:49.313+0900] {logging_mixin.py:190} INFO - [2025-04-18T11:13:49.313+0900] {dag.py:3239} INFO - Sync 1 DAGs
[2025-04-18T11:13:49.321+0900] {logging_mixin.py:190} INFO - [2025-04-18T11:13:49.321+0900] {dag.py:3262} INFO - Creating ORM DAG for example_branch_python_operator_decorator
[2025-04-18T11:13:49.327+0900] {logging_mixin.py:190} INFO - [2025-04-18T11:13:49.327+0900] {dag.py:4180} INFO - Setting next_dagrun for example_branch_python_operator_decorator to 2025-04-17 00:00:00+00:00, run_after=2025-04-18 00:00:00+00:00
[2025-04-18T11:13:49.344+0900] {processor.py:208} INFO - Processing /home/kim/airflow_tutorial/py_env/lib/python3.10/site-packages/airflow/example_dags/example_branch_operator_decorator.py took 0.193 seconds
[2025-04-18T11:14:53.559+0900] {processor.py:186} INFO - Started process (PID=638461) to work on /home/kim/airflow_tutorial/py_env/lib/python3.10/site-packages/airflow/example_dags/example_branch_operator_decorator.py
[2025-04-18T11:14:53.562+0900] {processor.py:914} INFO - Processing file /home/kim/airflow_tutorial/py_env/lib/python3.10/site-packages/airflow/example_dags/example_branch_operator_decorator.py for tasks to queue
[2025-04-18T11:14:53.565+0900] {logging_mixin.py:190} INFO - [2025-04-18T11:14:53.565+0900] {dagbag.py:588} INFO - Filling up the DagBag from /home/kim/airflow_tutorial/py_env/lib/python3.10/site-packages/airflow/example_dags/example_branch_operator_decorator.py
[2025-04-18T11:14:53.583+0900] {processor.py:925} INFO - DAG(s) 'example_branch_python_operator_decorator' retrieved from /home/kim/airflow_tutorial/py_env/lib/python3.10/site-packages/airflow/example_dags/example_branch_operator_decorator.py
[2025-04-18T11:14:53.600+0900] {logging_mixin.py:190} INFO - [2025-04-18T11:14:53.600+0900] {dag.py:3239} INFO - Sync 1 DAGs
[2025-04-18T11:14:53.616+0900] {logging_mixin.py:190} INFO - [2025-04-18T11:14:53.615+0900] {dag.py:4180} INFO - Setting next_dagrun for example_branch_python_operator_decorator to 2025-04-17 00:00:00+00:00, run_after=2025-04-18 00:00:00+00:00
[2025-04-18T11:14:53.632+0900] {processor.py:208} INFO - Processing /home/kim/airflow_tutorial/py_env/lib/python3.10/site-packages/airflow/example_dags/example_branch_operator_decorator.py took 0.081 seconds
[2025-04-18T11:15:53.011+0900] {processor.py:186} INFO - Started process (PID=638841) to work on /home/kim/airflow_tutorial/py_env/lib/python3.10/site-packages/airflow/example_dags/example_branch_operator_decorator.py
[2025-04-18T11:15:53.014+0900] {processor.py:914} INFO - Processing file /home/kim/airflow_tutorial/py_env/lib/python3.10/site-packages/airflow/example_dags/example_branch_operator_decorator.py for tasks to queue
[2025-04-18T11:15:53.016+0900] {logging_mixin.py:190} INFO - [2025-04-18T11:15:53.015+0900] {dagbag.py:588} INFO - Filling up the DagBag from /home/kim/airflow_tutorial/py_env/lib/python3.10/site-packages/airflow/example_dags/example_branch_operator_decorator.py
[2025-04-18T11:15:53.034+0900] {processor.py:925} INFO - DAG(s) 'example_branch_python_operator_decorator' retrieved from /home/kim/airflow_tutorial/py_env/lib/python3.10/site-packages/airflow/example_dags/example_branch_operator_decorator.py
[2025-04-18T11:15:53.056+0900] {logging_mixin.py:190} INFO - [2025-04-18T11:15:53.056+0900] {dag.py:3239} INFO - Sync 1 DAGs
[2025-04-18T11:15:53.075+0900] {logging_mixin.py:190} INFO - [2025-04-18T11:15:53.075+0900] {dag.py:4180} INFO - Setting next_dagrun for example_branch_python_operator_decorator to 2025-04-17 00:00:00+00:00, run_after=2025-04-18 00:00:00+00:00
[2025-04-18T11:15:53.097+0900] {processor.py:208} INFO - Processing /home/kim/airflow_tutorial/py_env/lib/python3.10/site-packages/airflow/example_dags/example_branch_operator_decorator.py took 0.092 seconds
[2025-04-18T11:16:53.539+0900] {processor.py:186} INFO - Started process (PID=639581) to work on /home/kim/airflow_tutorial/py_env/lib/python3.10/site-packages/airflow/example_dags/example_branch_operator_decorator.py
[2025-04-18T11:16:53.542+0900] {processor.py:914} INFO - Processing file /home/kim/airflow_tutorial/py_env/lib/python3.10/site-packages/airflow/example_dags/example_branch_operator_decorator.py for tasks to queue
[2025-04-18T11:16:53.544+0900] {logging_mixin.py:190} INFO - [2025-04-18T11:16:53.544+0900] {dagbag.py:588} INFO - Filling up the DagBag from /home/kim/airflow_tutorial/py_env/lib/python3.10/site-packages/airflow/example_dags/example_branch_operator_decorator.py
[2025-04-18T11:16:53.578+0900] {processor.py:925} INFO - DAG(s) 'example_branch_python_operator_decorator' retrieved from /home/kim/airflow_tutorial/py_env/lib/python3.10/site-packages/airflow/example_dags/example_branch_operator_decorator.py
[2025-04-18T11:16:53.604+0900] {logging_mixin.py:190} INFO - [2025-04-18T11:16:53.603+0900] {dag.py:3239} INFO - Sync 1 DAGs
[2025-04-18T11:16:53.618+0900] {logging_mixin.py:190} INFO - [2025-04-18T11:16:53.618+0900] {dag.py:4180} INFO - Setting next_dagrun for example_branch_python_operator_decorator to 2025-04-17 00:00:00+00:00, run_after=2025-04-18 00:00:00+00:00
[2025-04-18T11:16:53.634+0900] {processor.py:208} INFO - Processing /home/kim/airflow_tutorial/py_env/lib/python3.10/site-packages/airflow/example_dags/example_branch_operator_decorator.py took 0.101 seconds
[2025-04-18T11:17:53.059+0900] {processor.py:186} INFO - Started process (PID=640154) to work on /home/kim/airflow_tutorial/py_env/lib/python3.10/site-packages/airflow/example_dags/example_branch_operator_decorator.py
[2025-04-18T11:17:53.061+0900] {processor.py:914} INFO - Processing file /home/kim/airflow_tutorial/py_env/lib/python3.10/site-packages/airflow/example_dags/example_branch_operator_decorator.py for tasks to queue
[2025-04-18T11:17:53.063+0900] {logging_mixin.py:190} INFO - [2025-04-18T11:17:53.063+0900] {dagbag.py:588} INFO - Filling up the DagBag from /home/kim/airflow_tutorial/py_env/lib/python3.10/site-packages/airflow/example_dags/example_branch_operator_decorator.py
[2025-04-18T11:17:53.079+0900] {processor.py:925} INFO - DAG(s) 'example_branch_python_operator_decorator' retrieved from /home/kim/airflow_tutorial/py_env/lib/python3.10/site-packages/airflow/example_dags/example_branch_operator_decorator.py
[2025-04-18T11:17:53.096+0900] {logging_mixin.py:190} INFO - [2025-04-18T11:17:53.095+0900] {dag.py:3239} INFO - Sync 1 DAGs
[2025-04-18T11:17:53.110+0900] {logging_mixin.py:190} INFO - [2025-04-18T11:17:53.110+0900] {dag.py:4180} INFO - Setting next_dagrun for example_branch_python_operator_decorator to 2025-04-17 00:00:00+00:00, run_after=2025-04-18 00:00:00+00:00
[2025-04-18T11:17:53.126+0900] {processor.py:208} INFO - Processing /home/kim/airflow_tutorial/py_env/lib/python3.10/site-packages/airflow/example_dags/example_branch_operator_decorator.py took 0.073 seconds
[2025-04-18T11:18:53.851+0900] {processor.py:186} INFO - Started process (PID=640783) to work on /home/kim/airflow_tutorial/py_env/lib/python3.10/site-packages/airflow/example_dags/example_branch_operator_decorator.py
[2025-04-18T11:18:53.853+0900] {processor.py:914} INFO - Processing file /home/kim/airflow_tutorial/py_env/lib/python3.10/site-packages/airflow/example_dags/example_branch_operator_decorator.py for tasks to queue
[2025-04-18T11:18:53.855+0900] {logging_mixin.py:190} INFO - [2025-04-18T11:18:53.854+0900] {dagbag.py:588} INFO - Filling up the DagBag from /home/kim/airflow_tutorial/py_env/lib/python3.10/site-packages/airflow/example_dags/example_branch_operator_decorator.py
[2025-04-18T11:18:53.873+0900] {processor.py:925} INFO - DAG(s) 'example_branch_python_operator_decorator' retrieved from /home/kim/airflow_tutorial/py_env/lib/python3.10/site-packages/airflow/example_dags/example_branch_operator_decorator.py
[2025-04-18T11:18:53.892+0900] {logging_mixin.py:190} INFO - [2025-04-18T11:18:53.892+0900] {dag.py:3239} INFO - Sync 1 DAGs
[2025-04-18T11:18:53.910+0900] {logging_mixin.py:190} INFO - [2025-04-18T11:18:53.909+0900] {dag.py:4180} INFO - Setting next_dagrun for example_branch_python_operator_decorator to 2025-04-17 00:00:00+00:00, run_after=2025-04-18 00:00:00+00:00
[2025-04-18T11:18:53.929+0900] {processor.py:208} INFO - Processing /home/kim/airflow_tutorial/py_env/lib/python3.10/site-packages/airflow/example_dags/example_branch_operator_decorator.py took 0.084 seconds
[2025-04-18T11:19:52.311+0900] {processor.py:186} INFO - Started process (PID=641069) to work on /home/kim/airflow_tutorial/py_env/lib/python3.10/site-packages/airflow/example_dags/example_branch_operator_decorator.py
[2025-04-18T11:19:52.312+0900] {processor.py:914} INFO - Processing file /home/kim/airflow_tutorial/py_env/lib/python3.10/site-packages/airflow/example_dags/example_branch_operator_decorator.py for tasks to queue
[2025-04-18T11:19:52.313+0900] {logging_mixin.py:190} INFO - [2025-04-18T11:19:52.313+0900] {dagbag.py:588} INFO - Filling up the DagBag from /home/kim/airflow_tutorial/py_env/lib/python3.10/site-packages/airflow/example_dags/example_branch_operator_decorator.py
[2025-04-18T11:19:52.329+0900] {processor.py:925} INFO - DAG(s) 'example_branch_python_operator_decorator' retrieved from /home/kim/airflow_tutorial/py_env/lib/python3.10/site-packages/airflow/example_dags/example_branch_operator_decorator.py
[2025-04-18T11:19:52.345+0900] {logging_mixin.py:190} INFO - [2025-04-18T11:19:52.345+0900] {dag.py:3239} INFO - Sync 1 DAGs
[2025-04-18T11:19:52.359+0900] {logging_mixin.py:190} INFO - [2025-04-18T11:19:52.359+0900] {dag.py:4180} INFO - Setting next_dagrun for example_branch_python_operator_decorator to 2025-04-17 00:00:00+00:00, run_after=2025-04-18 00:00:00+00:00
[2025-04-18T11:19:52.374+0900] {processor.py:208} INFO - Processing /home/kim/airflow_tutorial/py_env/lib/python3.10/site-packages/airflow/example_dags/example_branch_operator_decorator.py took 0.068 seconds
[2025-04-18T11:20:50.303+0900] {processor.py:186} INFO - Started process (PID=641362) to work on /home/kim/airflow_tutorial/py_env/lib/python3.10/site-packages/airflow/example_dags/example_branch_operator_decorator.py
[2025-04-18T11:20:50.305+0900] {processor.py:914} INFO - Processing file /home/kim/airflow_tutorial/py_env/lib/python3.10/site-packages/airflow/example_dags/example_branch_operator_decorator.py for tasks to queue
[2025-04-18T11:20:50.307+0900] {logging_mixin.py:190} INFO - [2025-04-18T11:20:50.306+0900] {dagbag.py:588} INFO - Filling up the DagBag from /home/kim/airflow_tutorial/py_env/lib/python3.10/site-packages/airflow/example_dags/example_branch_operator_decorator.py
[2025-04-18T11:20:50.323+0900] {processor.py:925} INFO - DAG(s) 'example_branch_python_operator_decorator' retrieved from /home/kim/airflow_tutorial/py_env/lib/python3.10/site-packages/airflow/example_dags/example_branch_operator_decorator.py
[2025-04-18T11:20:50.340+0900] {logging_mixin.py:190} INFO - [2025-04-18T11:20:50.340+0900] {dag.py:3239} INFO - Sync 1 DAGs
[2025-04-18T11:20:50.356+0900] {logging_mixin.py:190} INFO - [2025-04-18T11:20:50.355+0900] {dag.py:4180} INFO - Setting next_dagrun for example_branch_python_operator_decorator to 2025-04-17 00:00:00+00:00, run_after=2025-04-18 00:00:00+00:00
[2025-04-18T11:20:50.379+0900] {processor.py:208} INFO - Processing /home/kim/airflow_tutorial/py_env/lib/python3.10/site-packages/airflow/example_dags/example_branch_operator_decorator.py took 0.080 seconds
[2025-04-18T11:21:52.490+0900] {processor.py:186} INFO - Started process (PID=641659) to work on /home/kim/airflow_tutorial/py_env/lib/python3.10/site-packages/airflow/example_dags/example_branch_operator_decorator.py
[2025-04-18T11:21:52.493+0900] {processor.py:914} INFO - Processing file /home/kim/airflow_tutorial/py_env/lib/python3.10/site-packages/airflow/example_dags/example_branch_operator_decorator.py for tasks to queue
[2025-04-18T11:21:52.494+0900] {logging_mixin.py:190} INFO - [2025-04-18T11:21:52.494+0900] {dagbag.py:588} INFO - Filling up the DagBag from /home/kim/airflow_tutorial/py_env/lib/python3.10/site-packages/airflow/example_dags/example_branch_operator_decorator.py
[2025-04-18T11:21:52.514+0900] {processor.py:925} INFO - DAG(s) 'example_branch_python_operator_decorator' retrieved from /home/kim/airflow_tutorial/py_env/lib/python3.10/site-packages/airflow/example_dags/example_branch_operator_decorator.py
[2025-04-18T11:21:52.542+0900] {logging_mixin.py:190} INFO - [2025-04-18T11:21:52.542+0900] {dag.py:3239} INFO - Sync 1 DAGs
[2025-04-18T11:21:52.565+0900] {logging_mixin.py:190} INFO - [2025-04-18T11:21:52.565+0900] {dag.py:4180} INFO - Setting next_dagrun for example_branch_python_operator_decorator to 2025-04-17 00:00:00+00:00, run_after=2025-04-18 00:00:00+00:00
[2025-04-18T11:21:52.584+0900] {processor.py:208} INFO - Processing /home/kim/airflow_tutorial/py_env/lib/python3.10/site-packages/airflow/example_dags/example_branch_operator_decorator.py took 0.099 seconds
[2025-04-18T11:22:53.671+0900] {processor.py:186} INFO - Started process (PID=642114) to work on /home/kim/airflow_tutorial/py_env/lib/python3.10/site-packages/airflow/example_dags/example_branch_operator_decorator.py
[2025-04-18T11:22:53.674+0900] {processor.py:914} INFO - Processing file /home/kim/airflow_tutorial/py_env/lib/python3.10/site-packages/airflow/example_dags/example_branch_operator_decorator.py for tasks to queue
[2025-04-18T11:22:53.676+0900] {logging_mixin.py:190} INFO - [2025-04-18T11:22:53.676+0900] {dagbag.py:588} INFO - Filling up the DagBag from /home/kim/airflow_tutorial/py_env/lib/python3.10/site-packages/airflow/example_dags/example_branch_operator_decorator.py
[2025-04-18T11:22:53.694+0900] {processor.py:925} INFO - DAG(s) 'example_branch_python_operator_decorator' retrieved from /home/kim/airflow_tutorial/py_env/lib/python3.10/site-packages/airflow/example_dags/example_branch_operator_decorator.py
[2025-04-18T11:22:53.711+0900] {logging_mixin.py:190} INFO - [2025-04-18T11:22:53.711+0900] {dag.py:3239} INFO - Sync 1 DAGs
[2025-04-18T11:22:53.726+0900] {logging_mixin.py:190} INFO - [2025-04-18T11:22:53.726+0900] {dag.py:4180} INFO - Setting next_dagrun for example_branch_python_operator_decorator to 2025-04-17 00:00:00+00:00, run_after=2025-04-18 00:00:00+00:00
[2025-04-18T11:22:53.743+0900] {processor.py:208} INFO - Processing /home/kim/airflow_tutorial/py_env/lib/python3.10/site-packages/airflow/example_dags/example_branch_operator_decorator.py took 0.076 seconds
[2025-04-18T11:23:51.482+0900] {processor.py:186} INFO - Started process (PID=642473) to work on /home/kim/airflow_tutorial/py_env/lib/python3.10/site-packages/airflow/example_dags/example_branch_operator_decorator.py
[2025-04-18T11:23:51.484+0900] {processor.py:914} INFO - Processing file /home/kim/airflow_tutorial/py_env/lib/python3.10/site-packages/airflow/example_dags/example_branch_operator_decorator.py for tasks to queue
[2025-04-18T11:23:51.486+0900] {logging_mixin.py:190} INFO - [2025-04-18T11:23:51.485+0900] {dagbag.py:588} INFO - Filling up the DagBag from /home/kim/airflow_tutorial/py_env/lib/python3.10/site-packages/airflow/example_dags/example_branch_operator_decorator.py
[2025-04-18T11:23:51.501+0900] {processor.py:925} INFO - DAG(s) 'example_branch_python_operator_decorator' retrieved from /home/kim/airflow_tutorial/py_env/lib/python3.10/site-packages/airflow/example_dags/example_branch_operator_decorator.py
[2025-04-18T11:23:51.517+0900] {logging_mixin.py:190} INFO - [2025-04-18T11:23:51.517+0900] {dag.py:3239} INFO - Sync 1 DAGs
[2025-04-18T11:23:51.531+0900] {logging_mixin.py:190} INFO - [2025-04-18T11:23:51.530+0900] {dag.py:4180} INFO - Setting next_dagrun for example_branch_python_operator_decorator to 2025-04-17 00:00:00+00:00, run_after=2025-04-18 00:00:00+00:00
[2025-04-18T11:23:51.547+0900] {processor.py:208} INFO - Processing /home/kim/airflow_tutorial/py_env/lib/python3.10/site-packages/airflow/example_dags/example_branch_operator_decorator.py took 0.069 seconds
[2025-04-18T11:24:51.828+0900] {processor.py:186} INFO - Started process (PID=642767) to work on /home/kim/airflow_tutorial/py_env/lib/python3.10/site-packages/airflow/example_dags/example_branch_operator_decorator.py
[2025-04-18T11:24:51.831+0900] {processor.py:914} INFO - Processing file /home/kim/airflow_tutorial/py_env/lib/python3.10/site-packages/airflow/example_dags/example_branch_operator_decorator.py for tasks to queue
[2025-04-18T11:24:51.836+0900] {logging_mixin.py:190} INFO - [2025-04-18T11:24:51.835+0900] {dagbag.py:588} INFO - Filling up the DagBag from /home/kim/airflow_tutorial/py_env/lib/python3.10/site-packages/airflow/example_dags/example_branch_operator_decorator.py
[2025-04-18T11:24:51.850+0900] {processor.py:925} INFO - DAG(s) 'example_branch_python_operator_decorator' retrieved from /home/kim/airflow_tutorial/py_env/lib/python3.10/site-packages/airflow/example_dags/example_branch_operator_decorator.py
[2025-04-18T11:24:51.865+0900] {logging_mixin.py:190} INFO - [2025-04-18T11:24:51.864+0900] {dag.py:3239} INFO - Sync 1 DAGs
[2025-04-18T11:24:51.879+0900] {logging_mixin.py:190} INFO - [2025-04-18T11:24:51.878+0900] {dag.py:4180} INFO - Setting next_dagrun for example_branch_python_operator_decorator to 2025-04-17 00:00:00+00:00, run_after=2025-04-18 00:00:00+00:00
[2025-04-18T11:24:51.895+0900] {processor.py:208} INFO - Processing /home/kim/airflow_tutorial/py_env/lib/python3.10/site-packages/airflow/example_dags/example_branch_operator_decorator.py took 0.081 seconds
[2025-04-18T12:03:14.257+0900] {processor.py:186} INFO - Started process (PID=651901) to work on /home/kim/airflow_tutorial/py_env/lib/python3.10/site-packages/airflow/example_dags/example_branch_operator_decorator.py
[2025-04-18T12:03:14.259+0900] {processor.py:914} INFO - Processing file /home/kim/airflow_tutorial/py_env/lib/python3.10/site-packages/airflow/example_dags/example_branch_operator_decorator.py for tasks to queue
[2025-04-18T12:03:14.260+0900] {logging_mixin.py:190} INFO - [2025-04-18T12:03:14.260+0900] {dagbag.py:588} INFO - Filling up the DagBag from /home/kim/airflow_tutorial/py_env/lib/python3.10/site-packages/airflow/example_dags/example_branch_operator_decorator.py
[2025-04-18T12:03:14.278+0900] {processor.py:925} INFO - DAG(s) 'example_branch_python_operator_decorator' retrieved from /home/kim/airflow_tutorial/py_env/lib/python3.10/site-packages/airflow/example_dags/example_branch_operator_decorator.py
[2025-04-18T12:03:14.381+0900] {logging_mixin.py:190} INFO - [2025-04-18T12:03:14.380+0900] {override.py:1912} INFO - Created Permission View: can read on DAG:example_branch_python_operator_decorator
[2025-04-18T12:03:14.392+0900] {logging_mixin.py:190} INFO - [2025-04-18T12:03:14.392+0900] {override.py:1912} INFO - Created Permission View: can edit on DAG:example_branch_python_operator_decorator
[2025-04-18T12:03:14.401+0900] {logging_mixin.py:190} INFO - [2025-04-18T12:03:14.400+0900] {override.py:1912} INFO - Created Permission View: can delete on DAG:example_branch_python_operator_decorator
[2025-04-18T12:03:14.411+0900] {logging_mixin.py:190} INFO - [2025-04-18T12:03:14.411+0900] {override.py:1912} INFO - Created Permission View: can read on DAG Run:example_branch_python_operator_decorator
[2025-04-18T12:03:14.419+0900] {logging_mixin.py:190} INFO - [2025-04-18T12:03:14.418+0900] {override.py:1912} INFO - Created Permission View: can create on DAG Run:example_branch_python_operator_decorator
[2025-04-18T12:03:14.425+0900] {logging_mixin.py:190} INFO - [2025-04-18T12:03:14.425+0900] {override.py:1912} INFO - Created Permission View: menu access on DAG Run:example_branch_python_operator_decorator
[2025-04-18T12:03:14.433+0900] {logging_mixin.py:190} INFO - [2025-04-18T12:03:14.433+0900] {override.py:1912} INFO - Created Permission View: can delete on DAG Run:example_branch_python_operator_decorator
[2025-04-18T12:03:14.433+0900] {logging_mixin.py:190} INFO - [2025-04-18T12:03:14.433+0900] {dag.py:3239} INFO - Sync 1 DAGs
[2025-04-18T12:03:14.447+0900] {logging_mixin.py:190} INFO - [2025-04-18T12:03:14.447+0900] {dag.py:3262} INFO - Creating ORM DAG for example_branch_python_operator_decorator
[2025-04-18T12:03:14.457+0900] {logging_mixin.py:190} INFO - [2025-04-18T12:03:14.457+0900] {dag.py:4180} INFO - Setting next_dagrun for example_branch_python_operator_decorator to 2025-04-17 00:00:00+00:00, run_after=2025-04-18 00:00:00+00:00
[2025-04-18T12:03:14.479+0900] {processor.py:208} INFO - Processing /home/kim/airflow_tutorial/py_env/lib/python3.10/site-packages/airflow/example_dags/example_branch_operator_decorator.py took 0.227 seconds
[2025-04-18T12:05:20.007+0900] {processor.py:186} INFO - Started process (PID=653729) to work on /home/kim/airflow_tutorial/py_env/lib/python3.10/site-packages/airflow/example_dags/example_branch_operator_decorator.py
[2025-04-18T12:05:20.007+0900] {processor.py:914} INFO - Processing file /home/kim/airflow_tutorial/py_env/lib/python3.10/site-packages/airflow/example_dags/example_branch_operator_decorator.py for tasks to queue
[2025-04-18T12:05:20.009+0900] {logging_mixin.py:190} INFO - [2025-04-18T12:05:20.009+0900] {dagbag.py:588} INFO - Filling up the DagBag from /home/kim/airflow_tutorial/py_env/lib/python3.10/site-packages/airflow/example_dags/example_branch_operator_decorator.py
[2025-04-18T12:05:20.025+0900] {processor.py:925} INFO - DAG(s) 'example_branch_python_operator_decorator' retrieved from /home/kim/airflow_tutorial/py_env/lib/python3.10/site-packages/airflow/example_dags/example_branch_operator_decorator.py
[2025-04-18T12:05:20.113+0900] {logging_mixin.py:190} INFO - [2025-04-18T12:05:20.113+0900] {dag.py:3239} INFO - Sync 1 DAGs
[2025-04-18T12:05:20.130+0900] {logging_mixin.py:190} INFO - [2025-04-18T12:05:20.129+0900] {dag.py:4180} INFO - Setting next_dagrun for example_branch_python_operator_decorator to 2025-04-17 00:00:00+00:00, run_after=2025-04-18 00:00:00+00:00
[2025-04-18T12:05:20.148+0900] {processor.py:208} INFO - Processing /home/kim/airflow_tutorial/py_env/lib/python3.10/site-packages/airflow/example_dags/example_branch_operator_decorator.py took 0.147 seconds
[2025-04-18T12:05:50.981+0900] {processor.py:186} INFO - Started process (PID=654209) to work on /home/kim/airflow_tutorial/py_env/lib/python3.10/site-packages/airflow/example_dags/example_branch_operator_decorator.py
[2025-04-18T12:05:50.982+0900] {processor.py:914} INFO - Processing file /home/kim/airflow_tutorial/py_env/lib/python3.10/site-packages/airflow/example_dags/example_branch_operator_decorator.py for tasks to queue
[2025-04-18T12:05:50.983+0900] {logging_mixin.py:190} INFO - [2025-04-18T12:05:50.983+0900] {dagbag.py:588} INFO - Filling up the DagBag from /home/kim/airflow_tutorial/py_env/lib/python3.10/site-packages/airflow/example_dags/example_branch_operator_decorator.py
[2025-04-18T12:05:50.999+0900] {processor.py:925} INFO - DAG(s) 'example_branch_python_operator_decorator' retrieved from /home/kim/airflow_tutorial/py_env/lib/python3.10/site-packages/airflow/example_dags/example_branch_operator_decorator.py
[2025-04-18T12:05:51.024+0900] {logging_mixin.py:190} INFO - [2025-04-18T12:05:51.024+0900] {dag.py:3239} INFO - Sync 1 DAGs
[2025-04-18T12:05:51.042+0900] {logging_mixin.py:190} INFO - [2025-04-18T12:05:51.042+0900] {dag.py:4180} INFO - Setting next_dagrun for example_branch_python_operator_decorator to 2025-04-17 00:00:00+00:00, run_after=2025-04-18 00:00:00+00:00
[2025-04-18T12:05:51.059+0900] {processor.py:208} INFO - Processing /home/kim/airflow_tutorial/py_env/lib/python3.10/site-packages/airflow/example_dags/example_branch_operator_decorator.py took 0.084 seconds
[2025-04-18T12:06:21.397+0900] {processor.py:186} INFO - Started process (PID=654592) to work on /home/kim/airflow_tutorial/py_env/lib/python3.10/site-packages/airflow/example_dags/example_branch_operator_decorator.py
[2025-04-18T12:06:21.398+0900] {processor.py:914} INFO - Processing file /home/kim/airflow_tutorial/py_env/lib/python3.10/site-packages/airflow/example_dags/example_branch_operator_decorator.py for tasks to queue
[2025-04-18T12:06:21.401+0900] {logging_mixin.py:190} INFO - [2025-04-18T12:06:21.400+0900] {dagbag.py:588} INFO - Filling up the DagBag from /home/kim/airflow_tutorial/py_env/lib/python3.10/site-packages/airflow/example_dags/example_branch_operator_decorator.py
[2025-04-18T12:06:21.426+0900] {processor.py:925} INFO - DAG(s) 'example_branch_python_operator_decorator' retrieved from /home/kim/airflow_tutorial/py_env/lib/python3.10/site-packages/airflow/example_dags/example_branch_operator_decorator.py
[2025-04-18T12:06:21.464+0900] {logging_mixin.py:190} INFO - [2025-04-18T12:06:21.464+0900] {dag.py:3239} INFO - Sync 1 DAGs
[2025-04-18T12:06:21.493+0900] {logging_mixin.py:190} INFO - [2025-04-18T12:06:21.493+0900] {dag.py:4180} INFO - Setting next_dagrun for example_branch_python_operator_decorator to 2025-04-17 00:00:00+00:00, run_after=2025-04-18 00:00:00+00:00
[2025-04-18T12:06:21.523+0900] {processor.py:208} INFO - Processing /home/kim/airflow_tutorial/py_env/lib/python3.10/site-packages/airflow/example_dags/example_branch_operator_decorator.py took 0.134 seconds
