[2025-04-18T11:13:19.122+0900] {processor.py:186} INFO - Started process (PID=637817) to work on /home/kim/airflow_tutorial/py_env/lib/python3.10/site-packages/airflow/example_dags/example_sla_dag.py
[2025-04-18T11:13:19.123+0900] {processor.py:914} INFO - Processing file /home/kim/airflow_tutorial/py_env/lib/python3.10/site-packages/airflow/example_dags/example_sla_dag.py for tasks to queue
[2025-04-18T11:13:19.124+0900] {logging_mixin.py:190} INFO - [2025-04-18T11:13:19.124+0900] {dagbag.py:588} INFO - Filling up the DagBag from /home/kim/airflow_tutorial/py_env/lib/python3.10/site-packages/airflow/example_dags/example_sla_dag.py
[2025-04-18T11:13:19.132+0900] {processor.py:925} INFO - DAG(s) 'example_sla_dag' retrieved from /home/kim/airflow_tutorial/py_env/lib/python3.10/site-packages/airflow/example_dags/example_sla_dag.py
[2025-04-18T11:13:19.277+0900] {logging_mixin.py:190} INFO - [2025-04-18T11:13:19.276+0900] {override.py:1912} INFO - Created Permission View: can delete on DAG:example_sla_dag
[2025-04-18T11:13:19.287+0900] {logging_mixin.py:190} INFO - [2025-04-18T11:13:19.286+0900] {override.py:1912} INFO - Created Permission View: can edit on DAG:example_sla_dag
[2025-04-18T11:13:19.294+0900] {logging_mixin.py:190} INFO - [2025-04-18T11:13:19.294+0900] {override.py:1912} INFO - Created Permission View: can read on DAG:example_sla_dag
[2025-04-18T11:13:19.307+0900] {logging_mixin.py:190} INFO - [2025-04-18T11:13:19.306+0900] {override.py:1912} INFO - Created Permission View: can delete on DAG Run:example_sla_dag
[2025-04-18T11:13:19.315+0900] {logging_mixin.py:190} INFO - [2025-04-18T11:13:19.315+0900] {override.py:1912} INFO - Created Permission View: can create on DAG Run:example_sla_dag
[2025-04-18T11:13:19.323+0900] {logging_mixin.py:190} INFO - [2025-04-18T11:13:19.323+0900] {override.py:1912} INFO - Created Permission View: menu access on DAG Run:example_sla_dag
[2025-04-18T11:13:19.332+0900] {logging_mixin.py:190} INFO - [2025-04-18T11:13:19.331+0900] {override.py:1912} INFO - Created Permission View: can read on DAG Run:example_sla_dag
[2025-04-18T11:13:19.333+0900] {logging_mixin.py:190} INFO - [2025-04-18T11:13:19.332+0900] {dag.py:3239} INFO - Sync 1 DAGs
[2025-04-18T11:13:19.342+0900] {logging_mixin.py:190} INFO - [2025-04-18T11:13:19.341+0900] {dag.py:3262} INFO - Creating ORM DAG for example_sla_dag
[2025-04-18T11:13:19.351+0900] {logging_mixin.py:190} INFO - [2025-04-18T11:13:19.350+0900] {dag.py:4180} INFO - Setting next_dagrun for example_sla_dag to 2025-04-18 02:10:00+00:00, run_after=2025-04-18 02:12:00+00:00
[2025-04-18T11:13:19.373+0900] {processor.py:208} INFO - Processing /home/kim/airflow_tutorial/py_env/lib/python3.10/site-packages/airflow/example_dags/example_sla_dag.py took 0.255 seconds
[2025-04-18T11:14:24.605+0900] {processor.py:186} INFO - Started process (PID=638209) to work on /home/kim/airflow_tutorial/py_env/lib/python3.10/site-packages/airflow/example_dags/example_sla_dag.py
[2025-04-18T11:14:24.608+0900] {processor.py:914} INFO - Processing file /home/kim/airflow_tutorial/py_env/lib/python3.10/site-packages/airflow/example_dags/example_sla_dag.py for tasks to queue
[2025-04-18T11:14:24.610+0900] {logging_mixin.py:190} INFO - [2025-04-18T11:14:24.610+0900] {dagbag.py:588} INFO - Filling up the DagBag from /home/kim/airflow_tutorial/py_env/lib/python3.10/site-packages/airflow/example_dags/example_sla_dag.py
[2025-04-18T11:14:24.618+0900] {processor.py:925} INFO - DAG(s) 'example_sla_dag' retrieved from /home/kim/airflow_tutorial/py_env/lib/python3.10/site-packages/airflow/example_dags/example_sla_dag.py
[2025-04-18T11:14:24.628+0900] {logging_mixin.py:190} INFO - [2025-04-18T11:14:24.628+0900] {dag.py:3239} INFO - Sync 1 DAGs
[2025-04-18T11:14:24.643+0900] {logging_mixin.py:190} INFO - [2025-04-18T11:14:24.643+0900] {dag.py:4180} INFO - Setting next_dagrun for example_sla_dag to 2025-04-18 02:12:00+00:00, run_after=2025-04-18 02:14:00+00:00
[2025-04-18T11:14:24.658+0900] {processor.py:208} INFO - Processing /home/kim/airflow_tutorial/py_env/lib/python3.10/site-packages/airflow/example_dags/example_sla_dag.py took 0.057 seconds
[2025-04-18T11:15:23.149+0900] {processor.py:186} INFO - Started process (PID=638726) to work on /home/kim/airflow_tutorial/py_env/lib/python3.10/site-packages/airflow/example_dags/example_sla_dag.py
[2025-04-18T11:15:23.151+0900] {processor.py:914} INFO - Processing file /home/kim/airflow_tutorial/py_env/lib/python3.10/site-packages/airflow/example_dags/example_sla_dag.py for tasks to queue
[2025-04-18T11:15:23.153+0900] {logging_mixin.py:190} INFO - [2025-04-18T11:15:23.153+0900] {dagbag.py:588} INFO - Filling up the DagBag from /home/kim/airflow_tutorial/py_env/lib/python3.10/site-packages/airflow/example_dags/example_sla_dag.py
[2025-04-18T11:15:23.162+0900] {processor.py:925} INFO - DAG(s) 'example_sla_dag' retrieved from /home/kim/airflow_tutorial/py_env/lib/python3.10/site-packages/airflow/example_dags/example_sla_dag.py
[2025-04-18T11:15:23.175+0900] {logging_mixin.py:190} INFO - [2025-04-18T11:15:23.175+0900] {dag.py:3239} INFO - Sync 1 DAGs
[2025-04-18T11:15:23.193+0900] {logging_mixin.py:190} INFO - [2025-04-18T11:15:23.193+0900] {dag.py:4180} INFO - Setting next_dagrun for example_sla_dag to 2025-04-18 02:12:00+00:00, run_after=2025-04-18 02:14:00+00:00
[2025-04-18T11:15:23.211+0900] {processor.py:208} INFO - Processing /home/kim/airflow_tutorial/py_env/lib/python3.10/site-packages/airflow/example_dags/example_sla_dag.py took 0.067 seconds
[2025-04-18T11:16:26.992+0900] {processor.py:186} INFO - Started process (PID=639332) to work on /home/kim/airflow_tutorial/py_env/lib/python3.10/site-packages/airflow/example_dags/example_sla_dag.py
[2025-04-18T11:16:26.995+0900] {processor.py:914} INFO - Processing file /home/kim/airflow_tutorial/py_env/lib/python3.10/site-packages/airflow/example_dags/example_sla_dag.py for tasks to queue
[2025-04-18T11:16:26.998+0900] {logging_mixin.py:190} INFO - [2025-04-18T11:16:26.997+0900] {dagbag.py:588} INFO - Filling up the DagBag from /home/kim/airflow_tutorial/py_env/lib/python3.10/site-packages/airflow/example_dags/example_sla_dag.py
[2025-04-18T11:16:27.007+0900] {processor.py:925} INFO - DAG(s) 'example_sla_dag' retrieved from /home/kim/airflow_tutorial/py_env/lib/python3.10/site-packages/airflow/example_dags/example_sla_dag.py
[2025-04-18T11:16:27.019+0900] {logging_mixin.py:190} INFO - [2025-04-18T11:16:27.019+0900] {dag.py:3239} INFO - Sync 1 DAGs
[2025-04-18T11:16:27.039+0900] {logging_mixin.py:190} INFO - [2025-04-18T11:16:27.038+0900] {dag.py:4180} INFO - Setting next_dagrun for example_sla_dag to 2025-04-18 02:14:00+00:00, run_after=2025-04-18 02:16:00+00:00
[2025-04-18T11:16:27.055+0900] {processor.py:208} INFO - Processing /home/kim/airflow_tutorial/py_env/lib/python3.10/site-packages/airflow/example_dags/example_sla_dag.py took 0.069 seconds
[2025-04-18T11:17:24.494+0900] {processor.py:186} INFO - Started process (PID=640010) to work on /home/kim/airflow_tutorial/py_env/lib/python3.10/site-packages/airflow/example_dags/example_sla_dag.py
[2025-04-18T11:17:24.495+0900] {processor.py:914} INFO - Processing file /home/kim/airflow_tutorial/py_env/lib/python3.10/site-packages/airflow/example_dags/example_sla_dag.py for tasks to queue
[2025-04-18T11:17:24.497+0900] {logging_mixin.py:190} INFO - [2025-04-18T11:17:24.496+0900] {dagbag.py:588} INFO - Filling up the DagBag from /home/kim/airflow_tutorial/py_env/lib/python3.10/site-packages/airflow/example_dags/example_sla_dag.py
[2025-04-18T11:17:24.504+0900] {processor.py:925} INFO - DAG(s) 'example_sla_dag' retrieved from /home/kim/airflow_tutorial/py_env/lib/python3.10/site-packages/airflow/example_dags/example_sla_dag.py
[2025-04-18T11:17:24.514+0900] {logging_mixin.py:190} INFO - [2025-04-18T11:17:24.514+0900] {dag.py:3239} INFO - Sync 1 DAGs
[2025-04-18T11:17:24.530+0900] {logging_mixin.py:190} INFO - [2025-04-18T11:17:24.530+0900] {dag.py:4180} INFO - Setting next_dagrun for example_sla_dag to 2025-04-18 02:14:00+00:00, run_after=2025-04-18 02:16:00+00:00
[2025-04-18T11:17:24.544+0900] {processor.py:208} INFO - Processing /home/kim/airflow_tutorial/py_env/lib/python3.10/site-packages/airflow/example_dags/example_sla_dag.py took 0.055 seconds
[2025-04-18T11:18:25.828+0900] {processor.py:186} INFO - Started process (PID=640541) to work on /home/kim/airflow_tutorial/py_env/lib/python3.10/site-packages/airflow/example_dags/example_sla_dag.py
[2025-04-18T11:18:25.830+0900] {processor.py:914} INFO - Processing file /home/kim/airflow_tutorial/py_env/lib/python3.10/site-packages/airflow/example_dags/example_sla_dag.py for tasks to queue
[2025-04-18T11:18:25.832+0900] {logging_mixin.py:190} INFO - [2025-04-18T11:18:25.831+0900] {dagbag.py:588} INFO - Filling up the DagBag from /home/kim/airflow_tutorial/py_env/lib/python3.10/site-packages/airflow/example_dags/example_sla_dag.py
[2025-04-18T11:18:25.841+0900] {processor.py:925} INFO - DAG(s) 'example_sla_dag' retrieved from /home/kim/airflow_tutorial/py_env/lib/python3.10/site-packages/airflow/example_dags/example_sla_dag.py
[2025-04-18T11:18:25.856+0900] {logging_mixin.py:190} INFO - [2025-04-18T11:18:25.855+0900] {dag.py:3239} INFO - Sync 1 DAGs
[2025-04-18T11:18:25.877+0900] {logging_mixin.py:190} INFO - [2025-04-18T11:18:25.876+0900] {dag.py:4180} INFO - Setting next_dagrun for example_sla_dag to 2025-04-18 02:16:00+00:00, run_after=2025-04-18 02:18:00+00:00
[2025-04-18T11:18:25.896+0900] {processor.py:208} INFO - Processing /home/kim/airflow_tutorial/py_env/lib/python3.10/site-packages/airflow/example_dags/example_sla_dag.py took 0.072 seconds
[2025-04-18T11:19:26.376+0900] {processor.py:186} INFO - Started process (PID=640977) to work on /home/kim/airflow_tutorial/py_env/lib/python3.10/site-packages/airflow/example_dags/example_sla_dag.py
[2025-04-18T11:19:26.379+0900] {processor.py:914} INFO - Processing file /home/kim/airflow_tutorial/py_env/lib/python3.10/site-packages/airflow/example_dags/example_sla_dag.py for tasks to queue
[2025-04-18T11:19:26.380+0900] {logging_mixin.py:190} INFO - [2025-04-18T11:19:26.380+0900] {dagbag.py:588} INFO - Filling up the DagBag from /home/kim/airflow_tutorial/py_env/lib/python3.10/site-packages/airflow/example_dags/example_sla_dag.py
[2025-04-18T11:19:26.390+0900] {processor.py:925} INFO - DAG(s) 'example_sla_dag' retrieved from /home/kim/airflow_tutorial/py_env/lib/python3.10/site-packages/airflow/example_dags/example_sla_dag.py
[2025-04-18T11:19:26.402+0900] {logging_mixin.py:190} INFO - [2025-04-18T11:19:26.402+0900] {dag.py:3239} INFO - Sync 1 DAGs
[2025-04-18T11:19:26.420+0900] {logging_mixin.py:190} INFO - [2025-04-18T11:19:26.419+0900] {dag.py:4180} INFO - Setting next_dagrun for example_sla_dag to 2025-04-18 02:16:00+00:00, run_after=2025-04-18 02:18:00+00:00
[2025-04-18T11:19:26.437+0900] {processor.py:208} INFO - Processing /home/kim/airflow_tutorial/py_env/lib/python3.10/site-packages/airflow/example_dags/example_sla_dag.py took 0.068 seconds
[2025-04-18T11:20:20.885+0900] {processor.py:186} INFO - Started process (PID=641254) to work on /home/kim/airflow_tutorial/py_env/lib/python3.10/site-packages/airflow/example_dags/example_sla_dag.py
[2025-04-18T11:20:20.887+0900] {processor.py:914} INFO - Processing file /home/kim/airflow_tutorial/py_env/lib/python3.10/site-packages/airflow/example_dags/example_sla_dag.py for tasks to queue
[2025-04-18T11:20:20.890+0900] {logging_mixin.py:190} INFO - [2025-04-18T11:20:20.889+0900] {dagbag.py:588} INFO - Filling up the DagBag from /home/kim/airflow_tutorial/py_env/lib/python3.10/site-packages/airflow/example_dags/example_sla_dag.py
[2025-04-18T11:20:20.906+0900] {processor.py:925} INFO - DAG(s) 'example_sla_dag' retrieved from /home/kim/airflow_tutorial/py_env/lib/python3.10/site-packages/airflow/example_dags/example_sla_dag.py
[2025-04-18T11:20:20.918+0900] {logging_mixin.py:190} INFO - [2025-04-18T11:20:20.918+0900] {dag.py:3239} INFO - Sync 1 DAGs
[2025-04-18T11:20:20.938+0900] {logging_mixin.py:190} INFO - [2025-04-18T11:20:20.937+0900] {dag.py:4180} INFO - Setting next_dagrun for example_sla_dag to 2025-04-18 02:18:00+00:00, run_after=2025-04-18 02:20:00+00:00
[2025-04-18T11:20:20.954+0900] {processor.py:208} INFO - Processing /home/kim/airflow_tutorial/py_env/lib/python3.10/site-packages/airflow/example_dags/example_sla_dag.py took 0.078 seconds
[2025-04-18T11:21:21.268+0900] {processor.py:186} INFO - Started process (PID=641546) to work on /home/kim/airflow_tutorial/py_env/lib/python3.10/site-packages/airflow/example_dags/example_sla_dag.py
[2025-04-18T11:21:21.270+0900] {processor.py:914} INFO - Processing file /home/kim/airflow_tutorial/py_env/lib/python3.10/site-packages/airflow/example_dags/example_sla_dag.py for tasks to queue
[2025-04-18T11:21:21.271+0900] {logging_mixin.py:190} INFO - [2025-04-18T11:21:21.271+0900] {dagbag.py:588} INFO - Filling up the DagBag from /home/kim/airflow_tutorial/py_env/lib/python3.10/site-packages/airflow/example_dags/example_sla_dag.py
[2025-04-18T11:21:21.279+0900] {processor.py:925} INFO - DAG(s) 'example_sla_dag' retrieved from /home/kim/airflow_tutorial/py_env/lib/python3.10/site-packages/airflow/example_dags/example_sla_dag.py
[2025-04-18T11:21:21.289+0900] {logging_mixin.py:190} INFO - [2025-04-18T11:21:21.289+0900] {dag.py:3239} INFO - Sync 1 DAGs
[2025-04-18T11:21:21.302+0900] {logging_mixin.py:190} INFO - [2025-04-18T11:21:21.302+0900] {dag.py:4180} INFO - Setting next_dagrun for example_sla_dag to 2025-04-18 02:18:00+00:00, run_after=2025-04-18 02:20:00+00:00
[2025-04-18T11:21:21.316+0900] {processor.py:208} INFO - Processing /home/kim/airflow_tutorial/py_env/lib/python3.10/site-packages/airflow/example_dags/example_sla_dag.py took 0.052 seconds
[2025-04-18T11:22:23.324+0900] {processor.py:186} INFO - Started process (PID=641852) to work on /home/kim/airflow_tutorial/py_env/lib/python3.10/site-packages/airflow/example_dags/example_sla_dag.py
[2025-04-18T11:22:23.326+0900] {processor.py:914} INFO - Processing file /home/kim/airflow_tutorial/py_env/lib/python3.10/site-packages/airflow/example_dags/example_sla_dag.py for tasks to queue
[2025-04-18T11:22:23.328+0900] {logging_mixin.py:190} INFO - [2025-04-18T11:22:23.327+0900] {dagbag.py:588} INFO - Filling up the DagBag from /home/kim/airflow_tutorial/py_env/lib/python3.10/site-packages/airflow/example_dags/example_sla_dag.py
[2025-04-18T11:22:23.335+0900] {processor.py:925} INFO - DAG(s) 'example_sla_dag' retrieved from /home/kim/airflow_tutorial/py_env/lib/python3.10/site-packages/airflow/example_dags/example_sla_dag.py
[2025-04-18T11:22:23.346+0900] {logging_mixin.py:190} INFO - [2025-04-18T11:22:23.346+0900] {dag.py:3239} INFO - Sync 1 DAGs
[2025-04-18T11:22:23.361+0900] {logging_mixin.py:190} INFO - [2025-04-18T11:22:23.360+0900] {dag.py:4180} INFO - Setting next_dagrun for example_sla_dag to 2025-04-18 02:20:00+00:00, run_after=2025-04-18 02:22:00+00:00
[2025-04-18T11:22:23.376+0900] {processor.py:208} INFO - Processing /home/kim/airflow_tutorial/py_env/lib/python3.10/site-packages/airflow/example_dags/example_sla_dag.py took 0.056 seconds
[2025-04-18T11:23:24.650+0900] {processor.py:186} INFO - Started process (PID=642299) to work on /home/kim/airflow_tutorial/py_env/lib/python3.10/site-packages/airflow/example_dags/example_sla_dag.py
[2025-04-18T11:23:24.653+0900] {processor.py:914} INFO - Processing file /home/kim/airflow_tutorial/py_env/lib/python3.10/site-packages/airflow/example_dags/example_sla_dag.py for tasks to queue
[2025-04-18T11:23:24.655+0900] {logging_mixin.py:190} INFO - [2025-04-18T11:23:24.654+0900] {dagbag.py:588} INFO - Filling up the DagBag from /home/kim/airflow_tutorial/py_env/lib/python3.10/site-packages/airflow/example_dags/example_sla_dag.py
[2025-04-18T11:23:24.665+0900] {processor.py:925} INFO - DAG(s) 'example_sla_dag' retrieved from /home/kim/airflow_tutorial/py_env/lib/python3.10/site-packages/airflow/example_dags/example_sla_dag.py
[2025-04-18T11:23:24.678+0900] {logging_mixin.py:190} INFO - [2025-04-18T11:23:24.678+0900] {dag.py:3239} INFO - Sync 1 DAGs
[2025-04-18T11:23:24.693+0900] {logging_mixin.py:190} INFO - [2025-04-18T11:23:24.693+0900] {dag.py:4180} INFO - Setting next_dagrun for example_sla_dag to 2025-04-18 02:20:00+00:00, run_after=2025-04-18 02:22:00+00:00
[2025-04-18T11:23:24.707+0900] {processor.py:208} INFO - Processing /home/kim/airflow_tutorial/py_env/lib/python3.10/site-packages/airflow/example_dags/example_sla_dag.py took 0.063 seconds
[2025-04-18T11:24:20.857+0900] {processor.py:186} INFO - Started process (PID=642654) to work on /home/kim/airflow_tutorial/py_env/lib/python3.10/site-packages/airflow/example_dags/example_sla_dag.py
[2025-04-18T11:24:20.862+0900] {processor.py:914} INFO - Processing file /home/kim/airflow_tutorial/py_env/lib/python3.10/site-packages/airflow/example_dags/example_sla_dag.py for tasks to queue
[2025-04-18T11:24:20.867+0900] {logging_mixin.py:190} INFO - [2025-04-18T11:24:20.866+0900] {dagbag.py:588} INFO - Filling up the DagBag from /home/kim/airflow_tutorial/py_env/lib/python3.10/site-packages/airflow/example_dags/example_sla_dag.py
[2025-04-18T11:24:20.880+0900] {processor.py:925} INFO - DAG(s) 'example_sla_dag' retrieved from /home/kim/airflow_tutorial/py_env/lib/python3.10/site-packages/airflow/example_dags/example_sla_dag.py
[2025-04-18T11:24:20.890+0900] {logging_mixin.py:190} INFO - [2025-04-18T11:24:20.890+0900] {dag.py:3239} INFO - Sync 1 DAGs
[2025-04-18T11:24:20.904+0900] {logging_mixin.py:190} INFO - [2025-04-18T11:24:20.904+0900] {dag.py:4180} INFO - Setting next_dagrun for example_sla_dag to 2025-04-18 02:22:00+00:00, run_after=2025-04-18 02:24:00+00:00
[2025-04-18T11:24:20.919+0900] {processor.py:208} INFO - Processing /home/kim/airflow_tutorial/py_env/lib/python3.10/site-packages/airflow/example_dags/example_sla_dag.py took 0.073 seconds
[2025-04-18T11:25:22.404+0900] {processor.py:186} INFO - Started process (PID=643112) to work on /home/kim/airflow_tutorial/py_env/lib/python3.10/site-packages/airflow/example_dags/example_sla_dag.py
[2025-04-18T11:25:22.406+0900] {processor.py:914} INFO - Processing file /home/kim/airflow_tutorial/py_env/lib/python3.10/site-packages/airflow/example_dags/example_sla_dag.py for tasks to queue
[2025-04-18T11:25:22.407+0900] {logging_mixin.py:190} INFO - [2025-04-18T11:25:22.407+0900] {dagbag.py:588} INFO - Filling up the DagBag from /home/kim/airflow_tutorial/py_env/lib/python3.10/site-packages/airflow/example_dags/example_sla_dag.py
[2025-04-18T11:25:22.417+0900] {processor.py:925} INFO - DAG(s) 'example_sla_dag' retrieved from /home/kim/airflow_tutorial/py_env/lib/python3.10/site-packages/airflow/example_dags/example_sla_dag.py
[2025-04-18T11:25:22.429+0900] {logging_mixin.py:190} INFO - [2025-04-18T11:25:22.429+0900] {dag.py:3239} INFO - Sync 1 DAGs
[2025-04-18T11:25:22.447+0900] {logging_mixin.py:190} INFO - [2025-04-18T11:25:22.446+0900] {dag.py:4180} INFO - Setting next_dagrun for example_sla_dag to 2025-04-18 02:22:00+00:00, run_after=2025-04-18 02:24:00+00:00
[2025-04-18T11:25:22.463+0900] {processor.py:208} INFO - Processing /home/kim/airflow_tutorial/py_env/lib/python3.10/site-packages/airflow/example_dags/example_sla_dag.py took 0.064 seconds
[2025-04-18T12:03:11.621+0900] {processor.py:186} INFO - Started process (PID=651770) to work on /home/kim/airflow_tutorial/py_env/lib/python3.10/site-packages/airflow/example_dags/example_sla_dag.py
[2025-04-18T12:03:11.622+0900] {processor.py:914} INFO - Processing file /home/kim/airflow_tutorial/py_env/lib/python3.10/site-packages/airflow/example_dags/example_sla_dag.py for tasks to queue
[2025-04-18T12:03:11.624+0900] {logging_mixin.py:190} INFO - [2025-04-18T12:03:11.624+0900] {dagbag.py:588} INFO - Filling up the DagBag from /home/kim/airflow_tutorial/py_env/lib/python3.10/site-packages/airflow/example_dags/example_sla_dag.py
[2025-04-18T12:03:11.633+0900] {processor.py:925} INFO - DAG(s) 'example_sla_dag' retrieved from /home/kim/airflow_tutorial/py_env/lib/python3.10/site-packages/airflow/example_dags/example_sla_dag.py
[2025-04-18T12:03:11.780+0900] {logging_mixin.py:190} INFO - [2025-04-18T12:03:11.779+0900] {override.py:1912} INFO - Created Permission View: can read on DAG:example_sla_dag
[2025-04-18T12:03:11.789+0900] {logging_mixin.py:190} INFO - [2025-04-18T12:03:11.789+0900] {override.py:1912} INFO - Created Permission View: can edit on DAG:example_sla_dag
[2025-04-18T12:03:11.797+0900] {logging_mixin.py:190} INFO - [2025-04-18T12:03:11.797+0900] {override.py:1912} INFO - Created Permission View: can delete on DAG:example_sla_dag
[2025-04-18T12:03:11.808+0900] {logging_mixin.py:190} INFO - [2025-04-18T12:03:11.807+0900] {override.py:1912} INFO - Created Permission View: can read on DAG Run:example_sla_dag
[2025-04-18T12:03:11.814+0900] {logging_mixin.py:190} INFO - [2025-04-18T12:03:11.814+0900] {override.py:1912} INFO - Created Permission View: can create on DAG Run:example_sla_dag
[2025-04-18T12:03:11.822+0900] {logging_mixin.py:190} INFO - [2025-04-18T12:03:11.822+0900] {override.py:1912} INFO - Created Permission View: menu access on DAG Run:example_sla_dag
[2025-04-18T12:03:11.830+0900] {logging_mixin.py:190} INFO - [2025-04-18T12:03:11.829+0900] {override.py:1912} INFO - Created Permission View: can delete on DAG Run:example_sla_dag
[2025-04-18T12:03:11.830+0900] {logging_mixin.py:190} INFO - [2025-04-18T12:03:11.830+0900] {dag.py:3239} INFO - Sync 1 DAGs
[2025-04-18T12:03:11.840+0900] {logging_mixin.py:190} INFO - [2025-04-18T12:03:11.840+0900] {dag.py:3262} INFO - Creating ORM DAG for example_sla_dag
[2025-04-18T12:03:11.851+0900] {logging_mixin.py:190} INFO - [2025-04-18T12:03:11.851+0900] {dag.py:4180} INFO - Setting next_dagrun for example_sla_dag to 2025-04-18 03:00:00+00:00, run_after=2025-04-18 03:02:00+00:00
[2025-04-18T12:03:11.869+0900] {processor.py:208} INFO - Processing /home/kim/airflow_tutorial/py_env/lib/python3.10/site-packages/airflow/example_dags/example_sla_dag.py took 0.253 seconds
[2025-04-18T12:05:18.428+0900] {processor.py:186} INFO - Started process (PID=653598) to work on /home/kim/airflow_tutorial/py_env/lib/python3.10/site-packages/airflow/example_dags/example_sla_dag.py
[2025-04-18T12:05:18.430+0900] {processor.py:914} INFO - Processing file /home/kim/airflow_tutorial/py_env/lib/python3.10/site-packages/airflow/example_dags/example_sla_dag.py for tasks to queue
[2025-04-18T12:05:18.433+0900] {logging_mixin.py:190} INFO - [2025-04-18T12:05:18.433+0900] {dagbag.py:588} INFO - Filling up the DagBag from /home/kim/airflow_tutorial/py_env/lib/python3.10/site-packages/airflow/example_dags/example_sla_dag.py
[2025-04-18T12:05:18.540+0900] {processor.py:925} INFO - DAG(s) 'example_sla_dag' retrieved from /home/kim/airflow_tutorial/py_env/lib/python3.10/site-packages/airflow/example_dags/example_sla_dag.py
[2025-04-18T12:05:18.567+0900] {logging_mixin.py:190} INFO - [2025-04-18T12:05:18.567+0900] {dag.py:3239} INFO - Sync 1 DAGs
[2025-04-18T12:05:18.596+0900] {logging_mixin.py:190} INFO - [2025-04-18T12:05:18.595+0900] {dag.py:4180} INFO - Setting next_dagrun for example_sla_dag to 2025-04-18 03:02:00+00:00, run_after=2025-04-18 03:04:00+00:00
[2025-04-18T12:05:18.620+0900] {processor.py:208} INFO - Processing /home/kim/airflow_tutorial/py_env/lib/python3.10/site-packages/airflow/example_dags/example_sla_dag.py took 0.197 seconds
[2025-04-18T12:05:49.317+0900] {processor.py:186} INFO - Started process (PID=654076) to work on /home/kim/airflow_tutorial/py_env/lib/python3.10/site-packages/airflow/example_dags/example_sla_dag.py
[2025-04-18T12:05:49.318+0900] {processor.py:914} INFO - Processing file /home/kim/airflow_tutorial/py_env/lib/python3.10/site-packages/airflow/example_dags/example_sla_dag.py for tasks to queue
[2025-04-18T12:05:49.320+0900] {logging_mixin.py:190} INFO - [2025-04-18T12:05:49.320+0900] {dagbag.py:588} INFO - Filling up the DagBag from /home/kim/airflow_tutorial/py_env/lib/python3.10/site-packages/airflow/example_dags/example_sla_dag.py
[2025-04-18T12:05:49.329+0900] {processor.py:925} INFO - DAG(s) 'example_sla_dag' retrieved from /home/kim/airflow_tutorial/py_env/lib/python3.10/site-packages/airflow/example_dags/example_sla_dag.py
[2025-04-18T12:05:49.352+0900] {logging_mixin.py:190} INFO - [2025-04-18T12:05:49.352+0900] {dag.py:3239} INFO - Sync 1 DAGs
[2025-04-18T12:05:49.376+0900] {logging_mixin.py:190} INFO - [2025-04-18T12:05:49.376+0900] {dag.py:4180} INFO - Setting next_dagrun for example_sla_dag to 2025-04-18 03:02:00+00:00, run_after=2025-04-18 03:04:00+00:00
[2025-04-18T12:05:49.395+0900] {processor.py:208} INFO - Processing /home/kim/airflow_tutorial/py_env/lib/python3.10/site-packages/airflow/example_dags/example_sla_dag.py took 0.083 seconds
[2025-04-18T12:06:20.111+0900] {processor.py:186} INFO - Started process (PID=654459) to work on /home/kim/airflow_tutorial/py_env/lib/python3.10/site-packages/airflow/example_dags/example_sla_dag.py
[2025-04-18T12:06:20.112+0900] {processor.py:914} INFO - Processing file /home/kim/airflow_tutorial/py_env/lib/python3.10/site-packages/airflow/example_dags/example_sla_dag.py for tasks to queue
[2025-04-18T12:06:20.113+0900] {logging_mixin.py:190} INFO - [2025-04-18T12:06:20.113+0900] {dagbag.py:588} INFO - Filling up the DagBag from /home/kim/airflow_tutorial/py_env/lib/python3.10/site-packages/airflow/example_dags/example_sla_dag.py
[2025-04-18T12:06:20.122+0900] {processor.py:925} INFO - DAG(s) 'example_sla_dag' retrieved from /home/kim/airflow_tutorial/py_env/lib/python3.10/site-packages/airflow/example_dags/example_sla_dag.py
[2025-04-18T12:06:20.143+0900] {logging_mixin.py:190} INFO - [2025-04-18T12:06:20.143+0900] {dag.py:3239} INFO - Sync 1 DAGs
[2025-04-18T12:06:20.169+0900] {logging_mixin.py:190} INFO - [2025-04-18T12:06:20.168+0900] {dag.py:4180} INFO - Setting next_dagrun for example_sla_dag to 2025-04-18 03:04:00+00:00, run_after=2025-04-18 03:06:00+00:00
[2025-04-18T12:06:20.194+0900] {processor.py:208} INFO - Processing /home/kim/airflow_tutorial/py_env/lib/python3.10/site-packages/airflow/example_dags/example_sla_dag.py took 0.088 seconds
