[2025-04-18T11:13:46.600+0900] {processor.py:186} INFO - Started process (PID=637912) to work on /home/kim/airflow_tutorial/py_env/lib/python3.10/site-packages/airflow/example_dags/example_branch_python_dop_operator_3.py
[2025-04-18T11:13:46.601+0900] {processor.py:914} INFO - Processing file /home/kim/airflow_tutorial/py_env/lib/python3.10/site-packages/airflow/example_dags/example_branch_python_dop_operator_3.py for tasks to queue
[2025-04-18T11:13:46.604+0900] {logging_mixin.py:190} INFO - [2025-04-18T11:13:46.604+0900] {dagbag.py:588} INFO - Filling up the DagBag from /home/kim/airflow_tutorial/py_env/lib/python3.10/site-packages/airflow/example_dags/example_branch_python_dop_operator_3.py
[2025-04-18T11:13:46.614+0900] {processor.py:925} INFO - DAG(s) 'example_branch_dop_operator_v3' retrieved from /home/kim/airflow_tutorial/py_env/lib/python3.10/site-packages/airflow/example_dags/example_branch_python_dop_operator_3.py
[2025-04-18T11:13:46.682+0900] {logging_mixin.py:190} INFO - [2025-04-18T11:13:46.681+0900] {override.py:1912} INFO - Created Permission View: can delete on DAG:example_branch_dop_operator_v3
[2025-04-18T11:13:46.691+0900] {logging_mixin.py:190} INFO - [2025-04-18T11:13:46.691+0900] {override.py:1912} INFO - Created Permission View: can edit on DAG:example_branch_dop_operator_v3
[2025-04-18T11:13:46.698+0900] {logging_mixin.py:190} INFO - [2025-04-18T11:13:46.698+0900] {override.py:1912} INFO - Created Permission View: can read on DAG:example_branch_dop_operator_v3
[2025-04-18T11:13:46.709+0900] {logging_mixin.py:190} INFO - [2025-04-18T11:13:46.709+0900] {override.py:1912} INFO - Created Permission View: can delete on DAG Run:example_branch_dop_operator_v3
[2025-04-18T11:13:46.717+0900] {logging_mixin.py:190} INFO - [2025-04-18T11:13:46.717+0900] {override.py:1912} INFO - Created Permission View: can create on DAG Run:example_branch_dop_operator_v3
[2025-04-18T11:13:46.725+0900] {logging_mixin.py:190} INFO - [2025-04-18T11:13:46.725+0900] {override.py:1912} INFO - Created Permission View: menu access on DAG Run:example_branch_dop_operator_v3
[2025-04-18T11:13:46.733+0900] {logging_mixin.py:190} INFO - [2025-04-18T11:13:46.733+0900] {override.py:1912} INFO - Created Permission View: can read on DAG Run:example_branch_dop_operator_v3
[2025-04-18T11:13:46.734+0900] {logging_mixin.py:190} INFO - [2025-04-18T11:13:46.733+0900] {dag.py:3239} INFO - Sync 1 DAGs
[2025-04-18T11:13:46.743+0900] {logging_mixin.py:190} INFO - [2025-04-18T11:13:46.742+0900] {dag.py:3262} INFO - Creating ORM DAG for example_branch_dop_operator_v3
[2025-04-18T11:13:46.751+0900] {logging_mixin.py:190} INFO - [2025-04-18T11:13:46.751+0900] {dag.py:4180} INFO - Setting next_dagrun for example_branch_dop_operator_v3 to 2025-04-18 02:12:00+00:00, run_after=2025-04-18 02:13:00+00:00
[2025-04-18T11:13:46.768+0900] {processor.py:208} INFO - Processing /home/kim/airflow_tutorial/py_env/lib/python3.10/site-packages/airflow/example_dags/example_branch_python_dop_operator_3.py took 0.179 seconds
[2025-04-18T11:14:51.652+0900] {processor.py:186} INFO - Started process (PID=638410) to work on /home/kim/airflow_tutorial/py_env/lib/python3.10/site-packages/airflow/example_dags/example_branch_python_dop_operator_3.py
[2025-04-18T11:14:51.654+0900] {processor.py:914} INFO - Processing file /home/kim/airflow_tutorial/py_env/lib/python3.10/site-packages/airflow/example_dags/example_branch_python_dop_operator_3.py for tasks to queue
[2025-04-18T11:14:51.656+0900] {logging_mixin.py:190} INFO - [2025-04-18T11:14:51.655+0900] {dagbag.py:588} INFO - Filling up the DagBag from /home/kim/airflow_tutorial/py_env/lib/python3.10/site-packages/airflow/example_dags/example_branch_python_dop_operator_3.py
[2025-04-18T11:14:51.665+0900] {processor.py:925} INFO - DAG(s) 'example_branch_dop_operator_v3' retrieved from /home/kim/airflow_tutorial/py_env/lib/python3.10/site-packages/airflow/example_dags/example_branch_python_dop_operator_3.py
[2025-04-18T11:14:51.682+0900] {logging_mixin.py:190} INFO - [2025-04-18T11:14:51.682+0900] {dag.py:3239} INFO - Sync 1 DAGs
[2025-04-18T11:14:51.706+0900] {logging_mixin.py:190} INFO - [2025-04-18T11:14:51.706+0900] {dag.py:4180} INFO - Setting next_dagrun for example_branch_dop_operator_v3 to 2025-04-18 02:13:00+00:00, run_after=2025-04-18 02:14:00+00:00
[2025-04-18T11:14:51.726+0900] {processor.py:208} INFO - Processing /home/kim/airflow_tutorial/py_env/lib/python3.10/site-packages/airflow/example_dags/example_branch_python_dop_operator_3.py took 0.080 seconds
[2025-04-18T11:15:51.044+0900] {processor.py:186} INFO - Started process (PID=638833) to work on /home/kim/airflow_tutorial/py_env/lib/python3.10/site-packages/airflow/example_dags/example_branch_python_dop_operator_3.py
[2025-04-18T11:15:51.046+0900] {processor.py:914} INFO - Processing file /home/kim/airflow_tutorial/py_env/lib/python3.10/site-packages/airflow/example_dags/example_branch_python_dop_operator_3.py for tasks to queue
[2025-04-18T11:15:51.047+0900] {logging_mixin.py:190} INFO - [2025-04-18T11:15:51.047+0900] {dagbag.py:588} INFO - Filling up the DagBag from /home/kim/airflow_tutorial/py_env/lib/python3.10/site-packages/airflow/example_dags/example_branch_python_dop_operator_3.py
[2025-04-18T11:15:51.055+0900] {processor.py:925} INFO - DAG(s) 'example_branch_dop_operator_v3' retrieved from /home/kim/airflow_tutorial/py_env/lib/python3.10/site-packages/airflow/example_dags/example_branch_python_dop_operator_3.py
[2025-04-18T11:15:51.066+0900] {logging_mixin.py:190} INFO - [2025-04-18T11:15:51.066+0900] {dag.py:3239} INFO - Sync 1 DAGs
[2025-04-18T11:15:51.081+0900] {logging_mixin.py:190} INFO - [2025-04-18T11:15:51.081+0900] {dag.py:4180} INFO - Setting next_dagrun for example_branch_dop_operator_v3 to 2025-04-18 02:14:00+00:00, run_after=2025-04-18 02:15:00+00:00
[2025-04-18T11:15:51.097+0900] {processor.py:208} INFO - Processing /home/kim/airflow_tutorial/py_env/lib/python3.10/site-packages/airflow/example_dags/example_branch_python_dop_operator_3.py took 0.057 seconds
[2025-04-18T11:16:51.277+0900] {processor.py:186} INFO - Started process (PID=639570) to work on /home/kim/airflow_tutorial/py_env/lib/python3.10/site-packages/airflow/example_dags/example_branch_python_dop_operator_3.py
[2025-04-18T11:16:51.279+0900] {processor.py:914} INFO - Processing file /home/kim/airflow_tutorial/py_env/lib/python3.10/site-packages/airflow/example_dags/example_branch_python_dop_operator_3.py for tasks to queue
[2025-04-18T11:16:51.280+0900] {logging_mixin.py:190} INFO - [2025-04-18T11:16:51.280+0900] {dagbag.py:588} INFO - Filling up the DagBag from /home/kim/airflow_tutorial/py_env/lib/python3.10/site-packages/airflow/example_dags/example_branch_python_dop_operator_3.py
[2025-04-18T11:16:51.288+0900] {processor.py:925} INFO - DAG(s) 'example_branch_dop_operator_v3' retrieved from /home/kim/airflow_tutorial/py_env/lib/python3.10/site-packages/airflow/example_dags/example_branch_python_dop_operator_3.py
[2025-04-18T11:16:51.299+0900] {logging_mixin.py:190} INFO - [2025-04-18T11:16:51.298+0900] {dag.py:3239} INFO - Sync 1 DAGs
[2025-04-18T11:16:51.318+0900] {logging_mixin.py:190} INFO - [2025-04-18T11:16:51.317+0900] {dag.py:4180} INFO - Setting next_dagrun for example_branch_dop_operator_v3 to 2025-04-18 02:15:00+00:00, run_after=2025-04-18 02:16:00+00:00
[2025-04-18T11:16:51.334+0900] {processor.py:208} INFO - Processing /home/kim/airflow_tutorial/py_env/lib/python3.10/site-packages/airflow/example_dags/example_branch_python_dop_operator_3.py took 0.061 seconds
[2025-04-18T11:17:51.549+0900] {processor.py:186} INFO - Started process (PID=640108) to work on /home/kim/airflow_tutorial/py_env/lib/python3.10/site-packages/airflow/example_dags/example_branch_python_dop_operator_3.py
[2025-04-18T11:17:51.552+0900] {processor.py:914} INFO - Processing file /home/kim/airflow_tutorial/py_env/lib/python3.10/site-packages/airflow/example_dags/example_branch_python_dop_operator_3.py for tasks to queue
[2025-04-18T11:17:51.555+0900] {logging_mixin.py:190} INFO - [2025-04-18T11:17:51.554+0900] {dagbag.py:588} INFO - Filling up the DagBag from /home/kim/airflow_tutorial/py_env/lib/python3.10/site-packages/airflow/example_dags/example_branch_python_dop_operator_3.py
[2025-04-18T11:17:51.565+0900] {processor.py:925} INFO - DAG(s) 'example_branch_dop_operator_v3' retrieved from /home/kim/airflow_tutorial/py_env/lib/python3.10/site-packages/airflow/example_dags/example_branch_python_dop_operator_3.py
[2025-04-18T11:17:51.579+0900] {logging_mixin.py:190} INFO - [2025-04-18T11:17:51.578+0900] {dag.py:3239} INFO - Sync 1 DAGs
[2025-04-18T11:17:51.600+0900] {logging_mixin.py:190} INFO - [2025-04-18T11:17:51.600+0900] {dag.py:4180} INFO - Setting next_dagrun for example_branch_dop_operator_v3 to 2025-04-18 02:16:00+00:00, run_after=2025-04-18 02:17:00+00:00
[2025-04-18T11:17:51.618+0900] {processor.py:208} INFO - Processing /home/kim/airflow_tutorial/py_env/lib/python3.10/site-packages/airflow/example_dags/example_branch_python_dop_operator_3.py took 0.076 seconds
[2025-04-18T11:18:52.118+0900] {processor.py:186} INFO - Started process (PID=640778) to work on /home/kim/airflow_tutorial/py_env/lib/python3.10/site-packages/airflow/example_dags/example_branch_python_dop_operator_3.py
[2025-04-18T11:18:52.120+0900] {processor.py:914} INFO - Processing file /home/kim/airflow_tutorial/py_env/lib/python3.10/site-packages/airflow/example_dags/example_branch_python_dop_operator_3.py for tasks to queue
[2025-04-18T11:18:52.122+0900] {logging_mixin.py:190} INFO - [2025-04-18T11:18:52.121+0900] {dagbag.py:588} INFO - Filling up the DagBag from /home/kim/airflow_tutorial/py_env/lib/python3.10/site-packages/airflow/example_dags/example_branch_python_dop_operator_3.py
[2025-04-18T11:18:52.133+0900] {processor.py:925} INFO - DAG(s) 'example_branch_dop_operator_v3' retrieved from /home/kim/airflow_tutorial/py_env/lib/python3.10/site-packages/airflow/example_dags/example_branch_python_dop_operator_3.py
[2025-04-18T11:18:52.148+0900] {logging_mixin.py:190} INFO - [2025-04-18T11:18:52.147+0900] {dag.py:3239} INFO - Sync 1 DAGs
[2025-04-18T11:18:52.167+0900] {logging_mixin.py:190} INFO - [2025-04-18T11:18:52.167+0900] {dag.py:4180} INFO - Setting next_dagrun for example_branch_dop_operator_v3 to 2025-04-18 02:17:00+00:00, run_after=2025-04-18 02:18:00+00:00
[2025-04-18T11:18:52.191+0900] {processor.py:208} INFO - Processing /home/kim/airflow_tutorial/py_env/lib/python3.10/site-packages/airflow/example_dags/example_branch_python_dop_operator_3.py took 0.080 seconds
[2025-04-18T11:19:47.658+0900] {processor.py:186} INFO - Started process (PID=641061) to work on /home/kim/airflow_tutorial/py_env/lib/python3.10/site-packages/airflow/example_dags/example_branch_python_dop_operator_3.py
[2025-04-18T11:19:47.661+0900] {processor.py:914} INFO - Processing file /home/kim/airflow_tutorial/py_env/lib/python3.10/site-packages/airflow/example_dags/example_branch_python_dop_operator_3.py for tasks to queue
[2025-04-18T11:19:47.665+0900] {logging_mixin.py:190} INFO - [2025-04-18T11:19:47.664+0900] {dagbag.py:588} INFO - Filling up the DagBag from /home/kim/airflow_tutorial/py_env/lib/python3.10/site-packages/airflow/example_dags/example_branch_python_dop_operator_3.py
[2025-04-18T11:19:47.677+0900] {processor.py:925} INFO - DAG(s) 'example_branch_dop_operator_v3' retrieved from /home/kim/airflow_tutorial/py_env/lib/python3.10/site-packages/airflow/example_dags/example_branch_python_dop_operator_3.py
[2025-04-18T11:19:47.694+0900] {logging_mixin.py:190} INFO - [2025-04-18T11:19:47.694+0900] {dag.py:3239} INFO - Sync 1 DAGs
[2025-04-18T11:19:47.719+0900] {logging_mixin.py:190} INFO - [2025-04-18T11:19:47.719+0900] {dag.py:4180} INFO - Setting next_dagrun for example_branch_dop_operator_v3 to 2025-04-18 02:18:00+00:00, run_after=2025-04-18 02:19:00+00:00
[2025-04-18T11:19:47.742+0900] {processor.py:208} INFO - Processing /home/kim/airflow_tutorial/py_env/lib/python3.10/site-packages/airflow/example_dags/example_branch_python_dop_operator_3.py took 0.090 seconds
[2025-04-18T11:20:48.982+0900] {processor.py:186} INFO - Started process (PID=641360) to work on /home/kim/airflow_tutorial/py_env/lib/python3.10/site-packages/airflow/example_dags/example_branch_python_dop_operator_3.py
[2025-04-18T11:20:48.984+0900] {processor.py:914} INFO - Processing file /home/kim/airflow_tutorial/py_env/lib/python3.10/site-packages/airflow/example_dags/example_branch_python_dop_operator_3.py for tasks to queue
[2025-04-18T11:20:48.986+0900] {logging_mixin.py:190} INFO - [2025-04-18T11:20:48.985+0900] {dagbag.py:588} INFO - Filling up the DagBag from /home/kim/airflow_tutorial/py_env/lib/python3.10/site-packages/airflow/example_dags/example_branch_python_dop_operator_3.py
[2025-04-18T11:20:48.993+0900] {processor.py:925} INFO - DAG(s) 'example_branch_dop_operator_v3' retrieved from /home/kim/airflow_tutorial/py_env/lib/python3.10/site-packages/airflow/example_dags/example_branch_python_dop_operator_3.py
[2025-04-18T11:20:49.003+0900] {logging_mixin.py:190} INFO - [2025-04-18T11:20:49.003+0900] {dag.py:3239} INFO - Sync 1 DAGs
[2025-04-18T11:20:49.017+0900] {logging_mixin.py:190} INFO - [2025-04-18T11:20:49.017+0900] {dag.py:4180} INFO - Setting next_dagrun for example_branch_dop_operator_v3 to 2025-04-18 02:19:00+00:00, run_after=2025-04-18 02:20:00+00:00
[2025-04-18T11:20:49.032+0900] {processor.py:208} INFO - Processing /home/kim/airflow_tutorial/py_env/lib/python3.10/site-packages/airflow/example_dags/example_branch_python_dop_operator_3.py took 0.054 seconds
[2025-04-18T11:21:50.228+0900] {processor.py:186} INFO - Started process (PID=641651) to work on /home/kim/airflow_tutorial/py_env/lib/python3.10/site-packages/airflow/example_dags/example_branch_python_dop_operator_3.py
[2025-04-18T11:21:50.231+0900] {processor.py:914} INFO - Processing file /home/kim/airflow_tutorial/py_env/lib/python3.10/site-packages/airflow/example_dags/example_branch_python_dop_operator_3.py for tasks to queue
[2025-04-18T11:21:50.234+0900] {logging_mixin.py:190} INFO - [2025-04-18T11:21:50.234+0900] {dagbag.py:588} INFO - Filling up the DagBag from /home/kim/airflow_tutorial/py_env/lib/python3.10/site-packages/airflow/example_dags/example_branch_python_dop_operator_3.py
[2025-04-18T11:21:50.245+0900] {processor.py:925} INFO - DAG(s) 'example_branch_dop_operator_v3' retrieved from /home/kim/airflow_tutorial/py_env/lib/python3.10/site-packages/airflow/example_dags/example_branch_python_dop_operator_3.py
[2025-04-18T11:21:50.258+0900] {logging_mixin.py:190} INFO - [2025-04-18T11:21:50.257+0900] {dag.py:3239} INFO - Sync 1 DAGs
[2025-04-18T11:21:50.277+0900] {logging_mixin.py:190} INFO - [2025-04-18T11:21:50.277+0900] {dag.py:4180} INFO - Setting next_dagrun for example_branch_dop_operator_v3 to 2025-04-18 02:20:00+00:00, run_after=2025-04-18 02:21:00+00:00
[2025-04-18T11:21:50.293+0900] {processor.py:208} INFO - Processing /home/kim/airflow_tutorial/py_env/lib/python3.10/site-packages/airflow/example_dags/example_branch_python_dop_operator_3.py took 0.070 seconds
[2025-04-18T11:22:51.399+0900] {processor.py:186} INFO - Started process (PID=642106) to work on /home/kim/airflow_tutorial/py_env/lib/python3.10/site-packages/airflow/example_dags/example_branch_python_dop_operator_3.py
[2025-04-18T11:22:51.402+0900] {processor.py:914} INFO - Processing file /home/kim/airflow_tutorial/py_env/lib/python3.10/site-packages/airflow/example_dags/example_branch_python_dop_operator_3.py for tasks to queue
[2025-04-18T11:22:51.403+0900] {logging_mixin.py:190} INFO - [2025-04-18T11:22:51.403+0900] {dagbag.py:588} INFO - Filling up the DagBag from /home/kim/airflow_tutorial/py_env/lib/python3.10/site-packages/airflow/example_dags/example_branch_python_dop_operator_3.py
[2025-04-18T11:22:51.412+0900] {processor.py:925} INFO - DAG(s) 'example_branch_dop_operator_v3' retrieved from /home/kim/airflow_tutorial/py_env/lib/python3.10/site-packages/airflow/example_dags/example_branch_python_dop_operator_3.py
[2025-04-18T11:22:51.423+0900] {logging_mixin.py:190} INFO - [2025-04-18T11:22:51.423+0900] {dag.py:3239} INFO - Sync 1 DAGs
[2025-04-18T11:22:51.439+0900] {logging_mixin.py:190} INFO - [2025-04-18T11:22:51.439+0900] {dag.py:4180} INFO - Setting next_dagrun for example_branch_dop_operator_v3 to 2025-04-18 02:21:00+00:00, run_after=2025-04-18 02:22:00+00:00
[2025-04-18T11:22:51.455+0900] {processor.py:208} INFO - Processing /home/kim/airflow_tutorial/py_env/lib/python3.10/site-packages/airflow/example_dags/example_branch_python_dop_operator_3.py took 0.061 seconds
[2025-04-18T11:23:49.928+0900] {processor.py:186} INFO - Started process (PID=642464) to work on /home/kim/airflow_tutorial/py_env/lib/python3.10/site-packages/airflow/example_dags/example_branch_python_dop_operator_3.py
[2025-04-18T11:23:49.929+0900] {processor.py:914} INFO - Processing file /home/kim/airflow_tutorial/py_env/lib/python3.10/site-packages/airflow/example_dags/example_branch_python_dop_operator_3.py for tasks to queue
[2025-04-18T11:23:49.931+0900] {logging_mixin.py:190} INFO - [2025-04-18T11:23:49.931+0900] {dagbag.py:588} INFO - Filling up the DagBag from /home/kim/airflow_tutorial/py_env/lib/python3.10/site-packages/airflow/example_dags/example_branch_python_dop_operator_3.py
[2025-04-18T11:23:49.939+0900] {processor.py:925} INFO - DAG(s) 'example_branch_dop_operator_v3' retrieved from /home/kim/airflow_tutorial/py_env/lib/python3.10/site-packages/airflow/example_dags/example_branch_python_dop_operator_3.py
[2025-04-18T11:23:49.950+0900] {logging_mixin.py:190} INFO - [2025-04-18T11:23:49.949+0900] {dag.py:3239} INFO - Sync 1 DAGs
[2025-04-18T11:23:49.965+0900] {logging_mixin.py:190} INFO - [2025-04-18T11:23:49.965+0900] {dag.py:4180} INFO - Setting next_dagrun for example_branch_dop_operator_v3 to 2025-04-18 02:22:00+00:00, run_after=2025-04-18 02:23:00+00:00
[2025-04-18T11:23:49.981+0900] {processor.py:208} INFO - Processing /home/kim/airflow_tutorial/py_env/lib/python3.10/site-packages/airflow/example_dags/example_branch_python_dop_operator_3.py took 0.057 seconds
[2025-04-18T11:24:49.555+0900] {processor.py:186} INFO - Started process (PID=642759) to work on /home/kim/airflow_tutorial/py_env/lib/python3.10/site-packages/airflow/example_dags/example_branch_python_dop_operator_3.py
[2025-04-18T11:24:49.558+0900] {processor.py:914} INFO - Processing file /home/kim/airflow_tutorial/py_env/lib/python3.10/site-packages/airflow/example_dags/example_branch_python_dop_operator_3.py for tasks to queue
[2025-04-18T11:24:49.560+0900] {logging_mixin.py:190} INFO - [2025-04-18T11:24:49.559+0900] {dagbag.py:588} INFO - Filling up the DagBag from /home/kim/airflow_tutorial/py_env/lib/python3.10/site-packages/airflow/example_dags/example_branch_python_dop_operator_3.py
[2025-04-18T11:24:49.568+0900] {processor.py:925} INFO - DAG(s) 'example_branch_dop_operator_v3' retrieved from /home/kim/airflow_tutorial/py_env/lib/python3.10/site-packages/airflow/example_dags/example_branch_python_dop_operator_3.py
[2025-04-18T11:24:49.578+0900] {logging_mixin.py:190} INFO - [2025-04-18T11:24:49.578+0900] {dag.py:3239} INFO - Sync 1 DAGs
[2025-04-18T11:24:49.595+0900] {logging_mixin.py:190} INFO - [2025-04-18T11:24:49.595+0900] {dag.py:4180} INFO - Setting next_dagrun for example_branch_dop_operator_v3 to 2025-04-18 02:23:00+00:00, run_after=2025-04-18 02:24:00+00:00
[2025-04-18T11:24:49.610+0900] {processor.py:208} INFO - Processing /home/kim/airflow_tutorial/py_env/lib/python3.10/site-packages/airflow/example_dags/example_branch_python_dop_operator_3.py took 0.059 seconds
[2025-04-18T12:03:14.183+0900] {processor.py:186} INFO - Started process (PID=651891) to work on /home/kim/airflow_tutorial/py_env/lib/python3.10/site-packages/airflow/example_dags/example_branch_python_dop_operator_3.py
[2025-04-18T12:03:14.184+0900] {processor.py:914} INFO - Processing file /home/kim/airflow_tutorial/py_env/lib/python3.10/site-packages/airflow/example_dags/example_branch_python_dop_operator_3.py for tasks to queue
[2025-04-18T12:03:14.186+0900] {logging_mixin.py:190} INFO - [2025-04-18T12:03:14.186+0900] {dagbag.py:588} INFO - Filling up the DagBag from /home/kim/airflow_tutorial/py_env/lib/python3.10/site-packages/airflow/example_dags/example_branch_python_dop_operator_3.py
[2025-04-18T12:03:14.196+0900] {processor.py:925} INFO - DAG(s) 'example_branch_dop_operator_v3' retrieved from /home/kim/airflow_tutorial/py_env/lib/python3.10/site-packages/airflow/example_dags/example_branch_python_dop_operator_3.py
[2025-04-18T12:03:14.278+0900] {logging_mixin.py:190} INFO - [2025-04-18T12:03:14.277+0900] {override.py:1912} INFO - Created Permission View: can read on DAG:example_branch_dop_operator_v3
[2025-04-18T12:03:14.289+0900] {logging_mixin.py:190} INFO - [2025-04-18T12:03:14.288+0900] {override.py:1912} INFO - Created Permission View: can edit on DAG:example_branch_dop_operator_v3
[2025-04-18T12:03:14.297+0900] {logging_mixin.py:190} INFO - [2025-04-18T12:03:14.296+0900] {override.py:1912} INFO - Created Permission View: can delete on DAG:example_branch_dop_operator_v3
[2025-04-18T12:03:14.308+0900] {logging_mixin.py:190} INFO - [2025-04-18T12:03:14.308+0900] {override.py:1912} INFO - Created Permission View: can read on DAG Run:example_branch_dop_operator_v3
[2025-04-18T12:03:14.319+0900] {logging_mixin.py:190} INFO - [2025-04-18T12:03:14.318+0900] {override.py:1912} INFO - Created Permission View: can create on DAG Run:example_branch_dop_operator_v3
[2025-04-18T12:03:14.330+0900] {logging_mixin.py:190} INFO - [2025-04-18T12:03:14.330+0900] {override.py:1912} INFO - Created Permission View: menu access on DAG Run:example_branch_dop_operator_v3
[2025-04-18T12:03:14.341+0900] {logging_mixin.py:190} INFO - [2025-04-18T12:03:14.341+0900] {override.py:1912} INFO - Created Permission View: can delete on DAG Run:example_branch_dop_operator_v3
[2025-04-18T12:03:14.342+0900] {logging_mixin.py:190} INFO - [2025-04-18T12:03:14.341+0900] {dag.py:3239} INFO - Sync 1 DAGs
[2025-04-18T12:03:14.356+0900] {logging_mixin.py:190} INFO - [2025-04-18T12:03:14.356+0900] {dag.py:3262} INFO - Creating ORM DAG for example_branch_dop_operator_v3
[2025-04-18T12:03:14.368+0900] {logging_mixin.py:190} INFO - [2025-04-18T12:03:14.368+0900] {dag.py:4180} INFO - Setting next_dagrun for example_branch_dop_operator_v3 to 2025-04-18 03:02:00+00:00, run_after=2025-04-18 03:03:00+00:00
[2025-04-18T12:03:14.386+0900] {processor.py:208} INFO - Processing /home/kim/airflow_tutorial/py_env/lib/python3.10/site-packages/airflow/example_dags/example_branch_python_dop_operator_3.py took 0.209 seconds
[2025-04-18T12:05:19.900+0900] {processor.py:186} INFO - Started process (PID=653721) to work on /home/kim/airflow_tutorial/py_env/lib/python3.10/site-packages/airflow/example_dags/example_branch_python_dop_operator_3.py
[2025-04-18T12:05:19.901+0900] {processor.py:914} INFO - Processing file /home/kim/airflow_tutorial/py_env/lib/python3.10/site-packages/airflow/example_dags/example_branch_python_dop_operator_3.py for tasks to queue
[2025-04-18T12:05:19.903+0900] {logging_mixin.py:190} INFO - [2025-04-18T12:05:19.903+0900] {dagbag.py:588} INFO - Filling up the DagBag from /home/kim/airflow_tutorial/py_env/lib/python3.10/site-packages/airflow/example_dags/example_branch_python_dop_operator_3.py
[2025-04-18T12:05:19.913+0900] {processor.py:925} INFO - DAG(s) 'example_branch_dop_operator_v3' retrieved from /home/kim/airflow_tutorial/py_env/lib/python3.10/site-packages/airflow/example_dags/example_branch_python_dop_operator_3.py
[2025-04-18T12:05:19.938+0900] {logging_mixin.py:190} INFO - [2025-04-18T12:05:19.938+0900] {dag.py:3239} INFO - Sync 1 DAGs
[2025-04-18T12:05:19.961+0900] {logging_mixin.py:190} INFO - [2025-04-18T12:05:19.960+0900] {dag.py:4180} INFO - Setting next_dagrun for example_branch_dop_operator_v3 to 2025-04-18 03:04:00+00:00, run_after=2025-04-18 03:05:00+00:00
[2025-04-18T12:05:19.979+0900] {processor.py:208} INFO - Processing /home/kim/airflow_tutorial/py_env/lib/python3.10/site-packages/airflow/example_dags/example_branch_python_dop_operator_3.py took 0.086 seconds
[2025-04-18T12:05:50.838+0900] {processor.py:186} INFO - Started process (PID=654199) to work on /home/kim/airflow_tutorial/py_env/lib/python3.10/site-packages/airflow/example_dags/example_branch_python_dop_operator_3.py
[2025-04-18T12:05:50.839+0900] {processor.py:914} INFO - Processing file /home/kim/airflow_tutorial/py_env/lib/python3.10/site-packages/airflow/example_dags/example_branch_python_dop_operator_3.py for tasks to queue
[2025-04-18T12:05:50.840+0900] {logging_mixin.py:190} INFO - [2025-04-18T12:05:50.840+0900] {dagbag.py:588} INFO - Filling up the DagBag from /home/kim/airflow_tutorial/py_env/lib/python3.10/site-packages/airflow/example_dags/example_branch_python_dop_operator_3.py
[2025-04-18T12:05:50.849+0900] {processor.py:925} INFO - DAG(s) 'example_branch_dop_operator_v3' retrieved from /home/kim/airflow_tutorial/py_env/lib/python3.10/site-packages/airflow/example_dags/example_branch_python_dop_operator_3.py
[2025-04-18T12:05:50.869+0900] {logging_mixin.py:190} INFO - [2025-04-18T12:05:50.869+0900] {dag.py:3239} INFO - Sync 1 DAGs
[2025-04-18T12:05:50.890+0900] {logging_mixin.py:190} INFO - [2025-04-18T12:05:50.889+0900] {dag.py:4180} INFO - Setting next_dagrun for example_branch_dop_operator_v3 to 2025-04-18 03:04:00+00:00, run_after=2025-04-18 03:05:00+00:00
[2025-04-18T12:05:50.907+0900] {processor.py:208} INFO - Processing /home/kim/airflow_tutorial/py_env/lib/python3.10/site-packages/airflow/example_dags/example_branch_python_dop_operator_3.py took 0.074 seconds
[2025-04-18T12:06:21.262+0900] {processor.py:186} INFO - Started process (PID=654579) to work on /home/kim/airflow_tutorial/py_env/lib/python3.10/site-packages/airflow/example_dags/example_branch_python_dop_operator_3.py
[2025-04-18T12:06:21.263+0900] {processor.py:914} INFO - Processing file /home/kim/airflow_tutorial/py_env/lib/python3.10/site-packages/airflow/example_dags/example_branch_python_dop_operator_3.py for tasks to queue
[2025-04-18T12:06:21.265+0900] {logging_mixin.py:190} INFO - [2025-04-18T12:06:21.265+0900] {dagbag.py:588} INFO - Filling up the DagBag from /home/kim/airflow_tutorial/py_env/lib/python3.10/site-packages/airflow/example_dags/example_branch_python_dop_operator_3.py
[2025-04-18T12:06:21.276+0900] {processor.py:925} INFO - DAG(s) 'example_branch_dop_operator_v3' retrieved from /home/kim/airflow_tutorial/py_env/lib/python3.10/site-packages/airflow/example_dags/example_branch_python_dop_operator_3.py
[2025-04-18T12:06:21.302+0900] {logging_mixin.py:190} INFO - [2025-04-18T12:06:21.302+0900] {dag.py:3239} INFO - Sync 1 DAGs
[2025-04-18T12:06:21.330+0900] {logging_mixin.py:190} INFO - [2025-04-18T12:06:21.329+0900] {dag.py:4180} INFO - Setting next_dagrun for example_branch_dop_operator_v3 to 2025-04-18 03:05:00+00:00, run_after=2025-04-18 03:06:00+00:00
[2025-04-18T12:06:21.355+0900] {processor.py:208} INFO - Processing /home/kim/airflow_tutorial/py_env/lib/python3.10/site-packages/airflow/example_dags/example_branch_python_dop_operator_3.py took 0.100 seconds
