[2025-04-18T11:13:41.347+0900] {processor.py:186} INFO - Started process (PID=637889) to work on /home/kim/airflow_tutorial/py_env/lib/python3.10/site-packages/airflow/example_dags/example_bash_operator.py
[2025-04-18T11:13:41.348+0900] {processor.py:914} INFO - Processing file /home/kim/airflow_tutorial/py_env/lib/python3.10/site-packages/airflow/example_dags/example_bash_operator.py for tasks to queue
[2025-04-18T11:13:41.350+0900] {logging_mixin.py:190} INFO - [2025-04-18T11:13:41.349+0900] {dagbag.py:588} INFO - Filling up the DagBag from /home/kim/airflow_tutorial/py_env/lib/python3.10/site-packages/airflow/example_dags/example_bash_operator.py
[2025-04-18T11:13:41.359+0900] {processor.py:925} INFO - DAG(s) 'example_bash_operator' retrieved from /home/kim/airflow_tutorial/py_env/lib/python3.10/site-packages/airflow/example_dags/example_bash_operator.py
[2025-04-18T11:13:41.427+0900] {logging_mixin.py:190} INFO - [2025-04-18T11:13:41.426+0900] {override.py:1912} INFO - Created Permission View: can delete on DAG:example_bash_operator
[2025-04-18T11:13:41.435+0900] {logging_mixin.py:190} INFO - [2025-04-18T11:13:41.435+0900] {override.py:1912} INFO - Created Permission View: can edit on DAG:example_bash_operator
[2025-04-18T11:13:41.440+0900] {logging_mixin.py:190} INFO - [2025-04-18T11:13:41.440+0900] {override.py:1912} INFO - Created Permission View: can read on DAG:example_bash_operator
[2025-04-18T11:13:41.450+0900] {logging_mixin.py:190} INFO - [2025-04-18T11:13:41.450+0900] {override.py:1912} INFO - Created Permission View: can delete on DAG Run:example_bash_operator
[2025-04-18T11:13:41.456+0900] {logging_mixin.py:190} INFO - [2025-04-18T11:13:41.456+0900] {override.py:1912} INFO - Created Permission View: can create on DAG Run:example_bash_operator
[2025-04-18T11:13:41.463+0900] {logging_mixin.py:190} INFO - [2025-04-18T11:13:41.462+0900] {override.py:1912} INFO - Created Permission View: menu access on DAG Run:example_bash_operator
[2025-04-18T11:13:41.468+0900] {logging_mixin.py:190} INFO - [2025-04-18T11:13:41.468+0900] {override.py:1912} INFO - Created Permission View: can read on DAG Run:example_bash_operator
[2025-04-18T11:13:41.469+0900] {logging_mixin.py:190} INFO - [2025-04-18T11:13:41.469+0900] {dag.py:3239} INFO - Sync 1 DAGs
[2025-04-18T11:13:41.478+0900] {logging_mixin.py:190} INFO - [2025-04-18T11:13:41.478+0900] {dag.py:3262} INFO - Creating ORM DAG for example_bash_operator
[2025-04-18T11:13:41.484+0900] {logging_mixin.py:190} INFO - [2025-04-18T11:13:41.484+0900] {dag.py:4180} INFO - Setting next_dagrun for example_bash_operator to 2025-04-17 00:00:00+00:00, run_after=2025-04-18 00:00:00+00:00
[2025-04-18T11:13:41.502+0900] {processor.py:208} INFO - Processing /home/kim/airflow_tutorial/py_env/lib/python3.10/site-packages/airflow/example_dags/example_bash_operator.py took 0.159 seconds
[2025-04-18T11:14:46.214+0900] {processor.py:186} INFO - Started process (PID=638318) to work on /home/kim/airflow_tutorial/py_env/lib/python3.10/site-packages/airflow/example_dags/example_bash_operator.py
[2025-04-18T11:14:46.216+0900] {processor.py:914} INFO - Processing file /home/kim/airflow_tutorial/py_env/lib/python3.10/site-packages/airflow/example_dags/example_bash_operator.py for tasks to queue
[2025-04-18T11:14:46.217+0900] {logging_mixin.py:190} INFO - [2025-04-18T11:14:46.217+0900] {dagbag.py:588} INFO - Filling up the DagBag from /home/kim/airflow_tutorial/py_env/lib/python3.10/site-packages/airflow/example_dags/example_bash_operator.py
[2025-04-18T11:14:46.228+0900] {processor.py:925} INFO - DAG(s) 'example_bash_operator' retrieved from /home/kim/airflow_tutorial/py_env/lib/python3.10/site-packages/airflow/example_dags/example_bash_operator.py
[2025-04-18T11:14:46.248+0900] {logging_mixin.py:190} INFO - [2025-04-18T11:14:46.248+0900] {dag.py:3239} INFO - Sync 1 DAGs
[2025-04-18T11:14:46.266+0900] {logging_mixin.py:190} INFO - [2025-04-18T11:14:46.266+0900] {dag.py:4180} INFO - Setting next_dagrun for example_bash_operator to 2025-04-17 00:00:00+00:00, run_after=2025-04-18 00:00:00+00:00
[2025-04-18T11:14:46.288+0900] {processor.py:208} INFO - Processing /home/kim/airflow_tutorial/py_env/lib/python3.10/site-packages/airflow/example_dags/example_bash_operator.py took 0.080 seconds
[2025-04-18T11:15:45.894+0900] {processor.py:186} INFO - Started process (PID=638810) to work on /home/kim/airflow_tutorial/py_env/lib/python3.10/site-packages/airflow/example_dags/example_bash_operator.py
[2025-04-18T11:15:45.896+0900] {processor.py:914} INFO - Processing file /home/kim/airflow_tutorial/py_env/lib/python3.10/site-packages/airflow/example_dags/example_bash_operator.py for tasks to queue
[2025-04-18T11:15:45.897+0900] {logging_mixin.py:190} INFO - [2025-04-18T11:15:45.897+0900] {dagbag.py:588} INFO - Filling up the DagBag from /home/kim/airflow_tutorial/py_env/lib/python3.10/site-packages/airflow/example_dags/example_bash_operator.py
[2025-04-18T11:15:45.907+0900] {processor.py:925} INFO - DAG(s) 'example_bash_operator' retrieved from /home/kim/airflow_tutorial/py_env/lib/python3.10/site-packages/airflow/example_dags/example_bash_operator.py
[2025-04-18T11:15:45.923+0900] {logging_mixin.py:190} INFO - [2025-04-18T11:15:45.923+0900] {dag.py:3239} INFO - Sync 1 DAGs
[2025-04-18T11:15:45.937+0900] {logging_mixin.py:190} INFO - [2025-04-18T11:15:45.937+0900] {dag.py:4180} INFO - Setting next_dagrun for example_bash_operator to 2025-04-17 00:00:00+00:00, run_after=2025-04-18 00:00:00+00:00
[2025-04-18T11:15:45.953+0900] {processor.py:208} INFO - Processing /home/kim/airflow_tutorial/py_env/lib/python3.10/site-packages/airflow/example_dags/example_bash_operator.py took 0.063 seconds
[2025-04-18T11:16:47.284+0900] {processor.py:186} INFO - Started process (PID=639556) to work on /home/kim/airflow_tutorial/py_env/lib/python3.10/site-packages/airflow/example_dags/example_bash_operator.py
[2025-04-18T11:16:47.287+0900] {processor.py:914} INFO - Processing file /home/kim/airflow_tutorial/py_env/lib/python3.10/site-packages/airflow/example_dags/example_bash_operator.py for tasks to queue
[2025-04-18T11:16:47.290+0900] {logging_mixin.py:190} INFO - [2025-04-18T11:16:47.289+0900] {dagbag.py:588} INFO - Filling up the DagBag from /home/kim/airflow_tutorial/py_env/lib/python3.10/site-packages/airflow/example_dags/example_bash_operator.py
[2025-04-18T11:16:47.306+0900] {processor.py:925} INFO - DAG(s) 'example_bash_operator' retrieved from /home/kim/airflow_tutorial/py_env/lib/python3.10/site-packages/airflow/example_dags/example_bash_operator.py
[2025-04-18T11:16:47.330+0900] {logging_mixin.py:190} INFO - [2025-04-18T11:16:47.330+0900] {dag.py:3239} INFO - Sync 1 DAGs
[2025-04-18T11:16:47.352+0900] {logging_mixin.py:190} INFO - [2025-04-18T11:16:47.352+0900] {dag.py:4180} INFO - Setting next_dagrun for example_bash_operator to 2025-04-17 00:00:00+00:00, run_after=2025-04-18 00:00:00+00:00
[2025-04-18T11:16:47.373+0900] {processor.py:208} INFO - Processing /home/kim/airflow_tutorial/py_env/lib/python3.10/site-packages/airflow/example_dags/example_bash_operator.py took 0.095 seconds
[2025-04-18T11:17:46.324+0900] {processor.py:186} INFO - Started process (PID=640091) to work on /home/kim/airflow_tutorial/py_env/lib/python3.10/site-packages/airflow/example_dags/example_bash_operator.py
[2025-04-18T11:17:46.327+0900] {processor.py:914} INFO - Processing file /home/kim/airflow_tutorial/py_env/lib/python3.10/site-packages/airflow/example_dags/example_bash_operator.py for tasks to queue
[2025-04-18T11:17:46.329+0900] {logging_mixin.py:190} INFO - [2025-04-18T11:17:46.329+0900] {dagbag.py:588} INFO - Filling up the DagBag from /home/kim/airflow_tutorial/py_env/lib/python3.10/site-packages/airflow/example_dags/example_bash_operator.py
[2025-04-18T11:17:46.345+0900] {processor.py:925} INFO - DAG(s) 'example_bash_operator' retrieved from /home/kim/airflow_tutorial/py_env/lib/python3.10/site-packages/airflow/example_dags/example_bash_operator.py
[2025-04-18T11:17:46.372+0900] {logging_mixin.py:190} INFO - [2025-04-18T11:17:46.372+0900] {dag.py:3239} INFO - Sync 1 DAGs
[2025-04-18T11:17:46.387+0900] {logging_mixin.py:190} INFO - [2025-04-18T11:17:46.387+0900] {dag.py:4180} INFO - Setting next_dagrun for example_bash_operator to 2025-04-17 00:00:00+00:00, run_after=2025-04-18 00:00:00+00:00
[2025-04-18T11:17:46.404+0900] {processor.py:208} INFO - Processing /home/kim/airflow_tutorial/py_env/lib/python3.10/site-packages/airflow/example_dags/example_bash_operator.py took 0.085 seconds
[2025-04-18T11:18:48.120+0900] {processor.py:186} INFO - Started process (PID=640764) to work on /home/kim/airflow_tutorial/py_env/lib/python3.10/site-packages/airflow/example_dags/example_bash_operator.py
[2025-04-18T11:18:48.122+0900] {processor.py:914} INFO - Processing file /home/kim/airflow_tutorial/py_env/lib/python3.10/site-packages/airflow/example_dags/example_bash_operator.py for tasks to queue
[2025-04-18T11:18:48.124+0900] {logging_mixin.py:190} INFO - [2025-04-18T11:18:48.124+0900] {dagbag.py:588} INFO - Filling up the DagBag from /home/kim/airflow_tutorial/py_env/lib/python3.10/site-packages/airflow/example_dags/example_bash_operator.py
[2025-04-18T11:18:48.134+0900] {processor.py:925} INFO - DAG(s) 'example_bash_operator' retrieved from /home/kim/airflow_tutorial/py_env/lib/python3.10/site-packages/airflow/example_dags/example_bash_operator.py
[2025-04-18T11:18:48.150+0900] {logging_mixin.py:190} INFO - [2025-04-18T11:18:48.150+0900] {dag.py:3239} INFO - Sync 1 DAGs
[2025-04-18T11:18:48.165+0900] {logging_mixin.py:190} INFO - [2025-04-18T11:18:48.165+0900] {dag.py:4180} INFO - Setting next_dagrun for example_bash_operator to 2025-04-17 00:00:00+00:00, run_after=2025-04-18 00:00:00+00:00
[2025-04-18T11:18:48.180+0900] {processor.py:208} INFO - Processing /home/kim/airflow_tutorial/py_env/lib/python3.10/site-packages/airflow/example_dags/example_bash_operator.py took 0.064 seconds
[2025-04-18T11:19:43.654+0900] {processor.py:186} INFO - Started process (PID=641044) to work on /home/kim/airflow_tutorial/py_env/lib/python3.10/site-packages/airflow/example_dags/example_bash_operator.py
[2025-04-18T11:19:43.655+0900] {processor.py:914} INFO - Processing file /home/kim/airflow_tutorial/py_env/lib/python3.10/site-packages/airflow/example_dags/example_bash_operator.py for tasks to queue
[2025-04-18T11:19:43.657+0900] {logging_mixin.py:190} INFO - [2025-04-18T11:19:43.657+0900] {dagbag.py:588} INFO - Filling up the DagBag from /home/kim/airflow_tutorial/py_env/lib/python3.10/site-packages/airflow/example_dags/example_bash_operator.py
[2025-04-18T11:19:43.667+0900] {processor.py:925} INFO - DAG(s) 'example_bash_operator' retrieved from /home/kim/airflow_tutorial/py_env/lib/python3.10/site-packages/airflow/example_dags/example_bash_operator.py
[2025-04-18T11:19:43.682+0900] {logging_mixin.py:190} INFO - [2025-04-18T11:19:43.681+0900] {dag.py:3239} INFO - Sync 1 DAGs
[2025-04-18T11:19:43.695+0900] {logging_mixin.py:190} INFO - [2025-04-18T11:19:43.695+0900] {dag.py:4180} INFO - Setting next_dagrun for example_bash_operator to 2025-04-17 00:00:00+00:00, run_after=2025-04-18 00:00:00+00:00
[2025-04-18T11:19:43.710+0900] {processor.py:208} INFO - Processing /home/kim/airflow_tutorial/py_env/lib/python3.10/site-packages/airflow/example_dags/example_bash_operator.py took 0.061 seconds
[2025-04-18T11:20:43.855+0900] {processor.py:186} INFO - Started process (PID=641337) to work on /home/kim/airflow_tutorial/py_env/lib/python3.10/site-packages/airflow/example_dags/example_bash_operator.py
[2025-04-18T11:20:43.856+0900] {processor.py:914} INFO - Processing file /home/kim/airflow_tutorial/py_env/lib/python3.10/site-packages/airflow/example_dags/example_bash_operator.py for tasks to queue
[2025-04-18T11:20:43.857+0900] {logging_mixin.py:190} INFO - [2025-04-18T11:20:43.857+0900] {dagbag.py:588} INFO - Filling up the DagBag from /home/kim/airflow_tutorial/py_env/lib/python3.10/site-packages/airflow/example_dags/example_bash_operator.py
[2025-04-18T11:20:43.867+0900] {processor.py:925} INFO - DAG(s) 'example_bash_operator' retrieved from /home/kim/airflow_tutorial/py_env/lib/python3.10/site-packages/airflow/example_dags/example_bash_operator.py
[2025-04-18T11:20:43.881+0900] {logging_mixin.py:190} INFO - [2025-04-18T11:20:43.881+0900] {dag.py:3239} INFO - Sync 1 DAGs
[2025-04-18T11:20:43.895+0900] {logging_mixin.py:190} INFO - [2025-04-18T11:20:43.894+0900] {dag.py:4180} INFO - Setting next_dagrun for example_bash_operator to 2025-04-17 00:00:00+00:00, run_after=2025-04-18 00:00:00+00:00
[2025-04-18T11:20:43.910+0900] {processor.py:208} INFO - Processing /home/kim/airflow_tutorial/py_env/lib/python3.10/site-packages/airflow/example_dags/example_bash_operator.py took 0.060 seconds
[2025-04-18T11:21:45.095+0900] {processor.py:186} INFO - Started process (PID=641634) to work on /home/kim/airflow_tutorial/py_env/lib/python3.10/site-packages/airflow/example_dags/example_bash_operator.py
[2025-04-18T11:21:45.097+0900] {processor.py:914} INFO - Processing file /home/kim/airflow_tutorial/py_env/lib/python3.10/site-packages/airflow/example_dags/example_bash_operator.py for tasks to queue
[2025-04-18T11:21:45.099+0900] {logging_mixin.py:190} INFO - [2025-04-18T11:21:45.098+0900] {dagbag.py:588} INFO - Filling up the DagBag from /home/kim/airflow_tutorial/py_env/lib/python3.10/site-packages/airflow/example_dags/example_bash_operator.py
[2025-04-18T11:21:45.108+0900] {processor.py:925} INFO - DAG(s) 'example_bash_operator' retrieved from /home/kim/airflow_tutorial/py_env/lib/python3.10/site-packages/airflow/example_dags/example_bash_operator.py
[2025-04-18T11:21:45.123+0900] {logging_mixin.py:190} INFO - [2025-04-18T11:21:45.123+0900] {dag.py:3239} INFO - Sync 1 DAGs
[2025-04-18T11:21:45.136+0900] {logging_mixin.py:190} INFO - [2025-04-18T11:21:45.136+0900] {dag.py:4180} INFO - Setting next_dagrun for example_bash_operator to 2025-04-17 00:00:00+00:00, run_after=2025-04-18 00:00:00+00:00
[2025-04-18T11:21:45.152+0900] {processor.py:208} INFO - Processing /home/kim/airflow_tutorial/py_env/lib/python3.10/site-packages/airflow/example_dags/example_bash_operator.py took 0.061 seconds
[2025-04-18T11:22:46.261+0900] {processor.py:186} INFO - Started process (PID=642089) to work on /home/kim/airflow_tutorial/py_env/lib/python3.10/site-packages/airflow/example_dags/example_bash_operator.py
[2025-04-18T11:22:46.264+0900] {processor.py:914} INFO - Processing file /home/kim/airflow_tutorial/py_env/lib/python3.10/site-packages/airflow/example_dags/example_bash_operator.py for tasks to queue
[2025-04-18T11:22:46.265+0900] {logging_mixin.py:190} INFO - [2025-04-18T11:22:46.265+0900] {dagbag.py:588} INFO - Filling up the DagBag from /home/kim/airflow_tutorial/py_env/lib/python3.10/site-packages/airflow/example_dags/example_bash_operator.py
[2025-04-18T11:22:46.274+0900] {processor.py:925} INFO - DAG(s) 'example_bash_operator' retrieved from /home/kim/airflow_tutorial/py_env/lib/python3.10/site-packages/airflow/example_dags/example_bash_operator.py
[2025-04-18T11:22:46.289+0900] {logging_mixin.py:190} INFO - [2025-04-18T11:22:46.288+0900] {dag.py:3239} INFO - Sync 1 DAGs
[2025-04-18T11:22:46.302+0900] {logging_mixin.py:190} INFO - [2025-04-18T11:22:46.302+0900] {dag.py:4180} INFO - Setting next_dagrun for example_bash_operator to 2025-04-17 00:00:00+00:00, run_after=2025-04-18 00:00:00+00:00
[2025-04-18T11:22:46.317+0900] {processor.py:208} INFO - Processing /home/kim/airflow_tutorial/py_env/lib/python3.10/site-packages/airflow/example_dags/example_bash_operator.py took 0.060 seconds
[2025-04-18T11:23:45.750+0900] {processor.py:186} INFO - Started process (PID=642375) to work on /home/kim/airflow_tutorial/py_env/lib/python3.10/site-packages/airflow/example_dags/example_bash_operator.py
[2025-04-18T11:23:45.753+0900] {processor.py:914} INFO - Processing file /home/kim/airflow_tutorial/py_env/lib/python3.10/site-packages/airflow/example_dags/example_bash_operator.py for tasks to queue
[2025-04-18T11:23:45.755+0900] {logging_mixin.py:190} INFO - [2025-04-18T11:23:45.754+0900] {dagbag.py:588} INFO - Filling up the DagBag from /home/kim/airflow_tutorial/py_env/lib/python3.10/site-packages/airflow/example_dags/example_bash_operator.py
[2025-04-18T11:23:45.767+0900] {processor.py:925} INFO - DAG(s) 'example_bash_operator' retrieved from /home/kim/airflow_tutorial/py_env/lib/python3.10/site-packages/airflow/example_dags/example_bash_operator.py
[2025-04-18T11:23:45.785+0900] {logging_mixin.py:190} INFO - [2025-04-18T11:23:45.785+0900] {dag.py:3239} INFO - Sync 1 DAGs
[2025-04-18T11:23:45.800+0900] {logging_mixin.py:190} INFO - [2025-04-18T11:23:45.800+0900] {dag.py:4180} INFO - Setting next_dagrun for example_bash_operator to 2025-04-17 00:00:00+00:00, run_after=2025-04-18 00:00:00+00:00
[2025-04-18T11:23:45.816+0900] {processor.py:208} INFO - Processing /home/kim/airflow_tutorial/py_env/lib/python3.10/site-packages/airflow/example_dags/example_bash_operator.py took 0.070 seconds
[2025-04-18T11:24:44.983+0900] {processor.py:186} INFO - Started process (PID=642742) to work on /home/kim/airflow_tutorial/py_env/lib/python3.10/site-packages/airflow/example_dags/example_bash_operator.py
[2025-04-18T11:24:44.984+0900] {processor.py:914} INFO - Processing file /home/kim/airflow_tutorial/py_env/lib/python3.10/site-packages/airflow/example_dags/example_bash_operator.py for tasks to queue
[2025-04-18T11:24:44.987+0900] {logging_mixin.py:190} INFO - [2025-04-18T11:24:44.986+0900] {dagbag.py:588} INFO - Filling up the DagBag from /home/kim/airflow_tutorial/py_env/lib/python3.10/site-packages/airflow/example_dags/example_bash_operator.py
[2025-04-18T11:24:45.000+0900] {processor.py:925} INFO - DAG(s) 'example_bash_operator' retrieved from /home/kim/airflow_tutorial/py_env/lib/python3.10/site-packages/airflow/example_dags/example_bash_operator.py
[2025-04-18T11:24:45.020+0900] {logging_mixin.py:190} INFO - [2025-04-18T11:24:45.019+0900] {dag.py:3239} INFO - Sync 1 DAGs
[2025-04-18T11:24:45.037+0900] {logging_mixin.py:190} INFO - [2025-04-18T11:24:45.037+0900] {dag.py:4180} INFO - Setting next_dagrun for example_bash_operator to 2025-04-17 00:00:00+00:00, run_after=2025-04-18 00:00:00+00:00
[2025-04-18T11:24:45.059+0900] {processor.py:208} INFO - Processing /home/kim/airflow_tutorial/py_env/lib/python3.10/site-packages/airflow/example_dags/example_bash_operator.py took 0.082 seconds
[2025-04-18T12:03:13.557+0900] {processor.py:186} INFO - Started process (PID=651866) to work on /home/kim/airflow_tutorial/py_env/lib/python3.10/site-packages/airflow/example_dags/example_bash_operator.py
[2025-04-18T12:03:13.558+0900] {processor.py:914} INFO - Processing file /home/kim/airflow_tutorial/py_env/lib/python3.10/site-packages/airflow/example_dags/example_bash_operator.py for tasks to queue
[2025-04-18T12:03:13.560+0900] {logging_mixin.py:190} INFO - [2025-04-18T12:03:13.560+0900] {dagbag.py:588} INFO - Filling up the DagBag from /home/kim/airflow_tutorial/py_env/lib/python3.10/site-packages/airflow/example_dags/example_bash_operator.py
[2025-04-18T12:03:13.573+0900] {processor.py:925} INFO - DAG(s) 'example_bash_operator' retrieved from /home/kim/airflow_tutorial/py_env/lib/python3.10/site-packages/airflow/example_dags/example_bash_operator.py
[2025-04-18T12:03:13.652+0900] {logging_mixin.py:190} INFO - [2025-04-18T12:03:13.652+0900] {override.py:1912} INFO - Created Permission View: can read on DAG:example_bash_operator
[2025-04-18T12:03:13.662+0900] {logging_mixin.py:190} INFO - [2025-04-18T12:03:13.662+0900] {override.py:1912} INFO - Created Permission View: can edit on DAG:example_bash_operator
[2025-04-18T12:03:13.670+0900] {logging_mixin.py:190} INFO - [2025-04-18T12:03:13.670+0900] {override.py:1912} INFO - Created Permission View: can delete on DAG:example_bash_operator
[2025-04-18T12:03:13.678+0900] {logging_mixin.py:190} INFO - [2025-04-18T12:03:13.678+0900] {override.py:1912} INFO - Created Permission View: can read on DAG Run:example_bash_operator
[2025-04-18T12:03:13.685+0900] {logging_mixin.py:190} INFO - [2025-04-18T12:03:13.685+0900] {override.py:1912} INFO - Created Permission View: can create on DAG Run:example_bash_operator
[2025-04-18T12:03:13.692+0900] {logging_mixin.py:190} INFO - [2025-04-18T12:03:13.692+0900] {override.py:1912} INFO - Created Permission View: menu access on DAG Run:example_bash_operator
[2025-04-18T12:03:13.700+0900] {logging_mixin.py:190} INFO - [2025-04-18T12:03:13.700+0900] {override.py:1912} INFO - Created Permission View: can delete on DAG Run:example_bash_operator
[2025-04-18T12:03:13.701+0900] {logging_mixin.py:190} INFO - [2025-04-18T12:03:13.700+0900] {dag.py:3239} INFO - Sync 1 DAGs
[2025-04-18T12:03:13.711+0900] {logging_mixin.py:190} INFO - [2025-04-18T12:03:13.710+0900] {dag.py:3262} INFO - Creating ORM DAG for example_bash_operator
[2025-04-18T12:03:13.718+0900] {logging_mixin.py:190} INFO - [2025-04-18T12:03:13.718+0900] {dag.py:4180} INFO - Setting next_dagrun for example_bash_operator to 2025-04-17 00:00:00+00:00, run_after=2025-04-18 00:00:00+00:00
[2025-04-18T12:03:13.733+0900] {processor.py:208} INFO - Processing /home/kim/airflow_tutorial/py_env/lib/python3.10/site-packages/airflow/example_dags/example_bash_operator.py took 0.182 seconds
[2025-04-18T12:05:19.500+0900] {processor.py:186} INFO - Started process (PID=653694) to work on /home/kim/airflow_tutorial/py_env/lib/python3.10/site-packages/airflow/example_dags/example_bash_operator.py
[2025-04-18T12:05:19.501+0900] {processor.py:914} INFO - Processing file /home/kim/airflow_tutorial/py_env/lib/python3.10/site-packages/airflow/example_dags/example_bash_operator.py for tasks to queue
[2025-04-18T12:05:19.503+0900] {logging_mixin.py:190} INFO - [2025-04-18T12:05:19.503+0900] {dagbag.py:588} INFO - Filling up the DagBag from /home/kim/airflow_tutorial/py_env/lib/python3.10/site-packages/airflow/example_dags/example_bash_operator.py
[2025-04-18T12:05:19.516+0900] {processor.py:925} INFO - DAG(s) 'example_bash_operator' retrieved from /home/kim/airflow_tutorial/py_env/lib/python3.10/site-packages/airflow/example_dags/example_bash_operator.py
[2025-04-18T12:05:19.547+0900] {logging_mixin.py:190} INFO - [2025-04-18T12:05:19.547+0900] {dag.py:3239} INFO - Sync 1 DAGs
[2025-04-18T12:05:19.571+0900] {logging_mixin.py:190} INFO - [2025-04-18T12:05:19.571+0900] {dag.py:4180} INFO - Setting next_dagrun for example_bash_operator to 2025-04-17 00:00:00+00:00, run_after=2025-04-18 00:00:00+00:00
[2025-04-18T12:05:19.595+0900] {processor.py:208} INFO - Processing /home/kim/airflow_tutorial/py_env/lib/python3.10/site-packages/airflow/example_dags/example_bash_operator.py took 0.102 seconds
[2025-04-18T12:05:50.480+0900] {processor.py:186} INFO - Started process (PID=654172) to work on /home/kim/airflow_tutorial/py_env/lib/python3.10/site-packages/airflow/example_dags/example_bash_operator.py
[2025-04-18T12:05:50.481+0900] {processor.py:914} INFO - Processing file /home/kim/airflow_tutorial/py_env/lib/python3.10/site-packages/airflow/example_dags/example_bash_operator.py for tasks to queue
[2025-04-18T12:05:50.484+0900] {logging_mixin.py:190} INFO - [2025-04-18T12:05:50.483+0900] {dagbag.py:588} INFO - Filling up the DagBag from /home/kim/airflow_tutorial/py_env/lib/python3.10/site-packages/airflow/example_dags/example_bash_operator.py
[2025-04-18T12:05:50.512+0900] {processor.py:925} INFO - DAG(s) 'example_bash_operator' retrieved from /home/kim/airflow_tutorial/py_env/lib/python3.10/site-packages/airflow/example_dags/example_bash_operator.py
[2025-04-18T12:05:50.546+0900] {logging_mixin.py:190} INFO - [2025-04-18T12:05:50.546+0900] {dag.py:3239} INFO - Sync 1 DAGs
[2025-04-18T12:05:50.571+0900] {logging_mixin.py:190} INFO - [2025-04-18T12:05:50.571+0900] {dag.py:4180} INFO - Setting next_dagrun for example_bash_operator to 2025-04-17 00:00:00+00:00, run_after=2025-04-18 00:00:00+00:00
[2025-04-18T12:05:50.591+0900] {processor.py:208} INFO - Processing /home/kim/airflow_tutorial/py_env/lib/python3.10/site-packages/airflow/example_dags/example_bash_operator.py took 0.119 seconds
[2025-04-18T12:06:21.003+0900] {processor.py:186} INFO - Started process (PID=654551) to work on /home/kim/airflow_tutorial/py_env/lib/python3.10/site-packages/airflow/example_dags/example_bash_operator.py
[2025-04-18T12:06:21.004+0900] {processor.py:914} INFO - Processing file /home/kim/airflow_tutorial/py_env/lib/python3.10/site-packages/airflow/example_dags/example_bash_operator.py for tasks to queue
[2025-04-18T12:06:21.005+0900] {logging_mixin.py:190} INFO - [2025-04-18T12:06:21.005+0900] {dagbag.py:588} INFO - Filling up the DagBag from /home/kim/airflow_tutorial/py_env/lib/python3.10/site-packages/airflow/example_dags/example_bash_operator.py
[2025-04-18T12:06:21.015+0900] {processor.py:925} INFO - DAG(s) 'example_bash_operator' retrieved from /home/kim/airflow_tutorial/py_env/lib/python3.10/site-packages/airflow/example_dags/example_bash_operator.py
[2025-04-18T12:06:21.043+0900] {logging_mixin.py:190} INFO - [2025-04-18T12:06:21.042+0900] {dag.py:3239} INFO - Sync 1 DAGs
[2025-04-18T12:06:21.064+0900] {logging_mixin.py:190} INFO - [2025-04-18T12:06:21.064+0900] {dag.py:4180} INFO - Setting next_dagrun for example_bash_operator to 2025-04-17 00:00:00+00:00, run_after=2025-04-18 00:00:00+00:00
[2025-04-18T12:06:21.086+0900] {processor.py:208} INFO - Processing /home/kim/airflow_tutorial/py_env/lib/python3.10/site-packages/airflow/example_dags/example_bash_operator.py took 0.088 seconds
