[2025-04-18T11:13:34.661+0900] {processor.py:186} INFO - Started process (PID=637864) to work on /home/kim/airflow_tutorial/py_env/lib/python3.10/site-packages/airflow/example_dags/example_params_trigger_ui.py
[2025-04-18T11:13:34.663+0900] {processor.py:914} INFO - Processing file /home/kim/airflow_tutorial/py_env/lib/python3.10/site-packages/airflow/example_dags/example_params_trigger_ui.py for tasks to queue
[2025-04-18T11:13:34.666+0900] {logging_mixin.py:190} INFO - [2025-04-18T11:13:34.666+0900] {dagbag.py:588} INFO - Filling up the DagBag from /home/kim/airflow_tutorial/py_env/lib/python3.10/site-packages/airflow/example_dags/example_params_trigger_ui.py
[2025-04-18T11:13:34.676+0900] {processor.py:925} INFO - DAG(s) 'example_params_trigger_ui' retrieved from /home/kim/airflow_tutorial/py_env/lib/python3.10/site-packages/airflow/example_dags/example_params_trigger_ui.py
[2025-04-18T11:13:34.750+0900] {logging_mixin.py:190} INFO - [2025-04-18T11:13:34.750+0900] {override.py:1912} INFO - Created Permission View: can delete on DAG:example_params_trigger_ui
[2025-04-18T11:13:34.758+0900] {logging_mixin.py:190} INFO - [2025-04-18T11:13:34.758+0900] {override.py:1912} INFO - Created Permission View: can edit on DAG:example_params_trigger_ui
[2025-04-18T11:13:34.764+0900] {logging_mixin.py:190} INFO - [2025-04-18T11:13:34.763+0900] {override.py:1912} INFO - Created Permission View: can read on DAG:example_params_trigger_ui
[2025-04-18T11:13:34.774+0900] {logging_mixin.py:190} INFO - [2025-04-18T11:13:34.774+0900] {override.py:1912} INFO - Created Permission View: can delete on DAG Run:example_params_trigger_ui
[2025-04-18T11:13:34.781+0900] {logging_mixin.py:190} INFO - [2025-04-18T11:13:34.781+0900] {override.py:1912} INFO - Created Permission View: can create on DAG Run:example_params_trigger_ui
[2025-04-18T11:13:34.788+0900] {logging_mixin.py:190} INFO - [2025-04-18T11:13:34.788+0900] {override.py:1912} INFO - Created Permission View: menu access on DAG Run:example_params_trigger_ui
[2025-04-18T11:13:34.794+0900] {logging_mixin.py:190} INFO - [2025-04-18T11:13:34.794+0900] {override.py:1912} INFO - Created Permission View: can read on DAG Run:example_params_trigger_ui
[2025-04-18T11:13:34.795+0900] {logging_mixin.py:190} INFO - [2025-04-18T11:13:34.795+0900] {dag.py:3239} INFO - Sync 1 DAGs
[2025-04-18T11:13:34.802+0900] {logging_mixin.py:190} INFO - [2025-04-18T11:13:34.802+0900] {dag.py:3262} INFO - Creating ORM DAG for example_params_trigger_ui
[2025-04-18T11:13:34.803+0900] {logging_mixin.py:190} INFO - [2025-04-18T11:13:34.803+0900] {dag.py:4180} INFO - Setting next_dagrun for example_params_trigger_ui to None, run_after=None
[2025-04-18T11:13:34.816+0900] {processor.py:208} INFO - Processing /home/kim/airflow_tutorial/py_env/lib/python3.10/site-packages/airflow/example_dags/example_params_trigger_ui.py took 0.167 seconds
[2025-04-18T11:14:39.263+0900] {processor.py:186} INFO - Started process (PID=638259) to work on /home/kim/airflow_tutorial/py_env/lib/python3.10/site-packages/airflow/example_dags/example_params_trigger_ui.py
[2025-04-18T11:14:39.264+0900] {processor.py:914} INFO - Processing file /home/kim/airflow_tutorial/py_env/lib/python3.10/site-packages/airflow/example_dags/example_params_trigger_ui.py for tasks to queue
[2025-04-18T11:14:39.266+0900] {logging_mixin.py:190} INFO - [2025-04-18T11:14:39.266+0900] {dagbag.py:588} INFO - Filling up the DagBag from /home/kim/airflow_tutorial/py_env/lib/python3.10/site-packages/airflow/example_dags/example_params_trigger_ui.py
[2025-04-18T11:14:39.275+0900] {processor.py:925} INFO - DAG(s) 'example_params_trigger_ui' retrieved from /home/kim/airflow_tutorial/py_env/lib/python3.10/site-packages/airflow/example_dags/example_params_trigger_ui.py
[2025-04-18T11:14:39.303+0900] {logging_mixin.py:190} INFO - [2025-04-18T11:14:39.303+0900] {dag.py:3239} INFO - Sync 1 DAGs
[2025-04-18T11:14:39.311+0900] {logging_mixin.py:190} INFO - [2025-04-18T11:14:39.311+0900] {dag.py:4180} INFO - Setting next_dagrun for example_params_trigger_ui to None, run_after=None
[2025-04-18T11:14:39.326+0900] {processor.py:208} INFO - Processing /home/kim/airflow_tutorial/py_env/lib/python3.10/site-packages/airflow/example_dags/example_params_trigger_ui.py took 0.067 seconds
[2025-04-18T11:15:39.021+0900] {processor.py:186} INFO - Started process (PID=638785) to work on /home/kim/airflow_tutorial/py_env/lib/python3.10/site-packages/airflow/example_dags/example_params_trigger_ui.py
[2025-04-18T11:15:39.022+0900] {processor.py:914} INFO - Processing file /home/kim/airflow_tutorial/py_env/lib/python3.10/site-packages/airflow/example_dags/example_params_trigger_ui.py for tasks to queue
[2025-04-18T11:15:39.024+0900] {logging_mixin.py:190} INFO - [2025-04-18T11:15:39.023+0900] {dagbag.py:588} INFO - Filling up the DagBag from /home/kim/airflow_tutorial/py_env/lib/python3.10/site-packages/airflow/example_dags/example_params_trigger_ui.py
[2025-04-18T11:15:39.031+0900] {processor.py:925} INFO - DAG(s) 'example_params_trigger_ui' retrieved from /home/kim/airflow_tutorial/py_env/lib/python3.10/site-packages/airflow/example_dags/example_params_trigger_ui.py
[2025-04-18T11:15:39.055+0900] {logging_mixin.py:190} INFO - [2025-04-18T11:15:39.055+0900] {dag.py:3239} INFO - Sync 1 DAGs
[2025-04-18T11:15:39.062+0900] {logging_mixin.py:190} INFO - [2025-04-18T11:15:39.062+0900] {dag.py:4180} INFO - Setting next_dagrun for example_params_trigger_ui to None, run_after=None
[2025-04-18T11:15:39.077+0900] {processor.py:208} INFO - Processing /home/kim/airflow_tutorial/py_env/lib/python3.10/site-packages/airflow/example_dags/example_params_trigger_ui.py took 0.060 seconds
[2025-04-18T11:16:40.739+0900] {processor.py:186} INFO - Started process (PID=639482) to work on /home/kim/airflow_tutorial/py_env/lib/python3.10/site-packages/airflow/example_dags/example_params_trigger_ui.py
[2025-04-18T11:16:40.743+0900] {processor.py:914} INFO - Processing file /home/kim/airflow_tutorial/py_env/lib/python3.10/site-packages/airflow/example_dags/example_params_trigger_ui.py for tasks to queue
[2025-04-18T11:16:40.745+0900] {logging_mixin.py:190} INFO - [2025-04-18T11:16:40.745+0900] {dagbag.py:588} INFO - Filling up the DagBag from /home/kim/airflow_tutorial/py_env/lib/python3.10/site-packages/airflow/example_dags/example_params_trigger_ui.py
[2025-04-18T11:16:40.761+0900] {processor.py:925} INFO - DAG(s) 'example_params_trigger_ui' retrieved from /home/kim/airflow_tutorial/py_env/lib/python3.10/site-packages/airflow/example_dags/example_params_trigger_ui.py
[2025-04-18T11:16:40.799+0900] {logging_mixin.py:190} INFO - [2025-04-18T11:16:40.799+0900] {dag.py:3239} INFO - Sync 1 DAGs
[2025-04-18T11:16:40.809+0900] {logging_mixin.py:190} INFO - [2025-04-18T11:16:40.808+0900] {dag.py:4180} INFO - Setting next_dagrun for example_params_trigger_ui to None, run_after=None
[2025-04-18T11:16:40.828+0900] {processor.py:208} INFO - Processing /home/kim/airflow_tutorial/py_env/lib/python3.10/site-packages/airflow/example_dags/example_params_trigger_ui.py took 0.097 seconds
[2025-04-18T11:17:37.023+0900] {processor.py:186} INFO - Started process (PID=640065) to work on /home/kim/airflow_tutorial/py_env/lib/python3.10/site-packages/airflow/example_dags/example_params_trigger_ui.py
[2025-04-18T11:17:37.026+0900] {processor.py:914} INFO - Processing file /home/kim/airflow_tutorial/py_env/lib/python3.10/site-packages/airflow/example_dags/example_params_trigger_ui.py for tasks to queue
[2025-04-18T11:17:37.027+0900] {logging_mixin.py:190} INFO - [2025-04-18T11:17:37.027+0900] {dagbag.py:588} INFO - Filling up the DagBag from /home/kim/airflow_tutorial/py_env/lib/python3.10/site-packages/airflow/example_dags/example_params_trigger_ui.py
[2025-04-18T11:17:37.036+0900] {processor.py:925} INFO - DAG(s) 'example_params_trigger_ui' retrieved from /home/kim/airflow_tutorial/py_env/lib/python3.10/site-packages/airflow/example_dags/example_params_trigger_ui.py
[2025-04-18T11:17:37.065+0900] {logging_mixin.py:190} INFO - [2025-04-18T11:17:37.064+0900] {dag.py:3239} INFO - Sync 1 DAGs
[2025-04-18T11:17:37.074+0900] {logging_mixin.py:190} INFO - [2025-04-18T11:17:37.074+0900] {dag.py:4180} INFO - Setting next_dagrun for example_params_trigger_ui to None, run_after=None
[2025-04-18T11:17:37.090+0900] {processor.py:208} INFO - Processing /home/kim/airflow_tutorial/py_env/lib/python3.10/site-packages/airflow/example_dags/example_params_trigger_ui.py took 0.072 seconds
[2025-04-18T11:18:38.233+0900] {processor.py:186} INFO - Started process (PID=640733) to work on /home/kim/airflow_tutorial/py_env/lib/python3.10/site-packages/airflow/example_dags/example_params_trigger_ui.py
[2025-04-18T11:18:38.234+0900] {processor.py:914} INFO - Processing file /home/kim/airflow_tutorial/py_env/lib/python3.10/site-packages/airflow/example_dags/example_params_trigger_ui.py for tasks to queue
[2025-04-18T11:18:38.236+0900] {logging_mixin.py:190} INFO - [2025-04-18T11:18:38.236+0900] {dagbag.py:588} INFO - Filling up the DagBag from /home/kim/airflow_tutorial/py_env/lib/python3.10/site-packages/airflow/example_dags/example_params_trigger_ui.py
[2025-04-18T11:18:38.246+0900] {processor.py:925} INFO - DAG(s) 'example_params_trigger_ui' retrieved from /home/kim/airflow_tutorial/py_env/lib/python3.10/site-packages/airflow/example_dags/example_params_trigger_ui.py
[2025-04-18T11:18:38.279+0900] {logging_mixin.py:190} INFO - [2025-04-18T11:18:38.279+0900] {dag.py:3239} INFO - Sync 1 DAGs
[2025-04-18T11:18:38.292+0900] {logging_mixin.py:190} INFO - [2025-04-18T11:18:38.292+0900] {dag.py:4180} INFO - Setting next_dagrun for example_params_trigger_ui to None, run_after=None
[2025-04-18T11:18:38.309+0900] {processor.py:208} INFO - Processing /home/kim/airflow_tutorial/py_env/lib/python3.10/site-packages/airflow/example_dags/example_params_trigger_ui.py took 0.082 seconds
[2025-04-18T11:19:36.782+0900] {processor.py:186} INFO - Started process (PID=641019) to work on /home/kim/airflow_tutorial/py_env/lib/python3.10/site-packages/airflow/example_dags/example_params_trigger_ui.py
[2025-04-18T11:19:36.785+0900] {processor.py:914} INFO - Processing file /home/kim/airflow_tutorial/py_env/lib/python3.10/site-packages/airflow/example_dags/example_params_trigger_ui.py for tasks to queue
[2025-04-18T11:19:36.786+0900] {logging_mixin.py:190} INFO - [2025-04-18T11:19:36.786+0900] {dagbag.py:588} INFO - Filling up the DagBag from /home/kim/airflow_tutorial/py_env/lib/python3.10/site-packages/airflow/example_dags/example_params_trigger_ui.py
[2025-04-18T11:19:36.794+0900] {processor.py:925} INFO - DAG(s) 'example_params_trigger_ui' retrieved from /home/kim/airflow_tutorial/py_env/lib/python3.10/site-packages/airflow/example_dags/example_params_trigger_ui.py
[2025-04-18T11:19:36.821+0900] {logging_mixin.py:190} INFO - [2025-04-18T11:19:36.821+0900] {dag.py:3239} INFO - Sync 1 DAGs
[2025-04-18T11:19:36.830+0900] {logging_mixin.py:190} INFO - [2025-04-18T11:19:36.830+0900] {dag.py:4180} INFO - Setting next_dagrun for example_params_trigger_ui to None, run_after=None
[2025-04-18T11:19:36.847+0900] {processor.py:208} INFO - Processing /home/kim/airflow_tutorial/py_env/lib/python3.10/site-packages/airflow/example_dags/example_params_trigger_ui.py took 0.071 seconds
[2025-04-18T11:20:37.161+0900] {processor.py:186} INFO - Started process (PID=641312) to work on /home/kim/airflow_tutorial/py_env/lib/python3.10/site-packages/airflow/example_dags/example_params_trigger_ui.py
[2025-04-18T11:20:37.163+0900] {processor.py:914} INFO - Processing file /home/kim/airflow_tutorial/py_env/lib/python3.10/site-packages/airflow/example_dags/example_params_trigger_ui.py for tasks to queue
[2025-04-18T11:20:37.165+0900] {logging_mixin.py:190} INFO - [2025-04-18T11:20:37.165+0900] {dagbag.py:588} INFO - Filling up the DagBag from /home/kim/airflow_tutorial/py_env/lib/python3.10/site-packages/airflow/example_dags/example_params_trigger_ui.py
[2025-04-18T11:20:37.173+0900] {processor.py:925} INFO - DAG(s) 'example_params_trigger_ui' retrieved from /home/kim/airflow_tutorial/py_env/lib/python3.10/site-packages/airflow/example_dags/example_params_trigger_ui.py
[2025-04-18T11:20:37.197+0900] {logging_mixin.py:190} INFO - [2025-04-18T11:20:37.197+0900] {dag.py:3239} INFO - Sync 1 DAGs
[2025-04-18T11:20:37.205+0900] {logging_mixin.py:190} INFO - [2025-04-18T11:20:37.205+0900] {dag.py:4180} INFO - Setting next_dagrun for example_params_trigger_ui to None, run_after=None
[2025-04-18T11:20:37.222+0900] {processor.py:208} INFO - Processing /home/kim/airflow_tutorial/py_env/lib/python3.10/site-packages/airflow/example_dags/example_params_trigger_ui.py took 0.066 seconds
[2025-04-18T11:21:38.030+0900] {processor.py:186} INFO - Started process (PID=641603) to work on /home/kim/airflow_tutorial/py_env/lib/python3.10/site-packages/airflow/example_dags/example_params_trigger_ui.py
[2025-04-18T11:21:38.031+0900] {processor.py:914} INFO - Processing file /home/kim/airflow_tutorial/py_env/lib/python3.10/site-packages/airflow/example_dags/example_params_trigger_ui.py for tasks to queue
[2025-04-18T11:21:38.033+0900] {logging_mixin.py:190} INFO - [2025-04-18T11:21:38.032+0900] {dagbag.py:588} INFO - Filling up the DagBag from /home/kim/airflow_tutorial/py_env/lib/python3.10/site-packages/airflow/example_dags/example_params_trigger_ui.py
[2025-04-18T11:21:38.041+0900] {processor.py:925} INFO - DAG(s) 'example_params_trigger_ui' retrieved from /home/kim/airflow_tutorial/py_env/lib/python3.10/site-packages/airflow/example_dags/example_params_trigger_ui.py
[2025-04-18T11:21:38.066+0900] {logging_mixin.py:190} INFO - [2025-04-18T11:21:38.066+0900] {dag.py:3239} INFO - Sync 1 DAGs
[2025-04-18T11:21:38.075+0900] {logging_mixin.py:190} INFO - [2025-04-18T11:21:38.075+0900] {dag.py:4180} INFO - Setting next_dagrun for example_params_trigger_ui to None, run_after=None
[2025-04-18T11:21:38.089+0900] {processor.py:208} INFO - Processing /home/kim/airflow_tutorial/py_env/lib/python3.10/site-packages/airflow/example_dags/example_params_trigger_ui.py took 0.064 seconds
[2025-04-18T11:22:40.420+0900] {processor.py:186} INFO - Started process (PID=642064) to work on /home/kim/airflow_tutorial/py_env/lib/python3.10/site-packages/airflow/example_dags/example_params_trigger_ui.py
[2025-04-18T11:22:40.422+0900] {processor.py:914} INFO - Processing file /home/kim/airflow_tutorial/py_env/lib/python3.10/site-packages/airflow/example_dags/example_params_trigger_ui.py for tasks to queue
[2025-04-18T11:22:40.424+0900] {logging_mixin.py:190} INFO - [2025-04-18T11:22:40.424+0900] {dagbag.py:588} INFO - Filling up the DagBag from /home/kim/airflow_tutorial/py_env/lib/python3.10/site-packages/airflow/example_dags/example_params_trigger_ui.py
[2025-04-18T11:22:40.435+0900] {processor.py:925} INFO - DAG(s) 'example_params_trigger_ui' retrieved from /home/kim/airflow_tutorial/py_env/lib/python3.10/site-packages/airflow/example_dags/example_params_trigger_ui.py
[2025-04-18T11:22:40.464+0900] {logging_mixin.py:190} INFO - [2025-04-18T11:22:40.464+0900] {dag.py:3239} INFO - Sync 1 DAGs
[2025-04-18T11:22:40.477+0900] {logging_mixin.py:190} INFO - [2025-04-18T11:22:40.477+0900] {dag.py:4180} INFO - Setting next_dagrun for example_params_trigger_ui to None, run_after=None
[2025-04-18T11:22:40.498+0900] {processor.py:208} INFO - Processing /home/kim/airflow_tutorial/py_env/lib/python3.10/site-packages/airflow/example_dags/example_params_trigger_ui.py took 0.084 seconds
[2025-04-18T11:23:39.670+0900] {processor.py:186} INFO - Started process (PID=642349) to work on /home/kim/airflow_tutorial/py_env/lib/python3.10/site-packages/airflow/example_dags/example_params_trigger_ui.py
[2025-04-18T11:23:39.672+0900] {processor.py:914} INFO - Processing file /home/kim/airflow_tutorial/py_env/lib/python3.10/site-packages/airflow/example_dags/example_params_trigger_ui.py for tasks to queue
[2025-04-18T11:23:39.674+0900] {logging_mixin.py:190} INFO - [2025-04-18T11:23:39.673+0900] {dagbag.py:588} INFO - Filling up the DagBag from /home/kim/airflow_tutorial/py_env/lib/python3.10/site-packages/airflow/example_dags/example_params_trigger_ui.py
[2025-04-18T11:23:39.682+0900] {processor.py:925} INFO - DAG(s) 'example_params_trigger_ui' retrieved from /home/kim/airflow_tutorial/py_env/lib/python3.10/site-packages/airflow/example_dags/example_params_trigger_ui.py
[2025-04-18T11:23:39.710+0900] {logging_mixin.py:190} INFO - [2025-04-18T11:23:39.709+0900] {dag.py:3239} INFO - Sync 1 DAGs
[2025-04-18T11:23:39.719+0900] {logging_mixin.py:190} INFO - [2025-04-18T11:23:39.718+0900] {dag.py:4180} INFO - Setting next_dagrun for example_params_trigger_ui to None, run_after=None
[2025-04-18T11:23:39.734+0900] {processor.py:208} INFO - Processing /home/kim/airflow_tutorial/py_env/lib/python3.10/site-packages/airflow/example_dags/example_params_trigger_ui.py took 0.068 seconds
[2025-04-18T11:24:35.651+0900] {processor.py:186} INFO - Started process (PID=642711) to work on /home/kim/airflow_tutorial/py_env/lib/python3.10/site-packages/airflow/example_dags/example_params_trigger_ui.py
[2025-04-18T11:24:35.653+0900] {processor.py:914} INFO - Processing file /home/kim/airflow_tutorial/py_env/lib/python3.10/site-packages/airflow/example_dags/example_params_trigger_ui.py for tasks to queue
[2025-04-18T11:24:35.655+0900] {logging_mixin.py:190} INFO - [2025-04-18T11:24:35.655+0900] {dagbag.py:588} INFO - Filling up the DagBag from /home/kim/airflow_tutorial/py_env/lib/python3.10/site-packages/airflow/example_dags/example_params_trigger_ui.py
[2025-04-18T11:24:35.663+0900] {processor.py:925} INFO - DAG(s) 'example_params_trigger_ui' retrieved from /home/kim/airflow_tutorial/py_env/lib/python3.10/site-packages/airflow/example_dags/example_params_trigger_ui.py
[2025-04-18T11:24:35.690+0900] {logging_mixin.py:190} INFO - [2025-04-18T11:24:35.690+0900] {dag.py:3239} INFO - Sync 1 DAGs
[2025-04-18T11:24:35.698+0900] {logging_mixin.py:190} INFO - [2025-04-18T11:24:35.698+0900] {dag.py:4180} INFO - Setting next_dagrun for example_params_trigger_ui to None, run_after=None
[2025-04-18T11:24:35.713+0900] {processor.py:208} INFO - Processing /home/kim/airflow_tutorial/py_env/lib/python3.10/site-packages/airflow/example_dags/example_params_trigger_ui.py took 0.067 seconds
[2025-04-18T11:25:37.522+0900] {processor.py:186} INFO - Started process (PID=643327) to work on /home/kim/airflow_tutorial/py_env/lib/python3.10/site-packages/airflow/example_dags/example_params_trigger_ui.py
[2025-04-18T11:25:37.525+0900] {processor.py:914} INFO - Processing file /home/kim/airflow_tutorial/py_env/lib/python3.10/site-packages/airflow/example_dags/example_params_trigger_ui.py for tasks to queue
[2025-04-18T11:25:37.526+0900] {logging_mixin.py:190} INFO - [2025-04-18T11:25:37.526+0900] {dagbag.py:588} INFO - Filling up the DagBag from /home/kim/airflow_tutorial/py_env/lib/python3.10/site-packages/airflow/example_dags/example_params_trigger_ui.py
[2025-04-18T11:25:37.536+0900] {processor.py:925} INFO - DAG(s) 'example_params_trigger_ui' retrieved from /home/kim/airflow_tutorial/py_env/lib/python3.10/site-packages/airflow/example_dags/example_params_trigger_ui.py
[2025-04-18T11:25:37.580+0900] {logging_mixin.py:190} INFO - [2025-04-18T11:25:37.579+0900] {dag.py:3239} INFO - Sync 1 DAGs
[2025-04-18T11:25:37.590+0900] {logging_mixin.py:190} INFO - [2025-04-18T11:25:37.589+0900] {dag.py:4180} INFO - Setting next_dagrun for example_params_trigger_ui to None, run_after=None
[2025-04-18T11:25:37.610+0900] {processor.py:208} INFO - Processing /home/kim/airflow_tutorial/py_env/lib/python3.10/site-packages/airflow/example_dags/example_params_trigger_ui.py took 0.092 seconds
[2025-04-18T12:03:13.185+0900] {processor.py:186} INFO - Started process (PID=651831) to work on /home/kim/airflow_tutorial/py_env/lib/python3.10/site-packages/airflow/example_dags/example_params_trigger_ui.py
[2025-04-18T12:03:13.186+0900] {processor.py:914} INFO - Processing file /home/kim/airflow_tutorial/py_env/lib/python3.10/site-packages/airflow/example_dags/example_params_trigger_ui.py for tasks to queue
[2025-04-18T12:03:13.188+0900] {logging_mixin.py:190} INFO - [2025-04-18T12:03:13.188+0900] {dagbag.py:588} INFO - Filling up the DagBag from /home/kim/airflow_tutorial/py_env/lib/python3.10/site-packages/airflow/example_dags/example_params_trigger_ui.py
[2025-04-18T12:03:13.198+0900] {processor.py:925} INFO - DAG(s) 'example_params_trigger_ui' retrieved from /home/kim/airflow_tutorial/py_env/lib/python3.10/site-packages/airflow/example_dags/example_params_trigger_ui.py
[2025-04-18T12:03:13.295+0900] {logging_mixin.py:190} INFO - [2025-04-18T12:03:13.295+0900] {override.py:1912} INFO - Created Permission View: can read on DAG:example_params_trigger_ui
[2025-04-18T12:03:13.306+0900] {logging_mixin.py:190} INFO - [2025-04-18T12:03:13.305+0900] {override.py:1912} INFO - Created Permission View: can edit on DAG:example_params_trigger_ui
[2025-04-18T12:03:13.313+0900] {logging_mixin.py:190} INFO - [2025-04-18T12:03:13.313+0900] {override.py:1912} INFO - Created Permission View: can delete on DAG:example_params_trigger_ui
[2025-04-18T12:03:13.323+0900] {logging_mixin.py:190} INFO - [2025-04-18T12:03:13.322+0900] {override.py:1912} INFO - Created Permission View: can read on DAG Run:example_params_trigger_ui
[2025-04-18T12:03:13.332+0900] {logging_mixin.py:190} INFO - [2025-04-18T12:03:13.332+0900] {override.py:1912} INFO - Created Permission View: can create on DAG Run:example_params_trigger_ui
[2025-04-18T12:03:13.343+0900] {logging_mixin.py:190} INFO - [2025-04-18T12:03:13.343+0900] {override.py:1912} INFO - Created Permission View: menu access on DAG Run:example_params_trigger_ui
[2025-04-18T12:03:13.351+0900] {logging_mixin.py:190} INFO - [2025-04-18T12:03:13.351+0900] {override.py:1912} INFO - Created Permission View: can delete on DAG Run:example_params_trigger_ui
[2025-04-18T12:03:13.352+0900] {logging_mixin.py:190} INFO - [2025-04-18T12:03:13.352+0900] {dag.py:3239} INFO - Sync 1 DAGs
[2025-04-18T12:03:13.365+0900] {logging_mixin.py:190} INFO - [2025-04-18T12:03:13.365+0900] {dag.py:3262} INFO - Creating ORM DAG for example_params_trigger_ui
[2025-04-18T12:03:13.366+0900] {logging_mixin.py:190} INFO - [2025-04-18T12:03:13.365+0900] {dag.py:4180} INFO - Setting next_dagrun for example_params_trigger_ui to None, run_after=None
[2025-04-18T12:03:13.386+0900] {processor.py:208} INFO - Processing /home/kim/airflow_tutorial/py_env/lib/python3.10/site-packages/airflow/example_dags/example_params_trigger_ui.py took 0.206 seconds
[2025-04-18T12:05:19.255+0900] {processor.py:186} INFO - Started process (PID=653659) to work on /home/kim/airflow_tutorial/py_env/lib/python3.10/site-packages/airflow/example_dags/example_params_trigger_ui.py
[2025-04-18T12:05:19.256+0900] {processor.py:914} INFO - Processing file /home/kim/airflow_tutorial/py_env/lib/python3.10/site-packages/airflow/example_dags/example_params_trigger_ui.py for tasks to queue
[2025-04-18T12:05:19.258+0900] {logging_mixin.py:190} INFO - [2025-04-18T12:05:19.257+0900] {dagbag.py:588} INFO - Filling up the DagBag from /home/kim/airflow_tutorial/py_env/lib/python3.10/site-packages/airflow/example_dags/example_params_trigger_ui.py
[2025-04-18T12:05:19.267+0900] {processor.py:925} INFO - DAG(s) 'example_params_trigger_ui' retrieved from /home/kim/airflow_tutorial/py_env/lib/python3.10/site-packages/airflow/example_dags/example_params_trigger_ui.py
[2025-04-18T12:05:19.305+0900] {logging_mixin.py:190} INFO - [2025-04-18T12:05:19.304+0900] {dag.py:3239} INFO - Sync 1 DAGs
[2025-04-18T12:05:19.315+0900] {logging_mixin.py:190} INFO - [2025-04-18T12:05:19.315+0900] {dag.py:4180} INFO - Setting next_dagrun for example_params_trigger_ui to None, run_after=None
[2025-04-18T12:05:19.332+0900] {processor.py:208} INFO - Processing /home/kim/airflow_tutorial/py_env/lib/python3.10/site-packages/airflow/example_dags/example_params_trigger_ui.py took 0.084 seconds
[2025-04-18T12:05:50.128+0900] {processor.py:186} INFO - Started process (PID=654137) to work on /home/kim/airflow_tutorial/py_env/lib/python3.10/site-packages/airflow/example_dags/example_params_trigger_ui.py
[2025-04-18T12:05:50.130+0900] {processor.py:914} INFO - Processing file /home/kim/airflow_tutorial/py_env/lib/python3.10/site-packages/airflow/example_dags/example_params_trigger_ui.py for tasks to queue
[2025-04-18T12:05:50.132+0900] {logging_mixin.py:190} INFO - [2025-04-18T12:05:50.131+0900] {dagbag.py:588} INFO - Filling up the DagBag from /home/kim/airflow_tutorial/py_env/lib/python3.10/site-packages/airflow/example_dags/example_params_trigger_ui.py
[2025-04-18T12:05:50.144+0900] {processor.py:925} INFO - DAG(s) 'example_params_trigger_ui' retrieved from /home/kim/airflow_tutorial/py_env/lib/python3.10/site-packages/airflow/example_dags/example_params_trigger_ui.py
[2025-04-18T12:05:50.209+0900] {logging_mixin.py:190} INFO - [2025-04-18T12:05:50.209+0900] {dag.py:3239} INFO - Sync 1 DAGs
[2025-04-18T12:05:50.229+0900] {logging_mixin.py:190} INFO - [2025-04-18T12:05:50.228+0900] {dag.py:4180} INFO - Setting next_dagrun for example_params_trigger_ui to None, run_after=None
[2025-04-18T12:05:50.262+0900] {processor.py:208} INFO - Processing /home/kim/airflow_tutorial/py_env/lib/python3.10/site-packages/airflow/example_dags/example_params_trigger_ui.py took 0.143 seconds
[2025-04-18T12:06:20.729+0900] {processor.py:186} INFO - Started process (PID=654516) to work on /home/kim/airflow_tutorial/py_env/lib/python3.10/site-packages/airflow/example_dags/example_params_trigger_ui.py
[2025-04-18T12:06:20.730+0900] {processor.py:914} INFO - Processing file /home/kim/airflow_tutorial/py_env/lib/python3.10/site-packages/airflow/example_dags/example_params_trigger_ui.py for tasks to queue
[2025-04-18T12:06:20.734+0900] {logging_mixin.py:190} INFO - [2025-04-18T12:06:20.733+0900] {dagbag.py:588} INFO - Filling up the DagBag from /home/kim/airflow_tutorial/py_env/lib/python3.10/site-packages/airflow/example_dags/example_params_trigger_ui.py
[2025-04-18T12:06:20.750+0900] {processor.py:925} INFO - DAG(s) 'example_params_trigger_ui' retrieved from /home/kim/airflow_tutorial/py_env/lib/python3.10/site-packages/airflow/example_dags/example_params_trigger_ui.py
[2025-04-18T12:06:20.797+0900] {logging_mixin.py:190} INFO - [2025-04-18T12:06:20.797+0900] {dag.py:3239} INFO - Sync 1 DAGs
[2025-04-18T12:06:20.811+0900] {logging_mixin.py:190} INFO - [2025-04-18T12:06:20.810+0900] {dag.py:4180} INFO - Setting next_dagrun for example_params_trigger_ui to None, run_after=None
[2025-04-18T12:06:20.833+0900] {processor.py:208} INFO - Processing /home/kim/airflow_tutorial/py_env/lib/python3.10/site-packages/airflow/example_dags/example_params_trigger_ui.py took 0.115 seconds
