[2025-04-18T11:13:40.292+0900] {processor.py:186} INFO - Started process (PID=637888) to work on /home/kim/airflow_tutorial/py_env/lib/python3.10/site-packages/airflow/example_dags/example_dynamic_task_mapping_with_no_taskflow_operators.py
[2025-04-18T11:13:40.293+0900] {processor.py:914} INFO - Processing file /home/kim/airflow_tutorial/py_env/lib/python3.10/site-packages/airflow/example_dags/example_dynamic_task_mapping_with_no_taskflow_operators.py for tasks to queue
[2025-04-18T11:13:40.294+0900] {logging_mixin.py:190} INFO - [2025-04-18T11:13:40.294+0900] {dagbag.py:588} INFO - Filling up the DagBag from /home/kim/airflow_tutorial/py_env/lib/python3.10/site-packages/airflow/example_dags/example_dynamic_task_mapping_with_no_taskflow_operators.py
[2025-04-18T11:13:40.300+0900] {processor.py:925} INFO - DAG(s) 'example_dynamic_task_mapping_with_no_taskflow_operators' retrieved from /home/kim/airflow_tutorial/py_env/lib/python3.10/site-packages/airflow/example_dags/example_dynamic_task_mapping_with_no_taskflow_operators.py
[2025-04-18T11:13:40.362+0900] {logging_mixin.py:190} INFO - [2025-04-18T11:13:40.362+0900] {override.py:1912} INFO - Created Permission View: can delete on DAG:example_dynamic_task_mapping_with_no_taskflow_operators
[2025-04-18T11:13:40.371+0900] {logging_mixin.py:190} INFO - [2025-04-18T11:13:40.371+0900] {override.py:1912} INFO - Created Permission View: can edit on DAG:example_dynamic_task_mapping_with_no_taskflow_operators
[2025-04-18T11:13:40.378+0900] {logging_mixin.py:190} INFO - [2025-04-18T11:13:40.378+0900] {override.py:1912} INFO - Created Permission View: can read on DAG:example_dynamic_task_mapping_with_no_taskflow_operators
[2025-04-18T11:13:40.388+0900] {logging_mixin.py:190} INFO - [2025-04-18T11:13:40.388+0900] {override.py:1912} INFO - Created Permission View: can delete on DAG Run:example_dynamic_task_mapping_with_no_taskflow_operators
[2025-04-18T11:13:40.394+0900] {logging_mixin.py:190} INFO - [2025-04-18T11:13:40.394+0900] {override.py:1912} INFO - Created Permission View: can create on DAG Run:example_dynamic_task_mapping_with_no_taskflow_operators
[2025-04-18T11:13:40.401+0900] {logging_mixin.py:190} INFO - [2025-04-18T11:13:40.400+0900] {override.py:1912} INFO - Created Permission View: menu access on DAG Run:example_dynamic_task_mapping_with_no_taskflow_operators
[2025-04-18T11:13:40.410+0900] {logging_mixin.py:190} INFO - [2025-04-18T11:13:40.409+0900] {override.py:1912} INFO - Created Permission View: can read on DAG Run:example_dynamic_task_mapping_with_no_taskflow_operators
[2025-04-18T11:13:40.410+0900] {logging_mixin.py:190} INFO - [2025-04-18T11:13:40.410+0900] {dag.py:3239} INFO - Sync 1 DAGs
[2025-04-18T11:13:40.420+0900] {logging_mixin.py:190} INFO - [2025-04-18T11:13:40.420+0900] {dag.py:3262} INFO - Creating ORM DAG for example_dynamic_task_mapping_with_no_taskflow_operators
[2025-04-18T11:13:40.421+0900] {logging_mixin.py:190} INFO - [2025-04-18T11:13:40.421+0900] {dag.py:4180} INFO - Setting next_dagrun for example_dynamic_task_mapping_with_no_taskflow_operators to None, run_after=None
[2025-04-18T11:13:40.439+0900] {processor.py:208} INFO - Processing /home/kim/airflow_tutorial/py_env/lib/python3.10/site-packages/airflow/example_dags/example_dynamic_task_mapping_with_no_taskflow_operators.py took 0.152 seconds
[2025-04-18T11:14:45.546+0900] {processor.py:186} INFO - Started process (PID=638285) to work on /home/kim/airflow_tutorial/py_env/lib/python3.10/site-packages/airflow/example_dags/example_dynamic_task_mapping_with_no_taskflow_operators.py
[2025-04-18T11:14:45.547+0900] {processor.py:914} INFO - Processing file /home/kim/airflow_tutorial/py_env/lib/python3.10/site-packages/airflow/example_dags/example_dynamic_task_mapping_with_no_taskflow_operators.py for tasks to queue
[2025-04-18T11:14:45.550+0900] {logging_mixin.py:190} INFO - [2025-04-18T11:14:45.550+0900] {dagbag.py:588} INFO - Filling up the DagBag from /home/kim/airflow_tutorial/py_env/lib/python3.10/site-packages/airflow/example_dags/example_dynamic_task_mapping_with_no_taskflow_operators.py
[2025-04-18T11:14:45.565+0900] {processor.py:925} INFO - DAG(s) 'example_dynamic_task_mapping_with_no_taskflow_operators' retrieved from /home/kim/airflow_tutorial/py_env/lib/python3.10/site-packages/airflow/example_dags/example_dynamic_task_mapping_with_no_taskflow_operators.py
[2025-04-18T11:14:45.591+0900] {logging_mixin.py:190} INFO - [2025-04-18T11:14:45.591+0900] {dag.py:3239} INFO - Sync 1 DAGs
[2025-04-18T11:14:45.608+0900] {logging_mixin.py:190} INFO - [2025-04-18T11:14:45.607+0900] {dag.py:4180} INFO - Setting next_dagrun for example_dynamic_task_mapping_with_no_taskflow_operators to None, run_after=None
[2025-04-18T11:14:45.632+0900] {processor.py:208} INFO - Processing /home/kim/airflow_tutorial/py_env/lib/python3.10/site-packages/airflow/example_dags/example_dynamic_task_mapping_with_no_taskflow_operators.py took 0.097 seconds
[2025-04-18T11:15:44.748+0900] {processor.py:186} INFO - Started process (PID=638809) to work on /home/kim/airflow_tutorial/py_env/lib/python3.10/site-packages/airflow/example_dags/example_dynamic_task_mapping_with_no_taskflow_operators.py
[2025-04-18T11:15:44.750+0900] {processor.py:914} INFO - Processing file /home/kim/airflow_tutorial/py_env/lib/python3.10/site-packages/airflow/example_dags/example_dynamic_task_mapping_with_no_taskflow_operators.py for tasks to queue
[2025-04-18T11:15:44.752+0900] {logging_mixin.py:190} INFO - [2025-04-18T11:15:44.751+0900] {dagbag.py:588} INFO - Filling up the DagBag from /home/kim/airflow_tutorial/py_env/lib/python3.10/site-packages/airflow/example_dags/example_dynamic_task_mapping_with_no_taskflow_operators.py
[2025-04-18T11:15:44.757+0900] {processor.py:925} INFO - DAG(s) 'example_dynamic_task_mapping_with_no_taskflow_operators' retrieved from /home/kim/airflow_tutorial/py_env/lib/python3.10/site-packages/airflow/example_dags/example_dynamic_task_mapping_with_no_taskflow_operators.py
[2025-04-18T11:15:44.766+0900] {logging_mixin.py:190} INFO - [2025-04-18T11:15:44.766+0900] {dag.py:3239} INFO - Sync 1 DAGs
[2025-04-18T11:15:44.774+0900] {logging_mixin.py:190} INFO - [2025-04-18T11:15:44.774+0900] {dag.py:4180} INFO - Setting next_dagrun for example_dynamic_task_mapping_with_no_taskflow_operators to None, run_after=None
[2025-04-18T11:15:44.789+0900] {processor.py:208} INFO - Processing /home/kim/airflow_tutorial/py_env/lib/python3.10/site-packages/airflow/example_dags/example_dynamic_task_mapping_with_no_taskflow_operators.py took 0.046 seconds
[2025-04-18T11:16:46.140+0900] {processor.py:186} INFO - Started process (PID=639549) to work on /home/kim/airflow_tutorial/py_env/lib/python3.10/site-packages/airflow/example_dags/example_dynamic_task_mapping_with_no_taskflow_operators.py
[2025-04-18T11:16:46.143+0900] {processor.py:914} INFO - Processing file /home/kim/airflow_tutorial/py_env/lib/python3.10/site-packages/airflow/example_dags/example_dynamic_task_mapping_with_no_taskflow_operators.py for tasks to queue
[2025-04-18T11:16:46.145+0900] {logging_mixin.py:190} INFO - [2025-04-18T11:16:46.145+0900] {dagbag.py:588} INFO - Filling up the DagBag from /home/kim/airflow_tutorial/py_env/lib/python3.10/site-packages/airflow/example_dags/example_dynamic_task_mapping_with_no_taskflow_operators.py
[2025-04-18T11:16:46.152+0900] {processor.py:925} INFO - DAG(s) 'example_dynamic_task_mapping_with_no_taskflow_operators' retrieved from /home/kim/airflow_tutorial/py_env/lib/python3.10/site-packages/airflow/example_dags/example_dynamic_task_mapping_with_no_taskflow_operators.py
[2025-04-18T11:16:46.163+0900] {logging_mixin.py:190} INFO - [2025-04-18T11:16:46.163+0900] {dag.py:3239} INFO - Sync 1 DAGs
[2025-04-18T11:16:46.173+0900] {logging_mixin.py:190} INFO - [2025-04-18T11:16:46.172+0900] {dag.py:4180} INFO - Setting next_dagrun for example_dynamic_task_mapping_with_no_taskflow_operators to None, run_after=None
[2025-04-18T11:16:46.194+0900] {processor.py:208} INFO - Processing /home/kim/airflow_tutorial/py_env/lib/python3.10/site-packages/airflow/example_dags/example_dynamic_task_mapping_with_no_taskflow_operators.py took 0.058 seconds
[2025-04-18T11:17:45.186+0900] {processor.py:186} INFO - Started process (PID=640084) to work on /home/kim/airflow_tutorial/py_env/lib/python3.10/site-packages/airflow/example_dags/example_dynamic_task_mapping_with_no_taskflow_operators.py
[2025-04-18T11:17:45.189+0900] {processor.py:914} INFO - Processing file /home/kim/airflow_tutorial/py_env/lib/python3.10/site-packages/airflow/example_dags/example_dynamic_task_mapping_with_no_taskflow_operators.py for tasks to queue
[2025-04-18T11:17:45.190+0900] {logging_mixin.py:190} INFO - [2025-04-18T11:17:45.190+0900] {dagbag.py:588} INFO - Filling up the DagBag from /home/kim/airflow_tutorial/py_env/lib/python3.10/site-packages/airflow/example_dags/example_dynamic_task_mapping_with_no_taskflow_operators.py
[2025-04-18T11:17:45.197+0900] {processor.py:925} INFO - DAG(s) 'example_dynamic_task_mapping_with_no_taskflow_operators' retrieved from /home/kim/airflow_tutorial/py_env/lib/python3.10/site-packages/airflow/example_dags/example_dynamic_task_mapping_with_no_taskflow_operators.py
[2025-04-18T11:17:45.208+0900] {logging_mixin.py:190} INFO - [2025-04-18T11:17:45.207+0900] {dag.py:3239} INFO - Sync 1 DAGs
[2025-04-18T11:17:45.218+0900] {logging_mixin.py:190} INFO - [2025-04-18T11:17:45.217+0900] {dag.py:4180} INFO - Setting next_dagrun for example_dynamic_task_mapping_with_no_taskflow_operators to None, run_after=None
[2025-04-18T11:17:45.234+0900] {processor.py:208} INFO - Processing /home/kim/airflow_tutorial/py_env/lib/python3.10/site-packages/airflow/example_dags/example_dynamic_task_mapping_with_no_taskflow_operators.py took 0.053 seconds
[2025-04-18T11:18:44.511+0900] {processor.py:186} INFO - Started process (PID=640757) to work on /home/kim/airflow_tutorial/py_env/lib/python3.10/site-packages/airflow/example_dags/example_dynamic_task_mapping_with_no_taskflow_operators.py
[2025-04-18T11:18:44.513+0900] {processor.py:914} INFO - Processing file /home/kim/airflow_tutorial/py_env/lib/python3.10/site-packages/airflow/example_dags/example_dynamic_task_mapping_with_no_taskflow_operators.py for tasks to queue
[2025-04-18T11:18:44.515+0900] {logging_mixin.py:190} INFO - [2025-04-18T11:18:44.515+0900] {dagbag.py:588} INFO - Filling up the DagBag from /home/kim/airflow_tutorial/py_env/lib/python3.10/site-packages/airflow/example_dags/example_dynamic_task_mapping_with_no_taskflow_operators.py
[2025-04-18T11:18:44.526+0900] {processor.py:925} INFO - DAG(s) 'example_dynamic_task_mapping_with_no_taskflow_operators' retrieved from /home/kim/airflow_tutorial/py_env/lib/python3.10/site-packages/airflow/example_dags/example_dynamic_task_mapping_with_no_taskflow_operators.py
[2025-04-18T11:18:44.545+0900] {logging_mixin.py:190} INFO - [2025-04-18T11:18:44.544+0900] {dag.py:3239} INFO - Sync 1 DAGs
[2025-04-18T11:18:44.561+0900] {logging_mixin.py:190} INFO - [2025-04-18T11:18:44.561+0900] {dag.py:4180} INFO - Setting next_dagrun for example_dynamic_task_mapping_with_no_taskflow_operators to None, run_after=None
[2025-04-18T11:18:44.585+0900] {processor.py:208} INFO - Processing /home/kim/airflow_tutorial/py_env/lib/python3.10/site-packages/airflow/example_dags/example_dynamic_task_mapping_with_no_taskflow_operators.py took 0.080 seconds
[2025-04-18T11:19:42.516+0900] {processor.py:186} INFO - Started process (PID=641043) to work on /home/kim/airflow_tutorial/py_env/lib/python3.10/site-packages/airflow/example_dags/example_dynamic_task_mapping_with_no_taskflow_operators.py
[2025-04-18T11:19:42.518+0900] {processor.py:914} INFO - Processing file /home/kim/airflow_tutorial/py_env/lib/python3.10/site-packages/airflow/example_dags/example_dynamic_task_mapping_with_no_taskflow_operators.py for tasks to queue
[2025-04-18T11:19:42.520+0900] {logging_mixin.py:190} INFO - [2025-04-18T11:19:42.520+0900] {dagbag.py:588} INFO - Filling up the DagBag from /home/kim/airflow_tutorial/py_env/lib/python3.10/site-packages/airflow/example_dags/example_dynamic_task_mapping_with_no_taskflow_operators.py
[2025-04-18T11:19:42.526+0900] {processor.py:925} INFO - DAG(s) 'example_dynamic_task_mapping_with_no_taskflow_operators' retrieved from /home/kim/airflow_tutorial/py_env/lib/python3.10/site-packages/airflow/example_dags/example_dynamic_task_mapping_with_no_taskflow_operators.py
[2025-04-18T11:19:42.538+0900] {logging_mixin.py:190} INFO - [2025-04-18T11:19:42.538+0900] {dag.py:3239} INFO - Sync 1 DAGs
[2025-04-18T11:19:42.548+0900] {logging_mixin.py:190} INFO - [2025-04-18T11:19:42.548+0900] {dag.py:4180} INFO - Setting next_dagrun for example_dynamic_task_mapping_with_no_taskflow_operators to None, run_after=None
[2025-04-18T11:19:42.565+0900] {processor.py:208} INFO - Processing /home/kim/airflow_tutorial/py_env/lib/python3.10/site-packages/airflow/example_dags/example_dynamic_task_mapping_with_no_taskflow_operators.py took 0.054 seconds
[2025-04-18T11:20:43.240+0900] {processor.py:186} INFO - Started process (PID=641336) to work on /home/kim/airflow_tutorial/py_env/lib/python3.10/site-packages/airflow/example_dags/example_dynamic_task_mapping_with_no_taskflow_operators.py
[2025-04-18T11:20:43.242+0900] {processor.py:914} INFO - Processing file /home/kim/airflow_tutorial/py_env/lib/python3.10/site-packages/airflow/example_dags/example_dynamic_task_mapping_with_no_taskflow_operators.py for tasks to queue
[2025-04-18T11:20:43.244+0900] {logging_mixin.py:190} INFO - [2025-04-18T11:20:43.244+0900] {dagbag.py:588} INFO - Filling up the DagBag from /home/kim/airflow_tutorial/py_env/lib/python3.10/site-packages/airflow/example_dags/example_dynamic_task_mapping_with_no_taskflow_operators.py
[2025-04-18T11:20:43.250+0900] {processor.py:925} INFO - DAG(s) 'example_dynamic_task_mapping_with_no_taskflow_operators' retrieved from /home/kim/airflow_tutorial/py_env/lib/python3.10/site-packages/airflow/example_dags/example_dynamic_task_mapping_with_no_taskflow_operators.py
[2025-04-18T11:20:43.260+0900] {logging_mixin.py:190} INFO - [2025-04-18T11:20:43.260+0900] {dag.py:3239} INFO - Sync 1 DAGs
[2025-04-18T11:20:43.268+0900] {logging_mixin.py:190} INFO - [2025-04-18T11:20:43.268+0900] {dag.py:4180} INFO - Setting next_dagrun for example_dynamic_task_mapping_with_no_taskflow_operators to None, run_after=None
[2025-04-18T11:20:43.284+0900] {processor.py:208} INFO - Processing /home/kim/airflow_tutorial/py_env/lib/python3.10/site-packages/airflow/example_dags/example_dynamic_task_mapping_with_no_taskflow_operators.py took 0.048 seconds
[2025-04-18T11:21:43.967+0900] {processor.py:186} INFO - Started process (PID=641627) to work on /home/kim/airflow_tutorial/py_env/lib/python3.10/site-packages/airflow/example_dags/example_dynamic_task_mapping_with_no_taskflow_operators.py
[2025-04-18T11:21:43.969+0900] {processor.py:914} INFO - Processing file /home/kim/airflow_tutorial/py_env/lib/python3.10/site-packages/airflow/example_dags/example_dynamic_task_mapping_with_no_taskflow_operators.py for tasks to queue
[2025-04-18T11:21:43.971+0900] {logging_mixin.py:190} INFO - [2025-04-18T11:21:43.970+0900] {dagbag.py:588} INFO - Filling up the DagBag from /home/kim/airflow_tutorial/py_env/lib/python3.10/site-packages/airflow/example_dags/example_dynamic_task_mapping_with_no_taskflow_operators.py
[2025-04-18T11:21:43.979+0900] {processor.py:925} INFO - DAG(s) 'example_dynamic_task_mapping_with_no_taskflow_operators' retrieved from /home/kim/airflow_tutorial/py_env/lib/python3.10/site-packages/airflow/example_dags/example_dynamic_task_mapping_with_no_taskflow_operators.py
[2025-04-18T11:21:43.990+0900] {logging_mixin.py:190} INFO - [2025-04-18T11:21:43.990+0900] {dag.py:3239} INFO - Sync 1 DAGs
[2025-04-18T11:21:44.000+0900] {logging_mixin.py:190} INFO - [2025-04-18T11:21:44.000+0900] {dag.py:4180} INFO - Setting next_dagrun for example_dynamic_task_mapping_with_no_taskflow_operators to None, run_after=None
[2025-04-18T11:21:44.017+0900] {processor.py:208} INFO - Processing /home/kim/airflow_tutorial/py_env/lib/python3.10/site-packages/airflow/example_dags/example_dynamic_task_mapping_with_no_taskflow_operators.py took 0.056 seconds
[2025-04-18T11:22:45.988+0900] {processor.py:186} INFO - Started process (PID=642088) to work on /home/kim/airflow_tutorial/py_env/lib/python3.10/site-packages/airflow/example_dags/example_dynamic_task_mapping_with_no_taskflow_operators.py
[2025-04-18T11:22:45.990+0900] {processor.py:914} INFO - Processing file /home/kim/airflow_tutorial/py_env/lib/python3.10/site-packages/airflow/example_dags/example_dynamic_task_mapping_with_no_taskflow_operators.py for tasks to queue
[2025-04-18T11:22:45.991+0900] {logging_mixin.py:190} INFO - [2025-04-18T11:22:45.991+0900] {dagbag.py:588} INFO - Filling up the DagBag from /home/kim/airflow_tutorial/py_env/lib/python3.10/site-packages/airflow/example_dags/example_dynamic_task_mapping_with_no_taskflow_operators.py
[2025-04-18T11:22:45.997+0900] {processor.py:925} INFO - DAG(s) 'example_dynamic_task_mapping_with_no_taskflow_operators' retrieved from /home/kim/airflow_tutorial/py_env/lib/python3.10/site-packages/airflow/example_dags/example_dynamic_task_mapping_with_no_taskflow_operators.py
[2025-04-18T11:22:46.007+0900] {logging_mixin.py:190} INFO - [2025-04-18T11:22:46.007+0900] {dag.py:3239} INFO - Sync 1 DAGs
[2025-04-18T11:22:46.016+0900] {logging_mixin.py:190} INFO - [2025-04-18T11:22:46.016+0900] {dag.py:4180} INFO - Setting next_dagrun for example_dynamic_task_mapping_with_no_taskflow_operators to None, run_after=None
[2025-04-18T11:22:46.030+0900] {processor.py:208} INFO - Processing /home/kim/airflow_tutorial/py_env/lib/python3.10/site-packages/airflow/example_dags/example_dynamic_task_mapping_with_no_taskflow_operators.py took 0.047 seconds
[2025-04-18T11:23:45.115+0900] {processor.py:186} INFO - Started process (PID=642374) to work on /home/kim/airflow_tutorial/py_env/lib/python3.10/site-packages/airflow/example_dags/example_dynamic_task_mapping_with_no_taskflow_operators.py
[2025-04-18T11:23:45.117+0900] {processor.py:914} INFO - Processing file /home/kim/airflow_tutorial/py_env/lib/python3.10/site-packages/airflow/example_dags/example_dynamic_task_mapping_with_no_taskflow_operators.py for tasks to queue
[2025-04-18T11:23:45.118+0900] {logging_mixin.py:190} INFO - [2025-04-18T11:23:45.118+0900] {dagbag.py:588} INFO - Filling up the DagBag from /home/kim/airflow_tutorial/py_env/lib/python3.10/site-packages/airflow/example_dags/example_dynamic_task_mapping_with_no_taskflow_operators.py
[2025-04-18T11:23:45.124+0900] {processor.py:925} INFO - DAG(s) 'example_dynamic_task_mapping_with_no_taskflow_operators' retrieved from /home/kim/airflow_tutorial/py_env/lib/python3.10/site-packages/airflow/example_dags/example_dynamic_task_mapping_with_no_taskflow_operators.py
[2025-04-18T11:23:45.135+0900] {logging_mixin.py:190} INFO - [2025-04-18T11:23:45.134+0900] {dag.py:3239} INFO - Sync 1 DAGs
[2025-04-18T11:23:45.143+0900] {logging_mixin.py:190} INFO - [2025-04-18T11:23:45.143+0900] {dag.py:4180} INFO - Setting next_dagrun for example_dynamic_task_mapping_with_no_taskflow_operators to None, run_after=None
[2025-04-18T11:23:45.157+0900] {processor.py:208} INFO - Processing /home/kim/airflow_tutorial/py_env/lib/python3.10/site-packages/airflow/example_dags/example_dynamic_task_mapping_with_no_taskflow_operators.py took 0.046 seconds
[2025-04-18T11:24:41.388+0900] {processor.py:186} INFO - Started process (PID=642735) to work on /home/kim/airflow_tutorial/py_env/lib/python3.10/site-packages/airflow/example_dags/example_dynamic_task_mapping_with_no_taskflow_operators.py
[2025-04-18T11:24:41.391+0900] {processor.py:914} INFO - Processing file /home/kim/airflow_tutorial/py_env/lib/python3.10/site-packages/airflow/example_dags/example_dynamic_task_mapping_with_no_taskflow_operators.py for tasks to queue
[2025-04-18T11:24:41.393+0900] {logging_mixin.py:190} INFO - [2025-04-18T11:24:41.392+0900] {dagbag.py:588} INFO - Filling up the DagBag from /home/kim/airflow_tutorial/py_env/lib/python3.10/site-packages/airflow/example_dags/example_dynamic_task_mapping_with_no_taskflow_operators.py
[2025-04-18T11:24:41.400+0900] {processor.py:925} INFO - DAG(s) 'example_dynamic_task_mapping_with_no_taskflow_operators' retrieved from /home/kim/airflow_tutorial/py_env/lib/python3.10/site-packages/airflow/example_dags/example_dynamic_task_mapping_with_no_taskflow_operators.py
[2025-04-18T11:24:41.415+0900] {logging_mixin.py:190} INFO - [2025-04-18T11:24:41.415+0900] {dag.py:3239} INFO - Sync 1 DAGs
[2025-04-18T11:24:41.428+0900] {logging_mixin.py:190} INFO - [2025-04-18T11:24:41.428+0900] {dag.py:4180} INFO - Setting next_dagrun for example_dynamic_task_mapping_with_no_taskflow_operators to None, run_after=None
[2025-04-18T11:24:41.447+0900] {processor.py:208} INFO - Processing /home/kim/airflow_tutorial/py_env/lib/python3.10/site-packages/airflow/example_dags/example_dynamic_task_mapping_with_no_taskflow_operators.py took 0.064 seconds
[2025-04-18T12:03:13.553+0900] {processor.py:186} INFO - Started process (PID=651863) to work on /home/kim/airflow_tutorial/py_env/lib/python3.10/site-packages/airflow/example_dags/example_dynamic_task_mapping_with_no_taskflow_operators.py
[2025-04-18T12:03:13.554+0900] {processor.py:914} INFO - Processing file /home/kim/airflow_tutorial/py_env/lib/python3.10/site-packages/airflow/example_dags/example_dynamic_task_mapping_with_no_taskflow_operators.py for tasks to queue
[2025-04-18T12:03:13.556+0900] {logging_mixin.py:190} INFO - [2025-04-18T12:03:13.556+0900] {dagbag.py:588} INFO - Filling up the DagBag from /home/kim/airflow_tutorial/py_env/lib/python3.10/site-packages/airflow/example_dags/example_dynamic_task_mapping_with_no_taskflow_operators.py
[2025-04-18T12:03:13.565+0900] {processor.py:925} INFO - DAG(s) 'example_dynamic_task_mapping_with_no_taskflow_operators' retrieved from /home/kim/airflow_tutorial/py_env/lib/python3.10/site-packages/airflow/example_dags/example_dynamic_task_mapping_with_no_taskflow_operators.py
[2025-04-18T12:03:13.643+0900] {logging_mixin.py:190} INFO - [2025-04-18T12:03:13.642+0900] {override.py:1912} INFO - Created Permission View: can read on DAG:example_dynamic_task_mapping_with_no_taskflow_operators
[2025-04-18T12:03:13.653+0900] {logging_mixin.py:190} INFO - [2025-04-18T12:03:13.653+0900] {override.py:1912} INFO - Created Permission View: can edit on DAG:example_dynamic_task_mapping_with_no_taskflow_operators
[2025-04-18T12:03:13.660+0900] {logging_mixin.py:190} INFO - [2025-04-18T12:03:13.660+0900] {override.py:1912} INFO - Created Permission View: can delete on DAG:example_dynamic_task_mapping_with_no_taskflow_operators
[2025-04-18T12:03:13.669+0900] {logging_mixin.py:190} INFO - [2025-04-18T12:03:13.669+0900] {override.py:1912} INFO - Created Permission View: can read on DAG Run:example_dynamic_task_mapping_with_no_taskflow_operators
[2025-04-18T12:03:13.676+0900] {logging_mixin.py:190} INFO - [2025-04-18T12:03:13.676+0900] {override.py:1912} INFO - Created Permission View: can create on DAG Run:example_dynamic_task_mapping_with_no_taskflow_operators
[2025-04-18T12:03:13.683+0900] {logging_mixin.py:190} INFO - [2025-04-18T12:03:13.683+0900] {override.py:1912} INFO - Created Permission View: menu access on DAG Run:example_dynamic_task_mapping_with_no_taskflow_operators
[2025-04-18T12:03:13.690+0900] {logging_mixin.py:190} INFO - [2025-04-18T12:03:13.689+0900] {override.py:1912} INFO - Created Permission View: can delete on DAG Run:example_dynamic_task_mapping_with_no_taskflow_operators
[2025-04-18T12:03:13.690+0900] {logging_mixin.py:190} INFO - [2025-04-18T12:03:13.690+0900] {dag.py:3239} INFO - Sync 1 DAGs
[2025-04-18T12:03:13.701+0900] {logging_mixin.py:190} INFO - [2025-04-18T12:03:13.701+0900] {dag.py:3262} INFO - Creating ORM DAG for example_dynamic_task_mapping_with_no_taskflow_operators
[2025-04-18T12:03:13.702+0900] {logging_mixin.py:190} INFO - [2025-04-18T12:03:13.702+0900] {dag.py:4180} INFO - Setting next_dagrun for example_dynamic_task_mapping_with_no_taskflow_operators to None, run_after=None
[2025-04-18T12:03:13.716+0900] {processor.py:208} INFO - Processing /home/kim/airflow_tutorial/py_env/lib/python3.10/site-packages/airflow/example_dags/example_dynamic_task_mapping_with_no_taskflow_operators.py took 0.170 seconds
[2025-04-18T12:05:19.469+0900] {processor.py:186} INFO - Started process (PID=653689) to work on /home/kim/airflow_tutorial/py_env/lib/python3.10/site-packages/airflow/example_dags/example_dynamic_task_mapping_with_no_taskflow_operators.py
[2025-04-18T12:05:19.471+0900] {processor.py:914} INFO - Processing file /home/kim/airflow_tutorial/py_env/lib/python3.10/site-packages/airflow/example_dags/example_dynamic_task_mapping_with_no_taskflow_operators.py for tasks to queue
[2025-04-18T12:05:19.473+0900] {logging_mixin.py:190} INFO - [2025-04-18T12:05:19.472+0900] {dagbag.py:588} INFO - Filling up the DagBag from /home/kim/airflow_tutorial/py_env/lib/python3.10/site-packages/airflow/example_dags/example_dynamic_task_mapping_with_no_taskflow_operators.py
[2025-04-18T12:05:19.482+0900] {processor.py:925} INFO - DAG(s) 'example_dynamic_task_mapping_with_no_taskflow_operators' retrieved from /home/kim/airflow_tutorial/py_env/lib/python3.10/site-packages/airflow/example_dags/example_dynamic_task_mapping_with_no_taskflow_operators.py
[2025-04-18T12:05:19.508+0900] {logging_mixin.py:190} INFO - [2025-04-18T12:05:19.508+0900] {dag.py:3239} INFO - Sync 1 DAGs
[2025-04-18T12:05:19.523+0900] {logging_mixin.py:190} INFO - [2025-04-18T12:05:19.523+0900] {dag.py:4180} INFO - Setting next_dagrun for example_dynamic_task_mapping_with_no_taskflow_operators to None, run_after=None
[2025-04-18T12:05:19.544+0900] {processor.py:208} INFO - Processing /home/kim/airflow_tutorial/py_env/lib/python3.10/site-packages/airflow/example_dags/example_dynamic_task_mapping_with_no_taskflow_operators.py took 0.081 seconds
[2025-04-18T12:05:50.447+0900] {processor.py:186} INFO - Started process (PID=654167) to work on /home/kim/airflow_tutorial/py_env/lib/python3.10/site-packages/airflow/example_dags/example_dynamic_task_mapping_with_no_taskflow_operators.py
[2025-04-18T12:05:50.449+0900] {processor.py:914} INFO - Processing file /home/kim/airflow_tutorial/py_env/lib/python3.10/site-packages/airflow/example_dags/example_dynamic_task_mapping_with_no_taskflow_operators.py for tasks to queue
[2025-04-18T12:05:50.452+0900] {logging_mixin.py:190} INFO - [2025-04-18T12:05:50.451+0900] {dagbag.py:588} INFO - Filling up the DagBag from /home/kim/airflow_tutorial/py_env/lib/python3.10/site-packages/airflow/example_dags/example_dynamic_task_mapping_with_no_taskflow_operators.py
[2025-04-18T12:05:50.463+0900] {processor.py:925} INFO - DAG(s) 'example_dynamic_task_mapping_with_no_taskflow_operators' retrieved from /home/kim/airflow_tutorial/py_env/lib/python3.10/site-packages/airflow/example_dags/example_dynamic_task_mapping_with_no_taskflow_operators.py
[2025-04-18T12:05:50.496+0900] {logging_mixin.py:190} INFO - [2025-04-18T12:05:50.495+0900] {dag.py:3239} INFO - Sync 1 DAGs
[2025-04-18T12:05:50.520+0900] {logging_mixin.py:190} INFO - [2025-04-18T12:05:50.520+0900] {dag.py:4180} INFO - Setting next_dagrun for example_dynamic_task_mapping_with_no_taskflow_operators to None, run_after=None
[2025-04-18T12:05:50.544+0900] {processor.py:208} INFO - Processing /home/kim/airflow_tutorial/py_env/lib/python3.10/site-packages/airflow/example_dags/example_dynamic_task_mapping_with_no_taskflow_operators.py took 0.107 seconds
[2025-04-18T12:06:20.961+0900] {processor.py:186} INFO - Started process (PID=654546) to work on /home/kim/airflow_tutorial/py_env/lib/python3.10/site-packages/airflow/example_dags/example_dynamic_task_mapping_with_no_taskflow_operators.py
[2025-04-18T12:06:20.962+0900] {processor.py:914} INFO - Processing file /home/kim/airflow_tutorial/py_env/lib/python3.10/site-packages/airflow/example_dags/example_dynamic_task_mapping_with_no_taskflow_operators.py for tasks to queue
[2025-04-18T12:06:20.963+0900] {logging_mixin.py:190} INFO - [2025-04-18T12:06:20.963+0900] {dagbag.py:588} INFO - Filling up the DagBag from /home/kim/airflow_tutorial/py_env/lib/python3.10/site-packages/airflow/example_dags/example_dynamic_task_mapping_with_no_taskflow_operators.py
[2025-04-18T12:06:20.970+0900] {processor.py:925} INFO - DAG(s) 'example_dynamic_task_mapping_with_no_taskflow_operators' retrieved from /home/kim/airflow_tutorial/py_env/lib/python3.10/site-packages/airflow/example_dags/example_dynamic_task_mapping_with_no_taskflow_operators.py
[2025-04-18T12:06:20.991+0900] {logging_mixin.py:190} INFO - [2025-04-18T12:06:20.991+0900] {dag.py:3239} INFO - Sync 1 DAGs
[2025-04-18T12:06:21.003+0900] {logging_mixin.py:190} INFO - [2025-04-18T12:06:21.003+0900] {dag.py:4180} INFO - Setting next_dagrun for example_dynamic_task_mapping_with_no_taskflow_operators to None, run_after=None
[2025-04-18T12:06:21.020+0900] {processor.py:208} INFO - Processing /home/kim/airflow_tutorial/py_env/lib/python3.10/site-packages/airflow/example_dags/example_dynamic_task_mapping_with_no_taskflow_operators.py took 0.064 seconds
