[2025-04-18T11:13:30.887+0900] {processor.py:186} INFO - Started process (PID=637849) to work on /home/kim/airflow_tutorial/py_env/lib/python3.10/site-packages/airflow/example_dags/example_short_circuit_operator.py
[2025-04-18T11:13:30.888+0900] {processor.py:914} INFO - Processing file /home/kim/airflow_tutorial/py_env/lib/python3.10/site-packages/airflow/example_dags/example_short_circuit_operator.py for tasks to queue
[2025-04-18T11:13:30.890+0900] {logging_mixin.py:190} INFO - [2025-04-18T11:13:30.890+0900] {dagbag.py:588} INFO - Filling up the DagBag from /home/kim/airflow_tutorial/py_env/lib/python3.10/site-packages/airflow/example_dags/example_short_circuit_operator.py
[2025-04-18T11:13:30.970+0900] {processor.py:925} INFO - DAG(s) 'example_short_circuit_operator' retrieved from /home/kim/airflow_tutorial/py_env/lib/python3.10/site-packages/airflow/example_dags/example_short_circuit_operator.py
[2025-04-18T11:13:31.036+0900] {logging_mixin.py:190} INFO - [2025-04-18T11:13:31.036+0900] {override.py:1912} INFO - Created Permission View: can delete on DAG:example_short_circuit_operator
[2025-04-18T11:13:31.046+0900] {logging_mixin.py:190} INFO - [2025-04-18T11:13:31.046+0900] {override.py:1912} INFO - Created Permission View: can edit on DAG:example_short_circuit_operator
[2025-04-18T11:13:31.053+0900] {logging_mixin.py:190} INFO - [2025-04-18T11:13:31.053+0900] {override.py:1912} INFO - Created Permission View: can read on DAG:example_short_circuit_operator
[2025-04-18T11:13:31.066+0900] {logging_mixin.py:190} INFO - [2025-04-18T11:13:31.065+0900] {override.py:1912} INFO - Created Permission View: can delete on DAG Run:example_short_circuit_operator
[2025-04-18T11:13:31.073+0900] {logging_mixin.py:190} INFO - [2025-04-18T11:13:31.073+0900] {override.py:1912} INFO - Created Permission View: can create on DAG Run:example_short_circuit_operator
[2025-04-18T11:13:31.082+0900] {logging_mixin.py:190} INFO - [2025-04-18T11:13:31.082+0900] {override.py:1912} INFO - Created Permission View: menu access on DAG Run:example_short_circuit_operator
[2025-04-18T11:13:31.088+0900] {logging_mixin.py:190} INFO - [2025-04-18T11:13:31.088+0900] {override.py:1912} INFO - Created Permission View: can read on DAG Run:example_short_circuit_operator
[2025-04-18T11:13:31.089+0900] {logging_mixin.py:190} INFO - [2025-04-18T11:13:31.089+0900] {dag.py:3239} INFO - Sync 1 DAGs
[2025-04-18T11:13:31.095+0900] {logging_mixin.py:190} INFO - [2025-04-18T11:13:31.095+0900] {dag.py:3262} INFO - Creating ORM DAG for example_short_circuit_operator
[2025-04-18T11:13:31.095+0900] {logging_mixin.py:190} INFO - [2025-04-18T11:13:31.095+0900] {dag.py:4180} INFO - Setting next_dagrun for example_short_circuit_operator to None, run_after=None
[2025-04-18T11:13:31.108+0900] {processor.py:208} INFO - Processing /home/kim/airflow_tutorial/py_env/lib/python3.10/site-packages/airflow/example_dags/example_short_circuit_operator.py took 0.225 seconds
[2025-04-18T11:14:35.253+0900] {processor.py:186} INFO - Started process (PID=638242) to work on /home/kim/airflow_tutorial/py_env/lib/python3.10/site-packages/airflow/example_dags/example_short_circuit_operator.py
[2025-04-18T11:14:35.254+0900] {processor.py:914} INFO - Processing file /home/kim/airflow_tutorial/py_env/lib/python3.10/site-packages/airflow/example_dags/example_short_circuit_operator.py for tasks to queue
[2025-04-18T11:14:35.256+0900] {logging_mixin.py:190} INFO - [2025-04-18T11:14:35.255+0900] {dagbag.py:588} INFO - Filling up the DagBag from /home/kim/airflow_tutorial/py_env/lib/python3.10/site-packages/airflow/example_dags/example_short_circuit_operator.py
[2025-04-18T11:14:35.262+0900] {processor.py:925} INFO - DAG(s) 'example_short_circuit_operator' retrieved from /home/kim/airflow_tutorial/py_env/lib/python3.10/site-packages/airflow/example_dags/example_short_circuit_operator.py
[2025-04-18T11:14:35.275+0900] {logging_mixin.py:190} INFO - [2025-04-18T11:14:35.275+0900] {dag.py:3239} INFO - Sync 1 DAGs
[2025-04-18T11:14:35.284+0900] {logging_mixin.py:190} INFO - [2025-04-18T11:14:35.283+0900] {dag.py:4180} INFO - Setting next_dagrun for example_short_circuit_operator to None, run_after=None
[2025-04-18T11:14:35.299+0900] {processor.py:208} INFO - Processing /home/kim/airflow_tutorial/py_env/lib/python3.10/site-packages/airflow/example_dags/example_short_circuit_operator.py took 0.050 seconds
[2025-04-18T11:15:33.880+0900] {processor.py:186} INFO - Started process (PID=638762) to work on /home/kim/airflow_tutorial/py_env/lib/python3.10/site-packages/airflow/example_dags/example_short_circuit_operator.py
[2025-04-18T11:15:33.882+0900] {processor.py:914} INFO - Processing file /home/kim/airflow_tutorial/py_env/lib/python3.10/site-packages/airflow/example_dags/example_short_circuit_operator.py for tasks to queue
[2025-04-18T11:15:33.883+0900] {logging_mixin.py:190} INFO - [2025-04-18T11:15:33.883+0900] {dagbag.py:588} INFO - Filling up the DagBag from /home/kim/airflow_tutorial/py_env/lib/python3.10/site-packages/airflow/example_dags/example_short_circuit_operator.py
[2025-04-18T11:15:33.890+0900] {processor.py:925} INFO - DAG(s) 'example_short_circuit_operator' retrieved from /home/kim/airflow_tutorial/py_env/lib/python3.10/site-packages/airflow/example_dags/example_short_circuit_operator.py
[2025-04-18T11:15:33.923+0900] {logging_mixin.py:190} INFO - [2025-04-18T11:15:33.923+0900] {dag.py:3239} INFO - Sync 1 DAGs
[2025-04-18T11:15:33.942+0900] {logging_mixin.py:190} INFO - [2025-04-18T11:15:33.942+0900] {dag.py:4180} INFO - Setting next_dagrun for example_short_circuit_operator to None, run_after=None
[2025-04-18T11:15:33.963+0900] {processor.py:208} INFO - Processing /home/kim/airflow_tutorial/py_env/lib/python3.10/site-packages/airflow/example_dags/example_short_circuit_operator.py took 0.087 seconds
[2025-04-18T11:16:33.409+0900] {processor.py:186} INFO - Started process (PID=639358) to work on /home/kim/airflow_tutorial/py_env/lib/python3.10/site-packages/airflow/example_dags/example_short_circuit_operator.py
[2025-04-18T11:16:33.411+0900] {processor.py:914} INFO - Processing file /home/kim/airflow_tutorial/py_env/lib/python3.10/site-packages/airflow/example_dags/example_short_circuit_operator.py for tasks to queue
[2025-04-18T11:16:33.413+0900] {logging_mixin.py:190} INFO - [2025-04-18T11:16:33.412+0900] {dagbag.py:588} INFO - Filling up the DagBag from /home/kim/airflow_tutorial/py_env/lib/python3.10/site-packages/airflow/example_dags/example_short_circuit_operator.py
[2025-04-18T11:16:33.420+0900] {processor.py:925} INFO - DAG(s) 'example_short_circuit_operator' retrieved from /home/kim/airflow_tutorial/py_env/lib/python3.10/site-packages/airflow/example_dags/example_short_circuit_operator.py
[2025-04-18T11:16:33.441+0900] {logging_mixin.py:190} INFO - [2025-04-18T11:16:33.440+0900] {dag.py:3239} INFO - Sync 1 DAGs
[2025-04-18T11:16:33.455+0900] {logging_mixin.py:190} INFO - [2025-04-18T11:16:33.454+0900] {dag.py:4180} INFO - Setting next_dagrun for example_short_circuit_operator to None, run_after=None
[2025-04-18T11:16:33.480+0900] {processor.py:208} INFO - Processing /home/kim/airflow_tutorial/py_env/lib/python3.10/site-packages/airflow/example_dags/example_short_circuit_operator.py took 0.076 seconds
[2025-04-18T11:17:32.631+0900] {processor.py:186} INFO - Started process (PID=640042) to work on /home/kim/airflow_tutorial/py_env/lib/python3.10/site-packages/airflow/example_dags/example_short_circuit_operator.py
[2025-04-18T11:17:32.634+0900] {processor.py:914} INFO - Processing file /home/kim/airflow_tutorial/py_env/lib/python3.10/site-packages/airflow/example_dags/example_short_circuit_operator.py for tasks to queue
[2025-04-18T11:17:32.635+0900] {logging_mixin.py:190} INFO - [2025-04-18T11:17:32.635+0900] {dagbag.py:588} INFO - Filling up the DagBag from /home/kim/airflow_tutorial/py_env/lib/python3.10/site-packages/airflow/example_dags/example_short_circuit_operator.py
[2025-04-18T11:17:32.642+0900] {processor.py:925} INFO - DAG(s) 'example_short_circuit_operator' retrieved from /home/kim/airflow_tutorial/py_env/lib/python3.10/site-packages/airflow/example_dags/example_short_circuit_operator.py
[2025-04-18T11:17:32.657+0900] {logging_mixin.py:190} INFO - [2025-04-18T11:17:32.657+0900] {dag.py:3239} INFO - Sync 1 DAGs
[2025-04-18T11:17:32.667+0900] {logging_mixin.py:190} INFO - [2025-04-18T11:17:32.667+0900] {dag.py:4180} INFO - Setting next_dagrun for example_short_circuit_operator to None, run_after=None
[2025-04-18T11:17:32.684+0900] {processor.py:208} INFO - Processing /home/kim/airflow_tutorial/py_env/lib/python3.10/site-packages/airflow/example_dags/example_short_circuit_operator.py took 0.058 seconds
[2025-04-18T11:18:34.359+0900] {processor.py:186} INFO - Started process (PID=640717) to work on /home/kim/airflow_tutorial/py_env/lib/python3.10/site-packages/airflow/example_dags/example_short_circuit_operator.py
[2025-04-18T11:18:34.360+0900] {processor.py:914} INFO - Processing file /home/kim/airflow_tutorial/py_env/lib/python3.10/site-packages/airflow/example_dags/example_short_circuit_operator.py for tasks to queue
[2025-04-18T11:18:34.362+0900] {logging_mixin.py:190} INFO - [2025-04-18T11:18:34.362+0900] {dagbag.py:588} INFO - Filling up the DagBag from /home/kim/airflow_tutorial/py_env/lib/python3.10/site-packages/airflow/example_dags/example_short_circuit_operator.py
[2025-04-18T11:18:34.369+0900] {processor.py:925} INFO - DAG(s) 'example_short_circuit_operator' retrieved from /home/kim/airflow_tutorial/py_env/lib/python3.10/site-packages/airflow/example_dags/example_short_circuit_operator.py
[2025-04-18T11:18:34.383+0900] {logging_mixin.py:190} INFO - [2025-04-18T11:18:34.383+0900] {dag.py:3239} INFO - Sync 1 DAGs
[2025-04-18T11:18:34.394+0900] {logging_mixin.py:190} INFO - [2025-04-18T11:18:34.394+0900] {dag.py:4180} INFO - Setting next_dagrun for example_short_circuit_operator to None, run_after=None
[2025-04-18T11:18:34.411+0900] {processor.py:208} INFO - Processing /home/kim/airflow_tutorial/py_env/lib/python3.10/site-packages/airflow/example_dags/example_short_circuit_operator.py took 0.057 seconds
[2025-04-18T11:19:32.254+0900] {processor.py:186} INFO - Started process (PID=641003) to work on /home/kim/airflow_tutorial/py_env/lib/python3.10/site-packages/airflow/example_dags/example_short_circuit_operator.py
[2025-04-18T11:19:32.257+0900] {processor.py:914} INFO - Processing file /home/kim/airflow_tutorial/py_env/lib/python3.10/site-packages/airflow/example_dags/example_short_circuit_operator.py for tasks to queue
[2025-04-18T11:19:32.258+0900] {logging_mixin.py:190} INFO - [2025-04-18T11:19:32.258+0900] {dagbag.py:588} INFO - Filling up the DagBag from /home/kim/airflow_tutorial/py_env/lib/python3.10/site-packages/airflow/example_dags/example_short_circuit_operator.py
[2025-04-18T11:19:32.265+0900] {processor.py:925} INFO - DAG(s) 'example_short_circuit_operator' retrieved from /home/kim/airflow_tutorial/py_env/lib/python3.10/site-packages/airflow/example_dags/example_short_circuit_operator.py
[2025-04-18T11:19:32.277+0900] {logging_mixin.py:190} INFO - [2025-04-18T11:19:32.277+0900] {dag.py:3239} INFO - Sync 1 DAGs
[2025-04-18T11:19:32.286+0900] {logging_mixin.py:190} INFO - [2025-04-18T11:19:32.286+0900] {dag.py:4180} INFO - Setting next_dagrun for example_short_circuit_operator to None, run_after=None
[2025-04-18T11:19:32.304+0900] {processor.py:208} INFO - Processing /home/kim/airflow_tutorial/py_env/lib/python3.10/site-packages/airflow/example_dags/example_short_circuit_operator.py took 0.054 seconds
[2025-04-18T11:20:30.719+0900] {processor.py:186} INFO - Started process (PID=641287) to work on /home/kim/airflow_tutorial/py_env/lib/python3.10/site-packages/airflow/example_dags/example_short_circuit_operator.py
[2025-04-18T11:20:30.722+0900] {processor.py:914} INFO - Processing file /home/kim/airflow_tutorial/py_env/lib/python3.10/site-packages/airflow/example_dags/example_short_circuit_operator.py for tasks to queue
[2025-04-18T11:20:30.723+0900] {logging_mixin.py:190} INFO - [2025-04-18T11:20:30.723+0900] {dagbag.py:588} INFO - Filling up the DagBag from /home/kim/airflow_tutorial/py_env/lib/python3.10/site-packages/airflow/example_dags/example_short_circuit_operator.py
[2025-04-18T11:20:30.731+0900] {processor.py:925} INFO - DAG(s) 'example_short_circuit_operator' retrieved from /home/kim/airflow_tutorial/py_env/lib/python3.10/site-packages/airflow/example_dags/example_short_circuit_operator.py
[2025-04-18T11:20:30.744+0900] {logging_mixin.py:190} INFO - [2025-04-18T11:20:30.744+0900] {dag.py:3239} INFO - Sync 1 DAGs
[2025-04-18T11:20:30.753+0900] {logging_mixin.py:190} INFO - [2025-04-18T11:20:30.753+0900] {dag.py:4180} INFO - Setting next_dagrun for example_short_circuit_operator to None, run_after=None
[2025-04-18T11:20:30.767+0900] {processor.py:208} INFO - Processing /home/kim/airflow_tutorial/py_env/lib/python3.10/site-packages/airflow/example_dags/example_short_circuit_operator.py took 0.053 seconds
[2025-04-18T11:21:32.098+0900] {processor.py:186} INFO - Started process (PID=641578) to work on /home/kim/airflow_tutorial/py_env/lib/python3.10/site-packages/airflow/example_dags/example_short_circuit_operator.py
[2025-04-18T11:21:32.101+0900] {processor.py:914} INFO - Processing file /home/kim/airflow_tutorial/py_env/lib/python3.10/site-packages/airflow/example_dags/example_short_circuit_operator.py for tasks to queue
[2025-04-18T11:21:32.103+0900] {logging_mixin.py:190} INFO - [2025-04-18T11:21:32.102+0900] {dagbag.py:588} INFO - Filling up the DagBag from /home/kim/airflow_tutorial/py_env/lib/python3.10/site-packages/airflow/example_dags/example_short_circuit_operator.py
[2025-04-18T11:21:32.109+0900] {processor.py:925} INFO - DAG(s) 'example_short_circuit_operator' retrieved from /home/kim/airflow_tutorial/py_env/lib/python3.10/site-packages/airflow/example_dags/example_short_circuit_operator.py
[2025-04-18T11:21:32.125+0900] {logging_mixin.py:190} INFO - [2025-04-18T11:21:32.125+0900] {dag.py:3239} INFO - Sync 1 DAGs
[2025-04-18T11:21:32.138+0900] {logging_mixin.py:190} INFO - [2025-04-18T11:21:32.138+0900] {dag.py:4180} INFO - Setting next_dagrun for example_short_circuit_operator to None, run_after=None
[2025-04-18T11:21:32.158+0900] {processor.py:208} INFO - Processing /home/kim/airflow_tutorial/py_env/lib/python3.10/site-packages/airflow/example_dags/example_short_circuit_operator.py took 0.065 seconds
[2025-04-18T11:22:32.756+0900] {processor.py:186} INFO - Started process (PID=642040) to work on /home/kim/airflow_tutorial/py_env/lib/python3.10/site-packages/airflow/example_dags/example_short_circuit_operator.py
[2025-04-18T11:22:32.760+0900] {processor.py:914} INFO - Processing file /home/kim/airflow_tutorial/py_env/lib/python3.10/site-packages/airflow/example_dags/example_short_circuit_operator.py for tasks to queue
[2025-04-18T11:22:32.761+0900] {logging_mixin.py:190} INFO - [2025-04-18T11:22:32.761+0900] {dagbag.py:588} INFO - Filling up the DagBag from /home/kim/airflow_tutorial/py_env/lib/python3.10/site-packages/airflow/example_dags/example_short_circuit_operator.py
[2025-04-18T11:22:32.769+0900] {processor.py:925} INFO - DAG(s) 'example_short_circuit_operator' retrieved from /home/kim/airflow_tutorial/py_env/lib/python3.10/site-packages/airflow/example_dags/example_short_circuit_operator.py
[2025-04-18T11:22:32.783+0900] {logging_mixin.py:190} INFO - [2025-04-18T11:22:32.783+0900] {dag.py:3239} INFO - Sync 1 DAGs
[2025-04-18T11:22:32.793+0900] {logging_mixin.py:190} INFO - [2025-04-18T11:22:32.792+0900] {dag.py:4180} INFO - Setting next_dagrun for example_short_circuit_operator to None, run_after=None
[2025-04-18T11:22:32.812+0900] {processor.py:208} INFO - Processing /home/kim/airflow_tutorial/py_env/lib/python3.10/site-packages/airflow/example_dags/example_short_circuit_operator.py took 0.061 seconds
[2025-04-18T11:23:33.887+0900] {processor.py:186} INFO - Started process (PID=642339) to work on /home/kim/airflow_tutorial/py_env/lib/python3.10/site-packages/airflow/example_dags/example_short_circuit_operator.py
[2025-04-18T11:23:33.888+0900] {processor.py:914} INFO - Processing file /home/kim/airflow_tutorial/py_env/lib/python3.10/site-packages/airflow/example_dags/example_short_circuit_operator.py for tasks to queue
[2025-04-18T11:23:33.889+0900] {logging_mixin.py:190} INFO - [2025-04-18T11:23:33.889+0900] {dagbag.py:588} INFO - Filling up the DagBag from /home/kim/airflow_tutorial/py_env/lib/python3.10/site-packages/airflow/example_dags/example_short_circuit_operator.py
[2025-04-18T11:23:33.896+0900] {processor.py:925} INFO - DAG(s) 'example_short_circuit_operator' retrieved from /home/kim/airflow_tutorial/py_env/lib/python3.10/site-packages/airflow/example_dags/example_short_circuit_operator.py
[2025-04-18T11:23:33.908+0900] {logging_mixin.py:190} INFO - [2025-04-18T11:23:33.908+0900] {dag.py:3239} INFO - Sync 1 DAGs
[2025-04-18T11:23:33.916+0900] {logging_mixin.py:190} INFO - [2025-04-18T11:23:33.916+0900] {dag.py:4180} INFO - Setting next_dagrun for example_short_circuit_operator to None, run_after=None
[2025-04-18T11:23:33.931+0900] {processor.py:208} INFO - Processing /home/kim/airflow_tutorial/py_env/lib/python3.10/site-packages/airflow/example_dags/example_short_circuit_operator.py took 0.049 seconds
[2025-04-18T11:24:32.245+0900] {processor.py:186} INFO - Started process (PID=642702) to work on /home/kim/airflow_tutorial/py_env/lib/python3.10/site-packages/airflow/example_dags/example_short_circuit_operator.py
[2025-04-18T11:24:32.248+0900] {processor.py:914} INFO - Processing file /home/kim/airflow_tutorial/py_env/lib/python3.10/site-packages/airflow/example_dags/example_short_circuit_operator.py for tasks to queue
[2025-04-18T11:24:32.250+0900] {logging_mixin.py:190} INFO - [2025-04-18T11:24:32.249+0900] {dagbag.py:588} INFO - Filling up the DagBag from /home/kim/airflow_tutorial/py_env/lib/python3.10/site-packages/airflow/example_dags/example_short_circuit_operator.py
[2025-04-18T11:24:32.256+0900] {processor.py:925} INFO - DAG(s) 'example_short_circuit_operator' retrieved from /home/kim/airflow_tutorial/py_env/lib/python3.10/site-packages/airflow/example_dags/example_short_circuit_operator.py
[2025-04-18T11:24:32.267+0900] {logging_mixin.py:190} INFO - [2025-04-18T11:24:32.267+0900] {dag.py:3239} INFO - Sync 1 DAGs
[2025-04-18T11:24:32.275+0900] {logging_mixin.py:190} INFO - [2025-04-18T11:24:32.275+0900] {dag.py:4180} INFO - Setting next_dagrun for example_short_circuit_operator to None, run_after=None
[2025-04-18T11:24:32.290+0900] {processor.py:208} INFO - Processing /home/kim/airflow_tutorial/py_env/lib/python3.10/site-packages/airflow/example_dags/example_short_circuit_operator.py took 0.049 seconds
[2025-04-18T11:25:34.794+0900] {processor.py:186} INFO - Started process (PID=643235) to work on /home/kim/airflow_tutorial/py_env/lib/python3.10/site-packages/airflow/example_dags/example_short_circuit_operator.py
[2025-04-18T11:25:34.796+0900] {processor.py:914} INFO - Processing file /home/kim/airflow_tutorial/py_env/lib/python3.10/site-packages/airflow/example_dags/example_short_circuit_operator.py for tasks to queue
[2025-04-18T11:25:34.798+0900] {logging_mixin.py:190} INFO - [2025-04-18T11:25:34.797+0900] {dagbag.py:588} INFO - Filling up the DagBag from /home/kim/airflow_tutorial/py_env/lib/python3.10/site-packages/airflow/example_dags/example_short_circuit_operator.py
[2025-04-18T11:25:34.804+0900] {processor.py:925} INFO - DAG(s) 'example_short_circuit_operator' retrieved from /home/kim/airflow_tutorial/py_env/lib/python3.10/site-packages/airflow/example_dags/example_short_circuit_operator.py
[2025-04-18T11:25:34.816+0900] {logging_mixin.py:190} INFO - [2025-04-18T11:25:34.816+0900] {dag.py:3239} INFO - Sync 1 DAGs
[2025-04-18T11:25:34.825+0900] {logging_mixin.py:190} INFO - [2025-04-18T11:25:34.825+0900] {dag.py:4180} INFO - Setting next_dagrun for example_short_circuit_operator to None, run_after=None
[2025-04-18T11:25:34.841+0900] {processor.py:208} INFO - Processing /home/kim/airflow_tutorial/py_env/lib/python3.10/site-packages/airflow/example_dags/example_short_circuit_operator.py took 0.052 seconds
[2025-04-18T12:03:12.744+0900] {processor.py:186} INFO - Started process (PID=651813) to work on /home/kim/airflow_tutorial/py_env/lib/python3.10/site-packages/airflow/example_dags/example_short_circuit_operator.py
[2025-04-18T12:03:12.746+0900] {processor.py:914} INFO - Processing file /home/kim/airflow_tutorial/py_env/lib/python3.10/site-packages/airflow/example_dags/example_short_circuit_operator.py for tasks to queue
[2025-04-18T12:03:12.748+0900] {logging_mixin.py:190} INFO - [2025-04-18T12:03:12.747+0900] {dagbag.py:588} INFO - Filling up the DagBag from /home/kim/airflow_tutorial/py_env/lib/python3.10/site-packages/airflow/example_dags/example_short_circuit_operator.py
[2025-04-18T12:03:12.849+0900] {processor.py:925} INFO - DAG(s) 'example_short_circuit_operator' retrieved from /home/kim/airflow_tutorial/py_env/lib/python3.10/site-packages/airflow/example_dags/example_short_circuit_operator.py
[2025-04-18T12:03:12.941+0900] {logging_mixin.py:190} INFO - [2025-04-18T12:03:12.940+0900] {override.py:1912} INFO - Created Permission View: can read on DAG:example_short_circuit_operator
[2025-04-18T12:03:12.954+0900] {logging_mixin.py:190} INFO - [2025-04-18T12:03:12.954+0900] {override.py:1912} INFO - Created Permission View: can edit on DAG:example_short_circuit_operator
[2025-04-18T12:03:12.964+0900] {logging_mixin.py:190} INFO - [2025-04-18T12:03:12.964+0900] {override.py:1912} INFO - Created Permission View: can delete on DAG:example_short_circuit_operator
[2025-04-18T12:03:12.979+0900] {logging_mixin.py:190} INFO - [2025-04-18T12:03:12.978+0900] {override.py:1912} INFO - Created Permission View: can read on DAG Run:example_short_circuit_operator
[2025-04-18T12:03:12.994+0900] {logging_mixin.py:190} INFO - [2025-04-18T12:03:12.994+0900] {override.py:1912} INFO - Created Permission View: can create on DAG Run:example_short_circuit_operator
[2025-04-18T12:03:13.010+0900] {logging_mixin.py:190} INFO - [2025-04-18T12:03:13.010+0900] {override.py:1912} INFO - Created Permission View: menu access on DAG Run:example_short_circuit_operator
[2025-04-18T12:03:13.024+0900] {logging_mixin.py:190} INFO - [2025-04-18T12:03:13.023+0900] {override.py:1912} INFO - Created Permission View: can delete on DAG Run:example_short_circuit_operator
[2025-04-18T12:03:13.024+0900] {logging_mixin.py:190} INFO - [2025-04-18T12:03:13.024+0900] {dag.py:3239} INFO - Sync 1 DAGs
[2025-04-18T12:03:13.036+0900] {logging_mixin.py:190} INFO - [2025-04-18T12:03:13.036+0900] {dag.py:3262} INFO - Creating ORM DAG for example_short_circuit_operator
[2025-04-18T12:03:13.037+0900] {logging_mixin.py:190} INFO - [2025-04-18T12:03:13.037+0900] {dag.py:4180} INFO - Setting next_dagrun for example_short_circuit_operator to None, run_after=None
[2025-04-18T12:03:13.056+0900] {processor.py:208} INFO - Processing /home/kim/airflow_tutorial/py_env/lib/python3.10/site-packages/airflow/example_dags/example_short_circuit_operator.py took 0.318 seconds
[2025-04-18T12:05:19.133+0900] {processor.py:186} INFO - Started process (PID=653644) to work on /home/kim/airflow_tutorial/py_env/lib/python3.10/site-packages/airflow/example_dags/example_short_circuit_operator.py
[2025-04-18T12:05:19.134+0900] {processor.py:914} INFO - Processing file /home/kim/airflow_tutorial/py_env/lib/python3.10/site-packages/airflow/example_dags/example_short_circuit_operator.py for tasks to queue
[2025-04-18T12:05:19.135+0900] {logging_mixin.py:190} INFO - [2025-04-18T12:05:19.135+0900] {dagbag.py:588} INFO - Filling up the DagBag from /home/kim/airflow_tutorial/py_env/lib/python3.10/site-packages/airflow/example_dags/example_short_circuit_operator.py
[2025-04-18T12:05:19.142+0900] {processor.py:925} INFO - DAG(s) 'example_short_circuit_operator' retrieved from /home/kim/airflow_tutorial/py_env/lib/python3.10/site-packages/airflow/example_dags/example_short_circuit_operator.py
[2025-04-18T12:05:19.166+0900] {logging_mixin.py:190} INFO - [2025-04-18T12:05:19.166+0900] {dag.py:3239} INFO - Sync 1 DAGs
[2025-04-18T12:05:19.176+0900] {logging_mixin.py:190} INFO - [2025-04-18T12:05:19.176+0900] {dag.py:4180} INFO - Setting next_dagrun for example_short_circuit_operator to None, run_after=None
[2025-04-18T12:05:19.198+0900] {processor.py:208} INFO - Processing /home/kim/airflow_tutorial/py_env/lib/python3.10/site-packages/airflow/example_dags/example_short_circuit_operator.py took 0.072 seconds
[2025-04-18T12:05:50.001+0900] {processor.py:186} INFO - Started process (PID=654124) to work on /home/kim/airflow_tutorial/py_env/lib/python3.10/site-packages/airflow/example_dags/example_short_circuit_operator.py
[2025-04-18T12:05:50.002+0900] {processor.py:914} INFO - Processing file /home/kim/airflow_tutorial/py_env/lib/python3.10/site-packages/airflow/example_dags/example_short_circuit_operator.py for tasks to queue
[2025-04-18T12:05:50.005+0900] {logging_mixin.py:190} INFO - [2025-04-18T12:05:50.004+0900] {dagbag.py:588} INFO - Filling up the DagBag from /home/kim/airflow_tutorial/py_env/lib/python3.10/site-packages/airflow/example_dags/example_short_circuit_operator.py
[2025-04-18T12:05:50.013+0900] {processor.py:925} INFO - DAG(s) 'example_short_circuit_operator' retrieved from /home/kim/airflow_tutorial/py_env/lib/python3.10/site-packages/airflow/example_dags/example_short_circuit_operator.py
[2025-04-18T12:05:50.047+0900] {logging_mixin.py:190} INFO - [2025-04-18T12:05:50.046+0900] {dag.py:3239} INFO - Sync 1 DAGs
[2025-04-18T12:05:50.061+0900] {logging_mixin.py:190} INFO - [2025-04-18T12:05:50.061+0900] {dag.py:4180} INFO - Setting next_dagrun for example_short_circuit_operator to None, run_after=None
[2025-04-18T12:05:50.090+0900] {processor.py:208} INFO - Processing /home/kim/airflow_tutorial/py_env/lib/python3.10/site-packages/airflow/example_dags/example_short_circuit_operator.py took 0.097 seconds
[2025-04-18T12:06:20.610+0900] {processor.py:186} INFO - Started process (PID=654499) to work on /home/kim/airflow_tutorial/py_env/lib/python3.10/site-packages/airflow/example_dags/example_short_circuit_operator.py
[2025-04-18T12:06:20.612+0900] {processor.py:914} INFO - Processing file /home/kim/airflow_tutorial/py_env/lib/python3.10/site-packages/airflow/example_dags/example_short_circuit_operator.py for tasks to queue
[2025-04-18T12:06:20.614+0900] {logging_mixin.py:190} INFO - [2025-04-18T12:06:20.614+0900] {dagbag.py:588} INFO - Filling up the DagBag from /home/kim/airflow_tutorial/py_env/lib/python3.10/site-packages/airflow/example_dags/example_short_circuit_operator.py
[2025-04-18T12:06:20.625+0900] {processor.py:925} INFO - DAG(s) 'example_short_circuit_operator' retrieved from /home/kim/airflow_tutorial/py_env/lib/python3.10/site-packages/airflow/example_dags/example_short_circuit_operator.py
[2025-04-18T12:06:20.652+0900] {logging_mixin.py:190} INFO - [2025-04-18T12:06:20.651+0900] {dag.py:3239} INFO - Sync 1 DAGs
[2025-04-18T12:06:20.665+0900] {logging_mixin.py:190} INFO - [2025-04-18T12:06:20.665+0900] {dag.py:4180} INFO - Setting next_dagrun for example_short_circuit_operator to None, run_after=None
[2025-04-18T12:06:20.690+0900] {processor.py:208} INFO - Processing /home/kim/airflow_tutorial/py_env/lib/python3.10/site-packages/airflow/example_dags/example_short_circuit_operator.py took 0.088 seconds
