[2025-04-18T11:13:01.763+0900] {processor.py:186} INFO - Started process (PID=637602) to work on /home/kim/airflow_tutorial/py_env/lib/python3.10/site-packages/airflow/example_dags/example_subdag_operator.py
[2025-04-18T11:13:01.764+0900] {processor.py:914} INFO - Processing file /home/kim/airflow_tutorial/py_env/lib/python3.10/site-packages/airflow/example_dags/example_subdag_operator.py for tasks to queue
[2025-04-18T11:13:01.766+0900] {logging_mixin.py:190} INFO - [2025-04-18T11:13:01.766+0900] {dagbag.py:588} INFO - Filling up the DagBag from /home/kim/airflow_tutorial/py_env/lib/python3.10/site-packages/airflow/example_dags/example_subdag_operator.py
[2025-04-18T11:13:01.786+0900] {processor.py:925} INFO - DAG(s) 'example_subdag_operator.section-1', 'example_subdag_operator.section-2', 'example_subdag_operator' retrieved from /home/kim/airflow_tutorial/py_env/lib/python3.10/site-packages/airflow/example_dags/example_subdag_operator.py
[2025-04-18T11:13:01.962+0900] {logging_mixin.py:190} INFO - [2025-04-18T11:13:01.961+0900] {override.py:1912} INFO - Created Permission View: can delete on DAG:example_subdag_operator
[2025-04-18T11:13:01.971+0900] {logging_mixin.py:190} INFO - [2025-04-18T11:13:01.971+0900] {override.py:1912} INFO - Created Permission View: can edit on DAG:example_subdag_operator
[2025-04-18T11:13:01.977+0900] {logging_mixin.py:190} INFO - [2025-04-18T11:13:01.977+0900] {override.py:1912} INFO - Created Permission View: can read on DAG:example_subdag_operator
[2025-04-18T11:13:01.988+0900] {logging_mixin.py:190} INFO - [2025-04-18T11:13:01.988+0900] {override.py:1912} INFO - Created Permission View: can delete on DAG Run:example_subdag_operator
[2025-04-18T11:13:01.994+0900] {logging_mixin.py:190} INFO - [2025-04-18T11:13:01.994+0900] {override.py:1912} INFO - Created Permission View: can create on DAG Run:example_subdag_operator
[2025-04-18T11:13:02.002+0900] {logging_mixin.py:190} INFO - [2025-04-18T11:13:02.001+0900] {override.py:1912} INFO - Created Permission View: menu access on DAG Run:example_subdag_operator
[2025-04-18T11:13:02.008+0900] {logging_mixin.py:190} INFO - [2025-04-18T11:13:02.008+0900] {override.py:1912} INFO - Created Permission View: can read on DAG Run:example_subdag_operator
[2025-04-18T11:13:02.008+0900] {logging_mixin.py:190} INFO - [2025-04-18T11:13:02.008+0900] {dag.py:3239} INFO - Sync 3 DAGs
[2025-04-18T11:13:02.016+0900] {logging_mixin.py:190} INFO - [2025-04-18T11:13:02.016+0900] {dag.py:3262} INFO - Creating ORM DAG for example_subdag_operator.section-1
[2025-04-18T11:13:02.017+0900] {logging_mixin.py:190} INFO - [2025-04-18T11:13:02.017+0900] {dag.py:3262} INFO - Creating ORM DAG for example_subdag_operator.section-2
[2025-04-18T11:13:02.017+0900] {logging_mixin.py:190} INFO - [2025-04-18T11:13:02.017+0900] {dag.py:3262} INFO - Creating ORM DAG for example_subdag_operator
[2025-04-18T11:13:02.023+0900] {logging_mixin.py:190} INFO - [2025-04-18T11:13:02.022+0900] {dag.py:4180} INFO - Setting next_dagrun for example_subdag_operator to 2022-01-01 00:00:00+00:00, run_after=2022-01-01 00:00:00+00:00
[2025-04-18T11:13:02.023+0900] {logging_mixin.py:190} INFO - [2025-04-18T11:13:02.023+0900] {dag.py:4180} INFO - Setting next_dagrun for example_subdag_operator.section-1 to None, run_after=None
[2025-04-18T11:13:02.023+0900] {logging_mixin.py:190} INFO - [2025-04-18T11:13:02.023+0900] {dag.py:4180} INFO - Setting next_dagrun for example_subdag_operator.section-2 to None, run_after=None
[2025-04-18T11:13:02.028+0900] {logging_mixin.py:190} INFO - [2025-04-18T11:13:02.028+0900] {dag.py:3239} INFO - Sync 2 DAGs
[2025-04-18T11:13:02.031+0900] {logging_mixin.py:190} INFO - [2025-04-18T11:13:02.031+0900] {dag.py:4180} INFO - Setting next_dagrun for example_subdag_operator.section-1 to None, run_after=None
[2025-04-18T11:13:02.033+0900] {logging_mixin.py:190} INFO - [2025-04-18T11:13:02.033+0900] {dag.py:4180} INFO - Setting next_dagrun for example_subdag_operator.section-2 to None, run_after=None
[2025-04-18T11:13:02.045+0900] {processor.py:208} INFO - Processing /home/kim/airflow_tutorial/py_env/lib/python3.10/site-packages/airflow/example_dags/example_subdag_operator.py took 0.287 seconds
[2025-04-18T11:14:09.380+0900] {processor.py:186} INFO - Started process (PID=638066) to work on /home/kim/airflow_tutorial/py_env/lib/python3.10/site-packages/airflow/example_dags/example_subdag_operator.py
[2025-04-18T11:14:09.382+0900] {processor.py:914} INFO - Processing file /home/kim/airflow_tutorial/py_env/lib/python3.10/site-packages/airflow/example_dags/example_subdag_operator.py for tasks to queue
[2025-04-18T11:14:09.384+0900] {logging_mixin.py:190} INFO - [2025-04-18T11:14:09.383+0900] {dagbag.py:588} INFO - Filling up the DagBag from /home/kim/airflow_tutorial/py_env/lib/python3.10/site-packages/airflow/example_dags/example_subdag_operator.py
[2025-04-18T11:14:09.400+0900] {processor.py:925} INFO - DAG(s) 'example_subdag_operator.section-1', 'example_subdag_operator.section-2', 'example_subdag_operator' retrieved from /home/kim/airflow_tutorial/py_env/lib/python3.10/site-packages/airflow/example_dags/example_subdag_operator.py
[2025-04-18T11:14:09.412+0900] {logging_mixin.py:190} INFO - [2025-04-18T11:14:09.412+0900] {dag.py:3239} INFO - Sync 3 DAGs
[2025-04-18T11:14:09.426+0900] {logging_mixin.py:190} INFO - [2025-04-18T11:14:09.426+0900] {dag.py:4180} INFO - Setting next_dagrun for example_subdag_operator to 2022-01-01 00:00:00+00:00, run_after=2022-01-01 00:00:00+00:00
[2025-04-18T11:14:09.429+0900] {logging_mixin.py:190} INFO - [2025-04-18T11:14:09.429+0900] {dag.py:4180} INFO - Setting next_dagrun for example_subdag_operator.section-1 to None, run_after=None
[2025-04-18T11:14:09.430+0900] {logging_mixin.py:190} INFO - [2025-04-18T11:14:09.430+0900] {dag.py:4180} INFO - Setting next_dagrun for example_subdag_operator.section-2 to None, run_after=None
[2025-04-18T11:14:09.435+0900] {logging_mixin.py:190} INFO - [2025-04-18T11:14:09.434+0900] {dag.py:3239} INFO - Sync 2 DAGs
[2025-04-18T11:14:09.438+0900] {logging_mixin.py:190} INFO - [2025-04-18T11:14:09.437+0900] {dag.py:4180} INFO - Setting next_dagrun for example_subdag_operator.section-1 to None, run_after=None
[2025-04-18T11:14:09.438+0900] {logging_mixin.py:190} INFO - [2025-04-18T11:14:09.438+0900] {dag.py:4180} INFO - Setting next_dagrun for example_subdag_operator.section-2 to None, run_after=None
[2025-04-18T11:14:09.456+0900] {processor.py:208} INFO - Processing /home/kim/airflow_tutorial/py_env/lib/python3.10/site-packages/airflow/example_dags/example_subdag_operator.py took 0.081 seconds
[2025-04-18T11:15:09.029+0900] {processor.py:186} INFO - Started process (PID=638668) to work on /home/kim/airflow_tutorial/py_env/lib/python3.10/site-packages/airflow/example_dags/example_subdag_operator.py
[2025-04-18T11:15:09.031+0900] {processor.py:914} INFO - Processing file /home/kim/airflow_tutorial/py_env/lib/python3.10/site-packages/airflow/example_dags/example_subdag_operator.py for tasks to queue
[2025-04-18T11:15:09.033+0900] {logging_mixin.py:190} INFO - [2025-04-18T11:15:09.033+0900] {dagbag.py:588} INFO - Filling up the DagBag from /home/kim/airflow_tutorial/py_env/lib/python3.10/site-packages/airflow/example_dags/example_subdag_operator.py
[2025-04-18T11:15:09.049+0900] {processor.py:925} INFO - DAG(s) 'example_subdag_operator.section-1', 'example_subdag_operator.section-2', 'example_subdag_operator' retrieved from /home/kim/airflow_tutorial/py_env/lib/python3.10/site-packages/airflow/example_dags/example_subdag_operator.py
[2025-04-18T11:15:09.059+0900] {logging_mixin.py:190} INFO - [2025-04-18T11:15:09.059+0900] {dag.py:3239} INFO - Sync 3 DAGs
[2025-04-18T11:15:09.072+0900] {logging_mixin.py:190} INFO - [2025-04-18T11:15:09.072+0900] {dag.py:4180} INFO - Setting next_dagrun for example_subdag_operator to 2022-01-01 00:00:00+00:00, run_after=2022-01-01 00:00:00+00:00
[2025-04-18T11:15:09.074+0900] {logging_mixin.py:190} INFO - [2025-04-18T11:15:09.074+0900] {dag.py:4180} INFO - Setting next_dagrun for example_subdag_operator.section-1 to None, run_after=None
[2025-04-18T11:15:09.075+0900] {logging_mixin.py:190} INFO - [2025-04-18T11:15:09.075+0900] {dag.py:4180} INFO - Setting next_dagrun for example_subdag_operator.section-2 to None, run_after=None
[2025-04-18T11:15:09.078+0900] {logging_mixin.py:190} INFO - [2025-04-18T11:15:09.078+0900] {dag.py:3239} INFO - Sync 2 DAGs
[2025-04-18T11:15:09.080+0900] {logging_mixin.py:190} INFO - [2025-04-18T11:15:09.080+0900] {dag.py:4180} INFO - Setting next_dagrun for example_subdag_operator.section-1 to None, run_after=None
[2025-04-18T11:15:09.081+0900] {logging_mixin.py:190} INFO - [2025-04-18T11:15:09.081+0900] {dag.py:4180} INFO - Setting next_dagrun for example_subdag_operator.section-2 to None, run_after=None
[2025-04-18T11:15:09.091+0900] {processor.py:208} INFO - Processing /home/kim/airflow_tutorial/py_env/lib/python3.10/site-packages/airflow/example_dags/example_subdag_operator.py took 0.067 seconds
[2025-04-18T11:16:11.174+0900] {processor.py:186} INFO - Started process (PID=639047) to work on /home/kim/airflow_tutorial/py_env/lib/python3.10/site-packages/airflow/example_dags/example_subdag_operator.py
[2025-04-18T11:16:11.178+0900] {processor.py:914} INFO - Processing file /home/kim/airflow_tutorial/py_env/lib/python3.10/site-packages/airflow/example_dags/example_subdag_operator.py for tasks to queue
[2025-04-18T11:16:11.183+0900] {logging_mixin.py:190} INFO - [2025-04-18T11:16:11.182+0900] {dagbag.py:588} INFO - Filling up the DagBag from /home/kim/airflow_tutorial/py_env/lib/python3.10/site-packages/airflow/example_dags/example_subdag_operator.py
[2025-04-18T11:16:11.208+0900] {processor.py:925} INFO - DAG(s) 'example_subdag_operator.section-1', 'example_subdag_operator.section-2', 'example_subdag_operator' retrieved from /home/kim/airflow_tutorial/py_env/lib/python3.10/site-packages/airflow/example_dags/example_subdag_operator.py
[2025-04-18T11:16:11.218+0900] {logging_mixin.py:190} INFO - [2025-04-18T11:16:11.218+0900] {dag.py:3239} INFO - Sync 3 DAGs
[2025-04-18T11:16:11.230+0900] {logging_mixin.py:190} INFO - [2025-04-18T11:16:11.230+0900] {dag.py:4180} INFO - Setting next_dagrun for example_subdag_operator to 2022-01-01 00:00:00+00:00, run_after=2022-01-01 00:00:00+00:00
[2025-04-18T11:16:11.232+0900] {logging_mixin.py:190} INFO - [2025-04-18T11:16:11.232+0900] {dag.py:4180} INFO - Setting next_dagrun for example_subdag_operator.section-1 to None, run_after=None
[2025-04-18T11:16:11.233+0900] {logging_mixin.py:190} INFO - [2025-04-18T11:16:11.233+0900] {dag.py:4180} INFO - Setting next_dagrun for example_subdag_operator.section-2 to None, run_after=None
[2025-04-18T11:16:11.237+0900] {logging_mixin.py:190} INFO - [2025-04-18T11:16:11.236+0900] {dag.py:3239} INFO - Sync 2 DAGs
[2025-04-18T11:16:11.239+0900] {logging_mixin.py:190} INFO - [2025-04-18T11:16:11.239+0900] {dag.py:4180} INFO - Setting next_dagrun for example_subdag_operator.section-1 to None, run_after=None
[2025-04-18T11:16:11.239+0900] {logging_mixin.py:190} INFO - [2025-04-18T11:16:11.239+0900] {dag.py:4180} INFO - Setting next_dagrun for example_subdag_operator.section-2 to None, run_after=None
[2025-04-18T11:16:11.250+0900] {processor.py:208} INFO - Processing /home/kim/airflow_tutorial/py_env/lib/python3.10/site-packages/airflow/example_dags/example_subdag_operator.py took 0.084 seconds
[2025-04-18T11:17:06.668+0900] {processor.py:186} INFO - Started process (PID=639784) to work on /home/kim/airflow_tutorial/py_env/lib/python3.10/site-packages/airflow/example_dags/example_subdag_operator.py
[2025-04-18T11:17:06.671+0900] {processor.py:914} INFO - Processing file /home/kim/airflow_tutorial/py_env/lib/python3.10/site-packages/airflow/example_dags/example_subdag_operator.py for tasks to queue
[2025-04-18T11:17:06.673+0900] {logging_mixin.py:190} INFO - [2025-04-18T11:17:06.672+0900] {dagbag.py:588} INFO - Filling up the DagBag from /home/kim/airflow_tutorial/py_env/lib/python3.10/site-packages/airflow/example_dags/example_subdag_operator.py
[2025-04-18T11:17:06.690+0900] {processor.py:925} INFO - DAG(s) 'example_subdag_operator.section-1', 'example_subdag_operator.section-2', 'example_subdag_operator' retrieved from /home/kim/airflow_tutorial/py_env/lib/python3.10/site-packages/airflow/example_dags/example_subdag_operator.py
[2025-04-18T11:17:06.703+0900] {logging_mixin.py:190} INFO - [2025-04-18T11:17:06.703+0900] {dag.py:3239} INFO - Sync 3 DAGs
[2025-04-18T11:17:06.719+0900] {logging_mixin.py:190} INFO - [2025-04-18T11:17:06.718+0900] {dag.py:4180} INFO - Setting next_dagrun for example_subdag_operator to 2022-01-01 00:00:00+00:00, run_after=2022-01-01 00:00:00+00:00
[2025-04-18T11:17:06.720+0900] {logging_mixin.py:190} INFO - [2025-04-18T11:17:06.720+0900] {dag.py:4180} INFO - Setting next_dagrun for example_subdag_operator.section-1 to None, run_after=None
[2025-04-18T11:17:06.721+0900] {logging_mixin.py:190} INFO - [2025-04-18T11:17:06.721+0900] {dag.py:4180} INFO - Setting next_dagrun for example_subdag_operator.section-2 to None, run_after=None
[2025-04-18T11:17:06.725+0900] {logging_mixin.py:190} INFO - [2025-04-18T11:17:06.725+0900] {dag.py:3239} INFO - Sync 2 DAGs
[2025-04-18T11:17:06.727+0900] {logging_mixin.py:190} INFO - [2025-04-18T11:17:06.727+0900] {dag.py:4180} INFO - Setting next_dagrun for example_subdag_operator.section-1 to None, run_after=None
[2025-04-18T11:17:06.727+0900] {logging_mixin.py:190} INFO - [2025-04-18T11:17:06.727+0900] {dag.py:4180} INFO - Setting next_dagrun for example_subdag_operator.section-2 to None, run_after=None
[2025-04-18T11:17:06.738+0900] {processor.py:208} INFO - Processing /home/kim/airflow_tutorial/py_env/lib/python3.10/site-packages/airflow/example_dags/example_subdag_operator.py took 0.074 seconds
[2025-04-18T11:18:09.115+0900] {processor.py:186} INFO - Started process (PID=640408) to work on /home/kim/airflow_tutorial/py_env/lib/python3.10/site-packages/airflow/example_dags/example_subdag_operator.py
[2025-04-18T11:18:09.116+0900] {processor.py:914} INFO - Processing file /home/kim/airflow_tutorial/py_env/lib/python3.10/site-packages/airflow/example_dags/example_subdag_operator.py for tasks to queue
[2025-04-18T11:18:09.118+0900] {logging_mixin.py:190} INFO - [2025-04-18T11:18:09.118+0900] {dagbag.py:588} INFO - Filling up the DagBag from /home/kim/airflow_tutorial/py_env/lib/python3.10/site-packages/airflow/example_dags/example_subdag_operator.py
[2025-04-18T11:18:09.140+0900] {processor.py:925} INFO - DAG(s) 'example_subdag_operator.section-1', 'example_subdag_operator.section-2', 'example_subdag_operator' retrieved from /home/kim/airflow_tutorial/py_env/lib/python3.10/site-packages/airflow/example_dags/example_subdag_operator.py
[2025-04-18T11:18:09.153+0900] {logging_mixin.py:190} INFO - [2025-04-18T11:18:09.152+0900] {dag.py:3239} INFO - Sync 3 DAGs
[2025-04-18T11:18:09.170+0900] {logging_mixin.py:190} INFO - [2025-04-18T11:18:09.169+0900] {dag.py:4180} INFO - Setting next_dagrun for example_subdag_operator to 2022-01-01 00:00:00+00:00, run_after=2022-01-01 00:00:00+00:00
[2025-04-18T11:18:09.172+0900] {logging_mixin.py:190} INFO - [2025-04-18T11:18:09.172+0900] {dag.py:4180} INFO - Setting next_dagrun for example_subdag_operator.section-1 to None, run_after=None
[2025-04-18T11:18:09.173+0900] {logging_mixin.py:190} INFO - [2025-04-18T11:18:09.173+0900] {dag.py:4180} INFO - Setting next_dagrun for example_subdag_operator.section-2 to None, run_after=None
[2025-04-18T11:18:09.177+0900] {logging_mixin.py:190} INFO - [2025-04-18T11:18:09.176+0900] {dag.py:3239} INFO - Sync 2 DAGs
[2025-04-18T11:18:09.179+0900] {logging_mixin.py:190} INFO - [2025-04-18T11:18:09.179+0900] {dag.py:4180} INFO - Setting next_dagrun for example_subdag_operator.section-1 to None, run_after=None
[2025-04-18T11:18:09.179+0900] {logging_mixin.py:190} INFO - [2025-04-18T11:18:09.179+0900] {dag.py:4180} INFO - Setting next_dagrun for example_subdag_operator.section-2 to None, run_after=None
[2025-04-18T11:18:09.190+0900] {processor.py:208} INFO - Processing /home/kim/airflow_tutorial/py_env/lib/python3.10/site-packages/airflow/example_dags/example_subdag_operator.py took 0.082 seconds
[2025-04-18T11:19:08.644+0900] {processor.py:186} INFO - Started process (PID=640913) to work on /home/kim/airflow_tutorial/py_env/lib/python3.10/site-packages/airflow/example_dags/example_subdag_operator.py
[2025-04-18T11:19:08.646+0900] {processor.py:914} INFO - Processing file /home/kim/airflow_tutorial/py_env/lib/python3.10/site-packages/airflow/example_dags/example_subdag_operator.py for tasks to queue
[2025-04-18T11:19:08.648+0900] {logging_mixin.py:190} INFO - [2025-04-18T11:19:08.647+0900] {dagbag.py:588} INFO - Filling up the DagBag from /home/kim/airflow_tutorial/py_env/lib/python3.10/site-packages/airflow/example_dags/example_subdag_operator.py
[2025-04-18T11:19:08.674+0900] {processor.py:925} INFO - DAG(s) 'example_subdag_operator.section-1', 'example_subdag_operator.section-2', 'example_subdag_operator' retrieved from /home/kim/airflow_tutorial/py_env/lib/python3.10/site-packages/airflow/example_dags/example_subdag_operator.py
[2025-04-18T11:19:08.690+0900] {logging_mixin.py:190} INFO - [2025-04-18T11:19:08.690+0900] {dag.py:3239} INFO - Sync 3 DAGs
[2025-04-18T11:19:08.704+0900] {logging_mixin.py:190} INFO - [2025-04-18T11:19:08.704+0900] {dag.py:4180} INFO - Setting next_dagrun for example_subdag_operator to 2022-01-01 00:00:00+00:00, run_after=2022-01-01 00:00:00+00:00
[2025-04-18T11:19:08.706+0900] {logging_mixin.py:190} INFO - [2025-04-18T11:19:08.706+0900] {dag.py:4180} INFO - Setting next_dagrun for example_subdag_operator.section-1 to None, run_after=None
[2025-04-18T11:19:08.707+0900] {logging_mixin.py:190} INFO - [2025-04-18T11:19:08.707+0900] {dag.py:4180} INFO - Setting next_dagrun for example_subdag_operator.section-2 to None, run_after=None
[2025-04-18T11:19:08.712+0900] {logging_mixin.py:190} INFO - [2025-04-18T11:19:08.712+0900] {dag.py:3239} INFO - Sync 2 DAGs
[2025-04-18T11:19:08.716+0900] {logging_mixin.py:190} INFO - [2025-04-18T11:19:08.716+0900] {dag.py:4180} INFO - Setting next_dagrun for example_subdag_operator.section-1 to None, run_after=None
[2025-04-18T11:19:08.716+0900] {logging_mixin.py:190} INFO - [2025-04-18T11:19:08.716+0900] {dag.py:4180} INFO - Setting next_dagrun for example_subdag_operator.section-2 to None, run_after=None
[2025-04-18T11:19:08.728+0900] {processor.py:208} INFO - Processing /home/kim/airflow_tutorial/py_env/lib/python3.10/site-packages/airflow/example_dags/example_subdag_operator.py took 0.091 seconds
[2025-04-18T11:20:05.470+0900] {processor.py:186} INFO - Started process (PID=641124) to work on /home/kim/airflow_tutorial/py_env/lib/python3.10/site-packages/airflow/example_dags/example_subdag_operator.py
[2025-04-18T11:20:05.472+0900] {processor.py:914} INFO - Processing file /home/kim/airflow_tutorial/py_env/lib/python3.10/site-packages/airflow/example_dags/example_subdag_operator.py for tasks to queue
[2025-04-18T11:20:05.474+0900] {logging_mixin.py:190} INFO - [2025-04-18T11:20:05.474+0900] {dagbag.py:588} INFO - Filling up the DagBag from /home/kim/airflow_tutorial/py_env/lib/python3.10/site-packages/airflow/example_dags/example_subdag_operator.py
[2025-04-18T11:20:05.496+0900] {processor.py:925} INFO - DAG(s) 'example_subdag_operator.section-1', 'example_subdag_operator.section-2', 'example_subdag_operator' retrieved from /home/kim/airflow_tutorial/py_env/lib/python3.10/site-packages/airflow/example_dags/example_subdag_operator.py
[2025-04-18T11:20:05.511+0900] {logging_mixin.py:190} INFO - [2025-04-18T11:20:05.511+0900] {dag.py:3239} INFO - Sync 3 DAGs
[2025-04-18T11:20:05.533+0900] {logging_mixin.py:190} INFO - [2025-04-18T11:20:05.532+0900] {dag.py:4180} INFO - Setting next_dagrun for example_subdag_operator to 2022-01-01 00:00:00+00:00, run_after=2022-01-01 00:00:00+00:00
[2025-04-18T11:20:05.536+0900] {logging_mixin.py:190} INFO - [2025-04-18T11:20:05.536+0900] {dag.py:4180} INFO - Setting next_dagrun for example_subdag_operator.section-1 to None, run_after=None
[2025-04-18T11:20:05.536+0900] {logging_mixin.py:190} INFO - [2025-04-18T11:20:05.536+0900] {dag.py:4180} INFO - Setting next_dagrun for example_subdag_operator.section-2 to None, run_after=None
[2025-04-18T11:20:05.543+0900] {logging_mixin.py:190} INFO - [2025-04-18T11:20:05.542+0900] {dag.py:3239} INFO - Sync 2 DAGs
[2025-04-18T11:20:05.546+0900] {logging_mixin.py:190} INFO - [2025-04-18T11:20:05.545+0900] {dag.py:4180} INFO - Setting next_dagrun for example_subdag_operator.section-1 to None, run_after=None
[2025-04-18T11:20:05.546+0900] {logging_mixin.py:190} INFO - [2025-04-18T11:20:05.546+0900] {dag.py:4180} INFO - Setting next_dagrun for example_subdag_operator.section-2 to None, run_after=None
[2025-04-18T11:20:05.558+0900] {processor.py:208} INFO - Processing /home/kim/airflow_tutorial/py_env/lib/python3.10/site-packages/airflow/example_dags/example_subdag_operator.py took 0.094 seconds
[2025-04-18T11:21:05.120+0900] {processor.py:186} INFO - Started process (PID=641410) to work on /home/kim/airflow_tutorial/py_env/lib/python3.10/site-packages/airflow/example_dags/example_subdag_operator.py
[2025-04-18T11:21:05.123+0900] {processor.py:914} INFO - Processing file /home/kim/airflow_tutorial/py_env/lib/python3.10/site-packages/airflow/example_dags/example_subdag_operator.py for tasks to queue
[2025-04-18T11:21:05.125+0900] {logging_mixin.py:190} INFO - [2025-04-18T11:21:05.124+0900] {dagbag.py:588} INFO - Filling up the DagBag from /home/kim/airflow_tutorial/py_env/lib/python3.10/site-packages/airflow/example_dags/example_subdag_operator.py
[2025-04-18T11:21:05.149+0900] {processor.py:925} INFO - DAG(s) 'example_subdag_operator.section-1', 'example_subdag_operator.section-2', 'example_subdag_operator' retrieved from /home/kim/airflow_tutorial/py_env/lib/python3.10/site-packages/airflow/example_dags/example_subdag_operator.py
[2025-04-18T11:21:05.170+0900] {logging_mixin.py:190} INFO - [2025-04-18T11:21:05.170+0900] {dag.py:3239} INFO - Sync 3 DAGs
[2025-04-18T11:21:05.183+0900] {logging_mixin.py:190} INFO - [2025-04-18T11:21:05.183+0900] {dag.py:4180} INFO - Setting next_dagrun for example_subdag_operator to 2022-01-01 00:00:00+00:00, run_after=2022-01-01 00:00:00+00:00
[2025-04-18T11:21:05.185+0900] {logging_mixin.py:190} INFO - [2025-04-18T11:21:05.185+0900] {dag.py:4180} INFO - Setting next_dagrun for example_subdag_operator.section-1 to None, run_after=None
[2025-04-18T11:21:05.186+0900] {logging_mixin.py:190} INFO - [2025-04-18T11:21:05.186+0900] {dag.py:4180} INFO - Setting next_dagrun for example_subdag_operator.section-2 to None, run_after=None
[2025-04-18T11:21:05.189+0900] {logging_mixin.py:190} INFO - [2025-04-18T11:21:05.189+0900] {dag.py:3239} INFO - Sync 2 DAGs
[2025-04-18T11:21:05.192+0900] {logging_mixin.py:190} INFO - [2025-04-18T11:21:05.192+0900] {dag.py:4180} INFO - Setting next_dagrun for example_subdag_operator.section-1 to None, run_after=None
[2025-04-18T11:21:05.192+0900] {logging_mixin.py:190} INFO - [2025-04-18T11:21:05.192+0900] {dag.py:4180} INFO - Setting next_dagrun for example_subdag_operator.section-2 to None, run_after=None
[2025-04-18T11:21:05.202+0900] {processor.py:208} INFO - Processing /home/kim/airflow_tutorial/py_env/lib/python3.10/site-packages/airflow/example_dags/example_subdag_operator.py took 0.086 seconds
[2025-04-18T11:22:07.926+0900] {processor.py:186} INFO - Started process (PID=641740) to work on /home/kim/airflow_tutorial/py_env/lib/python3.10/site-packages/airflow/example_dags/example_subdag_operator.py
[2025-04-18T11:22:07.928+0900] {processor.py:914} INFO - Processing file /home/kim/airflow_tutorial/py_env/lib/python3.10/site-packages/airflow/example_dags/example_subdag_operator.py for tasks to queue
[2025-04-18T11:22:07.930+0900] {logging_mixin.py:190} INFO - [2025-04-18T11:22:07.930+0900] {dagbag.py:588} INFO - Filling up the DagBag from /home/kim/airflow_tutorial/py_env/lib/python3.10/site-packages/airflow/example_dags/example_subdag_operator.py
[2025-04-18T11:22:07.948+0900] {processor.py:925} INFO - DAG(s) 'example_subdag_operator.section-1', 'example_subdag_operator.section-2', 'example_subdag_operator' retrieved from /home/kim/airflow_tutorial/py_env/lib/python3.10/site-packages/airflow/example_dags/example_subdag_operator.py
[2025-04-18T11:22:07.959+0900] {logging_mixin.py:190} INFO - [2025-04-18T11:22:07.959+0900] {dag.py:3239} INFO - Sync 3 DAGs
[2025-04-18T11:22:07.974+0900] {logging_mixin.py:190} INFO - [2025-04-18T11:22:07.974+0900] {dag.py:4180} INFO - Setting next_dagrun for example_subdag_operator to 2022-01-01 00:00:00+00:00, run_after=2022-01-01 00:00:00+00:00
[2025-04-18T11:22:07.976+0900] {logging_mixin.py:190} INFO - [2025-04-18T11:22:07.976+0900] {dag.py:4180} INFO - Setting next_dagrun for example_subdag_operator.section-1 to None, run_after=None
[2025-04-18T11:22:07.977+0900] {logging_mixin.py:190} INFO - [2025-04-18T11:22:07.977+0900] {dag.py:4180} INFO - Setting next_dagrun for example_subdag_operator.section-2 to None, run_after=None
[2025-04-18T11:22:07.981+0900] {logging_mixin.py:190} INFO - [2025-04-18T11:22:07.981+0900] {dag.py:3239} INFO - Sync 2 DAGs
[2025-04-18T11:22:07.984+0900] {logging_mixin.py:190} INFO - [2025-04-18T11:22:07.984+0900] {dag.py:4180} INFO - Setting next_dagrun for example_subdag_operator.section-1 to None, run_after=None
[2025-04-18T11:22:07.984+0900] {logging_mixin.py:190} INFO - [2025-04-18T11:22:07.984+0900] {dag.py:4180} INFO - Setting next_dagrun for example_subdag_operator.section-2 to None, run_after=None
[2025-04-18T11:22:07.996+0900] {processor.py:208} INFO - Processing /home/kim/airflow_tutorial/py_env/lib/python3.10/site-packages/airflow/example_dags/example_subdag_operator.py took 0.075 seconds
[2025-04-18T11:23:08.771+0900] {processor.py:186} INFO - Started process (PID=642198) to work on /home/kim/airflow_tutorial/py_env/lib/python3.10/site-packages/airflow/example_dags/example_subdag_operator.py
[2025-04-18T11:23:08.772+0900] {processor.py:914} INFO - Processing file /home/kim/airflow_tutorial/py_env/lib/python3.10/site-packages/airflow/example_dags/example_subdag_operator.py for tasks to queue
[2025-04-18T11:23:08.774+0900] {logging_mixin.py:190} INFO - [2025-04-18T11:23:08.773+0900] {dagbag.py:588} INFO - Filling up the DagBag from /home/kim/airflow_tutorial/py_env/lib/python3.10/site-packages/airflow/example_dags/example_subdag_operator.py
[2025-04-18T11:23:08.790+0900] {processor.py:925} INFO - DAG(s) 'example_subdag_operator.section-1', 'example_subdag_operator.section-2', 'example_subdag_operator' retrieved from /home/kim/airflow_tutorial/py_env/lib/python3.10/site-packages/airflow/example_dags/example_subdag_operator.py
[2025-04-18T11:23:08.801+0900] {logging_mixin.py:190} INFO - [2025-04-18T11:23:08.800+0900] {dag.py:3239} INFO - Sync 3 DAGs
[2025-04-18T11:23:08.814+0900] {logging_mixin.py:190} INFO - [2025-04-18T11:23:08.814+0900] {dag.py:4180} INFO - Setting next_dagrun for example_subdag_operator to 2022-01-01 00:00:00+00:00, run_after=2022-01-01 00:00:00+00:00
[2025-04-18T11:23:08.816+0900] {logging_mixin.py:190} INFO - [2025-04-18T11:23:08.816+0900] {dag.py:4180} INFO - Setting next_dagrun for example_subdag_operator.section-1 to None, run_after=None
[2025-04-18T11:23:08.817+0900] {logging_mixin.py:190} INFO - [2025-04-18T11:23:08.817+0900] {dag.py:4180} INFO - Setting next_dagrun for example_subdag_operator.section-2 to None, run_after=None
[2025-04-18T11:23:08.820+0900] {logging_mixin.py:190} INFO - [2025-04-18T11:23:08.820+0900] {dag.py:3239} INFO - Sync 2 DAGs
[2025-04-18T11:23:08.823+0900] {logging_mixin.py:190} INFO - [2025-04-18T11:23:08.823+0900] {dag.py:4180} INFO - Setting next_dagrun for example_subdag_operator.section-1 to None, run_after=None
[2025-04-18T11:23:08.823+0900] {logging_mixin.py:190} INFO - [2025-04-18T11:23:08.823+0900] {dag.py:4180} INFO - Setting next_dagrun for example_subdag_operator.section-2 to None, run_after=None
[2025-04-18T11:23:08.833+0900] {processor.py:208} INFO - Processing /home/kim/airflow_tutorial/py_env/lib/python3.10/site-packages/airflow/example_dags/example_subdag_operator.py took 0.066 seconds
[2025-04-18T11:24:03.074+0900] {processor.py:186} INFO - Started process (PID=642523) to work on /home/kim/airflow_tutorial/py_env/lib/python3.10/site-packages/airflow/example_dags/example_subdag_operator.py
[2025-04-18T11:24:03.077+0900] {processor.py:914} INFO - Processing file /home/kim/airflow_tutorial/py_env/lib/python3.10/site-packages/airflow/example_dags/example_subdag_operator.py for tasks to queue
[2025-04-18T11:24:03.080+0900] {logging_mixin.py:190} INFO - [2025-04-18T11:24:03.079+0900] {dagbag.py:588} INFO - Filling up the DagBag from /home/kim/airflow_tutorial/py_env/lib/python3.10/site-packages/airflow/example_dags/example_subdag_operator.py
[2025-04-18T11:24:03.101+0900] {processor.py:925} INFO - DAG(s) 'example_subdag_operator.section-1', 'example_subdag_operator.section-2', 'example_subdag_operator' retrieved from /home/kim/airflow_tutorial/py_env/lib/python3.10/site-packages/airflow/example_dags/example_subdag_operator.py
[2025-04-18T11:24:03.113+0900] {logging_mixin.py:190} INFO - [2025-04-18T11:24:03.112+0900] {dag.py:3239} INFO - Sync 3 DAGs
[2025-04-18T11:24:03.127+0900] {logging_mixin.py:190} INFO - [2025-04-18T11:24:03.127+0900] {dag.py:4180} INFO - Setting next_dagrun for example_subdag_operator to 2022-01-01 00:00:00+00:00, run_after=2022-01-01 00:00:00+00:00
[2025-04-18T11:24:03.129+0900] {logging_mixin.py:190} INFO - [2025-04-18T11:24:03.129+0900] {dag.py:4180} INFO - Setting next_dagrun for example_subdag_operator.section-1 to None, run_after=None
[2025-04-18T11:24:03.130+0900] {logging_mixin.py:190} INFO - [2025-04-18T11:24:03.130+0900] {dag.py:4180} INFO - Setting next_dagrun for example_subdag_operator.section-2 to None, run_after=None
[2025-04-18T11:24:03.133+0900] {logging_mixin.py:190} INFO - [2025-04-18T11:24:03.133+0900] {dag.py:3239} INFO - Sync 2 DAGs
[2025-04-18T11:24:03.137+0900] {logging_mixin.py:190} INFO - [2025-04-18T11:24:03.137+0900] {dag.py:4180} INFO - Setting next_dagrun for example_subdag_operator.section-1 to None, run_after=None
[2025-04-18T11:24:03.138+0900] {logging_mixin.py:190} INFO - [2025-04-18T11:24:03.138+0900] {dag.py:4180} INFO - Setting next_dagrun for example_subdag_operator.section-2 to None, run_after=None
[2025-04-18T11:24:03.150+0900] {processor.py:208} INFO - Processing /home/kim/airflow_tutorial/py_env/lib/python3.10/site-packages/airflow/example_dags/example_subdag_operator.py took 0.082 seconds
[2025-04-18T11:25:05.371+0900] {processor.py:186} INFO - Started process (PID=642823) to work on /home/kim/airflow_tutorial/py_env/lib/python3.10/site-packages/airflow/example_dags/example_subdag_operator.py
[2025-04-18T11:25:05.373+0900] {processor.py:914} INFO - Processing file /home/kim/airflow_tutorial/py_env/lib/python3.10/site-packages/airflow/example_dags/example_subdag_operator.py for tasks to queue
[2025-04-18T11:25:05.375+0900] {logging_mixin.py:190} INFO - [2025-04-18T11:25:05.374+0900] {dagbag.py:588} INFO - Filling up the DagBag from /home/kim/airflow_tutorial/py_env/lib/python3.10/site-packages/airflow/example_dags/example_subdag_operator.py
[2025-04-18T11:25:05.392+0900] {processor.py:925} INFO - DAG(s) 'example_subdag_operator.section-1', 'example_subdag_operator.section-2', 'example_subdag_operator' retrieved from /home/kim/airflow_tutorial/py_env/lib/python3.10/site-packages/airflow/example_dags/example_subdag_operator.py
[2025-04-18T11:25:05.403+0900] {logging_mixin.py:190} INFO - [2025-04-18T11:25:05.403+0900] {dag.py:3239} INFO - Sync 3 DAGs
[2025-04-18T11:25:05.417+0900] {logging_mixin.py:190} INFO - [2025-04-18T11:25:05.416+0900] {dag.py:4180} INFO - Setting next_dagrun for example_subdag_operator to 2022-01-01 00:00:00+00:00, run_after=2022-01-01 00:00:00+00:00
[2025-04-18T11:25:05.419+0900] {logging_mixin.py:190} INFO - [2025-04-18T11:25:05.418+0900] {dag.py:4180} INFO - Setting next_dagrun for example_subdag_operator.section-1 to None, run_after=None
[2025-04-18T11:25:05.419+0900] {logging_mixin.py:190} INFO - [2025-04-18T11:25:05.419+0900] {dag.py:4180} INFO - Setting next_dagrun for example_subdag_operator.section-2 to None, run_after=None
[2025-04-18T11:25:05.423+0900] {logging_mixin.py:190} INFO - [2025-04-18T11:25:05.422+0900] {dag.py:3239} INFO - Sync 2 DAGs
[2025-04-18T11:25:05.425+0900] {logging_mixin.py:190} INFO - [2025-04-18T11:25:05.425+0900] {dag.py:4180} INFO - Setting next_dagrun for example_subdag_operator.section-1 to None, run_after=None
[2025-04-18T11:25:05.426+0900] {logging_mixin.py:190} INFO - [2025-04-18T11:25:05.426+0900] {dag.py:4180} INFO - Setting next_dagrun for example_subdag_operator.section-2 to None, run_after=None
[2025-04-18T11:25:05.437+0900] {processor.py:208} INFO - Processing /home/kim/airflow_tutorial/py_env/lib/python3.10/site-packages/airflow/example_dags/example_subdag_operator.py took 0.071 seconds
[2025-04-18T12:03:08.665+0900] {processor.py:186} INFO - Started process (PID=651548) to work on /home/kim/airflow_tutorial/py_env/lib/python3.10/site-packages/airflow/example_dags/example_subdag_operator.py
[2025-04-18T12:03:08.666+0900] {processor.py:914} INFO - Processing file /home/kim/airflow_tutorial/py_env/lib/python3.10/site-packages/airflow/example_dags/example_subdag_operator.py for tasks to queue
[2025-04-18T12:03:08.668+0900] {logging_mixin.py:190} INFO - [2025-04-18T12:03:08.667+0900] {dagbag.py:588} INFO - Filling up the DagBag from /home/kim/airflow_tutorial/py_env/lib/python3.10/site-packages/airflow/example_dags/example_subdag_operator.py
[2025-04-18T12:03:08.695+0900] {processor.py:925} INFO - DAG(s) 'example_subdag_operator.section-1', 'example_subdag_operator.section-2', 'example_subdag_operator' retrieved from /home/kim/airflow_tutorial/py_env/lib/python3.10/site-packages/airflow/example_dags/example_subdag_operator.py
[2025-04-18T12:03:08.863+0900] {logging_mixin.py:190} INFO - [2025-04-18T12:03:08.862+0900] {override.py:1912} INFO - Created Permission View: can read on DAG:example_subdag_operator
[2025-04-18T12:03:08.874+0900] {logging_mixin.py:190} INFO - [2025-04-18T12:03:08.873+0900] {override.py:1912} INFO - Created Permission View: can edit on DAG:example_subdag_operator
[2025-04-18T12:03:08.881+0900] {logging_mixin.py:190} INFO - [2025-04-18T12:03:08.881+0900] {override.py:1912} INFO - Created Permission View: can delete on DAG:example_subdag_operator
[2025-04-18T12:03:08.889+0900] {logging_mixin.py:190} INFO - [2025-04-18T12:03:08.889+0900] {override.py:1912} INFO - Created Permission View: can read on DAG Run:example_subdag_operator
[2025-04-18T12:03:08.896+0900] {logging_mixin.py:190} INFO - [2025-04-18T12:03:08.896+0900] {override.py:1912} INFO - Created Permission View: can create on DAG Run:example_subdag_operator
[2025-04-18T12:03:08.902+0900] {logging_mixin.py:190} INFO - [2025-04-18T12:03:08.902+0900] {override.py:1912} INFO - Created Permission View: menu access on DAG Run:example_subdag_operator
[2025-04-18T12:03:08.909+0900] {logging_mixin.py:190} INFO - [2025-04-18T12:03:08.908+0900] {override.py:1912} INFO - Created Permission View: can delete on DAG Run:example_subdag_operator
[2025-04-18T12:03:08.909+0900] {logging_mixin.py:190} INFO - [2025-04-18T12:03:08.909+0900] {dag.py:3239} INFO - Sync 3 DAGs
[2025-04-18T12:03:08.917+0900] {logging_mixin.py:190} INFO - [2025-04-18T12:03:08.917+0900] {dag.py:3262} INFO - Creating ORM DAG for example_subdag_operator.section-1
[2025-04-18T12:03:08.918+0900] {logging_mixin.py:190} INFO - [2025-04-18T12:03:08.918+0900] {dag.py:3262} INFO - Creating ORM DAG for example_subdag_operator.section-2
[2025-04-18T12:03:08.918+0900] {logging_mixin.py:190} INFO - [2025-04-18T12:03:08.918+0900] {dag.py:3262} INFO - Creating ORM DAG for example_subdag_operator
[2025-04-18T12:03:08.924+0900] {logging_mixin.py:190} INFO - [2025-04-18T12:03:08.924+0900] {dag.py:4180} INFO - Setting next_dagrun for example_subdag_operator to 2021-12-31 15:00:00+00:00, run_after=2021-12-31 15:00:00+00:00
[2025-04-18T12:03:08.925+0900] {logging_mixin.py:190} INFO - [2025-04-18T12:03:08.925+0900] {dag.py:4180} INFO - Setting next_dagrun for example_subdag_operator.section-1 to None, run_after=None
[2025-04-18T12:03:08.925+0900] {logging_mixin.py:190} INFO - [2025-04-18T12:03:08.925+0900] {dag.py:4180} INFO - Setting next_dagrun for example_subdag_operator.section-2 to None, run_after=None
[2025-04-18T12:03:08.932+0900] {logging_mixin.py:190} INFO - [2025-04-18T12:03:08.932+0900] {dag.py:3239} INFO - Sync 2 DAGs
[2025-04-18T12:03:08.936+0900] {logging_mixin.py:190} INFO - [2025-04-18T12:03:08.936+0900] {dag.py:4180} INFO - Setting next_dagrun for example_subdag_operator.section-1 to None, run_after=None
[2025-04-18T12:03:08.939+0900] {logging_mixin.py:190} INFO - [2025-04-18T12:03:08.939+0900] {dag.py:4180} INFO - Setting next_dagrun for example_subdag_operator.section-2 to None, run_after=None
[2025-04-18T12:03:08.950+0900] {processor.py:208} INFO - Processing /home/kim/airflow_tutorial/py_env/lib/python3.10/site-packages/airflow/example_dags/example_subdag_operator.py took 0.290 seconds
[2025-04-18T12:05:16.948+0900] {processor.py:186} INFO - Started process (PID=653518) to work on /home/kim/airflow_tutorial/py_env/lib/python3.10/site-packages/airflow/example_dags/example_subdag_operator.py
[2025-04-18T12:05:16.949+0900] {processor.py:914} INFO - Processing file /home/kim/airflow_tutorial/py_env/lib/python3.10/site-packages/airflow/example_dags/example_subdag_operator.py for tasks to queue
[2025-04-18T12:05:16.951+0900] {logging_mixin.py:190} INFO - [2025-04-18T12:05:16.950+0900] {dagbag.py:588} INFO - Filling up the DagBag from /home/kim/airflow_tutorial/py_env/lib/python3.10/site-packages/airflow/example_dags/example_subdag_operator.py
[2025-04-18T12:05:16.979+0900] {processor.py:925} INFO - DAG(s) 'example_subdag_operator.section-1', 'example_subdag_operator.section-2', 'example_subdag_operator' retrieved from /home/kim/airflow_tutorial/py_env/lib/python3.10/site-packages/airflow/example_dags/example_subdag_operator.py
[2025-04-18T12:05:17.087+0900] {logging_mixin.py:190} INFO - [2025-04-18T12:05:17.087+0900] {dag.py:3239} INFO - Sync 3 DAGs
[2025-04-18T12:05:17.109+0900] {logging_mixin.py:190} INFO - [2025-04-18T12:05:17.108+0900] {dag.py:4180} INFO - Setting next_dagrun for example_subdag_operator to 2021-12-31 15:00:00+00:00, run_after=2021-12-31 15:00:00+00:00
[2025-04-18T12:05:17.112+0900] {logging_mixin.py:190} INFO - [2025-04-18T12:05:17.112+0900] {dag.py:4180} INFO - Setting next_dagrun for example_subdag_operator.section-1 to None, run_after=None
[2025-04-18T12:05:17.114+0900] {logging_mixin.py:190} INFO - [2025-04-18T12:05:17.114+0900] {dag.py:4180} INFO - Setting next_dagrun for example_subdag_operator.section-2 to None, run_after=None
[2025-04-18T12:05:17.121+0900] {logging_mixin.py:190} INFO - [2025-04-18T12:05:17.120+0900] {dag.py:3239} INFO - Sync 2 DAGs
[2025-04-18T12:05:17.126+0900] {logging_mixin.py:190} INFO - [2025-04-18T12:05:17.126+0900] {dag.py:4180} INFO - Setting next_dagrun for example_subdag_operator.section-1 to None, run_after=None
[2025-04-18T12:05:17.126+0900] {logging_mixin.py:190} INFO - [2025-04-18T12:05:17.126+0900] {dag.py:4180} INFO - Setting next_dagrun for example_subdag_operator.section-2 to None, run_after=None
[2025-04-18T12:05:17.143+0900] {processor.py:208} INFO - Processing /home/kim/airflow_tutorial/py_env/lib/python3.10/site-packages/airflow/example_dags/example_subdag_operator.py took 0.200 seconds
[2025-04-18T12:05:47.254+0900] {processor.py:186} INFO - Started process (PID=653988) to work on /home/kim/airflow_tutorial/py_env/lib/python3.10/site-packages/airflow/example_dags/example_subdag_operator.py
[2025-04-18T12:05:47.255+0900] {processor.py:914} INFO - Processing file /home/kim/airflow_tutorial/py_env/lib/python3.10/site-packages/airflow/example_dags/example_subdag_operator.py for tasks to queue
[2025-04-18T12:05:47.257+0900] {logging_mixin.py:190} INFO - [2025-04-18T12:05:47.257+0900] {dagbag.py:588} INFO - Filling up the DagBag from /home/kim/airflow_tutorial/py_env/lib/python3.10/site-packages/airflow/example_dags/example_subdag_operator.py
[2025-04-18T12:05:47.285+0900] {processor.py:925} INFO - DAG(s) 'example_subdag_operator.section-1', 'example_subdag_operator.section-2', 'example_subdag_operator' retrieved from /home/kim/airflow_tutorial/py_env/lib/python3.10/site-packages/airflow/example_dags/example_subdag_operator.py
[2025-04-18T12:05:47.298+0900] {logging_mixin.py:190} INFO - [2025-04-18T12:05:47.298+0900] {dag.py:3239} INFO - Sync 3 DAGs
[2025-04-18T12:05:47.321+0900] {logging_mixin.py:190} INFO - [2025-04-18T12:05:47.321+0900] {dag.py:4180} INFO - Setting next_dagrun for example_subdag_operator to 2021-12-31 15:00:00+00:00, run_after=2021-12-31 15:00:00+00:00
[2025-04-18T12:05:47.324+0900] {logging_mixin.py:190} INFO - [2025-04-18T12:05:47.324+0900] {dag.py:4180} INFO - Setting next_dagrun for example_subdag_operator.section-1 to None, run_after=None
[2025-04-18T12:05:47.325+0900] {logging_mixin.py:190} INFO - [2025-04-18T12:05:47.325+0900] {dag.py:4180} INFO - Setting next_dagrun for example_subdag_operator.section-2 to None, run_after=None
[2025-04-18T12:05:47.332+0900] {logging_mixin.py:190} INFO - [2025-04-18T12:05:47.332+0900] {dag.py:3239} INFO - Sync 2 DAGs
[2025-04-18T12:05:47.337+0900] {logging_mixin.py:190} INFO - [2025-04-18T12:05:47.337+0900] {dag.py:4180} INFO - Setting next_dagrun for example_subdag_operator.section-1 to None, run_after=None
[2025-04-18T12:05:47.337+0900] {logging_mixin.py:190} INFO - [2025-04-18T12:05:47.337+0900] {dag.py:4180} INFO - Setting next_dagrun for example_subdag_operator.section-2 to None, run_after=None
[2025-04-18T12:05:47.354+0900] {processor.py:208} INFO - Processing /home/kim/airflow_tutorial/py_env/lib/python3.10/site-packages/airflow/example_dags/example_subdag_operator.py took 0.105 seconds
[2025-04-18T12:06:18.067+0900] {processor.py:186} INFO - Started process (PID=654373) to work on /home/kim/airflow_tutorial/py_env/lib/python3.10/site-packages/airflow/example_dags/example_subdag_operator.py
[2025-04-18T12:06:18.068+0900] {processor.py:914} INFO - Processing file /home/kim/airflow_tutorial/py_env/lib/python3.10/site-packages/airflow/example_dags/example_subdag_operator.py for tasks to queue
[2025-04-18T12:06:18.069+0900] {logging_mixin.py:190} INFO - [2025-04-18T12:06:18.069+0900] {dagbag.py:588} INFO - Filling up the DagBag from /home/kim/airflow_tutorial/py_env/lib/python3.10/site-packages/airflow/example_dags/example_subdag_operator.py
[2025-04-18T12:06:18.098+0900] {processor.py:925} INFO - DAG(s) 'example_subdag_operator.section-1', 'example_subdag_operator.section-2', 'example_subdag_operator' retrieved from /home/kim/airflow_tutorial/py_env/lib/python3.10/site-packages/airflow/example_dags/example_subdag_operator.py
[2025-04-18T12:06:18.113+0900] {logging_mixin.py:190} INFO - [2025-04-18T12:06:18.113+0900] {dag.py:3239} INFO - Sync 3 DAGs
[2025-04-18T12:06:18.134+0900] {logging_mixin.py:190} INFO - [2025-04-18T12:06:18.134+0900] {dag.py:4180} INFO - Setting next_dagrun for example_subdag_operator to 2021-12-31 15:00:00+00:00, run_after=2021-12-31 15:00:00+00:00
[2025-04-18T12:06:18.138+0900] {logging_mixin.py:190} INFO - [2025-04-18T12:06:18.138+0900] {dag.py:4180} INFO - Setting next_dagrun for example_subdag_operator.section-1 to None, run_after=None
[2025-04-18T12:06:18.139+0900] {logging_mixin.py:190} INFO - [2025-04-18T12:06:18.139+0900] {dag.py:4180} INFO - Setting next_dagrun for example_subdag_operator.section-2 to None, run_after=None
[2025-04-18T12:06:18.146+0900] {logging_mixin.py:190} INFO - [2025-04-18T12:06:18.146+0900] {dag.py:3239} INFO - Sync 2 DAGs
[2025-04-18T12:06:18.152+0900] {logging_mixin.py:190} INFO - [2025-04-18T12:06:18.152+0900] {dag.py:4180} INFO - Setting next_dagrun for example_subdag_operator.section-1 to None, run_after=None
[2025-04-18T12:06:18.152+0900] {logging_mixin.py:190} INFO - [2025-04-18T12:06:18.152+0900] {dag.py:4180} INFO - Setting next_dagrun for example_subdag_operator.section-2 to None, run_after=None
[2025-04-18T12:06:18.167+0900] {processor.py:208} INFO - Processing /home/kim/airflow_tutorial/py_env/lib/python3.10/site-packages/airflow/example_dags/example_subdag_operator.py took 0.105 seconds
