[2025-04-18T11:14:00.852+0900] {processor.py:186} INFO - Started process (PID=638032) to work on /home/kim/airflow_tutorial/py_env/lib/python3.10/site-packages/airflow/example_dags/example_dynamic_task_mapping.py
[2025-04-18T11:14:00.853+0900] {processor.py:914} INFO - Processing file /home/kim/airflow_tutorial/py_env/lib/python3.10/site-packages/airflow/example_dags/example_dynamic_task_mapping.py for tasks to queue
[2025-04-18T11:14:00.855+0900] {logging_mixin.py:190} INFO - [2025-04-18T11:14:00.854+0900] {dagbag.py:588} INFO - Filling up the DagBag from /home/kim/airflow_tutorial/py_env/lib/python3.10/site-packages/airflow/example_dags/example_dynamic_task_mapping.py
[2025-04-18T11:14:00.861+0900] {processor.py:925} INFO - DAG(s) 'example_dynamic_task_mapping' retrieved from /home/kim/airflow_tutorial/py_env/lib/python3.10/site-packages/airflow/example_dags/example_dynamic_task_mapping.py
[2025-04-18T11:14:00.929+0900] {logging_mixin.py:190} INFO - [2025-04-18T11:14:00.928+0900] {override.py:1912} INFO - Created Permission View: can delete on DAG:example_dynamic_task_mapping
[2025-04-18T11:14:00.943+0900] {logging_mixin.py:190} INFO - [2025-04-18T11:14:00.942+0900] {override.py:1912} INFO - Created Permission View: can edit on DAG:example_dynamic_task_mapping
[2025-04-18T11:14:00.950+0900] {logging_mixin.py:190} INFO - [2025-04-18T11:14:00.950+0900] {override.py:1912} INFO - Created Permission View: can read on DAG:example_dynamic_task_mapping
[2025-04-18T11:14:00.960+0900] {logging_mixin.py:190} INFO - [2025-04-18T11:14:00.960+0900] {override.py:1912} INFO - Created Permission View: can delete on DAG Run:example_dynamic_task_mapping
[2025-04-18T11:14:00.967+0900] {logging_mixin.py:190} INFO - [2025-04-18T11:14:00.967+0900] {override.py:1912} INFO - Created Permission View: can create on DAG Run:example_dynamic_task_mapping
[2025-04-18T11:14:00.973+0900] {logging_mixin.py:190} INFO - [2025-04-18T11:14:00.973+0900] {override.py:1912} INFO - Created Permission View: menu access on DAG Run:example_dynamic_task_mapping
[2025-04-18T11:14:00.979+0900] {logging_mixin.py:190} INFO - [2025-04-18T11:14:00.979+0900] {override.py:1912} INFO - Created Permission View: can read on DAG Run:example_dynamic_task_mapping
[2025-04-18T11:14:00.979+0900] {logging_mixin.py:190} INFO - [2025-04-18T11:14:00.979+0900] {dag.py:3239} INFO - Sync 1 DAGs
[2025-04-18T11:14:00.986+0900] {logging_mixin.py:190} INFO - [2025-04-18T11:14:00.986+0900] {dag.py:3262} INFO - Creating ORM DAG for example_dynamic_task_mapping
[2025-04-18T11:14:00.987+0900] {logging_mixin.py:190} INFO - [2025-04-18T11:14:00.987+0900] {dag.py:4180} INFO - Setting next_dagrun for example_dynamic_task_mapping to None, run_after=None
[2025-04-18T11:14:01.000+0900] {processor.py:208} INFO - Processing /home/kim/airflow_tutorial/py_env/lib/python3.10/site-packages/airflow/example_dags/example_dynamic_task_mapping.py took 0.152 seconds
[2025-04-18T11:15:03.595+0900] {processor.py:186} INFO - Started process (PID=638577) to work on /home/kim/airflow_tutorial/py_env/lib/python3.10/site-packages/airflow/example_dags/example_dynamic_task_mapping.py
[2025-04-18T11:15:03.596+0900] {processor.py:914} INFO - Processing file /home/kim/airflow_tutorial/py_env/lib/python3.10/site-packages/airflow/example_dags/example_dynamic_task_mapping.py for tasks to queue
[2025-04-18T11:15:03.598+0900] {logging_mixin.py:190} INFO - [2025-04-18T11:15:03.598+0900] {dagbag.py:588} INFO - Filling up the DagBag from /home/kim/airflow_tutorial/py_env/lib/python3.10/site-packages/airflow/example_dags/example_dynamic_task_mapping.py
[2025-04-18T11:15:03.606+0900] {processor.py:925} INFO - DAG(s) 'example_dynamic_task_mapping' retrieved from /home/kim/airflow_tutorial/py_env/lib/python3.10/site-packages/airflow/example_dags/example_dynamic_task_mapping.py
[2025-04-18T11:15:03.617+0900] {logging_mixin.py:190} INFO - [2025-04-18T11:15:03.617+0900] {dag.py:3239} INFO - Sync 1 DAGs
[2025-04-18T11:15:03.627+0900] {logging_mixin.py:190} INFO - [2025-04-18T11:15:03.626+0900] {dag.py:4180} INFO - Setting next_dagrun for example_dynamic_task_mapping to None, run_after=None
[2025-04-18T11:15:03.641+0900] {processor.py:208} INFO - Processing /home/kim/airflow_tutorial/py_env/lib/python3.10/site-packages/airflow/example_dags/example_dynamic_task_mapping.py took 0.052 seconds
[2025-04-18T11:16:00.184+0900] {processor.py:186} INFO - Started process (PID=638866) to work on /home/kim/airflow_tutorial/py_env/lib/python3.10/site-packages/airflow/example_dags/example_dynamic_task_mapping.py
[2025-04-18T11:16:00.187+0900] {processor.py:914} INFO - Processing file /home/kim/airflow_tutorial/py_env/lib/python3.10/site-packages/airflow/example_dags/example_dynamic_task_mapping.py for tasks to queue
[2025-04-18T11:16:00.188+0900] {logging_mixin.py:190} INFO - [2025-04-18T11:16:00.188+0900] {dagbag.py:588} INFO - Filling up the DagBag from /home/kim/airflow_tutorial/py_env/lib/python3.10/site-packages/airflow/example_dags/example_dynamic_task_mapping.py
[2025-04-18T11:16:00.196+0900] {processor.py:925} INFO - DAG(s) 'example_dynamic_task_mapping' retrieved from /home/kim/airflow_tutorial/py_env/lib/python3.10/site-packages/airflow/example_dags/example_dynamic_task_mapping.py
[2025-04-18T11:16:00.209+0900] {logging_mixin.py:190} INFO - [2025-04-18T11:16:00.208+0900] {dag.py:3239} INFO - Sync 1 DAGs
[2025-04-18T11:16:00.219+0900] {logging_mixin.py:190} INFO - [2025-04-18T11:16:00.219+0900] {dag.py:4180} INFO - Setting next_dagrun for example_dynamic_task_mapping to None, run_after=None
[2025-04-18T11:16:00.237+0900] {processor.py:208} INFO - Processing /home/kim/airflow_tutorial/py_env/lib/python3.10/site-packages/airflow/example_dags/example_dynamic_task_mapping.py took 0.058 seconds
[2025-04-18T11:17:01.144+0900] {processor.py:186} INFO - Started process (PID=639681) to work on /home/kim/airflow_tutorial/py_env/lib/python3.10/site-packages/airflow/example_dags/example_dynamic_task_mapping.py
[2025-04-18T11:17:01.147+0900] {processor.py:914} INFO - Processing file /home/kim/airflow_tutorial/py_env/lib/python3.10/site-packages/airflow/example_dags/example_dynamic_task_mapping.py for tasks to queue
[2025-04-18T11:17:01.148+0900] {logging_mixin.py:190} INFO - [2025-04-18T11:17:01.148+0900] {dagbag.py:588} INFO - Filling up the DagBag from /home/kim/airflow_tutorial/py_env/lib/python3.10/site-packages/airflow/example_dags/example_dynamic_task_mapping.py
[2025-04-18T11:17:01.156+0900] {processor.py:925} INFO - DAG(s) 'example_dynamic_task_mapping' retrieved from /home/kim/airflow_tutorial/py_env/lib/python3.10/site-packages/airflow/example_dags/example_dynamic_task_mapping.py
[2025-04-18T11:17:01.168+0900] {logging_mixin.py:190} INFO - [2025-04-18T11:17:01.167+0900] {dag.py:3239} INFO - Sync 1 DAGs
[2025-04-18T11:17:01.177+0900] {logging_mixin.py:190} INFO - [2025-04-18T11:17:01.177+0900] {dag.py:4180} INFO - Setting next_dagrun for example_dynamic_task_mapping to None, run_after=None
[2025-04-18T11:17:01.196+0900] {processor.py:208} INFO - Processing /home/kim/airflow_tutorial/py_env/lib/python3.10/site-packages/airflow/example_dags/example_dynamic_task_mapping.py took 0.057 seconds
[2025-04-18T11:18:01.218+0900] {processor.py:186} INFO - Started process (PID=640303) to work on /home/kim/airflow_tutorial/py_env/lib/python3.10/site-packages/airflow/example_dags/example_dynamic_task_mapping.py
[2025-04-18T11:18:01.220+0900] {processor.py:914} INFO - Processing file /home/kim/airflow_tutorial/py_env/lib/python3.10/site-packages/airflow/example_dags/example_dynamic_task_mapping.py for tasks to queue
[2025-04-18T11:18:01.222+0900] {logging_mixin.py:190} INFO - [2025-04-18T11:18:01.221+0900] {dagbag.py:588} INFO - Filling up the DagBag from /home/kim/airflow_tutorial/py_env/lib/python3.10/site-packages/airflow/example_dags/example_dynamic_task_mapping.py
[2025-04-18T11:18:01.228+0900] {processor.py:925} INFO - DAG(s) 'example_dynamic_task_mapping' retrieved from /home/kim/airflow_tutorial/py_env/lib/python3.10/site-packages/airflow/example_dags/example_dynamic_task_mapping.py
[2025-04-18T11:18:01.240+0900] {logging_mixin.py:190} INFO - [2025-04-18T11:18:01.240+0900] {dag.py:3239} INFO - Sync 1 DAGs
[2025-04-18T11:18:01.249+0900] {logging_mixin.py:190} INFO - [2025-04-18T11:18:01.249+0900] {dag.py:4180} INFO - Setting next_dagrun for example_dynamic_task_mapping to None, run_after=None
[2025-04-18T11:18:01.265+0900] {processor.py:208} INFO - Processing /home/kim/airflow_tutorial/py_env/lib/python3.10/site-packages/airflow/example_dags/example_dynamic_task_mapping.py took 0.052 seconds
[2025-04-18T11:19:00.112+0900] {processor.py:186} INFO - Started process (PID=640809) to work on /home/kim/airflow_tutorial/py_env/lib/python3.10/site-packages/airflow/example_dags/example_dynamic_task_mapping.py
[2025-04-18T11:19:00.114+0900] {processor.py:914} INFO - Processing file /home/kim/airflow_tutorial/py_env/lib/python3.10/site-packages/airflow/example_dags/example_dynamic_task_mapping.py for tasks to queue
[2025-04-18T11:19:00.115+0900] {logging_mixin.py:190} INFO - [2025-04-18T11:19:00.115+0900] {dagbag.py:588} INFO - Filling up the DagBag from /home/kim/airflow_tutorial/py_env/lib/python3.10/site-packages/airflow/example_dags/example_dynamic_task_mapping.py
[2025-04-18T11:19:00.130+0900] {processor.py:925} INFO - DAG(s) 'example_dynamic_task_mapping' retrieved from /home/kim/airflow_tutorial/py_env/lib/python3.10/site-packages/airflow/example_dags/example_dynamic_task_mapping.py
[2025-04-18T11:19:00.150+0900] {logging_mixin.py:190} INFO - [2025-04-18T11:19:00.149+0900] {dag.py:3239} INFO - Sync 1 DAGs
[2025-04-18T11:19:00.159+0900] {logging_mixin.py:190} INFO - [2025-04-18T11:19:00.158+0900] {dag.py:4180} INFO - Setting next_dagrun for example_dynamic_task_mapping to None, run_after=None
[2025-04-18T11:19:00.183+0900] {processor.py:208} INFO - Processing /home/kim/airflow_tutorial/py_env/lib/python3.10/site-packages/airflow/example_dags/example_dynamic_task_mapping.py took 0.075 seconds
[2025-04-18T11:19:59.928+0900] {processor.py:186} INFO - Started process (PID=641100) to work on /home/kim/airflow_tutorial/py_env/lib/python3.10/site-packages/airflow/example_dags/example_dynamic_task_mapping.py
[2025-04-18T11:19:59.930+0900] {processor.py:914} INFO - Processing file /home/kim/airflow_tutorial/py_env/lib/python3.10/site-packages/airflow/example_dags/example_dynamic_task_mapping.py for tasks to queue
[2025-04-18T11:19:59.931+0900] {logging_mixin.py:190} INFO - [2025-04-18T11:19:59.931+0900] {dagbag.py:588} INFO - Filling up the DagBag from /home/kim/airflow_tutorial/py_env/lib/python3.10/site-packages/airflow/example_dags/example_dynamic_task_mapping.py
[2025-04-18T11:19:59.937+0900] {processor.py:925} INFO - DAG(s) 'example_dynamic_task_mapping' retrieved from /home/kim/airflow_tutorial/py_env/lib/python3.10/site-packages/airflow/example_dags/example_dynamic_task_mapping.py
[2025-04-18T11:19:59.948+0900] {logging_mixin.py:190} INFO - [2025-04-18T11:19:59.948+0900] {dag.py:3239} INFO - Sync 1 DAGs
[2025-04-18T11:19:59.957+0900] {logging_mixin.py:190} INFO - [2025-04-18T11:19:59.957+0900] {dag.py:4180} INFO - Setting next_dagrun for example_dynamic_task_mapping to None, run_after=None
[2025-04-18T11:19:59.973+0900] {processor.py:208} INFO - Processing /home/kim/airflow_tutorial/py_env/lib/python3.10/site-packages/airflow/example_dags/example_dynamic_task_mapping.py took 0.050 seconds
[2025-04-18T11:20:59.853+0900] {processor.py:186} INFO - Started process (PID=641393) to work on /home/kim/airflow_tutorial/py_env/lib/python3.10/site-packages/airflow/example_dags/example_dynamic_task_mapping.py
[2025-04-18T11:20:59.856+0900] {processor.py:914} INFO - Processing file /home/kim/airflow_tutorial/py_env/lib/python3.10/site-packages/airflow/example_dags/example_dynamic_task_mapping.py for tasks to queue
[2025-04-18T11:20:59.857+0900] {logging_mixin.py:190} INFO - [2025-04-18T11:20:59.857+0900] {dagbag.py:588} INFO - Filling up the DagBag from /home/kim/airflow_tutorial/py_env/lib/python3.10/site-packages/airflow/example_dags/example_dynamic_task_mapping.py
[2025-04-18T11:20:59.864+0900] {processor.py:925} INFO - DAG(s) 'example_dynamic_task_mapping' retrieved from /home/kim/airflow_tutorial/py_env/lib/python3.10/site-packages/airflow/example_dags/example_dynamic_task_mapping.py
[2025-04-18T11:20:59.875+0900] {logging_mixin.py:190} INFO - [2025-04-18T11:20:59.875+0900] {dag.py:3239} INFO - Sync 1 DAGs
[2025-04-18T11:20:59.884+0900] {logging_mixin.py:190} INFO - [2025-04-18T11:20:59.884+0900] {dag.py:4180} INFO - Setting next_dagrun for example_dynamic_task_mapping to None, run_after=None
[2025-04-18T11:20:59.900+0900] {processor.py:208} INFO - Processing /home/kim/airflow_tutorial/py_env/lib/python3.10/site-packages/airflow/example_dags/example_dynamic_task_mapping.py took 0.051 seconds
[2025-04-18T11:21:59.266+0900] {processor.py:186} INFO - Started process (PID=641685) to work on /home/kim/airflow_tutorial/py_env/lib/python3.10/site-packages/airflow/example_dags/example_dynamic_task_mapping.py
[2025-04-18T11:21:59.269+0900] {processor.py:914} INFO - Processing file /home/kim/airflow_tutorial/py_env/lib/python3.10/site-packages/airflow/example_dags/example_dynamic_task_mapping.py for tasks to queue
[2025-04-18T11:21:59.270+0900] {logging_mixin.py:190} INFO - [2025-04-18T11:21:59.270+0900] {dagbag.py:588} INFO - Filling up the DagBag from /home/kim/airflow_tutorial/py_env/lib/python3.10/site-packages/airflow/example_dags/example_dynamic_task_mapping.py
[2025-04-18T11:21:59.277+0900] {processor.py:925} INFO - DAG(s) 'example_dynamic_task_mapping' retrieved from /home/kim/airflow_tutorial/py_env/lib/python3.10/site-packages/airflow/example_dags/example_dynamic_task_mapping.py
[2025-04-18T11:21:59.307+0900] {logging_mixin.py:190} INFO - [2025-04-18T11:21:59.307+0900] {dag.py:3239} INFO - Sync 1 DAGs
[2025-04-18T11:21:59.317+0900] {logging_mixin.py:190} INFO - [2025-04-18T11:21:59.316+0900] {dag.py:4180} INFO - Setting next_dagrun for example_dynamic_task_mapping to None, run_after=None
[2025-04-18T11:22:00.220+0900] {processor.py:208} INFO - Processing /home/kim/airflow_tutorial/py_env/lib/python3.10/site-packages/airflow/example_dags/example_dynamic_task_mapping.py took 0.071 seconds
[2025-04-18T11:23:00.778+0900] {processor.py:186} INFO - Started process (PID=642145) to work on /home/kim/airflow_tutorial/py_env/lib/python3.10/site-packages/airflow/example_dags/example_dynamic_task_mapping.py
[2025-04-18T11:23:00.780+0900] {processor.py:914} INFO - Processing file /home/kim/airflow_tutorial/py_env/lib/python3.10/site-packages/airflow/example_dags/example_dynamic_task_mapping.py for tasks to queue
[2025-04-18T11:23:00.782+0900] {logging_mixin.py:190} INFO - [2025-04-18T11:23:00.782+0900] {dagbag.py:588} INFO - Filling up the DagBag from /home/kim/airflow_tutorial/py_env/lib/python3.10/site-packages/airflow/example_dags/example_dynamic_task_mapping.py
[2025-04-18T11:23:00.788+0900] {processor.py:925} INFO - DAG(s) 'example_dynamic_task_mapping' retrieved from /home/kim/airflow_tutorial/py_env/lib/python3.10/site-packages/airflow/example_dags/example_dynamic_task_mapping.py
[2025-04-18T11:23:00.798+0900] {logging_mixin.py:190} INFO - [2025-04-18T11:23:00.798+0900] {dag.py:3239} INFO - Sync 1 DAGs
[2025-04-18T11:23:00.808+0900] {logging_mixin.py:190} INFO - [2025-04-18T11:23:00.807+0900] {dag.py:4180} INFO - Setting next_dagrun for example_dynamic_task_mapping to None, run_after=None
[2025-04-18T11:23:00.824+0900] {processor.py:208} INFO - Processing /home/kim/airflow_tutorial/py_env/lib/python3.10/site-packages/airflow/example_dags/example_dynamic_task_mapping.py took 0.051 seconds
[2025-04-18T11:23:57.619+0900] {processor.py:186} INFO - Started process (PID=642498) to work on /home/kim/airflow_tutorial/py_env/lib/python3.10/site-packages/airflow/example_dags/example_dynamic_task_mapping.py
[2025-04-18T11:23:57.620+0900] {processor.py:914} INFO - Processing file /home/kim/airflow_tutorial/py_env/lib/python3.10/site-packages/airflow/example_dags/example_dynamic_task_mapping.py for tasks to queue
[2025-04-18T11:23:57.622+0900] {logging_mixin.py:190} INFO - [2025-04-18T11:23:57.622+0900] {dagbag.py:588} INFO - Filling up the DagBag from /home/kim/airflow_tutorial/py_env/lib/python3.10/site-packages/airflow/example_dags/example_dynamic_task_mapping.py
[2025-04-18T11:23:57.628+0900] {processor.py:925} INFO - DAG(s) 'example_dynamic_task_mapping' retrieved from /home/kim/airflow_tutorial/py_env/lib/python3.10/site-packages/airflow/example_dags/example_dynamic_task_mapping.py
[2025-04-18T11:23:57.639+0900] {logging_mixin.py:190} INFO - [2025-04-18T11:23:57.639+0900] {dag.py:3239} INFO - Sync 1 DAGs
[2025-04-18T11:23:57.648+0900] {logging_mixin.py:190} INFO - [2025-04-18T11:23:57.648+0900] {dag.py:4180} INFO - Setting next_dagrun for example_dynamic_task_mapping to None, run_after=None
[2025-04-18T11:23:57.664+0900] {processor.py:208} INFO - Processing /home/kim/airflow_tutorial/py_env/lib/python3.10/site-packages/airflow/example_dags/example_dynamic_task_mapping.py took 0.049 seconds
[2025-04-18T11:24:59.102+0900] {processor.py:186} INFO - Started process (PID=642799) to work on /home/kim/airflow_tutorial/py_env/lib/python3.10/site-packages/airflow/example_dags/example_dynamic_task_mapping.py
[2025-04-18T11:24:59.103+0900] {processor.py:914} INFO - Processing file /home/kim/airflow_tutorial/py_env/lib/python3.10/site-packages/airflow/example_dags/example_dynamic_task_mapping.py for tasks to queue
[2025-04-18T11:24:59.105+0900] {logging_mixin.py:190} INFO - [2025-04-18T11:24:59.105+0900] {dagbag.py:588} INFO - Filling up the DagBag from /home/kim/airflow_tutorial/py_env/lib/python3.10/site-packages/airflow/example_dags/example_dynamic_task_mapping.py
[2025-04-18T11:24:59.112+0900] {processor.py:925} INFO - DAG(s) 'example_dynamic_task_mapping' retrieved from /home/kim/airflow_tutorial/py_env/lib/python3.10/site-packages/airflow/example_dags/example_dynamic_task_mapping.py
[2025-04-18T11:24:59.124+0900] {logging_mixin.py:190} INFO - [2025-04-18T11:24:59.124+0900] {dag.py:3239} INFO - Sync 1 DAGs
[2025-04-18T11:24:59.133+0900] {logging_mixin.py:190} INFO - [2025-04-18T11:24:59.133+0900] {dag.py:4180} INFO - Setting next_dagrun for example_dynamic_task_mapping to None, run_after=None
[2025-04-18T11:24:59.149+0900] {processor.py:208} INFO - Processing /home/kim/airflow_tutorial/py_env/lib/python3.10/site-packages/airflow/example_dags/example_dynamic_task_mapping.py took 0.053 seconds
[2025-04-18T12:03:15.298+0900] {processor.py:186} INFO - Started process (PID=651993) to work on /home/kim/airflow_tutorial/py_env/lib/python3.10/site-packages/airflow/example_dags/example_dynamic_task_mapping.py
[2025-04-18T12:03:15.299+0900] {processor.py:914} INFO - Processing file /home/kim/airflow_tutorial/py_env/lib/python3.10/site-packages/airflow/example_dags/example_dynamic_task_mapping.py for tasks to queue
[2025-04-18T12:03:15.301+0900] {logging_mixin.py:190} INFO - [2025-04-18T12:03:15.301+0900] {dagbag.py:588} INFO - Filling up the DagBag from /home/kim/airflow_tutorial/py_env/lib/python3.10/site-packages/airflow/example_dags/example_dynamic_task_mapping.py
[2025-04-18T12:03:15.307+0900] {processor.py:925} INFO - DAG(s) 'example_dynamic_task_mapping' retrieved from /home/kim/airflow_tutorial/py_env/lib/python3.10/site-packages/airflow/example_dags/example_dynamic_task_mapping.py
[2025-04-18T12:03:15.383+0900] {logging_mixin.py:190} INFO - [2025-04-18T12:03:15.382+0900] {override.py:1912} INFO - Created Permission View: can read on DAG:example_dynamic_task_mapping
[2025-04-18T12:03:15.395+0900] {logging_mixin.py:190} INFO - [2025-04-18T12:03:15.394+0900] {override.py:1912} INFO - Created Permission View: can edit on DAG:example_dynamic_task_mapping
[2025-04-18T12:03:15.404+0900] {logging_mixin.py:190} INFO - [2025-04-18T12:03:15.404+0900] {override.py:1912} INFO - Created Permission View: can delete on DAG:example_dynamic_task_mapping
[2025-04-18T12:03:15.418+0900] {logging_mixin.py:190} INFO - [2025-04-18T12:03:15.417+0900] {override.py:1912} INFO - Created Permission View: can read on DAG Run:example_dynamic_task_mapping
[2025-04-18T12:03:15.436+0900] {logging_mixin.py:190} INFO - [2025-04-18T12:03:15.435+0900] {override.py:1912} INFO - Created Permission View: can create on DAG Run:example_dynamic_task_mapping
[2025-04-18T12:03:15.451+0900] {logging_mixin.py:190} INFO - [2025-04-18T12:03:15.451+0900] {override.py:1912} INFO - Created Permission View: menu access on DAG Run:example_dynamic_task_mapping
[2025-04-18T12:03:15.463+0900] {logging_mixin.py:190} INFO - [2025-04-18T12:03:15.463+0900] {override.py:1912} INFO - Created Permission View: can delete on DAG Run:example_dynamic_task_mapping
[2025-04-18T12:03:15.464+0900] {logging_mixin.py:190} INFO - [2025-04-18T12:03:15.464+0900] {dag.py:3239} INFO - Sync 1 DAGs
[2025-04-18T12:03:15.480+0900] {logging_mixin.py:190} INFO - [2025-04-18T12:03:15.479+0900] {dag.py:3262} INFO - Creating ORM DAG for example_dynamic_task_mapping
[2025-04-18T12:03:15.481+0900] {logging_mixin.py:190} INFO - [2025-04-18T12:03:15.480+0900] {dag.py:4180} INFO - Setting next_dagrun for example_dynamic_task_mapping to None, run_after=None
[2025-04-18T12:03:15.503+0900] {processor.py:208} INFO - Processing /home/kim/airflow_tutorial/py_env/lib/python3.10/site-packages/airflow/example_dags/example_dynamic_task_mapping.py took 0.210 seconds
[2025-04-18T12:05:20.529+0900] {processor.py:186} INFO - Started process (PID=653764) to work on /home/kim/airflow_tutorial/py_env/lib/python3.10/site-packages/airflow/example_dags/example_dynamic_task_mapping.py
[2025-04-18T12:05:20.530+0900] {processor.py:914} INFO - Processing file /home/kim/airflow_tutorial/py_env/lib/python3.10/site-packages/airflow/example_dags/example_dynamic_task_mapping.py for tasks to queue
[2025-04-18T12:05:20.531+0900] {logging_mixin.py:190} INFO - [2025-04-18T12:05:20.531+0900] {dagbag.py:588} INFO - Filling up the DagBag from /home/kim/airflow_tutorial/py_env/lib/python3.10/site-packages/airflow/example_dags/example_dynamic_task_mapping.py
[2025-04-18T12:05:20.539+0900] {processor.py:925} INFO - DAG(s) 'example_dynamic_task_mapping' retrieved from /home/kim/airflow_tutorial/py_env/lib/python3.10/site-packages/airflow/example_dags/example_dynamic_task_mapping.py
[2025-04-18T12:05:20.564+0900] {logging_mixin.py:190} INFO - [2025-04-18T12:05:20.564+0900] {dag.py:3239} INFO - Sync 1 DAGs
[2025-04-18T12:05:20.577+0900] {logging_mixin.py:190} INFO - [2025-04-18T12:05:20.577+0900] {dag.py:4180} INFO - Setting next_dagrun for example_dynamic_task_mapping to None, run_after=None
[2025-04-18T12:05:20.594+0900] {processor.py:208} INFO - Processing /home/kim/airflow_tutorial/py_env/lib/python3.10/site-packages/airflow/example_dags/example_dynamic_task_mapping.py took 0.071 seconds
[2025-04-18T12:05:51.429+0900] {processor.py:186} INFO - Started process (PID=654244) to work on /home/kim/airflow_tutorial/py_env/lib/python3.10/site-packages/airflow/example_dags/example_dynamic_task_mapping.py
[2025-04-18T12:05:51.430+0900] {processor.py:914} INFO - Processing file /home/kim/airflow_tutorial/py_env/lib/python3.10/site-packages/airflow/example_dags/example_dynamic_task_mapping.py for tasks to queue
[2025-04-18T12:05:51.431+0900] {logging_mixin.py:190} INFO - [2025-04-18T12:05:51.431+0900] {dagbag.py:588} INFO - Filling up the DagBag from /home/kim/airflow_tutorial/py_env/lib/python3.10/site-packages/airflow/example_dags/example_dynamic_task_mapping.py
[2025-04-18T12:05:51.438+0900] {processor.py:925} INFO - DAG(s) 'example_dynamic_task_mapping' retrieved from /home/kim/airflow_tutorial/py_env/lib/python3.10/site-packages/airflow/example_dags/example_dynamic_task_mapping.py
[2025-04-18T12:05:51.459+0900] {logging_mixin.py:190} INFO - [2025-04-18T12:05:51.458+0900] {dag.py:3239} INFO - Sync 1 DAGs
[2025-04-18T12:05:51.470+0900] {logging_mixin.py:190} INFO - [2025-04-18T12:05:51.470+0900] {dag.py:4180} INFO - Setting next_dagrun for example_dynamic_task_mapping to None, run_after=None
[2025-04-18T12:05:51.490+0900] {processor.py:208} INFO - Processing /home/kim/airflow_tutorial/py_env/lib/python3.10/site-packages/airflow/example_dags/example_dynamic_task_mapping.py took 0.067 seconds
[2025-04-18T12:06:21.992+0900] {processor.py:186} INFO - Started process (PID=654627) to work on /home/kim/airflow_tutorial/py_env/lib/python3.10/site-packages/airflow/example_dags/example_dynamic_task_mapping.py
[2025-04-18T12:06:21.993+0900] {processor.py:914} INFO - Processing file /home/kim/airflow_tutorial/py_env/lib/python3.10/site-packages/airflow/example_dags/example_dynamic_task_mapping.py for tasks to queue
[2025-04-18T12:06:21.995+0900] {logging_mixin.py:190} INFO - [2025-04-18T12:06:21.995+0900] {dagbag.py:588} INFO - Filling up the DagBag from /home/kim/airflow_tutorial/py_env/lib/python3.10/site-packages/airflow/example_dags/example_dynamic_task_mapping.py
[2025-04-18T12:06:22.003+0900] {processor.py:925} INFO - DAG(s) 'example_dynamic_task_mapping' retrieved from /home/kim/airflow_tutorial/py_env/lib/python3.10/site-packages/airflow/example_dags/example_dynamic_task_mapping.py
[2025-04-18T12:06:22.027+0900] {logging_mixin.py:190} INFO - [2025-04-18T12:06:22.027+0900] {dag.py:3239} INFO - Sync 1 DAGs
[2025-04-18T12:06:22.041+0900] {logging_mixin.py:190} INFO - [2025-04-18T12:06:22.040+0900] {dag.py:4180} INFO - Setting next_dagrun for example_dynamic_task_mapping to None, run_after=None
[2025-04-18T12:06:22.063+0900] {processor.py:208} INFO - Processing /home/kim/airflow_tutorial/py_env/lib/python3.10/site-packages/airflow/example_dags/example_dynamic_task_mapping.py took 0.077 seconds
