[2025-04-18T11:13:03.105+0900] {processor.py:186} INFO - Started process (PID=637609) to work on /home/kim/airflow_tutorial/py_env/lib/python3.10/site-packages/airflow/example_dags/example_short_circuit_decorator.py
[2025-04-18T11:13:03.106+0900] {processor.py:914} INFO - Processing file /home/kim/airflow_tutorial/py_env/lib/python3.10/site-packages/airflow/example_dags/example_short_circuit_decorator.py for tasks to queue
[2025-04-18T11:13:03.108+0900] {logging_mixin.py:190} INFO - [2025-04-18T11:13:03.107+0900] {dagbag.py:588} INFO - Filling up the DagBag from /home/kim/airflow_tutorial/py_env/lib/python3.10/site-packages/airflow/example_dags/example_short_circuit_decorator.py
[2025-04-18T11:13:03.116+0900] {processor.py:925} INFO - DAG(s) 'example_short_circuit_decorator' retrieved from /home/kim/airflow_tutorial/py_env/lib/python3.10/site-packages/airflow/example_dags/example_short_circuit_decorator.py
[2025-04-18T11:13:03.315+0900] {logging_mixin.py:190} INFO - [2025-04-18T11:13:03.314+0900] {override.py:1912} INFO - Created Permission View: can delete on DAG:example_short_circuit_decorator
[2025-04-18T11:13:03.326+0900] {logging_mixin.py:190} INFO - [2025-04-18T11:13:03.325+0900] {override.py:1912} INFO - Created Permission View: can edit on DAG:example_short_circuit_decorator
[2025-04-18T11:13:03.334+0900] {logging_mixin.py:190} INFO - [2025-04-18T11:13:03.333+0900] {override.py:1912} INFO - Created Permission View: can read on DAG:example_short_circuit_decorator
[2025-04-18T11:13:03.343+0900] {logging_mixin.py:190} INFO - [2025-04-18T11:13:03.343+0900] {override.py:1912} INFO - Created Permission View: can delete on DAG Run:example_short_circuit_decorator
[2025-04-18T11:13:03.349+0900] {logging_mixin.py:190} INFO - [2025-04-18T11:13:03.348+0900] {override.py:1912} INFO - Created Permission View: can create on DAG Run:example_short_circuit_decorator
[2025-04-18T11:13:03.355+0900] {logging_mixin.py:190} INFO - [2025-04-18T11:13:03.354+0900] {override.py:1912} INFO - Created Permission View: menu access on DAG Run:example_short_circuit_decorator
[2025-04-18T11:13:03.362+0900] {logging_mixin.py:190} INFO - [2025-04-18T11:13:03.361+0900] {override.py:1912} INFO - Created Permission View: can read on DAG Run:example_short_circuit_decorator
[2025-04-18T11:13:03.363+0900] {logging_mixin.py:190} INFO - [2025-04-18T11:13:03.362+0900] {dag.py:3239} INFO - Sync 1 DAGs
[2025-04-18T11:13:03.381+0900] {logging_mixin.py:190} INFO - [2025-04-18T11:13:03.381+0900] {dag.py:3262} INFO - Creating ORM DAG for example_short_circuit_decorator
[2025-04-18T11:13:03.383+0900] {logging_mixin.py:190} INFO - [2025-04-18T11:13:03.382+0900] {dag.py:4180} INFO - Setting next_dagrun for example_short_circuit_decorator to None, run_after=None
[2025-04-18T11:13:03.400+0900] {processor.py:208} INFO - Processing /home/kim/airflow_tutorial/py_env/lib/python3.10/site-packages/airflow/example_dags/example_short_circuit_decorator.py took 0.300 seconds
[2025-04-18T11:14:09.984+0900] {processor.py:186} INFO - Started process (PID=638068) to work on /home/kim/airflow_tutorial/py_env/lib/python3.10/site-packages/airflow/example_dags/example_short_circuit_decorator.py
[2025-04-18T11:14:09.987+0900] {processor.py:914} INFO - Processing file /home/kim/airflow_tutorial/py_env/lib/python3.10/site-packages/airflow/example_dags/example_short_circuit_decorator.py for tasks to queue
[2025-04-18T11:14:09.988+0900] {logging_mixin.py:190} INFO - [2025-04-18T11:14:09.988+0900] {dagbag.py:588} INFO - Filling up the DagBag from /home/kim/airflow_tutorial/py_env/lib/python3.10/site-packages/airflow/example_dags/example_short_circuit_decorator.py
[2025-04-18T11:14:09.996+0900] {processor.py:925} INFO - DAG(s) 'example_short_circuit_decorator' retrieved from /home/kim/airflow_tutorial/py_env/lib/python3.10/site-packages/airflow/example_dags/example_short_circuit_decorator.py
[2025-04-18T11:14:10.008+0900] {logging_mixin.py:190} INFO - [2025-04-18T11:14:10.008+0900] {dag.py:3239} INFO - Sync 1 DAGs
[2025-04-18T11:14:10.017+0900] {logging_mixin.py:190} INFO - [2025-04-18T11:14:10.017+0900] {dag.py:4180} INFO - Setting next_dagrun for example_short_circuit_decorator to None, run_after=None
[2025-04-18T11:14:10.031+0900] {processor.py:208} INFO - Processing /home/kim/airflow_tutorial/py_env/lib/python3.10/site-packages/airflow/example_dags/example_short_circuit_decorator.py took 0.051 seconds
[2025-04-18T11:15:10.161+0900] {processor.py:186} INFO - Started process (PID=638675) to work on /home/kim/airflow_tutorial/py_env/lib/python3.10/site-packages/airflow/example_dags/example_short_circuit_decorator.py
[2025-04-18T11:15:10.163+0900] {processor.py:914} INFO - Processing file /home/kim/airflow_tutorial/py_env/lib/python3.10/site-packages/airflow/example_dags/example_short_circuit_decorator.py for tasks to queue
[2025-04-18T11:15:10.165+0900] {logging_mixin.py:190} INFO - [2025-04-18T11:15:10.164+0900] {dagbag.py:588} INFO - Filling up the DagBag from /home/kim/airflow_tutorial/py_env/lib/python3.10/site-packages/airflow/example_dags/example_short_circuit_decorator.py
[2025-04-18T11:15:10.172+0900] {processor.py:925} INFO - DAG(s) 'example_short_circuit_decorator' retrieved from /home/kim/airflow_tutorial/py_env/lib/python3.10/site-packages/airflow/example_dags/example_short_circuit_decorator.py
[2025-04-18T11:15:10.185+0900] {logging_mixin.py:190} INFO - [2025-04-18T11:15:10.185+0900] {dag.py:3239} INFO - Sync 1 DAGs
[2025-04-18T11:15:10.194+0900] {logging_mixin.py:190} INFO - [2025-04-18T11:15:10.194+0900] {dag.py:4180} INFO - Setting next_dagrun for example_short_circuit_decorator to None, run_after=None
[2025-04-18T11:15:10.210+0900] {processor.py:208} INFO - Processing /home/kim/airflow_tutorial/py_env/lib/python3.10/site-packages/airflow/example_dags/example_short_circuit_decorator.py took 0.054 seconds
[2025-04-18T11:16:11.898+0900] {processor.py:186} INFO - Started process (PID=639054) to work on /home/kim/airflow_tutorial/py_env/lib/python3.10/site-packages/airflow/example_dags/example_short_circuit_decorator.py
[2025-04-18T11:16:11.901+0900] {processor.py:914} INFO - Processing file /home/kim/airflow_tutorial/py_env/lib/python3.10/site-packages/airflow/example_dags/example_short_circuit_decorator.py for tasks to queue
[2025-04-18T11:16:11.903+0900] {logging_mixin.py:190} INFO - [2025-04-18T11:16:11.903+0900] {dagbag.py:588} INFO - Filling up the DagBag from /home/kim/airflow_tutorial/py_env/lib/python3.10/site-packages/airflow/example_dags/example_short_circuit_decorator.py
[2025-04-18T11:16:11.911+0900] {processor.py:925} INFO - DAG(s) 'example_short_circuit_decorator' retrieved from /home/kim/airflow_tutorial/py_env/lib/python3.10/site-packages/airflow/example_dags/example_short_circuit_decorator.py
[2025-04-18T11:16:11.924+0900] {logging_mixin.py:190} INFO - [2025-04-18T11:16:11.924+0900] {dag.py:3239} INFO - Sync 1 DAGs
[2025-04-18T11:16:11.935+0900] {logging_mixin.py:190} INFO - [2025-04-18T11:16:11.934+0900] {dag.py:4180} INFO - Setting next_dagrun for example_short_circuit_decorator to None, run_after=None
[2025-04-18T11:16:11.952+0900] {processor.py:208} INFO - Processing /home/kim/airflow_tutorial/py_env/lib/python3.10/site-packages/airflow/example_dags/example_short_circuit_decorator.py took 0.067 seconds
[2025-04-18T11:17:10.108+0900] {processor.py:186} INFO - Started process (PID=639785) to work on /home/kim/airflow_tutorial/py_env/lib/python3.10/site-packages/airflow/example_dags/example_short_circuit_decorator.py
[2025-04-18T11:17:10.109+0900] {processor.py:914} INFO - Processing file /home/kim/airflow_tutorial/py_env/lib/python3.10/site-packages/airflow/example_dags/example_short_circuit_decorator.py for tasks to queue
[2025-04-18T11:17:10.111+0900] {logging_mixin.py:190} INFO - [2025-04-18T11:17:10.110+0900] {dagbag.py:588} INFO - Filling up the DagBag from /home/kim/airflow_tutorial/py_env/lib/python3.10/site-packages/airflow/example_dags/example_short_circuit_decorator.py
[2025-04-18T11:17:10.119+0900] {processor.py:925} INFO - DAG(s) 'example_short_circuit_decorator' retrieved from /home/kim/airflow_tutorial/py_env/lib/python3.10/site-packages/airflow/example_dags/example_short_circuit_decorator.py
[2025-04-18T11:17:10.138+0900] {logging_mixin.py:190} INFO - [2025-04-18T11:17:10.137+0900] {dag.py:3239} INFO - Sync 1 DAGs
[2025-04-18T11:17:10.150+0900] {logging_mixin.py:190} INFO - [2025-04-18T11:17:10.150+0900] {dag.py:4180} INFO - Setting next_dagrun for example_short_circuit_decorator to None, run_after=None
[2025-04-18T11:17:10.170+0900] {processor.py:208} INFO - Processing /home/kim/airflow_tutorial/py_env/lib/python3.10/site-packages/airflow/example_dags/example_short_circuit_decorator.py took 0.067 seconds
[2025-04-18T11:18:10.243+0900] {processor.py:186} INFO - Started process (PID=640415) to work on /home/kim/airflow_tutorial/py_env/lib/python3.10/site-packages/airflow/example_dags/example_short_circuit_decorator.py
[2025-04-18T11:18:10.247+0900] {processor.py:914} INFO - Processing file /home/kim/airflow_tutorial/py_env/lib/python3.10/site-packages/airflow/example_dags/example_short_circuit_decorator.py for tasks to queue
[2025-04-18T11:18:10.249+0900] {logging_mixin.py:190} INFO - [2025-04-18T11:18:10.248+0900] {dagbag.py:588} INFO - Filling up the DagBag from /home/kim/airflow_tutorial/py_env/lib/python3.10/site-packages/airflow/example_dags/example_short_circuit_decorator.py
[2025-04-18T11:18:10.257+0900] {processor.py:925} INFO - DAG(s) 'example_short_circuit_decorator' retrieved from /home/kim/airflow_tutorial/py_env/lib/python3.10/site-packages/airflow/example_dags/example_short_circuit_decorator.py
[2025-04-18T11:18:10.270+0900] {logging_mixin.py:190} INFO - [2025-04-18T11:18:10.270+0900] {dag.py:3239} INFO - Sync 1 DAGs
[2025-04-18T11:18:10.281+0900] {logging_mixin.py:190} INFO - [2025-04-18T11:18:10.281+0900] {dag.py:4180} INFO - Setting next_dagrun for example_short_circuit_decorator to None, run_after=None
[2025-04-18T11:18:10.298+0900] {processor.py:208} INFO - Processing /home/kim/airflow_tutorial/py_env/lib/python3.10/site-packages/airflow/example_dags/example_short_circuit_decorator.py took 0.060 seconds
[2025-04-18T11:19:08.845+0900] {processor.py:186} INFO - Started process (PID=640920) to work on /home/kim/airflow_tutorial/py_env/lib/python3.10/site-packages/airflow/example_dags/example_short_circuit_decorator.py
[2025-04-18T11:19:08.846+0900] {processor.py:914} INFO - Processing file /home/kim/airflow_tutorial/py_env/lib/python3.10/site-packages/airflow/example_dags/example_short_circuit_decorator.py for tasks to queue
[2025-04-18T11:19:08.848+0900] {logging_mixin.py:190} INFO - [2025-04-18T11:19:08.848+0900] {dagbag.py:588} INFO - Filling up the DagBag from /home/kim/airflow_tutorial/py_env/lib/python3.10/site-packages/airflow/example_dags/example_short_circuit_decorator.py
[2025-04-18T11:19:08.856+0900] {processor.py:925} INFO - DAG(s) 'example_short_circuit_decorator' retrieved from /home/kim/airflow_tutorial/py_env/lib/python3.10/site-packages/airflow/example_dags/example_short_circuit_decorator.py
[2025-04-18T11:19:08.869+0900] {logging_mixin.py:190} INFO - [2025-04-18T11:19:08.869+0900] {dag.py:3239} INFO - Sync 1 DAGs
[2025-04-18T11:19:08.878+0900] {logging_mixin.py:190} INFO - [2025-04-18T11:19:08.878+0900] {dag.py:4180} INFO - Setting next_dagrun for example_short_circuit_decorator to None, run_after=None
[2025-04-18T11:19:08.896+0900] {processor.py:208} INFO - Processing /home/kim/airflow_tutorial/py_env/lib/python3.10/site-packages/airflow/example_dags/example_short_circuit_decorator.py took 0.056 seconds
[2025-04-18T11:20:06.604+0900] {processor.py:186} INFO - Started process (PID=641154) to work on /home/kim/airflow_tutorial/py_env/lib/python3.10/site-packages/airflow/example_dags/example_short_circuit_decorator.py
[2025-04-18T11:20:06.606+0900] {processor.py:914} INFO - Processing file /home/kim/airflow_tutorial/py_env/lib/python3.10/site-packages/airflow/example_dags/example_short_circuit_decorator.py for tasks to queue
[2025-04-18T11:20:06.607+0900] {logging_mixin.py:190} INFO - [2025-04-18T11:20:06.607+0900] {dagbag.py:588} INFO - Filling up the DagBag from /home/kim/airflow_tutorial/py_env/lib/python3.10/site-packages/airflow/example_dags/example_short_circuit_decorator.py
[2025-04-18T11:20:06.616+0900] {processor.py:925} INFO - DAG(s) 'example_short_circuit_decorator' retrieved from /home/kim/airflow_tutorial/py_env/lib/python3.10/site-packages/airflow/example_dags/example_short_circuit_decorator.py
[2025-04-18T11:20:06.633+0900] {logging_mixin.py:190} INFO - [2025-04-18T11:20:06.633+0900] {dag.py:3239} INFO - Sync 1 DAGs
[2025-04-18T11:20:06.647+0900] {logging_mixin.py:190} INFO - [2025-04-18T11:20:06.647+0900] {dag.py:4180} INFO - Setting next_dagrun for example_short_circuit_decorator to None, run_after=None
[2025-04-18T11:20:06.676+0900] {processor.py:208} INFO - Processing /home/kim/airflow_tutorial/py_env/lib/python3.10/site-packages/airflow/example_dags/example_short_circuit_decorator.py took 0.077 seconds
[2025-04-18T11:21:06.250+0900] {processor.py:186} INFO - Started process (PID=641417) to work on /home/kim/airflow_tutorial/py_env/lib/python3.10/site-packages/airflow/example_dags/example_short_circuit_decorator.py
[2025-04-18T11:21:06.252+0900] {processor.py:914} INFO - Processing file /home/kim/airflow_tutorial/py_env/lib/python3.10/site-packages/airflow/example_dags/example_short_circuit_decorator.py for tasks to queue
[2025-04-18T11:21:06.254+0900] {logging_mixin.py:190} INFO - [2025-04-18T11:21:06.254+0900] {dagbag.py:588} INFO - Filling up the DagBag from /home/kim/airflow_tutorial/py_env/lib/python3.10/site-packages/airflow/example_dags/example_short_circuit_decorator.py
[2025-04-18T11:21:06.261+0900] {processor.py:925} INFO - DAG(s) 'example_short_circuit_decorator' retrieved from /home/kim/airflow_tutorial/py_env/lib/python3.10/site-packages/airflow/example_dags/example_short_circuit_decorator.py
[2025-04-18T11:21:06.274+0900] {logging_mixin.py:190} INFO - [2025-04-18T11:21:06.274+0900] {dag.py:3239} INFO - Sync 1 DAGs
[2025-04-18T11:21:06.283+0900] {logging_mixin.py:190} INFO - [2025-04-18T11:21:06.283+0900] {dag.py:4180} INFO - Setting next_dagrun for example_short_circuit_decorator to None, run_after=None
[2025-04-18T11:21:06.298+0900] {processor.py:208} INFO - Processing /home/kim/airflow_tutorial/py_env/lib/python3.10/site-packages/airflow/example_dags/example_short_circuit_decorator.py took 0.053 seconds
[2025-04-18T11:22:09.059+0900] {processor.py:186} INFO - Started process (PID=641791) to work on /home/kim/airflow_tutorial/py_env/lib/python3.10/site-packages/airflow/example_dags/example_short_circuit_decorator.py
[2025-04-18T11:22:09.062+0900] {processor.py:914} INFO - Processing file /home/kim/airflow_tutorial/py_env/lib/python3.10/site-packages/airflow/example_dags/example_short_circuit_decorator.py for tasks to queue
[2025-04-18T11:22:09.063+0900] {logging_mixin.py:190} INFO - [2025-04-18T11:22:09.063+0900] {dagbag.py:588} INFO - Filling up the DagBag from /home/kim/airflow_tutorial/py_env/lib/python3.10/site-packages/airflow/example_dags/example_short_circuit_decorator.py
[2025-04-18T11:22:09.071+0900] {processor.py:925} INFO - DAG(s) 'example_short_circuit_decorator' retrieved from /home/kim/airflow_tutorial/py_env/lib/python3.10/site-packages/airflow/example_dags/example_short_circuit_decorator.py
[2025-04-18T11:22:09.083+0900] {logging_mixin.py:190} INFO - [2025-04-18T11:22:09.083+0900] {dag.py:3239} INFO - Sync 1 DAGs
[2025-04-18T11:22:09.091+0900] {logging_mixin.py:190} INFO - [2025-04-18T11:22:09.091+0900] {dag.py:4180} INFO - Setting next_dagrun for example_short_circuit_decorator to None, run_after=None
[2025-04-18T11:22:09.108+0900] {processor.py:208} INFO - Processing /home/kim/airflow_tutorial/py_env/lib/python3.10/site-packages/airflow/example_dags/example_short_circuit_decorator.py took 0.053 seconds
[2025-04-18T11:23:09.376+0900] {processor.py:186} INFO - Started process (PID=642199) to work on /home/kim/airflow_tutorial/py_env/lib/python3.10/site-packages/airflow/example_dags/example_short_circuit_decorator.py
[2025-04-18T11:23:09.379+0900] {processor.py:914} INFO - Processing file /home/kim/airflow_tutorial/py_env/lib/python3.10/site-packages/airflow/example_dags/example_short_circuit_decorator.py for tasks to queue
[2025-04-18T11:23:09.381+0900] {logging_mixin.py:190} INFO - [2025-04-18T11:23:09.381+0900] {dagbag.py:588} INFO - Filling up the DagBag from /home/kim/airflow_tutorial/py_env/lib/python3.10/site-packages/airflow/example_dags/example_short_circuit_decorator.py
[2025-04-18T11:23:09.389+0900] {processor.py:925} INFO - DAG(s) 'example_short_circuit_decorator' retrieved from /home/kim/airflow_tutorial/py_env/lib/python3.10/site-packages/airflow/example_dags/example_short_circuit_decorator.py
[2025-04-18T11:23:09.403+0900] {logging_mixin.py:190} INFO - [2025-04-18T11:23:09.402+0900] {dag.py:3239} INFO - Sync 1 DAGs
[2025-04-18T11:23:09.412+0900] {logging_mixin.py:190} INFO - [2025-04-18T11:23:09.412+0900] {dag.py:4180} INFO - Setting next_dagrun for example_short_circuit_decorator to None, run_after=None
[2025-04-18T11:23:09.428+0900] {processor.py:208} INFO - Processing /home/kim/airflow_tutorial/py_env/lib/python3.10/site-packages/airflow/example_dags/example_short_circuit_decorator.py took 0.056 seconds
[2025-04-18T11:24:04.211+0900] {processor.py:186} INFO - Started process (PID=642524) to work on /home/kim/airflow_tutorial/py_env/lib/python3.10/site-packages/airflow/example_dags/example_short_circuit_decorator.py
[2025-04-18T11:24:04.212+0900] {processor.py:914} INFO - Processing file /home/kim/airflow_tutorial/py_env/lib/python3.10/site-packages/airflow/example_dags/example_short_circuit_decorator.py for tasks to queue
[2025-04-18T11:24:04.214+0900] {logging_mixin.py:190} INFO - [2025-04-18T11:24:04.214+0900] {dagbag.py:588} INFO - Filling up the DagBag from /home/kim/airflow_tutorial/py_env/lib/python3.10/site-packages/airflow/example_dags/example_short_circuit_decorator.py
[2025-04-18T11:24:04.223+0900] {processor.py:925} INFO - DAG(s) 'example_short_circuit_decorator' retrieved from /home/kim/airflow_tutorial/py_env/lib/python3.10/site-packages/airflow/example_dags/example_short_circuit_decorator.py
[2025-04-18T11:24:04.238+0900] {logging_mixin.py:190} INFO - [2025-04-18T11:24:04.238+0900] {dag.py:3239} INFO - Sync 1 DAGs
[2025-04-18T11:24:04.248+0900] {logging_mixin.py:190} INFO - [2025-04-18T11:24:04.248+0900] {dag.py:4180} INFO - Setting next_dagrun for example_short_circuit_decorator to None, run_after=None
[2025-04-18T11:24:04.265+0900] {processor.py:208} INFO - Processing /home/kim/airflow_tutorial/py_env/lib/python3.10/site-packages/airflow/example_dags/example_short_circuit_decorator.py took 0.059 seconds
[2025-04-18T11:25:06.499+0900] {processor.py:186} INFO - Started process (PID=642824) to work on /home/kim/airflow_tutorial/py_env/lib/python3.10/site-packages/airflow/example_dags/example_short_circuit_decorator.py
[2025-04-18T11:25:06.501+0900] {processor.py:914} INFO - Processing file /home/kim/airflow_tutorial/py_env/lib/python3.10/site-packages/airflow/example_dags/example_short_circuit_decorator.py for tasks to queue
[2025-04-18T11:25:06.503+0900] {logging_mixin.py:190} INFO - [2025-04-18T11:25:06.503+0900] {dagbag.py:588} INFO - Filling up the DagBag from /home/kim/airflow_tutorial/py_env/lib/python3.10/site-packages/airflow/example_dags/example_short_circuit_decorator.py
[2025-04-18T11:25:06.510+0900] {processor.py:925} INFO - DAG(s) 'example_short_circuit_decorator' retrieved from /home/kim/airflow_tutorial/py_env/lib/python3.10/site-packages/airflow/example_dags/example_short_circuit_decorator.py
[2025-04-18T11:25:06.524+0900] {logging_mixin.py:190} INFO - [2025-04-18T11:25:06.523+0900] {dag.py:3239} INFO - Sync 1 DAGs
[2025-04-18T11:25:06.532+0900] {logging_mixin.py:190} INFO - [2025-04-18T11:25:06.532+0900] {dag.py:4180} INFO - Setting next_dagrun for example_short_circuit_decorator to None, run_after=None
[2025-04-18T11:25:06.548+0900] {processor.py:208} INFO - Processing /home/kim/airflow_tutorial/py_env/lib/python3.10/site-packages/airflow/example_dags/example_short_circuit_decorator.py took 0.054 seconds
[2025-04-18T12:03:08.969+0900] {processor.py:186} INFO - Started process (PID=651555) to work on /home/kim/airflow_tutorial/py_env/lib/python3.10/site-packages/airflow/example_dags/example_short_circuit_decorator.py
[2025-04-18T12:03:08.970+0900] {processor.py:914} INFO - Processing file /home/kim/airflow_tutorial/py_env/lib/python3.10/site-packages/airflow/example_dags/example_short_circuit_decorator.py for tasks to queue
[2025-04-18T12:03:08.971+0900] {logging_mixin.py:190} INFO - [2025-04-18T12:03:08.971+0900] {dagbag.py:588} INFO - Filling up the DagBag from /home/kim/airflow_tutorial/py_env/lib/python3.10/site-packages/airflow/example_dags/example_short_circuit_decorator.py
[2025-04-18T12:03:08.978+0900] {processor.py:925} INFO - DAG(s) 'example_short_circuit_decorator' retrieved from /home/kim/airflow_tutorial/py_env/lib/python3.10/site-packages/airflow/example_dags/example_short_circuit_decorator.py
[2025-04-18T12:03:09.131+0900] {logging_mixin.py:190} INFO - [2025-04-18T12:03:09.130+0900] {override.py:1912} INFO - Created Permission View: can read on DAG:example_short_circuit_decorator
[2025-04-18T12:03:09.140+0900] {logging_mixin.py:190} INFO - [2025-04-18T12:03:09.140+0900] {override.py:1912} INFO - Created Permission View: can edit on DAG:example_short_circuit_decorator
[2025-04-18T12:03:09.149+0900] {logging_mixin.py:190} INFO - [2025-04-18T12:03:09.149+0900] {override.py:1912} INFO - Created Permission View: can delete on DAG:example_short_circuit_decorator
[2025-04-18T12:03:09.157+0900] {logging_mixin.py:190} INFO - [2025-04-18T12:03:09.157+0900] {override.py:1912} INFO - Created Permission View: can read on DAG Run:example_short_circuit_decorator
[2025-04-18T12:03:09.164+0900] {logging_mixin.py:190} INFO - [2025-04-18T12:03:09.163+0900] {override.py:1912} INFO - Created Permission View: can create on DAG Run:example_short_circuit_decorator
[2025-04-18T12:03:09.170+0900] {logging_mixin.py:190} INFO - [2025-04-18T12:03:09.170+0900] {override.py:1912} INFO - Created Permission View: menu access on DAG Run:example_short_circuit_decorator
[2025-04-18T12:03:09.177+0900] {logging_mixin.py:190} INFO - [2025-04-18T12:03:09.176+0900] {override.py:1912} INFO - Created Permission View: can delete on DAG Run:example_short_circuit_decorator
[2025-04-18T12:03:09.177+0900] {logging_mixin.py:190} INFO - [2025-04-18T12:03:09.177+0900] {dag.py:3239} INFO - Sync 1 DAGs
[2025-04-18T12:03:09.185+0900] {logging_mixin.py:190} INFO - [2025-04-18T12:03:09.185+0900] {dag.py:3262} INFO - Creating ORM DAG for example_short_circuit_decorator
[2025-04-18T12:03:09.185+0900] {logging_mixin.py:190} INFO - [2025-04-18T12:03:09.185+0900] {dag.py:4180} INFO - Setting next_dagrun for example_short_circuit_decorator to None, run_after=None
[2025-04-18T12:03:09.200+0900] {processor.py:208} INFO - Processing /home/kim/airflow_tutorial/py_env/lib/python3.10/site-packages/airflow/example_dags/example_short_circuit_decorator.py took 0.236 seconds
[2025-04-18T12:05:17.156+0900] {processor.py:186} INFO - Started process (PID=653523) to work on /home/kim/airflow_tutorial/py_env/lib/python3.10/site-packages/airflow/example_dags/example_short_circuit_decorator.py
[2025-04-18T12:05:17.157+0900] {processor.py:914} INFO - Processing file /home/kim/airflow_tutorial/py_env/lib/python3.10/site-packages/airflow/example_dags/example_short_circuit_decorator.py for tasks to queue
[2025-04-18T12:05:17.159+0900] {logging_mixin.py:190} INFO - [2025-04-18T12:05:17.159+0900] {dagbag.py:588} INFO - Filling up the DagBag from /home/kim/airflow_tutorial/py_env/lib/python3.10/site-packages/airflow/example_dags/example_short_circuit_decorator.py
[2025-04-18T12:05:17.169+0900] {processor.py:925} INFO - DAG(s) 'example_short_circuit_decorator' retrieved from /home/kim/airflow_tutorial/py_env/lib/python3.10/site-packages/airflow/example_dags/example_short_circuit_decorator.py
[2025-04-18T12:05:17.279+0900] {logging_mixin.py:190} INFO - [2025-04-18T12:05:17.279+0900] {dag.py:3239} INFO - Sync 1 DAGs
[2025-04-18T12:05:17.290+0900] {logging_mixin.py:190} INFO - [2025-04-18T12:05:17.289+0900] {dag.py:4180} INFO - Setting next_dagrun for example_short_circuit_decorator to None, run_after=None
[2025-04-18T12:05:17.310+0900] {processor.py:208} INFO - Processing /home/kim/airflow_tutorial/py_env/lib/python3.10/site-packages/airflow/example_dags/example_short_circuit_decorator.py took 0.162 seconds
[2025-04-18T12:05:47.367+0900] {processor.py:186} INFO - Started process (PID=653995) to work on /home/kim/airflow_tutorial/py_env/lib/python3.10/site-packages/airflow/example_dags/example_short_circuit_decorator.py
[2025-04-18T12:05:47.369+0900] {processor.py:914} INFO - Processing file /home/kim/airflow_tutorial/py_env/lib/python3.10/site-packages/airflow/example_dags/example_short_circuit_decorator.py for tasks to queue
[2025-04-18T12:05:47.370+0900] {logging_mixin.py:190} INFO - [2025-04-18T12:05:47.370+0900] {dagbag.py:588} INFO - Filling up the DagBag from /home/kim/airflow_tutorial/py_env/lib/python3.10/site-packages/airflow/example_dags/example_short_circuit_decorator.py
[2025-04-18T12:05:47.380+0900] {processor.py:925} INFO - DAG(s) 'example_short_circuit_decorator' retrieved from /home/kim/airflow_tutorial/py_env/lib/python3.10/site-packages/airflow/example_dags/example_short_circuit_decorator.py
[2025-04-18T12:05:47.403+0900] {logging_mixin.py:190} INFO - [2025-04-18T12:05:47.402+0900] {dag.py:3239} INFO - Sync 1 DAGs
[2025-04-18T12:05:47.415+0900] {logging_mixin.py:190} INFO - [2025-04-18T12:05:47.415+0900] {dag.py:4180} INFO - Setting next_dagrun for example_short_circuit_decorator to None, run_after=None
[2025-04-18T12:05:47.439+0900] {processor.py:208} INFO - Processing /home/kim/airflow_tutorial/py_env/lib/python3.10/site-packages/airflow/example_dags/example_short_circuit_decorator.py took 0.077 seconds
[2025-04-18T12:06:18.185+0900] {processor.py:186} INFO - Started process (PID=654380) to work on /home/kim/airflow_tutorial/py_env/lib/python3.10/site-packages/airflow/example_dags/example_short_circuit_decorator.py
[2025-04-18T12:06:18.186+0900] {processor.py:914} INFO - Processing file /home/kim/airflow_tutorial/py_env/lib/python3.10/site-packages/airflow/example_dags/example_short_circuit_decorator.py for tasks to queue
[2025-04-18T12:06:18.188+0900] {logging_mixin.py:190} INFO - [2025-04-18T12:06:18.188+0900] {dagbag.py:588} INFO - Filling up the DagBag from /home/kim/airflow_tutorial/py_env/lib/python3.10/site-packages/airflow/example_dags/example_short_circuit_decorator.py
[2025-04-18T12:06:18.198+0900] {processor.py:925} INFO - DAG(s) 'example_short_circuit_decorator' retrieved from /home/kim/airflow_tutorial/py_env/lib/python3.10/site-packages/airflow/example_dags/example_short_circuit_decorator.py
[2025-04-18T12:06:18.223+0900] {logging_mixin.py:190} INFO - [2025-04-18T12:06:18.223+0900] {dag.py:3239} INFO - Sync 1 DAGs
[2025-04-18T12:06:18.236+0900] {logging_mixin.py:190} INFO - [2025-04-18T12:06:18.235+0900] {dag.py:4180} INFO - Setting next_dagrun for example_short_circuit_decorator to None, run_after=None
[2025-04-18T12:06:18.260+0900] {processor.py:208} INFO - Processing /home/kim/airflow_tutorial/py_env/lib/python3.10/site-packages/airflow/example_dags/example_short_circuit_decorator.py took 0.082 seconds
