[2025-04-18T11:13:43.709+0900] {processor.py:186} INFO - Started process (PID=637897) to work on /home/kim/airflow_tutorial/py_env/lib/python3.10/site-packages/airflow/example_dags/example_dataset_alias_with_no_taskflow.py
[2025-04-18T11:13:43.710+0900] {processor.py:914} INFO - Processing file /home/kim/airflow_tutorial/py_env/lib/python3.10/site-packages/airflow/example_dags/example_dataset_alias_with_no_taskflow.py for tasks to queue
[2025-04-18T11:13:43.711+0900] {logging_mixin.py:190} INFO - [2025-04-18T11:13:43.711+0900] {dagbag.py:588} INFO - Filling up the DagBag from /home/kim/airflow_tutorial/py_env/lib/python3.10/site-packages/airflow/example_dags/example_dataset_alias_with_no_taskflow.py
[2025-04-18T11:13:43.724+0900] {processor.py:925} INFO - DAG(s) 'dataset_s3_bucket_producer_with_no_taskflow', 'dataset_alias_example_alias_consumer_with_no_taskflow', 'dataset_s3_bucket_consumer_with_no_taskflow', 'dataset_alias_example_alias_producer_with_no_taskflow' retrieved from /home/kim/airflow_tutorial/py_env/lib/python3.10/site-packages/airflow/example_dags/example_dataset_alias_with_no_taskflow.py
[2025-04-18T11:13:43.795+0900] {logging_mixin.py:190} INFO - [2025-04-18T11:13:43.795+0900] {override.py:1912} INFO - Created Permission View: can delete on DAG:dataset_s3_bucket_producer_with_no_taskflow
[2025-04-18T11:13:43.804+0900] {logging_mixin.py:190} INFO - [2025-04-18T11:13:43.803+0900] {override.py:1912} INFO - Created Permission View: can edit on DAG:dataset_s3_bucket_producer_with_no_taskflow
[2025-04-18T11:13:43.810+0900] {logging_mixin.py:190} INFO - [2025-04-18T11:13:43.810+0900] {override.py:1912} INFO - Created Permission View: can read on DAG:dataset_s3_bucket_producer_with_no_taskflow
[2025-04-18T11:13:43.822+0900] {logging_mixin.py:190} INFO - [2025-04-18T11:13:43.821+0900] {override.py:1912} INFO - Created Permission View: can delete on DAG Run:dataset_s3_bucket_producer_with_no_taskflow
[2025-04-18T11:13:43.828+0900] {logging_mixin.py:190} INFO - [2025-04-18T11:13:43.828+0900] {override.py:1912} INFO - Created Permission View: can create on DAG Run:dataset_s3_bucket_producer_with_no_taskflow
[2025-04-18T11:13:43.834+0900] {logging_mixin.py:190} INFO - [2025-04-18T11:13:43.834+0900] {override.py:1912} INFO - Created Permission View: menu access on DAG Run:dataset_s3_bucket_producer_with_no_taskflow
[2025-04-18T11:13:43.841+0900] {logging_mixin.py:190} INFO - [2025-04-18T11:13:43.841+0900] {override.py:1912} INFO - Created Permission View: can read on DAG Run:dataset_s3_bucket_producer_with_no_taskflow
[2025-04-18T11:13:43.858+0900] {logging_mixin.py:190} INFO - [2025-04-18T11:13:43.857+0900] {override.py:1912} INFO - Created Permission View: can delete on DAG:dataset_alias_example_alias_consumer_with_no_taskflow
[2025-04-18T11:13:43.864+0900] {logging_mixin.py:190} INFO - [2025-04-18T11:13:43.864+0900] {override.py:1912} INFO - Created Permission View: can edit on DAG:dataset_alias_example_alias_consumer_with_no_taskflow
[2025-04-18T11:13:43.870+0900] {logging_mixin.py:190} INFO - [2025-04-18T11:13:43.869+0900] {override.py:1912} INFO - Created Permission View: can read on DAG:dataset_alias_example_alias_consumer_with_no_taskflow
[2025-04-18T11:13:43.879+0900] {logging_mixin.py:190} INFO - [2025-04-18T11:13:43.879+0900] {override.py:1912} INFO - Created Permission View: can delete on DAG Run:dataset_alias_example_alias_consumer_with_no_taskflow
[2025-04-18T11:13:43.884+0900] {logging_mixin.py:190} INFO - [2025-04-18T11:13:43.884+0900] {override.py:1912} INFO - Created Permission View: can create on DAG Run:dataset_alias_example_alias_consumer_with_no_taskflow
[2025-04-18T11:13:43.890+0900] {logging_mixin.py:190} INFO - [2025-04-18T11:13:43.890+0900] {override.py:1912} INFO - Created Permission View: menu access on DAG Run:dataset_alias_example_alias_consumer_with_no_taskflow
[2025-04-18T11:13:43.896+0900] {logging_mixin.py:190} INFO - [2025-04-18T11:13:43.895+0900] {override.py:1912} INFO - Created Permission View: can read on DAG Run:dataset_alias_example_alias_consumer_with_no_taskflow
[2025-04-18T11:13:43.908+0900] {logging_mixin.py:190} INFO - [2025-04-18T11:13:43.908+0900] {override.py:1912} INFO - Created Permission View: can delete on DAG:dataset_s3_bucket_consumer_with_no_taskflow
[2025-04-18T11:13:43.915+0900] {logging_mixin.py:190} INFO - [2025-04-18T11:13:43.915+0900] {override.py:1912} INFO - Created Permission View: can edit on DAG:dataset_s3_bucket_consumer_with_no_taskflow
[2025-04-18T11:13:43.923+0900] {logging_mixin.py:190} INFO - [2025-04-18T11:13:43.923+0900] {override.py:1912} INFO - Created Permission View: can read on DAG:dataset_s3_bucket_consumer_with_no_taskflow
[2025-04-18T11:13:43.934+0900] {logging_mixin.py:190} INFO - [2025-04-18T11:13:43.934+0900] {override.py:1912} INFO - Created Permission View: can delete on DAG Run:dataset_s3_bucket_consumer_with_no_taskflow
[2025-04-18T11:13:43.941+0900] {logging_mixin.py:190} INFO - [2025-04-18T11:13:43.941+0900] {override.py:1912} INFO - Created Permission View: can create on DAG Run:dataset_s3_bucket_consumer_with_no_taskflow
[2025-04-18T11:13:43.947+0900] {logging_mixin.py:190} INFO - [2025-04-18T11:13:43.947+0900] {override.py:1912} INFO - Created Permission View: menu access on DAG Run:dataset_s3_bucket_consumer_with_no_taskflow
[2025-04-18T11:13:43.952+0900] {logging_mixin.py:190} INFO - [2025-04-18T11:13:43.952+0900] {override.py:1912} INFO - Created Permission View: can read on DAG Run:dataset_s3_bucket_consumer_with_no_taskflow
[2025-04-18T11:13:43.966+0900] {logging_mixin.py:190} INFO - [2025-04-18T11:13:43.966+0900] {override.py:1912} INFO - Created Permission View: can delete on DAG:dataset_alias_example_alias_producer_with_no_taskflow
[2025-04-18T11:13:43.972+0900] {logging_mixin.py:190} INFO - [2025-04-18T11:13:43.972+0900] {override.py:1912} INFO - Created Permission View: can edit on DAG:dataset_alias_example_alias_producer_with_no_taskflow
[2025-04-18T11:13:43.978+0900] {logging_mixin.py:190} INFO - [2025-04-18T11:13:43.978+0900] {override.py:1912} INFO - Created Permission View: can read on DAG:dataset_alias_example_alias_producer_with_no_taskflow
[2025-04-18T11:13:43.989+0900] {logging_mixin.py:190} INFO - [2025-04-18T11:13:43.988+0900] {override.py:1912} INFO - Created Permission View: can delete on DAG Run:dataset_alias_example_alias_producer_with_no_taskflow
[2025-04-18T11:13:43.995+0900] {logging_mixin.py:190} INFO - [2025-04-18T11:13:43.995+0900] {override.py:1912} INFO - Created Permission View: can create on DAG Run:dataset_alias_example_alias_producer_with_no_taskflow
[2025-04-18T11:13:44.001+0900] {logging_mixin.py:190} INFO - [2025-04-18T11:13:44.001+0900] {override.py:1912} INFO - Created Permission View: menu access on DAG Run:dataset_alias_example_alias_producer_with_no_taskflow
[2025-04-18T11:13:44.007+0900] {logging_mixin.py:190} INFO - [2025-04-18T11:13:44.006+0900] {override.py:1912} INFO - Created Permission View: can read on DAG Run:dataset_alias_example_alias_producer_with_no_taskflow
[2025-04-18T11:13:44.007+0900] {logging_mixin.py:190} INFO - [2025-04-18T11:13:44.007+0900] {dag.py:3239} INFO - Sync 4 DAGs
[2025-04-18T11:13:44.015+0900] {logging_mixin.py:190} INFO - [2025-04-18T11:13:44.014+0900] {dag.py:3262} INFO - Creating ORM DAG for dataset_alias_example_alias_producer_with_no_taskflow
[2025-04-18T11:13:44.015+0900] {logging_mixin.py:190} INFO - [2025-04-18T11:13:44.015+0900] {dag.py:3262} INFO - Creating ORM DAG for dataset_s3_bucket_producer_with_no_taskflow
[2025-04-18T11:13:44.015+0900] {logging_mixin.py:190} INFO - [2025-04-18T11:13:44.015+0900] {dag.py:3262} INFO - Creating ORM DAG for dataset_alias_example_alias_consumer_with_no_taskflow
[2025-04-18T11:13:44.016+0900] {logging_mixin.py:190} INFO - [2025-04-18T11:13:44.016+0900] {dag.py:3262} INFO - Creating ORM DAG for dataset_s3_bucket_consumer_with_no_taskflow
[2025-04-18T11:13:44.021+0900] {logging_mixin.py:190} INFO - [2025-04-18T11:13:44.021+0900] {dag.py:4180} INFO - Setting next_dagrun for dataset_alias_example_alias_consumer_with_no_taskflow to None, run_after=None
[2025-04-18T11:13:44.021+0900] {logging_mixin.py:190} INFO - [2025-04-18T11:13:44.021+0900] {dag.py:4180} INFO - Setting next_dagrun for dataset_alias_example_alias_producer_with_no_taskflow to None, run_after=None
[2025-04-18T11:13:44.022+0900] {logging_mixin.py:190} INFO - [2025-04-18T11:13:44.021+0900] {dag.py:4180} INFO - Setting next_dagrun for dataset_s3_bucket_consumer_with_no_taskflow to None, run_after=None
[2025-04-18T11:13:44.022+0900] {logging_mixin.py:190} INFO - [2025-04-18T11:13:44.022+0900] {dag.py:4180} INFO - Setting next_dagrun for dataset_s3_bucket_producer_with_no_taskflow to None, run_after=None
[2025-04-18T11:13:44.042+0900] {processor.py:208} INFO - Processing /home/kim/airflow_tutorial/py_env/lib/python3.10/site-packages/airflow/example_dags/example_dataset_alias_with_no_taskflow.py took 0.338 seconds
[2025-04-18T11:14:48.403+0900] {processor.py:186} INFO - Started process (PID=638372) to work on /home/kim/airflow_tutorial/py_env/lib/python3.10/site-packages/airflow/example_dags/example_dataset_alias_with_no_taskflow.py
[2025-04-18T11:14:48.405+0900] {processor.py:914} INFO - Processing file /home/kim/airflow_tutorial/py_env/lib/python3.10/site-packages/airflow/example_dags/example_dataset_alias_with_no_taskflow.py for tasks to queue
[2025-04-18T11:14:48.406+0900] {logging_mixin.py:190} INFO - [2025-04-18T11:14:48.406+0900] {dagbag.py:588} INFO - Filling up the DagBag from /home/kim/airflow_tutorial/py_env/lib/python3.10/site-packages/airflow/example_dags/example_dataset_alias_with_no_taskflow.py
[2025-04-18T11:14:48.424+0900] {processor.py:925} INFO - DAG(s) 'dataset_alias_example_alias_producer_with_no_taskflow', 'dataset_alias_example_alias_consumer_with_no_taskflow', 'dataset_s3_bucket_producer_with_no_taskflow', 'dataset_s3_bucket_consumer_with_no_taskflow' retrieved from /home/kim/airflow_tutorial/py_env/lib/python3.10/site-packages/airflow/example_dags/example_dataset_alias_with_no_taskflow.py
[2025-04-18T11:14:48.440+0900] {logging_mixin.py:190} INFO - [2025-04-18T11:14:48.440+0900] {dag.py:3239} INFO - Sync 4 DAGs
[2025-04-18T11:14:48.455+0900] {logging_mixin.py:190} INFO - [2025-04-18T11:14:48.455+0900] {dag.py:4180} INFO - Setting next_dagrun for dataset_alias_example_alias_consumer_with_no_taskflow to None, run_after=None
[2025-04-18T11:14:48.457+0900] {logging_mixin.py:190} INFO - [2025-04-18T11:14:48.457+0900] {dag.py:4180} INFO - Setting next_dagrun for dataset_alias_example_alias_producer_with_no_taskflow to None, run_after=None
[2025-04-18T11:14:48.458+0900] {logging_mixin.py:190} INFO - [2025-04-18T11:14:48.458+0900] {dag.py:4180} INFO - Setting next_dagrun for dataset_s3_bucket_consumer_with_no_taskflow to None, run_after=None
[2025-04-18T11:14:48.459+0900] {logging_mixin.py:190} INFO - [2025-04-18T11:14:48.458+0900] {dag.py:4180} INFO - Setting next_dagrun for dataset_s3_bucket_producer_with_no_taskflow to None, run_after=None
[2025-04-18T11:14:48.476+0900] {processor.py:208} INFO - Processing /home/kim/airflow_tutorial/py_env/lib/python3.10/site-packages/airflow/example_dags/example_dataset_alias_with_no_taskflow.py took 0.077 seconds
[2025-04-18T11:15:48.153+0900] {processor.py:186} INFO - Started process (PID=638818) to work on /home/kim/airflow_tutorial/py_env/lib/python3.10/site-packages/airflow/example_dags/example_dataset_alias_with_no_taskflow.py
[2025-04-18T11:15:48.156+0900] {processor.py:914} INFO - Processing file /home/kim/airflow_tutorial/py_env/lib/python3.10/site-packages/airflow/example_dags/example_dataset_alias_with_no_taskflow.py for tasks to queue
[2025-04-18T11:15:48.158+0900] {logging_mixin.py:190} INFO - [2025-04-18T11:15:48.157+0900] {dagbag.py:588} INFO - Filling up the DagBag from /home/kim/airflow_tutorial/py_env/lib/python3.10/site-packages/airflow/example_dags/example_dataset_alias_with_no_taskflow.py
[2025-04-18T11:15:48.178+0900] {processor.py:925} INFO - DAG(s) 'dataset_s3_bucket_producer_with_no_taskflow', 'dataset_alias_example_alias_consumer_with_no_taskflow', 'dataset_s3_bucket_consumer_with_no_taskflow', 'dataset_alias_example_alias_producer_with_no_taskflow' retrieved from /home/kim/airflow_tutorial/py_env/lib/python3.10/site-packages/airflow/example_dags/example_dataset_alias_with_no_taskflow.py
[2025-04-18T11:15:48.192+0900] {logging_mixin.py:190} INFO - [2025-04-18T11:15:48.192+0900] {dag.py:3239} INFO - Sync 4 DAGs
[2025-04-18T11:15:48.207+0900] {logging_mixin.py:190} INFO - [2025-04-18T11:15:48.207+0900] {dag.py:4180} INFO - Setting next_dagrun for dataset_alias_example_alias_consumer_with_no_taskflow to None, run_after=None
[2025-04-18T11:15:48.208+0900] {logging_mixin.py:190} INFO - [2025-04-18T11:15:48.208+0900] {dag.py:4180} INFO - Setting next_dagrun for dataset_alias_example_alias_producer_with_no_taskflow to None, run_after=None
[2025-04-18T11:15:48.209+0900] {logging_mixin.py:190} INFO - [2025-04-18T11:15:48.209+0900] {dag.py:4180} INFO - Setting next_dagrun for dataset_s3_bucket_consumer_with_no_taskflow to None, run_after=None
[2025-04-18T11:15:48.210+0900] {logging_mixin.py:190} INFO - [2025-04-18T11:15:48.209+0900] {dag.py:4180} INFO - Setting next_dagrun for dataset_s3_bucket_producer_with_no_taskflow to None, run_after=None
[2025-04-18T11:15:48.227+0900] {processor.py:208} INFO - Processing /home/kim/airflow_tutorial/py_env/lib/python3.10/site-packages/airflow/example_dags/example_dataset_alias_with_no_taskflow.py took 0.080 seconds
[2025-04-18T11:16:48.586+0900] {processor.py:186} INFO - Started process (PID=639558) to work on /home/kim/airflow_tutorial/py_env/lib/python3.10/site-packages/airflow/example_dags/example_dataset_alias_with_no_taskflow.py
[2025-04-18T11:16:48.589+0900] {processor.py:914} INFO - Processing file /home/kim/airflow_tutorial/py_env/lib/python3.10/site-packages/airflow/example_dags/example_dataset_alias_with_no_taskflow.py for tasks to queue
[2025-04-18T11:16:48.591+0900] {logging_mixin.py:190} INFO - [2025-04-18T11:16:48.591+0900] {dagbag.py:588} INFO - Filling up the DagBag from /home/kim/airflow_tutorial/py_env/lib/python3.10/site-packages/airflow/example_dags/example_dataset_alias_with_no_taskflow.py
[2025-04-18T11:16:48.613+0900] {processor.py:925} INFO - DAG(s) 'dataset_s3_bucket_consumer_with_no_taskflow', 'dataset_s3_bucket_producer_with_no_taskflow', 'dataset_alias_example_alias_producer_with_no_taskflow', 'dataset_alias_example_alias_consumer_with_no_taskflow' retrieved from /home/kim/airflow_tutorial/py_env/lib/python3.10/site-packages/airflow/example_dags/example_dataset_alias_with_no_taskflow.py
[2025-04-18T11:16:48.629+0900] {logging_mixin.py:190} INFO - [2025-04-18T11:16:48.629+0900] {dag.py:3239} INFO - Sync 4 DAGs
[2025-04-18T11:16:48.644+0900] {logging_mixin.py:190} INFO - [2025-04-18T11:16:48.644+0900] {dag.py:4180} INFO - Setting next_dagrun for dataset_alias_example_alias_consumer_with_no_taskflow to None, run_after=None
[2025-04-18T11:16:48.646+0900] {logging_mixin.py:190} INFO - [2025-04-18T11:16:48.645+0900] {dag.py:4180} INFO - Setting next_dagrun for dataset_alias_example_alias_producer_with_no_taskflow to None, run_after=None
[2025-04-18T11:16:48.646+0900] {logging_mixin.py:190} INFO - [2025-04-18T11:16:48.646+0900] {dag.py:4180} INFO - Setting next_dagrun for dataset_s3_bucket_consumer_with_no_taskflow to None, run_after=None
[2025-04-18T11:16:48.647+0900] {logging_mixin.py:190} INFO - [2025-04-18T11:16:48.647+0900] {dag.py:4180} INFO - Setting next_dagrun for dataset_s3_bucket_producer_with_no_taskflow to None, run_after=None
[2025-04-18T11:16:48.666+0900] {processor.py:208} INFO - Processing /home/kim/airflow_tutorial/py_env/lib/python3.10/site-packages/airflow/example_dags/example_dataset_alias_with_no_taskflow.py took 0.086 seconds
[2025-04-18T11:17:48.604+0900] {processor.py:186} INFO - Started process (PID=640099) to work on /home/kim/airflow_tutorial/py_env/lib/python3.10/site-packages/airflow/example_dags/example_dataset_alias_with_no_taskflow.py
[2025-04-18T11:17:48.607+0900] {processor.py:914} INFO - Processing file /home/kim/airflow_tutorial/py_env/lib/python3.10/site-packages/airflow/example_dags/example_dataset_alias_with_no_taskflow.py for tasks to queue
[2025-04-18T11:17:48.608+0900] {logging_mixin.py:190} INFO - [2025-04-18T11:17:48.608+0900] {dagbag.py:588} INFO - Filling up the DagBag from /home/kim/airflow_tutorial/py_env/lib/python3.10/site-packages/airflow/example_dags/example_dataset_alias_with_no_taskflow.py
[2025-04-18T11:17:48.623+0900] {processor.py:925} INFO - DAG(s) 'dataset_alias_example_alias_producer_with_no_taskflow', 'dataset_s3_bucket_producer_with_no_taskflow', 'dataset_s3_bucket_consumer_with_no_taskflow', 'dataset_alias_example_alias_consumer_with_no_taskflow' retrieved from /home/kim/airflow_tutorial/py_env/lib/python3.10/site-packages/airflow/example_dags/example_dataset_alias_with_no_taskflow.py
[2025-04-18T11:17:48.634+0900] {logging_mixin.py:190} INFO - [2025-04-18T11:17:48.633+0900] {dag.py:3239} INFO - Sync 4 DAGs
[2025-04-18T11:17:48.645+0900] {logging_mixin.py:190} INFO - [2025-04-18T11:17:48.645+0900] {dag.py:4180} INFO - Setting next_dagrun for dataset_alias_example_alias_consumer_with_no_taskflow to None, run_after=None
[2025-04-18T11:17:48.647+0900] {logging_mixin.py:190} INFO - [2025-04-18T11:17:48.646+0900] {dag.py:4180} INFO - Setting next_dagrun for dataset_alias_example_alias_producer_with_no_taskflow to None, run_after=None
[2025-04-18T11:17:48.647+0900] {logging_mixin.py:190} INFO - [2025-04-18T11:17:48.647+0900] {dag.py:4180} INFO - Setting next_dagrun for dataset_s3_bucket_consumer_with_no_taskflow to None, run_after=None
[2025-04-18T11:17:48.648+0900] {logging_mixin.py:190} INFO - [2025-04-18T11:17:48.647+0900] {dag.py:4180} INFO - Setting next_dagrun for dataset_s3_bucket_producer_with_no_taskflow to None, run_after=None
[2025-04-18T11:17:48.665+0900] {processor.py:208} INFO - Processing /home/kim/airflow_tutorial/py_env/lib/python3.10/site-packages/airflow/example_dags/example_dataset_alias_with_no_taskflow.py took 0.074 seconds
[2025-04-18T11:18:48.716+0900] {processor.py:186} INFO - Started process (PID=640766) to work on /home/kim/airflow_tutorial/py_env/lib/python3.10/site-packages/airflow/example_dags/example_dataset_alias_with_no_taskflow.py
[2025-04-18T11:18:48.718+0900] {processor.py:914} INFO - Processing file /home/kim/airflow_tutorial/py_env/lib/python3.10/site-packages/airflow/example_dags/example_dataset_alias_with_no_taskflow.py for tasks to queue
[2025-04-18T11:18:48.719+0900] {logging_mixin.py:190} INFO - [2025-04-18T11:18:48.719+0900] {dagbag.py:588} INFO - Filling up the DagBag from /home/kim/airflow_tutorial/py_env/lib/python3.10/site-packages/airflow/example_dags/example_dataset_alias_with_no_taskflow.py
[2025-04-18T11:18:48.735+0900] {processor.py:925} INFO - DAG(s) 'dataset_alias_example_alias_consumer_with_no_taskflow', 'dataset_s3_bucket_producer_with_no_taskflow', 'dataset_alias_example_alias_producer_with_no_taskflow', 'dataset_s3_bucket_consumer_with_no_taskflow' retrieved from /home/kim/airflow_tutorial/py_env/lib/python3.10/site-packages/airflow/example_dags/example_dataset_alias_with_no_taskflow.py
[2025-04-18T11:18:48.749+0900] {logging_mixin.py:190} INFO - [2025-04-18T11:18:48.749+0900] {dag.py:3239} INFO - Sync 4 DAGs
[2025-04-18T11:18:48.764+0900] {logging_mixin.py:190} INFO - [2025-04-18T11:18:48.764+0900] {dag.py:4180} INFO - Setting next_dagrun for dataset_alias_example_alias_consumer_with_no_taskflow to None, run_after=None
[2025-04-18T11:18:48.766+0900] {logging_mixin.py:190} INFO - [2025-04-18T11:18:48.766+0900] {dag.py:4180} INFO - Setting next_dagrun for dataset_alias_example_alias_producer_with_no_taskflow to None, run_after=None
[2025-04-18T11:18:48.767+0900] {logging_mixin.py:190} INFO - [2025-04-18T11:18:48.767+0900] {dag.py:4180} INFO - Setting next_dagrun for dataset_s3_bucket_consumer_with_no_taskflow to None, run_after=None
[2025-04-18T11:18:48.768+0900] {logging_mixin.py:190} INFO - [2025-04-18T11:18:48.768+0900] {dag.py:4180} INFO - Setting next_dagrun for dataset_s3_bucket_producer_with_no_taskflow to None, run_after=None
[2025-04-18T11:18:48.788+0900] {processor.py:208} INFO - Processing /home/kim/airflow_tutorial/py_env/lib/python3.10/site-packages/airflow/example_dags/example_dataset_alias_with_no_taskflow.py took 0.076 seconds
[2025-04-18T11:19:44.939+0900] {processor.py:186} INFO - Started process (PID=641052) to work on /home/kim/airflow_tutorial/py_env/lib/python3.10/site-packages/airflow/example_dags/example_dataset_alias_with_no_taskflow.py
[2025-04-18T11:19:44.940+0900] {processor.py:914} INFO - Processing file /home/kim/airflow_tutorial/py_env/lib/python3.10/site-packages/airflow/example_dags/example_dataset_alias_with_no_taskflow.py for tasks to queue
[2025-04-18T11:19:44.942+0900] {logging_mixin.py:190} INFO - [2025-04-18T11:19:44.942+0900] {dagbag.py:588} INFO - Filling up the DagBag from /home/kim/airflow_tutorial/py_env/lib/python3.10/site-packages/airflow/example_dags/example_dataset_alias_with_no_taskflow.py
[2025-04-18T11:19:44.959+0900] {processor.py:925} INFO - DAG(s) 'dataset_alias_example_alias_producer_with_no_taskflow', 'dataset_alias_example_alias_consumer_with_no_taskflow', 'dataset_s3_bucket_consumer_with_no_taskflow', 'dataset_s3_bucket_producer_with_no_taskflow' retrieved from /home/kim/airflow_tutorial/py_env/lib/python3.10/site-packages/airflow/example_dags/example_dataset_alias_with_no_taskflow.py
[2025-04-18T11:19:44.971+0900] {logging_mixin.py:190} INFO - [2025-04-18T11:19:44.971+0900] {dag.py:3239} INFO - Sync 4 DAGs
[2025-04-18T11:19:44.984+0900] {logging_mixin.py:190} INFO - [2025-04-18T11:19:44.984+0900] {dag.py:4180} INFO - Setting next_dagrun for dataset_alias_example_alias_consumer_with_no_taskflow to None, run_after=None
[2025-04-18T11:19:44.985+0900] {logging_mixin.py:190} INFO - [2025-04-18T11:19:44.985+0900] {dag.py:4180} INFO - Setting next_dagrun for dataset_alias_example_alias_producer_with_no_taskflow to None, run_after=None
[2025-04-18T11:19:44.986+0900] {logging_mixin.py:190} INFO - [2025-04-18T11:19:44.986+0900] {dag.py:4180} INFO - Setting next_dagrun for dataset_s3_bucket_consumer_with_no_taskflow to None, run_after=None
[2025-04-18T11:19:44.987+0900] {logging_mixin.py:190} INFO - [2025-04-18T11:19:44.987+0900] {dag.py:4180} INFO - Setting next_dagrun for dataset_s3_bucket_producer_with_no_taskflow to None, run_after=None
[2025-04-18T11:19:45.005+0900] {processor.py:208} INFO - Processing /home/kim/airflow_tutorial/py_env/lib/python3.10/site-packages/airflow/example_dags/example_dataset_alias_with_no_taskflow.py took 0.070 seconds
[2025-04-18T11:20:46.122+0900] {processor.py:186} INFO - Started process (PID=641345) to work on /home/kim/airflow_tutorial/py_env/lib/python3.10/site-packages/airflow/example_dags/example_dataset_alias_with_no_taskflow.py
[2025-04-18T11:20:46.124+0900] {processor.py:914} INFO - Processing file /home/kim/airflow_tutorial/py_env/lib/python3.10/site-packages/airflow/example_dags/example_dataset_alias_with_no_taskflow.py for tasks to queue
[2025-04-18T11:20:46.126+0900] {logging_mixin.py:190} INFO - [2025-04-18T11:20:46.125+0900] {dagbag.py:588} INFO - Filling up the DagBag from /home/kim/airflow_tutorial/py_env/lib/python3.10/site-packages/airflow/example_dags/example_dataset_alias_with_no_taskflow.py
[2025-04-18T11:20:46.143+0900] {processor.py:925} INFO - DAG(s) 'dataset_alias_example_alias_consumer_with_no_taskflow', 'dataset_s3_bucket_producer_with_no_taskflow', 'dataset_s3_bucket_consumer_with_no_taskflow', 'dataset_alias_example_alias_producer_with_no_taskflow' retrieved from /home/kim/airflow_tutorial/py_env/lib/python3.10/site-packages/airflow/example_dags/example_dataset_alias_with_no_taskflow.py
[2025-04-18T11:20:46.157+0900] {logging_mixin.py:190} INFO - [2025-04-18T11:20:46.157+0900] {dag.py:3239} INFO - Sync 4 DAGs
[2025-04-18T11:20:46.171+0900] {logging_mixin.py:190} INFO - [2025-04-18T11:20:46.171+0900] {dag.py:4180} INFO - Setting next_dagrun for dataset_alias_example_alias_consumer_with_no_taskflow to None, run_after=None
[2025-04-18T11:20:46.173+0900] {logging_mixin.py:190} INFO - [2025-04-18T11:20:46.173+0900] {dag.py:4180} INFO - Setting next_dagrun for dataset_alias_example_alias_producer_with_no_taskflow to None, run_after=None
[2025-04-18T11:20:46.173+0900] {logging_mixin.py:190} INFO - [2025-04-18T11:20:46.173+0900] {dag.py:4180} INFO - Setting next_dagrun for dataset_s3_bucket_consumer_with_no_taskflow to None, run_after=None
[2025-04-18T11:20:46.174+0900] {logging_mixin.py:190} INFO - [2025-04-18T11:20:46.174+0900] {dag.py:4180} INFO - Setting next_dagrun for dataset_s3_bucket_producer_with_no_taskflow to None, run_after=None
[2025-04-18T11:20:46.198+0900] {processor.py:208} INFO - Processing /home/kim/airflow_tutorial/py_env/lib/python3.10/site-packages/airflow/example_dags/example_dataset_alias_with_no_taskflow.py took 0.081 seconds
[2025-04-18T11:21:47.355+0900] {processor.py:186} INFO - Started process (PID=641642) to work on /home/kim/airflow_tutorial/py_env/lib/python3.10/site-packages/airflow/example_dags/example_dataset_alias_with_no_taskflow.py
[2025-04-18T11:21:47.357+0900] {processor.py:914} INFO - Processing file /home/kim/airflow_tutorial/py_env/lib/python3.10/site-packages/airflow/example_dags/example_dataset_alias_with_no_taskflow.py for tasks to queue
[2025-04-18T11:21:47.359+0900] {logging_mixin.py:190} INFO - [2025-04-18T11:21:47.358+0900] {dagbag.py:588} INFO - Filling up the DagBag from /home/kim/airflow_tutorial/py_env/lib/python3.10/site-packages/airflow/example_dags/example_dataset_alias_with_no_taskflow.py
[2025-04-18T11:21:47.374+0900] {processor.py:925} INFO - DAG(s) 'dataset_s3_bucket_producer_with_no_taskflow', 'dataset_alias_example_alias_producer_with_no_taskflow', 'dataset_alias_example_alias_consumer_with_no_taskflow', 'dataset_s3_bucket_consumer_with_no_taskflow' retrieved from /home/kim/airflow_tutorial/py_env/lib/python3.10/site-packages/airflow/example_dags/example_dataset_alias_with_no_taskflow.py
[2025-04-18T11:21:47.387+0900] {logging_mixin.py:190} INFO - [2025-04-18T11:21:47.387+0900] {dag.py:3239} INFO - Sync 4 DAGs
[2025-04-18T11:21:47.401+0900] {logging_mixin.py:190} INFO - [2025-04-18T11:21:47.401+0900] {dag.py:4180} INFO - Setting next_dagrun for dataset_alias_example_alias_consumer_with_no_taskflow to None, run_after=None
[2025-04-18T11:21:47.402+0900] {logging_mixin.py:190} INFO - [2025-04-18T11:21:47.402+0900] {dag.py:4180} INFO - Setting next_dagrun for dataset_alias_example_alias_producer_with_no_taskflow to None, run_after=None
[2025-04-18T11:21:47.403+0900] {logging_mixin.py:190} INFO - [2025-04-18T11:21:47.403+0900] {dag.py:4180} INFO - Setting next_dagrun for dataset_s3_bucket_consumer_with_no_taskflow to None, run_after=None
[2025-04-18T11:21:47.404+0900] {logging_mixin.py:190} INFO - [2025-04-18T11:21:47.404+0900] {dag.py:4180} INFO - Setting next_dagrun for dataset_s3_bucket_producer_with_no_taskflow to None, run_after=None
[2025-04-18T11:21:47.420+0900] {processor.py:208} INFO - Processing /home/kim/airflow_tutorial/py_env/lib/python3.10/site-packages/airflow/example_dags/example_dataset_alias_with_no_taskflow.py took 0.070 seconds
[2025-04-18T11:22:48.287+0900] {processor.py:186} INFO - Started process (PID=642097) to work on /home/kim/airflow_tutorial/py_env/lib/python3.10/site-packages/airflow/example_dags/example_dataset_alias_with_no_taskflow.py
[2025-04-18T11:22:48.290+0900] {processor.py:914} INFO - Processing file /home/kim/airflow_tutorial/py_env/lib/python3.10/site-packages/airflow/example_dags/example_dataset_alias_with_no_taskflow.py for tasks to queue
[2025-04-18T11:22:48.292+0900] {logging_mixin.py:190} INFO - [2025-04-18T11:22:48.292+0900] {dagbag.py:588} INFO - Filling up the DagBag from /home/kim/airflow_tutorial/py_env/lib/python3.10/site-packages/airflow/example_dags/example_dataset_alias_with_no_taskflow.py
[2025-04-18T11:22:48.308+0900] {processor.py:925} INFO - DAG(s) 'dataset_s3_bucket_consumer_with_no_taskflow', 'dataset_alias_example_alias_producer_with_no_taskflow', 'dataset_s3_bucket_producer_with_no_taskflow', 'dataset_alias_example_alias_consumer_with_no_taskflow' retrieved from /home/kim/airflow_tutorial/py_env/lib/python3.10/site-packages/airflow/example_dags/example_dataset_alias_with_no_taskflow.py
[2025-04-18T11:22:48.320+0900] {logging_mixin.py:190} INFO - [2025-04-18T11:22:48.320+0900] {dag.py:3239} INFO - Sync 4 DAGs
[2025-04-18T11:22:48.332+0900] {logging_mixin.py:190} INFO - [2025-04-18T11:22:48.332+0900] {dag.py:4180} INFO - Setting next_dagrun for dataset_alias_example_alias_consumer_with_no_taskflow to None, run_after=None
[2025-04-18T11:22:48.334+0900] {logging_mixin.py:190} INFO - [2025-04-18T11:22:48.334+0900] {dag.py:4180} INFO - Setting next_dagrun for dataset_alias_example_alias_producer_with_no_taskflow to None, run_after=None
[2025-04-18T11:22:48.334+0900] {logging_mixin.py:190} INFO - [2025-04-18T11:22:48.334+0900] {dag.py:4180} INFO - Setting next_dagrun for dataset_s3_bucket_consumer_with_no_taskflow to None, run_after=None
[2025-04-18T11:22:48.335+0900] {logging_mixin.py:190} INFO - [2025-04-18T11:22:48.335+0900] {dag.py:4180} INFO - Setting next_dagrun for dataset_s3_bucket_producer_with_no_taskflow to None, run_after=None
[2025-04-18T11:22:48.351+0900] {processor.py:208} INFO - Processing /home/kim/airflow_tutorial/py_env/lib/python3.10/site-packages/airflow/example_dags/example_dataset_alias_with_no_taskflow.py took 0.068 seconds
[2025-04-18T11:23:46.928+0900] {processor.py:186} INFO - Started process (PID=642399) to work on /home/kim/airflow_tutorial/py_env/lib/python3.10/site-packages/airflow/example_dags/example_dataset_alias_with_no_taskflow.py
[2025-04-18T11:23:46.930+0900] {processor.py:914} INFO - Processing file /home/kim/airflow_tutorial/py_env/lib/python3.10/site-packages/airflow/example_dags/example_dataset_alias_with_no_taskflow.py for tasks to queue
[2025-04-18T11:23:46.932+0900] {logging_mixin.py:190} INFO - [2025-04-18T11:23:46.932+0900] {dagbag.py:588} INFO - Filling up the DagBag from /home/kim/airflow_tutorial/py_env/lib/python3.10/site-packages/airflow/example_dags/example_dataset_alias_with_no_taskflow.py
[2025-04-18T11:23:46.951+0900] {processor.py:925} INFO - DAG(s) 'dataset_alias_example_alias_producer_with_no_taskflow', 'dataset_alias_example_alias_consumer_with_no_taskflow', 'dataset_s3_bucket_producer_with_no_taskflow', 'dataset_s3_bucket_consumer_with_no_taskflow' retrieved from /home/kim/airflow_tutorial/py_env/lib/python3.10/site-packages/airflow/example_dags/example_dataset_alias_with_no_taskflow.py
[2025-04-18T11:23:46.964+0900] {logging_mixin.py:190} INFO - [2025-04-18T11:23:46.964+0900] {dag.py:3239} INFO - Sync 4 DAGs
[2025-04-18T11:23:46.979+0900] {logging_mixin.py:190} INFO - [2025-04-18T11:23:46.979+0900] {dag.py:4180} INFO - Setting next_dagrun for dataset_alias_example_alias_consumer_with_no_taskflow to None, run_after=None
[2025-04-18T11:23:46.981+0900] {logging_mixin.py:190} INFO - [2025-04-18T11:23:46.981+0900] {dag.py:4180} INFO - Setting next_dagrun for dataset_alias_example_alias_producer_with_no_taskflow to None, run_after=None
[2025-04-18T11:23:46.982+0900] {logging_mixin.py:190} INFO - [2025-04-18T11:23:46.982+0900] {dag.py:4180} INFO - Setting next_dagrun for dataset_s3_bucket_consumer_with_no_taskflow to None, run_after=None
[2025-04-18T11:23:46.983+0900] {logging_mixin.py:190} INFO - [2025-04-18T11:23:46.983+0900] {dag.py:4180} INFO - Setting next_dagrun for dataset_s3_bucket_producer_with_no_taskflow to None, run_after=None
[2025-04-18T11:23:47.001+0900] {processor.py:208} INFO - Processing /home/kim/airflow_tutorial/py_env/lib/python3.10/site-packages/airflow/example_dags/example_dataset_alias_with_no_taskflow.py took 0.079 seconds
[2025-04-18T11:24:47.246+0900] {processor.py:186} INFO - Started process (PID=642750) to work on /home/kim/airflow_tutorial/py_env/lib/python3.10/site-packages/airflow/example_dags/example_dataset_alias_with_no_taskflow.py
[2025-04-18T11:24:47.249+0900] {processor.py:914} INFO - Processing file /home/kim/airflow_tutorial/py_env/lib/python3.10/site-packages/airflow/example_dags/example_dataset_alias_with_no_taskflow.py for tasks to queue
[2025-04-18T11:24:47.251+0900] {logging_mixin.py:190} INFO - [2025-04-18T11:24:47.250+0900] {dagbag.py:588} INFO - Filling up the DagBag from /home/kim/airflow_tutorial/py_env/lib/python3.10/site-packages/airflow/example_dags/example_dataset_alias_with_no_taskflow.py
[2025-04-18T11:24:47.268+0900] {processor.py:925} INFO - DAG(s) 'dataset_s3_bucket_producer_with_no_taskflow', 'dataset_alias_example_alias_producer_with_no_taskflow', 'dataset_s3_bucket_consumer_with_no_taskflow', 'dataset_alias_example_alias_consumer_with_no_taskflow' retrieved from /home/kim/airflow_tutorial/py_env/lib/python3.10/site-packages/airflow/example_dags/example_dataset_alias_with_no_taskflow.py
[2025-04-18T11:24:47.281+0900] {logging_mixin.py:190} INFO - [2025-04-18T11:24:47.280+0900] {dag.py:3239} INFO - Sync 4 DAGs
[2025-04-18T11:24:47.294+0900] {logging_mixin.py:190} INFO - [2025-04-18T11:24:47.294+0900] {dag.py:4180} INFO - Setting next_dagrun for dataset_alias_example_alias_consumer_with_no_taskflow to None, run_after=None
[2025-04-18T11:24:47.295+0900] {logging_mixin.py:190} INFO - [2025-04-18T11:24:47.295+0900] {dag.py:4180} INFO - Setting next_dagrun for dataset_alias_example_alias_producer_with_no_taskflow to None, run_after=None
[2025-04-18T11:24:47.296+0900] {logging_mixin.py:190} INFO - [2025-04-18T11:24:47.296+0900] {dag.py:4180} INFO - Setting next_dagrun for dataset_s3_bucket_consumer_with_no_taskflow to None, run_after=None
[2025-04-18T11:24:47.296+0900] {logging_mixin.py:190} INFO - [2025-04-18T11:24:47.296+0900] {dag.py:4180} INFO - Setting next_dagrun for dataset_s3_bucket_producer_with_no_taskflow to None, run_after=None
[2025-04-18T11:24:47.313+0900] {processor.py:208} INFO - Processing /home/kim/airflow_tutorial/py_env/lib/python3.10/site-packages/airflow/example_dags/example_dataset_alias_with_no_taskflow.py took 0.072 seconds
[2025-04-18T12:03:13.760+0900] {processor.py:186} INFO - Started process (PID=651876) to work on /home/kim/airflow_tutorial/py_env/lib/python3.10/site-packages/airflow/example_dags/example_dataset_alias_with_no_taskflow.py
[2025-04-18T12:03:13.761+0900] {processor.py:914} INFO - Processing file /home/kim/airflow_tutorial/py_env/lib/python3.10/site-packages/airflow/example_dags/example_dataset_alias_with_no_taskflow.py for tasks to queue
[2025-04-18T12:03:13.763+0900] {logging_mixin.py:190} INFO - [2025-04-18T12:03:13.762+0900] {dagbag.py:588} INFO - Filling up the DagBag from /home/kim/airflow_tutorial/py_env/lib/python3.10/site-packages/airflow/example_dags/example_dataset_alias_with_no_taskflow.py
[2025-04-18T12:03:13.785+0900] {processor.py:925} INFO - DAG(s) 'dataset_s3_bucket_producer_with_no_taskflow', 'dataset_alias_example_alias_producer_with_no_taskflow', 'dataset_s3_bucket_consumer_with_no_taskflow', 'dataset_alias_example_alias_consumer_with_no_taskflow' retrieved from /home/kim/airflow_tutorial/py_env/lib/python3.10/site-packages/airflow/example_dags/example_dataset_alias_with_no_taskflow.py
[2025-04-18T12:03:13.856+0900] {logging_mixin.py:190} INFO - [2025-04-18T12:03:13.855+0900] {override.py:1912} INFO - Created Permission View: can read on DAG:dataset_s3_bucket_producer_with_no_taskflow
[2025-04-18T12:03:13.866+0900] {logging_mixin.py:190} INFO - [2025-04-18T12:03:13.866+0900] {override.py:1912} INFO - Created Permission View: can edit on DAG:dataset_s3_bucket_producer_with_no_taskflow
[2025-04-18T12:03:13.874+0900] {logging_mixin.py:190} INFO - [2025-04-18T12:03:13.874+0900] {override.py:1912} INFO - Created Permission View: can delete on DAG:dataset_s3_bucket_producer_with_no_taskflow
[2025-04-18T12:03:13.883+0900] {logging_mixin.py:190} INFO - [2025-04-18T12:03:13.883+0900] {override.py:1912} INFO - Created Permission View: can read on DAG Run:dataset_s3_bucket_producer_with_no_taskflow
[2025-04-18T12:03:13.892+0900] {logging_mixin.py:190} INFO - [2025-04-18T12:03:13.891+0900] {override.py:1912} INFO - Created Permission View: can create on DAG Run:dataset_s3_bucket_producer_with_no_taskflow
[2025-04-18T12:03:13.901+0900] {logging_mixin.py:190} INFO - [2025-04-18T12:03:13.900+0900] {override.py:1912} INFO - Created Permission View: menu access on DAG Run:dataset_s3_bucket_producer_with_no_taskflow
[2025-04-18T12:03:13.909+0900] {logging_mixin.py:190} INFO - [2025-04-18T12:03:13.908+0900] {override.py:1912} INFO - Created Permission View: can delete on DAG Run:dataset_s3_bucket_producer_with_no_taskflow
[2025-04-18T12:03:13.925+0900] {logging_mixin.py:190} INFO - [2025-04-18T12:03:13.924+0900] {override.py:1912} INFO - Created Permission View: can read on DAG:dataset_alias_example_alias_producer_with_no_taskflow
[2025-04-18T12:03:13.933+0900] {logging_mixin.py:190} INFO - [2025-04-18T12:03:13.933+0900] {override.py:1912} INFO - Created Permission View: can edit on DAG:dataset_alias_example_alias_producer_with_no_taskflow
[2025-04-18T12:03:13.940+0900] {logging_mixin.py:190} INFO - [2025-04-18T12:03:13.940+0900] {override.py:1912} INFO - Created Permission View: can delete on DAG:dataset_alias_example_alias_producer_with_no_taskflow
[2025-04-18T12:03:13.951+0900] {logging_mixin.py:190} INFO - [2025-04-18T12:03:13.950+0900] {override.py:1912} INFO - Created Permission View: can read on DAG Run:dataset_alias_example_alias_producer_with_no_taskflow
[2025-04-18T12:03:13.958+0900] {logging_mixin.py:190} INFO - [2025-04-18T12:03:13.957+0900] {override.py:1912} INFO - Created Permission View: can create on DAG Run:dataset_alias_example_alias_producer_with_no_taskflow
[2025-04-18T12:03:13.964+0900] {logging_mixin.py:190} INFO - [2025-04-18T12:03:13.964+0900] {override.py:1912} INFO - Created Permission View: menu access on DAG Run:dataset_alias_example_alias_producer_with_no_taskflow
[2025-04-18T12:03:13.971+0900] {logging_mixin.py:190} INFO - [2025-04-18T12:03:13.971+0900] {override.py:1912} INFO - Created Permission View: can delete on DAG Run:dataset_alias_example_alias_producer_with_no_taskflow
[2025-04-18T12:03:13.986+0900] {logging_mixin.py:190} INFO - [2025-04-18T12:03:13.985+0900] {override.py:1912} INFO - Created Permission View: can read on DAG:dataset_s3_bucket_consumer_with_no_taskflow
[2025-04-18T12:03:13.994+0900] {logging_mixin.py:190} INFO - [2025-04-18T12:03:13.994+0900] {override.py:1912} INFO - Created Permission View: can edit on DAG:dataset_s3_bucket_consumer_with_no_taskflow
[2025-04-18T12:03:14.003+0900] {logging_mixin.py:190} INFO - [2025-04-18T12:03:14.002+0900] {override.py:1912} INFO - Created Permission View: can delete on DAG:dataset_s3_bucket_consumer_with_no_taskflow
[2025-04-18T12:03:14.011+0900] {logging_mixin.py:190} INFO - [2025-04-18T12:03:14.011+0900] {override.py:1912} INFO - Created Permission View: can read on DAG Run:dataset_s3_bucket_consumer_with_no_taskflow
[2025-04-18T12:03:14.018+0900] {logging_mixin.py:190} INFO - [2025-04-18T12:03:14.018+0900] {override.py:1912} INFO - Created Permission View: can create on DAG Run:dataset_s3_bucket_consumer_with_no_taskflow
[2025-04-18T12:03:14.026+0900] {logging_mixin.py:190} INFO - [2025-04-18T12:03:14.025+0900] {override.py:1912} INFO - Created Permission View: menu access on DAG Run:dataset_s3_bucket_consumer_with_no_taskflow
[2025-04-18T12:03:14.033+0900] {logging_mixin.py:190} INFO - [2025-04-18T12:03:14.033+0900] {override.py:1912} INFO - Created Permission View: can delete on DAG Run:dataset_s3_bucket_consumer_with_no_taskflow
[2025-04-18T12:03:14.049+0900] {logging_mixin.py:190} INFO - [2025-04-18T12:03:14.048+0900] {override.py:1912} INFO - Created Permission View: can read on DAG:dataset_alias_example_alias_consumer_with_no_taskflow
[2025-04-18T12:03:14.059+0900] {logging_mixin.py:190} INFO - [2025-04-18T12:03:14.059+0900] {override.py:1912} INFO - Created Permission View: can edit on DAG:dataset_alias_example_alias_consumer_with_no_taskflow
[2025-04-18T12:03:14.069+0900] {logging_mixin.py:190} INFO - [2025-04-18T12:03:14.069+0900] {override.py:1912} INFO - Created Permission View: can delete on DAG:dataset_alias_example_alias_consumer_with_no_taskflow
[2025-04-18T12:03:14.080+0900] {logging_mixin.py:190} INFO - [2025-04-18T12:03:14.079+0900] {override.py:1912} INFO - Created Permission View: can read on DAG Run:dataset_alias_example_alias_consumer_with_no_taskflow
[2025-04-18T12:03:14.089+0900] {logging_mixin.py:190} INFO - [2025-04-18T12:03:14.088+0900] {override.py:1912} INFO - Created Permission View: can create on DAG Run:dataset_alias_example_alias_consumer_with_no_taskflow
[2025-04-18T12:03:14.098+0900] {logging_mixin.py:190} INFO - [2025-04-18T12:03:14.098+0900] {override.py:1912} INFO - Created Permission View: menu access on DAG Run:dataset_alias_example_alias_consumer_with_no_taskflow
[2025-04-18T12:03:14.106+0900] {logging_mixin.py:190} INFO - [2025-04-18T12:03:14.105+0900] {override.py:1912} INFO - Created Permission View: can delete on DAG Run:dataset_alias_example_alias_consumer_with_no_taskflow
[2025-04-18T12:03:14.106+0900] {logging_mixin.py:190} INFO - [2025-04-18T12:03:14.106+0900] {dag.py:3239} INFO - Sync 4 DAGs
[2025-04-18T12:03:14.116+0900] {logging_mixin.py:190} INFO - [2025-04-18T12:03:14.116+0900] {dag.py:3262} INFO - Creating ORM DAG for dataset_s3_bucket_producer_with_no_taskflow
[2025-04-18T12:03:14.117+0900] {logging_mixin.py:190} INFO - [2025-04-18T12:03:14.117+0900] {dag.py:3262} INFO - Creating ORM DAG for dataset_alias_example_alias_producer_with_no_taskflow
[2025-04-18T12:03:14.117+0900] {logging_mixin.py:190} INFO - [2025-04-18T12:03:14.117+0900] {dag.py:3262} INFO - Creating ORM DAG for dataset_alias_example_alias_consumer_with_no_taskflow
[2025-04-18T12:03:14.117+0900] {logging_mixin.py:190} INFO - [2025-04-18T12:03:14.117+0900] {dag.py:3262} INFO - Creating ORM DAG for dataset_s3_bucket_consumer_with_no_taskflow
[2025-04-18T12:03:14.124+0900] {logging_mixin.py:190} INFO - [2025-04-18T12:03:14.124+0900] {dag.py:4180} INFO - Setting next_dagrun for dataset_alias_example_alias_consumer_with_no_taskflow to None, run_after=None
[2025-04-18T12:03:14.125+0900] {logging_mixin.py:190} INFO - [2025-04-18T12:03:14.125+0900] {dag.py:4180} INFO - Setting next_dagrun for dataset_alias_example_alias_producer_with_no_taskflow to None, run_after=None
[2025-04-18T12:03:14.125+0900] {logging_mixin.py:190} INFO - [2025-04-18T12:03:14.125+0900] {dag.py:4180} INFO - Setting next_dagrun for dataset_s3_bucket_consumer_with_no_taskflow to None, run_after=None
[2025-04-18T12:03:14.126+0900] {logging_mixin.py:190} INFO - [2025-04-18T12:03:14.126+0900] {dag.py:4180} INFO - Setting next_dagrun for dataset_s3_bucket_producer_with_no_taskflow to None, run_after=None
[2025-04-18T12:03:14.158+0900] {processor.py:208} INFO - Processing /home/kim/airflow_tutorial/py_env/lib/python3.10/site-packages/airflow/example_dags/example_dataset_alias_with_no_taskflow.py took 0.404 seconds
[2025-04-18T12:05:19.625+0900] {processor.py:186} INFO - Started process (PID=653706) to work on /home/kim/airflow_tutorial/py_env/lib/python3.10/site-packages/airflow/example_dags/example_dataset_alias_with_no_taskflow.py
[2025-04-18T12:05:19.627+0900] {processor.py:914} INFO - Processing file /home/kim/airflow_tutorial/py_env/lib/python3.10/site-packages/airflow/example_dags/example_dataset_alias_with_no_taskflow.py for tasks to queue
[2025-04-18T12:05:19.629+0900] {logging_mixin.py:190} INFO - [2025-04-18T12:05:19.628+0900] {dagbag.py:588} INFO - Filling up the DagBag from /home/kim/airflow_tutorial/py_env/lib/python3.10/site-packages/airflow/example_dags/example_dataset_alias_with_no_taskflow.py
[2025-04-18T12:05:19.661+0900] {processor.py:925} INFO - DAG(s) 'dataset_alias_example_alias_producer_with_no_taskflow', 'dataset_alias_example_alias_consumer_with_no_taskflow', 'dataset_s3_bucket_consumer_with_no_taskflow', 'dataset_s3_bucket_producer_with_no_taskflow' retrieved from /home/kim/airflow_tutorial/py_env/lib/python3.10/site-packages/airflow/example_dags/example_dataset_alias_with_no_taskflow.py
[2025-04-18T12:05:19.687+0900] {logging_mixin.py:190} INFO - [2025-04-18T12:05:19.687+0900] {dag.py:3239} INFO - Sync 4 DAGs
[2025-04-18T12:05:19.709+0900] {logging_mixin.py:190} INFO - [2025-04-18T12:05:19.709+0900] {dag.py:4180} INFO - Setting next_dagrun for dataset_alias_example_alias_consumer_with_no_taskflow to None, run_after=None
[2025-04-18T12:05:19.712+0900] {logging_mixin.py:190} INFO - [2025-04-18T12:05:19.712+0900] {dag.py:4180} INFO - Setting next_dagrun for dataset_alias_example_alias_producer_with_no_taskflow to None, run_after=None
[2025-04-18T12:05:19.713+0900] {logging_mixin.py:190} INFO - [2025-04-18T12:05:19.713+0900] {dag.py:4180} INFO - Setting next_dagrun for dataset_s3_bucket_consumer_with_no_taskflow to None, run_after=None
[2025-04-18T12:05:19.715+0900] {logging_mixin.py:190} INFO - [2025-04-18T12:05:19.715+0900] {dag.py:4180} INFO - Setting next_dagrun for dataset_s3_bucket_producer_with_no_taskflow to None, run_after=None
[2025-04-18T12:05:19.754+0900] {processor.py:208} INFO - Processing /home/kim/airflow_tutorial/py_env/lib/python3.10/site-packages/airflow/example_dags/example_dataset_alias_with_no_taskflow.py took 0.122 seconds
[2025-04-18T12:05:50.615+0900] {processor.py:186} INFO - Started process (PID=654184) to work on /home/kim/airflow_tutorial/py_env/lib/python3.10/site-packages/airflow/example_dags/example_dataset_alias_with_no_taskflow.py
[2025-04-18T12:05:50.616+0900] {processor.py:914} INFO - Processing file /home/kim/airflow_tutorial/py_env/lib/python3.10/site-packages/airflow/example_dags/example_dataset_alias_with_no_taskflow.py for tasks to queue
[2025-04-18T12:05:50.617+0900] {logging_mixin.py:190} INFO - [2025-04-18T12:05:50.617+0900] {dagbag.py:588} INFO - Filling up the DagBag from /home/kim/airflow_tutorial/py_env/lib/python3.10/site-packages/airflow/example_dags/example_dataset_alias_with_no_taskflow.py
[2025-04-18T12:05:50.643+0900] {processor.py:925} INFO - DAG(s) 'dataset_s3_bucket_consumer_with_no_taskflow', 'dataset_s3_bucket_producer_with_no_taskflow', 'dataset_alias_example_alias_producer_with_no_taskflow', 'dataset_alias_example_alias_consumer_with_no_taskflow' retrieved from /home/kim/airflow_tutorial/py_env/lib/python3.10/site-packages/airflow/example_dags/example_dataset_alias_with_no_taskflow.py
[2025-04-18T12:05:50.662+0900] {logging_mixin.py:190} INFO - [2025-04-18T12:05:50.662+0900] {dag.py:3239} INFO - Sync 4 DAGs
[2025-04-18T12:05:50.681+0900] {logging_mixin.py:190} INFO - [2025-04-18T12:05:50.681+0900] {dag.py:4180} INFO - Setting next_dagrun for dataset_alias_example_alias_consumer_with_no_taskflow to None, run_after=None
[2025-04-18T12:05:50.684+0900] {logging_mixin.py:190} INFO - [2025-04-18T12:05:50.684+0900] {dag.py:4180} INFO - Setting next_dagrun for dataset_alias_example_alias_producer_with_no_taskflow to None, run_after=None
[2025-04-18T12:05:50.685+0900] {logging_mixin.py:190} INFO - [2025-04-18T12:05:50.685+0900] {dag.py:4180} INFO - Setting next_dagrun for dataset_s3_bucket_consumer_with_no_taskflow to None, run_after=None
[2025-04-18T12:05:50.686+0900] {logging_mixin.py:190} INFO - [2025-04-18T12:05:50.686+0900] {dag.py:4180} INFO - Setting next_dagrun for dataset_s3_bucket_producer_with_no_taskflow to None, run_after=None
[2025-04-18T12:05:50.710+0900] {processor.py:208} INFO - Processing /home/kim/airflow_tutorial/py_env/lib/python3.10/site-packages/airflow/example_dags/example_dataset_alias_with_no_taskflow.py took 0.100 seconds
[2025-04-18T12:06:21.102+0900] {processor.py:186} INFO - Started process (PID=654563) to work on /home/kim/airflow_tutorial/py_env/lib/python3.10/site-packages/airflow/example_dags/example_dataset_alias_with_no_taskflow.py
[2025-04-18T12:06:21.103+0900] {processor.py:914} INFO - Processing file /home/kim/airflow_tutorial/py_env/lib/python3.10/site-packages/airflow/example_dags/example_dataset_alias_with_no_taskflow.py for tasks to queue
[2025-04-18T12:06:21.105+0900] {logging_mixin.py:190} INFO - [2025-04-18T12:06:21.104+0900] {dagbag.py:588} INFO - Filling up the DagBag from /home/kim/airflow_tutorial/py_env/lib/python3.10/site-packages/airflow/example_dags/example_dataset_alias_with_no_taskflow.py
[2025-04-18T12:06:21.138+0900] {processor.py:925} INFO - DAG(s) 'dataset_s3_bucket_producer_with_no_taskflow', 'dataset_alias_example_alias_consumer_with_no_taskflow', 'dataset_s3_bucket_consumer_with_no_taskflow', 'dataset_alias_example_alias_producer_with_no_taskflow' retrieved from /home/kim/airflow_tutorial/py_env/lib/python3.10/site-packages/airflow/example_dags/example_dataset_alias_with_no_taskflow.py
[2025-04-18T12:06:21.170+0900] {logging_mixin.py:190} INFO - [2025-04-18T12:06:21.169+0900] {dag.py:3239} INFO - Sync 4 DAGs
[2025-04-18T12:06:21.193+0900] {logging_mixin.py:190} INFO - [2025-04-18T12:06:21.193+0900] {dag.py:4180} INFO - Setting next_dagrun for dataset_alias_example_alias_consumer_with_no_taskflow to None, run_after=None
[2025-04-18T12:06:21.198+0900] {logging_mixin.py:190} INFO - [2025-04-18T12:06:21.198+0900] {dag.py:4180} INFO - Setting next_dagrun for dataset_alias_example_alias_producer_with_no_taskflow to None, run_after=None
[2025-04-18T12:06:21.200+0900] {logging_mixin.py:190} INFO - [2025-04-18T12:06:21.199+0900] {dag.py:4180} INFO - Setting next_dagrun for dataset_s3_bucket_consumer_with_no_taskflow to None, run_after=None
[2025-04-18T12:06:21.201+0900] {logging_mixin.py:190} INFO - [2025-04-18T12:06:21.201+0900] {dag.py:4180} INFO - Setting next_dagrun for dataset_s3_bucket_producer_with_no_taskflow to None, run_after=None
[2025-04-18T12:06:21.229+0900] {processor.py:208} INFO - Processing /home/kim/airflow_tutorial/py_env/lib/python3.10/site-packages/airflow/example_dags/example_dataset_alias_with_no_taskflow.py took 0.134 seconds
