[2025-04-18T11:13:33.413+0900] {processor.py:186} INFO - Started process (PID=637857) to work on /home/kim/airflow_tutorial/py_env/lib/python3.10/site-packages/airflow/example_dags/example_python_operator.py
[2025-04-18T11:13:33.414+0900] {processor.py:914} INFO - Processing file /home/kim/airflow_tutorial/py_env/lib/python3.10/site-packages/airflow/example_dags/example_python_operator.py for tasks to queue
[2025-04-18T11:13:33.415+0900] {logging_mixin.py:190} INFO - [2025-04-18T11:13:33.415+0900] {dagbag.py:588} INFO - Filling up the DagBag from /home/kim/airflow_tutorial/py_env/lib/python3.10/site-packages/airflow/example_dags/example_python_operator.py
[2025-04-18T11:13:33.424+0900] {processor.py:925} INFO - DAG(s) 'example_python_operator' retrieved from /home/kim/airflow_tutorial/py_env/lib/python3.10/site-packages/airflow/example_dags/example_python_operator.py
[2025-04-18T11:13:33.504+0900] {logging_mixin.py:190} INFO - [2025-04-18T11:13:33.503+0900] {override.py:1912} INFO - Created Permission View: can delete on DAG:example_python_operator
[2025-04-18T11:13:33.513+0900] {logging_mixin.py:190} INFO - [2025-04-18T11:13:33.512+0900] {override.py:1912} INFO - Created Permission View: can edit on DAG:example_python_operator
[2025-04-18T11:13:33.520+0900] {logging_mixin.py:190} INFO - [2025-04-18T11:13:33.520+0900] {override.py:1912} INFO - Created Permission View: can read on DAG:example_python_operator
[2025-04-18T11:13:33.532+0900] {logging_mixin.py:190} INFO - [2025-04-18T11:13:33.531+0900] {override.py:1912} INFO - Created Permission View: can delete on DAG Run:example_python_operator
[2025-04-18T11:13:33.539+0900] {logging_mixin.py:190} INFO - [2025-04-18T11:13:33.539+0900] {override.py:1912} INFO - Created Permission View: can create on DAG Run:example_python_operator
[2025-04-18T11:13:33.546+0900] {logging_mixin.py:190} INFO - [2025-04-18T11:13:33.545+0900] {override.py:1912} INFO - Created Permission View: menu access on DAG Run:example_python_operator
[2025-04-18T11:13:33.553+0900] {logging_mixin.py:190} INFO - [2025-04-18T11:13:33.553+0900] {override.py:1912} INFO - Created Permission View: can read on DAG Run:example_python_operator
[2025-04-18T11:13:33.554+0900] {logging_mixin.py:190} INFO - [2025-04-18T11:13:33.553+0900] {dag.py:3239} INFO - Sync 1 DAGs
[2025-04-18T11:13:33.561+0900] {logging_mixin.py:190} INFO - [2025-04-18T11:13:33.561+0900] {dag.py:3262} INFO - Creating ORM DAG for example_python_operator
[2025-04-18T11:13:33.562+0900] {logging_mixin.py:190} INFO - [2025-04-18T11:13:33.562+0900] {dag.py:4180} INFO - Setting next_dagrun for example_python_operator to None, run_after=None
[2025-04-18T11:13:33.579+0900] {processor.py:208} INFO - Processing /home/kim/airflow_tutorial/py_env/lib/python3.10/site-packages/airflow/example_dags/example_python_operator.py took 0.171 seconds
[2025-04-18T11:14:36.079+0900] {processor.py:186} INFO - Started process (PID=638250) to work on /home/kim/airflow_tutorial/py_env/lib/python3.10/site-packages/airflow/example_dags/example_python_operator.py
[2025-04-18T11:14:36.081+0900] {processor.py:914} INFO - Processing file /home/kim/airflow_tutorial/py_env/lib/python3.10/site-packages/airflow/example_dags/example_python_operator.py for tasks to queue
[2025-04-18T11:14:36.083+0900] {logging_mixin.py:190} INFO - [2025-04-18T11:14:36.082+0900] {dagbag.py:588} INFO - Filling up the DagBag from /home/kim/airflow_tutorial/py_env/lib/python3.10/site-packages/airflow/example_dags/example_python_operator.py
[2025-04-18T11:14:36.094+0900] {processor.py:925} INFO - DAG(s) 'example_python_operator' retrieved from /home/kim/airflow_tutorial/py_env/lib/python3.10/site-packages/airflow/example_dags/example_python_operator.py
[2025-04-18T11:14:36.106+0900] {logging_mixin.py:190} INFO - [2025-04-18T11:14:36.106+0900] {dag.py:3239} INFO - Sync 1 DAGs
[2025-04-18T11:14:36.115+0900] {logging_mixin.py:190} INFO - [2025-04-18T11:14:36.115+0900] {dag.py:4180} INFO - Setting next_dagrun for example_python_operator to None, run_after=None
[2025-04-18T11:14:36.131+0900] {processor.py:208} INFO - Processing /home/kim/airflow_tutorial/py_env/lib/python3.10/site-packages/airflow/example_dags/example_python_operator.py took 0.056 seconds
[2025-04-18T11:15:35.628+0900] {processor.py:186} INFO - Started process (PID=638770) to work on /home/kim/airflow_tutorial/py_env/lib/python3.10/site-packages/airflow/example_dags/example_python_operator.py
[2025-04-18T11:15:35.631+0900] {processor.py:914} INFO - Processing file /home/kim/airflow_tutorial/py_env/lib/python3.10/site-packages/airflow/example_dags/example_python_operator.py for tasks to queue
[2025-04-18T11:15:35.633+0900] {logging_mixin.py:190} INFO - [2025-04-18T11:15:35.633+0900] {dagbag.py:588} INFO - Filling up the DagBag from /home/kim/airflow_tutorial/py_env/lib/python3.10/site-packages/airflow/example_dags/example_python_operator.py
[2025-04-18T11:15:35.646+0900] {processor.py:925} INFO - DAG(s) 'example_python_operator' retrieved from /home/kim/airflow_tutorial/py_env/lib/python3.10/site-packages/airflow/example_dags/example_python_operator.py
[2025-04-18T11:15:35.661+0900] {logging_mixin.py:190} INFO - [2025-04-18T11:15:35.660+0900] {dag.py:3239} INFO - Sync 1 DAGs
[2025-04-18T11:15:35.672+0900] {logging_mixin.py:190} INFO - [2025-04-18T11:15:35.672+0900] {dag.py:4180} INFO - Setting next_dagrun for example_python_operator to None, run_after=None
[2025-04-18T11:15:35.689+0900] {processor.py:208} INFO - Processing /home/kim/airflow_tutorial/py_env/lib/python3.10/site-packages/airflow/example_dags/example_python_operator.py took 0.069 seconds
[2025-04-18T11:16:34.861+0900] {processor.py:186} INFO - Started process (PID=639369) to work on /home/kim/airflow_tutorial/py_env/lib/python3.10/site-packages/airflow/example_dags/example_python_operator.py
[2025-04-18T11:16:34.863+0900] {processor.py:914} INFO - Processing file /home/kim/airflow_tutorial/py_env/lib/python3.10/site-packages/airflow/example_dags/example_python_operator.py for tasks to queue
[2025-04-18T11:16:34.865+0900] {logging_mixin.py:190} INFO - [2025-04-18T11:16:34.865+0900] {dagbag.py:588} INFO - Filling up the DagBag from /home/kim/airflow_tutorial/py_env/lib/python3.10/site-packages/airflow/example_dags/example_python_operator.py
[2025-04-18T11:16:34.875+0900] {processor.py:925} INFO - DAG(s) 'example_python_operator' retrieved from /home/kim/airflow_tutorial/py_env/lib/python3.10/site-packages/airflow/example_dags/example_python_operator.py
[2025-04-18T11:16:35.857+0900] {logging_mixin.py:190} INFO - [2025-04-18T11:16:35.857+0900] {dag.py:3239} INFO - Sync 1 DAGs
[2025-04-18T11:16:35.868+0900] {logging_mixin.py:190} INFO - [2025-04-18T11:16:35.867+0900] {dag.py:4180} INFO - Setting next_dagrun for example_python_operator to None, run_after=None
[2025-04-18T11:16:35.884+0900] {processor.py:208} INFO - Processing /home/kim/airflow_tutorial/py_env/lib/python3.10/site-packages/airflow/example_dags/example_python_operator.py took 0.063 seconds
[2025-04-18T11:17:35.894+0900] {processor.py:186} INFO - Started process (PID=640058) to work on /home/kim/airflow_tutorial/py_env/lib/python3.10/site-packages/airflow/example_dags/example_python_operator.py
[2025-04-18T11:17:35.897+0900] {processor.py:914} INFO - Processing file /home/kim/airflow_tutorial/py_env/lib/python3.10/site-packages/airflow/example_dags/example_python_operator.py for tasks to queue
[2025-04-18T11:17:35.899+0900] {logging_mixin.py:190} INFO - [2025-04-18T11:17:35.898+0900] {dagbag.py:588} INFO - Filling up the DagBag from /home/kim/airflow_tutorial/py_env/lib/python3.10/site-packages/airflow/example_dags/example_python_operator.py
[2025-04-18T11:17:35.908+0900] {processor.py:925} INFO - DAG(s) 'example_python_operator' retrieved from /home/kim/airflow_tutorial/py_env/lib/python3.10/site-packages/airflow/example_dags/example_python_operator.py
[2025-04-18T11:17:35.920+0900] {logging_mixin.py:190} INFO - [2025-04-18T11:17:35.920+0900] {dag.py:3239} INFO - Sync 1 DAGs
[2025-04-18T11:17:35.929+0900] {logging_mixin.py:190} INFO - [2025-04-18T11:17:35.929+0900] {dag.py:4180} INFO - Setting next_dagrun for example_python_operator to None, run_after=None
[2025-04-18T11:17:35.945+0900] {processor.py:208} INFO - Processing /home/kim/airflow_tutorial/py_env/lib/python3.10/site-packages/airflow/example_dags/example_python_operator.py took 0.055 seconds
[2025-04-18T11:18:37.099+0900] {processor.py:186} INFO - Started process (PID=640726) to work on /home/kim/airflow_tutorial/py_env/lib/python3.10/site-packages/airflow/example_dags/example_python_operator.py
[2025-04-18T11:18:37.102+0900] {processor.py:914} INFO - Processing file /home/kim/airflow_tutorial/py_env/lib/python3.10/site-packages/airflow/example_dags/example_python_operator.py for tasks to queue
[2025-04-18T11:18:37.104+0900] {logging_mixin.py:190} INFO - [2025-04-18T11:18:37.103+0900] {dagbag.py:588} INFO - Filling up the DagBag from /home/kim/airflow_tutorial/py_env/lib/python3.10/site-packages/airflow/example_dags/example_python_operator.py
[2025-04-18T11:18:37.113+0900] {processor.py:925} INFO - DAG(s) 'example_python_operator' retrieved from /home/kim/airflow_tutorial/py_env/lib/python3.10/site-packages/airflow/example_dags/example_python_operator.py
[2025-04-18T11:18:37.125+0900] {logging_mixin.py:190} INFO - [2025-04-18T11:18:37.125+0900] {dag.py:3239} INFO - Sync 1 DAGs
[2025-04-18T11:18:37.134+0900] {logging_mixin.py:190} INFO - [2025-04-18T11:18:37.134+0900] {dag.py:4180} INFO - Setting next_dagrun for example_python_operator to None, run_after=None
[2025-04-18T11:18:37.149+0900] {processor.py:208} INFO - Processing /home/kim/airflow_tutorial/py_env/lib/python3.10/site-packages/airflow/example_dags/example_python_operator.py took 0.054 seconds
[2025-04-18T11:19:35.650+0900] {processor.py:186} INFO - Started process (PID=641012) to work on /home/kim/airflow_tutorial/py_env/lib/python3.10/site-packages/airflow/example_dags/example_python_operator.py
[2025-04-18T11:19:35.652+0900] {processor.py:914} INFO - Processing file /home/kim/airflow_tutorial/py_env/lib/python3.10/site-packages/airflow/example_dags/example_python_operator.py for tasks to queue
[2025-04-18T11:19:35.654+0900] {logging_mixin.py:190} INFO - [2025-04-18T11:19:35.654+0900] {dagbag.py:588} INFO - Filling up the DagBag from /home/kim/airflow_tutorial/py_env/lib/python3.10/site-packages/airflow/example_dags/example_python_operator.py
[2025-04-18T11:19:35.663+0900] {processor.py:925} INFO - DAG(s) 'example_python_operator' retrieved from /home/kim/airflow_tutorial/py_env/lib/python3.10/site-packages/airflow/example_dags/example_python_operator.py
[2025-04-18T11:19:35.676+0900] {logging_mixin.py:190} INFO - [2025-04-18T11:19:35.676+0900] {dag.py:3239} INFO - Sync 1 DAGs
[2025-04-18T11:19:35.685+0900] {logging_mixin.py:190} INFO - [2025-04-18T11:19:35.685+0900] {dag.py:4180} INFO - Setting next_dagrun for example_python_operator to None, run_after=None
[2025-04-18T11:19:35.699+0900] {processor.py:208} INFO - Processing /home/kim/airflow_tutorial/py_env/lib/python3.10/site-packages/airflow/example_dags/example_python_operator.py took 0.054 seconds
[2025-04-18T11:20:36.304+0900] {processor.py:186} INFO - Started process (PID=641305) to work on /home/kim/airflow_tutorial/py_env/lib/python3.10/site-packages/airflow/example_dags/example_python_operator.py
[2025-04-18T11:20:36.306+0900] {processor.py:914} INFO - Processing file /home/kim/airflow_tutorial/py_env/lib/python3.10/site-packages/airflow/example_dags/example_python_operator.py for tasks to queue
[2025-04-18T11:20:36.307+0900] {logging_mixin.py:190} INFO - [2025-04-18T11:20:36.307+0900] {dagbag.py:588} INFO - Filling up the DagBag from /home/kim/airflow_tutorial/py_env/lib/python3.10/site-packages/airflow/example_dags/example_python_operator.py
[2025-04-18T11:20:36.316+0900] {processor.py:925} INFO - DAG(s) 'example_python_operator' retrieved from /home/kim/airflow_tutorial/py_env/lib/python3.10/site-packages/airflow/example_dags/example_python_operator.py
[2025-04-18T11:20:36.329+0900] {logging_mixin.py:190} INFO - [2025-04-18T11:20:36.329+0900] {dag.py:3239} INFO - Sync 1 DAGs
[2025-04-18T11:20:36.339+0900] {logging_mixin.py:190} INFO - [2025-04-18T11:20:36.339+0900] {dag.py:4180} INFO - Setting next_dagrun for example_python_operator to None, run_after=None
[2025-04-18T11:20:36.357+0900] {processor.py:208} INFO - Processing /home/kim/airflow_tutorial/py_env/lib/python3.10/site-packages/airflow/example_dags/example_python_operator.py took 0.058 seconds
[2025-04-18T11:21:36.900+0900] {processor.py:186} INFO - Started process (PID=641602) to work on /home/kim/airflow_tutorial/py_env/lib/python3.10/site-packages/airflow/example_dags/example_python_operator.py
[2025-04-18T11:21:36.902+0900] {processor.py:914} INFO - Processing file /home/kim/airflow_tutorial/py_env/lib/python3.10/site-packages/airflow/example_dags/example_python_operator.py for tasks to queue
[2025-04-18T11:21:36.904+0900] {logging_mixin.py:190} INFO - [2025-04-18T11:21:36.903+0900] {dagbag.py:588} INFO - Filling up the DagBag from /home/kim/airflow_tutorial/py_env/lib/python3.10/site-packages/airflow/example_dags/example_python_operator.py
[2025-04-18T11:21:36.915+0900] {processor.py:925} INFO - DAG(s) 'example_python_operator' retrieved from /home/kim/airflow_tutorial/py_env/lib/python3.10/site-packages/airflow/example_dags/example_python_operator.py
[2025-04-18T11:21:36.928+0900] {logging_mixin.py:190} INFO - [2025-04-18T11:21:36.928+0900] {dag.py:3239} INFO - Sync 1 DAGs
[2025-04-18T11:21:36.937+0900] {logging_mixin.py:190} INFO - [2025-04-18T11:21:36.937+0900] {dag.py:4180} INFO - Setting next_dagrun for example_python_operator to None, run_after=None
[2025-04-18T11:21:36.955+0900] {processor.py:208} INFO - Processing /home/kim/airflow_tutorial/py_env/lib/python3.10/site-packages/airflow/example_dags/example_python_operator.py took 0.061 seconds
[2025-04-18T11:22:39.288+0900] {processor.py:186} INFO - Started process (PID=642057) to work on /home/kim/airflow_tutorial/py_env/lib/python3.10/site-packages/airflow/example_dags/example_python_operator.py
[2025-04-18T11:22:39.291+0900] {processor.py:914} INFO - Processing file /home/kim/airflow_tutorial/py_env/lib/python3.10/site-packages/airflow/example_dags/example_python_operator.py for tasks to queue
[2025-04-18T11:22:39.293+0900] {logging_mixin.py:190} INFO - [2025-04-18T11:22:39.293+0900] {dagbag.py:588} INFO - Filling up the DagBag from /home/kim/airflow_tutorial/py_env/lib/python3.10/site-packages/airflow/example_dags/example_python_operator.py
[2025-04-18T11:22:39.302+0900] {processor.py:925} INFO - DAG(s) 'example_python_operator' retrieved from /home/kim/airflow_tutorial/py_env/lib/python3.10/site-packages/airflow/example_dags/example_python_operator.py
[2025-04-18T11:22:39.314+0900] {logging_mixin.py:190} INFO - [2025-04-18T11:22:39.314+0900] {dag.py:3239} INFO - Sync 1 DAGs
[2025-04-18T11:22:39.324+0900] {logging_mixin.py:190} INFO - [2025-04-18T11:22:39.324+0900] {dag.py:4180} INFO - Setting next_dagrun for example_python_operator to None, run_after=None
[2025-04-18T11:22:39.343+0900] {processor.py:208} INFO - Processing /home/kim/airflow_tutorial/py_env/lib/python3.10/site-packages/airflow/example_dags/example_python_operator.py took 0.059 seconds
[2025-04-18T11:23:36.072+0900] {processor.py:186} INFO - Started process (PID=642348) to work on /home/kim/airflow_tutorial/py_env/lib/python3.10/site-packages/airflow/example_dags/example_python_operator.py
[2025-04-18T11:23:36.075+0900] {processor.py:914} INFO - Processing file /home/kim/airflow_tutorial/py_env/lib/python3.10/site-packages/airflow/example_dags/example_python_operator.py for tasks to queue
[2025-04-18T11:23:36.077+0900] {logging_mixin.py:190} INFO - [2025-04-18T11:23:36.077+0900] {dagbag.py:588} INFO - Filling up the DagBag from /home/kim/airflow_tutorial/py_env/lib/python3.10/site-packages/airflow/example_dags/example_python_operator.py
[2025-04-18T11:23:36.086+0900] {processor.py:925} INFO - DAG(s) 'example_python_operator' retrieved from /home/kim/airflow_tutorial/py_env/lib/python3.10/site-packages/airflow/example_dags/example_python_operator.py
[2025-04-18T11:23:36.098+0900] {logging_mixin.py:190} INFO - [2025-04-18T11:23:36.098+0900] {dag.py:3239} INFO - Sync 1 DAGs
[2025-04-18T11:23:36.107+0900] {logging_mixin.py:190} INFO - [2025-04-18T11:23:36.107+0900] {dag.py:4180} INFO - Setting next_dagrun for example_python_operator to None, run_after=None
[2025-04-18T11:23:36.123+0900] {processor.py:208} INFO - Processing /home/kim/airflow_tutorial/py_env/lib/python3.10/site-packages/airflow/example_dags/example_python_operator.py took 0.055 seconds
[2025-04-18T11:24:34.522+0900] {processor.py:186} INFO - Started process (PID=642710) to work on /home/kim/airflow_tutorial/py_env/lib/python3.10/site-packages/airflow/example_dags/example_python_operator.py
[2025-04-18T11:24:34.525+0900] {processor.py:914} INFO - Processing file /home/kim/airflow_tutorial/py_env/lib/python3.10/site-packages/airflow/example_dags/example_python_operator.py for tasks to queue
[2025-04-18T11:24:34.526+0900] {logging_mixin.py:190} INFO - [2025-04-18T11:24:34.526+0900] {dagbag.py:588} INFO - Filling up the DagBag from /home/kim/airflow_tutorial/py_env/lib/python3.10/site-packages/airflow/example_dags/example_python_operator.py
[2025-04-18T11:24:34.536+0900] {processor.py:925} INFO - DAG(s) 'example_python_operator' retrieved from /home/kim/airflow_tutorial/py_env/lib/python3.10/site-packages/airflow/example_dags/example_python_operator.py
[2025-04-18T11:24:34.548+0900] {logging_mixin.py:190} INFO - [2025-04-18T11:24:34.548+0900] {dag.py:3239} INFO - Sync 1 DAGs
[2025-04-18T11:24:34.557+0900] {logging_mixin.py:190} INFO - [2025-04-18T11:24:34.557+0900] {dag.py:4180} INFO - Setting next_dagrun for example_python_operator to None, run_after=None
[2025-04-18T11:24:34.572+0900] {processor.py:208} INFO - Processing /home/kim/airflow_tutorial/py_env/lib/python3.10/site-packages/airflow/example_dags/example_python_operator.py took 0.055 seconds
[2025-04-18T11:25:37.068+0900] {processor.py:186} INFO - Started process (PID=643286) to work on /home/kim/airflow_tutorial/py_env/lib/python3.10/site-packages/airflow/example_dags/example_python_operator.py
[2025-04-18T11:25:37.071+0900] {processor.py:914} INFO - Processing file /home/kim/airflow_tutorial/py_env/lib/python3.10/site-packages/airflow/example_dags/example_python_operator.py for tasks to queue
[2025-04-18T11:25:37.073+0900] {logging_mixin.py:190} INFO - [2025-04-18T11:25:37.072+0900] {dagbag.py:588} INFO - Filling up the DagBag from /home/kim/airflow_tutorial/py_env/lib/python3.10/site-packages/airflow/example_dags/example_python_operator.py
[2025-04-18T11:25:37.083+0900] {processor.py:925} INFO - DAG(s) 'example_python_operator' retrieved from /home/kim/airflow_tutorial/py_env/lib/python3.10/site-packages/airflow/example_dags/example_python_operator.py
[2025-04-18T11:25:37.097+0900] {logging_mixin.py:190} INFO - [2025-04-18T11:25:37.097+0900] {dag.py:3239} INFO - Sync 1 DAGs
[2025-04-18T11:25:37.107+0900] {logging_mixin.py:190} INFO - [2025-04-18T11:25:37.107+0900] {dag.py:4180} INFO - Setting next_dagrun for example_python_operator to None, run_after=None
[2025-04-18T11:25:37.124+0900] {processor.py:208} INFO - Processing /home/kim/airflow_tutorial/py_env/lib/python3.10/site-packages/airflow/example_dags/example_python_operator.py took 0.062 seconds
[2025-04-18T12:03:13.156+0900] {processor.py:186} INFO - Started process (PID=651826) to work on /home/kim/airflow_tutorial/py_env/lib/python3.10/site-packages/airflow/example_dags/example_python_operator.py
[2025-04-18T12:03:13.157+0900] {processor.py:914} INFO - Processing file /home/kim/airflow_tutorial/py_env/lib/python3.10/site-packages/airflow/example_dags/example_python_operator.py for tasks to queue
[2025-04-18T12:03:13.159+0900] {logging_mixin.py:190} INFO - [2025-04-18T12:03:13.159+0900] {dagbag.py:588} INFO - Filling up the DagBag from /home/kim/airflow_tutorial/py_env/lib/python3.10/site-packages/airflow/example_dags/example_python_operator.py
[2025-04-18T12:03:13.168+0900] {processor.py:925} INFO - DAG(s) 'example_python_operator' retrieved from /home/kim/airflow_tutorial/py_env/lib/python3.10/site-packages/airflow/example_dags/example_python_operator.py
[2025-04-18T12:03:13.251+0900] {logging_mixin.py:190} INFO - [2025-04-18T12:03:13.250+0900] {override.py:1912} INFO - Created Permission View: can read on DAG:example_python_operator
[2025-04-18T12:03:13.260+0900] {logging_mixin.py:190} INFO - [2025-04-18T12:03:13.260+0900] {override.py:1912} INFO - Created Permission View: can edit on DAG:example_python_operator
[2025-04-18T12:03:13.268+0900] {logging_mixin.py:190} INFO - [2025-04-18T12:03:13.268+0900] {override.py:1912} INFO - Created Permission View: can delete on DAG:example_python_operator
[2025-04-18T12:03:13.278+0900] {logging_mixin.py:190} INFO - [2025-04-18T12:03:13.278+0900] {override.py:1912} INFO - Created Permission View: can read on DAG Run:example_python_operator
[2025-04-18T12:03:13.286+0900] {logging_mixin.py:190} INFO - [2025-04-18T12:03:13.286+0900] {override.py:1912} INFO - Created Permission View: can create on DAG Run:example_python_operator
[2025-04-18T12:03:13.295+0900] {logging_mixin.py:190} INFO - [2025-04-18T12:03:13.294+0900] {override.py:1912} INFO - Created Permission View: menu access on DAG Run:example_python_operator
[2025-04-18T12:03:13.302+0900] {logging_mixin.py:190} INFO - [2025-04-18T12:03:13.302+0900] {override.py:1912} INFO - Created Permission View: can delete on DAG Run:example_python_operator
[2025-04-18T12:03:13.303+0900] {logging_mixin.py:190} INFO - [2025-04-18T12:03:13.303+0900] {dag.py:3239} INFO - Sync 1 DAGs
[2025-04-18T12:03:13.312+0900] {logging_mixin.py:190} INFO - [2025-04-18T12:03:13.312+0900] {dag.py:3262} INFO - Creating ORM DAG for example_python_operator
[2025-04-18T12:03:13.313+0900] {logging_mixin.py:190} INFO - [2025-04-18T12:03:13.313+0900] {dag.py:4180} INFO - Setting next_dagrun for example_python_operator to None, run_after=None
[2025-04-18T12:03:13.332+0900] {processor.py:208} INFO - Processing /home/kim/airflow_tutorial/py_env/lib/python3.10/site-packages/airflow/example_dags/example_python_operator.py took 0.181 seconds
[2025-04-18T12:05:19.225+0900] {processor.py:186} INFO - Started process (PID=653654) to work on /home/kim/airflow_tutorial/py_env/lib/python3.10/site-packages/airflow/example_dags/example_python_operator.py
[2025-04-18T12:05:19.226+0900] {processor.py:914} INFO - Processing file /home/kim/airflow_tutorial/py_env/lib/python3.10/site-packages/airflow/example_dags/example_python_operator.py for tasks to queue
[2025-04-18T12:05:19.228+0900] {logging_mixin.py:190} INFO - [2025-04-18T12:05:19.227+0900] {dagbag.py:588} INFO - Filling up the DagBag from /home/kim/airflow_tutorial/py_env/lib/python3.10/site-packages/airflow/example_dags/example_python_operator.py
[2025-04-18T12:05:19.237+0900] {processor.py:925} INFO - DAG(s) 'example_python_operator' retrieved from /home/kim/airflow_tutorial/py_env/lib/python3.10/site-packages/airflow/example_dags/example_python_operator.py
[2025-04-18T12:05:19.324+0900] {logging_mixin.py:190} INFO - [2025-04-18T12:05:19.324+0900] {dag.py:3239} INFO - Sync 1 DAGs
[2025-04-18T12:05:19.333+0900] {logging_mixin.py:190} INFO - [2025-04-18T12:05:19.332+0900] {dag.py:4180} INFO - Setting next_dagrun for example_python_operator to None, run_after=None
[2025-04-18T12:05:19.353+0900] {processor.py:208} INFO - Processing /home/kim/airflow_tutorial/py_env/lib/python3.10/site-packages/airflow/example_dags/example_python_operator.py took 0.133 seconds
[2025-04-18T12:05:50.070+0900] {processor.py:186} INFO - Started process (PID=654132) to work on /home/kim/airflow_tutorial/py_env/lib/python3.10/site-packages/airflow/example_dags/example_python_operator.py
[2025-04-18T12:05:50.072+0900] {processor.py:914} INFO - Processing file /home/kim/airflow_tutorial/py_env/lib/python3.10/site-packages/airflow/example_dags/example_python_operator.py for tasks to queue
[2025-04-18T12:05:50.075+0900] {logging_mixin.py:190} INFO - [2025-04-18T12:05:50.074+0900] {dagbag.py:588} INFO - Filling up the DagBag from /home/kim/airflow_tutorial/py_env/lib/python3.10/site-packages/airflow/example_dags/example_python_operator.py
[2025-04-18T12:05:50.088+0900] {processor.py:925} INFO - DAG(s) 'example_python_operator' retrieved from /home/kim/airflow_tutorial/py_env/lib/python3.10/site-packages/airflow/example_dags/example_python_operator.py
[2025-04-18T12:05:50.120+0900] {logging_mixin.py:190} INFO - [2025-04-18T12:05:50.120+0900] {dag.py:3239} INFO - Sync 1 DAGs
[2025-04-18T12:05:50.136+0900] {logging_mixin.py:190} INFO - [2025-04-18T12:05:50.136+0900] {dag.py:4180} INFO - Setting next_dagrun for example_python_operator to None, run_after=None
[2025-04-18T12:05:50.166+0900] {processor.py:208} INFO - Processing /home/kim/airflow_tutorial/py_env/lib/python3.10/site-packages/airflow/example_dags/example_python_operator.py took 0.103 seconds
[2025-04-18T12:06:20.695+0900] {processor.py:186} INFO - Started process (PID=654511) to work on /home/kim/airflow_tutorial/py_env/lib/python3.10/site-packages/airflow/example_dags/example_python_operator.py
[2025-04-18T12:06:20.696+0900] {processor.py:914} INFO - Processing file /home/kim/airflow_tutorial/py_env/lib/python3.10/site-packages/airflow/example_dags/example_python_operator.py for tasks to queue
[2025-04-18T12:06:20.698+0900] {logging_mixin.py:190} INFO - [2025-04-18T12:06:20.697+0900] {dagbag.py:588} INFO - Filling up the DagBag from /home/kim/airflow_tutorial/py_env/lib/python3.10/site-packages/airflow/example_dags/example_python_operator.py
[2025-04-18T12:06:20.710+0900] {processor.py:925} INFO - DAG(s) 'example_python_operator' retrieved from /home/kim/airflow_tutorial/py_env/lib/python3.10/site-packages/airflow/example_dags/example_python_operator.py
[2025-04-18T12:06:20.742+0900] {logging_mixin.py:190} INFO - [2025-04-18T12:06:20.742+0900] {dag.py:3239} INFO - Sync 1 DAGs
[2025-04-18T12:06:20.758+0900] {logging_mixin.py:190} INFO - [2025-04-18T12:06:20.758+0900] {dag.py:4180} INFO - Setting next_dagrun for example_python_operator to None, run_after=None
[2025-04-18T12:06:20.782+0900] {processor.py:208} INFO - Processing /home/kim/airflow_tutorial/py_env/lib/python3.10/site-packages/airflow/example_dags/example_python_operator.py took 0.094 seconds
