[2025-04-18T11:13:04.536+0900] {processor.py:186} INFO - Started process (PID=637645) to work on /home/kim/airflow_tutorial/py_env/lib/python3.10/site-packages/airflow/example_dags/example_task_group_decorator.py
[2025-04-18T11:13:04.537+0900] {processor.py:914} INFO - Processing file /home/kim/airflow_tutorial/py_env/lib/python3.10/site-packages/airflow/example_dags/example_task_group_decorator.py for tasks to queue
[2025-04-18T11:13:04.539+0900] {logging_mixin.py:190} INFO - [2025-04-18T11:13:04.538+0900] {dagbag.py:588} INFO - Filling up the DagBag from /home/kim/airflow_tutorial/py_env/lib/python3.10/site-packages/airflow/example_dags/example_task_group_decorator.py
[2025-04-18T11:13:04.549+0900] {processor.py:925} INFO - DAG(s) 'example_task_group_decorator' retrieved from /home/kim/airflow_tutorial/py_env/lib/python3.10/site-packages/airflow/example_dags/example_task_group_decorator.py
[2025-04-18T11:13:04.719+0900] {logging_mixin.py:190} INFO - [2025-04-18T11:13:04.718+0900] {override.py:1912} INFO - Created Permission View: can delete on DAG:example_task_group_decorator
[2025-04-18T11:13:04.730+0900] {logging_mixin.py:190} INFO - [2025-04-18T11:13:04.729+0900] {override.py:1912} INFO - Created Permission View: can edit on DAG:example_task_group_decorator
[2025-04-18T11:13:04.739+0900] {logging_mixin.py:190} INFO - [2025-04-18T11:13:04.738+0900] {override.py:1912} INFO - Created Permission View: can read on DAG:example_task_group_decorator
[2025-04-18T11:13:04.756+0900] {logging_mixin.py:190} INFO - [2025-04-18T11:13:04.756+0900] {override.py:1912} INFO - Created Permission View: can delete on DAG Run:example_task_group_decorator
[2025-04-18T11:13:04.766+0900] {logging_mixin.py:190} INFO - [2025-04-18T11:13:04.765+0900] {override.py:1912} INFO - Created Permission View: can create on DAG Run:example_task_group_decorator
[2025-04-18T11:13:04.775+0900] {logging_mixin.py:190} INFO - [2025-04-18T11:13:04.774+0900] {override.py:1912} INFO - Created Permission View: menu access on DAG Run:example_task_group_decorator
[2025-04-18T11:13:04.784+0900] {logging_mixin.py:190} INFO - [2025-04-18T11:13:04.783+0900] {override.py:1912} INFO - Created Permission View: can read on DAG Run:example_task_group_decorator
[2025-04-18T11:13:04.784+0900] {logging_mixin.py:190} INFO - [2025-04-18T11:13:04.784+0900] {dag.py:3239} INFO - Sync 1 DAGs
[2025-04-18T11:13:04.798+0900] {logging_mixin.py:190} INFO - [2025-04-18T11:13:04.798+0900] {dag.py:3262} INFO - Creating ORM DAG for example_task_group_decorator
[2025-04-18T11:13:04.798+0900] {logging_mixin.py:190} INFO - [2025-04-18T11:13:04.798+0900] {dag.py:4180} INFO - Setting next_dagrun for example_task_group_decorator to None, run_after=None
[2025-04-18T11:13:04.823+0900] {processor.py:208} INFO - Processing /home/kim/airflow_tutorial/py_env/lib/python3.10/site-packages/airflow/example_dags/example_task_group_decorator.py took 0.291 seconds
[2025-04-18T11:14:11.114+0900] {processor.py:186} INFO - Started process (PID=638075) to work on /home/kim/airflow_tutorial/py_env/lib/python3.10/site-packages/airflow/example_dags/example_task_group_decorator.py
[2025-04-18T11:14:11.117+0900] {processor.py:914} INFO - Processing file /home/kim/airflow_tutorial/py_env/lib/python3.10/site-packages/airflow/example_dags/example_task_group_decorator.py for tasks to queue
[2025-04-18T11:14:11.118+0900] {logging_mixin.py:190} INFO - [2025-04-18T11:14:11.118+0900] {dagbag.py:588} INFO - Filling up the DagBag from /home/kim/airflow_tutorial/py_env/lib/python3.10/site-packages/airflow/example_dags/example_task_group_decorator.py
[2025-04-18T11:14:11.130+0900] {processor.py:925} INFO - DAG(s) 'example_task_group_decorator' retrieved from /home/kim/airflow_tutorial/py_env/lib/python3.10/site-packages/airflow/example_dags/example_task_group_decorator.py
[2025-04-18T11:14:11.144+0900] {logging_mixin.py:190} INFO - [2025-04-18T11:14:11.144+0900] {dag.py:3239} INFO - Sync 1 DAGs
[2025-04-18T11:14:11.152+0900] {logging_mixin.py:190} INFO - [2025-04-18T11:14:11.152+0900] {dag.py:4180} INFO - Setting next_dagrun for example_task_group_decorator to None, run_after=None
[2025-04-18T11:14:11.167+0900] {processor.py:208} INFO - Processing /home/kim/airflow_tutorial/py_env/lib/python3.10/site-packages/airflow/example_dags/example_task_group_decorator.py took 0.058 seconds
[2025-04-18T11:15:11.290+0900] {processor.py:186} INFO - Started process (PID=638676) to work on /home/kim/airflow_tutorial/py_env/lib/python3.10/site-packages/airflow/example_dags/example_task_group_decorator.py
[2025-04-18T11:15:11.293+0900] {processor.py:914} INFO - Processing file /home/kim/airflow_tutorial/py_env/lib/python3.10/site-packages/airflow/example_dags/example_task_group_decorator.py for tasks to queue
[2025-04-18T11:15:11.295+0900] {logging_mixin.py:190} INFO - [2025-04-18T11:15:11.295+0900] {dagbag.py:588} INFO - Filling up the DagBag from /home/kim/airflow_tutorial/py_env/lib/python3.10/site-packages/airflow/example_dags/example_task_group_decorator.py
[2025-04-18T11:15:11.307+0900] {processor.py:925} INFO - DAG(s) 'example_task_group_decorator' retrieved from /home/kim/airflow_tutorial/py_env/lib/python3.10/site-packages/airflow/example_dags/example_task_group_decorator.py
[2025-04-18T11:15:11.322+0900] {logging_mixin.py:190} INFO - [2025-04-18T11:15:11.322+0900] {dag.py:3239} INFO - Sync 1 DAGs
[2025-04-18T11:15:11.332+0900] {logging_mixin.py:190} INFO - [2025-04-18T11:15:11.332+0900] {dag.py:4180} INFO - Setting next_dagrun for example_task_group_decorator to None, run_after=None
[2025-04-18T11:15:11.348+0900] {processor.py:208} INFO - Processing /home/kim/airflow_tutorial/py_env/lib/python3.10/site-packages/airflow/example_dags/example_task_group_decorator.py took 0.063 seconds
[2025-04-18T11:16:12.913+0900] {processor.py:186} INFO - Started process (PID=639055) to work on /home/kim/airflow_tutorial/py_env/lib/python3.10/site-packages/airflow/example_dags/example_task_group_decorator.py
[2025-04-18T11:16:12.914+0900] {processor.py:914} INFO - Processing file /home/kim/airflow_tutorial/py_env/lib/python3.10/site-packages/airflow/example_dags/example_task_group_decorator.py for tasks to queue
[2025-04-18T11:16:12.916+0900] {logging_mixin.py:190} INFO - [2025-04-18T11:16:12.915+0900] {dagbag.py:588} INFO - Filling up the DagBag from /home/kim/airflow_tutorial/py_env/lib/python3.10/site-packages/airflow/example_dags/example_task_group_decorator.py
[2025-04-18T11:16:12.928+0900] {processor.py:925} INFO - DAG(s) 'example_task_group_decorator' retrieved from /home/kim/airflow_tutorial/py_env/lib/python3.10/site-packages/airflow/example_dags/example_task_group_decorator.py
[2025-04-18T11:16:12.943+0900] {logging_mixin.py:190} INFO - [2025-04-18T11:16:12.943+0900] {dag.py:3239} INFO - Sync 1 DAGs
[2025-04-18T11:16:12.951+0900] {logging_mixin.py:190} INFO - [2025-04-18T11:16:12.951+0900] {dag.py:4180} INFO - Setting next_dagrun for example_task_group_decorator to None, run_after=None
[2025-04-18T11:16:12.966+0900] {processor.py:208} INFO - Processing /home/kim/airflow_tutorial/py_env/lib/python3.10/site-packages/airflow/example_dags/example_task_group_decorator.py took 0.058 seconds
[2025-04-18T11:17:11.241+0900] {processor.py:186} INFO - Started process (PID=639821) to work on /home/kim/airflow_tutorial/py_env/lib/python3.10/site-packages/airflow/example_dags/example_task_group_decorator.py
[2025-04-18T11:17:11.243+0900] {processor.py:914} INFO - Processing file /home/kim/airflow_tutorial/py_env/lib/python3.10/site-packages/airflow/example_dags/example_task_group_decorator.py for tasks to queue
[2025-04-18T11:17:11.245+0900] {logging_mixin.py:190} INFO - [2025-04-18T11:17:11.245+0900] {dagbag.py:588} INFO - Filling up the DagBag from /home/kim/airflow_tutorial/py_env/lib/python3.10/site-packages/airflow/example_dags/example_task_group_decorator.py
[2025-04-18T11:17:11.257+0900] {processor.py:925} INFO - DAG(s) 'example_task_group_decorator' retrieved from /home/kim/airflow_tutorial/py_env/lib/python3.10/site-packages/airflow/example_dags/example_task_group_decorator.py
[2025-04-18T11:17:11.273+0900] {logging_mixin.py:190} INFO - [2025-04-18T11:17:11.272+0900] {dag.py:3239} INFO - Sync 1 DAGs
[2025-04-18T11:17:11.284+0900] {logging_mixin.py:190} INFO - [2025-04-18T11:17:11.283+0900] {dag.py:4180} INFO - Setting next_dagrun for example_task_group_decorator to None, run_after=None
[2025-04-18T11:17:11.302+0900] {processor.py:208} INFO - Processing /home/kim/airflow_tutorial/py_env/lib/python3.10/site-packages/airflow/example_dags/example_task_group_decorator.py took 0.066 seconds
[2025-04-18T11:18:11.373+0900] {processor.py:186} INFO - Started process (PID=640416) to work on /home/kim/airflow_tutorial/py_env/lib/python3.10/site-packages/airflow/example_dags/example_task_group_decorator.py
[2025-04-18T11:18:11.376+0900] {processor.py:914} INFO - Processing file /home/kim/airflow_tutorial/py_env/lib/python3.10/site-packages/airflow/example_dags/example_task_group_decorator.py for tasks to queue
[2025-04-18T11:18:11.378+0900] {logging_mixin.py:190} INFO - [2025-04-18T11:18:11.377+0900] {dagbag.py:588} INFO - Filling up the DagBag from /home/kim/airflow_tutorial/py_env/lib/python3.10/site-packages/airflow/example_dags/example_task_group_decorator.py
[2025-04-18T11:18:11.391+0900] {processor.py:925} INFO - DAG(s) 'example_task_group_decorator' retrieved from /home/kim/airflow_tutorial/py_env/lib/python3.10/site-packages/airflow/example_dags/example_task_group_decorator.py
[2025-04-18T11:18:11.407+0900] {logging_mixin.py:190} INFO - [2025-04-18T11:18:11.407+0900] {dag.py:3239} INFO - Sync 1 DAGs
[2025-04-18T11:18:11.418+0900] {logging_mixin.py:190} INFO - [2025-04-18T11:18:11.418+0900] {dag.py:4180} INFO - Setting next_dagrun for example_task_group_decorator to None, run_after=None
[2025-04-18T11:18:11.436+0900] {processor.py:208} INFO - Processing /home/kim/airflow_tutorial/py_env/lib/python3.10/site-packages/airflow/example_dags/example_task_group_decorator.py took 0.069 seconds
[2025-04-18T11:19:09.250+0900] {processor.py:186} INFO - Started process (PID=640921) to work on /home/kim/airflow_tutorial/py_env/lib/python3.10/site-packages/airflow/example_dags/example_task_group_decorator.py
[2025-04-18T11:19:09.253+0900] {processor.py:914} INFO - Processing file /home/kim/airflow_tutorial/py_env/lib/python3.10/site-packages/airflow/example_dags/example_task_group_decorator.py for tasks to queue
[2025-04-18T11:19:09.255+0900] {logging_mixin.py:190} INFO - [2025-04-18T11:19:09.254+0900] {dagbag.py:588} INFO - Filling up the DagBag from /home/kim/airflow_tutorial/py_env/lib/python3.10/site-packages/airflow/example_dags/example_task_group_decorator.py
[2025-04-18T11:19:09.268+0900] {processor.py:925} INFO - DAG(s) 'example_task_group_decorator' retrieved from /home/kim/airflow_tutorial/py_env/lib/python3.10/site-packages/airflow/example_dags/example_task_group_decorator.py
[2025-04-18T11:19:09.284+0900] {logging_mixin.py:190} INFO - [2025-04-18T11:19:09.284+0900] {dag.py:3239} INFO - Sync 1 DAGs
[2025-04-18T11:19:09.293+0900] {logging_mixin.py:190} INFO - [2025-04-18T11:19:09.293+0900] {dag.py:4180} INFO - Setting next_dagrun for example_task_group_decorator to None, run_after=None
[2025-04-18T11:19:09.313+0900] {processor.py:208} INFO - Processing /home/kim/airflow_tutorial/py_env/lib/python3.10/site-packages/airflow/example_dags/example_task_group_decorator.py took 0.069 seconds
[2025-04-18T11:20:07.744+0900] {processor.py:186} INFO - Started process (PID=641204) to work on /home/kim/airflow_tutorial/py_env/lib/python3.10/site-packages/airflow/example_dags/example_task_group_decorator.py
[2025-04-18T11:20:07.748+0900] {processor.py:914} INFO - Processing file /home/kim/airflow_tutorial/py_env/lib/python3.10/site-packages/airflow/example_dags/example_task_group_decorator.py for tasks to queue
[2025-04-18T11:20:07.749+0900] {logging_mixin.py:190} INFO - [2025-04-18T11:20:07.749+0900] {dagbag.py:588} INFO - Filling up the DagBag from /home/kim/airflow_tutorial/py_env/lib/python3.10/site-packages/airflow/example_dags/example_task_group_decorator.py
[2025-04-18T11:20:07.760+0900] {processor.py:925} INFO - DAG(s) 'example_task_group_decorator' retrieved from /home/kim/airflow_tutorial/py_env/lib/python3.10/site-packages/airflow/example_dags/example_task_group_decorator.py
[2025-04-18T11:20:07.774+0900] {logging_mixin.py:190} INFO - [2025-04-18T11:20:07.774+0900] {dag.py:3239} INFO - Sync 1 DAGs
[2025-04-18T11:20:07.781+0900] {logging_mixin.py:190} INFO - [2025-04-18T11:20:07.781+0900] {dag.py:4180} INFO - Setting next_dagrun for example_task_group_decorator to None, run_after=None
[2025-04-18T11:20:07.797+0900] {processor.py:208} INFO - Processing /home/kim/airflow_tutorial/py_env/lib/python3.10/site-packages/airflow/example_dags/example_task_group_decorator.py took 0.057 seconds
[2025-04-18T11:21:06.851+0900] {processor.py:186} INFO - Started process (PID=641447) to work on /home/kim/airflow_tutorial/py_env/lib/python3.10/site-packages/airflow/example_dags/example_task_group_decorator.py
[2025-04-18T11:21:06.853+0900] {processor.py:914} INFO - Processing file /home/kim/airflow_tutorial/py_env/lib/python3.10/site-packages/airflow/example_dags/example_task_group_decorator.py for tasks to queue
[2025-04-18T11:21:06.854+0900] {logging_mixin.py:190} INFO - [2025-04-18T11:21:06.854+0900] {dagbag.py:588} INFO - Filling up the DagBag from /home/kim/airflow_tutorial/py_env/lib/python3.10/site-packages/airflow/example_dags/example_task_group_decorator.py
[2025-04-18T11:21:06.866+0900] {processor.py:925} INFO - DAG(s) 'example_task_group_decorator' retrieved from /home/kim/airflow_tutorial/py_env/lib/python3.10/site-packages/airflow/example_dags/example_task_group_decorator.py
[2025-04-18T11:21:06.884+0900] {logging_mixin.py:190} INFO - [2025-04-18T11:21:06.884+0900] {dag.py:3239} INFO - Sync 1 DAGs
[2025-04-18T11:21:06.897+0900] {logging_mixin.py:190} INFO - [2025-04-18T11:21:06.896+0900] {dag.py:4180} INFO - Setting next_dagrun for example_task_group_decorator to None, run_after=None
[2025-04-18T11:21:06.916+0900] {processor.py:208} INFO - Processing /home/kim/airflow_tutorial/py_env/lib/python3.10/site-packages/airflow/example_dags/example_task_group_decorator.py took 0.071 seconds
[2025-04-18T11:22:10.201+0900] {processor.py:186} INFO - Started process (PID=641796) to work on /home/kim/airflow_tutorial/py_env/lib/python3.10/site-packages/airflow/example_dags/example_task_group_decorator.py
[2025-04-18T11:22:10.203+0900] {processor.py:914} INFO - Processing file /home/kim/airflow_tutorial/py_env/lib/python3.10/site-packages/airflow/example_dags/example_task_group_decorator.py for tasks to queue
[2025-04-18T11:22:10.205+0900] {logging_mixin.py:190} INFO - [2025-04-18T11:22:10.205+0900] {dagbag.py:588} INFO - Filling up the DagBag from /home/kim/airflow_tutorial/py_env/lib/python3.10/site-packages/airflow/example_dags/example_task_group_decorator.py
[2025-04-18T11:22:10.220+0900] {processor.py:925} INFO - DAG(s) 'example_task_group_decorator' retrieved from /home/kim/airflow_tutorial/py_env/lib/python3.10/site-packages/airflow/example_dags/example_task_group_decorator.py
[2025-04-18T11:22:10.240+0900] {logging_mixin.py:190} INFO - [2025-04-18T11:22:10.239+0900] {dag.py:3239} INFO - Sync 1 DAGs
[2025-04-18T11:22:10.251+0900] {logging_mixin.py:190} INFO - [2025-04-18T11:22:10.251+0900] {dag.py:4180} INFO - Setting next_dagrun for example_task_group_decorator to None, run_after=None
[2025-04-18T11:22:10.267+0900] {processor.py:208} INFO - Processing /home/kim/airflow_tutorial/py_env/lib/python3.10/site-packages/airflow/example_dags/example_task_group_decorator.py took 0.073 seconds
[2025-04-18T11:23:10.513+0900] {processor.py:186} INFO - Started process (PID=642243) to work on /home/kim/airflow_tutorial/py_env/lib/python3.10/site-packages/airflow/example_dags/example_task_group_decorator.py
[2025-04-18T11:23:10.516+0900] {processor.py:914} INFO - Processing file /home/kim/airflow_tutorial/py_env/lib/python3.10/site-packages/airflow/example_dags/example_task_group_decorator.py for tasks to queue
[2025-04-18T11:23:10.518+0900] {logging_mixin.py:190} INFO - [2025-04-18T11:23:10.518+0900] {dagbag.py:588} INFO - Filling up the DagBag from /home/kim/airflow_tutorial/py_env/lib/python3.10/site-packages/airflow/example_dags/example_task_group_decorator.py
[2025-04-18T11:23:10.531+0900] {processor.py:925} INFO - DAG(s) 'example_task_group_decorator' retrieved from /home/kim/airflow_tutorial/py_env/lib/python3.10/site-packages/airflow/example_dags/example_task_group_decorator.py
[2025-04-18T11:23:10.547+0900] {logging_mixin.py:190} INFO - [2025-04-18T11:23:10.547+0900] {dag.py:3239} INFO - Sync 1 DAGs
[2025-04-18T11:23:10.556+0900] {logging_mixin.py:190} INFO - [2025-04-18T11:23:10.556+0900] {dag.py:4180} INFO - Setting next_dagrun for example_task_group_decorator to None, run_after=None
[2025-04-18T11:23:10.579+0900] {processor.py:208} INFO - Processing /home/kim/airflow_tutorial/py_env/lib/python3.10/site-packages/airflow/example_dags/example_task_group_decorator.py took 0.072 seconds
[2025-04-18T11:24:05.341+0900] {processor.py:186} INFO - Started process (PID=642531) to work on /home/kim/airflow_tutorial/py_env/lib/python3.10/site-packages/airflow/example_dags/example_task_group_decorator.py
[2025-04-18T11:24:05.344+0900] {processor.py:914} INFO - Processing file /home/kim/airflow_tutorial/py_env/lib/python3.10/site-packages/airflow/example_dags/example_task_group_decorator.py for tasks to queue
[2025-04-18T11:24:05.346+0900] {logging_mixin.py:190} INFO - [2025-04-18T11:24:05.346+0900] {dagbag.py:588} INFO - Filling up the DagBag from /home/kim/airflow_tutorial/py_env/lib/python3.10/site-packages/airflow/example_dags/example_task_group_decorator.py
[2025-04-18T11:24:05.360+0900] {processor.py:925} INFO - DAG(s) 'example_task_group_decorator' retrieved from /home/kim/airflow_tutorial/py_env/lib/python3.10/site-packages/airflow/example_dags/example_task_group_decorator.py
[2025-04-18T11:24:05.377+0900] {logging_mixin.py:190} INFO - [2025-04-18T11:24:05.376+0900] {dag.py:3239} INFO - Sync 1 DAGs
[2025-04-18T11:24:05.388+0900] {logging_mixin.py:190} INFO - [2025-04-18T11:24:05.388+0900] {dag.py:4180} INFO - Setting next_dagrun for example_task_group_decorator to None, run_after=None
[2025-04-18T11:24:05.404+0900] {processor.py:208} INFO - Processing /home/kim/airflow_tutorial/py_env/lib/python3.10/site-packages/airflow/example_dags/example_task_group_decorator.py took 0.069 seconds
[2025-04-18T11:25:07.627+0900] {processor.py:186} INFO - Started process (PID=642831) to work on /home/kim/airflow_tutorial/py_env/lib/python3.10/site-packages/airflow/example_dags/example_task_group_decorator.py
[2025-04-18T11:25:07.631+0900] {processor.py:914} INFO - Processing file /home/kim/airflow_tutorial/py_env/lib/python3.10/site-packages/airflow/example_dags/example_task_group_decorator.py for tasks to queue
[2025-04-18T11:25:07.632+0900] {logging_mixin.py:190} INFO - [2025-04-18T11:25:07.632+0900] {dagbag.py:588} INFO - Filling up the DagBag from /home/kim/airflow_tutorial/py_env/lib/python3.10/site-packages/airflow/example_dags/example_task_group_decorator.py
[2025-04-18T11:25:07.645+0900] {processor.py:925} INFO - DAG(s) 'example_task_group_decorator' retrieved from /home/kim/airflow_tutorial/py_env/lib/python3.10/site-packages/airflow/example_dags/example_task_group_decorator.py
[2025-04-18T11:25:07.660+0900] {logging_mixin.py:190} INFO - [2025-04-18T11:25:07.660+0900] {dag.py:3239} INFO - Sync 1 DAGs
[2025-04-18T11:25:07.669+0900] {logging_mixin.py:190} INFO - [2025-04-18T11:25:07.668+0900] {dag.py:4180} INFO - Setting next_dagrun for example_task_group_decorator to None, run_after=None
[2025-04-18T11:25:07.684+0900] {processor.py:208} INFO - Processing /home/kim/airflow_tutorial/py_env/lib/python3.10/site-packages/airflow/example_dags/example_task_group_decorator.py took 0.062 seconds
[2025-04-18T12:03:09.222+0900] {processor.py:186} INFO - Started process (PID=651560) to work on /home/kim/airflow_tutorial/py_env/lib/python3.10/site-packages/airflow/example_dags/example_task_group_decorator.py
[2025-04-18T12:03:09.223+0900] {processor.py:914} INFO - Processing file /home/kim/airflow_tutorial/py_env/lib/python3.10/site-packages/airflow/example_dags/example_task_group_decorator.py for tasks to queue
[2025-04-18T12:03:09.224+0900] {logging_mixin.py:190} INFO - [2025-04-18T12:03:09.224+0900] {dagbag.py:588} INFO - Filling up the DagBag from /home/kim/airflow_tutorial/py_env/lib/python3.10/site-packages/airflow/example_dags/example_task_group_decorator.py
[2025-04-18T12:03:09.234+0900] {processor.py:925} INFO - DAG(s) 'example_task_group_decorator' retrieved from /home/kim/airflow_tutorial/py_env/lib/python3.10/site-packages/airflow/example_dags/example_task_group_decorator.py
[2025-04-18T12:03:09.393+0900] {logging_mixin.py:190} INFO - [2025-04-18T12:03:09.393+0900] {override.py:1912} INFO - Created Permission View: can read on DAG:example_task_group_decorator
[2025-04-18T12:03:09.402+0900] {logging_mixin.py:190} INFO - [2025-04-18T12:03:09.402+0900] {override.py:1912} INFO - Created Permission View: can edit on DAG:example_task_group_decorator
[2025-04-18T12:03:09.409+0900] {logging_mixin.py:190} INFO - [2025-04-18T12:03:09.409+0900] {override.py:1912} INFO - Created Permission View: can delete on DAG:example_task_group_decorator
[2025-04-18T12:03:09.417+0900] {logging_mixin.py:190} INFO - [2025-04-18T12:03:09.417+0900] {override.py:1912} INFO - Created Permission View: can read on DAG Run:example_task_group_decorator
[2025-04-18T12:03:09.424+0900] {logging_mixin.py:190} INFO - [2025-04-18T12:03:09.423+0900] {override.py:1912} INFO - Created Permission View: can create on DAG Run:example_task_group_decorator
[2025-04-18T12:03:09.430+0900] {logging_mixin.py:190} INFO - [2025-04-18T12:03:09.429+0900] {override.py:1912} INFO - Created Permission View: menu access on DAG Run:example_task_group_decorator
[2025-04-18T12:03:09.437+0900] {logging_mixin.py:190} INFO - [2025-04-18T12:03:09.436+0900] {override.py:1912} INFO - Created Permission View: can delete on DAG Run:example_task_group_decorator
[2025-04-18T12:03:09.437+0900] {logging_mixin.py:190} INFO - [2025-04-18T12:03:09.437+0900] {dag.py:3239} INFO - Sync 1 DAGs
[2025-04-18T12:03:09.446+0900] {logging_mixin.py:190} INFO - [2025-04-18T12:03:09.446+0900] {dag.py:3262} INFO - Creating ORM DAG for example_task_group_decorator
[2025-04-18T12:03:09.446+0900] {logging_mixin.py:190} INFO - [2025-04-18T12:03:09.446+0900] {dag.py:4180} INFO - Setting next_dagrun for example_task_group_decorator to None, run_after=None
[2025-04-18T12:03:09.461+0900] {processor.py:208} INFO - Processing /home/kim/airflow_tutorial/py_env/lib/python3.10/site-packages/airflow/example_dags/example_task_group_decorator.py took 0.244 seconds
[2025-04-18T12:05:17.176+0900] {processor.py:186} INFO - Started process (PID=653528) to work on /home/kim/airflow_tutorial/py_env/lib/python3.10/site-packages/airflow/example_dags/example_task_group_decorator.py
[2025-04-18T12:05:17.177+0900] {processor.py:914} INFO - Processing file /home/kim/airflow_tutorial/py_env/lib/python3.10/site-packages/airflow/example_dags/example_task_group_decorator.py for tasks to queue
[2025-04-18T12:05:17.179+0900] {logging_mixin.py:190} INFO - [2025-04-18T12:05:17.178+0900] {dagbag.py:588} INFO - Filling up the DagBag from /home/kim/airflow_tutorial/py_env/lib/python3.10/site-packages/airflow/example_dags/example_task_group_decorator.py
[2025-04-18T12:05:17.192+0900] {processor.py:925} INFO - DAG(s) 'example_task_group_decorator' retrieved from /home/kim/airflow_tutorial/py_env/lib/python3.10/site-packages/airflow/example_dags/example_task_group_decorator.py
[2025-04-18T12:05:17.306+0900] {logging_mixin.py:190} INFO - [2025-04-18T12:05:17.306+0900] {dag.py:3239} INFO - Sync 1 DAGs
[2025-04-18T12:05:17.315+0900] {logging_mixin.py:190} INFO - [2025-04-18T12:05:17.315+0900] {dag.py:4180} INFO - Setting next_dagrun for example_task_group_decorator to None, run_after=None
[2025-04-18T12:05:17.333+0900] {processor.py:208} INFO - Processing /home/kim/airflow_tutorial/py_env/lib/python3.10/site-packages/airflow/example_dags/example_task_group_decorator.py took 0.162 seconds
[2025-04-18T12:05:47.384+0900] {processor.py:186} INFO - Started process (PID=653998) to work on /home/kim/airflow_tutorial/py_env/lib/python3.10/site-packages/airflow/example_dags/example_task_group_decorator.py
[2025-04-18T12:05:47.385+0900] {processor.py:914} INFO - Processing file /home/kim/airflow_tutorial/py_env/lib/python3.10/site-packages/airflow/example_dags/example_task_group_decorator.py for tasks to queue
[2025-04-18T12:05:47.386+0900] {logging_mixin.py:190} INFO - [2025-04-18T12:05:47.386+0900] {dagbag.py:588} INFO - Filling up the DagBag from /home/kim/airflow_tutorial/py_env/lib/python3.10/site-packages/airflow/example_dags/example_task_group_decorator.py
[2025-04-18T12:05:47.399+0900] {processor.py:925} INFO - DAG(s) 'example_task_group_decorator' retrieved from /home/kim/airflow_tutorial/py_env/lib/python3.10/site-packages/airflow/example_dags/example_task_group_decorator.py
[2025-04-18T12:05:47.428+0900] {logging_mixin.py:190} INFO - [2025-04-18T12:05:47.428+0900] {dag.py:3239} INFO - Sync 1 DAGs
[2025-04-18T12:05:47.442+0900] {logging_mixin.py:190} INFO - [2025-04-18T12:05:47.442+0900] {dag.py:4180} INFO - Setting next_dagrun for example_task_group_decorator to None, run_after=None
[2025-04-18T12:05:47.465+0900] {processor.py:208} INFO - Processing /home/kim/airflow_tutorial/py_env/lib/python3.10/site-packages/airflow/example_dags/example_task_group_decorator.py took 0.087 seconds
[2025-04-18T12:06:18.203+0900] {processor.py:186} INFO - Started process (PID=654383) to work on /home/kim/airflow_tutorial/py_env/lib/python3.10/site-packages/airflow/example_dags/example_task_group_decorator.py
[2025-04-18T12:06:18.203+0900] {processor.py:914} INFO - Processing file /home/kim/airflow_tutorial/py_env/lib/python3.10/site-packages/airflow/example_dags/example_task_group_decorator.py for tasks to queue
[2025-04-18T12:06:18.205+0900] {logging_mixin.py:190} INFO - [2025-04-18T12:06:18.205+0900] {dagbag.py:588} INFO - Filling up the DagBag from /home/kim/airflow_tutorial/py_env/lib/python3.10/site-packages/airflow/example_dags/example_task_group_decorator.py
[2025-04-18T12:06:18.219+0900] {processor.py:925} INFO - DAG(s) 'example_task_group_decorator' retrieved from /home/kim/airflow_tutorial/py_env/lib/python3.10/site-packages/airflow/example_dags/example_task_group_decorator.py
[2025-04-18T12:06:18.247+0900] {logging_mixin.py:190} INFO - [2025-04-18T12:06:18.247+0900] {dag.py:3239} INFO - Sync 1 DAGs
[2025-04-18T12:06:18.261+0900] {logging_mixin.py:190} INFO - [2025-04-18T12:06:18.261+0900] {dag.py:4180} INFO - Setting next_dagrun for example_task_group_decorator to None, run_after=None
[2025-04-18T12:06:18.283+0900] {processor.py:208} INFO - Processing /home/kim/airflow_tutorial/py_env/lib/python3.10/site-packages/airflow/example_dags/example_task_group_decorator.py took 0.087 seconds
