[2025-04-18T11:13:13.780+0900] {processor.py:186} INFO - Started process (PID=637794) to work on /home/kim/airflow_tutorial/py_env/lib/python3.10/site-packages/airflow/example_dags/example_nested_branch_dag.py
[2025-04-18T11:13:13.781+0900] {processor.py:914} INFO - Processing file /home/kim/airflow_tutorial/py_env/lib/python3.10/site-packages/airflow/example_dags/example_nested_branch_dag.py for tasks to queue
[2025-04-18T11:13:13.782+0900] {logging_mixin.py:190} INFO - [2025-04-18T11:13:13.782+0900] {dagbag.py:588} INFO - Filling up the DagBag from /home/kim/airflow_tutorial/py_env/lib/python3.10/site-packages/airflow/example_dags/example_nested_branch_dag.py
[2025-04-18T11:13:13.791+0900] {processor.py:925} INFO - DAG(s) 'example_nested_branch_dag' retrieved from /home/kim/airflow_tutorial/py_env/lib/python3.10/site-packages/airflow/example_dags/example_nested_branch_dag.py
[2025-04-18T11:13:13.943+0900] {logging_mixin.py:190} INFO - [2025-04-18T11:13:13.942+0900] {override.py:1912} INFO - Created Permission View: can delete on DAG:example_nested_branch_dag
[2025-04-18T11:13:13.951+0900] {logging_mixin.py:190} INFO - [2025-04-18T11:13:13.950+0900] {override.py:1912} INFO - Created Permission View: can edit on DAG:example_nested_branch_dag
[2025-04-18T11:13:13.957+0900] {logging_mixin.py:190} INFO - [2025-04-18T11:13:13.957+0900] {override.py:1912} INFO - Created Permission View: can read on DAG:example_nested_branch_dag
[2025-04-18T11:13:13.968+0900] {logging_mixin.py:190} INFO - [2025-04-18T11:13:13.967+0900] {override.py:1912} INFO - Created Permission View: can delete on DAG Run:example_nested_branch_dag
[2025-04-18T11:13:13.974+0900] {logging_mixin.py:190} INFO - [2025-04-18T11:13:13.974+0900] {override.py:1912} INFO - Created Permission View: can create on DAG Run:example_nested_branch_dag
[2025-04-18T11:13:13.980+0900] {logging_mixin.py:190} INFO - [2025-04-18T11:13:13.980+0900] {override.py:1912} INFO - Created Permission View: menu access on DAG Run:example_nested_branch_dag
[2025-04-18T11:13:13.987+0900] {logging_mixin.py:190} INFO - [2025-04-18T11:13:13.986+0900] {override.py:1912} INFO - Created Permission View: can read on DAG Run:example_nested_branch_dag
[2025-04-18T11:13:13.987+0900] {logging_mixin.py:190} INFO - [2025-04-18T11:13:13.987+0900] {dag.py:3239} INFO - Sync 1 DAGs
[2025-04-18T11:13:13.994+0900] {logging_mixin.py:190} INFO - [2025-04-18T11:13:13.993+0900] {dag.py:3262} INFO - Creating ORM DAG for example_nested_branch_dag
[2025-04-18T11:13:13.999+0900] {logging_mixin.py:190} INFO - [2025-04-18T11:13:13.999+0900] {dag.py:4180} INFO - Setting next_dagrun for example_nested_branch_dag to 2025-04-17 00:00:00+00:00, run_after=2025-04-18 00:00:00+00:00
[2025-04-18T11:13:14.013+0900] {processor.py:208} INFO - Processing /home/kim/airflow_tutorial/py_env/lib/python3.10/site-packages/airflow/example_dags/example_nested_branch_dag.py took 0.237 seconds
[2025-04-18T11:14:20.057+0900] {processor.py:186} INFO - Started process (PID=638192) to work on /home/kim/airflow_tutorial/py_env/lib/python3.10/site-packages/airflow/example_dags/example_nested_branch_dag.py
[2025-04-18T11:14:20.059+0900] {processor.py:914} INFO - Processing file /home/kim/airflow_tutorial/py_env/lib/python3.10/site-packages/airflow/example_dags/example_nested_branch_dag.py for tasks to queue
[2025-04-18T11:14:20.060+0900] {logging_mixin.py:190} INFO - [2025-04-18T11:14:20.060+0900] {dagbag.py:588} INFO - Filling up the DagBag from /home/kim/airflow_tutorial/py_env/lib/python3.10/site-packages/airflow/example_dags/example_nested_branch_dag.py
[2025-04-18T11:14:20.068+0900] {processor.py:925} INFO - DAG(s) 'example_nested_branch_dag' retrieved from /home/kim/airflow_tutorial/py_env/lib/python3.10/site-packages/airflow/example_dags/example_nested_branch_dag.py
[2025-04-18T11:14:20.079+0900] {logging_mixin.py:190} INFO - [2025-04-18T11:14:20.079+0900] {dag.py:3239} INFO - Sync 1 DAGs
[2025-04-18T11:14:20.091+0900] {logging_mixin.py:190} INFO - [2025-04-18T11:14:20.091+0900] {dag.py:4180} INFO - Setting next_dagrun for example_nested_branch_dag to 2025-04-17 00:00:00+00:00, run_after=2025-04-18 00:00:00+00:00
[2025-04-18T11:14:20.107+0900] {processor.py:208} INFO - Processing /home/kim/airflow_tutorial/py_env/lib/python3.10/site-packages/airflow/example_dags/example_nested_branch_dag.py took 0.054 seconds
[2025-04-18T11:15:19.160+0900] {processor.py:186} INFO - Started process (PID=638709) to work on /home/kim/airflow_tutorial/py_env/lib/python3.10/site-packages/airflow/example_dags/example_nested_branch_dag.py
[2025-04-18T11:15:19.163+0900] {processor.py:914} INFO - Processing file /home/kim/airflow_tutorial/py_env/lib/python3.10/site-packages/airflow/example_dags/example_nested_branch_dag.py for tasks to queue
[2025-04-18T11:15:19.164+0900] {logging_mixin.py:190} INFO - [2025-04-18T11:15:19.164+0900] {dagbag.py:588} INFO - Filling up the DagBag from /home/kim/airflow_tutorial/py_env/lib/python3.10/site-packages/airflow/example_dags/example_nested_branch_dag.py
[2025-04-18T11:15:19.182+0900] {processor.py:925} INFO - DAG(s) 'example_nested_branch_dag' retrieved from /home/kim/airflow_tutorial/py_env/lib/python3.10/site-packages/airflow/example_dags/example_nested_branch_dag.py
[2025-04-18T11:15:19.203+0900] {logging_mixin.py:190} INFO - [2025-04-18T11:15:19.203+0900] {dag.py:3239} INFO - Sync 1 DAGs
[2025-04-18T11:15:19.217+0900] {logging_mixin.py:190} INFO - [2025-04-18T11:15:19.217+0900] {dag.py:4180} INFO - Setting next_dagrun for example_nested_branch_dag to 2025-04-17 00:00:00+00:00, run_after=2025-04-18 00:00:00+00:00
[2025-04-18T11:15:19.233+0900] {processor.py:208} INFO - Processing /home/kim/airflow_tutorial/py_env/lib/python3.10/site-packages/airflow/example_dags/example_nested_branch_dag.py took 0.078 seconds
[2025-04-18T11:16:22.529+0900] {processor.py:186} INFO - Started process (PID=639241) to work on /home/kim/airflow_tutorial/py_env/lib/python3.10/site-packages/airflow/example_dags/example_nested_branch_dag.py
[2025-04-18T11:16:22.532+0900] {processor.py:914} INFO - Processing file /home/kim/airflow_tutorial/py_env/lib/python3.10/site-packages/airflow/example_dags/example_nested_branch_dag.py for tasks to queue
[2025-04-18T11:16:22.534+0900] {logging_mixin.py:190} INFO - [2025-04-18T11:16:22.533+0900] {dagbag.py:588} INFO - Filling up the DagBag from /home/kim/airflow_tutorial/py_env/lib/python3.10/site-packages/airflow/example_dags/example_nested_branch_dag.py
[2025-04-18T11:16:22.542+0900] {processor.py:925} INFO - DAG(s) 'example_nested_branch_dag' retrieved from /home/kim/airflow_tutorial/py_env/lib/python3.10/site-packages/airflow/example_dags/example_nested_branch_dag.py
[2025-04-18T11:16:22.552+0900] {logging_mixin.py:190} INFO - [2025-04-18T11:16:22.552+0900] {dag.py:3239} INFO - Sync 1 DAGs
[2025-04-18T11:16:22.565+0900] {logging_mixin.py:190} INFO - [2025-04-18T11:16:22.565+0900] {dag.py:4180} INFO - Setting next_dagrun for example_nested_branch_dag to 2025-04-17 00:00:00+00:00, run_after=2025-04-18 00:00:00+00:00
[2025-04-18T11:16:22.580+0900] {processor.py:208} INFO - Processing /home/kim/airflow_tutorial/py_env/lib/python3.10/site-packages/airflow/example_dags/example_nested_branch_dag.py took 0.056 seconds
[2025-04-18T11:17:19.364+0900] {processor.py:186} INFO - Started process (PID=639993) to work on /home/kim/airflow_tutorial/py_env/lib/python3.10/site-packages/airflow/example_dags/example_nested_branch_dag.py
[2025-04-18T11:17:19.366+0900] {processor.py:914} INFO - Processing file /home/kim/airflow_tutorial/py_env/lib/python3.10/site-packages/airflow/example_dags/example_nested_branch_dag.py for tasks to queue
[2025-04-18T11:17:19.368+0900] {logging_mixin.py:190} INFO - [2025-04-18T11:17:19.368+0900] {dagbag.py:588} INFO - Filling up the DagBag from /home/kim/airflow_tutorial/py_env/lib/python3.10/site-packages/airflow/example_dags/example_nested_branch_dag.py
[2025-04-18T11:17:19.377+0900] {processor.py:925} INFO - DAG(s) 'example_nested_branch_dag' retrieved from /home/kim/airflow_tutorial/py_env/lib/python3.10/site-packages/airflow/example_dags/example_nested_branch_dag.py
[2025-04-18T11:17:19.388+0900] {logging_mixin.py:190} INFO - [2025-04-18T11:17:19.388+0900] {dag.py:3239} INFO - Sync 1 DAGs
[2025-04-18T11:17:19.402+0900] {logging_mixin.py:190} INFO - [2025-04-18T11:17:19.402+0900] {dag.py:4180} INFO - Setting next_dagrun for example_nested_branch_dag to 2025-04-17 00:00:00+00:00, run_after=2025-04-18 00:00:00+00:00
[2025-04-18T11:17:19.417+0900] {processor.py:208} INFO - Processing /home/kim/airflow_tutorial/py_env/lib/python3.10/site-packages/airflow/example_dags/example_nested_branch_dag.py took 0.057 seconds
[2025-04-18T11:18:21.186+0900] {processor.py:186} INFO - Started process (PID=640449) to work on /home/kim/airflow_tutorial/py_env/lib/python3.10/site-packages/airflow/example_dags/example_nested_branch_dag.py
[2025-04-18T11:18:21.189+0900] {processor.py:914} INFO - Processing file /home/kim/airflow_tutorial/py_env/lib/python3.10/site-packages/airflow/example_dags/example_nested_branch_dag.py for tasks to queue
[2025-04-18T11:18:21.190+0900] {logging_mixin.py:190} INFO - [2025-04-18T11:18:21.190+0900] {dagbag.py:588} INFO - Filling up the DagBag from /home/kim/airflow_tutorial/py_env/lib/python3.10/site-packages/airflow/example_dags/example_nested_branch_dag.py
[2025-04-18T11:18:21.199+0900] {processor.py:925} INFO - DAG(s) 'example_nested_branch_dag' retrieved from /home/kim/airflow_tutorial/py_env/lib/python3.10/site-packages/airflow/example_dags/example_nested_branch_dag.py
[2025-04-18T11:18:21.209+0900] {logging_mixin.py:190} INFO - [2025-04-18T11:18:21.209+0900] {dag.py:3239} INFO - Sync 1 DAGs
[2025-04-18T11:18:21.224+0900] {logging_mixin.py:190} INFO - [2025-04-18T11:18:21.224+0900] {dag.py:4180} INFO - Setting next_dagrun for example_nested_branch_dag to 2025-04-17 00:00:00+00:00, run_after=2025-04-18 00:00:00+00:00
[2025-04-18T11:18:21.240+0900] {processor.py:208} INFO - Processing /home/kim/airflow_tutorial/py_env/lib/python3.10/site-packages/airflow/example_dags/example_nested_branch_dag.py took 0.063 seconds
[2025-04-18T11:19:21.407+0900] {processor.py:186} INFO - Started process (PID=640954) to work on /home/kim/airflow_tutorial/py_env/lib/python3.10/site-packages/airflow/example_dags/example_nested_branch_dag.py
[2025-04-18T11:19:21.410+0900] {processor.py:914} INFO - Processing file /home/kim/airflow_tutorial/py_env/lib/python3.10/site-packages/airflow/example_dags/example_nested_branch_dag.py for tasks to queue
[2025-04-18T11:19:21.412+0900] {logging_mixin.py:190} INFO - [2025-04-18T11:19:21.411+0900] {dagbag.py:588} INFO - Filling up the DagBag from /home/kim/airflow_tutorial/py_env/lib/python3.10/site-packages/airflow/example_dags/example_nested_branch_dag.py
[2025-04-18T11:19:21.422+0900] {processor.py:925} INFO - DAG(s) 'example_nested_branch_dag' retrieved from /home/kim/airflow_tutorial/py_env/lib/python3.10/site-packages/airflow/example_dags/example_nested_branch_dag.py
[2025-04-18T11:19:21.437+0900] {logging_mixin.py:190} INFO - [2025-04-18T11:19:21.437+0900] {dag.py:3239} INFO - Sync 1 DAGs
[2025-04-18T11:19:21.454+0900] {logging_mixin.py:190} INFO - [2025-04-18T11:19:21.454+0900] {dag.py:4180} INFO - Setting next_dagrun for example_nested_branch_dag to 2025-04-17 00:00:00+00:00, run_after=2025-04-18 00:00:00+00:00
[2025-04-18T11:19:21.473+0900] {processor.py:208} INFO - Processing /home/kim/airflow_tutorial/py_env/lib/python3.10/site-packages/airflow/example_dags/example_nested_branch_dag.py took 0.071 seconds
[2025-04-18T11:20:15.745+0900] {processor.py:186} INFO - Started process (PID=641237) to work on /home/kim/airflow_tutorial/py_env/lib/python3.10/site-packages/airflow/example_dags/example_nested_branch_dag.py
[2025-04-18T11:20:15.746+0900] {processor.py:914} INFO - Processing file /home/kim/airflow_tutorial/py_env/lib/python3.10/site-packages/airflow/example_dags/example_nested_branch_dag.py for tasks to queue
[2025-04-18T11:20:15.748+0900] {logging_mixin.py:190} INFO - [2025-04-18T11:20:15.747+0900] {dagbag.py:588} INFO - Filling up the DagBag from /home/kim/airflow_tutorial/py_env/lib/python3.10/site-packages/airflow/example_dags/example_nested_branch_dag.py
[2025-04-18T11:20:15.758+0900] {processor.py:925} INFO - DAG(s) 'example_nested_branch_dag' retrieved from /home/kim/airflow_tutorial/py_env/lib/python3.10/site-packages/airflow/example_dags/example_nested_branch_dag.py
[2025-04-18T11:20:15.773+0900] {logging_mixin.py:190} INFO - [2025-04-18T11:20:15.773+0900] {dag.py:3239} INFO - Sync 1 DAGs
[2025-04-18T11:20:15.794+0900] {logging_mixin.py:190} INFO - [2025-04-18T11:20:15.794+0900] {dag.py:4180} INFO - Setting next_dagrun for example_nested_branch_dag to 2025-04-17 00:00:00+00:00, run_after=2025-04-18 00:00:00+00:00
[2025-04-18T11:20:15.813+0900] {processor.py:208} INFO - Processing /home/kim/airflow_tutorial/py_env/lib/python3.10/site-packages/airflow/example_dags/example_nested_branch_dag.py took 0.074 seconds
[2025-04-18T11:21:16.517+0900] {processor.py:186} INFO - Started process (PID=641529) to work on /home/kim/airflow_tutorial/py_env/lib/python3.10/site-packages/airflow/example_dags/example_nested_branch_dag.py
[2025-04-18T11:21:16.522+0900] {processor.py:914} INFO - Processing file /home/kim/airflow_tutorial/py_env/lib/python3.10/site-packages/airflow/example_dags/example_nested_branch_dag.py for tasks to queue
[2025-04-18T11:21:16.527+0900] {logging_mixin.py:190} INFO - [2025-04-18T11:21:16.526+0900] {dagbag.py:588} INFO - Filling up the DagBag from /home/kim/airflow_tutorial/py_env/lib/python3.10/site-packages/airflow/example_dags/example_nested_branch_dag.py
[2025-04-18T11:21:16.539+0900] {processor.py:925} INFO - DAG(s) 'example_nested_branch_dag' retrieved from /home/kim/airflow_tutorial/py_env/lib/python3.10/site-packages/airflow/example_dags/example_nested_branch_dag.py
[2025-04-18T11:21:16.551+0900] {logging_mixin.py:190} INFO - [2025-04-18T11:21:16.551+0900] {dag.py:3239} INFO - Sync 1 DAGs
[2025-04-18T11:21:16.565+0900] {logging_mixin.py:190} INFO - [2025-04-18T11:21:16.565+0900] {dag.py:4180} INFO - Setting next_dagrun for example_nested_branch_dag to 2025-04-17 00:00:00+00:00, run_after=2025-04-18 00:00:00+00:00
[2025-04-18T11:21:16.579+0900] {processor.py:208} INFO - Processing /home/kim/airflow_tutorial/py_env/lib/python3.10/site-packages/airflow/example_dags/example_nested_branch_dag.py took 0.076 seconds
[2025-04-18T11:22:18.194+0900] {processor.py:186} INFO - Started process (PID=641828) to work on /home/kim/airflow_tutorial/py_env/lib/python3.10/site-packages/airflow/example_dags/example_nested_branch_dag.py
[2025-04-18T11:22:18.195+0900] {processor.py:914} INFO - Processing file /home/kim/airflow_tutorial/py_env/lib/python3.10/site-packages/airflow/example_dags/example_nested_branch_dag.py for tasks to queue
[2025-04-18T11:22:18.197+0900] {logging_mixin.py:190} INFO - [2025-04-18T11:22:18.197+0900] {dagbag.py:588} INFO - Filling up the DagBag from /home/kim/airflow_tutorial/py_env/lib/python3.10/site-packages/airflow/example_dags/example_nested_branch_dag.py
[2025-04-18T11:22:18.206+0900] {processor.py:925} INFO - DAG(s) 'example_nested_branch_dag' retrieved from /home/kim/airflow_tutorial/py_env/lib/python3.10/site-packages/airflow/example_dags/example_nested_branch_dag.py
[2025-04-18T11:22:18.218+0900] {logging_mixin.py:190} INFO - [2025-04-18T11:22:18.218+0900] {dag.py:3239} INFO - Sync 1 DAGs
[2025-04-18T11:22:18.232+0900] {logging_mixin.py:190} INFO - [2025-04-18T11:22:18.232+0900] {dag.py:4180} INFO - Setting next_dagrun for example_nested_branch_dag to 2025-04-17 00:00:00+00:00, run_after=2025-04-18 00:00:00+00:00
[2025-04-18T11:22:18.246+0900] {processor.py:208} INFO - Processing /home/kim/airflow_tutorial/py_env/lib/python3.10/site-packages/airflow/example_dags/example_nested_branch_dag.py took 0.057 seconds
[2025-04-18T11:23:19.641+0900] {processor.py:186} INFO - Started process (PID=642282) to work on /home/kim/airflow_tutorial/py_env/lib/python3.10/site-packages/airflow/example_dags/example_nested_branch_dag.py
[2025-04-18T11:23:19.642+0900] {processor.py:914} INFO - Processing file /home/kim/airflow_tutorial/py_env/lib/python3.10/site-packages/airflow/example_dags/example_nested_branch_dag.py for tasks to queue
[2025-04-18T11:23:19.644+0900] {logging_mixin.py:190} INFO - [2025-04-18T11:23:19.643+0900] {dagbag.py:588} INFO - Filling up the DagBag from /home/kim/airflow_tutorial/py_env/lib/python3.10/site-packages/airflow/example_dags/example_nested_branch_dag.py
[2025-04-18T11:23:19.652+0900] {processor.py:925} INFO - DAG(s) 'example_nested_branch_dag' retrieved from /home/kim/airflow_tutorial/py_env/lib/python3.10/site-packages/airflow/example_dags/example_nested_branch_dag.py
[2025-04-18T11:23:19.663+0900] {logging_mixin.py:190} INFO - [2025-04-18T11:23:19.663+0900] {dag.py:3239} INFO - Sync 1 DAGs
[2025-04-18T11:23:19.677+0900] {logging_mixin.py:190} INFO - [2025-04-18T11:23:19.676+0900] {dag.py:4180} INFO - Setting next_dagrun for example_nested_branch_dag to 2025-04-17 00:00:00+00:00, run_after=2025-04-18 00:00:00+00:00
[2025-04-18T11:23:19.691+0900] {processor.py:208} INFO - Processing /home/kim/airflow_tutorial/py_env/lib/python3.10/site-packages/airflow/example_dags/example_nested_branch_dag.py took 0.055 seconds
[2025-04-18T11:24:15.721+0900] {processor.py:186} INFO - Started process (PID=642637) to work on /home/kim/airflow_tutorial/py_env/lib/python3.10/site-packages/airflow/example_dags/example_nested_branch_dag.py
[2025-04-18T11:24:15.724+0900] {processor.py:914} INFO - Processing file /home/kim/airflow_tutorial/py_env/lib/python3.10/site-packages/airflow/example_dags/example_nested_branch_dag.py for tasks to queue
[2025-04-18T11:24:15.726+0900] {logging_mixin.py:190} INFO - [2025-04-18T11:24:15.725+0900] {dagbag.py:588} INFO - Filling up the DagBag from /home/kim/airflow_tutorial/py_env/lib/python3.10/site-packages/airflow/example_dags/example_nested_branch_dag.py
[2025-04-18T11:24:15.734+0900] {processor.py:925} INFO - DAG(s) 'example_nested_branch_dag' retrieved from /home/kim/airflow_tutorial/py_env/lib/python3.10/site-packages/airflow/example_dags/example_nested_branch_dag.py
[2025-04-18T11:24:15.746+0900] {logging_mixin.py:190} INFO - [2025-04-18T11:24:15.746+0900] {dag.py:3239} INFO - Sync 1 DAGs
[2025-04-18T11:24:15.760+0900] {logging_mixin.py:190} INFO - [2025-04-18T11:24:15.760+0900] {dag.py:4180} INFO - Setting next_dagrun for example_nested_branch_dag to 2025-04-17 00:00:00+00:00, run_after=2025-04-18 00:00:00+00:00
[2025-04-18T11:24:15.774+0900] {processor.py:208} INFO - Processing /home/kim/airflow_tutorial/py_env/lib/python3.10/site-packages/airflow/example_dags/example_nested_branch_dag.py took 0.057 seconds
[2025-04-18T11:25:18.107+0900] {processor.py:186} INFO - Started process (PID=643037) to work on /home/kim/airflow_tutorial/py_env/lib/python3.10/site-packages/airflow/example_dags/example_nested_branch_dag.py
[2025-04-18T11:25:18.108+0900] {processor.py:914} INFO - Processing file /home/kim/airflow_tutorial/py_env/lib/python3.10/site-packages/airflow/example_dags/example_nested_branch_dag.py for tasks to queue
[2025-04-18T11:25:18.110+0900] {logging_mixin.py:190} INFO - [2025-04-18T11:25:18.110+0900] {dagbag.py:588} INFO - Filling up the DagBag from /home/kim/airflow_tutorial/py_env/lib/python3.10/site-packages/airflow/example_dags/example_nested_branch_dag.py
[2025-04-18T11:25:18.118+0900] {processor.py:925} INFO - DAG(s) 'example_nested_branch_dag' retrieved from /home/kim/airflow_tutorial/py_env/lib/python3.10/site-packages/airflow/example_dags/example_nested_branch_dag.py
[2025-04-18T11:25:18.128+0900] {logging_mixin.py:190} INFO - [2025-04-18T11:25:18.128+0900] {dag.py:3239} INFO - Sync 1 DAGs
[2025-04-18T11:25:18.141+0900] {logging_mixin.py:190} INFO - [2025-04-18T11:25:18.141+0900] {dag.py:4180} INFO - Setting next_dagrun for example_nested_branch_dag to 2025-04-17 00:00:00+00:00, run_after=2025-04-18 00:00:00+00:00
[2025-04-18T11:25:18.159+0900] {processor.py:208} INFO - Processing /home/kim/airflow_tutorial/py_env/lib/python3.10/site-packages/airflow/example_dags/example_nested_branch_dag.py took 0.057 seconds
[2025-04-18T12:03:10.971+0900] {processor.py:186} INFO - Started process (PID=651747) to work on /home/kim/airflow_tutorial/py_env/lib/python3.10/site-packages/airflow/example_dags/example_nested_branch_dag.py
[2025-04-18T12:03:10.972+0900] {processor.py:914} INFO - Processing file /home/kim/airflow_tutorial/py_env/lib/python3.10/site-packages/airflow/example_dags/example_nested_branch_dag.py for tasks to queue
[2025-04-18T12:03:10.974+0900] {logging_mixin.py:190} INFO - [2025-04-18T12:03:10.973+0900] {dagbag.py:588} INFO - Filling up the DagBag from /home/kim/airflow_tutorial/py_env/lib/python3.10/site-packages/airflow/example_dags/example_nested_branch_dag.py
[2025-04-18T12:03:10.982+0900] {processor.py:925} INFO - DAG(s) 'example_nested_branch_dag' retrieved from /home/kim/airflow_tutorial/py_env/lib/python3.10/site-packages/airflow/example_dags/example_nested_branch_dag.py
[2025-04-18T12:03:11.145+0900] {logging_mixin.py:190} INFO - [2025-04-18T12:03:11.144+0900] {override.py:1912} INFO - Created Permission View: can read on DAG:example_nested_branch_dag
[2025-04-18T12:03:11.154+0900] {logging_mixin.py:190} INFO - [2025-04-18T12:03:11.154+0900] {override.py:1912} INFO - Created Permission View: can edit on DAG:example_nested_branch_dag
[2025-04-18T12:03:11.162+0900] {logging_mixin.py:190} INFO - [2025-04-18T12:03:11.162+0900] {override.py:1912} INFO - Created Permission View: can delete on DAG:example_nested_branch_dag
[2025-04-18T12:03:11.171+0900] {logging_mixin.py:190} INFO - [2025-04-18T12:03:11.170+0900] {override.py:1912} INFO - Created Permission View: can read on DAG Run:example_nested_branch_dag
[2025-04-18T12:03:11.178+0900] {logging_mixin.py:190} INFO - [2025-04-18T12:03:11.178+0900] {override.py:1912} INFO - Created Permission View: can create on DAG Run:example_nested_branch_dag
[2025-04-18T12:03:11.185+0900] {logging_mixin.py:190} INFO - [2025-04-18T12:03:11.185+0900] {override.py:1912} INFO - Created Permission View: menu access on DAG Run:example_nested_branch_dag
[2025-04-18T12:03:11.192+0900] {logging_mixin.py:190} INFO - [2025-04-18T12:03:11.192+0900] {override.py:1912} INFO - Created Permission View: can delete on DAG Run:example_nested_branch_dag
[2025-04-18T12:03:11.193+0900] {logging_mixin.py:190} INFO - [2025-04-18T12:03:11.193+0900] {dag.py:3239} INFO - Sync 1 DAGs
[2025-04-18T12:03:11.201+0900] {logging_mixin.py:190} INFO - [2025-04-18T12:03:11.201+0900] {dag.py:3262} INFO - Creating ORM DAG for example_nested_branch_dag
[2025-04-18T12:03:11.208+0900] {logging_mixin.py:190} INFO - [2025-04-18T12:03:11.208+0900] {dag.py:4180} INFO - Setting next_dagrun for example_nested_branch_dag to 2025-04-17 00:00:00+00:00, run_after=2025-04-18 00:00:00+00:00
[2025-04-18T12:03:11.225+0900] {processor.py:208} INFO - Processing /home/kim/airflow_tutorial/py_env/lib/python3.10/site-packages/airflow/example_dags/example_nested_branch_dag.py took 0.258 seconds
[2025-04-18T12:05:18.071+0900] {processor.py:186} INFO - Started process (PID=653573) to work on /home/kim/airflow_tutorial/py_env/lib/python3.10/site-packages/airflow/example_dags/example_nested_branch_dag.py
[2025-04-18T12:05:18.073+0900] {processor.py:914} INFO - Processing file /home/kim/airflow_tutorial/py_env/lib/python3.10/site-packages/airflow/example_dags/example_nested_branch_dag.py for tasks to queue
[2025-04-18T12:05:18.074+0900] {logging_mixin.py:190} INFO - [2025-04-18T12:05:18.074+0900] {dagbag.py:588} INFO - Filling up the DagBag from /home/kim/airflow_tutorial/py_env/lib/python3.10/site-packages/airflow/example_dags/example_nested_branch_dag.py
[2025-04-18T12:05:18.083+0900] {processor.py:925} INFO - DAG(s) 'example_nested_branch_dag' retrieved from /home/kim/airflow_tutorial/py_env/lib/python3.10/site-packages/airflow/example_dags/example_nested_branch_dag.py
[2025-04-18T12:05:18.180+0900] {logging_mixin.py:190} INFO - [2025-04-18T12:05:18.179+0900] {dag.py:3239} INFO - Sync 1 DAGs
[2025-04-18T12:05:18.196+0900] {logging_mixin.py:190} INFO - [2025-04-18T12:05:18.196+0900] {dag.py:4180} INFO - Setting next_dagrun for example_nested_branch_dag to 2025-04-17 00:00:00+00:00, run_after=2025-04-18 00:00:00+00:00
[2025-04-18T12:05:18.214+0900] {processor.py:208} INFO - Processing /home/kim/airflow_tutorial/py_env/lib/python3.10/site-packages/airflow/example_dags/example_nested_branch_dag.py took 0.147 seconds
[2025-04-18T12:05:49.050+0900] {processor.py:186} INFO - Started process (PID=654053) to work on /home/kim/airflow_tutorial/py_env/lib/python3.10/site-packages/airflow/example_dags/example_nested_branch_dag.py
[2025-04-18T12:05:49.051+0900] {processor.py:914} INFO - Processing file /home/kim/airflow_tutorial/py_env/lib/python3.10/site-packages/airflow/example_dags/example_nested_branch_dag.py for tasks to queue
[2025-04-18T12:05:49.053+0900] {logging_mixin.py:190} INFO - [2025-04-18T12:05:49.053+0900] {dagbag.py:588} INFO - Filling up the DagBag from /home/kim/airflow_tutorial/py_env/lib/python3.10/site-packages/airflow/example_dags/example_nested_branch_dag.py
[2025-04-18T12:05:49.063+0900] {processor.py:925} INFO - DAG(s) 'example_nested_branch_dag' retrieved from /home/kim/airflow_tutorial/py_env/lib/python3.10/site-packages/airflow/example_dags/example_nested_branch_dag.py
[2025-04-18T12:05:49.086+0900] {logging_mixin.py:190} INFO - [2025-04-18T12:05:49.085+0900] {dag.py:3239} INFO - Sync 1 DAGs
[2025-04-18T12:05:49.109+0900] {logging_mixin.py:190} INFO - [2025-04-18T12:05:49.109+0900] {dag.py:4180} INFO - Setting next_dagrun for example_nested_branch_dag to 2025-04-17 00:00:00+00:00, run_after=2025-04-18 00:00:00+00:00
[2025-04-18T12:05:49.131+0900] {processor.py:208} INFO - Processing /home/kim/airflow_tutorial/py_env/lib/python3.10/site-packages/airflow/example_dags/example_nested_branch_dag.py took 0.087 seconds
[2025-04-18T12:06:19.819+0900] {processor.py:186} INFO - Started process (PID=654436) to work on /home/kim/airflow_tutorial/py_env/lib/python3.10/site-packages/airflow/example_dags/example_nested_branch_dag.py
[2025-04-18T12:06:19.820+0900] {processor.py:914} INFO - Processing file /home/kim/airflow_tutorial/py_env/lib/python3.10/site-packages/airflow/example_dags/example_nested_branch_dag.py for tasks to queue
[2025-04-18T12:06:19.823+0900] {logging_mixin.py:190} INFO - [2025-04-18T12:06:19.822+0900] {dagbag.py:588} INFO - Filling up the DagBag from /home/kim/airflow_tutorial/py_env/lib/python3.10/site-packages/airflow/example_dags/example_nested_branch_dag.py
[2025-04-18T12:06:19.835+0900] {processor.py:925} INFO - DAG(s) 'example_nested_branch_dag' retrieved from /home/kim/airflow_tutorial/py_env/lib/python3.10/site-packages/airflow/example_dags/example_nested_branch_dag.py
[2025-04-18T12:06:19.862+0900] {logging_mixin.py:190} INFO - [2025-04-18T12:06:19.862+0900] {dag.py:3239} INFO - Sync 1 DAGs
[2025-04-18T12:06:19.884+0900] {logging_mixin.py:190} INFO - [2025-04-18T12:06:19.883+0900] {dag.py:4180} INFO - Setting next_dagrun for example_nested_branch_dag to 2025-04-17 00:00:00+00:00, run_after=2025-04-18 00:00:00+00:00
[2025-04-18T12:06:19.907+0900] {processor.py:208} INFO - Processing /home/kim/airflow_tutorial/py_env/lib/python3.10/site-packages/airflow/example_dags/example_nested_branch_dag.py took 0.094 seconds
