[2025-04-18T11:14:02.545+0900] {processor.py:186} INFO - Started process (PID=638034) to work on /home/kim/airflow_tutorial/py_env/lib/python3.10/site-packages/airflow/example_dags/example_branch_operator.py
[2025-04-18T11:14:02.545+0900] {processor.py:914} INFO - Processing file /home/kim/airflow_tutorial/py_env/lib/python3.10/site-packages/airflow/example_dags/example_branch_operator.py for tasks to queue
[2025-04-18T11:14:02.547+0900] {logging_mixin.py:190} INFO - [2025-04-18T11:14:02.546+0900] {dagbag.py:588} INFO - Filling up the DagBag from /home/kim/airflow_tutorial/py_env/lib/python3.10/site-packages/airflow/example_dags/example_branch_operator.py
[2025-04-18T11:14:02.561+0900] {processor.py:925} INFO - DAG(s) 'example_branch_operator' retrieved from /home/kim/airflow_tutorial/py_env/lib/python3.10/site-packages/airflow/example_dags/example_branch_operator.py
[2025-04-18T11:14:02.650+0900] {logging_mixin.py:190} INFO - [2025-04-18T11:14:02.650+0900] {override.py:1912} INFO - Created Permission View: can delete on DAG:example_branch_operator
[2025-04-18T11:14:02.659+0900] {logging_mixin.py:190} INFO - [2025-04-18T11:14:02.659+0900] {override.py:1912} INFO - Created Permission View: can edit on DAG:example_branch_operator
[2025-04-18T11:14:02.667+0900] {logging_mixin.py:190} INFO - [2025-04-18T11:14:02.666+0900] {override.py:1912} INFO - Created Permission View: can read on DAG:example_branch_operator
[2025-04-18T11:14:02.678+0900] {logging_mixin.py:190} INFO - [2025-04-18T11:14:02.678+0900] {override.py:1912} INFO - Created Permission View: can delete on DAG Run:example_branch_operator
[2025-04-18T11:14:02.685+0900] {logging_mixin.py:190} INFO - [2025-04-18T11:14:02.685+0900] {override.py:1912} INFO - Created Permission View: can create on DAG Run:example_branch_operator
[2025-04-18T11:14:02.691+0900] {logging_mixin.py:190} INFO - [2025-04-18T11:14:02.691+0900] {override.py:1912} INFO - Created Permission View: menu access on DAG Run:example_branch_operator
[2025-04-18T11:14:02.697+0900] {logging_mixin.py:190} INFO - [2025-04-18T11:14:02.697+0900] {override.py:1912} INFO - Created Permission View: can read on DAG Run:example_branch_operator
[2025-04-18T11:14:02.697+0900] {logging_mixin.py:190} INFO - [2025-04-18T11:14:02.697+0900] {dag.py:3239} INFO - Sync 1 DAGs
[2025-04-18T11:14:02.706+0900] {logging_mixin.py:190} INFO - [2025-04-18T11:14:02.706+0900] {dag.py:3262} INFO - Creating ORM DAG for example_branch_operator
[2025-04-18T11:14:02.712+0900] {logging_mixin.py:190} INFO - [2025-04-18T11:14:02.712+0900] {dag.py:4180} INFO - Setting next_dagrun for example_branch_operator to 2025-04-17 00:00:00+00:00, run_after=2025-04-18 00:00:00+00:00
[2025-04-18T11:14:02.727+0900] {processor.py:208} INFO - Processing /home/kim/airflow_tutorial/py_env/lib/python3.10/site-packages/airflow/example_dags/example_branch_operator.py took 0.187 seconds
[2025-04-18T11:15:05.851+0900] {processor.py:186} INFO - Started process (PID=638585) to work on /home/kim/airflow_tutorial/py_env/lib/python3.10/site-packages/airflow/example_dags/example_branch_operator.py
[2025-04-18T11:15:05.854+0900] {processor.py:914} INFO - Processing file /home/kim/airflow_tutorial/py_env/lib/python3.10/site-packages/airflow/example_dags/example_branch_operator.py for tasks to queue
[2025-04-18T11:15:05.855+0900] {logging_mixin.py:190} INFO - [2025-04-18T11:15:05.855+0900] {dagbag.py:588} INFO - Filling up the DagBag from /home/kim/airflow_tutorial/py_env/lib/python3.10/site-packages/airflow/example_dags/example_branch_operator.py
[2025-04-18T11:15:05.868+0900] {processor.py:925} INFO - DAG(s) 'example_branch_operator' retrieved from /home/kim/airflow_tutorial/py_env/lib/python3.10/site-packages/airflow/example_dags/example_branch_operator.py
[2025-04-18T11:15:05.884+0900] {logging_mixin.py:190} INFO - [2025-04-18T11:15:05.884+0900] {dag.py:3239} INFO - Sync 1 DAGs
[2025-04-18T11:15:05.899+0900] {logging_mixin.py:190} INFO - [2025-04-18T11:15:05.898+0900] {dag.py:4180} INFO - Setting next_dagrun for example_branch_operator to 2025-04-17 00:00:00+00:00, run_after=2025-04-18 00:00:00+00:00
[2025-04-18T11:15:05.916+0900] {processor.py:208} INFO - Processing /home/kim/airflow_tutorial/py_env/lib/python3.10/site-packages/airflow/example_dags/example_branch_operator.py took 0.069 seconds
[2025-04-18T11:16:02.010+0900] {processor.py:186} INFO - Started process (PID=638874) to work on /home/kim/airflow_tutorial/py_env/lib/python3.10/site-packages/airflow/example_dags/example_branch_operator.py
[2025-04-18T11:16:02.013+0900] {processor.py:914} INFO - Processing file /home/kim/airflow_tutorial/py_env/lib/python3.10/site-packages/airflow/example_dags/example_branch_operator.py for tasks to queue
[2025-04-18T11:16:02.015+0900] {logging_mixin.py:190} INFO - [2025-04-18T11:16:02.014+0900] {dagbag.py:588} INFO - Filling up the DagBag from /home/kim/airflow_tutorial/py_env/lib/python3.10/site-packages/airflow/example_dags/example_branch_operator.py
[2025-04-18T11:16:02.029+0900] {processor.py:925} INFO - DAG(s) 'example_branch_operator' retrieved from /home/kim/airflow_tutorial/py_env/lib/python3.10/site-packages/airflow/example_dags/example_branch_operator.py
[2025-04-18T11:16:02.048+0900] {logging_mixin.py:190} INFO - [2025-04-18T11:16:02.047+0900] {dag.py:3239} INFO - Sync 1 DAGs
[2025-04-18T11:16:02.066+0900] {logging_mixin.py:190} INFO - [2025-04-18T11:16:02.065+0900] {dag.py:4180} INFO - Setting next_dagrun for example_branch_operator to 2025-04-17 00:00:00+00:00, run_after=2025-04-18 00:00:00+00:00
[2025-04-18T11:16:02.084+0900] {processor.py:208} INFO - Processing /home/kim/airflow_tutorial/py_env/lib/python3.10/site-packages/airflow/example_dags/example_branch_operator.py took 0.079 seconds
[2025-04-18T11:17:01.539+0900] {processor.py:186} INFO - Started process (PID=639683) to work on /home/kim/airflow_tutorial/py_env/lib/python3.10/site-packages/airflow/example_dags/example_branch_operator.py
[2025-04-18T11:17:01.541+0900] {processor.py:914} INFO - Processing file /home/kim/airflow_tutorial/py_env/lib/python3.10/site-packages/airflow/example_dags/example_branch_operator.py for tasks to queue
[2025-04-18T11:17:01.543+0900] {logging_mixin.py:190} INFO - [2025-04-18T11:17:01.542+0900] {dagbag.py:588} INFO - Filling up the DagBag from /home/kim/airflow_tutorial/py_env/lib/python3.10/site-packages/airflow/example_dags/example_branch_operator.py
[2025-04-18T11:17:01.556+0900] {processor.py:925} INFO - DAG(s) 'example_branch_operator' retrieved from /home/kim/airflow_tutorial/py_env/lib/python3.10/site-packages/airflow/example_dags/example_branch_operator.py
[2025-04-18T11:17:01.572+0900] {logging_mixin.py:190} INFO - [2025-04-18T11:17:01.572+0900] {dag.py:3239} INFO - Sync 1 DAGs
[2025-04-18T11:17:01.586+0900] {logging_mixin.py:190} INFO - [2025-04-18T11:17:01.586+0900] {dag.py:4180} INFO - Setting next_dagrun for example_branch_operator to 2025-04-17 00:00:00+00:00, run_after=2025-04-18 00:00:00+00:00
[2025-04-18T11:17:01.599+0900] {processor.py:208} INFO - Processing /home/kim/airflow_tutorial/py_env/lib/python3.10/site-packages/airflow/example_dags/example_branch_operator.py took 0.065 seconds
[2025-04-18T11:18:02.848+0900] {processor.py:186} INFO - Started process (PID=640311) to work on /home/kim/airflow_tutorial/py_env/lib/python3.10/site-packages/airflow/example_dags/example_branch_operator.py
[2025-04-18T11:18:02.849+0900] {processor.py:914} INFO - Processing file /home/kim/airflow_tutorial/py_env/lib/python3.10/site-packages/airflow/example_dags/example_branch_operator.py for tasks to queue
[2025-04-18T11:18:02.851+0900] {logging_mixin.py:190} INFO - [2025-04-18T11:18:02.851+0900] {dagbag.py:588} INFO - Filling up the DagBag from /home/kim/airflow_tutorial/py_env/lib/python3.10/site-packages/airflow/example_dags/example_branch_operator.py
[2025-04-18T11:18:02.865+0900] {processor.py:925} INFO - DAG(s) 'example_branch_operator' retrieved from /home/kim/airflow_tutorial/py_env/lib/python3.10/site-packages/airflow/example_dags/example_branch_operator.py
[2025-04-18T11:18:02.887+0900] {logging_mixin.py:190} INFO - [2025-04-18T11:18:02.886+0900] {dag.py:3239} INFO - Sync 1 DAGs
[2025-04-18T11:18:02.905+0900] {logging_mixin.py:190} INFO - [2025-04-18T11:18:02.905+0900] {dag.py:4180} INFO - Setting next_dagrun for example_branch_operator to 2025-04-17 00:00:00+00:00, run_after=2025-04-18 00:00:00+00:00
[2025-04-18T11:18:02.922+0900] {processor.py:208} INFO - Processing /home/kim/airflow_tutorial/py_env/lib/python3.10/site-packages/airflow/example_dags/example_branch_operator.py took 0.078 seconds
[2025-04-18T11:19:02.371+0900] {processor.py:186} INFO - Started process (PID=640817) to work on /home/kim/airflow_tutorial/py_env/lib/python3.10/site-packages/airflow/example_dags/example_branch_operator.py
[2025-04-18T11:19:02.373+0900] {processor.py:914} INFO - Processing file /home/kim/airflow_tutorial/py_env/lib/python3.10/site-packages/airflow/example_dags/example_branch_operator.py for tasks to queue
[2025-04-18T11:19:02.375+0900] {logging_mixin.py:190} INFO - [2025-04-18T11:19:02.375+0900] {dagbag.py:588} INFO - Filling up the DagBag from /home/kim/airflow_tutorial/py_env/lib/python3.10/site-packages/airflow/example_dags/example_branch_operator.py
[2025-04-18T11:19:02.389+0900] {processor.py:925} INFO - DAG(s) 'example_branch_operator' retrieved from /home/kim/airflow_tutorial/py_env/lib/python3.10/site-packages/airflow/example_dags/example_branch_operator.py
[2025-04-18T11:19:02.406+0900] {logging_mixin.py:190} INFO - [2025-04-18T11:19:02.406+0900] {dag.py:3239} INFO - Sync 1 DAGs
[2025-04-18T11:19:02.421+0900] {logging_mixin.py:190} INFO - [2025-04-18T11:19:02.421+0900] {dag.py:4180} INFO - Setting next_dagrun for example_branch_operator to 2025-04-17 00:00:00+00:00, run_after=2025-04-18 00:00:00+00:00
[2025-04-18T11:19:02.438+0900] {processor.py:208} INFO - Processing /home/kim/airflow_tutorial/py_env/lib/python3.10/site-packages/airflow/example_dags/example_branch_operator.py took 0.072 seconds
[2025-04-18T11:20:01.563+0900] {processor.py:186} INFO - Started process (PID=641108) to work on /home/kim/airflow_tutorial/py_env/lib/python3.10/site-packages/airflow/example_dags/example_branch_operator.py
[2025-04-18T11:20:01.566+0900] {processor.py:914} INFO - Processing file /home/kim/airflow_tutorial/py_env/lib/python3.10/site-packages/airflow/example_dags/example_branch_operator.py for tasks to queue
[2025-04-18T11:20:01.568+0900] {logging_mixin.py:190} INFO - [2025-04-18T11:20:01.567+0900] {dagbag.py:588} INFO - Filling up the DagBag from /home/kim/airflow_tutorial/py_env/lib/python3.10/site-packages/airflow/example_dags/example_branch_operator.py
[2025-04-18T11:20:01.584+0900] {processor.py:925} INFO - DAG(s) 'example_branch_operator' retrieved from /home/kim/airflow_tutorial/py_env/lib/python3.10/site-packages/airflow/example_dags/example_branch_operator.py
[2025-04-18T11:20:01.604+0900] {logging_mixin.py:190} INFO - [2025-04-18T11:20:01.604+0900] {dag.py:3239} INFO - Sync 1 DAGs
[2025-04-18T11:20:01.624+0900] {logging_mixin.py:190} INFO - [2025-04-18T11:20:01.623+0900] {dag.py:4180} INFO - Setting next_dagrun for example_branch_operator to 2025-04-17 00:00:00+00:00, run_after=2025-04-18 00:00:00+00:00
[2025-04-18T11:20:01.645+0900] {processor.py:208} INFO - Processing /home/kim/airflow_tutorial/py_env/lib/python3.10/site-packages/airflow/example_dags/example_branch_operator.py took 0.088 seconds
[2025-04-18T11:21:01.716+0900] {processor.py:186} INFO - Started process (PID=641401) to work on /home/kim/airflow_tutorial/py_env/lib/python3.10/site-packages/airflow/example_dags/example_branch_operator.py
[2025-04-18T11:21:01.717+0900] {processor.py:914} INFO - Processing file /home/kim/airflow_tutorial/py_env/lib/python3.10/site-packages/airflow/example_dags/example_branch_operator.py for tasks to queue
[2025-04-18T11:21:01.719+0900] {logging_mixin.py:190} INFO - [2025-04-18T11:21:01.719+0900] {dagbag.py:588} INFO - Filling up the DagBag from /home/kim/airflow_tutorial/py_env/lib/python3.10/site-packages/airflow/example_dags/example_branch_operator.py
[2025-04-18T11:21:01.732+0900] {processor.py:925} INFO - DAG(s) 'example_branch_operator' retrieved from /home/kim/airflow_tutorial/py_env/lib/python3.10/site-packages/airflow/example_dags/example_branch_operator.py
[2025-04-18T11:21:01.749+0900] {logging_mixin.py:190} INFO - [2025-04-18T11:21:01.749+0900] {dag.py:3239} INFO - Sync 1 DAGs
[2025-04-18T11:21:01.771+0900] {logging_mixin.py:190} INFO - [2025-04-18T11:21:01.771+0900] {dag.py:4180} INFO - Setting next_dagrun for example_branch_operator to 2025-04-17 00:00:00+00:00, run_after=2025-04-18 00:00:00+00:00
[2025-04-18T11:21:01.792+0900] {processor.py:208} INFO - Processing /home/kim/airflow_tutorial/py_env/lib/python3.10/site-packages/airflow/example_dags/example_branch_operator.py took 0.081 seconds
[2025-04-18T11:22:03.927+0900] {processor.py:186} INFO - Started process (PID=641694) to work on /home/kim/airflow_tutorial/py_env/lib/python3.10/site-packages/airflow/example_dags/example_branch_operator.py
[2025-04-18T11:22:03.930+0900] {processor.py:914} INFO - Processing file /home/kim/airflow_tutorial/py_env/lib/python3.10/site-packages/airflow/example_dags/example_branch_operator.py for tasks to queue
[2025-04-18T11:22:03.931+0900] {logging_mixin.py:190} INFO - [2025-04-18T11:22:03.931+0900] {dagbag.py:588} INFO - Filling up the DagBag from /home/kim/airflow_tutorial/py_env/lib/python3.10/site-packages/airflow/example_dags/example_branch_operator.py
[2025-04-18T11:22:03.945+0900] {processor.py:925} INFO - DAG(s) 'example_branch_operator' retrieved from /home/kim/airflow_tutorial/py_env/lib/python3.10/site-packages/airflow/example_dags/example_branch_operator.py
[2025-04-18T11:22:03.963+0900] {logging_mixin.py:190} INFO - [2025-04-18T11:22:03.962+0900] {dag.py:3239} INFO - Sync 1 DAGs
[2025-04-18T11:22:03.977+0900] {logging_mixin.py:190} INFO - [2025-04-18T11:22:03.977+0900] {dag.py:4180} INFO - Setting next_dagrun for example_branch_operator to 2025-04-17 00:00:00+00:00, run_after=2025-04-18 00:00:00+00:00
[2025-04-18T11:22:03.992+0900] {processor.py:208} INFO - Processing /home/kim/airflow_tutorial/py_env/lib/python3.10/site-packages/airflow/example_dags/example_branch_operator.py took 0.070 seconds
[2025-04-18T11:23:01.776+0900] {processor.py:186} INFO - Started process (PID=642147) to work on /home/kim/airflow_tutorial/py_env/lib/python3.10/site-packages/airflow/example_dags/example_branch_operator.py
[2025-04-18T11:23:01.777+0900] {processor.py:914} INFO - Processing file /home/kim/airflow_tutorial/py_env/lib/python3.10/site-packages/airflow/example_dags/example_branch_operator.py for tasks to queue
[2025-04-18T11:23:01.779+0900] {logging_mixin.py:190} INFO - [2025-04-18T11:23:01.779+0900] {dagbag.py:588} INFO - Filling up the DagBag from /home/kim/airflow_tutorial/py_env/lib/python3.10/site-packages/airflow/example_dags/example_branch_operator.py
[2025-04-18T11:23:01.795+0900] {processor.py:925} INFO - DAG(s) 'example_branch_operator' retrieved from /home/kim/airflow_tutorial/py_env/lib/python3.10/site-packages/airflow/example_dags/example_branch_operator.py
[2025-04-18T11:23:01.818+0900] {logging_mixin.py:190} INFO - [2025-04-18T11:23:01.817+0900] {dag.py:3239} INFO - Sync 1 DAGs
[2025-04-18T11:23:01.836+0900] {logging_mixin.py:190} INFO - [2025-04-18T11:23:01.836+0900] {dag.py:4180} INFO - Setting next_dagrun for example_branch_operator to 2025-04-17 00:00:00+00:00, run_after=2025-04-18 00:00:00+00:00
[2025-04-18T11:23:01.853+0900] {processor.py:208} INFO - Processing /home/kim/airflow_tutorial/py_env/lib/python3.10/site-packages/airflow/example_dags/example_branch_operator.py took 0.082 seconds
[2025-04-18T11:23:59.070+0900] {processor.py:186} INFO - Started process (PID=642507) to work on /home/kim/airflow_tutorial/py_env/lib/python3.10/site-packages/airflow/example_dags/example_branch_operator.py
[2025-04-18T11:23:59.072+0900] {processor.py:914} INFO - Processing file /home/kim/airflow_tutorial/py_env/lib/python3.10/site-packages/airflow/example_dags/example_branch_operator.py for tasks to queue
[2025-04-18T11:23:59.074+0900] {logging_mixin.py:190} INFO - [2025-04-18T11:23:59.074+0900] {dagbag.py:588} INFO - Filling up the DagBag from /home/kim/airflow_tutorial/py_env/lib/python3.10/site-packages/airflow/example_dags/example_branch_operator.py
[2025-04-18T11:23:59.088+0900] {processor.py:925} INFO - DAG(s) 'example_branch_operator' retrieved from /home/kim/airflow_tutorial/py_env/lib/python3.10/site-packages/airflow/example_dags/example_branch_operator.py
[2025-04-18T11:23:59.105+0900] {logging_mixin.py:190} INFO - [2025-04-18T11:23:59.105+0900] {dag.py:3239} INFO - Sync 1 DAGs
[2025-04-18T11:23:59.120+0900] {logging_mixin.py:190} INFO - [2025-04-18T11:23:59.120+0900] {dag.py:4180} INFO - Setting next_dagrun for example_branch_operator to 2025-04-17 00:00:00+00:00, run_after=2025-04-18 00:00:00+00:00
[2025-04-18T11:23:59.137+0900] {processor.py:208} INFO - Processing /home/kim/airflow_tutorial/py_env/lib/python3.10/site-packages/airflow/example_dags/example_branch_operator.py took 0.072 seconds
[2025-04-18T11:25:29.514+0900] {processor.py:186} INFO - Started process (PID=643182) to work on /home/kim/airflow_tutorial/py_env/lib/python3.10/site-packages/airflow/example_dags/example_branch_operator.py
[2025-04-18T11:25:29.516+0900] {processor.py:914} INFO - Processing file /home/kim/airflow_tutorial/py_env/lib/python3.10/site-packages/airflow/example_dags/example_branch_operator.py for tasks to queue
[2025-04-18T11:25:29.517+0900] {logging_mixin.py:190} INFO - [2025-04-18T11:25:29.517+0900] {dagbag.py:588} INFO - Filling up the DagBag from /home/kim/airflow_tutorial/py_env/lib/python3.10/site-packages/airflow/example_dags/example_branch_operator.py
[2025-04-18T11:25:29.531+0900] {processor.py:925} INFO - DAG(s) 'example_branch_operator' retrieved from /home/kim/airflow_tutorial/py_env/lib/python3.10/site-packages/airflow/example_dags/example_branch_operator.py
[2025-04-18T11:25:29.547+0900] {logging_mixin.py:190} INFO - [2025-04-18T11:25:29.547+0900] {dag.py:3239} INFO - Sync 1 DAGs
[2025-04-18T11:25:29.560+0900] {logging_mixin.py:190} INFO - [2025-04-18T11:25:29.560+0900] {dag.py:4180} INFO - Setting next_dagrun for example_branch_operator to 2025-04-17 00:00:00+00:00, run_after=2025-04-18 00:00:00+00:00
[2025-04-18T11:25:29.574+0900] {processor.py:208} INFO - Processing /home/kim/airflow_tutorial/py_env/lib/python3.10/site-packages/airflow/example_dags/example_branch_operator.py took 0.065 seconds
[2025-04-18T12:03:15.711+0900] {processor.py:186} INFO - Started process (PID=652088) to work on /home/kim/airflow_tutorial/py_env/lib/python3.10/site-packages/airflow/example_dags/example_branch_operator.py
[2025-04-18T12:03:15.712+0900] {processor.py:914} INFO - Processing file /home/kim/airflow_tutorial/py_env/lib/python3.10/site-packages/airflow/example_dags/example_branch_operator.py for tasks to queue
[2025-04-18T12:03:15.714+0900] {logging_mixin.py:190} INFO - [2025-04-18T12:03:15.714+0900] {dagbag.py:588} INFO - Filling up the DagBag from /home/kim/airflow_tutorial/py_env/lib/python3.10/site-packages/airflow/example_dags/example_branch_operator.py
[2025-04-18T12:03:15.732+0900] {processor.py:925} INFO - DAG(s) 'example_branch_operator' retrieved from /home/kim/airflow_tutorial/py_env/lib/python3.10/site-packages/airflow/example_dags/example_branch_operator.py
[2025-04-18T12:03:15.820+0900] {logging_mixin.py:190} INFO - [2025-04-18T12:03:15.820+0900] {override.py:1912} INFO - Created Permission View: can read on DAG:example_branch_operator
[2025-04-18T12:03:15.831+0900] {logging_mixin.py:190} INFO - [2025-04-18T12:03:15.831+0900] {override.py:1912} INFO - Created Permission View: can edit on DAG:example_branch_operator
[2025-04-18T12:03:15.839+0900] {logging_mixin.py:190} INFO - [2025-04-18T12:03:15.839+0900] {override.py:1912} INFO - Created Permission View: can delete on DAG:example_branch_operator
[2025-04-18T12:03:15.848+0900] {logging_mixin.py:190} INFO - [2025-04-18T12:03:15.848+0900] {override.py:1912} INFO - Created Permission View: can read on DAG Run:example_branch_operator
[2025-04-18T12:03:15.855+0900] {logging_mixin.py:190} INFO - [2025-04-18T12:03:15.855+0900] {override.py:1912} INFO - Created Permission View: can create on DAG Run:example_branch_operator
[2025-04-18T12:03:15.862+0900] {logging_mixin.py:190} INFO - [2025-04-18T12:03:15.862+0900] {override.py:1912} INFO - Created Permission View: menu access on DAG Run:example_branch_operator
[2025-04-18T12:03:15.869+0900] {logging_mixin.py:190} INFO - [2025-04-18T12:03:15.869+0900] {override.py:1912} INFO - Created Permission View: can delete on DAG Run:example_branch_operator
[2025-04-18T12:03:15.870+0900] {logging_mixin.py:190} INFO - [2025-04-18T12:03:15.870+0900] {dag.py:3239} INFO - Sync 1 DAGs
[2025-04-18T12:03:15.879+0900] {logging_mixin.py:190} INFO - [2025-04-18T12:03:15.879+0900] {dag.py:3262} INFO - Creating ORM DAG for example_branch_operator
[2025-04-18T12:03:15.886+0900] {logging_mixin.py:190} INFO - [2025-04-18T12:03:15.886+0900] {dag.py:4180} INFO - Setting next_dagrun for example_branch_operator to 2025-04-17 00:00:00+00:00, run_after=2025-04-18 00:00:00+00:00
[2025-04-18T12:03:15.903+0900] {processor.py:208} INFO - Processing /home/kim/airflow_tutorial/py_env/lib/python3.10/site-packages/airflow/example_dags/example_branch_operator.py took 0.198 seconds
[2025-04-18T12:05:20.659+0900] {processor.py:186} INFO - Started process (PID=653777) to work on /home/kim/airflow_tutorial/py_env/lib/python3.10/site-packages/airflow/example_dags/example_branch_operator.py
[2025-04-18T12:05:20.661+0900] {processor.py:914} INFO - Processing file /home/kim/airflow_tutorial/py_env/lib/python3.10/site-packages/airflow/example_dags/example_branch_operator.py for tasks to queue
[2025-04-18T12:05:20.663+0900] {logging_mixin.py:190} INFO - [2025-04-18T12:05:20.662+0900] {dagbag.py:588} INFO - Filling up the DagBag from /home/kim/airflow_tutorial/py_env/lib/python3.10/site-packages/airflow/example_dags/example_branch_operator.py
[2025-04-18T12:05:20.682+0900] {processor.py:925} INFO - DAG(s) 'example_branch_operator' retrieved from /home/kim/airflow_tutorial/py_env/lib/python3.10/site-packages/airflow/example_dags/example_branch_operator.py
[2025-04-18T12:05:20.776+0900] {logging_mixin.py:190} INFO - [2025-04-18T12:05:20.776+0900] {dag.py:3239} INFO - Sync 1 DAGs
[2025-04-18T12:05:20.792+0900] {logging_mixin.py:190} INFO - [2025-04-18T12:05:20.792+0900] {dag.py:4180} INFO - Setting next_dagrun for example_branch_operator to 2025-04-17 00:00:00+00:00, run_after=2025-04-18 00:00:00+00:00
[2025-04-18T12:05:20.814+0900] {processor.py:208} INFO - Processing /home/kim/airflow_tutorial/py_env/lib/python3.10/site-packages/airflow/example_dags/example_branch_operator.py took 0.160 seconds
[2025-04-18T12:05:51.524+0900] {processor.py:186} INFO - Started process (PID=654252) to work on /home/kim/airflow_tutorial/py_env/lib/python3.10/site-packages/airflow/example_dags/example_branch_operator.py
[2025-04-18T12:05:51.526+0900] {processor.py:914} INFO - Processing file /home/kim/airflow_tutorial/py_env/lib/python3.10/site-packages/airflow/example_dags/example_branch_operator.py for tasks to queue
[2025-04-18T12:05:51.528+0900] {logging_mixin.py:190} INFO - [2025-04-18T12:05:51.527+0900] {dagbag.py:588} INFO - Filling up the DagBag from /home/kim/airflow_tutorial/py_env/lib/python3.10/site-packages/airflow/example_dags/example_branch_operator.py
[2025-04-18T12:05:51.545+0900] {processor.py:925} INFO - DAG(s) 'example_branch_operator' retrieved from /home/kim/airflow_tutorial/py_env/lib/python3.10/site-packages/airflow/example_dags/example_branch_operator.py
[2025-04-18T12:05:51.579+0900] {logging_mixin.py:190} INFO - [2025-04-18T12:05:51.579+0900] {dag.py:3239} INFO - Sync 1 DAGs
[2025-04-18T12:05:51.602+0900] {logging_mixin.py:190} INFO - [2025-04-18T12:05:51.601+0900] {dag.py:4180} INFO - Setting next_dagrun for example_branch_operator to 2025-04-17 00:00:00+00:00, run_after=2025-04-18 00:00:00+00:00
[2025-04-18T12:05:51.623+0900] {processor.py:208} INFO - Processing /home/kim/airflow_tutorial/py_env/lib/python3.10/site-packages/airflow/example_dags/example_branch_operator.py took 0.105 seconds
[2025-04-18T12:06:22.093+0900] {processor.py:186} INFO - Started process (PID=654637) to work on /home/kim/airflow_tutorial/py_env/lib/python3.10/site-packages/airflow/example_dags/example_branch_operator.py
[2025-04-18T12:06:22.094+0900] {processor.py:914} INFO - Processing file /home/kim/airflow_tutorial/py_env/lib/python3.10/site-packages/airflow/example_dags/example_branch_operator.py for tasks to queue
[2025-04-18T12:06:22.096+0900] {logging_mixin.py:190} INFO - [2025-04-18T12:06:22.096+0900] {dagbag.py:588} INFO - Filling up the DagBag from /home/kim/airflow_tutorial/py_env/lib/python3.10/site-packages/airflow/example_dags/example_branch_operator.py
[2025-04-18T12:06:22.112+0900] {processor.py:925} INFO - DAG(s) 'example_branch_operator' retrieved from /home/kim/airflow_tutorial/py_env/lib/python3.10/site-packages/airflow/example_dags/example_branch_operator.py
[2025-04-18T12:06:22.142+0900] {logging_mixin.py:190} INFO - [2025-04-18T12:06:22.142+0900] {dag.py:3239} INFO - Sync 1 DAGs
[2025-04-18T12:06:22.163+0900] {logging_mixin.py:190} INFO - [2025-04-18T12:06:22.162+0900] {dag.py:4180} INFO - Setting next_dagrun for example_branch_operator to 2025-04-17 00:00:00+00:00, run_after=2025-04-18 00:00:00+00:00
[2025-04-18T12:06:22.183+0900] {processor.py:208} INFO - Processing /home/kim/airflow_tutorial/py_env/lib/python3.10/site-packages/airflow/example_dags/example_branch_operator.py took 0.095 seconds
