[2025-04-18T11:13:50.386+0900] {processor.py:186} INFO - Started process (PID=637927) to work on /home/kim/airflow_tutorial/py_env/lib/python3.10/site-packages/airflow/example_dags/example_display_name.py
[2025-04-18T11:13:50.387+0900] {processor.py:914} INFO - Processing file /home/kim/airflow_tutorial/py_env/lib/python3.10/site-packages/airflow/example_dags/example_display_name.py for tasks to queue
[2025-04-18T11:13:50.388+0900] {logging_mixin.py:190} INFO - [2025-04-18T11:13:50.388+0900] {dagbag.py:588} INFO - Filling up the DagBag from /home/kim/airflow_tutorial/py_env/lib/python3.10/site-packages/airflow/example_dags/example_display_name.py
[2025-04-18T11:13:50.394+0900] {processor.py:925} INFO - DAG(s) 'example_display_name' retrieved from /home/kim/airflow_tutorial/py_env/lib/python3.10/site-packages/airflow/example_dags/example_display_name.py
[2025-04-18T11:13:50.463+0900] {logging_mixin.py:190} INFO - [2025-04-18T11:13:50.462+0900] {override.py:1912} INFO - Created Permission View: can delete on DAG:example_display_name
[2025-04-18T11:13:50.472+0900] {logging_mixin.py:190} INFO - [2025-04-18T11:13:50.472+0900] {override.py:1912} INFO - Created Permission View: can edit on DAG:example_display_name
[2025-04-18T11:13:50.481+0900] {logging_mixin.py:190} INFO - [2025-04-18T11:13:50.481+0900] {override.py:1912} INFO - Created Permission View: can read on DAG:example_display_name
[2025-04-18T11:13:50.495+0900] {logging_mixin.py:190} INFO - [2025-04-18T11:13:50.495+0900] {override.py:1912} INFO - Created Permission View: can delete on DAG Run:example_display_name
[2025-04-18T11:13:50.503+0900] {logging_mixin.py:190} INFO - [2025-04-18T11:13:50.503+0900] {override.py:1912} INFO - Created Permission View: can create on DAG Run:example_display_name
[2025-04-18T11:13:50.511+0900] {logging_mixin.py:190} INFO - [2025-04-18T11:13:50.510+0900] {override.py:1912} INFO - Created Permission View: menu access on DAG Run:example_display_name
[2025-04-18T11:13:50.519+0900] {logging_mixin.py:190} INFO - [2025-04-18T11:13:50.519+0900] {override.py:1912} INFO - Created Permission View: can read on DAG Run:example_display_name
[2025-04-18T11:13:50.520+0900] {logging_mixin.py:190} INFO - [2025-04-18T11:13:50.520+0900] {dag.py:3239} INFO - Sync 1 DAGs
[2025-04-18T11:13:50.529+0900] {logging_mixin.py:190} INFO - [2025-04-18T11:13:50.529+0900] {dag.py:3262} INFO - Creating ORM DAG for example_display_name
[2025-04-18T11:13:50.529+0900] {logging_mixin.py:190} INFO - [2025-04-18T11:13:50.529+0900] {dag.py:4180} INFO - Setting next_dagrun for example_display_name to None, run_after=None
[2025-04-18T11:13:50.547+0900] {processor.py:208} INFO - Processing /home/kim/airflow_tutorial/py_env/lib/python3.10/site-packages/airflow/example_dags/example_display_name.py took 0.166 seconds
[2025-04-18T11:14:54.688+0900] {processor.py:186} INFO - Started process (PID=638468) to work on /home/kim/airflow_tutorial/py_env/lib/python3.10/site-packages/airflow/example_dags/example_display_name.py
[2025-04-18T11:14:54.691+0900] {processor.py:914} INFO - Processing file /home/kim/airflow_tutorial/py_env/lib/python3.10/site-packages/airflow/example_dags/example_display_name.py for tasks to queue
[2025-04-18T11:14:54.693+0900] {logging_mixin.py:190} INFO - [2025-04-18T11:14:54.692+0900] {dagbag.py:588} INFO - Filling up the DagBag from /home/kim/airflow_tutorial/py_env/lib/python3.10/site-packages/airflow/example_dags/example_display_name.py
[2025-04-18T11:14:54.698+0900] {processor.py:925} INFO - DAG(s) 'example_display_name' retrieved from /home/kim/airflow_tutorial/py_env/lib/python3.10/site-packages/airflow/example_dags/example_display_name.py
[2025-04-18T11:14:54.709+0900] {logging_mixin.py:190} INFO - [2025-04-18T11:14:54.708+0900] {dag.py:3239} INFO - Sync 1 DAGs
[2025-04-18T11:14:54.719+0900] {logging_mixin.py:190} INFO - [2025-04-18T11:14:54.718+0900] {dag.py:4180} INFO - Setting next_dagrun for example_display_name to None, run_after=None
[2025-04-18T11:14:54.735+0900] {processor.py:208} INFO - Processing /home/kim/airflow_tutorial/py_env/lib/python3.10/site-packages/airflow/example_dags/example_display_name.py took 0.051 seconds
[2025-04-18T11:15:54.146+0900] {processor.py:186} INFO - Started process (PID=638842) to work on /home/kim/airflow_tutorial/py_env/lib/python3.10/site-packages/airflow/example_dags/example_display_name.py
[2025-04-18T11:15:54.149+0900] {processor.py:914} INFO - Processing file /home/kim/airflow_tutorial/py_env/lib/python3.10/site-packages/airflow/example_dags/example_display_name.py for tasks to queue
[2025-04-18T11:15:54.151+0900] {logging_mixin.py:190} INFO - [2025-04-18T11:15:54.151+0900] {dagbag.py:588} INFO - Filling up the DagBag from /home/kim/airflow_tutorial/py_env/lib/python3.10/site-packages/airflow/example_dags/example_display_name.py
[2025-04-18T11:15:54.157+0900] {processor.py:925} INFO - DAG(s) 'example_display_name' retrieved from /home/kim/airflow_tutorial/py_env/lib/python3.10/site-packages/airflow/example_dags/example_display_name.py
[2025-04-18T11:15:54.168+0900] {logging_mixin.py:190} INFO - [2025-04-18T11:15:54.168+0900] {dag.py:3239} INFO - Sync 1 DAGs
[2025-04-18T11:15:54.176+0900] {logging_mixin.py:190} INFO - [2025-04-18T11:15:54.176+0900] {dag.py:4180} INFO - Setting next_dagrun for example_display_name to None, run_after=None
[2025-04-18T11:15:54.191+0900] {processor.py:208} INFO - Processing /home/kim/airflow_tutorial/py_env/lib/python3.10/site-packages/airflow/example_dags/example_display_name.py took 0.049 seconds
[2025-04-18T11:16:54.768+0900] {processor.py:186} INFO - Started process (PID=639582) to work on /home/kim/airflow_tutorial/py_env/lib/python3.10/site-packages/airflow/example_dags/example_display_name.py
[2025-04-18T11:16:54.771+0900] {processor.py:914} INFO - Processing file /home/kim/airflow_tutorial/py_env/lib/python3.10/site-packages/airflow/example_dags/example_display_name.py for tasks to queue
[2025-04-18T11:16:54.773+0900] {logging_mixin.py:190} INFO - [2025-04-18T11:16:54.773+0900] {dagbag.py:588} INFO - Filling up the DagBag from /home/kim/airflow_tutorial/py_env/lib/python3.10/site-packages/airflow/example_dags/example_display_name.py
[2025-04-18T11:16:54.779+0900] {processor.py:925} INFO - DAG(s) 'example_display_name' retrieved from /home/kim/airflow_tutorial/py_env/lib/python3.10/site-packages/airflow/example_dags/example_display_name.py
[2025-04-18T11:16:54.790+0900] {logging_mixin.py:190} INFO - [2025-04-18T11:16:54.790+0900] {dag.py:3239} INFO - Sync 1 DAGs
[2025-04-18T11:16:54.799+0900] {logging_mixin.py:190} INFO - [2025-04-18T11:16:54.799+0900] {dag.py:4180} INFO - Setting next_dagrun for example_display_name to None, run_after=None
[2025-04-18T11:16:54.816+0900] {processor.py:208} INFO - Processing /home/kim/airflow_tutorial/py_env/lib/python3.10/site-packages/airflow/example_dags/example_display_name.py took 0.053 seconds
[2025-04-18T11:17:54.188+0900] {processor.py:186} INFO - Started process (PID=640207) to work on /home/kim/airflow_tutorial/py_env/lib/python3.10/site-packages/airflow/example_dags/example_display_name.py
[2025-04-18T11:17:54.190+0900] {processor.py:914} INFO - Processing file /home/kim/airflow_tutorial/py_env/lib/python3.10/site-packages/airflow/example_dags/example_display_name.py for tasks to queue
[2025-04-18T11:17:54.195+0900] {logging_mixin.py:190} INFO - [2025-04-18T11:17:54.194+0900] {dagbag.py:588} INFO - Filling up the DagBag from /home/kim/airflow_tutorial/py_env/lib/python3.10/site-packages/airflow/example_dags/example_display_name.py
[2025-04-18T11:17:54.213+0900] {processor.py:925} INFO - DAG(s) 'example_display_name' retrieved from /home/kim/airflow_tutorial/py_env/lib/python3.10/site-packages/airflow/example_dags/example_display_name.py
[2025-04-18T11:17:54.235+0900] {logging_mixin.py:190} INFO - [2025-04-18T11:17:54.235+0900] {dag.py:3239} INFO - Sync 1 DAGs
[2025-04-18T11:17:54.248+0900] {logging_mixin.py:190} INFO - [2025-04-18T11:17:54.248+0900] {dag.py:4180} INFO - Setting next_dagrun for example_display_name to None, run_after=None
[2025-04-18T11:17:54.264+0900] {processor.py:208} INFO - Processing /home/kim/airflow_tutorial/py_env/lib/python3.10/site-packages/airflow/example_dags/example_display_name.py took 0.080 seconds
[2025-04-18T11:18:54.982+0900] {processor.py:186} INFO - Started process (PID=640790) to work on /home/kim/airflow_tutorial/py_env/lib/python3.10/site-packages/airflow/example_dags/example_display_name.py
[2025-04-18T11:18:54.985+0900] {processor.py:914} INFO - Processing file /home/kim/airflow_tutorial/py_env/lib/python3.10/site-packages/airflow/example_dags/example_display_name.py for tasks to queue
[2025-04-18T11:18:54.987+0900] {logging_mixin.py:190} INFO - [2025-04-18T11:18:54.987+0900] {dagbag.py:588} INFO - Filling up the DagBag from /home/kim/airflow_tutorial/py_env/lib/python3.10/site-packages/airflow/example_dags/example_display_name.py
[2025-04-18T11:18:54.993+0900] {processor.py:925} INFO - DAG(s) 'example_display_name' retrieved from /home/kim/airflow_tutorial/py_env/lib/python3.10/site-packages/airflow/example_dags/example_display_name.py
[2025-04-18T11:18:55.003+0900] {logging_mixin.py:190} INFO - [2025-04-18T11:18:55.003+0900] {dag.py:3239} INFO - Sync 1 DAGs
[2025-04-18T11:18:55.011+0900] {logging_mixin.py:190} INFO - [2025-04-18T11:18:55.011+0900] {dag.py:4180} INFO - Setting next_dagrun for example_display_name to None, run_after=None
[2025-04-18T11:18:55.026+0900] {processor.py:208} INFO - Processing /home/kim/airflow_tutorial/py_env/lib/python3.10/site-packages/airflow/example_dags/example_display_name.py took 0.048 seconds
[2025-04-18T11:19:53.466+0900] {processor.py:186} INFO - Started process (PID=641076) to work on /home/kim/airflow_tutorial/py_env/lib/python3.10/site-packages/airflow/example_dags/example_display_name.py
[2025-04-18T11:19:53.468+0900] {processor.py:914} INFO - Processing file /home/kim/airflow_tutorial/py_env/lib/python3.10/site-packages/airflow/example_dags/example_display_name.py for tasks to queue
[2025-04-18T11:19:53.471+0900] {logging_mixin.py:190} INFO - [2025-04-18T11:19:53.471+0900] {dagbag.py:588} INFO - Filling up the DagBag from /home/kim/airflow_tutorial/py_env/lib/python3.10/site-packages/airflow/example_dags/example_display_name.py
[2025-04-18T11:19:53.482+0900] {processor.py:925} INFO - DAG(s) 'example_display_name' retrieved from /home/kim/airflow_tutorial/py_env/lib/python3.10/site-packages/airflow/example_dags/example_display_name.py
[2025-04-18T11:19:53.493+0900] {logging_mixin.py:190} INFO - [2025-04-18T11:19:53.493+0900] {dag.py:3239} INFO - Sync 1 DAGs
[2025-04-18T11:19:53.501+0900] {logging_mixin.py:190} INFO - [2025-04-18T11:19:53.501+0900] {dag.py:4180} INFO - Setting next_dagrun for example_display_name to None, run_after=None
[2025-04-18T11:19:53.517+0900] {processor.py:208} INFO - Processing /home/kim/airflow_tutorial/py_env/lib/python3.10/site-packages/airflow/example_dags/example_display_name.py took 0.060 seconds
[2025-04-18T11:20:51.436+0900] {processor.py:186} INFO - Started process (PID=641369) to work on /home/kim/airflow_tutorial/py_env/lib/python3.10/site-packages/airflow/example_dags/example_display_name.py
[2025-04-18T11:20:51.438+0900] {processor.py:914} INFO - Processing file /home/kim/airflow_tutorial/py_env/lib/python3.10/site-packages/airflow/example_dags/example_display_name.py for tasks to queue
[2025-04-18T11:20:51.439+0900] {logging_mixin.py:190} INFO - [2025-04-18T11:20:51.439+0900] {dagbag.py:588} INFO - Filling up the DagBag from /home/kim/airflow_tutorial/py_env/lib/python3.10/site-packages/airflow/example_dags/example_display_name.py
[2025-04-18T11:20:51.446+0900] {processor.py:925} INFO - DAG(s) 'example_display_name' retrieved from /home/kim/airflow_tutorial/py_env/lib/python3.10/site-packages/airflow/example_dags/example_display_name.py
[2025-04-18T11:20:51.457+0900] {logging_mixin.py:190} INFO - [2025-04-18T11:20:51.457+0900] {dag.py:3239} INFO - Sync 1 DAGs
[2025-04-18T11:20:51.466+0900] {logging_mixin.py:190} INFO - [2025-04-18T11:20:51.466+0900] {dag.py:4180} INFO - Setting next_dagrun for example_display_name to None, run_after=None
[2025-04-18T11:20:51.481+0900] {processor.py:208} INFO - Processing /home/kim/airflow_tutorial/py_env/lib/python3.10/site-packages/airflow/example_dags/example_display_name.py took 0.049 seconds
[2025-04-18T11:21:52.983+0900] {processor.py:186} INFO - Started process (PID=641660) to work on /home/kim/airflow_tutorial/py_env/lib/python3.10/site-packages/airflow/example_dags/example_display_name.py
[2025-04-18T11:21:52.987+0900] {processor.py:914} INFO - Processing file /home/kim/airflow_tutorial/py_env/lib/python3.10/site-packages/airflow/example_dags/example_display_name.py for tasks to queue
[2025-04-18T11:21:52.992+0900] {logging_mixin.py:190} INFO - [2025-04-18T11:21:52.991+0900] {dagbag.py:588} INFO - Filling up the DagBag from /home/kim/airflow_tutorial/py_env/lib/python3.10/site-packages/airflow/example_dags/example_display_name.py
[2025-04-18T11:21:53.001+0900] {processor.py:925} INFO - DAG(s) 'example_display_name' retrieved from /home/kim/airflow_tutorial/py_env/lib/python3.10/site-packages/airflow/example_dags/example_display_name.py
[2025-04-18T11:21:53.014+0900] {logging_mixin.py:190} INFO - [2025-04-18T11:21:53.014+0900] {dag.py:3239} INFO - Sync 1 DAGs
[2025-04-18T11:21:53.024+0900] {logging_mixin.py:190} INFO - [2025-04-18T11:21:53.024+0900] {dag.py:4180} INFO - Setting next_dagrun for example_display_name to None, run_after=None
[2025-04-18T11:21:53.042+0900] {processor.py:208} INFO - Processing /home/kim/airflow_tutorial/py_env/lib/python3.10/site-packages/airflow/example_dags/example_display_name.py took 0.067 seconds
[2025-04-18T11:22:54.799+0900] {processor.py:186} INFO - Started process (PID=642121) to work on /home/kim/airflow_tutorial/py_env/lib/python3.10/site-packages/airflow/example_dags/example_display_name.py
[2025-04-18T11:22:54.801+0900] {processor.py:914} INFO - Processing file /home/kim/airflow_tutorial/py_env/lib/python3.10/site-packages/airflow/example_dags/example_display_name.py for tasks to queue
[2025-04-18T11:22:54.803+0900] {logging_mixin.py:190} INFO - [2025-04-18T11:22:54.802+0900] {dagbag.py:588} INFO - Filling up the DagBag from /home/kim/airflow_tutorial/py_env/lib/python3.10/site-packages/airflow/example_dags/example_display_name.py
[2025-04-18T11:22:54.809+0900] {processor.py:925} INFO - DAG(s) 'example_display_name' retrieved from /home/kim/airflow_tutorial/py_env/lib/python3.10/site-packages/airflow/example_dags/example_display_name.py
[2025-04-18T11:22:54.819+0900] {logging_mixin.py:190} INFO - [2025-04-18T11:22:54.819+0900] {dag.py:3239} INFO - Sync 1 DAGs
[2025-04-18T11:22:54.828+0900] {logging_mixin.py:190} INFO - [2025-04-18T11:22:54.828+0900] {dag.py:4180} INFO - Setting next_dagrun for example_display_name to None, run_after=None
[2025-04-18T11:22:54.844+0900] {processor.py:208} INFO - Processing /home/kim/airflow_tutorial/py_env/lib/python3.10/site-packages/airflow/example_dags/example_display_name.py took 0.049 seconds
[2025-04-18T11:23:52.630+0900] {processor.py:186} INFO - Started process (PID=642480) to work on /home/kim/airflow_tutorial/py_env/lib/python3.10/site-packages/airflow/example_dags/example_display_name.py
[2025-04-18T11:23:52.631+0900] {processor.py:914} INFO - Processing file /home/kim/airflow_tutorial/py_env/lib/python3.10/site-packages/airflow/example_dags/example_display_name.py for tasks to queue
[2025-04-18T11:23:52.632+0900] {logging_mixin.py:190} INFO - [2025-04-18T11:23:52.632+0900] {dagbag.py:588} INFO - Filling up the DagBag from /home/kim/airflow_tutorial/py_env/lib/python3.10/site-packages/airflow/example_dags/example_display_name.py
[2025-04-18T11:23:52.638+0900] {processor.py:925} INFO - DAG(s) 'example_display_name' retrieved from /home/kim/airflow_tutorial/py_env/lib/python3.10/site-packages/airflow/example_dags/example_display_name.py
[2025-04-18T11:23:52.649+0900] {logging_mixin.py:190} INFO - [2025-04-18T11:23:52.649+0900] {dag.py:3239} INFO - Sync 1 DAGs
[2025-04-18T11:23:52.658+0900] {logging_mixin.py:190} INFO - [2025-04-18T11:23:52.658+0900] {dag.py:4180} INFO - Setting next_dagrun for example_display_name to None, run_after=None
[2025-04-18T11:23:52.672+0900] {processor.py:208} INFO - Processing /home/kim/airflow_tutorial/py_env/lib/python3.10/site-packages/airflow/example_dags/example_display_name.py took 0.047 seconds
[2025-04-18T11:24:52.973+0900] {processor.py:186} INFO - Started process (PID=642774) to work on /home/kim/airflow_tutorial/py_env/lib/python3.10/site-packages/airflow/example_dags/example_display_name.py
[2025-04-18T11:24:52.977+0900] {processor.py:914} INFO - Processing file /home/kim/airflow_tutorial/py_env/lib/python3.10/site-packages/airflow/example_dags/example_display_name.py for tasks to queue
[2025-04-18T11:24:52.979+0900] {logging_mixin.py:190} INFO - [2025-04-18T11:24:52.978+0900] {dagbag.py:588} INFO - Filling up the DagBag from /home/kim/airflow_tutorial/py_env/lib/python3.10/site-packages/airflow/example_dags/example_display_name.py
[2025-04-18T11:24:52.984+0900] {processor.py:925} INFO - DAG(s) 'example_display_name' retrieved from /home/kim/airflow_tutorial/py_env/lib/python3.10/site-packages/airflow/example_dags/example_display_name.py
[2025-04-18T11:24:52.994+0900] {logging_mixin.py:190} INFO - [2025-04-18T11:24:52.994+0900] {dag.py:3239} INFO - Sync 1 DAGs
[2025-04-18T11:24:53.002+0900] {logging_mixin.py:190} INFO - [2025-04-18T11:24:53.001+0900] {dag.py:4180} INFO - Setting next_dagrun for example_display_name to None, run_after=None
[2025-04-18T11:24:53.017+0900] {processor.py:208} INFO - Processing /home/kim/airflow_tutorial/py_env/lib/python3.10/site-packages/airflow/example_dags/example_display_name.py took 0.059 seconds
[2025-04-18T12:03:14.411+0900] {processor.py:186} INFO - Started process (PID=651957) to work on /home/kim/airflow_tutorial/py_env/lib/python3.10/site-packages/airflow/example_dags/example_display_name.py
[2025-04-18T12:03:14.412+0900] {processor.py:914} INFO - Processing file /home/kim/airflow_tutorial/py_env/lib/python3.10/site-packages/airflow/example_dags/example_display_name.py for tasks to queue
[2025-04-18T12:03:14.414+0900] {logging_mixin.py:190} INFO - [2025-04-18T12:03:14.414+0900] {dagbag.py:588} INFO - Filling up the DagBag from /home/kim/airflow_tutorial/py_env/lib/python3.10/site-packages/airflow/example_dags/example_display_name.py
[2025-04-18T12:03:14.421+0900] {processor.py:925} INFO - DAG(s) 'example_display_name' retrieved from /home/kim/airflow_tutorial/py_env/lib/python3.10/site-packages/airflow/example_dags/example_display_name.py
[2025-04-18T12:03:14.513+0900] {logging_mixin.py:190} INFO - [2025-04-18T12:03:14.512+0900] {override.py:1912} INFO - Created Permission View: can read on DAG:example_display_name
[2025-04-18T12:03:14.522+0900] {logging_mixin.py:190} INFO - [2025-04-18T12:03:14.521+0900] {override.py:1912} INFO - Created Permission View: can edit on DAG:example_display_name
[2025-04-18T12:03:14.533+0900] {logging_mixin.py:190} INFO - [2025-04-18T12:03:14.532+0900] {override.py:1912} INFO - Created Permission View: can delete on DAG:example_display_name
[2025-04-18T12:03:14.543+0900] {logging_mixin.py:190} INFO - [2025-04-18T12:03:14.543+0900] {override.py:1912} INFO - Created Permission View: can read on DAG Run:example_display_name
[2025-04-18T12:03:14.551+0900] {logging_mixin.py:190} INFO - [2025-04-18T12:03:14.551+0900] {override.py:1912} INFO - Created Permission View: can create on DAG Run:example_display_name
[2025-04-18T12:03:14.560+0900] {logging_mixin.py:190} INFO - [2025-04-18T12:03:14.559+0900] {override.py:1912} INFO - Created Permission View: menu access on DAG Run:example_display_name
[2025-04-18T12:03:14.568+0900] {logging_mixin.py:190} INFO - [2025-04-18T12:03:14.568+0900] {override.py:1912} INFO - Created Permission View: can delete on DAG Run:example_display_name
[2025-04-18T12:03:14.568+0900] {logging_mixin.py:190} INFO - [2025-04-18T12:03:14.568+0900] {dag.py:3239} INFO - Sync 1 DAGs
[2025-04-18T12:03:14.577+0900] {logging_mixin.py:190} INFO - [2025-04-18T12:03:14.577+0900] {dag.py:3262} INFO - Creating ORM DAG for example_display_name
[2025-04-18T12:03:14.577+0900] {logging_mixin.py:190} INFO - [2025-04-18T12:03:14.577+0900] {dag.py:4180} INFO - Setting next_dagrun for example_display_name to None, run_after=None
[2025-04-18T12:03:14.592+0900] {processor.py:208} INFO - Processing /home/kim/airflow_tutorial/py_env/lib/python3.10/site-packages/airflow/example_dags/example_display_name.py took 0.186 seconds
[2025-04-18T12:05:20.050+0900] {processor.py:186} INFO - Started process (PID=653734) to work on /home/kim/airflow_tutorial/py_env/lib/python3.10/site-packages/airflow/example_dags/example_display_name.py
[2025-04-18T12:05:20.051+0900] {processor.py:914} INFO - Processing file /home/kim/airflow_tutorial/py_env/lib/python3.10/site-packages/airflow/example_dags/example_display_name.py for tasks to queue
[2025-04-18T12:05:20.053+0900] {logging_mixin.py:190} INFO - [2025-04-18T12:05:20.053+0900] {dagbag.py:588} INFO - Filling up the DagBag from /home/kim/airflow_tutorial/py_env/lib/python3.10/site-packages/airflow/example_dags/example_display_name.py
[2025-04-18T12:05:20.059+0900] {processor.py:925} INFO - DAG(s) 'example_display_name' retrieved from /home/kim/airflow_tutorial/py_env/lib/python3.10/site-packages/airflow/example_dags/example_display_name.py
[2025-04-18T12:05:20.080+0900] {logging_mixin.py:190} INFO - [2025-04-18T12:05:20.080+0900] {dag.py:3239} INFO - Sync 1 DAGs
[2025-04-18T12:05:20.091+0900] {logging_mixin.py:190} INFO - [2025-04-18T12:05:20.091+0900] {dag.py:4180} INFO - Setting next_dagrun for example_display_name to None, run_after=None
[2025-04-18T12:05:20.108+0900] {processor.py:208} INFO - Processing /home/kim/airflow_tutorial/py_env/lib/python3.10/site-packages/airflow/example_dags/example_display_name.py took 0.063 seconds
[2025-04-18T12:05:50.984+0900] {processor.py:186} INFO - Started process (PID=654212) to work on /home/kim/airflow_tutorial/py_env/lib/python3.10/site-packages/airflow/example_dags/example_display_name.py
[2025-04-18T12:05:50.985+0900] {processor.py:914} INFO - Processing file /home/kim/airflow_tutorial/py_env/lib/python3.10/site-packages/airflow/example_dags/example_display_name.py for tasks to queue
[2025-04-18T12:05:50.986+0900] {logging_mixin.py:190} INFO - [2025-04-18T12:05:50.986+0900] {dagbag.py:588} INFO - Filling up the DagBag from /home/kim/airflow_tutorial/py_env/lib/python3.10/site-packages/airflow/example_dags/example_display_name.py
[2025-04-18T12:05:50.992+0900] {processor.py:925} INFO - DAG(s) 'example_display_name' retrieved from /home/kim/airflow_tutorial/py_env/lib/python3.10/site-packages/airflow/example_dags/example_display_name.py
[2025-04-18T12:05:51.013+0900] {logging_mixin.py:190} INFO - [2025-04-18T12:05:51.013+0900] {dag.py:3239} INFO - Sync 1 DAGs
[2025-04-18T12:05:51.023+0900] {logging_mixin.py:190} INFO - [2025-04-18T12:05:51.023+0900] {dag.py:4180} INFO - Setting next_dagrun for example_display_name to None, run_after=None
[2025-04-18T12:05:51.041+0900] {processor.py:208} INFO - Processing /home/kim/airflow_tutorial/py_env/lib/python3.10/site-packages/airflow/example_dags/example_display_name.py took 0.062 seconds
[2025-04-18T12:06:21.438+0900] {processor.py:186} INFO - Started process (PID=654597) to work on /home/kim/airflow_tutorial/py_env/lib/python3.10/site-packages/airflow/example_dags/example_display_name.py
[2025-04-18T12:06:21.439+0900] {processor.py:914} INFO - Processing file /home/kim/airflow_tutorial/py_env/lib/python3.10/site-packages/airflow/example_dags/example_display_name.py for tasks to queue
[2025-04-18T12:06:21.441+0900] {logging_mixin.py:190} INFO - [2025-04-18T12:06:21.441+0900] {dagbag.py:588} INFO - Filling up the DagBag from /home/kim/airflow_tutorial/py_env/lib/python3.10/site-packages/airflow/example_dags/example_display_name.py
[2025-04-18T12:06:21.450+0900] {processor.py:925} INFO - DAG(s) 'example_display_name' retrieved from /home/kim/airflow_tutorial/py_env/lib/python3.10/site-packages/airflow/example_dags/example_display_name.py
[2025-04-18T12:06:21.479+0900] {logging_mixin.py:190} INFO - [2025-04-18T12:06:21.479+0900] {dag.py:3239} INFO - Sync 1 DAGs
[2025-04-18T12:06:21.495+0900] {logging_mixin.py:190} INFO - [2025-04-18T12:06:21.495+0900] {dag.py:4180} INFO - Setting next_dagrun for example_display_name to None, run_after=None
[2025-04-18T12:06:21.523+0900] {processor.py:208} INFO - Processing /home/kim/airflow_tutorial/py_env/lib/python3.10/site-packages/airflow/example_dags/example_display_name.py took 0.094 seconds
