[2025-04-18T11:13:12.440+0900] {processor.py:186} INFO - Started process (PID=637787) to work on /home/kim/airflow_tutorial/py_env/lib/python3.10/site-packages/airflow/example_dags/example_sensor_decorator.py
[2025-04-18T11:13:12.441+0900] {processor.py:914} INFO - Processing file /home/kim/airflow_tutorial/py_env/lib/python3.10/site-packages/airflow/example_dags/example_sensor_decorator.py for tasks to queue
[2025-04-18T11:13:12.442+0900] {logging_mixin.py:190} INFO - [2025-04-18T11:13:12.442+0900] {dagbag.py:588} INFO - Filling up the DagBag from /home/kim/airflow_tutorial/py_env/lib/python3.10/site-packages/airflow/example_dags/example_sensor_decorator.py
[2025-04-18T11:13:12.449+0900] {processor.py:925} INFO - DAG(s) 'example_sensor_decorator' retrieved from /home/kim/airflow_tutorial/py_env/lib/python3.10/site-packages/airflow/example_dags/example_sensor_decorator.py
[2025-04-18T11:13:12.587+0900] {logging_mixin.py:190} INFO - [2025-04-18T11:13:12.587+0900] {override.py:1912} INFO - Created Permission View: can delete on DAG:example_sensor_decorator
[2025-04-18T11:13:12.602+0900] {logging_mixin.py:190} INFO - [2025-04-18T11:13:12.602+0900] {override.py:1912} INFO - Created Permission View: can edit on DAG:example_sensor_decorator
[2025-04-18T11:13:12.613+0900] {logging_mixin.py:190} INFO - [2025-04-18T11:13:12.612+0900] {override.py:1912} INFO - Created Permission View: can read on DAG:example_sensor_decorator
[2025-04-18T11:13:12.628+0900] {logging_mixin.py:190} INFO - [2025-04-18T11:13:12.627+0900] {override.py:1912} INFO - Created Permission View: can delete on DAG Run:example_sensor_decorator
[2025-04-18T11:13:12.635+0900] {logging_mixin.py:190} INFO - [2025-04-18T11:13:12.635+0900] {override.py:1912} INFO - Created Permission View: can create on DAG Run:example_sensor_decorator
[2025-04-18T11:13:12.642+0900] {logging_mixin.py:190} INFO - [2025-04-18T11:13:12.642+0900] {override.py:1912} INFO - Created Permission View: menu access on DAG Run:example_sensor_decorator
[2025-04-18T11:13:12.649+0900] {logging_mixin.py:190} INFO - [2025-04-18T11:13:12.648+0900] {override.py:1912} INFO - Created Permission View: can read on DAG Run:example_sensor_decorator
[2025-04-18T11:13:12.649+0900] {logging_mixin.py:190} INFO - [2025-04-18T11:13:12.649+0900] {dag.py:3239} INFO - Sync 1 DAGs
[2025-04-18T11:13:12.656+0900] {logging_mixin.py:190} INFO - [2025-04-18T11:13:12.656+0900] {dag.py:3262} INFO - Creating ORM DAG for example_sensor_decorator
[2025-04-18T11:13:12.656+0900] {logging_mixin.py:190} INFO - [2025-04-18T11:13:12.656+0900] {dag.py:4180} INFO - Setting next_dagrun for example_sensor_decorator to None, run_after=None
[2025-04-18T11:13:12.669+0900] {processor.py:208} INFO - Processing /home/kim/airflow_tutorial/py_env/lib/python3.10/site-packages/airflow/example_dags/example_sensor_decorator.py took 0.233 seconds
[2025-04-18T11:14:18.913+0900] {processor.py:186} INFO - Started process (PID=638185) to work on /home/kim/airflow_tutorial/py_env/lib/python3.10/site-packages/airflow/example_dags/example_sensor_decorator.py
[2025-04-18T11:14:18.915+0900] {processor.py:914} INFO - Processing file /home/kim/airflow_tutorial/py_env/lib/python3.10/site-packages/airflow/example_dags/example_sensor_decorator.py for tasks to queue
[2025-04-18T11:14:18.917+0900] {logging_mixin.py:190} INFO - [2025-04-18T11:14:18.916+0900] {dagbag.py:588} INFO - Filling up the DagBag from /home/kim/airflow_tutorial/py_env/lib/python3.10/site-packages/airflow/example_dags/example_sensor_decorator.py
[2025-04-18T11:14:18.923+0900] {processor.py:925} INFO - DAG(s) 'example_sensor_decorator' retrieved from /home/kim/airflow_tutorial/py_env/lib/python3.10/site-packages/airflow/example_dags/example_sensor_decorator.py
[2025-04-18T11:14:18.934+0900] {logging_mixin.py:190} INFO - [2025-04-18T11:14:18.934+0900] {dag.py:3239} INFO - Sync 1 DAGs
[2025-04-18T11:14:18.943+0900] {logging_mixin.py:190} INFO - [2025-04-18T11:14:18.943+0900] {dag.py:4180} INFO - Setting next_dagrun for example_sensor_decorator to None, run_after=None
[2025-04-18T11:14:18.957+0900] {processor.py:208} INFO - Processing /home/kim/airflow_tutorial/py_env/lib/python3.10/site-packages/airflow/example_dags/example_sensor_decorator.py took 0.049 seconds
[2025-04-18T11:15:18.927+0900] {processor.py:186} INFO - Started process (PID=638708) to work on /home/kim/airflow_tutorial/py_env/lib/python3.10/site-packages/airflow/example_dags/example_sensor_decorator.py
[2025-04-18T11:15:18.929+0900] {processor.py:914} INFO - Processing file /home/kim/airflow_tutorial/py_env/lib/python3.10/site-packages/airflow/example_dags/example_sensor_decorator.py for tasks to queue
[2025-04-18T11:15:18.930+0900] {logging_mixin.py:190} INFO - [2025-04-18T11:15:18.930+0900] {dagbag.py:588} INFO - Filling up the DagBag from /home/kim/airflow_tutorial/py_env/lib/python3.10/site-packages/airflow/example_dags/example_sensor_decorator.py
[2025-04-18T11:15:18.936+0900] {processor.py:925} INFO - DAG(s) 'example_sensor_decorator' retrieved from /home/kim/airflow_tutorial/py_env/lib/python3.10/site-packages/airflow/example_dags/example_sensor_decorator.py
[2025-04-18T11:15:18.947+0900] {logging_mixin.py:190} INFO - [2025-04-18T11:15:18.947+0900] {dag.py:3239} INFO - Sync 1 DAGs
[2025-04-18T11:15:18.956+0900] {logging_mixin.py:190} INFO - [2025-04-18T11:15:18.955+0900] {dag.py:4180} INFO - Setting next_dagrun for example_sensor_decorator to None, run_after=None
[2025-04-18T11:15:18.970+0900] {processor.py:208} INFO - Processing /home/kim/airflow_tutorial/py_env/lib/python3.10/site-packages/airflow/example_dags/example_sensor_decorator.py took 0.048 seconds
[2025-04-18T11:16:21.401+0900] {processor.py:186} INFO - Started process (PID=639234) to work on /home/kim/airflow_tutorial/py_env/lib/python3.10/site-packages/airflow/example_dags/example_sensor_decorator.py
[2025-04-18T11:16:21.402+0900] {processor.py:914} INFO - Processing file /home/kim/airflow_tutorial/py_env/lib/python3.10/site-packages/airflow/example_dags/example_sensor_decorator.py for tasks to queue
[2025-04-18T11:16:21.404+0900] {logging_mixin.py:190} INFO - [2025-04-18T11:16:21.403+0900] {dagbag.py:588} INFO - Filling up the DagBag from /home/kim/airflow_tutorial/py_env/lib/python3.10/site-packages/airflow/example_dags/example_sensor_decorator.py
[2025-04-18T11:16:21.410+0900] {processor.py:925} INFO - DAG(s) 'example_sensor_decorator' retrieved from /home/kim/airflow_tutorial/py_env/lib/python3.10/site-packages/airflow/example_dags/example_sensor_decorator.py
[2025-04-18T11:16:21.422+0900] {logging_mixin.py:190} INFO - [2025-04-18T11:16:21.421+0900] {dag.py:3239} INFO - Sync 1 DAGs
[2025-04-18T11:16:21.431+0900] {logging_mixin.py:190} INFO - [2025-04-18T11:16:21.431+0900] {dag.py:4180} INFO - Setting next_dagrun for example_sensor_decorator to None, run_after=None
[2025-04-18T11:16:21.446+0900] {processor.py:208} INFO - Processing /home/kim/airflow_tutorial/py_env/lib/python3.10/site-packages/airflow/example_dags/example_sensor_decorator.py took 0.049 seconds
[2025-04-18T11:17:18.850+0900] {processor.py:186} INFO - Started process (PID=639992) to work on /home/kim/airflow_tutorial/py_env/lib/python3.10/site-packages/airflow/example_dags/example_sensor_decorator.py
[2025-04-18T11:17:18.851+0900] {processor.py:914} INFO - Processing file /home/kim/airflow_tutorial/py_env/lib/python3.10/site-packages/airflow/example_dags/example_sensor_decorator.py for tasks to queue
[2025-04-18T11:17:18.853+0900] {logging_mixin.py:190} INFO - [2025-04-18T11:17:18.853+0900] {dagbag.py:588} INFO - Filling up the DagBag from /home/kim/airflow_tutorial/py_env/lib/python3.10/site-packages/airflow/example_dags/example_sensor_decorator.py
[2025-04-18T11:17:18.860+0900] {processor.py:925} INFO - DAG(s) 'example_sensor_decorator' retrieved from /home/kim/airflow_tutorial/py_env/lib/python3.10/site-packages/airflow/example_dags/example_sensor_decorator.py
[2025-04-18T11:17:18.873+0900] {logging_mixin.py:190} INFO - [2025-04-18T11:17:18.872+0900] {dag.py:3239} INFO - Sync 1 DAGs
[2025-04-18T11:17:18.883+0900] {logging_mixin.py:190} INFO - [2025-04-18T11:17:18.883+0900] {dag.py:4180} INFO - Setting next_dagrun for example_sensor_decorator to None, run_after=None
[2025-04-18T11:17:18.901+0900] {processor.py:208} INFO - Processing /home/kim/airflow_tutorial/py_env/lib/python3.10/site-packages/airflow/example_dags/example_sensor_decorator.py took 0.057 seconds
[2025-04-18T11:18:20.692+0900] {processor.py:186} INFO - Started process (PID=640442) to work on /home/kim/airflow_tutorial/py_env/lib/python3.10/site-packages/airflow/example_dags/example_sensor_decorator.py
[2025-04-18T11:18:20.693+0900] {processor.py:914} INFO - Processing file /home/kim/airflow_tutorial/py_env/lib/python3.10/site-packages/airflow/example_dags/example_sensor_decorator.py for tasks to queue
[2025-04-18T11:18:20.695+0900] {logging_mixin.py:190} INFO - [2025-04-18T11:18:20.694+0900] {dagbag.py:588} INFO - Filling up the DagBag from /home/kim/airflow_tutorial/py_env/lib/python3.10/site-packages/airflow/example_dags/example_sensor_decorator.py
[2025-04-18T11:18:20.701+0900] {processor.py:925} INFO - DAG(s) 'example_sensor_decorator' retrieved from /home/kim/airflow_tutorial/py_env/lib/python3.10/site-packages/airflow/example_dags/example_sensor_decorator.py
[2025-04-18T11:18:20.711+0900] {logging_mixin.py:190} INFO - [2025-04-18T11:18:20.710+0900] {dag.py:3239} INFO - Sync 1 DAGs
[2025-04-18T11:18:20.721+0900] {logging_mixin.py:190} INFO - [2025-04-18T11:18:20.721+0900] {dag.py:4180} INFO - Setting next_dagrun for example_sensor_decorator to None, run_after=None
[2025-04-18T11:18:20.738+0900] {processor.py:208} INFO - Processing /home/kim/airflow_tutorial/py_env/lib/python3.10/site-packages/airflow/example_dags/example_sensor_decorator.py took 0.051 seconds
[2025-04-18T11:19:20.265+0900] {processor.py:186} INFO - Started process (PID=640953) to work on /home/kim/airflow_tutorial/py_env/lib/python3.10/site-packages/airflow/example_dags/example_sensor_decorator.py
[2025-04-18T11:19:20.267+0900] {processor.py:914} INFO - Processing file /home/kim/airflow_tutorial/py_env/lib/python3.10/site-packages/airflow/example_dags/example_sensor_decorator.py for tasks to queue
[2025-04-18T11:19:20.270+0900] {logging_mixin.py:190} INFO - [2025-04-18T11:19:20.270+0900] {dagbag.py:588} INFO - Filling up the DagBag from /home/kim/airflow_tutorial/py_env/lib/python3.10/site-packages/airflow/example_dags/example_sensor_decorator.py
[2025-04-18T11:19:20.280+0900] {processor.py:925} INFO - DAG(s) 'example_sensor_decorator' retrieved from /home/kim/airflow_tutorial/py_env/lib/python3.10/site-packages/airflow/example_dags/example_sensor_decorator.py
[2025-04-18T11:19:20.295+0900] {logging_mixin.py:190} INFO - [2025-04-18T11:19:20.295+0900] {dag.py:3239} INFO - Sync 1 DAGs
[2025-04-18T11:19:20.307+0900] {logging_mixin.py:190} INFO - [2025-04-18T11:19:20.307+0900] {dag.py:4180} INFO - Setting next_dagrun for example_sensor_decorator to None, run_after=None
[2025-04-18T11:19:20.326+0900] {processor.py:208} INFO - Processing /home/kim/airflow_tutorial/py_env/lib/python3.10/site-packages/airflow/example_dags/example_sensor_decorator.py took 0.068 seconds
[2025-04-18T11:20:15.593+0900] {processor.py:186} INFO - Started process (PID=641236) to work on /home/kim/airflow_tutorial/py_env/lib/python3.10/site-packages/airflow/example_dags/example_sensor_decorator.py
[2025-04-18T11:20:15.596+0900] {processor.py:914} INFO - Processing file /home/kim/airflow_tutorial/py_env/lib/python3.10/site-packages/airflow/example_dags/example_sensor_decorator.py for tasks to queue
[2025-04-18T11:20:15.597+0900] {logging_mixin.py:190} INFO - [2025-04-18T11:20:15.597+0900] {dagbag.py:588} INFO - Filling up the DagBag from /home/kim/airflow_tutorial/py_env/lib/python3.10/site-packages/airflow/example_dags/example_sensor_decorator.py
[2025-04-18T11:20:15.604+0900] {processor.py:925} INFO - DAG(s) 'example_sensor_decorator' retrieved from /home/kim/airflow_tutorial/py_env/lib/python3.10/site-packages/airflow/example_dags/example_sensor_decorator.py
[2025-04-18T11:20:15.615+0900] {logging_mixin.py:190} INFO - [2025-04-18T11:20:15.614+0900] {dag.py:3239} INFO - Sync 1 DAGs
[2025-04-18T11:20:15.624+0900] {logging_mixin.py:190} INFO - [2025-04-18T11:20:15.623+0900] {dag.py:4180} INFO - Setting next_dagrun for example_sensor_decorator to None, run_after=None
[2025-04-18T11:20:15.640+0900] {processor.py:208} INFO - Processing /home/kim/airflow_tutorial/py_env/lib/python3.10/site-packages/airflow/example_dags/example_sensor_decorator.py took 0.052 seconds
[2025-04-18T11:21:15.379+0900] {processor.py:186} INFO - Started process (PID=641522) to work on /home/kim/airflow_tutorial/py_env/lib/python3.10/site-packages/airflow/example_dags/example_sensor_decorator.py
[2025-04-18T11:21:15.381+0900] {processor.py:914} INFO - Processing file /home/kim/airflow_tutorial/py_env/lib/python3.10/site-packages/airflow/example_dags/example_sensor_decorator.py for tasks to queue
[2025-04-18T11:21:15.383+0900] {logging_mixin.py:190} INFO - [2025-04-18T11:21:15.382+0900] {dagbag.py:588} INFO - Filling up the DagBag from /home/kim/airflow_tutorial/py_env/lib/python3.10/site-packages/airflow/example_dags/example_sensor_decorator.py
[2025-04-18T11:21:15.389+0900] {processor.py:925} INFO - DAG(s) 'example_sensor_decorator' retrieved from /home/kim/airflow_tutorial/py_env/lib/python3.10/site-packages/airflow/example_dags/example_sensor_decorator.py
[2025-04-18T11:21:15.399+0900] {logging_mixin.py:190} INFO - [2025-04-18T11:21:15.399+0900] {dag.py:3239} INFO - Sync 1 DAGs
[2025-04-18T11:21:15.408+0900] {logging_mixin.py:190} INFO - [2025-04-18T11:21:15.408+0900] {dag.py:4180} INFO - Setting next_dagrun for example_sensor_decorator to None, run_after=None
[2025-04-18T11:21:15.424+0900] {processor.py:208} INFO - Processing /home/kim/airflow_tutorial/py_env/lib/python3.10/site-packages/airflow/example_dags/example_sensor_decorator.py took 0.049 seconds
[2025-04-18T11:22:17.830+0900] {processor.py:186} INFO - Started process (PID=641827) to work on /home/kim/airflow_tutorial/py_env/lib/python3.10/site-packages/airflow/example_dags/example_sensor_decorator.py
[2025-04-18T11:22:17.832+0900] {processor.py:914} INFO - Processing file /home/kim/airflow_tutorial/py_env/lib/python3.10/site-packages/airflow/example_dags/example_sensor_decorator.py for tasks to queue
[2025-04-18T11:22:17.834+0900] {logging_mixin.py:190} INFO - [2025-04-18T11:22:17.834+0900] {dagbag.py:588} INFO - Filling up the DagBag from /home/kim/airflow_tutorial/py_env/lib/python3.10/site-packages/airflow/example_dags/example_sensor_decorator.py
[2025-04-18T11:22:17.840+0900] {processor.py:925} INFO - DAG(s) 'example_sensor_decorator' retrieved from /home/kim/airflow_tutorial/py_env/lib/python3.10/site-packages/airflow/example_dags/example_sensor_decorator.py
[2025-04-18T11:22:17.851+0900] {logging_mixin.py:190} INFO - [2025-04-18T11:22:17.851+0900] {dag.py:3239} INFO - Sync 1 DAGs
[2025-04-18T11:22:17.860+0900] {logging_mixin.py:190} INFO - [2025-04-18T11:22:17.860+0900] {dag.py:4180} INFO - Setting next_dagrun for example_sensor_decorator to None, run_after=None
[2025-04-18T11:22:17.876+0900] {processor.py:208} INFO - Processing /home/kim/airflow_tutorial/py_env/lib/python3.10/site-packages/airflow/example_dags/example_sensor_decorator.py took 0.051 seconds
[2025-04-18T11:23:18.715+0900] {processor.py:186} INFO - Started process (PID=642275) to work on /home/kim/airflow_tutorial/py_env/lib/python3.10/site-packages/airflow/example_dags/example_sensor_decorator.py
[2025-04-18T11:23:18.717+0900] {processor.py:914} INFO - Processing file /home/kim/airflow_tutorial/py_env/lib/python3.10/site-packages/airflow/example_dags/example_sensor_decorator.py for tasks to queue
[2025-04-18T11:23:18.718+0900] {logging_mixin.py:190} INFO - [2025-04-18T11:23:18.718+0900] {dagbag.py:588} INFO - Filling up the DagBag from /home/kim/airflow_tutorial/py_env/lib/python3.10/site-packages/airflow/example_dags/example_sensor_decorator.py
[2025-04-18T11:23:18.726+0900] {processor.py:925} INFO - DAG(s) 'example_sensor_decorator' retrieved from /home/kim/airflow_tutorial/py_env/lib/python3.10/site-packages/airflow/example_dags/example_sensor_decorator.py
[2025-04-18T11:23:18.736+0900] {logging_mixin.py:190} INFO - [2025-04-18T11:23:18.736+0900] {dag.py:3239} INFO - Sync 1 DAGs
[2025-04-18T11:23:18.744+0900] {logging_mixin.py:190} INFO - [2025-04-18T11:23:18.744+0900] {dag.py:4180} INFO - Setting next_dagrun for example_sensor_decorator to None, run_after=None
[2025-04-18T11:23:18.759+0900] {processor.py:208} INFO - Processing /home/kim/airflow_tutorial/py_env/lib/python3.10/site-packages/airflow/example_dags/example_sensor_decorator.py took 0.048 seconds
[2025-04-18T11:24:15.124+0900] {processor.py:186} INFO - Started process (PID=642630) to work on /home/kim/airflow_tutorial/py_env/lib/python3.10/site-packages/airflow/example_dags/example_sensor_decorator.py
[2025-04-18T11:24:15.126+0900] {processor.py:914} INFO - Processing file /home/kim/airflow_tutorial/py_env/lib/python3.10/site-packages/airflow/example_dags/example_sensor_decorator.py for tasks to queue
[2025-04-18T11:24:15.128+0900] {logging_mixin.py:190} INFO - [2025-04-18T11:24:15.128+0900] {dagbag.py:588} INFO - Filling up the DagBag from /home/kim/airflow_tutorial/py_env/lib/python3.10/site-packages/airflow/example_dags/example_sensor_decorator.py
[2025-04-18T11:24:15.134+0900] {processor.py:925} INFO - DAG(s) 'example_sensor_decorator' retrieved from /home/kim/airflow_tutorial/py_env/lib/python3.10/site-packages/airflow/example_dags/example_sensor_decorator.py
[2025-04-18T11:24:15.145+0900] {logging_mixin.py:190} INFO - [2025-04-18T11:24:15.145+0900] {dag.py:3239} INFO - Sync 1 DAGs
[2025-04-18T11:24:15.154+0900] {logging_mixin.py:190} INFO - [2025-04-18T11:24:15.154+0900] {dag.py:4180} INFO - Setting next_dagrun for example_sensor_decorator to None, run_after=None
[2025-04-18T11:24:15.169+0900] {processor.py:208} INFO - Processing /home/kim/airflow_tutorial/py_env/lib/python3.10/site-packages/airflow/example_dags/example_sensor_decorator.py took 0.049 seconds
[2025-04-18T11:25:16.978+0900] {processor.py:186} INFO - Started process (PID=643001) to work on /home/kim/airflow_tutorial/py_env/lib/python3.10/site-packages/airflow/example_dags/example_sensor_decorator.py
[2025-04-18T11:25:16.980+0900] {processor.py:914} INFO - Processing file /home/kim/airflow_tutorial/py_env/lib/python3.10/site-packages/airflow/example_dags/example_sensor_decorator.py for tasks to queue
[2025-04-18T11:25:16.981+0900] {logging_mixin.py:190} INFO - [2025-04-18T11:25:16.981+0900] {dagbag.py:588} INFO - Filling up the DagBag from /home/kim/airflow_tutorial/py_env/lib/python3.10/site-packages/airflow/example_dags/example_sensor_decorator.py
[2025-04-18T11:25:16.988+0900] {processor.py:925} INFO - DAG(s) 'example_sensor_decorator' retrieved from /home/kim/airflow_tutorial/py_env/lib/python3.10/site-packages/airflow/example_dags/example_sensor_decorator.py
[2025-04-18T11:25:16.998+0900] {logging_mixin.py:190} INFO - [2025-04-18T11:25:16.998+0900] {dag.py:3239} INFO - Sync 1 DAGs
[2025-04-18T11:25:17.007+0900] {logging_mixin.py:190} INFO - [2025-04-18T11:25:17.007+0900] {dag.py:4180} INFO - Setting next_dagrun for example_sensor_decorator to None, run_after=None
[2025-04-18T11:25:17.022+0900] {processor.py:208} INFO - Processing /home/kim/airflow_tutorial/py_env/lib/python3.10/site-packages/airflow/example_dags/example_sensor_decorator.py took 0.049 seconds
[2025-04-18T12:03:10.709+0900] {processor.py:186} INFO - Started process (PID=651742) to work on /home/kim/airflow_tutorial/py_env/lib/python3.10/site-packages/airflow/example_dags/example_sensor_decorator.py
[2025-04-18T12:03:10.710+0900] {processor.py:914} INFO - Processing file /home/kim/airflow_tutorial/py_env/lib/python3.10/site-packages/airflow/example_dags/example_sensor_decorator.py for tasks to queue
[2025-04-18T12:03:10.712+0900] {logging_mixin.py:190} INFO - [2025-04-18T12:03:10.712+0900] {dagbag.py:588} INFO - Filling up the DagBag from /home/kim/airflow_tutorial/py_env/lib/python3.10/site-packages/airflow/example_dags/example_sensor_decorator.py
[2025-04-18T12:03:10.718+0900] {processor.py:925} INFO - DAG(s) 'example_sensor_decorator' retrieved from /home/kim/airflow_tutorial/py_env/lib/python3.10/site-packages/airflow/example_dags/example_sensor_decorator.py
[2025-04-18T12:03:10.875+0900] {logging_mixin.py:190} INFO - [2025-04-18T12:03:10.874+0900] {override.py:1912} INFO - Created Permission View: can read on DAG:example_sensor_decorator
[2025-04-18T12:03:10.884+0900] {logging_mixin.py:190} INFO - [2025-04-18T12:03:10.884+0900] {override.py:1912} INFO - Created Permission View: can edit on DAG:example_sensor_decorator
[2025-04-18T12:03:10.892+0900] {logging_mixin.py:190} INFO - [2025-04-18T12:03:10.892+0900] {override.py:1912} INFO - Created Permission View: can delete on DAG:example_sensor_decorator
[2025-04-18T12:03:10.900+0900] {logging_mixin.py:190} INFO - [2025-04-18T12:03:10.900+0900] {override.py:1912} INFO - Created Permission View: can read on DAG Run:example_sensor_decorator
[2025-04-18T12:03:10.907+0900] {logging_mixin.py:190} INFO - [2025-04-18T12:03:10.907+0900] {override.py:1912} INFO - Created Permission View: can create on DAG Run:example_sensor_decorator
[2025-04-18T12:03:10.914+0900] {logging_mixin.py:190} INFO - [2025-04-18T12:03:10.914+0900] {override.py:1912} INFO - Created Permission View: menu access on DAG Run:example_sensor_decorator
[2025-04-18T12:03:10.922+0900] {logging_mixin.py:190} INFO - [2025-04-18T12:03:10.922+0900] {override.py:1912} INFO - Created Permission View: can delete on DAG Run:example_sensor_decorator
[2025-04-18T12:03:10.923+0900] {logging_mixin.py:190} INFO - [2025-04-18T12:03:10.922+0900] {dag.py:3239} INFO - Sync 1 DAGs
[2025-04-18T12:03:10.932+0900] {logging_mixin.py:190} INFO - [2025-04-18T12:03:10.931+0900] {dag.py:3262} INFO - Creating ORM DAG for example_sensor_decorator
[2025-04-18T12:03:10.932+0900] {logging_mixin.py:190} INFO - [2025-04-18T12:03:10.932+0900] {dag.py:4180} INFO - Setting next_dagrun for example_sensor_decorator to None, run_after=None
[2025-04-18T12:03:10.949+0900] {processor.py:208} INFO - Processing /home/kim/airflow_tutorial/py_env/lib/python3.10/site-packages/airflow/example_dags/example_sensor_decorator.py took 0.244 seconds
[2025-04-18T12:05:17.906+0900] {processor.py:186} INFO - Started process (PID=653568) to work on /home/kim/airflow_tutorial/py_env/lib/python3.10/site-packages/airflow/example_dags/example_sensor_decorator.py
[2025-04-18T12:05:17.908+0900] {processor.py:914} INFO - Processing file /home/kim/airflow_tutorial/py_env/lib/python3.10/site-packages/airflow/example_dags/example_sensor_decorator.py for tasks to queue
[2025-04-18T12:05:17.909+0900] {logging_mixin.py:190} INFO - [2025-04-18T12:05:17.909+0900] {dagbag.py:588} INFO - Filling up the DagBag from /home/kim/airflow_tutorial/py_env/lib/python3.10/site-packages/airflow/example_dags/example_sensor_decorator.py
[2025-04-18T12:05:17.919+0900] {processor.py:925} INFO - DAG(s) 'example_sensor_decorator' retrieved from /home/kim/airflow_tutorial/py_env/lib/python3.10/site-packages/airflow/example_dags/example_sensor_decorator.py
[2025-04-18T12:05:18.019+0900] {logging_mixin.py:190} INFO - [2025-04-18T12:05:18.018+0900] {dag.py:3239} INFO - Sync 1 DAGs
[2025-04-18T12:05:18.029+0900] {logging_mixin.py:190} INFO - [2025-04-18T12:05:18.029+0900] {dag.py:4180} INFO - Setting next_dagrun for example_sensor_decorator to None, run_after=None
[2025-04-18T12:05:18.047+0900] {processor.py:208} INFO - Processing /home/kim/airflow_tutorial/py_env/lib/python3.10/site-packages/airflow/example_dags/example_sensor_decorator.py took 0.145 seconds
[2025-04-18T12:05:48.965+0900] {processor.py:186} INFO - Started process (PID=654046) to work on /home/kim/airflow_tutorial/py_env/lib/python3.10/site-packages/airflow/example_dags/example_sensor_decorator.py
[2025-04-18T12:05:48.966+0900] {processor.py:914} INFO - Processing file /home/kim/airflow_tutorial/py_env/lib/python3.10/site-packages/airflow/example_dags/example_sensor_decorator.py for tasks to queue
[2025-04-18T12:05:48.968+0900] {logging_mixin.py:190} INFO - [2025-04-18T12:05:48.968+0900] {dagbag.py:588} INFO - Filling up the DagBag from /home/kim/airflow_tutorial/py_env/lib/python3.10/site-packages/airflow/example_dags/example_sensor_decorator.py
[2025-04-18T12:05:48.975+0900] {processor.py:925} INFO - DAG(s) 'example_sensor_decorator' retrieved from /home/kim/airflow_tutorial/py_env/lib/python3.10/site-packages/airflow/example_dags/example_sensor_decorator.py
[2025-04-18T12:05:48.997+0900] {logging_mixin.py:190} INFO - [2025-04-18T12:05:48.996+0900] {dag.py:3239} INFO - Sync 1 DAGs
[2025-04-18T12:05:49.009+0900] {logging_mixin.py:190} INFO - [2025-04-18T12:05:49.009+0900] {dag.py:4180} INFO - Setting next_dagrun for example_sensor_decorator to None, run_after=None
[2025-04-18T12:05:49.026+0900] {processor.py:208} INFO - Processing /home/kim/airflow_tutorial/py_env/lib/python3.10/site-packages/airflow/example_dags/example_sensor_decorator.py took 0.067 seconds
[2025-04-18T12:06:19.682+0900] {processor.py:186} INFO - Started process (PID=654429) to work on /home/kim/airflow_tutorial/py_env/lib/python3.10/site-packages/airflow/example_dags/example_sensor_decorator.py
[2025-04-18T12:06:19.683+0900] {processor.py:914} INFO - Processing file /home/kim/airflow_tutorial/py_env/lib/python3.10/site-packages/airflow/example_dags/example_sensor_decorator.py for tasks to queue
[2025-04-18T12:06:19.685+0900] {logging_mixin.py:190} INFO - [2025-04-18T12:06:19.684+0900] {dagbag.py:588} INFO - Filling up the DagBag from /home/kim/airflow_tutorial/py_env/lib/python3.10/site-packages/airflow/example_dags/example_sensor_decorator.py
[2025-04-18T12:06:19.692+0900] {processor.py:925} INFO - DAG(s) 'example_sensor_decorator' retrieved from /home/kim/airflow_tutorial/py_env/lib/python3.10/site-packages/airflow/example_dags/example_sensor_decorator.py
[2025-04-18T12:06:19.717+0900] {logging_mixin.py:190} INFO - [2025-04-18T12:06:19.716+0900] {dag.py:3239} INFO - Sync 1 DAGs
[2025-04-18T12:06:19.731+0900] {logging_mixin.py:190} INFO - [2025-04-18T12:06:19.730+0900] {dag.py:4180} INFO - Setting next_dagrun for example_sensor_decorator to None, run_after=None
[2025-04-18T12:06:19.758+0900] {processor.py:208} INFO - Processing /home/kim/airflow_tutorial/py_env/lib/python3.10/site-packages/airflow/example_dags/example_sensor_decorator.py took 0.082 seconds
