[2025-04-18T11:13:01.343+0900] {processor.py:186} INFO - Started process (PID=637601) to work on /home/kim/airflow_tutorial/py_env/lib/python3.10/site-packages/airflow/example_dags/example_params_ui_tutorial.py
[2025-04-18T11:13:01.344+0900] {processor.py:914} INFO - Processing file /home/kim/airflow_tutorial/py_env/lib/python3.10/site-packages/airflow/example_dags/example_params_ui_tutorial.py for tasks to queue
[2025-04-18T11:13:01.345+0900] {logging_mixin.py:190} INFO - [2025-04-18T11:13:01.345+0900] {dagbag.py:588} INFO - Filling up the DagBag from /home/kim/airflow_tutorial/py_env/lib/python3.10/site-packages/airflow/example_dags/example_params_ui_tutorial.py
[2025-04-18T11:13:01.352+0900] {processor.py:925} INFO - DAG(s) 'example_params_ui_tutorial' retrieved from /home/kim/airflow_tutorial/py_env/lib/python3.10/site-packages/airflow/example_dags/example_params_ui_tutorial.py
[2025-04-18T11:13:01.513+0900] {logging_mixin.py:190} INFO - [2025-04-18T11:13:01.513+0900] {override.py:1912} INFO - Created Permission View: can delete on DAG:example_params_ui_tutorial
[2025-04-18T11:13:01.521+0900] {logging_mixin.py:190} INFO - [2025-04-18T11:13:01.521+0900] {override.py:1912} INFO - Created Permission View: can edit on DAG:example_params_ui_tutorial
[2025-04-18T11:13:01.529+0900] {logging_mixin.py:190} INFO - [2025-04-18T11:13:01.528+0900] {override.py:1912} INFO - Created Permission View: can read on DAG:example_params_ui_tutorial
[2025-04-18T11:13:01.539+0900] {logging_mixin.py:190} INFO - [2025-04-18T11:13:01.539+0900] {override.py:1912} INFO - Created Permission View: can delete on DAG Run:example_params_ui_tutorial
[2025-04-18T11:13:01.545+0900] {logging_mixin.py:190} INFO - [2025-04-18T11:13:01.545+0900] {override.py:1912} INFO - Created Permission View: can create on DAG Run:example_params_ui_tutorial
[2025-04-18T11:13:01.551+0900] {logging_mixin.py:190} INFO - [2025-04-18T11:13:01.551+0900] {override.py:1912} INFO - Created Permission View: menu access on DAG Run:example_params_ui_tutorial
[2025-04-18T11:13:01.558+0900] {logging_mixin.py:190} INFO - [2025-04-18T11:13:01.558+0900] {override.py:1912} INFO - Created Permission View: can read on DAG Run:example_params_ui_tutorial
[2025-04-18T11:13:01.558+0900] {logging_mixin.py:190} INFO - [2025-04-18T11:13:01.558+0900] {dag.py:3239} INFO - Sync 1 DAGs
[2025-04-18T11:13:01.565+0900] {logging_mixin.py:190} INFO - [2025-04-18T11:13:01.565+0900] {dag.py:3262} INFO - Creating ORM DAG for example_params_ui_tutorial
[2025-04-18T11:13:01.566+0900] {logging_mixin.py:190} INFO - [2025-04-18T11:13:01.566+0900] {dag.py:4180} INFO - Setting next_dagrun for example_params_ui_tutorial to None, run_after=None
[2025-04-18T11:13:01.581+0900] {processor.py:208} INFO - Processing /home/kim/airflow_tutorial/py_env/lib/python3.10/site-packages/airflow/example_dags/example_params_ui_tutorial.py took 0.242 seconds
[2025-04-18T11:14:08.251+0900] {processor.py:186} INFO - Started process (PID=638058) to work on /home/kim/airflow_tutorial/py_env/lib/python3.10/site-packages/airflow/example_dags/example_params_ui_tutorial.py
[2025-04-18T11:14:08.254+0900] {processor.py:914} INFO - Processing file /home/kim/airflow_tutorial/py_env/lib/python3.10/site-packages/airflow/example_dags/example_params_ui_tutorial.py for tasks to queue
[2025-04-18T11:14:08.256+0900] {logging_mixin.py:190} INFO - [2025-04-18T11:14:08.256+0900] {dagbag.py:588} INFO - Filling up the DagBag from /home/kim/airflow_tutorial/py_env/lib/python3.10/site-packages/airflow/example_dags/example_params_ui_tutorial.py
[2025-04-18T11:14:08.263+0900] {processor.py:925} INFO - DAG(s) 'example_params_ui_tutorial' retrieved from /home/kim/airflow_tutorial/py_env/lib/python3.10/site-packages/airflow/example_dags/example_params_ui_tutorial.py
[2025-04-18T11:14:08.290+0900] {logging_mixin.py:190} INFO - [2025-04-18T11:14:08.290+0900] {dag.py:3239} INFO - Sync 1 DAGs
[2025-04-18T11:14:08.298+0900] {logging_mixin.py:190} INFO - [2025-04-18T11:14:08.298+0900] {dag.py:4180} INFO - Setting next_dagrun for example_params_ui_tutorial to None, run_after=None
[2025-04-18T11:14:08.313+0900] {processor.py:208} INFO - Processing /home/kim/airflow_tutorial/py_env/lib/python3.10/site-packages/airflow/example_dags/example_params_ui_tutorial.py took 0.066 seconds
[2025-04-18T11:15:08.013+0900] {processor.py:186} INFO - Started process (PID=638667) to work on /home/kim/airflow_tutorial/py_env/lib/python3.10/site-packages/airflow/example_dags/example_params_ui_tutorial.py
[2025-04-18T11:15:08.014+0900] {processor.py:914} INFO - Processing file /home/kim/airflow_tutorial/py_env/lib/python3.10/site-packages/airflow/example_dags/example_params_ui_tutorial.py for tasks to queue
[2025-04-18T11:15:08.016+0900] {logging_mixin.py:190} INFO - [2025-04-18T11:15:08.016+0900] {dagbag.py:588} INFO - Filling up the DagBag from /home/kim/airflow_tutorial/py_env/lib/python3.10/site-packages/airflow/example_dags/example_params_ui_tutorial.py
[2025-04-18T11:15:08.023+0900] {processor.py:925} INFO - DAG(s) 'example_params_ui_tutorial' retrieved from /home/kim/airflow_tutorial/py_env/lib/python3.10/site-packages/airflow/example_dags/example_params_ui_tutorial.py
[2025-04-18T11:15:08.051+0900] {logging_mixin.py:190} INFO - [2025-04-18T11:15:08.051+0900] {dag.py:3239} INFO - Sync 1 DAGs
[2025-04-18T11:15:08.060+0900] {logging_mixin.py:190} INFO - [2025-04-18T11:15:08.060+0900] {dag.py:4180} INFO - Setting next_dagrun for example_params_ui_tutorial to None, run_after=None
[2025-04-18T11:15:08.078+0900] {processor.py:208} INFO - Processing /home/kim/airflow_tutorial/py_env/lib/python3.10/site-packages/airflow/example_dags/example_params_ui_tutorial.py took 0.070 seconds
[2025-04-18T11:16:10.043+0900] {processor.py:186} INFO - Started process (PID=639046) to work on /home/kim/airflow_tutorial/py_env/lib/python3.10/site-packages/airflow/example_dags/example_params_ui_tutorial.py
[2025-04-18T11:16:10.045+0900] {processor.py:914} INFO - Processing file /home/kim/airflow_tutorial/py_env/lib/python3.10/site-packages/airflow/example_dags/example_params_ui_tutorial.py for tasks to queue
[2025-04-18T11:16:10.046+0900] {logging_mixin.py:190} INFO - [2025-04-18T11:16:10.046+0900] {dagbag.py:588} INFO - Filling up the DagBag from /home/kim/airflow_tutorial/py_env/lib/python3.10/site-packages/airflow/example_dags/example_params_ui_tutorial.py
[2025-04-18T11:16:10.053+0900] {processor.py:925} INFO - DAG(s) 'example_params_ui_tutorial' retrieved from /home/kim/airflow_tutorial/py_env/lib/python3.10/site-packages/airflow/example_dags/example_params_ui_tutorial.py
[2025-04-18T11:16:10.081+0900] {logging_mixin.py:190} INFO - [2025-04-18T11:16:10.081+0900] {dag.py:3239} INFO - Sync 1 DAGs
[2025-04-18T11:16:10.090+0900] {logging_mixin.py:190} INFO - [2025-04-18T11:16:10.090+0900] {dag.py:4180} INFO - Setting next_dagrun for example_params_ui_tutorial to None, run_after=None
[2025-04-18T11:16:10.105+0900] {processor.py:208} INFO - Processing /home/kim/airflow_tutorial/py_env/lib/python3.10/site-packages/airflow/example_dags/example_params_ui_tutorial.py took 0.066 seconds
[2025-04-18T11:17:06.066+0900] {processor.py:186} INFO - Started process (PID=639783) to work on /home/kim/airflow_tutorial/py_env/lib/python3.10/site-packages/airflow/example_dags/example_params_ui_tutorial.py
[2025-04-18T11:17:06.071+0900] {processor.py:914} INFO - Processing file /home/kim/airflow_tutorial/py_env/lib/python3.10/site-packages/airflow/example_dags/example_params_ui_tutorial.py for tasks to queue
[2025-04-18T11:17:06.072+0900] {logging_mixin.py:190} INFO - [2025-04-18T11:17:06.072+0900] {dagbag.py:588} INFO - Filling up the DagBag from /home/kim/airflow_tutorial/py_env/lib/python3.10/site-packages/airflow/example_dags/example_params_ui_tutorial.py
[2025-04-18T11:17:06.079+0900] {processor.py:925} INFO - DAG(s) 'example_params_ui_tutorial' retrieved from /home/kim/airflow_tutorial/py_env/lib/python3.10/site-packages/airflow/example_dags/example_params_ui_tutorial.py
[2025-04-18T11:17:06.108+0900] {logging_mixin.py:190} INFO - [2025-04-18T11:17:06.108+0900] {dag.py:3239} INFO - Sync 1 DAGs
[2025-04-18T11:17:06.119+0900] {logging_mixin.py:190} INFO - [2025-04-18T11:17:06.119+0900] {dag.py:4180} INFO - Setting next_dagrun for example_params_ui_tutorial to None, run_after=None
[2025-04-18T11:17:06.137+0900] {processor.py:208} INFO - Processing /home/kim/airflow_tutorial/py_env/lib/python3.10/site-packages/airflow/example_dags/example_params_ui_tutorial.py took 0.075 seconds
[2025-04-18T11:18:07.982+0900] {processor.py:186} INFO - Started process (PID=640401) to work on /home/kim/airflow_tutorial/py_env/lib/python3.10/site-packages/airflow/example_dags/example_params_ui_tutorial.py
[2025-04-18T11:18:07.983+0900] {processor.py:914} INFO - Processing file /home/kim/airflow_tutorial/py_env/lib/python3.10/site-packages/airflow/example_dags/example_params_ui_tutorial.py for tasks to queue
[2025-04-18T11:18:07.985+0900] {logging_mixin.py:190} INFO - [2025-04-18T11:18:07.984+0900] {dagbag.py:588} INFO - Filling up the DagBag from /home/kim/airflow_tutorial/py_env/lib/python3.10/site-packages/airflow/example_dags/example_params_ui_tutorial.py
[2025-04-18T11:18:07.991+0900] {processor.py:925} INFO - DAG(s) 'example_params_ui_tutorial' retrieved from /home/kim/airflow_tutorial/py_env/lib/python3.10/site-packages/airflow/example_dags/example_params_ui_tutorial.py
[2025-04-18T11:18:08.020+0900] {logging_mixin.py:190} INFO - [2025-04-18T11:18:08.020+0900] {dag.py:3239} INFO - Sync 1 DAGs
[2025-04-18T11:18:08.029+0900] {logging_mixin.py:190} INFO - [2025-04-18T11:18:08.029+0900] {dag.py:4180} INFO - Setting next_dagrun for example_params_ui_tutorial to None, run_after=None
[2025-04-18T11:18:08.044+0900] {processor.py:208} INFO - Processing /home/kim/airflow_tutorial/py_env/lib/python3.10/site-packages/airflow/example_dags/example_params_ui_tutorial.py took 0.067 seconds
[2025-04-18T11:19:07.510+0900] {processor.py:186} INFO - Started process (PID=640912) to work on /home/kim/airflow_tutorial/py_env/lib/python3.10/site-packages/airflow/example_dags/example_params_ui_tutorial.py
[2025-04-18T11:19:07.513+0900] {processor.py:914} INFO - Processing file /home/kim/airflow_tutorial/py_env/lib/python3.10/site-packages/airflow/example_dags/example_params_ui_tutorial.py for tasks to queue
[2025-04-18T11:19:07.514+0900] {logging_mixin.py:190} INFO - [2025-04-18T11:19:07.514+0900] {dagbag.py:588} INFO - Filling up the DagBag from /home/kim/airflow_tutorial/py_env/lib/python3.10/site-packages/airflow/example_dags/example_params_ui_tutorial.py
[2025-04-18T11:19:07.521+0900] {processor.py:925} INFO - DAG(s) 'example_params_ui_tutorial' retrieved from /home/kim/airflow_tutorial/py_env/lib/python3.10/site-packages/airflow/example_dags/example_params_ui_tutorial.py
[2025-04-18T11:19:07.548+0900] {logging_mixin.py:190} INFO - [2025-04-18T11:19:07.548+0900] {dag.py:3239} INFO - Sync 1 DAGs
[2025-04-18T11:19:07.557+0900] {logging_mixin.py:190} INFO - [2025-04-18T11:19:07.557+0900] {dag.py:4180} INFO - Setting next_dagrun for example_params_ui_tutorial to None, run_after=None
[2025-04-18T11:19:07.571+0900] {processor.py:208} INFO - Processing /home/kim/airflow_tutorial/py_env/lib/python3.10/site-packages/airflow/example_dags/example_params_ui_tutorial.py took 0.066 seconds
[2025-04-18T11:20:04.326+0900] {processor.py:186} INFO - Started process (PID=641117) to work on /home/kim/airflow_tutorial/py_env/lib/python3.10/site-packages/airflow/example_dags/example_params_ui_tutorial.py
[2025-04-18T11:20:04.327+0900] {processor.py:914} INFO - Processing file /home/kim/airflow_tutorial/py_env/lib/python3.10/site-packages/airflow/example_dags/example_params_ui_tutorial.py for tasks to queue
[2025-04-18T11:20:04.330+0900] {logging_mixin.py:190} INFO - [2025-04-18T11:20:04.329+0900] {dagbag.py:588} INFO - Filling up the DagBag from /home/kim/airflow_tutorial/py_env/lib/python3.10/site-packages/airflow/example_dags/example_params_ui_tutorial.py
[2025-04-18T11:20:04.339+0900] {processor.py:925} INFO - DAG(s) 'example_params_ui_tutorial' retrieved from /home/kim/airflow_tutorial/py_env/lib/python3.10/site-packages/airflow/example_dags/example_params_ui_tutorial.py
[2025-04-18T11:20:04.374+0900] {logging_mixin.py:190} INFO - [2025-04-18T11:20:04.374+0900] {dag.py:3239} INFO - Sync 1 DAGs
[2025-04-18T11:20:04.383+0900] {logging_mixin.py:190} INFO - [2025-04-18T11:20:04.383+0900] {dag.py:4180} INFO - Setting next_dagrun for example_params_ui_tutorial to None, run_after=None
[2025-04-18T11:20:04.398+0900] {processor.py:208} INFO - Processing /home/kim/airflow_tutorial/py_env/lib/python3.10/site-packages/airflow/example_dags/example_params_ui_tutorial.py took 0.078 seconds
[2025-04-18T11:21:03.979+0900] {processor.py:186} INFO - Started process (PID=641409) to work on /home/kim/airflow_tutorial/py_env/lib/python3.10/site-packages/airflow/example_dags/example_params_ui_tutorial.py
[2025-04-18T11:21:03.982+0900] {processor.py:914} INFO - Processing file /home/kim/airflow_tutorial/py_env/lib/python3.10/site-packages/airflow/example_dags/example_params_ui_tutorial.py for tasks to queue
[2025-04-18T11:21:03.984+0900] {logging_mixin.py:190} INFO - [2025-04-18T11:21:03.983+0900] {dagbag.py:588} INFO - Filling up the DagBag from /home/kim/airflow_tutorial/py_env/lib/python3.10/site-packages/airflow/example_dags/example_params_ui_tutorial.py
[2025-04-18T11:21:03.990+0900] {processor.py:925} INFO - DAG(s) 'example_params_ui_tutorial' retrieved from /home/kim/airflow_tutorial/py_env/lib/python3.10/site-packages/airflow/example_dags/example_params_ui_tutorial.py
[2025-04-18T11:21:04.018+0900] {logging_mixin.py:190} INFO - [2025-04-18T11:21:04.017+0900] {dag.py:3239} INFO - Sync 1 DAGs
[2025-04-18T11:21:04.026+0900] {logging_mixin.py:190} INFO - [2025-04-18T11:21:04.026+0900] {dag.py:4180} INFO - Setting next_dagrun for example_params_ui_tutorial to None, run_after=None
[2025-04-18T11:21:04.041+0900] {processor.py:208} INFO - Processing /home/kim/airflow_tutorial/py_env/lib/python3.10/site-packages/airflow/example_dags/example_params_ui_tutorial.py took 0.066 seconds
[2025-04-18T11:22:07.773+0900] {processor.py:186} INFO - Started process (PID=641739) to work on /home/kim/airflow_tutorial/py_env/lib/python3.10/site-packages/airflow/example_dags/example_params_ui_tutorial.py
[2025-04-18T11:22:07.776+0900] {processor.py:914} INFO - Processing file /home/kim/airflow_tutorial/py_env/lib/python3.10/site-packages/airflow/example_dags/example_params_ui_tutorial.py for tasks to queue
[2025-04-18T11:22:07.778+0900] {logging_mixin.py:190} INFO - [2025-04-18T11:22:07.777+0900] {dagbag.py:588} INFO - Filling up the DagBag from /home/kim/airflow_tutorial/py_env/lib/python3.10/site-packages/airflow/example_dags/example_params_ui_tutorial.py
[2025-04-18T11:22:07.784+0900] {processor.py:925} INFO - DAG(s) 'example_params_ui_tutorial' retrieved from /home/kim/airflow_tutorial/py_env/lib/python3.10/site-packages/airflow/example_dags/example_params_ui_tutorial.py
[2025-04-18T11:22:07.810+0900] {logging_mixin.py:190} INFO - [2025-04-18T11:22:07.810+0900] {dag.py:3239} INFO - Sync 1 DAGs
[2025-04-18T11:22:07.819+0900] {logging_mixin.py:190} INFO - [2025-04-18T11:22:07.818+0900] {dag.py:4180} INFO - Setting next_dagrun for example_params_ui_tutorial to None, run_after=None
[2025-04-18T11:22:07.833+0900] {processor.py:208} INFO - Processing /home/kim/airflow_tutorial/py_env/lib/python3.10/site-packages/airflow/example_dags/example_params_ui_tutorial.py took 0.064 seconds
[2025-04-18T11:23:07.637+0900] {processor.py:186} INFO - Started process (PID=642162) to work on /home/kim/airflow_tutorial/py_env/lib/python3.10/site-packages/airflow/example_dags/example_params_ui_tutorial.py
[2025-04-18T11:23:07.640+0900] {processor.py:914} INFO - Processing file /home/kim/airflow_tutorial/py_env/lib/python3.10/site-packages/airflow/example_dags/example_params_ui_tutorial.py for tasks to queue
[2025-04-18T11:23:07.642+0900] {logging_mixin.py:190} INFO - [2025-04-18T11:23:07.641+0900] {dagbag.py:588} INFO - Filling up the DagBag from /home/kim/airflow_tutorial/py_env/lib/python3.10/site-packages/airflow/example_dags/example_params_ui_tutorial.py
[2025-04-18T11:23:07.649+0900] {processor.py:925} INFO - DAG(s) 'example_params_ui_tutorial' retrieved from /home/kim/airflow_tutorial/py_env/lib/python3.10/site-packages/airflow/example_dags/example_params_ui_tutorial.py
[2025-04-18T11:23:07.678+0900] {logging_mixin.py:190} INFO - [2025-04-18T11:23:07.678+0900] {dag.py:3239} INFO - Sync 1 DAGs
[2025-04-18T11:23:07.688+0900] {logging_mixin.py:190} INFO - [2025-04-18T11:23:07.687+0900] {dag.py:4180} INFO - Setting next_dagrun for example_params_ui_tutorial to None, run_after=None
[2025-04-18T11:23:07.703+0900] {processor.py:208} INFO - Processing /home/kim/airflow_tutorial/py_env/lib/python3.10/site-packages/airflow/example_dags/example_params_ui_tutorial.py took 0.071 seconds
[2025-04-18T11:24:02.456+0900] {processor.py:186} INFO - Started process (PID=642516) to work on /home/kim/airflow_tutorial/py_env/lib/python3.10/site-packages/airflow/example_dags/example_params_ui_tutorial.py
[2025-04-18T11:24:02.459+0900] {processor.py:914} INFO - Processing file /home/kim/airflow_tutorial/py_env/lib/python3.10/site-packages/airflow/example_dags/example_params_ui_tutorial.py for tasks to queue
[2025-04-18T11:24:02.461+0900] {logging_mixin.py:190} INFO - [2025-04-18T11:24:02.460+0900] {dagbag.py:588} INFO - Filling up the DagBag from /home/kim/airflow_tutorial/py_env/lib/python3.10/site-packages/airflow/example_dags/example_params_ui_tutorial.py
[2025-04-18T11:24:02.468+0900] {processor.py:925} INFO - DAG(s) 'example_params_ui_tutorial' retrieved from /home/kim/airflow_tutorial/py_env/lib/python3.10/site-packages/airflow/example_dags/example_params_ui_tutorial.py
[2025-04-18T11:24:02.497+0900] {logging_mixin.py:190} INFO - [2025-04-18T11:24:02.497+0900] {dag.py:3239} INFO - Sync 1 DAGs
[2025-04-18T11:24:02.506+0900] {logging_mixin.py:190} INFO - [2025-04-18T11:24:02.505+0900] {dag.py:4180} INFO - Setting next_dagrun for example_params_ui_tutorial to None, run_after=None
[2025-04-18T11:24:02.523+0900] {processor.py:208} INFO - Processing /home/kim/airflow_tutorial/py_env/lib/python3.10/site-packages/airflow/example_dags/example_params_ui_tutorial.py took 0.071 seconds
[2025-04-18T11:25:04.225+0900] {processor.py:186} INFO - Started process (PID=642816) to work on /home/kim/airflow_tutorial/py_env/lib/python3.10/site-packages/airflow/example_dags/example_params_ui_tutorial.py
[2025-04-18T11:25:04.226+0900] {processor.py:914} INFO - Processing file /home/kim/airflow_tutorial/py_env/lib/python3.10/site-packages/airflow/example_dags/example_params_ui_tutorial.py for tasks to queue
[2025-04-18T11:25:04.228+0900] {logging_mixin.py:190} INFO - [2025-04-18T11:25:04.228+0900] {dagbag.py:588} INFO - Filling up the DagBag from /home/kim/airflow_tutorial/py_env/lib/python3.10/site-packages/airflow/example_dags/example_params_ui_tutorial.py
[2025-04-18T11:25:04.235+0900] {processor.py:925} INFO - DAG(s) 'example_params_ui_tutorial' retrieved from /home/kim/airflow_tutorial/py_env/lib/python3.10/site-packages/airflow/example_dags/example_params_ui_tutorial.py
[2025-04-18T11:25:04.263+0900] {logging_mixin.py:190} INFO - [2025-04-18T11:25:04.263+0900] {dag.py:3239} INFO - Sync 1 DAGs
[2025-04-18T11:25:04.271+0900] {logging_mixin.py:190} INFO - [2025-04-18T11:25:04.271+0900] {dag.py:4180} INFO - Setting next_dagrun for example_params_ui_tutorial to None, run_after=None
[2025-04-18T11:25:04.286+0900] {processor.py:208} INFO - Processing /home/kim/airflow_tutorial/py_env/lib/python3.10/site-packages/airflow/example_dags/example_params_ui_tutorial.py took 0.066 seconds
[2025-04-18T12:03:08.661+0900] {processor.py:186} INFO - Started process (PID=651545) to work on /home/kim/airflow_tutorial/py_env/lib/python3.10/site-packages/airflow/example_dags/example_params_ui_tutorial.py
[2025-04-18T12:03:08.662+0900] {processor.py:914} INFO - Processing file /home/kim/airflow_tutorial/py_env/lib/python3.10/site-packages/airflow/example_dags/example_params_ui_tutorial.py for tasks to queue
[2025-04-18T12:03:08.664+0900] {logging_mixin.py:190} INFO - [2025-04-18T12:03:08.664+0900] {dagbag.py:588} INFO - Filling up the DagBag from /home/kim/airflow_tutorial/py_env/lib/python3.10/site-packages/airflow/example_dags/example_params_ui_tutorial.py
[2025-04-18T12:03:08.671+0900] {processor.py:925} INFO - DAG(s) 'example_params_ui_tutorial' retrieved from /home/kim/airflow_tutorial/py_env/lib/python3.10/site-packages/airflow/example_dags/example_params_ui_tutorial.py
[2025-04-18T12:03:08.878+0900] {logging_mixin.py:190} INFO - [2025-04-18T12:03:08.878+0900] {override.py:1912} INFO - Created Permission View: can read on DAG:example_params_ui_tutorial
[2025-04-18T12:03:08.887+0900] {logging_mixin.py:190} INFO - [2025-04-18T12:03:08.887+0900] {override.py:1912} INFO - Created Permission View: can edit on DAG:example_params_ui_tutorial
[2025-04-18T12:03:08.893+0900] {logging_mixin.py:190} INFO - [2025-04-18T12:03:08.893+0900] {override.py:1912} INFO - Created Permission View: can delete on DAG:example_params_ui_tutorial
[2025-04-18T12:03:08.901+0900] {logging_mixin.py:190} INFO - [2025-04-18T12:03:08.901+0900] {override.py:1912} INFO - Created Permission View: can read on DAG Run:example_params_ui_tutorial
[2025-04-18T12:03:08.908+0900] {logging_mixin.py:190} INFO - [2025-04-18T12:03:08.908+0900] {override.py:1912} INFO - Created Permission View: can create on DAG Run:example_params_ui_tutorial
[2025-04-18T12:03:08.915+0900] {logging_mixin.py:190} INFO - [2025-04-18T12:03:08.915+0900] {override.py:1912} INFO - Created Permission View: menu access on DAG Run:example_params_ui_tutorial
[2025-04-18T12:03:08.921+0900] {logging_mixin.py:190} INFO - [2025-04-18T12:03:08.921+0900] {override.py:1912} INFO - Created Permission View: can delete on DAG Run:example_params_ui_tutorial
[2025-04-18T12:03:08.922+0900] {logging_mixin.py:190} INFO - [2025-04-18T12:03:08.922+0900] {dag.py:3239} INFO - Sync 1 DAGs
[2025-04-18T12:03:08.930+0900] {logging_mixin.py:190} INFO - [2025-04-18T12:03:08.930+0900] {dag.py:3262} INFO - Creating ORM DAG for example_params_ui_tutorial
[2025-04-18T12:03:08.931+0900] {logging_mixin.py:190} INFO - [2025-04-18T12:03:08.931+0900] {dag.py:4180} INFO - Setting next_dagrun for example_params_ui_tutorial to None, run_after=None
[2025-04-18T12:03:08.947+0900] {processor.py:208} INFO - Processing /home/kim/airflow_tutorial/py_env/lib/python3.10/site-packages/airflow/example_dags/example_params_ui_tutorial.py took 0.290 seconds
[2025-04-18T12:05:16.944+0900] {processor.py:186} INFO - Started process (PID=653515) to work on /home/kim/airflow_tutorial/py_env/lib/python3.10/site-packages/airflow/example_dags/example_params_ui_tutorial.py
[2025-04-18T12:05:16.945+0900] {processor.py:914} INFO - Processing file /home/kim/airflow_tutorial/py_env/lib/python3.10/site-packages/airflow/example_dags/example_params_ui_tutorial.py for tasks to queue
[2025-04-18T12:05:16.947+0900] {logging_mixin.py:190} INFO - [2025-04-18T12:05:16.946+0900] {dagbag.py:588} INFO - Filling up the DagBag from /home/kim/airflow_tutorial/py_env/lib/python3.10/site-packages/airflow/example_dags/example_params_ui_tutorial.py
[2025-04-18T12:05:16.954+0900] {processor.py:925} INFO - DAG(s) 'example_params_ui_tutorial' retrieved from /home/kim/airflow_tutorial/py_env/lib/python3.10/site-packages/airflow/example_dags/example_params_ui_tutorial.py
[2025-04-18T12:05:17.090+0900] {logging_mixin.py:190} INFO - [2025-04-18T12:05:17.090+0900] {dag.py:3239} INFO - Sync 1 DAGs
[2025-04-18T12:05:17.102+0900] {logging_mixin.py:190} INFO - [2025-04-18T12:05:17.102+0900] {dag.py:4180} INFO - Setting next_dagrun for example_params_ui_tutorial to None, run_after=None
[2025-04-18T12:05:17.125+0900] {processor.py:208} INFO - Processing /home/kim/airflow_tutorial/py_env/lib/python3.10/site-packages/airflow/example_dags/example_params_ui_tutorial.py took 0.186 seconds
[2025-04-18T12:05:47.250+0900] {processor.py:186} INFO - Started process (PID=653985) to work on /home/kim/airflow_tutorial/py_env/lib/python3.10/site-packages/airflow/example_dags/example_params_ui_tutorial.py
[2025-04-18T12:05:47.251+0900] {processor.py:914} INFO - Processing file /home/kim/airflow_tutorial/py_env/lib/python3.10/site-packages/airflow/example_dags/example_params_ui_tutorial.py for tasks to queue
[2025-04-18T12:05:47.253+0900] {logging_mixin.py:190} INFO - [2025-04-18T12:05:47.253+0900] {dagbag.py:588} INFO - Filling up the DagBag from /home/kim/airflow_tutorial/py_env/lib/python3.10/site-packages/airflow/example_dags/example_params_ui_tutorial.py
[2025-04-18T12:05:47.261+0900] {processor.py:925} INFO - DAG(s) 'example_params_ui_tutorial' retrieved from /home/kim/airflow_tutorial/py_env/lib/python3.10/site-packages/airflow/example_dags/example_params_ui_tutorial.py
[2025-04-18T12:05:47.303+0900] {logging_mixin.py:190} INFO - [2025-04-18T12:05:47.303+0900] {dag.py:3239} INFO - Sync 1 DAGs
[2025-04-18T12:05:47.319+0900] {logging_mixin.py:190} INFO - [2025-04-18T12:05:47.318+0900] {dag.py:4180} INFO - Setting next_dagrun for example_params_ui_tutorial to None, run_after=None
[2025-04-18T12:05:47.338+0900] {processor.py:208} INFO - Processing /home/kim/airflow_tutorial/py_env/lib/python3.10/site-packages/airflow/example_dags/example_params_ui_tutorial.py took 0.094 seconds
[2025-04-18T12:06:18.063+0900] {processor.py:186} INFO - Started process (PID=654370) to work on /home/kim/airflow_tutorial/py_env/lib/python3.10/site-packages/airflow/example_dags/example_params_ui_tutorial.py
[2025-04-18T12:06:18.064+0900] {processor.py:914} INFO - Processing file /home/kim/airflow_tutorial/py_env/lib/python3.10/site-packages/airflow/example_dags/example_params_ui_tutorial.py for tasks to queue
[2025-04-18T12:06:18.066+0900] {logging_mixin.py:190} INFO - [2025-04-18T12:06:18.065+0900] {dagbag.py:588} INFO - Filling up the DagBag from /home/kim/airflow_tutorial/py_env/lib/python3.10/site-packages/airflow/example_dags/example_params_ui_tutorial.py
[2025-04-18T12:06:18.073+0900] {processor.py:925} INFO - DAG(s) 'example_params_ui_tutorial' retrieved from /home/kim/airflow_tutorial/py_env/lib/python3.10/site-packages/airflow/example_dags/example_params_ui_tutorial.py
[2025-04-18T12:06:18.119+0900] {logging_mixin.py:190} INFO - [2025-04-18T12:06:18.118+0900] {dag.py:3239} INFO - Sync 1 DAGs
[2025-04-18T12:06:18.132+0900] {logging_mixin.py:190} INFO - [2025-04-18T12:06:18.131+0900] {dag.py:4180} INFO - Setting next_dagrun for example_params_ui_tutorial to None, run_after=None
[2025-04-18T12:06:18.154+0900] {processor.py:208} INFO - Processing /home/kim/airflow_tutorial/py_env/lib/python3.10/site-packages/airflow/example_dags/example_params_ui_tutorial.py took 0.096 seconds
