[2025-04-18T11:13:17.099+0900] {processor.py:186} INFO - Started process (PID=637809) to work on /home/kim/airflow_tutorial/py_env/lib/python3.10/site-packages/airflow/example_dags/example_outlet_event_extra.py
[2025-04-18T11:13:17.099+0900] {processor.py:914} INFO - Processing file /home/kim/airflow_tutorial/py_env/lib/python3.10/site-packages/airflow/example_dags/example_outlet_event_extra.py for tasks to queue
[2025-04-18T11:13:17.101+0900] {logging_mixin.py:190} INFO - [2025-04-18T11:13:17.100+0900] {dagbag.py:588} INFO - Filling up the DagBag from /home/kim/airflow_tutorial/py_env/lib/python3.10/site-packages/airflow/example_dags/example_outlet_event_extra.py
[2025-04-18T11:13:17.112+0900] {processor.py:925} INFO - DAG(s) 'dataset_with_extra_by_yield', 'dataset_with_extra_from_classic_operator', 'dataset_with_extra_by_context' retrieved from /home/kim/airflow_tutorial/py_env/lib/python3.10/site-packages/airflow/example_dags/example_outlet_event_extra.py
[2025-04-18T11:13:17.254+0900] {logging_mixin.py:190} INFO - [2025-04-18T11:13:17.253+0900] {override.py:1912} INFO - Created Permission View: can delete on DAG:dataset_with_extra_by_yield
[2025-04-18T11:13:17.268+0900] {logging_mixin.py:190} INFO - [2025-04-18T11:13:17.268+0900] {override.py:1912} INFO - Created Permission View: can edit on DAG:dataset_with_extra_by_yield
[2025-04-18T11:13:17.278+0900] {logging_mixin.py:190} INFO - [2025-04-18T11:13:17.278+0900] {override.py:1912} INFO - Created Permission View: can read on DAG:dataset_with_extra_by_yield
[2025-04-18T11:13:17.290+0900] {logging_mixin.py:190} INFO - [2025-04-18T11:13:17.290+0900] {override.py:1912} INFO - Created Permission View: can delete on DAG Run:dataset_with_extra_by_yield
[2025-04-18T11:13:17.296+0900] {logging_mixin.py:190} INFO - [2025-04-18T11:13:17.296+0900] {override.py:1912} INFO - Created Permission View: can create on DAG Run:dataset_with_extra_by_yield
[2025-04-18T11:13:17.303+0900] {logging_mixin.py:190} INFO - [2025-04-18T11:13:17.302+0900] {override.py:1912} INFO - Created Permission View: menu access on DAG Run:dataset_with_extra_by_yield
[2025-04-18T11:13:17.309+0900] {logging_mixin.py:190} INFO - [2025-04-18T11:13:17.308+0900] {override.py:1912} INFO - Created Permission View: can read on DAG Run:dataset_with_extra_by_yield
[2025-04-18T11:13:17.324+0900] {logging_mixin.py:190} INFO - [2025-04-18T11:13:17.323+0900] {override.py:1912} INFO - Created Permission View: can delete on DAG:dataset_with_extra_from_classic_operator
[2025-04-18T11:13:17.331+0900] {logging_mixin.py:190} INFO - [2025-04-18T11:13:17.331+0900] {override.py:1912} INFO - Created Permission View: can edit on DAG:dataset_with_extra_from_classic_operator
[2025-04-18T11:13:17.338+0900] {logging_mixin.py:190} INFO - [2025-04-18T11:13:17.338+0900] {override.py:1912} INFO - Created Permission View: can read on DAG:dataset_with_extra_from_classic_operator
[2025-04-18T11:13:17.350+0900] {logging_mixin.py:190} INFO - [2025-04-18T11:13:17.350+0900] {override.py:1912} INFO - Created Permission View: can delete on DAG Run:dataset_with_extra_from_classic_operator
[2025-04-18T11:13:17.357+0900] {logging_mixin.py:190} INFO - [2025-04-18T11:13:17.357+0900] {override.py:1912} INFO - Created Permission View: can create on DAG Run:dataset_with_extra_from_classic_operator
[2025-04-18T11:13:17.363+0900] {logging_mixin.py:190} INFO - [2025-04-18T11:13:17.363+0900] {override.py:1912} INFO - Created Permission View: menu access on DAG Run:dataset_with_extra_from_classic_operator
[2025-04-18T11:13:17.370+0900] {logging_mixin.py:190} INFO - [2025-04-18T11:13:17.370+0900] {override.py:1912} INFO - Created Permission View: can read on DAG Run:dataset_with_extra_from_classic_operator
[2025-04-18T11:13:17.386+0900] {logging_mixin.py:190} INFO - [2025-04-18T11:13:17.385+0900] {override.py:1912} INFO - Created Permission View: can delete on DAG:dataset_with_extra_by_context
[2025-04-18T11:13:17.392+0900] {logging_mixin.py:190} INFO - [2025-04-18T11:13:17.392+0900] {override.py:1912} INFO - Created Permission View: can edit on DAG:dataset_with_extra_by_context
[2025-04-18T11:13:17.399+0900] {logging_mixin.py:190} INFO - [2025-04-18T11:13:17.398+0900] {override.py:1912} INFO - Created Permission View: can read on DAG:dataset_with_extra_by_context
[2025-04-18T11:13:17.409+0900] {logging_mixin.py:190} INFO - [2025-04-18T11:13:17.409+0900] {override.py:1912} INFO - Created Permission View: can delete on DAG Run:dataset_with_extra_by_context
[2025-04-18T11:13:17.416+0900] {logging_mixin.py:190} INFO - [2025-04-18T11:13:17.415+0900] {override.py:1912} INFO - Created Permission View: can create on DAG Run:dataset_with_extra_by_context
[2025-04-18T11:13:17.422+0900] {logging_mixin.py:190} INFO - [2025-04-18T11:13:17.422+0900] {override.py:1912} INFO - Created Permission View: menu access on DAG Run:dataset_with_extra_by_context
[2025-04-18T11:13:17.428+0900] {logging_mixin.py:190} INFO - [2025-04-18T11:13:17.428+0900] {override.py:1912} INFO - Created Permission View: can read on DAG Run:dataset_with_extra_by_context
[2025-04-18T11:13:17.429+0900] {logging_mixin.py:190} INFO - [2025-04-18T11:13:17.429+0900] {dag.py:3239} INFO - Sync 3 DAGs
[2025-04-18T11:13:17.435+0900] {logging_mixin.py:190} INFO - [2025-04-18T11:13:17.435+0900] {dag.py:3262} INFO - Creating ORM DAG for dataset_with_extra_by_context
[2025-04-18T11:13:17.436+0900] {logging_mixin.py:190} INFO - [2025-04-18T11:13:17.435+0900] {dag.py:3262} INFO - Creating ORM DAG for dataset_with_extra_by_yield
[2025-04-18T11:13:17.436+0900] {logging_mixin.py:190} INFO - [2025-04-18T11:13:17.436+0900] {dag.py:3262} INFO - Creating ORM DAG for dataset_with_extra_from_classic_operator
[2025-04-18T11:13:17.441+0900] {logging_mixin.py:190} INFO - [2025-04-18T11:13:17.441+0900] {dag.py:4180} INFO - Setting next_dagrun for dataset_with_extra_by_context to 2025-04-17 00:00:00+00:00, run_after=2025-04-18 00:00:00+00:00
[2025-04-18T11:13:17.443+0900] {logging_mixin.py:190} INFO - [2025-04-18T11:13:17.443+0900] {dag.py:4180} INFO - Setting next_dagrun for dataset_with_extra_by_yield to 2025-04-17 00:00:00+00:00, run_after=2025-04-18 00:00:00+00:00
[2025-04-18T11:13:17.445+0900] {logging_mixin.py:190} INFO - [2025-04-18T11:13:17.445+0900] {dag.py:4180} INFO - Setting next_dagrun for dataset_with_extra_from_classic_operator to 2025-04-17 00:00:00+00:00, run_after=2025-04-18 00:00:00+00:00
[2025-04-18T11:13:17.462+0900] {processor.py:208} INFO - Processing /home/kim/airflow_tutorial/py_env/lib/python3.10/site-packages/airflow/example_dags/example_outlet_event_extra.py took 0.368 seconds
[2025-04-18T11:14:22.533+0900] {processor.py:186} INFO - Started process (PID=638201) to work on /home/kim/airflow_tutorial/py_env/lib/python3.10/site-packages/airflow/example_dags/example_outlet_event_extra.py
[2025-04-18T11:14:22.538+0900] {processor.py:914} INFO - Processing file /home/kim/airflow_tutorial/py_env/lib/python3.10/site-packages/airflow/example_dags/example_outlet_event_extra.py for tasks to queue
[2025-04-18T11:14:22.541+0900] {logging_mixin.py:190} INFO - [2025-04-18T11:14:22.540+0900] {dagbag.py:588} INFO - Filling up the DagBag from /home/kim/airflow_tutorial/py_env/lib/python3.10/site-packages/airflow/example_dags/example_outlet_event_extra.py
[2025-04-18T11:14:22.564+0900] {processor.py:925} INFO - DAG(s) 'dataset_with_extra_by_context', 'dataset_with_extra_from_classic_operator', 'dataset_with_extra_by_yield' retrieved from /home/kim/airflow_tutorial/py_env/lib/python3.10/site-packages/airflow/example_dags/example_outlet_event_extra.py
[2025-04-18T11:14:22.586+0900] {logging_mixin.py:190} INFO - [2025-04-18T11:14:22.586+0900] {dag.py:3239} INFO - Sync 3 DAGs
[2025-04-18T11:14:22.606+0900] {logging_mixin.py:190} INFO - [2025-04-18T11:14:22.605+0900] {dag.py:4180} INFO - Setting next_dagrun for dataset_with_extra_by_context to 2025-04-17 00:00:00+00:00, run_after=2025-04-18 00:00:00+00:00
[2025-04-18T11:14:22.609+0900] {logging_mixin.py:190} INFO - [2025-04-18T11:14:22.608+0900] {dag.py:4180} INFO - Setting next_dagrun for dataset_with_extra_by_yield to 2025-04-17 00:00:00+00:00, run_after=2025-04-18 00:00:00+00:00
[2025-04-18T11:14:22.610+0900] {logging_mixin.py:190} INFO - [2025-04-18T11:14:22.610+0900] {dag.py:4180} INFO - Setting next_dagrun for dataset_with_extra_from_classic_operator to 2025-04-17 00:00:00+00:00, run_after=2025-04-18 00:00:00+00:00
[2025-04-18T11:14:22.629+0900] {processor.py:208} INFO - Processing /home/kim/airflow_tutorial/py_env/lib/python3.10/site-packages/airflow/example_dags/example_outlet_event_extra.py took 0.104 seconds
[2025-04-18T11:15:21.799+0900] {processor.py:186} INFO - Started process (PID=638724) to work on /home/kim/airflow_tutorial/py_env/lib/python3.10/site-packages/airflow/example_dags/example_outlet_event_extra.py
[2025-04-18T11:15:21.802+0900] {processor.py:914} INFO - Processing file /home/kim/airflow_tutorial/py_env/lib/python3.10/site-packages/airflow/example_dags/example_outlet_event_extra.py for tasks to queue
[2025-04-18T11:15:21.805+0900] {logging_mixin.py:190} INFO - [2025-04-18T11:15:21.804+0900] {dagbag.py:588} INFO - Filling up the DagBag from /home/kim/airflow_tutorial/py_env/lib/python3.10/site-packages/airflow/example_dags/example_outlet_event_extra.py
[2025-04-18T11:15:21.816+0900] {processor.py:925} INFO - DAG(s) 'dataset_with_extra_from_classic_operator', 'dataset_with_extra_by_context', 'dataset_with_extra_by_yield' retrieved from /home/kim/airflow_tutorial/py_env/lib/python3.10/site-packages/airflow/example_dags/example_outlet_event_extra.py
[2025-04-18T11:15:21.831+0900] {logging_mixin.py:190} INFO - [2025-04-18T11:15:21.831+0900] {dag.py:3239} INFO - Sync 3 DAGs
[2025-04-18T11:15:21.847+0900] {logging_mixin.py:190} INFO - [2025-04-18T11:15:21.847+0900] {dag.py:4180} INFO - Setting next_dagrun for dataset_with_extra_by_context to 2025-04-17 00:00:00+00:00, run_after=2025-04-18 00:00:00+00:00
[2025-04-18T11:15:21.851+0900] {logging_mixin.py:190} INFO - [2025-04-18T11:15:21.851+0900] {dag.py:4180} INFO - Setting next_dagrun for dataset_with_extra_by_yield to 2025-04-17 00:00:00+00:00, run_after=2025-04-18 00:00:00+00:00
[2025-04-18T11:15:21.853+0900] {logging_mixin.py:190} INFO - [2025-04-18T11:15:21.853+0900] {dag.py:4180} INFO - Setting next_dagrun for dataset_with_extra_from_classic_operator to 2025-04-17 00:00:00+00:00, run_after=2025-04-18 00:00:00+00:00
[2025-04-18T11:15:21.874+0900] {processor.py:208} INFO - Processing /home/kim/airflow_tutorial/py_env/lib/python3.10/site-packages/airflow/example_dags/example_outlet_event_extra.py took 0.079 seconds
[2025-04-18T11:16:24.731+0900] {processor.py:186} INFO - Started process (PID=639252) to work on /home/kim/airflow_tutorial/py_env/lib/python3.10/site-packages/airflow/example_dags/example_outlet_event_extra.py
[2025-04-18T11:16:24.733+0900] {processor.py:914} INFO - Processing file /home/kim/airflow_tutorial/py_env/lib/python3.10/site-packages/airflow/example_dags/example_outlet_event_extra.py for tasks to queue
[2025-04-18T11:16:24.735+0900] {logging_mixin.py:190} INFO - [2025-04-18T11:16:24.735+0900] {dagbag.py:588} INFO - Filling up the DagBag from /home/kim/airflow_tutorial/py_env/lib/python3.10/site-packages/airflow/example_dags/example_outlet_event_extra.py
[2025-04-18T11:16:24.746+0900] {processor.py:925} INFO - DAG(s) 'dataset_with_extra_by_yield', 'dataset_with_extra_by_context', 'dataset_with_extra_from_classic_operator' retrieved from /home/kim/airflow_tutorial/py_env/lib/python3.10/site-packages/airflow/example_dags/example_outlet_event_extra.py
[2025-04-18T11:16:24.761+0900] {logging_mixin.py:190} INFO - [2025-04-18T11:16:24.760+0900] {dag.py:3239} INFO - Sync 3 DAGs
[2025-04-18T11:16:24.775+0900] {logging_mixin.py:190} INFO - [2025-04-18T11:16:24.775+0900] {dag.py:4180} INFO - Setting next_dagrun for dataset_with_extra_by_context to 2025-04-17 00:00:00+00:00, run_after=2025-04-18 00:00:00+00:00
[2025-04-18T11:16:24.778+0900] {logging_mixin.py:190} INFO - [2025-04-18T11:16:24.777+0900] {dag.py:4180} INFO - Setting next_dagrun for dataset_with_extra_by_yield to 2025-04-17 00:00:00+00:00, run_after=2025-04-18 00:00:00+00:00
[2025-04-18T11:16:24.779+0900] {logging_mixin.py:190} INFO - [2025-04-18T11:16:24.779+0900] {dag.py:4180} INFO - Setting next_dagrun for dataset_with_extra_from_classic_operator to 2025-04-17 00:00:00+00:00, run_after=2025-04-18 00:00:00+00:00
[2025-04-18T11:16:24.795+0900] {processor.py:208} INFO - Processing /home/kim/airflow_tutorial/py_env/lib/python3.10/site-packages/airflow/example_dags/example_outlet_event_extra.py took 0.070 seconds
[2025-04-18T11:17:22.502+0900] {processor.py:186} INFO - Started process (PID=640005) to work on /home/kim/airflow_tutorial/py_env/lib/python3.10/site-packages/airflow/example_dags/example_outlet_event_extra.py
[2025-04-18T11:17:22.505+0900] {processor.py:914} INFO - Processing file /home/kim/airflow_tutorial/py_env/lib/python3.10/site-packages/airflow/example_dags/example_outlet_event_extra.py for tasks to queue
[2025-04-18T11:17:22.507+0900] {logging_mixin.py:190} INFO - [2025-04-18T11:17:22.506+0900] {dagbag.py:588} INFO - Filling up the DagBag from /home/kim/airflow_tutorial/py_env/lib/python3.10/site-packages/airflow/example_dags/example_outlet_event_extra.py
[2025-04-18T11:17:22.518+0900] {processor.py:925} INFO - DAG(s) 'dataset_with_extra_by_context', 'dataset_with_extra_by_yield', 'dataset_with_extra_from_classic_operator' retrieved from /home/kim/airflow_tutorial/py_env/lib/python3.10/site-packages/airflow/example_dags/example_outlet_event_extra.py
[2025-04-18T11:17:22.534+0900] {logging_mixin.py:190} INFO - [2025-04-18T11:17:22.534+0900] {dag.py:3239} INFO - Sync 3 DAGs
[2025-04-18T11:17:22.550+0900] {logging_mixin.py:190} INFO - [2025-04-18T11:17:22.550+0900] {dag.py:4180} INFO - Setting next_dagrun for dataset_with_extra_by_context to 2025-04-17 00:00:00+00:00, run_after=2025-04-18 00:00:00+00:00
[2025-04-18T11:17:22.553+0900] {logging_mixin.py:190} INFO - [2025-04-18T11:17:22.553+0900] {dag.py:4180} INFO - Setting next_dagrun for dataset_with_extra_by_yield to 2025-04-17 00:00:00+00:00, run_after=2025-04-18 00:00:00+00:00
[2025-04-18T11:17:22.555+0900] {logging_mixin.py:190} INFO - [2025-04-18T11:17:22.555+0900] {dag.py:4180} INFO - Setting next_dagrun for dataset_with_extra_from_classic_operator to 2025-04-17 00:00:00+00:00, run_after=2025-04-18 00:00:00+00:00
[2025-04-18T11:17:22.572+0900] {processor.py:208} INFO - Processing /home/kim/airflow_tutorial/py_env/lib/python3.10/site-packages/airflow/example_dags/example_outlet_event_extra.py took 0.075 seconds
[2025-04-18T11:18:24.151+0900] {processor.py:186} INFO - Started process (PID=640530) to work on /home/kim/airflow_tutorial/py_env/lib/python3.10/site-packages/airflow/example_dags/example_outlet_event_extra.py
[2025-04-18T11:18:24.154+0900] {processor.py:914} INFO - Processing file /home/kim/airflow_tutorial/py_env/lib/python3.10/site-packages/airflow/example_dags/example_outlet_event_extra.py for tasks to queue
[2025-04-18T11:18:24.156+0900] {logging_mixin.py:190} INFO - [2025-04-18T11:18:24.155+0900] {dagbag.py:588} INFO - Filling up the DagBag from /home/kim/airflow_tutorial/py_env/lib/python3.10/site-packages/airflow/example_dags/example_outlet_event_extra.py
[2025-04-18T11:18:24.170+0900] {processor.py:925} INFO - DAG(s) 'dataset_with_extra_by_context', 'dataset_with_extra_by_yield', 'dataset_with_extra_from_classic_operator' retrieved from /home/kim/airflow_tutorial/py_env/lib/python3.10/site-packages/airflow/example_dags/example_outlet_event_extra.py
[2025-04-18T11:18:24.193+0900] {logging_mixin.py:190} INFO - [2025-04-18T11:18:24.192+0900] {dag.py:3239} INFO - Sync 3 DAGs
[2025-04-18T11:18:24.215+0900] {logging_mixin.py:190} INFO - [2025-04-18T11:18:24.215+0900] {dag.py:4180} INFO - Setting next_dagrun for dataset_with_extra_by_context to 2025-04-17 00:00:00+00:00, run_after=2025-04-18 00:00:00+00:00
[2025-04-18T11:18:24.220+0900] {logging_mixin.py:190} INFO - [2025-04-18T11:18:24.220+0900] {dag.py:4180} INFO - Setting next_dagrun for dataset_with_extra_by_yield to 2025-04-17 00:00:00+00:00, run_after=2025-04-18 00:00:00+00:00
[2025-04-18T11:18:24.222+0900] {logging_mixin.py:190} INFO - [2025-04-18T11:18:24.222+0900] {dag.py:4180} INFO - Setting next_dagrun for dataset_with_extra_from_classic_operator to 2025-04-17 00:00:00+00:00, run_after=2025-04-18 00:00:00+00:00
[2025-04-18T11:18:24.244+0900] {processor.py:208} INFO - Processing /home/kim/airflow_tutorial/py_env/lib/python3.10/site-packages/airflow/example_dags/example_outlet_event_extra.py took 0.100 seconds
[2025-04-18T11:19:24.253+0900] {processor.py:186} INFO - Started process (PID=640969) to work on /home/kim/airflow_tutorial/py_env/lib/python3.10/site-packages/airflow/example_dags/example_outlet_event_extra.py
[2025-04-18T11:19:24.256+0900] {processor.py:914} INFO - Processing file /home/kim/airflow_tutorial/py_env/lib/python3.10/site-packages/airflow/example_dags/example_outlet_event_extra.py for tasks to queue
[2025-04-18T11:19:24.258+0900] {logging_mixin.py:190} INFO - [2025-04-18T11:19:24.258+0900] {dagbag.py:588} INFO - Filling up the DagBag from /home/kim/airflow_tutorial/py_env/lib/python3.10/site-packages/airflow/example_dags/example_outlet_event_extra.py
[2025-04-18T11:19:24.269+0900] {processor.py:925} INFO - DAG(s) 'dataset_with_extra_by_context', 'dataset_with_extra_by_yield', 'dataset_with_extra_from_classic_operator' retrieved from /home/kim/airflow_tutorial/py_env/lib/python3.10/site-packages/airflow/example_dags/example_outlet_event_extra.py
[2025-04-18T11:19:24.284+0900] {logging_mixin.py:190} INFO - [2025-04-18T11:19:24.284+0900] {dag.py:3239} INFO - Sync 3 DAGs
[2025-04-18T11:19:24.299+0900] {logging_mixin.py:190} INFO - [2025-04-18T11:19:24.299+0900] {dag.py:4180} INFO - Setting next_dagrun for dataset_with_extra_by_context to 2025-04-17 00:00:00+00:00, run_after=2025-04-18 00:00:00+00:00
[2025-04-18T11:19:24.302+0900] {logging_mixin.py:190} INFO - [2025-04-18T11:19:24.302+0900] {dag.py:4180} INFO - Setting next_dagrun for dataset_with_extra_by_yield to 2025-04-17 00:00:00+00:00, run_after=2025-04-18 00:00:00+00:00
[2025-04-18T11:19:24.304+0900] {logging_mixin.py:190} INFO - [2025-04-18T11:19:24.304+0900] {dag.py:4180} INFO - Setting next_dagrun for dataset_with_extra_from_classic_operator to 2025-04-17 00:00:00+00:00, run_after=2025-04-18 00:00:00+00:00
[2025-04-18T11:19:24.320+0900] {processor.py:208} INFO - Processing /home/kim/airflow_tutorial/py_env/lib/python3.10/site-packages/airflow/example_dags/example_outlet_event_extra.py took 0.071 seconds
[2025-04-18T11:20:18.730+0900] {processor.py:186} INFO - Started process (PID=641246) to work on /home/kim/airflow_tutorial/py_env/lib/python3.10/site-packages/airflow/example_dags/example_outlet_event_extra.py
[2025-04-18T11:20:18.731+0900] {processor.py:914} INFO - Processing file /home/kim/airflow_tutorial/py_env/lib/python3.10/site-packages/airflow/example_dags/example_outlet_event_extra.py for tasks to queue
[2025-04-18T11:20:18.733+0900] {logging_mixin.py:190} INFO - [2025-04-18T11:20:18.733+0900] {dagbag.py:588} INFO - Filling up the DagBag from /home/kim/airflow_tutorial/py_env/lib/python3.10/site-packages/airflow/example_dags/example_outlet_event_extra.py
[2025-04-18T11:20:18.743+0900] {processor.py:925} INFO - DAG(s) 'dataset_with_extra_by_yield', 'dataset_with_extra_from_classic_operator', 'dataset_with_extra_by_context' retrieved from /home/kim/airflow_tutorial/py_env/lib/python3.10/site-packages/airflow/example_dags/example_outlet_event_extra.py
[2025-04-18T11:20:18.757+0900] {logging_mixin.py:190} INFO - [2025-04-18T11:20:18.757+0900] {dag.py:3239} INFO - Sync 3 DAGs
[2025-04-18T11:20:18.771+0900] {logging_mixin.py:190} INFO - [2025-04-18T11:20:18.770+0900] {dag.py:4180} INFO - Setting next_dagrun for dataset_with_extra_by_context to 2025-04-17 00:00:00+00:00, run_after=2025-04-18 00:00:00+00:00
[2025-04-18T11:20:18.774+0900] {logging_mixin.py:190} INFO - [2025-04-18T11:20:18.773+0900] {dag.py:4180} INFO - Setting next_dagrun for dataset_with_extra_by_yield to 2025-04-17 00:00:00+00:00, run_after=2025-04-18 00:00:00+00:00
[2025-04-18T11:20:18.775+0900] {logging_mixin.py:190} INFO - [2025-04-18T11:20:18.775+0900] {dag.py:4180} INFO - Setting next_dagrun for dataset_with_extra_from_classic_operator to 2025-04-17 00:00:00+00:00, run_after=2025-04-18 00:00:00+00:00
[2025-04-18T11:20:18.791+0900] {processor.py:208} INFO - Processing /home/kim/airflow_tutorial/py_env/lib/python3.10/site-packages/airflow/example_dags/example_outlet_event_extra.py took 0.066 seconds
[2025-04-18T11:21:19.377+0900] {processor.py:186} INFO - Started process (PID=641538) to work on /home/kim/airflow_tutorial/py_env/lib/python3.10/site-packages/airflow/example_dags/example_outlet_event_extra.py
[2025-04-18T11:21:19.379+0900] {processor.py:914} INFO - Processing file /home/kim/airflow_tutorial/py_env/lib/python3.10/site-packages/airflow/example_dags/example_outlet_event_extra.py for tasks to queue
[2025-04-18T11:21:19.380+0900] {logging_mixin.py:190} INFO - [2025-04-18T11:21:19.380+0900] {dagbag.py:588} INFO - Filling up the DagBag from /home/kim/airflow_tutorial/py_env/lib/python3.10/site-packages/airflow/example_dags/example_outlet_event_extra.py
[2025-04-18T11:21:19.390+0900] {processor.py:925} INFO - DAG(s) 'dataset_with_extra_from_classic_operator', 'dataset_with_extra_by_context', 'dataset_with_extra_by_yield' retrieved from /home/kim/airflow_tutorial/py_env/lib/python3.10/site-packages/airflow/example_dags/example_outlet_event_extra.py
[2025-04-18T11:21:19.405+0900] {logging_mixin.py:190} INFO - [2025-04-18T11:21:19.404+0900] {dag.py:3239} INFO - Sync 3 DAGs
[2025-04-18T11:21:19.421+0900] {logging_mixin.py:190} INFO - [2025-04-18T11:21:19.421+0900] {dag.py:4180} INFO - Setting next_dagrun for dataset_with_extra_by_context to 2025-04-17 00:00:00+00:00, run_after=2025-04-18 00:00:00+00:00
[2025-04-18T11:21:19.425+0900] {logging_mixin.py:190} INFO - [2025-04-18T11:21:19.424+0900] {dag.py:4180} INFO - Setting next_dagrun for dataset_with_extra_by_yield to 2025-04-17 00:00:00+00:00, run_after=2025-04-18 00:00:00+00:00
[2025-04-18T11:21:19.426+0900] {logging_mixin.py:190} INFO - [2025-04-18T11:21:19.426+0900] {dag.py:4180} INFO - Setting next_dagrun for dataset_with_extra_from_classic_operator to 2025-04-17 00:00:00+00:00, run_after=2025-04-18 00:00:00+00:00
[2025-04-18T11:21:19.446+0900] {processor.py:208} INFO - Processing /home/kim/airflow_tutorial/py_env/lib/python3.10/site-packages/airflow/example_dags/example_outlet_event_extra.py took 0.073 seconds
[2025-04-18T11:22:21.598+0900] {processor.py:186} INFO - Started process (PID=641844) to work on /home/kim/airflow_tutorial/py_env/lib/python3.10/site-packages/airflow/example_dags/example_outlet_event_extra.py
[2025-04-18T11:22:21.599+0900] {processor.py:914} INFO - Processing file /home/kim/airflow_tutorial/py_env/lib/python3.10/site-packages/airflow/example_dags/example_outlet_event_extra.py for tasks to queue
[2025-04-18T11:22:21.601+0900] {logging_mixin.py:190} INFO - [2025-04-18T11:22:21.601+0900] {dagbag.py:588} INFO - Filling up the DagBag from /home/kim/airflow_tutorial/py_env/lib/python3.10/site-packages/airflow/example_dags/example_outlet_event_extra.py
[2025-04-18T11:22:21.611+0900] {processor.py:925} INFO - DAG(s) 'dataset_with_extra_from_classic_operator', 'dataset_with_extra_by_context', 'dataset_with_extra_by_yield' retrieved from /home/kim/airflow_tutorial/py_env/lib/python3.10/site-packages/airflow/example_dags/example_outlet_event_extra.py
[2025-04-18T11:22:21.626+0900] {logging_mixin.py:190} INFO - [2025-04-18T11:22:21.625+0900] {dag.py:3239} INFO - Sync 3 DAGs
[2025-04-18T11:22:21.640+0900] {logging_mixin.py:190} INFO - [2025-04-18T11:22:21.640+0900] {dag.py:4180} INFO - Setting next_dagrun for dataset_with_extra_by_context to 2025-04-17 00:00:00+00:00, run_after=2025-04-18 00:00:00+00:00
[2025-04-18T11:22:21.643+0900] {logging_mixin.py:190} INFO - [2025-04-18T11:22:21.643+0900] {dag.py:4180} INFO - Setting next_dagrun for dataset_with_extra_by_yield to 2025-04-17 00:00:00+00:00, run_after=2025-04-18 00:00:00+00:00
[2025-04-18T11:22:21.644+0900] {logging_mixin.py:190} INFO - [2025-04-18T11:22:21.644+0900] {dag.py:4180} INFO - Setting next_dagrun for dataset_with_extra_from_classic_operator to 2025-04-17 00:00:00+00:00, run_after=2025-04-18 00:00:00+00:00
[2025-04-18T11:22:21.661+0900] {processor.py:208} INFO - Processing /home/kim/airflow_tutorial/py_env/lib/python3.10/site-packages/airflow/example_dags/example_outlet_event_extra.py took 0.068 seconds
[2025-04-18T11:23:22.372+0900] {processor.py:186} INFO - Started process (PID=642291) to work on /home/kim/airflow_tutorial/py_env/lib/python3.10/site-packages/airflow/example_dags/example_outlet_event_extra.py
[2025-04-18T11:23:22.373+0900] {processor.py:914} INFO - Processing file /home/kim/airflow_tutorial/py_env/lib/python3.10/site-packages/airflow/example_dags/example_outlet_event_extra.py for tasks to queue
[2025-04-18T11:23:22.375+0900] {logging_mixin.py:190} INFO - [2025-04-18T11:23:22.375+0900] {dagbag.py:588} INFO - Filling up the DagBag from /home/kim/airflow_tutorial/py_env/lib/python3.10/site-packages/airflow/example_dags/example_outlet_event_extra.py
[2025-04-18T11:23:22.384+0900] {processor.py:925} INFO - DAG(s) 'dataset_with_extra_from_classic_operator', 'dataset_with_extra_by_yield', 'dataset_with_extra_by_context' retrieved from /home/kim/airflow_tutorial/py_env/lib/python3.10/site-packages/airflow/example_dags/example_outlet_event_extra.py
[2025-04-18T11:23:22.397+0900] {logging_mixin.py:190} INFO - [2025-04-18T11:23:22.397+0900] {dag.py:3239} INFO - Sync 3 DAGs
[2025-04-18T11:23:22.412+0900] {logging_mixin.py:190} INFO - [2025-04-18T11:23:22.412+0900] {dag.py:4180} INFO - Setting next_dagrun for dataset_with_extra_by_context to 2025-04-17 00:00:00+00:00, run_after=2025-04-18 00:00:00+00:00
[2025-04-18T11:23:22.414+0900] {logging_mixin.py:190} INFO - [2025-04-18T11:23:22.414+0900] {dag.py:4180} INFO - Setting next_dagrun for dataset_with_extra_by_yield to 2025-04-17 00:00:00+00:00, run_after=2025-04-18 00:00:00+00:00
[2025-04-18T11:23:22.416+0900] {logging_mixin.py:190} INFO - [2025-04-18T11:23:22.416+0900] {dag.py:4180} INFO - Setting next_dagrun for dataset_with_extra_from_classic_operator to 2025-04-17 00:00:00+00:00, run_after=2025-04-18 00:00:00+00:00
[2025-04-18T11:23:22.432+0900] {processor.py:208} INFO - Processing /home/kim/airflow_tutorial/py_env/lib/python3.10/site-packages/airflow/example_dags/example_outlet_event_extra.py took 0.063 seconds
[2025-04-18T11:24:18.980+0900] {processor.py:186} INFO - Started process (PID=642646) to work on /home/kim/airflow_tutorial/py_env/lib/python3.10/site-packages/airflow/example_dags/example_outlet_event_extra.py
[2025-04-18T11:24:18.981+0900] {processor.py:914} INFO - Processing file /home/kim/airflow_tutorial/py_env/lib/python3.10/site-packages/airflow/example_dags/example_outlet_event_extra.py for tasks to queue
[2025-04-18T11:24:18.983+0900] {logging_mixin.py:190} INFO - [2025-04-18T11:24:18.982+0900] {dagbag.py:588} INFO - Filling up the DagBag from /home/kim/airflow_tutorial/py_env/lib/python3.10/site-packages/airflow/example_dags/example_outlet_event_extra.py
[2025-04-18T11:24:18.996+0900] {processor.py:925} INFO - DAG(s) 'dataset_with_extra_by_context', 'dataset_with_extra_by_yield', 'dataset_with_extra_from_classic_operator' retrieved from /home/kim/airflow_tutorial/py_env/lib/python3.10/site-packages/airflow/example_dags/example_outlet_event_extra.py
[2025-04-18T11:24:19.015+0900] {logging_mixin.py:190} INFO - [2025-04-18T11:24:19.015+0900] {dag.py:3239} INFO - Sync 3 DAGs
[2025-04-18T11:24:19.037+0900] {logging_mixin.py:190} INFO - [2025-04-18T11:24:19.037+0900] {dag.py:4180} INFO - Setting next_dagrun for dataset_with_extra_by_context to 2025-04-17 00:00:00+00:00, run_after=2025-04-18 00:00:00+00:00
[2025-04-18T11:24:19.042+0900] {logging_mixin.py:190} INFO - [2025-04-18T11:24:19.041+0900] {dag.py:4180} INFO - Setting next_dagrun for dataset_with_extra_by_yield to 2025-04-17 00:00:00+00:00, run_after=2025-04-18 00:00:00+00:00
[2025-04-18T11:24:19.044+0900] {logging_mixin.py:190} INFO - [2025-04-18T11:24:19.043+0900] {dag.py:4180} INFO - Setting next_dagrun for dataset_with_extra_from_classic_operator to 2025-04-17 00:00:00+00:00, run_after=2025-04-18 00:00:00+00:00
[2025-04-18T11:24:19.067+0900] {processor.py:208} INFO - Processing /home/kim/airflow_tutorial/py_env/lib/python3.10/site-packages/airflow/example_dags/example_outlet_event_extra.py took 0.094 seconds
[2025-04-18T11:25:21.501+0900] {processor.py:186} INFO - Started process (PID=643101) to work on /home/kim/airflow_tutorial/py_env/lib/python3.10/site-packages/airflow/example_dags/example_outlet_event_extra.py
[2025-04-18T11:25:21.503+0900] {processor.py:914} INFO - Processing file /home/kim/airflow_tutorial/py_env/lib/python3.10/site-packages/airflow/example_dags/example_outlet_event_extra.py for tasks to queue
[2025-04-18T11:25:21.505+0900] {logging_mixin.py:190} INFO - [2025-04-18T11:25:21.505+0900] {dagbag.py:588} INFO - Filling up the DagBag from /home/kim/airflow_tutorial/py_env/lib/python3.10/site-packages/airflow/example_dags/example_outlet_event_extra.py
[2025-04-18T11:25:21.518+0900] {processor.py:925} INFO - DAG(s) 'dataset_with_extra_by_yield', 'dataset_with_extra_by_context', 'dataset_with_extra_from_classic_operator' retrieved from /home/kim/airflow_tutorial/py_env/lib/python3.10/site-packages/airflow/example_dags/example_outlet_event_extra.py
[2025-04-18T11:25:21.534+0900] {logging_mixin.py:190} INFO - [2025-04-18T11:25:21.534+0900] {dag.py:3239} INFO - Sync 3 DAGs
[2025-04-18T11:25:21.551+0900] {logging_mixin.py:190} INFO - [2025-04-18T11:25:21.551+0900] {dag.py:4180} INFO - Setting next_dagrun for dataset_with_extra_by_context to 2025-04-17 00:00:00+00:00, run_after=2025-04-18 00:00:00+00:00
[2025-04-18T11:25:21.555+0900] {logging_mixin.py:190} INFO - [2025-04-18T11:25:21.555+0900] {dag.py:4180} INFO - Setting next_dagrun for dataset_with_extra_by_yield to 2025-04-17 00:00:00+00:00, run_after=2025-04-18 00:00:00+00:00
[2025-04-18T11:25:21.557+0900] {logging_mixin.py:190} INFO - [2025-04-18T11:25:21.557+0900] {dag.py:4180} INFO - Setting next_dagrun for dataset_with_extra_from_classic_operator to 2025-04-17 00:00:00+00:00, run_after=2025-04-18 00:00:00+00:00
[2025-04-18T11:25:21.579+0900] {processor.py:208} INFO - Processing /home/kim/airflow_tutorial/py_env/lib/python3.10/site-packages/airflow/example_dags/example_outlet_event_extra.py took 0.086 seconds
[2025-04-18T12:03:11.554+0900] {processor.py:186} INFO - Started process (PID=651762) to work on /home/kim/airflow_tutorial/py_env/lib/python3.10/site-packages/airflow/example_dags/example_outlet_event_extra.py
[2025-04-18T12:03:11.556+0900] {processor.py:914} INFO - Processing file /home/kim/airflow_tutorial/py_env/lib/python3.10/site-packages/airflow/example_dags/example_outlet_event_extra.py for tasks to queue
[2025-04-18T12:03:11.558+0900] {logging_mixin.py:190} INFO - [2025-04-18T12:03:11.558+0900] {dagbag.py:588} INFO - Filling up the DagBag from /home/kim/airflow_tutorial/py_env/lib/python3.10/site-packages/airflow/example_dags/example_outlet_event_extra.py
[2025-04-18T12:03:11.567+0900] {logging_mixin.py:190} INFO - [2025-04-18T12:03:11.563+0900] {dagbag.py:387} ERROR - Failed to import: /home/kim/airflow_tutorial/py_env/lib/python3.10/site-packages/airflow/example_dags/example_outlet_event_extra.py
Traceback (most recent call last):
  File "/home/kim/airflow_tutorial/py_env/lib/python3.10/site-packages/airflow/models/dagbag.py", line 383, in parse
    loader.exec_module(new_module)
  File "<frozen importlib._bootstrap_external>", line 883, in exec_module
  File "<frozen importlib._bootstrap>", line 241, in _call_with_frames_removed
  File "/home/kim/airflow_tutorial/py_env/lib/python3.10/site-packages/airflow/example_dags/example_outlet_event_extra.py", line 36, in <module>
    with DAG(
  File "/home/kim/airflow_tutorial/py_env/lib/python3.10/site-packages/airflow/models/dag.py", line 634, in __init__
    self.start_date = timezone.convert_to_utc(start_date)
  File "/home/kim/airflow_tutorial/py_env/lib/python3.10/site-packages/airflow/utils/timezone.py", line 106, in convert_to_utc
    return pendulum.instance(value.astimezone(utc))
  File "/home/kim/airflow_tutorial/py_env/lib/python3.10/site-packages/pendulum/datetime.py", line 1278, in astimezone
    dt = super().astimezone(tz)
OverflowError: date value out of range
[2025-04-18T12:03:11.567+0900] {processor.py:927} WARNING - No viable dags retrieved from /home/kim/airflow_tutorial/py_env/lib/python3.10/site-packages/airflow/example_dags/example_outlet_event_extra.py
[2025-04-18T12:03:11.597+0900] {processor.py:208} INFO - Processing /home/kim/airflow_tutorial/py_env/lib/python3.10/site-packages/airflow/example_dags/example_outlet_event_extra.py took 0.048 seconds
[2025-04-18T12:05:18.269+0900] {processor.py:186} INFO - Started process (PID=653588) to work on /home/kim/airflow_tutorial/py_env/lib/python3.10/site-packages/airflow/example_dags/example_outlet_event_extra.py
[2025-04-18T12:05:18.270+0900] {processor.py:914} INFO - Processing file /home/kim/airflow_tutorial/py_env/lib/python3.10/site-packages/airflow/example_dags/example_outlet_event_extra.py for tasks to queue
[2025-04-18T12:05:18.272+0900] {logging_mixin.py:190} INFO - [2025-04-18T12:05:18.272+0900] {dagbag.py:588} INFO - Filling up the DagBag from /home/kim/airflow_tutorial/py_env/lib/python3.10/site-packages/airflow/example_dags/example_outlet_event_extra.py
[2025-04-18T12:05:18.279+0900] {logging_mixin.py:190} INFO - [2025-04-18T12:05:18.277+0900] {dagbag.py:387} ERROR - Failed to import: /home/kim/airflow_tutorial/py_env/lib/python3.10/site-packages/airflow/example_dags/example_outlet_event_extra.py
Traceback (most recent call last):
  File "/home/kim/airflow_tutorial/py_env/lib/python3.10/site-packages/airflow/models/dagbag.py", line 383, in parse
    loader.exec_module(new_module)
  File "<frozen importlib._bootstrap_external>", line 883, in exec_module
  File "<frozen importlib._bootstrap>", line 241, in _call_with_frames_removed
  File "/home/kim/airflow_tutorial/py_env/lib/python3.10/site-packages/airflow/example_dags/example_outlet_event_extra.py", line 36, in <module>
    with DAG(
  File "/home/kim/airflow_tutorial/py_env/lib/python3.10/site-packages/airflow/models/dag.py", line 634, in __init__
    self.start_date = timezone.convert_to_utc(start_date)
  File "/home/kim/airflow_tutorial/py_env/lib/python3.10/site-packages/airflow/utils/timezone.py", line 106, in convert_to_utc
    return pendulum.instance(value.astimezone(utc))
  File "/home/kim/airflow_tutorial/py_env/lib/python3.10/site-packages/pendulum/datetime.py", line 1278, in astimezone
    dt = super().astimezone(tz)
OverflowError: date value out of range
[2025-04-18T12:05:18.279+0900] {processor.py:927} WARNING - No viable dags retrieved from /home/kim/airflow_tutorial/py_env/lib/python3.10/site-packages/airflow/example_dags/example_outlet_event_extra.py
[2025-04-18T12:05:18.382+0900] {processor.py:208} INFO - Processing /home/kim/airflow_tutorial/py_env/lib/python3.10/site-packages/airflow/example_dags/example_outlet_event_extra.py took 0.119 seconds
[2025-04-18T12:05:49.262+0900] {processor.py:186} INFO - Started process (PID=654068) to work on /home/kim/airflow_tutorial/py_env/lib/python3.10/site-packages/airflow/example_dags/example_outlet_event_extra.py
[2025-04-18T12:05:49.263+0900] {processor.py:914} INFO - Processing file /home/kim/airflow_tutorial/py_env/lib/python3.10/site-packages/airflow/example_dags/example_outlet_event_extra.py for tasks to queue
[2025-04-18T12:05:49.264+0900] {logging_mixin.py:190} INFO - [2025-04-18T12:05:49.264+0900] {dagbag.py:588} INFO - Filling up the DagBag from /home/kim/airflow_tutorial/py_env/lib/python3.10/site-packages/airflow/example_dags/example_outlet_event_extra.py
[2025-04-18T12:05:49.269+0900] {logging_mixin.py:190} INFO - [2025-04-18T12:05:49.268+0900] {dagbag.py:387} ERROR - Failed to import: /home/kim/airflow_tutorial/py_env/lib/python3.10/site-packages/airflow/example_dags/example_outlet_event_extra.py
Traceback (most recent call last):
  File "/home/kim/airflow_tutorial/py_env/lib/python3.10/site-packages/airflow/models/dagbag.py", line 383, in parse
    loader.exec_module(new_module)
  File "<frozen importlib._bootstrap_external>", line 883, in exec_module
  File "<frozen importlib._bootstrap>", line 241, in _call_with_frames_removed
  File "/home/kim/airflow_tutorial/py_env/lib/python3.10/site-packages/airflow/example_dags/example_outlet_event_extra.py", line 36, in <module>
    with DAG(
  File "/home/kim/airflow_tutorial/py_env/lib/python3.10/site-packages/airflow/models/dag.py", line 634, in __init__
    self.start_date = timezone.convert_to_utc(start_date)
  File "/home/kim/airflow_tutorial/py_env/lib/python3.10/site-packages/airflow/utils/timezone.py", line 106, in convert_to_utc
    return pendulum.instance(value.astimezone(utc))
  File "/home/kim/airflow_tutorial/py_env/lib/python3.10/site-packages/pendulum/datetime.py", line 1278, in astimezone
    dt = super().astimezone(tz)
OverflowError: date value out of range
[2025-04-18T12:05:49.270+0900] {processor.py:927} WARNING - No viable dags retrieved from /home/kim/airflow_tutorial/py_env/lib/python3.10/site-packages/airflow/example_dags/example_outlet_event_extra.py
[2025-04-18T12:05:49.290+0900] {processor.py:208} INFO - Processing /home/kim/airflow_tutorial/py_env/lib/python3.10/site-packages/airflow/example_dags/example_outlet_event_extra.py took 0.034 seconds
[2025-04-18T12:06:20.054+0900] {processor.py:186} INFO - Started process (PID=654451) to work on /home/kim/airflow_tutorial/py_env/lib/python3.10/site-packages/airflow/example_dags/example_outlet_event_extra.py
[2025-04-18T12:06:20.055+0900] {processor.py:914} INFO - Processing file /home/kim/airflow_tutorial/py_env/lib/python3.10/site-packages/airflow/example_dags/example_outlet_event_extra.py for tasks to queue
[2025-04-18T12:06:20.057+0900] {logging_mixin.py:190} INFO - [2025-04-18T12:06:20.056+0900] {dagbag.py:588} INFO - Filling up the DagBag from /home/kim/airflow_tutorial/py_env/lib/python3.10/site-packages/airflow/example_dags/example_outlet_event_extra.py
[2025-04-18T12:06:20.061+0900] {logging_mixin.py:190} INFO - [2025-04-18T12:06:20.060+0900] {dagbag.py:387} ERROR - Failed to import: /home/kim/airflow_tutorial/py_env/lib/python3.10/site-packages/airflow/example_dags/example_outlet_event_extra.py
Traceback (most recent call last):
  File "/home/kim/airflow_tutorial/py_env/lib/python3.10/site-packages/airflow/models/dagbag.py", line 383, in parse
    loader.exec_module(new_module)
  File "<frozen importlib._bootstrap_external>", line 883, in exec_module
  File "<frozen importlib._bootstrap>", line 241, in _call_with_frames_removed
  File "/home/kim/airflow_tutorial/py_env/lib/python3.10/site-packages/airflow/example_dags/example_outlet_event_extra.py", line 36, in <module>
    with DAG(
  File "/home/kim/airflow_tutorial/py_env/lib/python3.10/site-packages/airflow/models/dag.py", line 634, in __init__
    self.start_date = timezone.convert_to_utc(start_date)
  File "/home/kim/airflow_tutorial/py_env/lib/python3.10/site-packages/airflow/utils/timezone.py", line 106, in convert_to_utc
    return pendulum.instance(value.astimezone(utc))
  File "/home/kim/airflow_tutorial/py_env/lib/python3.10/site-packages/pendulum/datetime.py", line 1278, in astimezone
    dt = super().astimezone(tz)
OverflowError: date value out of range
[2025-04-18T12:06:20.062+0900] {processor.py:927} WARNING - No viable dags retrieved from /home/kim/airflow_tutorial/py_env/lib/python3.10/site-packages/airflow/example_dags/example_outlet_event_extra.py
[2025-04-18T12:06:20.083+0900] {processor.py:208} INFO - Processing /home/kim/airflow_tutorial/py_env/lib/python3.10/site-packages/airflow/example_dags/example_outlet_event_extra.py took 0.035 seconds
