[2025-04-18T11:13:56.647+0900] {processor.py:186} INFO - Started process (PID=637942) to work on /home/kim/airflow_tutorial/py_env/lib/python3.10/site-packages/airflow/example_dags/example_external_task_marker_dag.py
[2025-04-18T11:13:56.648+0900] {processor.py:914} INFO - Processing file /home/kim/airflow_tutorial/py_env/lib/python3.10/site-packages/airflow/example_dags/example_external_task_marker_dag.py for tasks to queue
[2025-04-18T11:13:56.649+0900] {logging_mixin.py:190} INFO - [2025-04-18T11:13:56.649+0900] {dagbag.py:588} INFO - Filling up the DagBag from /home/kim/airflow_tutorial/py_env/lib/python3.10/site-packages/airflow/example_dags/example_external_task_marker_dag.py
[2025-04-18T11:13:56.655+0900] {processor.py:925} INFO - DAG(s) 'example_external_task_marker_child', 'example_external_task_marker_parent' retrieved from /home/kim/airflow_tutorial/py_env/lib/python3.10/site-packages/airflow/example_dags/example_external_task_marker_dag.py
[2025-04-18T11:13:56.722+0900] {logging_mixin.py:190} INFO - [2025-04-18T11:13:56.721+0900] {override.py:1912} INFO - Created Permission View: can delete on DAG:example_external_task_marker_child
[2025-04-18T11:13:56.736+0900] {logging_mixin.py:190} INFO - [2025-04-18T11:13:56.735+0900] {override.py:1912} INFO - Created Permission View: can edit on DAG:example_external_task_marker_child
[2025-04-18T11:13:56.744+0900] {logging_mixin.py:190} INFO - [2025-04-18T11:13:56.744+0900] {override.py:1912} INFO - Created Permission View: can read on DAG:example_external_task_marker_child
[2025-04-18T11:13:56.759+0900] {logging_mixin.py:190} INFO - [2025-04-18T11:13:56.758+0900] {override.py:1912} INFO - Created Permission View: can delete on DAG Run:example_external_task_marker_child
[2025-04-18T11:13:56.766+0900] {logging_mixin.py:190} INFO - [2025-04-18T11:13:56.766+0900] {override.py:1912} INFO - Created Permission View: can create on DAG Run:example_external_task_marker_child
[2025-04-18T11:13:56.777+0900] {logging_mixin.py:190} INFO - [2025-04-18T11:13:56.777+0900] {override.py:1912} INFO - Created Permission View: menu access on DAG Run:example_external_task_marker_child
[2025-04-18T11:13:56.787+0900] {logging_mixin.py:190} INFO - [2025-04-18T11:13:56.786+0900] {override.py:1912} INFO - Created Permission View: can read on DAG Run:example_external_task_marker_child
[2025-04-18T11:13:56.804+0900] {logging_mixin.py:190} INFO - [2025-04-18T11:13:56.804+0900] {override.py:1912} INFO - Created Permission View: can delete on DAG:example_external_task_marker_parent
[2025-04-18T11:13:56.812+0900] {logging_mixin.py:190} INFO - [2025-04-18T11:13:56.812+0900] {override.py:1912} INFO - Created Permission View: can edit on DAG:example_external_task_marker_parent
[2025-04-18T11:13:56.820+0900] {logging_mixin.py:190} INFO - [2025-04-18T11:13:56.820+0900] {override.py:1912} INFO - Created Permission View: can read on DAG:example_external_task_marker_parent
[2025-04-18T11:13:56.833+0900] {logging_mixin.py:190} INFO - [2025-04-18T11:13:56.833+0900] {override.py:1912} INFO - Created Permission View: can delete on DAG Run:example_external_task_marker_parent
[2025-04-18T11:13:56.841+0900] {logging_mixin.py:190} INFO - [2025-04-18T11:13:56.841+0900] {override.py:1912} INFO - Created Permission View: can create on DAG Run:example_external_task_marker_parent
[2025-04-18T11:13:56.850+0900] {logging_mixin.py:190} INFO - [2025-04-18T11:13:56.849+0900] {override.py:1912} INFO - Created Permission View: menu access on DAG Run:example_external_task_marker_parent
[2025-04-18T11:13:56.858+0900] {logging_mixin.py:190} INFO - [2025-04-18T11:13:56.857+0900] {override.py:1912} INFO - Created Permission View: can read on DAG Run:example_external_task_marker_parent
[2025-04-18T11:13:56.858+0900] {logging_mixin.py:190} INFO - [2025-04-18T11:13:56.858+0900] {dag.py:3239} INFO - Sync 2 DAGs
[2025-04-18T11:13:56.867+0900] {logging_mixin.py:190} INFO - [2025-04-18T11:13:56.866+0900] {dag.py:3262} INFO - Creating ORM DAG for example_external_task_marker_child
[2025-04-18T11:13:56.867+0900] {logging_mixin.py:190} INFO - [2025-04-18T11:13:56.867+0900] {dag.py:3262} INFO - Creating ORM DAG for example_external_task_marker_parent
[2025-04-18T11:13:56.868+0900] {logging_mixin.py:190} INFO - [2025-04-18T11:13:56.868+0900] {dag.py:4180} INFO - Setting next_dagrun for example_external_task_marker_child to None, run_after=None
[2025-04-18T11:13:56.868+0900] {logging_mixin.py:190} INFO - [2025-04-18T11:13:56.868+0900] {dag.py:4180} INFO - Setting next_dagrun for example_external_task_marker_parent to None, run_after=None
[2025-04-18T11:13:56.884+0900] {processor.py:208} INFO - Processing /home/kim/airflow_tutorial/py_env/lib/python3.10/site-packages/airflow/example_dags/example_external_task_marker_dag.py took 0.242 seconds
[2025-04-18T11:14:58.520+0900] {processor.py:186} INFO - Started process (PID=638478) to work on /home/kim/airflow_tutorial/py_env/lib/python3.10/site-packages/airflow/example_dags/example_external_task_marker_dag.py
[2025-04-18T11:14:58.521+0900] {processor.py:914} INFO - Processing file /home/kim/airflow_tutorial/py_env/lib/python3.10/site-packages/airflow/example_dags/example_external_task_marker_dag.py for tasks to queue
[2025-04-18T11:14:58.523+0900] {logging_mixin.py:190} INFO - [2025-04-18T11:14:58.522+0900] {dagbag.py:588} INFO - Filling up the DagBag from /home/kim/airflow_tutorial/py_env/lib/python3.10/site-packages/airflow/example_dags/example_external_task_marker_dag.py
[2025-04-18T11:14:58.529+0900] {processor.py:925} INFO - DAG(s) 'example_external_task_marker_child', 'example_external_task_marker_parent' retrieved from /home/kim/airflow_tutorial/py_env/lib/python3.10/site-packages/airflow/example_dags/example_external_task_marker_dag.py
[2025-04-18T11:14:58.541+0900] {logging_mixin.py:190} INFO - [2025-04-18T11:14:58.541+0900] {dag.py:3239} INFO - Sync 2 DAGs
[2025-04-18T11:14:58.550+0900] {logging_mixin.py:190} INFO - [2025-04-18T11:14:58.550+0900] {dag.py:4180} INFO - Setting next_dagrun for example_external_task_marker_child to None, run_after=None
[2025-04-18T11:14:58.552+0900] {logging_mixin.py:190} INFO - [2025-04-18T11:14:58.552+0900] {dag.py:4180} INFO - Setting next_dagrun for example_external_task_marker_parent to None, run_after=None
[2025-04-18T11:14:58.566+0900] {processor.py:208} INFO - Processing /home/kim/airflow_tutorial/py_env/lib/python3.10/site-packages/airflow/example_dags/example_external_task_marker_dag.py took 0.050 seconds
[2025-04-18T11:15:57.059+0900] {processor.py:186} INFO - Started process (PID=638857) to work on /home/kim/airflow_tutorial/py_env/lib/python3.10/site-packages/airflow/example_dags/example_external_task_marker_dag.py
[2025-04-18T11:15:57.061+0900] {processor.py:914} INFO - Processing file /home/kim/airflow_tutorial/py_env/lib/python3.10/site-packages/airflow/example_dags/example_external_task_marker_dag.py for tasks to queue
[2025-04-18T11:15:57.063+0900] {logging_mixin.py:190} INFO - [2025-04-18T11:15:57.062+0900] {dagbag.py:588} INFO - Filling up the DagBag from /home/kim/airflow_tutorial/py_env/lib/python3.10/site-packages/airflow/example_dags/example_external_task_marker_dag.py
[2025-04-18T11:15:57.070+0900] {processor.py:925} INFO - DAG(s) 'example_external_task_marker_parent', 'example_external_task_marker_child' retrieved from /home/kim/airflow_tutorial/py_env/lib/python3.10/site-packages/airflow/example_dags/example_external_task_marker_dag.py
[2025-04-18T11:15:57.087+0900] {logging_mixin.py:190} INFO - [2025-04-18T11:15:57.086+0900] {dag.py:3239} INFO - Sync 2 DAGs
[2025-04-18T11:15:57.096+0900] {logging_mixin.py:190} INFO - [2025-04-18T11:15:57.095+0900] {dag.py:4180} INFO - Setting next_dagrun for example_external_task_marker_child to None, run_after=None
[2025-04-18T11:15:57.098+0900] {logging_mixin.py:190} INFO - [2025-04-18T11:15:57.098+0900] {dag.py:4180} INFO - Setting next_dagrun for example_external_task_marker_parent to None, run_after=None
[2025-04-18T11:15:57.112+0900] {processor.py:208} INFO - Processing /home/kim/airflow_tutorial/py_env/lib/python3.10/site-packages/airflow/example_dags/example_external_task_marker_dag.py took 0.058 seconds
[2025-04-18T11:16:57.540+0900] {processor.py:186} INFO - Started process (PID=639600) to work on /home/kim/airflow_tutorial/py_env/lib/python3.10/site-packages/airflow/example_dags/example_external_task_marker_dag.py
[2025-04-18T11:16:57.541+0900] {processor.py:914} INFO - Processing file /home/kim/airflow_tutorial/py_env/lib/python3.10/site-packages/airflow/example_dags/example_external_task_marker_dag.py for tasks to queue
[2025-04-18T11:16:57.542+0900] {logging_mixin.py:190} INFO - [2025-04-18T11:16:57.542+0900] {dagbag.py:588} INFO - Filling up the DagBag from /home/kim/airflow_tutorial/py_env/lib/python3.10/site-packages/airflow/example_dags/example_external_task_marker_dag.py
[2025-04-18T11:16:57.549+0900] {processor.py:925} INFO - DAG(s) 'example_external_task_marker_child', 'example_external_task_marker_parent' retrieved from /home/kim/airflow_tutorial/py_env/lib/python3.10/site-packages/airflow/example_dags/example_external_task_marker_dag.py
[2025-04-18T11:16:57.563+0900] {logging_mixin.py:190} INFO - [2025-04-18T11:16:57.562+0900] {dag.py:3239} INFO - Sync 2 DAGs
[2025-04-18T11:16:57.572+0900] {logging_mixin.py:190} INFO - [2025-04-18T11:16:57.572+0900] {dag.py:4180} INFO - Setting next_dagrun for example_external_task_marker_child to None, run_after=None
[2025-04-18T11:16:57.574+0900] {logging_mixin.py:190} INFO - [2025-04-18T11:16:57.574+0900] {dag.py:4180} INFO - Setting next_dagrun for example_external_task_marker_parent to None, run_after=None
[2025-04-18T11:16:57.587+0900] {processor.py:208} INFO - Processing /home/kim/airflow_tutorial/py_env/lib/python3.10/site-packages/airflow/example_dags/example_external_task_marker_dag.py took 0.052 seconds
[2025-04-18T11:17:57.718+0900] {processor.py:186} INFO - Started process (PID=640245) to work on /home/kim/airflow_tutorial/py_env/lib/python3.10/site-packages/airflow/example_dags/example_external_task_marker_dag.py
[2025-04-18T11:17:57.719+0900] {processor.py:914} INFO - Processing file /home/kim/airflow_tutorial/py_env/lib/python3.10/site-packages/airflow/example_dags/example_external_task_marker_dag.py for tasks to queue
[2025-04-18T11:17:57.721+0900] {logging_mixin.py:190} INFO - [2025-04-18T11:17:57.721+0900] {dagbag.py:588} INFO - Filling up the DagBag from /home/kim/airflow_tutorial/py_env/lib/python3.10/site-packages/airflow/example_dags/example_external_task_marker_dag.py
[2025-04-18T11:17:57.729+0900] {processor.py:925} INFO - DAG(s) 'example_external_task_marker_parent', 'example_external_task_marker_child' retrieved from /home/kim/airflow_tutorial/py_env/lib/python3.10/site-packages/airflow/example_dags/example_external_task_marker_dag.py
[2025-04-18T11:17:57.745+0900] {logging_mixin.py:190} INFO - [2025-04-18T11:17:57.745+0900] {dag.py:3239} INFO - Sync 2 DAGs
[2025-04-18T11:17:57.759+0900] {logging_mixin.py:190} INFO - [2025-04-18T11:17:57.759+0900] {dag.py:4180} INFO - Setting next_dagrun for example_external_task_marker_child to None, run_after=None
[2025-04-18T11:17:57.762+0900] {logging_mixin.py:190} INFO - [2025-04-18T11:17:57.762+0900] {dag.py:4180} INFO - Setting next_dagrun for example_external_task_marker_parent to None, run_after=None
[2025-04-18T11:17:57.781+0900] {processor.py:208} INFO - Processing /home/kim/airflow_tutorial/py_env/lib/python3.10/site-packages/airflow/example_dags/example_external_task_marker_dag.py took 0.071 seconds
[2025-04-18T11:18:58.213+0900] {processor.py:186} INFO - Started process (PID=640800) to work on /home/kim/airflow_tutorial/py_env/lib/python3.10/site-packages/airflow/example_dags/example_external_task_marker_dag.py
[2025-04-18T11:18:58.215+0900] {processor.py:914} INFO - Processing file /home/kim/airflow_tutorial/py_env/lib/python3.10/site-packages/airflow/example_dags/example_external_task_marker_dag.py for tasks to queue
[2025-04-18T11:18:58.216+0900] {logging_mixin.py:190} INFO - [2025-04-18T11:18:58.216+0900] {dagbag.py:588} INFO - Filling up the DagBag from /home/kim/airflow_tutorial/py_env/lib/python3.10/site-packages/airflow/example_dags/example_external_task_marker_dag.py
[2025-04-18T11:18:58.223+0900] {processor.py:925} INFO - DAG(s) 'example_external_task_marker_parent', 'example_external_task_marker_child' retrieved from /home/kim/airflow_tutorial/py_env/lib/python3.10/site-packages/airflow/example_dags/example_external_task_marker_dag.py
[2025-04-18T11:18:58.235+0900] {logging_mixin.py:190} INFO - [2025-04-18T11:18:58.235+0900] {dag.py:3239} INFO - Sync 2 DAGs
[2025-04-18T11:18:58.243+0900] {logging_mixin.py:190} INFO - [2025-04-18T11:18:58.243+0900] {dag.py:4180} INFO - Setting next_dagrun for example_external_task_marker_child to None, run_after=None
[2025-04-18T11:18:58.245+0900] {logging_mixin.py:190} INFO - [2025-04-18T11:18:58.245+0900] {dag.py:4180} INFO - Setting next_dagrun for example_external_task_marker_parent to None, run_after=None
[2025-04-18T11:18:58.259+0900] {processor.py:208} INFO - Processing /home/kim/airflow_tutorial/py_env/lib/python3.10/site-packages/airflow/example_dags/example_external_task_marker_dag.py took 0.050 seconds
[2025-04-18T11:19:56.431+0900] {processor.py:186} INFO - Started process (PID=641085) to work on /home/kim/airflow_tutorial/py_env/lib/python3.10/site-packages/airflow/example_dags/example_external_task_marker_dag.py
[2025-04-18T11:19:56.434+0900] {processor.py:914} INFO - Processing file /home/kim/airflow_tutorial/py_env/lib/python3.10/site-packages/airflow/example_dags/example_external_task_marker_dag.py for tasks to queue
[2025-04-18T11:19:56.436+0900] {logging_mixin.py:190} INFO - [2025-04-18T11:19:56.435+0900] {dagbag.py:588} INFO - Filling up the DagBag from /home/kim/airflow_tutorial/py_env/lib/python3.10/site-packages/airflow/example_dags/example_external_task_marker_dag.py
[2025-04-18T11:19:56.443+0900] {processor.py:925} INFO - DAG(s) 'example_external_task_marker_child', 'example_external_task_marker_parent' retrieved from /home/kim/airflow_tutorial/py_env/lib/python3.10/site-packages/airflow/example_dags/example_external_task_marker_dag.py
[2025-04-18T11:19:56.457+0900] {logging_mixin.py:190} INFO - [2025-04-18T11:19:56.457+0900] {dag.py:3239} INFO - Sync 2 DAGs
[2025-04-18T11:19:56.468+0900] {logging_mixin.py:190} INFO - [2025-04-18T11:19:56.467+0900] {dag.py:4180} INFO - Setting next_dagrun for example_external_task_marker_child to None, run_after=None
[2025-04-18T11:19:56.470+0900] {logging_mixin.py:190} INFO - [2025-04-18T11:19:56.470+0900] {dag.py:4180} INFO - Setting next_dagrun for example_external_task_marker_parent to None, run_after=None
[2025-04-18T11:19:56.486+0900] {processor.py:208} INFO - Processing /home/kim/airflow_tutorial/py_env/lib/python3.10/site-packages/airflow/example_dags/example_external_task_marker_dag.py took 0.061 seconds
[2025-04-18T11:20:54.112+0900] {processor.py:186} INFO - Started process (PID=641378) to work on /home/kim/airflow_tutorial/py_env/lib/python3.10/site-packages/airflow/example_dags/example_external_task_marker_dag.py
[2025-04-18T11:20:54.114+0900] {processor.py:914} INFO - Processing file /home/kim/airflow_tutorial/py_env/lib/python3.10/site-packages/airflow/example_dags/example_external_task_marker_dag.py for tasks to queue
[2025-04-18T11:20:54.116+0900] {logging_mixin.py:190} INFO - [2025-04-18T11:20:54.116+0900] {dagbag.py:588} INFO - Filling up the DagBag from /home/kim/airflow_tutorial/py_env/lib/python3.10/site-packages/airflow/example_dags/example_external_task_marker_dag.py
[2025-04-18T11:20:54.122+0900] {processor.py:925} INFO - DAG(s) 'example_external_task_marker_child', 'example_external_task_marker_parent' retrieved from /home/kim/airflow_tutorial/py_env/lib/python3.10/site-packages/airflow/example_dags/example_external_task_marker_dag.py
[2025-04-18T11:20:54.135+0900] {logging_mixin.py:190} INFO - [2025-04-18T11:20:54.135+0900] {dag.py:3239} INFO - Sync 2 DAGs
[2025-04-18T11:20:54.144+0900] {logging_mixin.py:190} INFO - [2025-04-18T11:20:54.144+0900] {dag.py:4180} INFO - Setting next_dagrun for example_external_task_marker_child to None, run_after=None
[2025-04-18T11:20:54.146+0900] {logging_mixin.py:190} INFO - [2025-04-18T11:20:54.146+0900] {dag.py:4180} INFO - Setting next_dagrun for example_external_task_marker_parent to None, run_after=None
[2025-04-18T11:20:54.160+0900] {processor.py:208} INFO - Processing /home/kim/airflow_tutorial/py_env/lib/python3.10/site-packages/airflow/example_dags/example_external_task_marker_dag.py took 0.052 seconds
[2025-04-18T11:21:55.766+0900] {processor.py:186} INFO - Started process (PID=641675) to work on /home/kim/airflow_tutorial/py_env/lib/python3.10/site-packages/airflow/example_dags/example_external_task_marker_dag.py
[2025-04-18T11:21:55.768+0900] {processor.py:914} INFO - Processing file /home/kim/airflow_tutorial/py_env/lib/python3.10/site-packages/airflow/example_dags/example_external_task_marker_dag.py for tasks to queue
[2025-04-18T11:21:55.770+0900] {logging_mixin.py:190} INFO - [2025-04-18T11:21:55.769+0900] {dagbag.py:588} INFO - Filling up the DagBag from /home/kim/airflow_tutorial/py_env/lib/python3.10/site-packages/airflow/example_dags/example_external_task_marker_dag.py
[2025-04-18T11:21:55.777+0900] {processor.py:925} INFO - DAG(s) 'example_external_task_marker_child', 'example_external_task_marker_parent' retrieved from /home/kim/airflow_tutorial/py_env/lib/python3.10/site-packages/airflow/example_dags/example_external_task_marker_dag.py
[2025-04-18T11:21:55.793+0900] {logging_mixin.py:190} INFO - [2025-04-18T11:21:55.792+0900] {dag.py:3239} INFO - Sync 2 DAGs
[2025-04-18T11:21:55.803+0900] {logging_mixin.py:190} INFO - [2025-04-18T11:21:55.803+0900] {dag.py:4180} INFO - Setting next_dagrun for example_external_task_marker_child to None, run_after=None
[2025-04-18T11:21:55.806+0900] {logging_mixin.py:190} INFO - [2025-04-18T11:21:55.805+0900] {dag.py:4180} INFO - Setting next_dagrun for example_external_task_marker_parent to None, run_after=None
[2025-04-18T11:21:55.824+0900] {processor.py:208} INFO - Processing /home/kim/airflow_tutorial/py_env/lib/python3.10/site-packages/airflow/example_dags/example_external_task_marker_dag.py took 0.063 seconds
[2025-04-18T11:22:57.791+0900] {processor.py:186} INFO - Started process (PID=642130) to work on /home/kim/airflow_tutorial/py_env/lib/python3.10/site-packages/airflow/example_dags/example_external_task_marker_dag.py
[2025-04-18T11:22:57.793+0900] {processor.py:914} INFO - Processing file /home/kim/airflow_tutorial/py_env/lib/python3.10/site-packages/airflow/example_dags/example_external_task_marker_dag.py for tasks to queue
[2025-04-18T11:22:57.795+0900] {logging_mixin.py:190} INFO - [2025-04-18T11:22:57.795+0900] {dagbag.py:588} INFO - Filling up the DagBag from /home/kim/airflow_tutorial/py_env/lib/python3.10/site-packages/airflow/example_dags/example_external_task_marker_dag.py
[2025-04-18T11:22:57.802+0900] {processor.py:925} INFO - DAG(s) 'example_external_task_marker_parent', 'example_external_task_marker_child' retrieved from /home/kim/airflow_tutorial/py_env/lib/python3.10/site-packages/airflow/example_dags/example_external_task_marker_dag.py
[2025-04-18T11:22:57.816+0900] {logging_mixin.py:190} INFO - [2025-04-18T11:22:57.816+0900] {dag.py:3239} INFO - Sync 2 DAGs
[2025-04-18T11:22:57.825+0900] {logging_mixin.py:190} INFO - [2025-04-18T11:22:57.825+0900] {dag.py:4180} INFO - Setting next_dagrun for example_external_task_marker_child to None, run_after=None
[2025-04-18T11:22:57.827+0900] {logging_mixin.py:190} INFO - [2025-04-18T11:22:57.827+0900] {dag.py:4180} INFO - Setting next_dagrun for example_external_task_marker_parent to None, run_after=None
[2025-04-18T11:22:57.842+0900] {processor.py:208} INFO - Processing /home/kim/airflow_tutorial/py_env/lib/python3.10/site-packages/airflow/example_dags/example_external_task_marker_dag.py took 0.056 seconds
[2025-04-18T11:23:54.115+0900] {processor.py:186} INFO - Started process (PID=642483) to work on /home/kim/airflow_tutorial/py_env/lib/python3.10/site-packages/airflow/example_dags/example_external_task_marker_dag.py
[2025-04-18T11:23:54.117+0900] {processor.py:914} INFO - Processing file /home/kim/airflow_tutorial/py_env/lib/python3.10/site-packages/airflow/example_dags/example_external_task_marker_dag.py for tasks to queue
[2025-04-18T11:23:54.119+0900] {logging_mixin.py:190} INFO - [2025-04-18T11:23:54.118+0900] {dagbag.py:588} INFO - Filling up the DagBag from /home/kim/airflow_tutorial/py_env/lib/python3.10/site-packages/airflow/example_dags/example_external_task_marker_dag.py
[2025-04-18T11:23:54.125+0900] {processor.py:925} INFO - DAG(s) 'example_external_task_marker_child', 'example_external_task_marker_parent' retrieved from /home/kim/airflow_tutorial/py_env/lib/python3.10/site-packages/airflow/example_dags/example_external_task_marker_dag.py
[2025-04-18T11:23:54.139+0900] {logging_mixin.py:190} INFO - [2025-04-18T11:23:54.138+0900] {dag.py:3239} INFO - Sync 2 DAGs
[2025-04-18T11:23:54.147+0900] {logging_mixin.py:190} INFO - [2025-04-18T11:23:54.147+0900] {dag.py:4180} INFO - Setting next_dagrun for example_external_task_marker_child to None, run_after=None
[2025-04-18T11:23:54.150+0900] {logging_mixin.py:190} INFO - [2025-04-18T11:23:54.150+0900] {dag.py:4180} INFO - Setting next_dagrun for example_external_task_marker_parent to None, run_after=None
[2025-04-18T11:23:54.166+0900] {processor.py:208} INFO - Processing /home/kim/airflow_tutorial/py_env/lib/python3.10/site-packages/airflow/example_dags/example_external_task_marker_dag.py took 0.056 seconds
[2025-04-18T11:24:56.355+0900] {processor.py:186} INFO - Started process (PID=642783) to work on /home/kim/airflow_tutorial/py_env/lib/python3.10/site-packages/airflow/example_dags/example_external_task_marker_dag.py
[2025-04-18T11:24:56.358+0900] {processor.py:914} INFO - Processing file /home/kim/airflow_tutorial/py_env/lib/python3.10/site-packages/airflow/example_dags/example_external_task_marker_dag.py for tasks to queue
[2025-04-18T11:24:56.360+0900] {logging_mixin.py:190} INFO - [2025-04-18T11:24:56.360+0900] {dagbag.py:588} INFO - Filling up the DagBag from /home/kim/airflow_tutorial/py_env/lib/python3.10/site-packages/airflow/example_dags/example_external_task_marker_dag.py
[2025-04-18T11:24:56.367+0900] {processor.py:925} INFO - DAG(s) 'example_external_task_marker_child', 'example_external_task_marker_parent' retrieved from /home/kim/airflow_tutorial/py_env/lib/python3.10/site-packages/airflow/example_dags/example_external_task_marker_dag.py
[2025-04-18T11:24:56.380+0900] {logging_mixin.py:190} INFO - [2025-04-18T11:24:56.380+0900] {dag.py:3239} INFO - Sync 2 DAGs
[2025-04-18T11:24:56.390+0900] {logging_mixin.py:190} INFO - [2025-04-18T11:24:56.390+0900] {dag.py:4180} INFO - Setting next_dagrun for example_external_task_marker_child to None, run_after=None
[2025-04-18T11:24:56.393+0900] {logging_mixin.py:190} INFO - [2025-04-18T11:24:56.393+0900] {dag.py:4180} INFO - Setting next_dagrun for example_external_task_marker_parent to None, run_after=None
[2025-04-18T11:24:56.407+0900] {processor.py:208} INFO - Processing /home/kim/airflow_tutorial/py_env/lib/python3.10/site-packages/airflow/example_dags/example_external_task_marker_dag.py took 0.057 seconds
[2025-04-18T12:03:14.695+0900] {processor.py:186} INFO - Started process (PID=651972) to work on /home/kim/airflow_tutorial/py_env/lib/python3.10/site-packages/airflow/example_dags/example_external_task_marker_dag.py
[2025-04-18T12:03:14.696+0900] {processor.py:914} INFO - Processing file /home/kim/airflow_tutorial/py_env/lib/python3.10/site-packages/airflow/example_dags/example_external_task_marker_dag.py for tasks to queue
[2025-04-18T12:03:14.698+0900] {logging_mixin.py:190} INFO - [2025-04-18T12:03:14.697+0900] {dagbag.py:588} INFO - Filling up the DagBag from /home/kim/airflow_tutorial/py_env/lib/python3.10/site-packages/airflow/example_dags/example_external_task_marker_dag.py
[2025-04-18T12:03:14.703+0900] {processor.py:925} INFO - DAG(s) 'example_external_task_marker_child', 'example_external_task_marker_parent' retrieved from /home/kim/airflow_tutorial/py_env/lib/python3.10/site-packages/airflow/example_dags/example_external_task_marker_dag.py
[2025-04-18T12:03:14.776+0900] {logging_mixin.py:190} INFO - [2025-04-18T12:03:14.776+0900] {override.py:1912} INFO - Created Permission View: can read on DAG:example_external_task_marker_child
[2025-04-18T12:03:14.787+0900] {logging_mixin.py:190} INFO - [2025-04-18T12:03:14.787+0900] {override.py:1912} INFO - Created Permission View: can edit on DAG:example_external_task_marker_child
[2025-04-18T12:03:14.794+0900] {logging_mixin.py:190} INFO - [2025-04-18T12:03:14.793+0900] {override.py:1912} INFO - Created Permission View: can delete on DAG:example_external_task_marker_child
[2025-04-18T12:03:14.801+0900] {logging_mixin.py:190} INFO - [2025-04-18T12:03:14.801+0900] {override.py:1912} INFO - Created Permission View: can read on DAG Run:example_external_task_marker_child
[2025-04-18T12:03:14.808+0900] {logging_mixin.py:190} INFO - [2025-04-18T12:03:14.808+0900] {override.py:1912} INFO - Created Permission View: can create on DAG Run:example_external_task_marker_child
[2025-04-18T12:03:14.815+0900] {logging_mixin.py:190} INFO - [2025-04-18T12:03:14.815+0900] {override.py:1912} INFO - Created Permission View: menu access on DAG Run:example_external_task_marker_child
[2025-04-18T12:03:14.822+0900] {logging_mixin.py:190} INFO - [2025-04-18T12:03:14.822+0900] {override.py:1912} INFO - Created Permission View: can delete on DAG Run:example_external_task_marker_child
[2025-04-18T12:03:14.836+0900] {logging_mixin.py:190} INFO - [2025-04-18T12:03:14.836+0900] {override.py:1912} INFO - Created Permission View: can read on DAG:example_external_task_marker_parent
[2025-04-18T12:03:14.844+0900] {logging_mixin.py:190} INFO - [2025-04-18T12:03:14.843+0900] {override.py:1912} INFO - Created Permission View: can edit on DAG:example_external_task_marker_parent
[2025-04-18T12:03:14.851+0900] {logging_mixin.py:190} INFO - [2025-04-18T12:03:14.851+0900] {override.py:1912} INFO - Created Permission View: can delete on DAG:example_external_task_marker_parent
[2025-04-18T12:03:14.862+0900] {logging_mixin.py:190} INFO - [2025-04-18T12:03:14.862+0900] {override.py:1912} INFO - Created Permission View: can read on DAG Run:example_external_task_marker_parent
[2025-04-18T12:03:14.869+0900] {logging_mixin.py:190} INFO - [2025-04-18T12:03:14.869+0900] {override.py:1912} INFO - Created Permission View: can create on DAG Run:example_external_task_marker_parent
[2025-04-18T12:03:14.877+0900] {logging_mixin.py:190} INFO - [2025-04-18T12:03:14.877+0900] {override.py:1912} INFO - Created Permission View: menu access on DAG Run:example_external_task_marker_parent
[2025-04-18T12:03:14.885+0900] {logging_mixin.py:190} INFO - [2025-04-18T12:03:14.885+0900] {override.py:1912} INFO - Created Permission View: can delete on DAG Run:example_external_task_marker_parent
[2025-04-18T12:03:14.885+0900] {logging_mixin.py:190} INFO - [2025-04-18T12:03:14.885+0900] {dag.py:3239} INFO - Sync 2 DAGs
[2025-04-18T12:03:14.897+0900] {logging_mixin.py:190} INFO - [2025-04-18T12:03:14.896+0900] {dag.py:3262} INFO - Creating ORM DAG for example_external_task_marker_child
[2025-04-18T12:03:14.897+0900] {logging_mixin.py:190} INFO - [2025-04-18T12:03:14.897+0900] {dag.py:3262} INFO - Creating ORM DAG for example_external_task_marker_parent
[2025-04-18T12:03:14.897+0900] {logging_mixin.py:190} INFO - [2025-04-18T12:03:14.897+0900] {dag.py:4180} INFO - Setting next_dagrun for example_external_task_marker_child to None, run_after=None
[2025-04-18T12:03:14.898+0900] {logging_mixin.py:190} INFO - [2025-04-18T12:03:14.898+0900] {dag.py:4180} INFO - Setting next_dagrun for example_external_task_marker_parent to None, run_after=None
[2025-04-18T12:03:14.913+0900] {processor.py:208} INFO - Processing /home/kim/airflow_tutorial/py_env/lib/python3.10/site-packages/airflow/example_dags/example_external_task_marker_dag.py took 0.223 seconds
[2025-04-18T12:05:20.291+0900] {processor.py:186} INFO - Started process (PID=653749) to work on /home/kim/airflow_tutorial/py_env/lib/python3.10/site-packages/airflow/example_dags/example_external_task_marker_dag.py
[2025-04-18T12:05:20.292+0900] {processor.py:914} INFO - Processing file /home/kim/airflow_tutorial/py_env/lib/python3.10/site-packages/airflow/example_dags/example_external_task_marker_dag.py for tasks to queue
[2025-04-18T12:05:20.294+0900] {logging_mixin.py:190} INFO - [2025-04-18T12:05:20.294+0900] {dagbag.py:588} INFO - Filling up the DagBag from /home/kim/airflow_tutorial/py_env/lib/python3.10/site-packages/airflow/example_dags/example_external_task_marker_dag.py
[2025-04-18T12:05:20.301+0900] {processor.py:925} INFO - DAG(s) 'example_external_task_marker_child', 'example_external_task_marker_parent' retrieved from /home/kim/airflow_tutorial/py_env/lib/python3.10/site-packages/airflow/example_dags/example_external_task_marker_dag.py
[2025-04-18T12:05:20.326+0900] {logging_mixin.py:190} INFO - [2025-04-18T12:05:20.325+0900] {dag.py:3239} INFO - Sync 2 DAGs
[2025-04-18T12:05:20.339+0900] {logging_mixin.py:190} INFO - [2025-04-18T12:05:20.339+0900] {dag.py:4180} INFO - Setting next_dagrun for example_external_task_marker_child to None, run_after=None
[2025-04-18T12:05:20.342+0900] {logging_mixin.py:190} INFO - [2025-04-18T12:05:20.342+0900] {dag.py:4180} INFO - Setting next_dagrun for example_external_task_marker_parent to None, run_after=None
[2025-04-18T12:05:20.361+0900] {processor.py:208} INFO - Processing /home/kim/airflow_tutorial/py_env/lib/python3.10/site-packages/airflow/example_dags/example_external_task_marker_dag.py took 0.075 seconds
[2025-04-18T12:05:51.157+0900] {processor.py:186} INFO - Started process (PID=654227) to work on /home/kim/airflow_tutorial/py_env/lib/python3.10/site-packages/airflow/example_dags/example_external_task_marker_dag.py
[2025-04-18T12:05:51.158+0900] {processor.py:914} INFO - Processing file /home/kim/airflow_tutorial/py_env/lib/python3.10/site-packages/airflow/example_dags/example_external_task_marker_dag.py for tasks to queue
[2025-04-18T12:05:51.160+0900] {logging_mixin.py:190} INFO - [2025-04-18T12:05:51.159+0900] {dagbag.py:588} INFO - Filling up the DagBag from /home/kim/airflow_tutorial/py_env/lib/python3.10/site-packages/airflow/example_dags/example_external_task_marker_dag.py
[2025-04-18T12:05:51.166+0900] {processor.py:925} INFO - DAG(s) 'example_external_task_marker_parent', 'example_external_task_marker_child' retrieved from /home/kim/airflow_tutorial/py_env/lib/python3.10/site-packages/airflow/example_dags/example_external_task_marker_dag.py
[2025-04-18T12:05:51.194+0900] {logging_mixin.py:190} INFO - [2025-04-18T12:05:51.194+0900] {dag.py:3239} INFO - Sync 2 DAGs
[2025-04-18T12:05:51.207+0900] {logging_mixin.py:190} INFO - [2025-04-18T12:05:51.207+0900] {dag.py:4180} INFO - Setting next_dagrun for example_external_task_marker_child to None, run_after=None
[2025-04-18T12:05:51.212+0900] {logging_mixin.py:190} INFO - [2025-04-18T12:05:51.212+0900] {dag.py:4180} INFO - Setting next_dagrun for example_external_task_marker_parent to None, run_after=None
[2025-04-18T12:05:51.231+0900] {processor.py:208} INFO - Processing /home/kim/airflow_tutorial/py_env/lib/python3.10/site-packages/airflow/example_dags/example_external_task_marker_dag.py took 0.079 seconds
[2025-04-18T12:06:21.686+0900] {processor.py:186} INFO - Started process (PID=654612) to work on /home/kim/airflow_tutorial/py_env/lib/python3.10/site-packages/airflow/example_dags/example_external_task_marker_dag.py
[2025-04-18T12:06:21.687+0900] {processor.py:914} INFO - Processing file /home/kim/airflow_tutorial/py_env/lib/python3.10/site-packages/airflow/example_dags/example_external_task_marker_dag.py for tasks to queue
[2025-04-18T12:06:21.689+0900] {logging_mixin.py:190} INFO - [2025-04-18T12:06:21.689+0900] {dagbag.py:588} INFO - Filling up the DagBag from /home/kim/airflow_tutorial/py_env/lib/python3.10/site-packages/airflow/example_dags/example_external_task_marker_dag.py
[2025-04-18T12:06:21.697+0900] {processor.py:925} INFO - DAG(s) 'example_external_task_marker_child', 'example_external_task_marker_parent' retrieved from /home/kim/airflow_tutorial/py_env/lib/python3.10/site-packages/airflow/example_dags/example_external_task_marker_dag.py
[2025-04-18T12:06:21.727+0900] {logging_mixin.py:190} INFO - [2025-04-18T12:06:21.727+0900] {dag.py:3239} INFO - Sync 2 DAGs
[2025-04-18T12:06:21.742+0900] {logging_mixin.py:190} INFO - [2025-04-18T12:06:21.741+0900] {dag.py:4180} INFO - Setting next_dagrun for example_external_task_marker_child to None, run_after=None
[2025-04-18T12:06:21.746+0900] {logging_mixin.py:190} INFO - [2025-04-18T12:06:21.746+0900] {dag.py:4180} INFO - Setting next_dagrun for example_external_task_marker_parent to None, run_after=None
[2025-04-18T12:06:21.770+0900] {processor.py:208} INFO - Processing /home/kim/airflow_tutorial/py_env/lib/python3.10/site-packages/airflow/example_dags/example_external_task_marker_dag.py took 0.090 seconds
