[2025-04-18T11:13:57.981+0900] {processor.py:186} INFO - Started process (PID=637943) to work on /home/kim/airflow_tutorial/py_env/lib/python3.10/site-packages/airflow/example_dags/example_datasets.py
[2025-04-18T11:13:57.981+0900] {processor.py:914} INFO - Processing file /home/kim/airflow_tutorial/py_env/lib/python3.10/site-packages/airflow/example_dags/example_datasets.py for tasks to queue
[2025-04-18T11:13:57.983+0900] {logging_mixin.py:190} INFO - [2025-04-18T11:13:57.983+0900] {dagbag.py:588} INFO - Filling up the DagBag from /home/kim/airflow_tutorial/py_env/lib/python3.10/site-packages/airflow/example_dags/example_datasets.py
[2025-04-18T11:13:57.995+0900] {processor.py:925} INFO - DAG(s) 'consume_1_or_2_with_dataset_expressions', 'conditional_dataset_and_time_based_timetable', 'dataset_consumes_1_never_scheduled', 'dataset_produces_2', 'consume_1_or_both_2_and_3_with_dataset_expressions', 'dataset_consumes_unknown_never_scheduled', 'dataset_consumes_1', 'dataset_produces_1', 'dataset_consumes_1_and_2', 'consume_1_and_2_with_dataset_expressions' retrieved from /home/kim/airflow_tutorial/py_env/lib/python3.10/site-packages/airflow/example_dags/example_datasets.py
[2025-04-18T11:13:58.074+0900] {logging_mixin.py:190} INFO - [2025-04-18T11:13:58.073+0900] {override.py:1912} INFO - Created Permission View: can delete on DAG:consume_1_or_2_with_dataset_expressions
[2025-04-18T11:13:58.084+0900] {logging_mixin.py:190} INFO - [2025-04-18T11:13:58.084+0900] {override.py:1912} INFO - Created Permission View: can edit on DAG:consume_1_or_2_with_dataset_expressions
[2025-04-18T11:13:58.104+0900] {logging_mixin.py:190} INFO - [2025-04-18T11:13:58.104+0900] {override.py:1912} INFO - Created Permission View: can read on DAG:consume_1_or_2_with_dataset_expressions
[2025-04-18T11:13:58.117+0900] {logging_mixin.py:190} INFO - [2025-04-18T11:13:58.117+0900] {override.py:1912} INFO - Created Permission View: can delete on DAG Run:consume_1_or_2_with_dataset_expressions
[2025-04-18T11:13:58.125+0900] {logging_mixin.py:190} INFO - [2025-04-18T11:13:58.125+0900] {override.py:1912} INFO - Created Permission View: can create on DAG Run:consume_1_or_2_with_dataset_expressions
[2025-04-18T11:13:58.135+0900] {logging_mixin.py:190} INFO - [2025-04-18T11:13:58.135+0900] {override.py:1912} INFO - Created Permission View: menu access on DAG Run:consume_1_or_2_with_dataset_expressions
[2025-04-18T11:13:58.144+0900] {logging_mixin.py:190} INFO - [2025-04-18T11:13:58.143+0900] {override.py:1912} INFO - Created Permission View: can read on DAG Run:consume_1_or_2_with_dataset_expressions
[2025-04-18T11:13:58.163+0900] {logging_mixin.py:190} INFO - [2025-04-18T11:13:58.162+0900] {override.py:1912} INFO - Created Permission View: can delete on DAG:conditional_dataset_and_time_based_timetable
[2025-04-18T11:13:58.172+0900] {logging_mixin.py:190} INFO - [2025-04-18T11:13:58.171+0900] {override.py:1912} INFO - Created Permission View: can edit on DAG:conditional_dataset_and_time_based_timetable
[2025-04-18T11:13:58.180+0900] {logging_mixin.py:190} INFO - [2025-04-18T11:13:58.180+0900] {override.py:1912} INFO - Created Permission View: can read on DAG:conditional_dataset_and_time_based_timetable
[2025-04-18T11:13:58.194+0900] {logging_mixin.py:190} INFO - [2025-04-18T11:13:58.193+0900] {override.py:1912} INFO - Created Permission View: can delete on DAG Run:conditional_dataset_and_time_based_timetable
[2025-04-18T11:13:58.201+0900] {logging_mixin.py:190} INFO - [2025-04-18T11:13:58.200+0900] {override.py:1912} INFO - Created Permission View: can create on DAG Run:conditional_dataset_and_time_based_timetable
[2025-04-18T11:13:58.207+0900] {logging_mixin.py:190} INFO - [2025-04-18T11:13:58.207+0900] {override.py:1912} INFO - Created Permission View: menu access on DAG Run:conditional_dataset_and_time_based_timetable
[2025-04-18T11:13:58.214+0900] {logging_mixin.py:190} INFO - [2025-04-18T11:13:58.214+0900] {override.py:1912} INFO - Created Permission View: can read on DAG Run:conditional_dataset_and_time_based_timetable
[2025-04-18T11:13:58.231+0900] {logging_mixin.py:190} INFO - [2025-04-18T11:13:58.230+0900] {override.py:1912} INFO - Created Permission View: can delete on DAG:dataset_consumes_1_never_scheduled
[2025-04-18T11:13:58.239+0900] {logging_mixin.py:190} INFO - [2025-04-18T11:13:58.239+0900] {override.py:1912} INFO - Created Permission View: can edit on DAG:dataset_consumes_1_never_scheduled
[2025-04-18T11:13:58.247+0900] {logging_mixin.py:190} INFO - [2025-04-18T11:13:58.246+0900] {override.py:1912} INFO - Created Permission View: can read on DAG:dataset_consumes_1_never_scheduled
[2025-04-18T11:13:58.258+0900] {logging_mixin.py:190} INFO - [2025-04-18T11:13:58.257+0900] {override.py:1912} INFO - Created Permission View: can delete on DAG Run:dataset_consumes_1_never_scheduled
[2025-04-18T11:13:58.265+0900] {logging_mixin.py:190} INFO - [2025-04-18T11:13:58.265+0900] {override.py:1912} INFO - Created Permission View: can create on DAG Run:dataset_consumes_1_never_scheduled
[2025-04-18T11:13:58.273+0900] {logging_mixin.py:190} INFO - [2025-04-18T11:13:58.273+0900] {override.py:1912} INFO - Created Permission View: menu access on DAG Run:dataset_consumes_1_never_scheduled
[2025-04-18T11:13:58.281+0900] {logging_mixin.py:190} INFO - [2025-04-18T11:13:58.281+0900] {override.py:1912} INFO - Created Permission View: can read on DAG Run:dataset_consumes_1_never_scheduled
[2025-04-18T11:13:58.299+0900] {logging_mixin.py:190} INFO - [2025-04-18T11:13:58.299+0900] {override.py:1912} INFO - Created Permission View: can delete on DAG:dataset_produces_2
[2025-04-18T11:13:58.311+0900] {logging_mixin.py:190} INFO - [2025-04-18T11:13:58.311+0900] {override.py:1912} INFO - Created Permission View: can edit on DAG:dataset_produces_2
[2025-04-18T11:13:58.320+0900] {logging_mixin.py:190} INFO - [2025-04-18T11:13:58.320+0900] {override.py:1912} INFO - Created Permission View: can read on DAG:dataset_produces_2
[2025-04-18T11:13:58.337+0900] {logging_mixin.py:190} INFO - [2025-04-18T11:13:58.336+0900] {override.py:1912} INFO - Created Permission View: can delete on DAG Run:dataset_produces_2
[2025-04-18T11:13:58.346+0900] {logging_mixin.py:190} INFO - [2025-04-18T11:13:58.345+0900] {override.py:1912} INFO - Created Permission View: can create on DAG Run:dataset_produces_2
[2025-04-18T11:13:58.354+0900] {logging_mixin.py:190} INFO - [2025-04-18T11:13:58.354+0900] {override.py:1912} INFO - Created Permission View: menu access on DAG Run:dataset_produces_2
[2025-04-18T11:13:58.362+0900] {logging_mixin.py:190} INFO - [2025-04-18T11:13:58.362+0900] {override.py:1912} INFO - Created Permission View: can read on DAG Run:dataset_produces_2
[2025-04-18T11:13:58.379+0900] {logging_mixin.py:190} INFO - [2025-04-18T11:13:58.379+0900] {override.py:1912} INFO - Created Permission View: can delete on DAG:consume_1_or_both_2_and_3_with_dataset_expressions
[2025-04-18T11:13:58.388+0900] {logging_mixin.py:190} INFO - [2025-04-18T11:13:58.387+0900] {override.py:1912} INFO - Created Permission View: can edit on DAG:consume_1_or_both_2_and_3_with_dataset_expressions
[2025-04-18T11:13:58.395+0900] {logging_mixin.py:190} INFO - [2025-04-18T11:13:58.395+0900] {override.py:1912} INFO - Created Permission View: can read on DAG:consume_1_or_both_2_and_3_with_dataset_expressions
[2025-04-18T11:13:58.407+0900] {logging_mixin.py:190} INFO - [2025-04-18T11:13:58.406+0900] {override.py:1912} INFO - Created Permission View: can delete on DAG Run:consume_1_or_both_2_and_3_with_dataset_expressions
[2025-04-18T11:13:58.416+0900] {logging_mixin.py:190} INFO - [2025-04-18T11:13:58.415+0900] {override.py:1912} INFO - Created Permission View: can create on DAG Run:consume_1_or_both_2_and_3_with_dataset_expressions
[2025-04-18T11:13:58.424+0900] {logging_mixin.py:190} INFO - [2025-04-18T11:13:58.424+0900] {override.py:1912} INFO - Created Permission View: menu access on DAG Run:consume_1_or_both_2_and_3_with_dataset_expressions
[2025-04-18T11:13:58.432+0900] {logging_mixin.py:190} INFO - [2025-04-18T11:13:58.431+0900] {override.py:1912} INFO - Created Permission View: can read on DAG Run:consume_1_or_both_2_and_3_with_dataset_expressions
[2025-04-18T11:13:58.448+0900] {logging_mixin.py:190} INFO - [2025-04-18T11:13:58.448+0900] {override.py:1912} INFO - Created Permission View: can delete on DAG:dataset_consumes_unknown_never_scheduled
[2025-04-18T11:13:58.455+0900] {logging_mixin.py:190} INFO - [2025-04-18T11:13:58.455+0900] {override.py:1912} INFO - Created Permission View: can edit on DAG:dataset_consumes_unknown_never_scheduled
[2025-04-18T11:13:58.462+0900] {logging_mixin.py:190} INFO - [2025-04-18T11:13:58.462+0900] {override.py:1912} INFO - Created Permission View: can read on DAG:dataset_consumes_unknown_never_scheduled
[2025-04-18T11:13:58.473+0900] {logging_mixin.py:190} INFO - [2025-04-18T11:13:58.473+0900] {override.py:1912} INFO - Created Permission View: can delete on DAG Run:dataset_consumes_unknown_never_scheduled
[2025-04-18T11:13:58.479+0900] {logging_mixin.py:190} INFO - [2025-04-18T11:13:58.479+0900] {override.py:1912} INFO - Created Permission View: can create on DAG Run:dataset_consumes_unknown_never_scheduled
[2025-04-18T11:13:58.486+0900] {logging_mixin.py:190} INFO - [2025-04-18T11:13:58.485+0900] {override.py:1912} INFO - Created Permission View: menu access on DAG Run:dataset_consumes_unknown_never_scheduled
[2025-04-18T11:13:58.493+0900] {logging_mixin.py:190} INFO - [2025-04-18T11:13:58.492+0900] {override.py:1912} INFO - Created Permission View: can read on DAG Run:dataset_consumes_unknown_never_scheduled
[2025-04-18T11:13:58.509+0900] {logging_mixin.py:190} INFO - [2025-04-18T11:13:58.509+0900] {override.py:1912} INFO - Created Permission View: can delete on DAG:dataset_consumes_1
[2025-04-18T11:13:58.516+0900] {logging_mixin.py:190} INFO - [2025-04-18T11:13:58.516+0900] {override.py:1912} INFO - Created Permission View: can edit on DAG:dataset_consumes_1
[2025-04-18T11:13:58.523+0900] {logging_mixin.py:190} INFO - [2025-04-18T11:13:58.522+0900] {override.py:1912} INFO - Created Permission View: can read on DAG:dataset_consumes_1
[2025-04-18T11:13:58.534+0900] {logging_mixin.py:190} INFO - [2025-04-18T11:13:58.534+0900] {override.py:1912} INFO - Created Permission View: can delete on DAG Run:dataset_consumes_1
[2025-04-18T11:13:58.541+0900] {logging_mixin.py:190} INFO - [2025-04-18T11:13:58.540+0900] {override.py:1912} INFO - Created Permission View: can create on DAG Run:dataset_consumes_1
[2025-04-18T11:13:58.548+0900] {logging_mixin.py:190} INFO - [2025-04-18T11:13:58.548+0900] {override.py:1912} INFO - Created Permission View: menu access on DAG Run:dataset_consumes_1
[2025-04-18T11:13:58.554+0900] {logging_mixin.py:190} INFO - [2025-04-18T11:13:58.554+0900] {override.py:1912} INFO - Created Permission View: can read on DAG Run:dataset_consumes_1
[2025-04-18T11:13:58.568+0900] {logging_mixin.py:190} INFO - [2025-04-18T11:13:58.567+0900] {override.py:1912} INFO - Created Permission View: can delete on DAG:dataset_produces_1
[2025-04-18T11:13:58.574+0900] {logging_mixin.py:190} INFO - [2025-04-18T11:13:58.574+0900] {override.py:1912} INFO - Created Permission View: can edit on DAG:dataset_produces_1
[2025-04-18T11:13:58.581+0900] {logging_mixin.py:190} INFO - [2025-04-18T11:13:58.581+0900] {override.py:1912} INFO - Created Permission View: can read on DAG:dataset_produces_1
[2025-04-18T11:13:58.593+0900] {logging_mixin.py:190} INFO - [2025-04-18T11:13:58.592+0900] {override.py:1912} INFO - Created Permission View: can delete on DAG Run:dataset_produces_1
[2025-04-18T11:13:58.607+0900] {logging_mixin.py:190} INFO - [2025-04-18T11:13:58.607+0900] {override.py:1912} INFO - Created Permission View: can create on DAG Run:dataset_produces_1
[2025-04-18T11:13:58.614+0900] {logging_mixin.py:190} INFO - [2025-04-18T11:13:58.614+0900] {override.py:1912} INFO - Created Permission View: menu access on DAG Run:dataset_produces_1
[2025-04-18T11:13:58.620+0900] {logging_mixin.py:190} INFO - [2025-04-18T11:13:58.620+0900] {override.py:1912} INFO - Created Permission View: can read on DAG Run:dataset_produces_1
[2025-04-18T11:13:58.635+0900] {logging_mixin.py:190} INFO - [2025-04-18T11:13:58.634+0900] {override.py:1912} INFO - Created Permission View: can delete on DAG:dataset_consumes_1_and_2
[2025-04-18T11:13:58.641+0900] {logging_mixin.py:190} INFO - [2025-04-18T11:13:58.641+0900] {override.py:1912} INFO - Created Permission View: can edit on DAG:dataset_consumes_1_and_2
[2025-04-18T11:13:58.648+0900] {logging_mixin.py:190} INFO - [2025-04-18T11:13:58.648+0900] {override.py:1912} INFO - Created Permission View: can read on DAG:dataset_consumes_1_and_2
[2025-04-18T11:13:58.659+0900] {logging_mixin.py:190} INFO - [2025-04-18T11:13:58.658+0900] {override.py:1912} INFO - Created Permission View: can delete on DAG Run:dataset_consumes_1_and_2
[2025-04-18T11:13:58.665+0900] {logging_mixin.py:190} INFO - [2025-04-18T11:13:58.665+0900] {override.py:1912} INFO - Created Permission View: can create on DAG Run:dataset_consumes_1_and_2
[2025-04-18T11:13:58.673+0900] {logging_mixin.py:190} INFO - [2025-04-18T11:13:58.673+0900] {override.py:1912} INFO - Created Permission View: menu access on DAG Run:dataset_consumes_1_and_2
[2025-04-18T11:13:58.680+0900] {logging_mixin.py:190} INFO - [2025-04-18T11:13:58.680+0900] {override.py:1912} INFO - Created Permission View: can read on DAG Run:dataset_consumes_1_and_2
[2025-04-18T11:13:58.695+0900] {logging_mixin.py:190} INFO - [2025-04-18T11:13:58.694+0900] {override.py:1912} INFO - Created Permission View: can delete on DAG:consume_1_and_2_with_dataset_expressions
[2025-04-18T11:13:58.702+0900] {logging_mixin.py:190} INFO - [2025-04-18T11:13:58.702+0900] {override.py:1912} INFO - Created Permission View: can edit on DAG:consume_1_and_2_with_dataset_expressions
[2025-04-18T11:13:58.709+0900] {logging_mixin.py:190} INFO - [2025-04-18T11:13:58.709+0900] {override.py:1912} INFO - Created Permission View: can read on DAG:consume_1_and_2_with_dataset_expressions
[2025-04-18T11:13:58.720+0900] {logging_mixin.py:190} INFO - [2025-04-18T11:13:58.719+0900] {override.py:1912} INFO - Created Permission View: can delete on DAG Run:consume_1_and_2_with_dataset_expressions
[2025-04-18T11:13:58.726+0900] {logging_mixin.py:190} INFO - [2025-04-18T11:13:58.726+0900] {override.py:1912} INFO - Created Permission View: can create on DAG Run:consume_1_and_2_with_dataset_expressions
[2025-04-18T11:13:58.733+0900] {logging_mixin.py:190} INFO - [2025-04-18T11:13:58.733+0900] {override.py:1912} INFO - Created Permission View: menu access on DAG Run:consume_1_and_2_with_dataset_expressions
[2025-04-18T11:13:58.739+0900] {logging_mixin.py:190} INFO - [2025-04-18T11:13:58.739+0900] {override.py:1912} INFO - Created Permission View: can read on DAG Run:consume_1_and_2_with_dataset_expressions
[2025-04-18T11:13:58.739+0900] {logging_mixin.py:190} INFO - [2025-04-18T11:13:58.739+0900] {dag.py:3239} INFO - Sync 10 DAGs
[2025-04-18T11:13:58.747+0900] {logging_mixin.py:190} INFO - [2025-04-18T11:13:58.747+0900] {dag.py:3262} INFO - Creating ORM DAG for dataset_consumes_1_never_scheduled
[2025-04-18T11:13:58.748+0900] {logging_mixin.py:190} INFO - [2025-04-18T11:13:58.747+0900] {dag.py:3262} INFO - Creating ORM DAG for dataset_consumes_1_and_2
[2025-04-18T11:13:58.748+0900] {logging_mixin.py:190} INFO - [2025-04-18T11:13:58.748+0900] {dag.py:3262} INFO - Creating ORM DAG for dataset_produces_1
[2025-04-18T11:13:58.748+0900] {logging_mixin.py:190} INFO - [2025-04-18T11:13:58.748+0900] {dag.py:3262} INFO - Creating ORM DAG for dataset_consumes_unknown_never_scheduled
[2025-04-18T11:13:58.748+0900] {logging_mixin.py:190} INFO - [2025-04-18T11:13:58.748+0900] {dag.py:3262} INFO - Creating ORM DAG for consume_1_or_2_with_dataset_expressions
[2025-04-18T11:13:58.749+0900] {logging_mixin.py:190} INFO - [2025-04-18T11:13:58.749+0900] {dag.py:3262} INFO - Creating ORM DAG for dataset_produces_2
[2025-04-18T11:13:58.749+0900] {logging_mixin.py:190} INFO - [2025-04-18T11:13:58.749+0900] {dag.py:3262} INFO - Creating ORM DAG for consume_1_or_both_2_and_3_with_dataset_expressions
[2025-04-18T11:13:58.749+0900] {logging_mixin.py:190} INFO - [2025-04-18T11:13:58.749+0900] {dag.py:3262} INFO - Creating ORM DAG for conditional_dataset_and_time_based_timetable
[2025-04-18T11:13:58.750+0900] {logging_mixin.py:190} INFO - [2025-04-18T11:13:58.750+0900] {dag.py:3262} INFO - Creating ORM DAG for dataset_consumes_1
[2025-04-18T11:13:58.750+0900] {logging_mixin.py:190} INFO - [2025-04-18T11:13:58.750+0900] {dag.py:3262} INFO - Creating ORM DAG for consume_1_and_2_with_dataset_expressions
[2025-04-18T11:13:58.755+0900] {logging_mixin.py:190} INFO - [2025-04-18T11:13:58.755+0900] {dag.py:4180} INFO - Setting next_dagrun for conditional_dataset_and_time_based_timetable to 2025-04-16 01:00:00+00:00, run_after=2025-04-16 01:00:00+00:00
[2025-04-18T11:13:58.756+0900] {logging_mixin.py:190} INFO - [2025-04-18T11:13:58.756+0900] {dag.py:4180} INFO - Setting next_dagrun for consume_1_and_2_with_dataset_expressions to None, run_after=None
[2025-04-18T11:13:58.756+0900] {logging_mixin.py:190} INFO - [2025-04-18T11:13:58.756+0900] {dag.py:4180} INFO - Setting next_dagrun for consume_1_or_2_with_dataset_expressions to None, run_after=None
[2025-04-18T11:13:58.756+0900] {logging_mixin.py:190} INFO - [2025-04-18T11:13:58.756+0900] {dag.py:4180} INFO - Setting next_dagrun for consume_1_or_both_2_and_3_with_dataset_expressions to None, run_after=None
[2025-04-18T11:13:58.757+0900] {logging_mixin.py:190} INFO - [2025-04-18T11:13:58.757+0900] {dag.py:4180} INFO - Setting next_dagrun for dataset_consumes_1 to None, run_after=None
[2025-04-18T11:13:58.757+0900] {logging_mixin.py:190} INFO - [2025-04-18T11:13:58.757+0900] {dag.py:4180} INFO - Setting next_dagrun for dataset_consumes_1_and_2 to None, run_after=None
[2025-04-18T11:13:58.757+0900] {logging_mixin.py:190} INFO - [2025-04-18T11:13:58.757+0900] {dag.py:4180} INFO - Setting next_dagrun for dataset_consumes_1_never_scheduled to None, run_after=None
[2025-04-18T11:13:58.757+0900] {logging_mixin.py:190} INFO - [2025-04-18T11:13:58.757+0900] {dag.py:4180} INFO - Setting next_dagrun for dataset_consumes_unknown_never_scheduled to None, run_after=None
[2025-04-18T11:13:58.758+0900] {logging_mixin.py:190} INFO - [2025-04-18T11:13:58.758+0900] {dag.py:4180} INFO - Setting next_dagrun for dataset_produces_1 to 2025-04-17 00:00:00+00:00, run_after=2025-04-18 00:00:00+00:00
[2025-04-18T11:13:58.759+0900] {logging_mixin.py:190} INFO - [2025-04-18T11:13:58.759+0900] {dag.py:4180} INFO - Setting next_dagrun for dataset_produces_2 to None, run_after=None
[2025-04-18T11:13:58.782+0900] {processor.py:208} INFO - Processing /home/kim/airflow_tutorial/py_env/lib/python3.10/site-packages/airflow/example_dags/example_datasets.py took 0.806 seconds
[2025-04-18T11:15:01.124+0900] {processor.py:186} INFO - Started process (PID=638485) to work on /home/kim/airflow_tutorial/py_env/lib/python3.10/site-packages/airflow/example_dags/example_datasets.py
[2025-04-18T11:15:01.125+0900] {processor.py:914} INFO - Processing file /home/kim/airflow_tutorial/py_env/lib/python3.10/site-packages/airflow/example_dags/example_datasets.py for tasks to queue
[2025-04-18T11:15:01.126+0900] {logging_mixin.py:190} INFO - [2025-04-18T11:15:01.126+0900] {dagbag.py:588} INFO - Filling up the DagBag from /home/kim/airflow_tutorial/py_env/lib/python3.10/site-packages/airflow/example_dags/example_datasets.py
[2025-04-18T11:15:01.141+0900] {processor.py:925} INFO - DAG(s) 'dataset_consumes_1_never_scheduled', 'dataset_produces_1', 'dataset_consumes_unknown_never_scheduled', 'consume_1_and_2_with_dataset_expressions', 'dataset_consumes_1_and_2', 'dataset_produces_2', 'dataset_consumes_1', 'consume_1_or_both_2_and_3_with_dataset_expressions', 'conditional_dataset_and_time_based_timetable', 'consume_1_or_2_with_dataset_expressions' retrieved from /home/kim/airflow_tutorial/py_env/lib/python3.10/site-packages/airflow/example_dags/example_datasets.py
[2025-04-18T11:15:01.178+0900] {logging_mixin.py:190} INFO - [2025-04-18T11:15:01.177+0900] {dag.py:3239} INFO - Sync 10 DAGs
[2025-04-18T11:15:01.194+0900] {logging_mixin.py:190} INFO - [2025-04-18T11:15:01.193+0900] {dag.py:4180} INFO - Setting next_dagrun for conditional_dataset_and_time_based_timetable to 2025-04-16 01:00:00+00:00, run_after=2025-04-16 01:00:00+00:00
[2025-04-18T11:15:01.196+0900] {logging_mixin.py:190} INFO - [2025-04-18T11:15:01.195+0900] {dag.py:4180} INFO - Setting next_dagrun for consume_1_and_2_with_dataset_expressions to None, run_after=None
[2025-04-18T11:15:01.196+0900] {logging_mixin.py:190} INFO - [2025-04-18T11:15:01.196+0900] {dag.py:4180} INFO - Setting next_dagrun for consume_1_or_2_with_dataset_expressions to None, run_after=None
[2025-04-18T11:15:01.197+0900] {logging_mixin.py:190} INFO - [2025-04-18T11:15:01.197+0900] {dag.py:4180} INFO - Setting next_dagrun for consume_1_or_both_2_and_3_with_dataset_expressions to None, run_after=None
[2025-04-18T11:15:01.197+0900] {logging_mixin.py:190} INFO - [2025-04-18T11:15:01.197+0900] {dag.py:4180} INFO - Setting next_dagrun for dataset_consumes_1 to None, run_after=None
[2025-04-18T11:15:01.198+0900] {logging_mixin.py:190} INFO - [2025-04-18T11:15:01.198+0900] {dag.py:4180} INFO - Setting next_dagrun for dataset_consumes_1_and_2 to None, run_after=None
[2025-04-18T11:15:01.198+0900] {logging_mixin.py:190} INFO - [2025-04-18T11:15:01.198+0900] {dag.py:4180} INFO - Setting next_dagrun for dataset_consumes_1_never_scheduled to None, run_after=None
[2025-04-18T11:15:01.199+0900] {logging_mixin.py:190} INFO - [2025-04-18T11:15:01.199+0900] {dag.py:4180} INFO - Setting next_dagrun for dataset_consumes_unknown_never_scheduled to None, run_after=None
[2025-04-18T11:15:01.200+0900] {logging_mixin.py:190} INFO - [2025-04-18T11:15:01.200+0900] {dag.py:4180} INFO - Setting next_dagrun for dataset_produces_1 to 2025-04-17 00:00:00+00:00, run_after=2025-04-18 00:00:00+00:00
[2025-04-18T11:15:01.200+0900] {logging_mixin.py:190} INFO - [2025-04-18T11:15:01.200+0900] {dag.py:4180} INFO - Setting next_dagrun for dataset_produces_2 to None, run_after=None
[2025-04-18T11:15:01.221+0900] {processor.py:208} INFO - Processing /home/kim/airflow_tutorial/py_env/lib/python3.10/site-packages/airflow/example_dags/example_datasets.py took 0.102 seconds
[2025-04-18T11:15:58.187+0900] {processor.py:186} INFO - Started process (PID=638858) to work on /home/kim/airflow_tutorial/py_env/lib/python3.10/site-packages/airflow/example_dags/example_datasets.py
[2025-04-18T11:15:58.189+0900] {processor.py:914} INFO - Processing file /home/kim/airflow_tutorial/py_env/lib/python3.10/site-packages/airflow/example_dags/example_datasets.py for tasks to queue
[2025-04-18T11:15:58.191+0900] {logging_mixin.py:190} INFO - [2025-04-18T11:15:58.191+0900] {dagbag.py:588} INFO - Filling up the DagBag from /home/kim/airflow_tutorial/py_env/lib/python3.10/site-packages/airflow/example_dags/example_datasets.py
[2025-04-18T11:15:58.203+0900] {processor.py:925} INFO - DAG(s) 'consume_1_and_2_with_dataset_expressions', 'conditional_dataset_and_time_based_timetable', 'dataset_consumes_unknown_never_scheduled', 'dataset_produces_1', 'dataset_consumes_1_and_2', 'dataset_consumes_1', 'consume_1_or_2_with_dataset_expressions', 'consume_1_or_both_2_and_3_with_dataset_expressions', 'dataset_consumes_1_never_scheduled', 'dataset_produces_2' retrieved from /home/kim/airflow_tutorial/py_env/lib/python3.10/site-packages/airflow/example_dags/example_datasets.py
[2025-04-18T11:15:58.226+0900] {logging_mixin.py:190} INFO - [2025-04-18T11:15:58.226+0900] {dag.py:3239} INFO - Sync 10 DAGs
[2025-04-18T11:15:58.241+0900] {logging_mixin.py:190} INFO - [2025-04-18T11:15:58.241+0900] {dag.py:4180} INFO - Setting next_dagrun for conditional_dataset_and_time_based_timetable to 2025-04-16 01:00:00+00:00, run_after=2025-04-16 01:00:00+00:00
[2025-04-18T11:15:58.243+0900] {logging_mixin.py:190} INFO - [2025-04-18T11:15:58.243+0900] {dag.py:4180} INFO - Setting next_dagrun for consume_1_and_2_with_dataset_expressions to None, run_after=None
[2025-04-18T11:15:58.244+0900] {logging_mixin.py:190} INFO - [2025-04-18T11:15:58.244+0900] {dag.py:4180} INFO - Setting next_dagrun for consume_1_or_2_with_dataset_expressions to None, run_after=None
[2025-04-18T11:15:58.244+0900] {logging_mixin.py:190} INFO - [2025-04-18T11:15:58.244+0900] {dag.py:4180} INFO - Setting next_dagrun for consume_1_or_both_2_and_3_with_dataset_expressions to None, run_after=None
[2025-04-18T11:15:58.245+0900] {logging_mixin.py:190} INFO - [2025-04-18T11:15:58.245+0900] {dag.py:4180} INFO - Setting next_dagrun for dataset_consumes_1 to None, run_after=None
[2025-04-18T11:15:58.245+0900] {logging_mixin.py:190} INFO - [2025-04-18T11:15:58.245+0900] {dag.py:4180} INFO - Setting next_dagrun for dataset_consumes_1_and_2 to None, run_after=None
[2025-04-18T11:15:58.246+0900] {logging_mixin.py:190} INFO - [2025-04-18T11:15:58.246+0900] {dag.py:4180} INFO - Setting next_dagrun for dataset_consumes_1_never_scheduled to None, run_after=None
[2025-04-18T11:15:58.247+0900] {logging_mixin.py:190} INFO - [2025-04-18T11:15:58.246+0900] {dag.py:4180} INFO - Setting next_dagrun for dataset_consumes_unknown_never_scheduled to None, run_after=None
[2025-04-18T11:15:58.248+0900] {logging_mixin.py:190} INFO - [2025-04-18T11:15:58.248+0900] {dag.py:4180} INFO - Setting next_dagrun for dataset_produces_1 to 2025-04-17 00:00:00+00:00, run_after=2025-04-18 00:00:00+00:00
[2025-04-18T11:15:58.249+0900] {logging_mixin.py:190} INFO - [2025-04-18T11:15:58.249+0900] {dag.py:4180} INFO - Setting next_dagrun for dataset_produces_2 to None, run_after=None
[2025-04-18T11:15:58.272+0900] {processor.py:208} INFO - Processing /home/kim/airflow_tutorial/py_env/lib/python3.10/site-packages/airflow/example_dags/example_datasets.py took 0.090 seconds
[2025-04-18T11:16:58.672+0900] {processor.py:186} INFO - Started process (PID=639630) to work on /home/kim/airflow_tutorial/py_env/lib/python3.10/site-packages/airflow/example_dags/example_datasets.py
[2025-04-18T11:16:58.674+0900] {processor.py:914} INFO - Processing file /home/kim/airflow_tutorial/py_env/lib/python3.10/site-packages/airflow/example_dags/example_datasets.py for tasks to queue
[2025-04-18T11:16:58.676+0900] {logging_mixin.py:190} INFO - [2025-04-18T11:16:58.676+0900] {dagbag.py:588} INFO - Filling up the DagBag from /home/kim/airflow_tutorial/py_env/lib/python3.10/site-packages/airflow/example_dags/example_datasets.py
[2025-04-18T11:16:58.691+0900] {processor.py:925} INFO - DAG(s) 'conditional_dataset_and_time_based_timetable', 'consume_1_or_both_2_and_3_with_dataset_expressions', 'dataset_consumes_1_and_2', 'dataset_consumes_1_never_scheduled', 'consume_1_and_2_with_dataset_expressions', 'dataset_consumes_1', 'dataset_produces_1', 'dataset_consumes_unknown_never_scheduled', 'consume_1_or_2_with_dataset_expressions', 'dataset_produces_2' retrieved from /home/kim/airflow_tutorial/py_env/lib/python3.10/site-packages/airflow/example_dags/example_datasets.py
[2025-04-18T11:16:58.719+0900] {logging_mixin.py:190} INFO - [2025-04-18T11:16:58.719+0900] {dag.py:3239} INFO - Sync 10 DAGs
[2025-04-18T11:16:58.737+0900] {logging_mixin.py:190} INFO - [2025-04-18T11:16:58.736+0900] {dag.py:4180} INFO - Setting next_dagrun for conditional_dataset_and_time_based_timetable to 2025-04-16 01:00:00+00:00, run_after=2025-04-16 01:00:00+00:00
[2025-04-18T11:16:58.738+0900] {logging_mixin.py:190} INFO - [2025-04-18T11:16:58.738+0900] {dag.py:4180} INFO - Setting next_dagrun for consume_1_and_2_with_dataset_expressions to None, run_after=None
[2025-04-18T11:16:58.739+0900] {logging_mixin.py:190} INFO - [2025-04-18T11:16:58.739+0900] {dag.py:4180} INFO - Setting next_dagrun for consume_1_or_2_with_dataset_expressions to None, run_after=None
[2025-04-18T11:16:58.740+0900] {logging_mixin.py:190} INFO - [2025-04-18T11:16:58.740+0900] {dag.py:4180} INFO - Setting next_dagrun for consume_1_or_both_2_and_3_with_dataset_expressions to None, run_after=None
[2025-04-18T11:16:58.740+0900] {logging_mixin.py:190} INFO - [2025-04-18T11:16:58.740+0900] {dag.py:4180} INFO - Setting next_dagrun for dataset_consumes_1 to None, run_after=None
[2025-04-18T11:16:58.741+0900] {logging_mixin.py:190} INFO - [2025-04-18T11:16:58.741+0900] {dag.py:4180} INFO - Setting next_dagrun for dataset_consumes_1_and_2 to None, run_after=None
[2025-04-18T11:16:58.741+0900] {logging_mixin.py:190} INFO - [2025-04-18T11:16:58.741+0900] {dag.py:4180} INFO - Setting next_dagrun for dataset_consumes_1_never_scheduled to None, run_after=None
[2025-04-18T11:16:58.742+0900] {logging_mixin.py:190} INFO - [2025-04-18T11:16:58.742+0900] {dag.py:4180} INFO - Setting next_dagrun for dataset_consumes_unknown_never_scheduled to None, run_after=None
[2025-04-18T11:16:58.744+0900] {logging_mixin.py:190} INFO - [2025-04-18T11:16:58.744+0900] {dag.py:4180} INFO - Setting next_dagrun for dataset_produces_1 to 2025-04-17 00:00:00+00:00, run_after=2025-04-18 00:00:00+00:00
[2025-04-18T11:16:58.744+0900] {logging_mixin.py:190} INFO - [2025-04-18T11:16:58.744+0900] {dag.py:4180} INFO - Setting next_dagrun for dataset_produces_2 to None, run_after=None
[2025-04-18T11:16:58.766+0900] {processor.py:208} INFO - Processing /home/kim/airflow_tutorial/py_env/lib/python3.10/site-packages/airflow/example_dags/example_datasets.py took 0.099 seconds
[2025-04-18T11:17:58.864+0900] {processor.py:186} INFO - Started process (PID=640295) to work on /home/kim/airflow_tutorial/py_env/lib/python3.10/site-packages/airflow/example_dags/example_datasets.py
[2025-04-18T11:17:58.869+0900] {processor.py:914} INFO - Processing file /home/kim/airflow_tutorial/py_env/lib/python3.10/site-packages/airflow/example_dags/example_datasets.py for tasks to queue
[2025-04-18T11:17:58.874+0900] {logging_mixin.py:190} INFO - [2025-04-18T11:17:58.873+0900] {dagbag.py:588} INFO - Filling up the DagBag from /home/kim/airflow_tutorial/py_env/lib/python3.10/site-packages/airflow/example_dags/example_datasets.py
[2025-04-18T11:17:58.889+0900] {processor.py:925} INFO - DAG(s) 'dataset_consumes_1_and_2', 'dataset_produces_2', 'consume_1_or_both_2_and_3_with_dataset_expressions', 'consume_1_and_2_with_dataset_expressions', 'dataset_consumes_1', 'consume_1_or_2_with_dataset_expressions', 'dataset_produces_1', 'conditional_dataset_and_time_based_timetable', 'dataset_consumes_unknown_never_scheduled', 'dataset_consumes_1_never_scheduled' retrieved from /home/kim/airflow_tutorial/py_env/lib/python3.10/site-packages/airflow/example_dags/example_datasets.py
[2025-04-18T11:17:58.914+0900] {logging_mixin.py:190} INFO - [2025-04-18T11:17:58.914+0900] {dag.py:3239} INFO - Sync 10 DAGs
[2025-04-18T11:17:58.933+0900] {logging_mixin.py:190} INFO - [2025-04-18T11:17:58.932+0900] {dag.py:4180} INFO - Setting next_dagrun for conditional_dataset_and_time_based_timetable to 2025-04-16 01:00:00+00:00, run_after=2025-04-16 01:00:00+00:00
[2025-04-18T11:17:58.936+0900] {logging_mixin.py:190} INFO - [2025-04-18T11:17:58.936+0900] {dag.py:4180} INFO - Setting next_dagrun for consume_1_and_2_with_dataset_expressions to None, run_after=None
[2025-04-18T11:17:58.937+0900] {logging_mixin.py:190} INFO - [2025-04-18T11:17:58.936+0900] {dag.py:4180} INFO - Setting next_dagrun for consume_1_or_2_with_dataset_expressions to None, run_after=None
[2025-04-18T11:17:58.937+0900] {logging_mixin.py:190} INFO - [2025-04-18T11:17:58.937+0900] {dag.py:4180} INFO - Setting next_dagrun for consume_1_or_both_2_and_3_with_dataset_expressions to None, run_after=None
[2025-04-18T11:17:58.938+0900] {logging_mixin.py:190} INFO - [2025-04-18T11:17:58.938+0900] {dag.py:4180} INFO - Setting next_dagrun for dataset_consumes_1 to None, run_after=None
[2025-04-18T11:17:58.938+0900] {logging_mixin.py:190} INFO - [2025-04-18T11:17:58.938+0900] {dag.py:4180} INFO - Setting next_dagrun for dataset_consumes_1_and_2 to None, run_after=None
[2025-04-18T11:17:58.939+0900] {logging_mixin.py:190} INFO - [2025-04-18T11:17:58.939+0900] {dag.py:4180} INFO - Setting next_dagrun for dataset_consumes_1_never_scheduled to None, run_after=None
[2025-04-18T11:17:58.939+0900] {logging_mixin.py:190} INFO - [2025-04-18T11:17:58.939+0900] {dag.py:4180} INFO - Setting next_dagrun for dataset_consumes_unknown_never_scheduled to None, run_after=None
[2025-04-18T11:17:58.940+0900] {logging_mixin.py:190} INFO - [2025-04-18T11:17:58.940+0900] {dag.py:4180} INFO - Setting next_dagrun for dataset_produces_1 to 2025-04-17 00:00:00+00:00, run_after=2025-04-18 00:00:00+00:00
[2025-04-18T11:17:58.941+0900] {logging_mixin.py:190} INFO - [2025-04-18T11:17:58.941+0900] {dag.py:4180} INFO - Setting next_dagrun for dataset_produces_2 to None, run_after=None
[2025-04-18T11:17:58.966+0900] {processor.py:208} INFO - Processing /home/kim/airflow_tutorial/py_env/lib/python3.10/site-packages/airflow/example_dags/example_datasets.py took 0.116 seconds
[2025-04-18T11:18:58.708+0900] {processor.py:186} INFO - Started process (PID=640807) to work on /home/kim/airflow_tutorial/py_env/lib/python3.10/site-packages/airflow/example_dags/example_datasets.py
[2025-04-18T11:18:58.711+0900] {processor.py:914} INFO - Processing file /home/kim/airflow_tutorial/py_env/lib/python3.10/site-packages/airflow/example_dags/example_datasets.py for tasks to queue
[2025-04-18T11:18:58.712+0900] {logging_mixin.py:190} INFO - [2025-04-18T11:18:58.712+0900] {dagbag.py:588} INFO - Filling up the DagBag from /home/kim/airflow_tutorial/py_env/lib/python3.10/site-packages/airflow/example_dags/example_datasets.py
[2025-04-18T11:18:58.724+0900] {processor.py:925} INFO - DAG(s) 'consume_1_or_both_2_and_3_with_dataset_expressions', 'dataset_produces_2', 'consume_1_or_2_with_dataset_expressions', 'dataset_consumes_1_never_scheduled', 'dataset_consumes_unknown_never_scheduled', 'dataset_consumes_1_and_2', 'conditional_dataset_and_time_based_timetable', 'dataset_consumes_1', 'dataset_produces_1', 'consume_1_and_2_with_dataset_expressions' retrieved from /home/kim/airflow_tutorial/py_env/lib/python3.10/site-packages/airflow/example_dags/example_datasets.py
[2025-04-18T11:18:58.746+0900] {logging_mixin.py:190} INFO - [2025-04-18T11:18:58.746+0900] {dag.py:3239} INFO - Sync 10 DAGs
[2025-04-18T11:18:58.760+0900] {logging_mixin.py:190} INFO - [2025-04-18T11:18:58.760+0900] {dag.py:4180} INFO - Setting next_dagrun for conditional_dataset_and_time_based_timetable to 2025-04-16 01:00:00+00:00, run_after=2025-04-16 01:00:00+00:00
[2025-04-18T11:18:58.762+0900] {logging_mixin.py:190} INFO - [2025-04-18T11:18:58.762+0900] {dag.py:4180} INFO - Setting next_dagrun for consume_1_and_2_with_dataset_expressions to None, run_after=None
[2025-04-18T11:18:58.763+0900] {logging_mixin.py:190} INFO - [2025-04-18T11:18:58.763+0900] {dag.py:4180} INFO - Setting next_dagrun for consume_1_or_2_with_dataset_expressions to None, run_after=None
[2025-04-18T11:18:58.763+0900] {logging_mixin.py:190} INFO - [2025-04-18T11:18:58.763+0900] {dag.py:4180} INFO - Setting next_dagrun for consume_1_or_both_2_and_3_with_dataset_expressions to None, run_after=None
[2025-04-18T11:18:58.764+0900] {logging_mixin.py:190} INFO - [2025-04-18T11:18:58.764+0900] {dag.py:4180} INFO - Setting next_dagrun for dataset_consumes_1 to None, run_after=None
[2025-04-18T11:18:58.764+0900] {logging_mixin.py:190} INFO - [2025-04-18T11:18:58.764+0900] {dag.py:4180} INFO - Setting next_dagrun for dataset_consumes_1_and_2 to None, run_after=None
[2025-04-18T11:18:58.765+0900] {logging_mixin.py:190} INFO - [2025-04-18T11:18:58.765+0900] {dag.py:4180} INFO - Setting next_dagrun for dataset_consumes_1_never_scheduled to None, run_after=None
[2025-04-18T11:18:58.765+0900] {logging_mixin.py:190} INFO - [2025-04-18T11:18:58.765+0900] {dag.py:4180} INFO - Setting next_dagrun for dataset_consumes_unknown_never_scheduled to None, run_after=None
[2025-04-18T11:18:58.767+0900] {logging_mixin.py:190} INFO - [2025-04-18T11:18:58.767+0900] {dag.py:4180} INFO - Setting next_dagrun for dataset_produces_1 to 2025-04-17 00:00:00+00:00, run_after=2025-04-18 00:00:00+00:00
[2025-04-18T11:18:58.767+0900] {logging_mixin.py:190} INFO - [2025-04-18T11:18:58.767+0900] {dag.py:4180} INFO - Setting next_dagrun for dataset_produces_2 to None, run_after=None
[2025-04-18T11:18:58.789+0900] {processor.py:208} INFO - Processing /home/kim/airflow_tutorial/py_env/lib/python3.10/site-packages/airflow/example_dags/example_datasets.py took 0.086 seconds
[2025-04-18T11:19:57.561+0900] {processor.py:186} INFO - Started process (PID=641092) to work on /home/kim/airflow_tutorial/py_env/lib/python3.10/site-packages/airflow/example_dags/example_datasets.py
[2025-04-18T11:19:57.563+0900] {processor.py:914} INFO - Processing file /home/kim/airflow_tutorial/py_env/lib/python3.10/site-packages/airflow/example_dags/example_datasets.py for tasks to queue
[2025-04-18T11:19:57.564+0900] {logging_mixin.py:190} INFO - [2025-04-18T11:19:57.564+0900] {dagbag.py:588} INFO - Filling up the DagBag from /home/kim/airflow_tutorial/py_env/lib/python3.10/site-packages/airflow/example_dags/example_datasets.py
[2025-04-18T11:19:57.576+0900] {processor.py:925} INFO - DAG(s) 'dataset_consumes_1_and_2', 'consume_1_and_2_with_dataset_expressions', 'consume_1_or_both_2_and_3_with_dataset_expressions', 'dataset_consumes_unknown_never_scheduled', 'consume_1_or_2_with_dataset_expressions', 'dataset_consumes_1', 'conditional_dataset_and_time_based_timetable', 'dataset_produces_1', 'dataset_consumes_1_never_scheduled', 'dataset_produces_2' retrieved from /home/kim/airflow_tutorial/py_env/lib/python3.10/site-packages/airflow/example_dags/example_datasets.py
[2025-04-18T11:19:57.599+0900] {logging_mixin.py:190} INFO - [2025-04-18T11:19:57.598+0900] {dag.py:3239} INFO - Sync 10 DAGs
[2025-04-18T11:19:57.616+0900] {logging_mixin.py:190} INFO - [2025-04-18T11:19:57.616+0900] {dag.py:4180} INFO - Setting next_dagrun for conditional_dataset_and_time_based_timetable to 2025-04-16 01:00:00+00:00, run_after=2025-04-16 01:00:00+00:00
[2025-04-18T11:19:57.619+0900] {logging_mixin.py:190} INFO - [2025-04-18T11:19:57.618+0900] {dag.py:4180} INFO - Setting next_dagrun for consume_1_and_2_with_dataset_expressions to None, run_after=None
[2025-04-18T11:19:57.621+0900] {logging_mixin.py:190} INFO - [2025-04-18T11:19:57.620+0900] {dag.py:4180} INFO - Setting next_dagrun for consume_1_or_2_with_dataset_expressions to None, run_after=None
[2025-04-18T11:19:57.623+0900] {logging_mixin.py:190} INFO - [2025-04-18T11:19:57.623+0900] {dag.py:4180} INFO - Setting next_dagrun for consume_1_or_both_2_and_3_with_dataset_expressions to None, run_after=None
[2025-04-18T11:19:57.624+0900] {logging_mixin.py:190} INFO - [2025-04-18T11:19:57.624+0900] {dag.py:4180} INFO - Setting next_dagrun for dataset_consumes_1 to None, run_after=None
[2025-04-18T11:19:57.626+0900] {logging_mixin.py:190} INFO - [2025-04-18T11:19:57.626+0900] {dag.py:4180} INFO - Setting next_dagrun for dataset_consumes_1_and_2 to None, run_after=None
[2025-04-18T11:19:57.627+0900] {logging_mixin.py:190} INFO - [2025-04-18T11:19:57.627+0900] {dag.py:4180} INFO - Setting next_dagrun for dataset_consumes_1_never_scheduled to None, run_after=None
[2025-04-18T11:19:57.628+0900] {logging_mixin.py:190} INFO - [2025-04-18T11:19:57.627+0900] {dag.py:4180} INFO - Setting next_dagrun for dataset_consumes_unknown_never_scheduled to None, run_after=None
[2025-04-18T11:19:57.630+0900] {logging_mixin.py:190} INFO - [2025-04-18T11:19:57.630+0900] {dag.py:4180} INFO - Setting next_dagrun for dataset_produces_1 to 2025-04-17 00:00:00+00:00, run_after=2025-04-18 00:00:00+00:00
[2025-04-18T11:19:57.631+0900] {logging_mixin.py:190} INFO - [2025-04-18T11:19:57.631+0900] {dag.py:4180} INFO - Setting next_dagrun for dataset_produces_2 to None, run_after=None
[2025-04-18T11:19:57.663+0900] {processor.py:208} INFO - Processing /home/kim/airflow_tutorial/py_env/lib/python3.10/site-packages/airflow/example_dags/example_datasets.py took 0.107 seconds
[2025-04-18T11:20:57.726+0900] {processor.py:186} INFO - Started process (PID=641385) to work on /home/kim/airflow_tutorial/py_env/lib/python3.10/site-packages/airflow/example_dags/example_datasets.py
[2025-04-18T11:20:57.727+0900] {processor.py:914} INFO - Processing file /home/kim/airflow_tutorial/py_env/lib/python3.10/site-packages/airflow/example_dags/example_datasets.py for tasks to queue
[2025-04-18T11:20:57.729+0900] {logging_mixin.py:190} INFO - [2025-04-18T11:20:57.729+0900] {dagbag.py:588} INFO - Filling up the DagBag from /home/kim/airflow_tutorial/py_env/lib/python3.10/site-packages/airflow/example_dags/example_datasets.py
[2025-04-18T11:20:57.741+0900] {processor.py:925} INFO - DAG(s) 'dataset_consumes_1_and_2', 'consume_1_and_2_with_dataset_expressions', 'dataset_consumes_1', 'dataset_produces_1', 'conditional_dataset_and_time_based_timetable', 'dataset_consumes_unknown_never_scheduled', 'dataset_produces_2', 'consume_1_or_2_with_dataset_expressions', 'consume_1_or_both_2_and_3_with_dataset_expressions', 'dataset_consumes_1_never_scheduled' retrieved from /home/kim/airflow_tutorial/py_env/lib/python3.10/site-packages/airflow/example_dags/example_datasets.py
[2025-04-18T11:20:57.764+0900] {logging_mixin.py:190} INFO - [2025-04-18T11:20:57.764+0900] {dag.py:3239} INFO - Sync 10 DAGs
[2025-04-18T11:20:57.780+0900] {logging_mixin.py:190} INFO - [2025-04-18T11:20:57.779+0900] {dag.py:4180} INFO - Setting next_dagrun for conditional_dataset_and_time_based_timetable to 2025-04-16 01:00:00+00:00, run_after=2025-04-16 01:00:00+00:00
[2025-04-18T11:20:57.782+0900] {logging_mixin.py:190} INFO - [2025-04-18T11:20:57.782+0900] {dag.py:4180} INFO - Setting next_dagrun for consume_1_and_2_with_dataset_expressions to None, run_after=None
[2025-04-18T11:20:57.783+0900] {logging_mixin.py:190} INFO - [2025-04-18T11:20:57.783+0900] {dag.py:4180} INFO - Setting next_dagrun for consume_1_or_2_with_dataset_expressions to None, run_after=None
[2025-04-18T11:20:57.783+0900] {logging_mixin.py:190} INFO - [2025-04-18T11:20:57.783+0900] {dag.py:4180} INFO - Setting next_dagrun for consume_1_or_both_2_and_3_with_dataset_expressions to None, run_after=None
[2025-04-18T11:20:57.784+0900] {logging_mixin.py:190} INFO - [2025-04-18T11:20:57.784+0900] {dag.py:4180} INFO - Setting next_dagrun for dataset_consumes_1 to None, run_after=None
[2025-04-18T11:20:57.784+0900] {logging_mixin.py:190} INFO - [2025-04-18T11:20:57.784+0900] {dag.py:4180} INFO - Setting next_dagrun for dataset_consumes_1_and_2 to None, run_after=None
[2025-04-18T11:20:57.785+0900] {logging_mixin.py:190} INFO - [2025-04-18T11:20:57.785+0900] {dag.py:4180} INFO - Setting next_dagrun for dataset_consumes_1_never_scheduled to None, run_after=None
[2025-04-18T11:20:57.785+0900] {logging_mixin.py:190} INFO - [2025-04-18T11:20:57.785+0900] {dag.py:4180} INFO - Setting next_dagrun for dataset_consumes_unknown_never_scheduled to None, run_after=None
[2025-04-18T11:20:57.787+0900] {logging_mixin.py:190} INFO - [2025-04-18T11:20:57.787+0900] {dag.py:4180} INFO - Setting next_dagrun for dataset_produces_1 to 2025-04-17 00:00:00+00:00, run_after=2025-04-18 00:00:00+00:00
[2025-04-18T11:20:57.787+0900] {logging_mixin.py:190} INFO - [2025-04-18T11:20:57.787+0900] {dag.py:4180} INFO - Setting next_dagrun for dataset_produces_2 to None, run_after=None
[2025-04-18T11:20:57.809+0900] {processor.py:208} INFO - Processing /home/kim/airflow_tutorial/py_env/lib/python3.10/site-packages/airflow/example_dags/example_datasets.py took 0.087 seconds
[2025-04-18T11:21:56.900+0900] {processor.py:186} INFO - Started process (PID=641677) to work on /home/kim/airflow_tutorial/py_env/lib/python3.10/site-packages/airflow/example_dags/example_datasets.py
[2025-04-18T11:21:56.901+0900] {processor.py:914} INFO - Processing file /home/kim/airflow_tutorial/py_env/lib/python3.10/site-packages/airflow/example_dags/example_datasets.py for tasks to queue
[2025-04-18T11:21:56.903+0900] {logging_mixin.py:190} INFO - [2025-04-18T11:21:56.903+0900] {dagbag.py:588} INFO - Filling up the DagBag from /home/kim/airflow_tutorial/py_env/lib/python3.10/site-packages/airflow/example_dags/example_datasets.py
[2025-04-18T11:21:56.916+0900] {processor.py:925} INFO - DAG(s) 'dataset_consumes_1', 'dataset_produces_2', 'consume_1_and_2_with_dataset_expressions', 'dataset_produces_1', 'dataset_consumes_1_never_scheduled', 'consume_1_or_2_with_dataset_expressions', 'conditional_dataset_and_time_based_timetable', 'dataset_consumes_unknown_never_scheduled', 'dataset_consumes_1_and_2', 'consume_1_or_both_2_and_3_with_dataset_expressions' retrieved from /home/kim/airflow_tutorial/py_env/lib/python3.10/site-packages/airflow/example_dags/example_datasets.py
[2025-04-18T11:21:56.941+0900] {logging_mixin.py:190} INFO - [2025-04-18T11:21:56.941+0900] {dag.py:3239} INFO - Sync 10 DAGs
[2025-04-18T11:21:56.959+0900] {logging_mixin.py:190} INFO - [2025-04-18T11:21:56.958+0900] {dag.py:4180} INFO - Setting next_dagrun for conditional_dataset_and_time_based_timetable to 2025-04-16 01:00:00+00:00, run_after=2025-04-16 01:00:00+00:00
[2025-04-18T11:21:56.961+0900] {logging_mixin.py:190} INFO - [2025-04-18T11:21:56.961+0900] {dag.py:4180} INFO - Setting next_dagrun for consume_1_and_2_with_dataset_expressions to None, run_after=None
[2025-04-18T11:21:56.962+0900] {logging_mixin.py:190} INFO - [2025-04-18T11:21:56.962+0900] {dag.py:4180} INFO - Setting next_dagrun for consume_1_or_2_with_dataset_expressions to None, run_after=None
[2025-04-18T11:21:56.962+0900] {logging_mixin.py:190} INFO - [2025-04-18T11:21:56.962+0900] {dag.py:4180} INFO - Setting next_dagrun for consume_1_or_both_2_and_3_with_dataset_expressions to None, run_after=None
[2025-04-18T11:21:56.963+0900] {logging_mixin.py:190} INFO - [2025-04-18T11:21:56.963+0900] {dag.py:4180} INFO - Setting next_dagrun for dataset_consumes_1 to None, run_after=None
[2025-04-18T11:21:56.963+0900] {logging_mixin.py:190} INFO - [2025-04-18T11:21:56.963+0900] {dag.py:4180} INFO - Setting next_dagrun for dataset_consumes_1_and_2 to None, run_after=None
[2025-04-18T11:21:56.964+0900] {logging_mixin.py:190} INFO - [2025-04-18T11:21:56.964+0900] {dag.py:4180} INFO - Setting next_dagrun for dataset_consumes_1_never_scheduled to None, run_after=None
[2025-04-18T11:21:56.965+0900] {logging_mixin.py:190} INFO - [2025-04-18T11:21:56.965+0900] {dag.py:4180} INFO - Setting next_dagrun for dataset_consumes_unknown_never_scheduled to None, run_after=None
[2025-04-18T11:21:56.967+0900] {logging_mixin.py:190} INFO - [2025-04-18T11:21:56.966+0900] {dag.py:4180} INFO - Setting next_dagrun for dataset_produces_1 to 2025-04-17 00:00:00+00:00, run_after=2025-04-18 00:00:00+00:00
[2025-04-18T11:21:56.967+0900] {logging_mixin.py:190} INFO - [2025-04-18T11:21:56.967+0900] {dag.py:4180} INFO - Setting next_dagrun for dataset_produces_2 to None, run_after=None
[2025-04-18T11:21:56.992+0900] {processor.py:208} INFO - Processing /home/kim/airflow_tutorial/py_env/lib/python3.10/site-packages/airflow/example_dags/example_datasets.py took 0.098 seconds
[2025-04-18T11:22:58.417+0900] {processor.py:186} INFO - Started process (PID=642137) to work on /home/kim/airflow_tutorial/py_env/lib/python3.10/site-packages/airflow/example_dags/example_datasets.py
[2025-04-18T11:22:58.422+0900] {processor.py:914} INFO - Processing file /home/kim/airflow_tutorial/py_env/lib/python3.10/site-packages/airflow/example_dags/example_datasets.py for tasks to queue
[2025-04-18T11:22:58.427+0900] {logging_mixin.py:190} INFO - [2025-04-18T11:22:58.426+0900] {dagbag.py:588} INFO - Filling up the DagBag from /home/kim/airflow_tutorial/py_env/lib/python3.10/site-packages/airflow/example_dags/example_datasets.py
[2025-04-18T11:22:58.451+0900] {processor.py:925} INFO - DAG(s) 'consume_1_or_2_with_dataset_expressions', 'dataset_consumes_unknown_never_scheduled', 'dataset_consumes_1_never_scheduled', 'conditional_dataset_and_time_based_timetable', 'consume_1_or_both_2_and_3_with_dataset_expressions', 'dataset_consumes_1_and_2', 'dataset_produces_1', 'dataset_consumes_1', 'dataset_produces_2', 'consume_1_and_2_with_dataset_expressions' retrieved from /home/kim/airflow_tutorial/py_env/lib/python3.10/site-packages/airflow/example_dags/example_datasets.py
[2025-04-18T11:22:58.476+0900] {logging_mixin.py:190} INFO - [2025-04-18T11:22:58.475+0900] {dag.py:3239} INFO - Sync 10 DAGs
[2025-04-18T11:22:58.492+0900] {logging_mixin.py:190} INFO - [2025-04-18T11:22:58.492+0900] {dag.py:4180} INFO - Setting next_dagrun for conditional_dataset_and_time_based_timetable to 2025-04-16 01:00:00+00:00, run_after=2025-04-16 01:00:00+00:00
[2025-04-18T11:22:58.495+0900] {logging_mixin.py:190} INFO - [2025-04-18T11:22:58.494+0900] {dag.py:4180} INFO - Setting next_dagrun for consume_1_and_2_with_dataset_expressions to None, run_after=None
[2025-04-18T11:22:58.495+0900] {logging_mixin.py:190} INFO - [2025-04-18T11:22:58.495+0900] {dag.py:4180} INFO - Setting next_dagrun for consume_1_or_2_with_dataset_expressions to None, run_after=None
[2025-04-18T11:22:58.496+0900] {logging_mixin.py:190} INFO - [2025-04-18T11:22:58.496+0900] {dag.py:4180} INFO - Setting next_dagrun for consume_1_or_both_2_and_3_with_dataset_expressions to None, run_after=None
[2025-04-18T11:22:58.496+0900] {logging_mixin.py:190} INFO - [2025-04-18T11:22:58.496+0900] {dag.py:4180} INFO - Setting next_dagrun for dataset_consumes_1 to None, run_after=None
[2025-04-18T11:22:58.497+0900] {logging_mixin.py:190} INFO - [2025-04-18T11:22:58.497+0900] {dag.py:4180} INFO - Setting next_dagrun for dataset_consumes_1_and_2 to None, run_after=None
[2025-04-18T11:22:58.497+0900] {logging_mixin.py:190} INFO - [2025-04-18T11:22:58.497+0900] {dag.py:4180} INFO - Setting next_dagrun for dataset_consumes_1_never_scheduled to None, run_after=None
[2025-04-18T11:22:58.498+0900] {logging_mixin.py:190} INFO - [2025-04-18T11:22:58.498+0900] {dag.py:4180} INFO - Setting next_dagrun for dataset_consumes_unknown_never_scheduled to None, run_after=None
[2025-04-18T11:22:58.499+0900] {logging_mixin.py:190} INFO - [2025-04-18T11:22:58.499+0900] {dag.py:4180} INFO - Setting next_dagrun for dataset_produces_1 to 2025-04-17 00:00:00+00:00, run_after=2025-04-18 00:00:00+00:00
[2025-04-18T11:22:58.500+0900] {logging_mixin.py:190} INFO - [2025-04-18T11:22:58.500+0900] {dag.py:4180} INFO - Setting next_dagrun for dataset_produces_2 to None, run_after=None
[2025-04-18T11:22:58.521+0900] {processor.py:208} INFO - Processing /home/kim/airflow_tutorial/py_env/lib/python3.10/site-packages/airflow/example_dags/example_datasets.py took 0.109 seconds
[2025-04-18T11:23:55.266+0900] {processor.py:186} INFO - Started process (PID=642490) to work on /home/kim/airflow_tutorial/py_env/lib/python3.10/site-packages/airflow/example_dags/example_datasets.py
[2025-04-18T11:23:55.270+0900] {processor.py:914} INFO - Processing file /home/kim/airflow_tutorial/py_env/lib/python3.10/site-packages/airflow/example_dags/example_datasets.py for tasks to queue
[2025-04-18T11:23:55.273+0900] {logging_mixin.py:190} INFO - [2025-04-18T11:23:55.272+0900] {dagbag.py:588} INFO - Filling up the DagBag from /home/kim/airflow_tutorial/py_env/lib/python3.10/site-packages/airflow/example_dags/example_datasets.py
[2025-04-18T11:23:55.289+0900] {processor.py:925} INFO - DAG(s) 'consume_1_or_2_with_dataset_expressions', 'dataset_consumes_unknown_never_scheduled', 'dataset_consumes_1_never_scheduled', 'dataset_produces_1', 'consume_1_and_2_with_dataset_expressions', 'dataset_produces_2', 'dataset_consumes_1', 'consume_1_or_both_2_and_3_with_dataset_expressions', 'conditional_dataset_and_time_based_timetable', 'dataset_consumes_1_and_2' retrieved from /home/kim/airflow_tutorial/py_env/lib/python3.10/site-packages/airflow/example_dags/example_datasets.py
[2025-04-18T11:23:55.311+0900] {logging_mixin.py:190} INFO - [2025-04-18T11:23:55.311+0900] {dag.py:3239} INFO - Sync 10 DAGs
[2025-04-18T11:23:55.328+0900] {logging_mixin.py:190} INFO - [2025-04-18T11:23:55.327+0900] {dag.py:4180} INFO - Setting next_dagrun for conditional_dataset_and_time_based_timetable to 2025-04-16 01:00:00+00:00, run_after=2025-04-16 01:00:00+00:00
[2025-04-18T11:23:55.330+0900] {logging_mixin.py:190} INFO - [2025-04-18T11:23:55.330+0900] {dag.py:4180} INFO - Setting next_dagrun for consume_1_and_2_with_dataset_expressions to None, run_after=None
[2025-04-18T11:23:55.331+0900] {logging_mixin.py:190} INFO - [2025-04-18T11:23:55.331+0900] {dag.py:4180} INFO - Setting next_dagrun for consume_1_or_2_with_dataset_expressions to None, run_after=None
[2025-04-18T11:23:55.331+0900] {logging_mixin.py:190} INFO - [2025-04-18T11:23:55.331+0900] {dag.py:4180} INFO - Setting next_dagrun for consume_1_or_both_2_and_3_with_dataset_expressions to None, run_after=None
[2025-04-18T11:23:55.332+0900] {logging_mixin.py:190} INFO - [2025-04-18T11:23:55.332+0900] {dag.py:4180} INFO - Setting next_dagrun for dataset_consumes_1 to None, run_after=None
[2025-04-18T11:23:55.332+0900] {logging_mixin.py:190} INFO - [2025-04-18T11:23:55.332+0900] {dag.py:4180} INFO - Setting next_dagrun for dataset_consumes_1_and_2 to None, run_after=None
[2025-04-18T11:23:55.333+0900] {logging_mixin.py:190} INFO - [2025-04-18T11:23:55.333+0900] {dag.py:4180} INFO - Setting next_dagrun for dataset_consumes_1_never_scheduled to None, run_after=None
[2025-04-18T11:23:55.334+0900] {logging_mixin.py:190} INFO - [2025-04-18T11:23:55.333+0900] {dag.py:4180} INFO - Setting next_dagrun for dataset_consumes_unknown_never_scheduled to None, run_after=None
[2025-04-18T11:23:55.335+0900] {logging_mixin.py:190} INFO - [2025-04-18T11:23:55.335+0900] {dag.py:4180} INFO - Setting next_dagrun for dataset_produces_1 to 2025-04-17 00:00:00+00:00, run_after=2025-04-18 00:00:00+00:00
[2025-04-18T11:23:55.335+0900] {logging_mixin.py:190} INFO - [2025-04-18T11:23:55.335+0900] {dag.py:4180} INFO - Setting next_dagrun for dataset_produces_2 to None, run_after=None
[2025-04-18T11:23:55.358+0900] {processor.py:208} INFO - Processing /home/kim/airflow_tutorial/py_env/lib/python3.10/site-packages/airflow/example_dags/example_datasets.py took 0.101 seconds
[2025-04-18T11:24:56.830+0900] {processor.py:186} INFO - Started process (PID=642790) to work on /home/kim/airflow_tutorial/py_env/lib/python3.10/site-packages/airflow/example_dags/example_datasets.py
[2025-04-18T11:24:56.833+0900] {processor.py:914} INFO - Processing file /home/kim/airflow_tutorial/py_env/lib/python3.10/site-packages/airflow/example_dags/example_datasets.py for tasks to queue
[2025-04-18T11:24:56.834+0900] {logging_mixin.py:190} INFO - [2025-04-18T11:24:56.834+0900] {dagbag.py:588} INFO - Filling up the DagBag from /home/kim/airflow_tutorial/py_env/lib/python3.10/site-packages/airflow/example_dags/example_datasets.py
[2025-04-18T11:24:56.846+0900] {processor.py:925} INFO - DAG(s) 'conditional_dataset_and_time_based_timetable', 'dataset_consumes_1_and_2', 'dataset_consumes_1', 'dataset_consumes_1_never_scheduled', 'dataset_consumes_unknown_never_scheduled', 'consume_1_or_both_2_and_3_with_dataset_expressions', 'dataset_produces_2', 'consume_1_and_2_with_dataset_expressions', 'consume_1_or_2_with_dataset_expressions', 'dataset_produces_1' retrieved from /home/kim/airflow_tutorial/py_env/lib/python3.10/site-packages/airflow/example_dags/example_datasets.py
[2025-04-18T11:24:56.869+0900] {logging_mixin.py:190} INFO - [2025-04-18T11:24:56.869+0900] {dag.py:3239} INFO - Sync 10 DAGs
[2025-04-18T11:24:56.883+0900] {logging_mixin.py:190} INFO - [2025-04-18T11:24:56.883+0900] {dag.py:4180} INFO - Setting next_dagrun for conditional_dataset_and_time_based_timetable to 2025-04-16 01:00:00+00:00, run_after=2025-04-16 01:00:00+00:00
[2025-04-18T11:24:56.885+0900] {logging_mixin.py:190} INFO - [2025-04-18T11:24:56.885+0900] {dag.py:4180} INFO - Setting next_dagrun for consume_1_and_2_with_dataset_expressions to None, run_after=None
[2025-04-18T11:24:56.886+0900] {logging_mixin.py:190} INFO - [2025-04-18T11:24:56.886+0900] {dag.py:4180} INFO - Setting next_dagrun for consume_1_or_2_with_dataset_expressions to None, run_after=None
[2025-04-18T11:24:56.886+0900] {logging_mixin.py:190} INFO - [2025-04-18T11:24:56.886+0900] {dag.py:4180} INFO - Setting next_dagrun for consume_1_or_both_2_and_3_with_dataset_expressions to None, run_after=None
[2025-04-18T11:24:56.887+0900] {logging_mixin.py:190} INFO - [2025-04-18T11:24:56.887+0900] {dag.py:4180} INFO - Setting next_dagrun for dataset_consumes_1 to None, run_after=None
[2025-04-18T11:24:56.887+0900] {logging_mixin.py:190} INFO - [2025-04-18T11:24:56.887+0900] {dag.py:4180} INFO - Setting next_dagrun for dataset_consumes_1_and_2 to None, run_after=None
[2025-04-18T11:24:56.888+0900] {logging_mixin.py:190} INFO - [2025-04-18T11:24:56.888+0900] {dag.py:4180} INFO - Setting next_dagrun for dataset_consumes_1_never_scheduled to None, run_after=None
[2025-04-18T11:24:56.888+0900] {logging_mixin.py:190} INFO - [2025-04-18T11:24:56.888+0900] {dag.py:4180} INFO - Setting next_dagrun for dataset_consumes_unknown_never_scheduled to None, run_after=None
[2025-04-18T11:24:56.889+0900] {logging_mixin.py:190} INFO - [2025-04-18T11:24:56.889+0900] {dag.py:4180} INFO - Setting next_dagrun for dataset_produces_1 to 2025-04-17 00:00:00+00:00, run_after=2025-04-18 00:00:00+00:00
[2025-04-18T11:24:56.890+0900] {logging_mixin.py:190} INFO - [2025-04-18T11:24:56.890+0900] {dag.py:4180} INFO - Setting next_dagrun for dataset_produces_2 to None, run_after=None
[2025-04-18T11:24:56.910+0900] {processor.py:208} INFO - Processing /home/kim/airflow_tutorial/py_env/lib/python3.10/site-packages/airflow/example_dags/example_datasets.py took 0.085 seconds
[2025-04-18T12:03:14.873+0900] {processor.py:186} INFO - Started process (PID=651980) to work on /home/kim/airflow_tutorial/py_env/lib/python3.10/site-packages/airflow/example_dags/example_datasets.py
[2025-04-18T12:03:14.874+0900] {processor.py:914} INFO - Processing file /home/kim/airflow_tutorial/py_env/lib/python3.10/site-packages/airflow/example_dags/example_datasets.py for tasks to queue
[2025-04-18T12:03:14.876+0900] {logging_mixin.py:190} INFO - [2025-04-18T12:03:14.876+0900] {dagbag.py:588} INFO - Filling up the DagBag from /home/kim/airflow_tutorial/py_env/lib/python3.10/site-packages/airflow/example_dags/example_datasets.py
[2025-04-18T12:03:14.889+0900] {processor.py:925} INFO - DAG(s) 'dataset_produces_1', 'consume_1_and_2_with_dataset_expressions', 'dataset_consumes_1_and_2', 'dataset_consumes_1', 'dataset_consumes_1_never_scheduled', 'consume_1_or_2_with_dataset_expressions', 'consume_1_or_both_2_and_3_with_dataset_expressions', 'dataset_consumes_unknown_never_scheduled', 'dataset_produces_2', 'conditional_dataset_and_time_based_timetable' retrieved from /home/kim/airflow_tutorial/py_env/lib/python3.10/site-packages/airflow/example_dags/example_datasets.py
[2025-04-18T12:03:14.964+0900] {logging_mixin.py:190} INFO - [2025-04-18T12:03:14.963+0900] {override.py:1912} INFO - Created Permission View: can read on DAG:dataset_produces_1
[2025-04-18T12:03:14.972+0900] {logging_mixin.py:190} INFO - [2025-04-18T12:03:14.972+0900] {override.py:1912} INFO - Created Permission View: can edit on DAG:dataset_produces_1
[2025-04-18T12:03:14.980+0900] {logging_mixin.py:190} INFO - [2025-04-18T12:03:14.979+0900] {override.py:1912} INFO - Created Permission View: can delete on DAG:dataset_produces_1
[2025-04-18T12:03:14.988+0900] {logging_mixin.py:190} INFO - [2025-04-18T12:03:14.988+0900] {override.py:1912} INFO - Created Permission View: can read on DAG Run:dataset_produces_1
[2025-04-18T12:03:14.995+0900] {logging_mixin.py:190} INFO - [2025-04-18T12:03:14.994+0900] {override.py:1912} INFO - Created Permission View: can create on DAG Run:dataset_produces_1
[2025-04-18T12:03:15.002+0900] {logging_mixin.py:190} INFO - [2025-04-18T12:03:15.002+0900] {override.py:1912} INFO - Created Permission View: menu access on DAG Run:dataset_produces_1
[2025-04-18T12:03:15.009+0900] {logging_mixin.py:190} INFO - [2025-04-18T12:03:15.009+0900] {override.py:1912} INFO - Created Permission View: can delete on DAG Run:dataset_produces_1
[2025-04-18T12:03:15.023+0900] {logging_mixin.py:190} INFO - [2025-04-18T12:03:15.022+0900] {override.py:1912} INFO - Created Permission View: can read on DAG:consume_1_and_2_with_dataset_expressions
[2025-04-18T12:03:15.029+0900] {logging_mixin.py:190} INFO - [2025-04-18T12:03:15.029+0900] {override.py:1912} INFO - Created Permission View: can edit on DAG:consume_1_and_2_with_dataset_expressions
[2025-04-18T12:03:15.036+0900] {logging_mixin.py:190} INFO - [2025-04-18T12:03:15.036+0900] {override.py:1912} INFO - Created Permission View: can delete on DAG:consume_1_and_2_with_dataset_expressions
[2025-04-18T12:03:15.044+0900] {logging_mixin.py:190} INFO - [2025-04-18T12:03:15.044+0900] {override.py:1912} INFO - Created Permission View: can read on DAG Run:consume_1_and_2_with_dataset_expressions
[2025-04-18T12:03:15.051+0900] {logging_mixin.py:190} INFO - [2025-04-18T12:03:15.050+0900] {override.py:1912} INFO - Created Permission View: can create on DAG Run:consume_1_and_2_with_dataset_expressions
[2025-04-18T12:03:15.057+0900] {logging_mixin.py:190} INFO - [2025-04-18T12:03:15.057+0900] {override.py:1912} INFO - Created Permission View: menu access on DAG Run:consume_1_and_2_with_dataset_expressions
[2025-04-18T12:03:15.064+0900] {logging_mixin.py:190} INFO - [2025-04-18T12:03:15.064+0900] {override.py:1912} INFO - Created Permission View: can delete on DAG Run:consume_1_and_2_with_dataset_expressions
[2025-04-18T12:03:15.077+0900] {logging_mixin.py:190} INFO - [2025-04-18T12:03:15.076+0900] {override.py:1912} INFO - Created Permission View: can read on DAG:dataset_consumes_1_and_2
[2025-04-18T12:03:15.083+0900] {logging_mixin.py:190} INFO - [2025-04-18T12:03:15.083+0900] {override.py:1912} INFO - Created Permission View: can edit on DAG:dataset_consumes_1_and_2
[2025-04-18T12:03:15.090+0900] {logging_mixin.py:190} INFO - [2025-04-18T12:03:15.090+0900] {override.py:1912} INFO - Created Permission View: can delete on DAG:dataset_consumes_1_and_2
[2025-04-18T12:03:15.098+0900] {logging_mixin.py:190} INFO - [2025-04-18T12:03:15.098+0900] {override.py:1912} INFO - Created Permission View: can read on DAG Run:dataset_consumes_1_and_2
[2025-04-18T12:03:15.105+0900] {logging_mixin.py:190} INFO - [2025-04-18T12:03:15.105+0900] {override.py:1912} INFO - Created Permission View: can create on DAG Run:dataset_consumes_1_and_2
[2025-04-18T12:03:15.112+0900] {logging_mixin.py:190} INFO - [2025-04-18T12:03:15.112+0900] {override.py:1912} INFO - Created Permission View: menu access on DAG Run:dataset_consumes_1_and_2
[2025-04-18T12:03:15.120+0900] {logging_mixin.py:190} INFO - [2025-04-18T12:03:15.120+0900] {override.py:1912} INFO - Created Permission View: can delete on DAG Run:dataset_consumes_1_and_2
[2025-04-18T12:03:15.134+0900] {logging_mixin.py:190} INFO - [2025-04-18T12:03:15.133+0900] {override.py:1912} INFO - Created Permission View: can read on DAG:dataset_consumes_1
[2025-04-18T12:03:15.142+0900] {logging_mixin.py:190} INFO - [2025-04-18T12:03:15.142+0900] {override.py:1912} INFO - Created Permission View: can edit on DAG:dataset_consumes_1
[2025-04-18T12:03:15.149+0900] {logging_mixin.py:190} INFO - [2025-04-18T12:03:15.148+0900] {override.py:1912} INFO - Created Permission View: can delete on DAG:dataset_consumes_1
[2025-04-18T12:03:15.157+0900] {logging_mixin.py:190} INFO - [2025-04-18T12:03:15.157+0900] {override.py:1912} INFO - Created Permission View: can read on DAG Run:dataset_consumes_1
[2025-04-18T12:03:15.164+0900] {logging_mixin.py:190} INFO - [2025-04-18T12:03:15.164+0900] {override.py:1912} INFO - Created Permission View: can create on DAG Run:dataset_consumes_1
[2025-04-18T12:03:15.170+0900] {logging_mixin.py:190} INFO - [2025-04-18T12:03:15.170+0900] {override.py:1912} INFO - Created Permission View: menu access on DAG Run:dataset_consumes_1
[2025-04-18T12:03:15.177+0900] {logging_mixin.py:190} INFO - [2025-04-18T12:03:15.177+0900] {override.py:1912} INFO - Created Permission View: can delete on DAG Run:dataset_consumes_1
[2025-04-18T12:03:15.189+0900] {logging_mixin.py:190} INFO - [2025-04-18T12:03:15.189+0900] {override.py:1912} INFO - Created Permission View: can read on DAG:dataset_consumes_1_never_scheduled
[2025-04-18T12:03:15.196+0900] {logging_mixin.py:190} INFO - [2025-04-18T12:03:15.196+0900] {override.py:1912} INFO - Created Permission View: can edit on DAG:dataset_consumes_1_never_scheduled
[2025-04-18T12:03:15.202+0900] {logging_mixin.py:190} INFO - [2025-04-18T12:03:15.202+0900] {override.py:1912} INFO - Created Permission View: can delete on DAG:dataset_consumes_1_never_scheduled
[2025-04-18T12:03:15.210+0900] {logging_mixin.py:190} INFO - [2025-04-18T12:03:15.210+0900] {override.py:1912} INFO - Created Permission View: can read on DAG Run:dataset_consumes_1_never_scheduled
[2025-04-18T12:03:15.216+0900] {logging_mixin.py:190} INFO - [2025-04-18T12:03:15.216+0900] {override.py:1912} INFO - Created Permission View: can create on DAG Run:dataset_consumes_1_never_scheduled
[2025-04-18T12:03:15.223+0900] {logging_mixin.py:190} INFO - [2025-04-18T12:03:15.223+0900] {override.py:1912} INFO - Created Permission View: menu access on DAG Run:dataset_consumes_1_never_scheduled
[2025-04-18T12:03:15.230+0900] {logging_mixin.py:190} INFO - [2025-04-18T12:03:15.229+0900] {override.py:1912} INFO - Created Permission View: can delete on DAG Run:dataset_consumes_1_never_scheduled
[2025-04-18T12:03:15.242+0900] {logging_mixin.py:190} INFO - [2025-04-18T12:03:15.242+0900] {override.py:1912} INFO - Created Permission View: can read on DAG:consume_1_or_2_with_dataset_expressions
[2025-04-18T12:03:15.248+0900] {logging_mixin.py:190} INFO - [2025-04-18T12:03:15.248+0900] {override.py:1912} INFO - Created Permission View: can edit on DAG:consume_1_or_2_with_dataset_expressions
[2025-04-18T12:03:15.254+0900] {logging_mixin.py:190} INFO - [2025-04-18T12:03:15.254+0900] {override.py:1912} INFO - Created Permission View: can delete on DAG:consume_1_or_2_with_dataset_expressions
[2025-04-18T12:03:15.262+0900] {logging_mixin.py:190} INFO - [2025-04-18T12:03:15.262+0900] {override.py:1912} INFO - Created Permission View: can read on DAG Run:consume_1_or_2_with_dataset_expressions
[2025-04-18T12:03:15.269+0900] {logging_mixin.py:190} INFO - [2025-04-18T12:03:15.269+0900] {override.py:1912} INFO - Created Permission View: can create on DAG Run:consume_1_or_2_with_dataset_expressions
[2025-04-18T12:03:15.275+0900] {logging_mixin.py:190} INFO - [2025-04-18T12:03:15.275+0900] {override.py:1912} INFO - Created Permission View: menu access on DAG Run:consume_1_or_2_with_dataset_expressions
[2025-04-18T12:03:15.282+0900] {logging_mixin.py:190} INFO - [2025-04-18T12:03:15.282+0900] {override.py:1912} INFO - Created Permission View: can delete on DAG Run:consume_1_or_2_with_dataset_expressions
[2025-04-18T12:03:15.295+0900] {logging_mixin.py:190} INFO - [2025-04-18T12:03:15.295+0900] {override.py:1912} INFO - Created Permission View: can read on DAG:consume_1_or_both_2_and_3_with_dataset_expressions
[2025-04-18T12:03:15.301+0900] {logging_mixin.py:190} INFO - [2025-04-18T12:03:15.301+0900] {override.py:1912} INFO - Created Permission View: can edit on DAG:consume_1_or_both_2_and_3_with_dataset_expressions
[2025-04-18T12:03:15.308+0900] {logging_mixin.py:190} INFO - [2025-04-18T12:03:15.308+0900] {override.py:1912} INFO - Created Permission View: can delete on DAG:consume_1_or_both_2_and_3_with_dataset_expressions
[2025-04-18T12:03:15.316+0900] {logging_mixin.py:190} INFO - [2025-04-18T12:03:15.316+0900] {override.py:1912} INFO - Created Permission View: can read on DAG Run:consume_1_or_both_2_and_3_with_dataset_expressions
[2025-04-18T12:03:15.323+0900] {logging_mixin.py:190} INFO - [2025-04-18T12:03:15.323+0900] {override.py:1912} INFO - Created Permission View: can create on DAG Run:consume_1_or_both_2_and_3_with_dataset_expressions
[2025-04-18T12:03:15.329+0900] {logging_mixin.py:190} INFO - [2025-04-18T12:03:15.329+0900] {override.py:1912} INFO - Created Permission View: menu access on DAG Run:consume_1_or_both_2_and_3_with_dataset_expressions
[2025-04-18T12:03:15.337+0900] {logging_mixin.py:190} INFO - [2025-04-18T12:03:15.337+0900] {override.py:1912} INFO - Created Permission View: can delete on DAG Run:consume_1_or_both_2_and_3_with_dataset_expressions
[2025-04-18T12:03:15.350+0900] {logging_mixin.py:190} INFO - [2025-04-18T12:03:15.349+0900] {override.py:1912} INFO - Created Permission View: can read on DAG:dataset_consumes_unknown_never_scheduled
[2025-04-18T12:03:15.357+0900] {logging_mixin.py:190} INFO - [2025-04-18T12:03:15.357+0900] {override.py:1912} INFO - Created Permission View: can edit on DAG:dataset_consumes_unknown_never_scheduled
[2025-04-18T12:03:15.365+0900] {logging_mixin.py:190} INFO - [2025-04-18T12:03:15.365+0900] {override.py:1912} INFO - Created Permission View: can delete on DAG:dataset_consumes_unknown_never_scheduled
[2025-04-18T12:03:15.376+0900] {logging_mixin.py:190} INFO - [2025-04-18T12:03:15.375+0900] {override.py:1912} INFO - Created Permission View: can read on DAG Run:dataset_consumes_unknown_never_scheduled
[2025-04-18T12:03:15.384+0900] {logging_mixin.py:190} INFO - [2025-04-18T12:03:15.384+0900] {override.py:1912} INFO - Created Permission View: can create on DAG Run:dataset_consumes_unknown_never_scheduled
[2025-04-18T12:03:15.393+0900] {logging_mixin.py:190} INFO - [2025-04-18T12:03:15.393+0900] {override.py:1912} INFO - Created Permission View: menu access on DAG Run:dataset_consumes_unknown_never_scheduled
[2025-04-18T12:03:15.403+0900] {logging_mixin.py:190} INFO - [2025-04-18T12:03:15.402+0900] {override.py:1912} INFO - Created Permission View: can delete on DAG Run:dataset_consumes_unknown_never_scheduled
[2025-04-18T12:03:15.422+0900] {logging_mixin.py:190} INFO - [2025-04-18T12:03:15.421+0900] {override.py:1912} INFO - Created Permission View: can read on DAG:dataset_produces_2
[2025-04-18T12:03:15.442+0900] {logging_mixin.py:190} INFO - [2025-04-18T12:03:15.442+0900] {override.py:1912} INFO - Created Permission View: can edit on DAG:dataset_produces_2
[2025-04-18T12:03:15.455+0900] {logging_mixin.py:190} INFO - [2025-04-18T12:03:15.454+0900] {override.py:1912} INFO - Created Permission View: can delete on DAG:dataset_produces_2
[2025-04-18T12:03:15.471+0900] {logging_mixin.py:190} INFO - [2025-04-18T12:03:15.470+0900] {override.py:1912} INFO - Created Permission View: can read on DAG Run:dataset_produces_2
[2025-04-18T12:03:15.483+0900] {logging_mixin.py:190} INFO - [2025-04-18T12:03:15.483+0900] {override.py:1912} INFO - Created Permission View: can create on DAG Run:dataset_produces_2
[2025-04-18T12:03:15.494+0900] {logging_mixin.py:190} INFO - [2025-04-18T12:03:15.494+0900] {override.py:1912} INFO - Created Permission View: menu access on DAG Run:dataset_produces_2
[2025-04-18T12:03:15.507+0900] {logging_mixin.py:190} INFO - [2025-04-18T12:03:15.506+0900] {override.py:1912} INFO - Created Permission View: can delete on DAG Run:dataset_produces_2
[2025-04-18T12:03:15.525+0900] {logging_mixin.py:190} INFO - [2025-04-18T12:03:15.525+0900] {override.py:1912} INFO - Created Permission View: can read on DAG:conditional_dataset_and_time_based_timetable
[2025-04-18T12:03:15.535+0900] {logging_mixin.py:190} INFO - [2025-04-18T12:03:15.535+0900] {override.py:1912} INFO - Created Permission View: can edit on DAG:conditional_dataset_and_time_based_timetable
[2025-04-18T12:03:15.547+0900] {logging_mixin.py:190} INFO - [2025-04-18T12:03:15.547+0900] {override.py:1912} INFO - Created Permission View: can delete on DAG:conditional_dataset_and_time_based_timetable
[2025-04-18T12:03:15.560+0900] {logging_mixin.py:190} INFO - [2025-04-18T12:03:15.560+0900] {override.py:1912} INFO - Created Permission View: can read on DAG Run:conditional_dataset_and_time_based_timetable
[2025-04-18T12:03:15.571+0900] {logging_mixin.py:190} INFO - [2025-04-18T12:03:15.570+0900] {override.py:1912} INFO - Created Permission View: can create on DAG Run:conditional_dataset_and_time_based_timetable
[2025-04-18T12:03:15.581+0900] {logging_mixin.py:190} INFO - [2025-04-18T12:03:15.581+0900] {override.py:1912} INFO - Created Permission View: menu access on DAG Run:conditional_dataset_and_time_based_timetable
[2025-04-18T12:03:15.592+0900] {logging_mixin.py:190} INFO - [2025-04-18T12:03:15.592+0900] {override.py:1912} INFO - Created Permission View: can delete on DAG Run:conditional_dataset_and_time_based_timetable
[2025-04-18T12:03:15.592+0900] {logging_mixin.py:190} INFO - [2025-04-18T12:03:15.592+0900] {dag.py:3239} INFO - Sync 10 DAGs
[2025-04-18T12:03:15.604+0900] {logging_mixin.py:190} INFO - [2025-04-18T12:03:15.604+0900] {dag.py:3262} INFO - Creating ORM DAG for dataset_consumes_1_and_2
[2025-04-18T12:03:15.604+0900] {logging_mixin.py:190} INFO - [2025-04-18T12:03:15.604+0900] {dag.py:3262} INFO - Creating ORM DAG for dataset_consumes_unknown_never_scheduled
[2025-04-18T12:03:15.605+0900] {logging_mixin.py:190} INFO - [2025-04-18T12:03:15.605+0900] {dag.py:3262} INFO - Creating ORM DAG for dataset_produces_1
[2025-04-18T12:03:15.606+0900] {logging_mixin.py:190} INFO - [2025-04-18T12:03:15.605+0900] {dag.py:3262} INFO - Creating ORM DAG for dataset_consumes_1
[2025-04-18T12:03:15.606+0900] {logging_mixin.py:190} INFO - [2025-04-18T12:03:15.606+0900] {dag.py:3262} INFO - Creating ORM DAG for consume_1_or_both_2_and_3_with_dataset_expressions
[2025-04-18T12:03:15.607+0900] {logging_mixin.py:190} INFO - [2025-04-18T12:03:15.606+0900] {dag.py:3262} INFO - Creating ORM DAG for consume_1_or_2_with_dataset_expressions
[2025-04-18T12:03:15.607+0900] {logging_mixin.py:190} INFO - [2025-04-18T12:03:15.607+0900] {dag.py:3262} INFO - Creating ORM DAG for conditional_dataset_and_time_based_timetable
[2025-04-18T12:03:15.607+0900] {logging_mixin.py:190} INFO - [2025-04-18T12:03:15.607+0900] {dag.py:3262} INFO - Creating ORM DAG for dataset_consumes_1_never_scheduled
[2025-04-18T12:03:15.608+0900] {logging_mixin.py:190} INFO - [2025-04-18T12:03:15.608+0900] {dag.py:3262} INFO - Creating ORM DAG for dataset_produces_2
[2025-04-18T12:03:15.608+0900] {logging_mixin.py:190} INFO - [2025-04-18T12:03:15.608+0900] {dag.py:3262} INFO - Creating ORM DAG for consume_1_and_2_with_dataset_expressions
[2025-04-18T12:03:15.618+0900] {logging_mixin.py:190} INFO - [2025-04-18T12:03:15.618+0900] {dag.py:4180} INFO - Setting next_dagrun for conditional_dataset_and_time_based_timetable to 2025-04-16 01:00:00+00:00, run_after=2025-04-16 01:00:00+00:00
[2025-04-18T12:03:15.619+0900] {logging_mixin.py:190} INFO - [2025-04-18T12:03:15.619+0900] {dag.py:4180} INFO - Setting next_dagrun for consume_1_and_2_with_dataset_expressions to None, run_after=None
[2025-04-18T12:03:15.619+0900] {logging_mixin.py:190} INFO - [2025-04-18T12:03:15.619+0900] {dag.py:4180} INFO - Setting next_dagrun for consume_1_or_2_with_dataset_expressions to None, run_after=None
[2025-04-18T12:03:15.619+0900] {logging_mixin.py:190} INFO - [2025-04-18T12:03:15.619+0900] {dag.py:4180} INFO - Setting next_dagrun for consume_1_or_both_2_and_3_with_dataset_expressions to None, run_after=None
[2025-04-18T12:03:15.619+0900] {logging_mixin.py:190} INFO - [2025-04-18T12:03:15.619+0900] {dag.py:4180} INFO - Setting next_dagrun for dataset_consumes_1 to None, run_after=None
[2025-04-18T12:03:15.620+0900] {logging_mixin.py:190} INFO - [2025-04-18T12:03:15.620+0900] {dag.py:4180} INFO - Setting next_dagrun for dataset_consumes_1_and_2 to None, run_after=None
[2025-04-18T12:03:15.620+0900] {logging_mixin.py:190} INFO - [2025-04-18T12:03:15.620+0900] {dag.py:4180} INFO - Setting next_dagrun for dataset_consumes_1_never_scheduled to None, run_after=None
[2025-04-18T12:03:15.621+0900] {logging_mixin.py:190} INFO - [2025-04-18T12:03:15.621+0900] {dag.py:4180} INFO - Setting next_dagrun for dataset_consumes_unknown_never_scheduled to None, run_after=None
[2025-04-18T12:03:15.622+0900] {logging_mixin.py:190} INFO - [2025-04-18T12:03:15.622+0900] {dag.py:4180} INFO - Setting next_dagrun for dataset_produces_1 to 2025-04-17 00:00:00+00:00, run_after=2025-04-18 00:00:00+00:00
[2025-04-18T12:03:15.622+0900] {logging_mixin.py:190} INFO - [2025-04-18T12:03:15.622+0900] {dag.py:4180} INFO - Setting next_dagrun for dataset_produces_2 to None, run_after=None
[2025-04-18T12:03:15.681+0900] {processor.py:208} INFO - Processing /home/kim/airflow_tutorial/py_env/lib/python3.10/site-packages/airflow/example_dags/example_datasets.py took 0.814 seconds
[2025-04-18T12:05:20.377+0900] {processor.py:186} INFO - Started process (PID=653756) to work on /home/kim/airflow_tutorial/py_env/lib/python3.10/site-packages/airflow/example_dags/example_datasets.py
[2025-04-18T12:05:20.378+0900] {processor.py:914} INFO - Processing file /home/kim/airflow_tutorial/py_env/lib/python3.10/site-packages/airflow/example_dags/example_datasets.py for tasks to queue
[2025-04-18T12:05:20.380+0900] {logging_mixin.py:190} INFO - [2025-04-18T12:05:20.380+0900] {dagbag.py:588} INFO - Filling up the DagBag from /home/kim/airflow_tutorial/py_env/lib/python3.10/site-packages/airflow/example_dags/example_datasets.py
[2025-04-18T12:05:20.392+0900] {processor.py:925} INFO - DAG(s) 'consume_1_or_2_with_dataset_expressions', 'conditional_dataset_and_time_based_timetable', 'dataset_consumes_1_and_2', 'dataset_consumes_unknown_never_scheduled', 'consume_1_or_both_2_and_3_with_dataset_expressions', 'dataset_consumes_1', 'dataset_produces_1', 'dataset_consumes_1_never_scheduled', 'consume_1_and_2_with_dataset_expressions', 'dataset_produces_2' retrieved from /home/kim/airflow_tutorial/py_env/lib/python3.10/site-packages/airflow/example_dags/example_datasets.py
[2025-04-18T12:05:20.432+0900] {logging_mixin.py:190} INFO - [2025-04-18T12:05:20.432+0900] {dag.py:3239} INFO - Sync 10 DAGs
[2025-04-18T12:05:20.452+0900] {logging_mixin.py:190} INFO - [2025-04-18T12:05:20.452+0900] {dag.py:4180} INFO - Setting next_dagrun for conditional_dataset_and_time_based_timetable to 2025-04-16 01:00:00+00:00, run_after=2025-04-16 01:00:00+00:00
[2025-04-18T12:05:20.455+0900] {logging_mixin.py:190} INFO - [2025-04-18T12:05:20.455+0900] {dag.py:4180} INFO - Setting next_dagrun for consume_1_and_2_with_dataset_expressions to None, run_after=None
[2025-04-18T12:05:20.457+0900] {logging_mixin.py:190} INFO - [2025-04-18T12:05:20.457+0900] {dag.py:4180} INFO - Setting next_dagrun for consume_1_or_2_with_dataset_expressions to None, run_after=None
[2025-04-18T12:05:20.458+0900] {logging_mixin.py:190} INFO - [2025-04-18T12:05:20.458+0900] {dag.py:4180} INFO - Setting next_dagrun for consume_1_or_both_2_and_3_with_dataset_expressions to None, run_after=None
[2025-04-18T12:05:20.459+0900] {logging_mixin.py:190} INFO - [2025-04-18T12:05:20.459+0900] {dag.py:4180} INFO - Setting next_dagrun for dataset_consumes_1 to None, run_after=None
[2025-04-18T12:05:20.460+0900] {logging_mixin.py:190} INFO - [2025-04-18T12:05:20.460+0900] {dag.py:4180} INFO - Setting next_dagrun for dataset_consumes_1_and_2 to None, run_after=None
[2025-04-18T12:05:20.461+0900] {logging_mixin.py:190} INFO - [2025-04-18T12:05:20.461+0900] {dag.py:4180} INFO - Setting next_dagrun for dataset_consumes_1_never_scheduled to None, run_after=None
[2025-04-18T12:05:20.462+0900] {logging_mixin.py:190} INFO - [2025-04-18T12:05:20.462+0900] {dag.py:4180} INFO - Setting next_dagrun for dataset_consumes_unknown_never_scheduled to None, run_after=None
[2025-04-18T12:05:20.464+0900] {logging_mixin.py:190} INFO - [2025-04-18T12:05:20.464+0900] {dag.py:4180} INFO - Setting next_dagrun for dataset_produces_1 to 2025-04-17 00:00:00+00:00, run_after=2025-04-18 00:00:00+00:00
[2025-04-18T12:05:20.465+0900] {logging_mixin.py:190} INFO - [2025-04-18T12:05:20.465+0900] {dag.py:4180} INFO - Setting next_dagrun for dataset_produces_2 to None, run_after=None
[2025-04-18T12:05:20.502+0900] {processor.py:208} INFO - Processing /home/kim/airflow_tutorial/py_env/lib/python3.10/site-packages/airflow/example_dags/example_datasets.py took 0.130 seconds
[2025-04-18T12:05:51.258+0900] {processor.py:186} INFO - Started process (PID=654232) to work on /home/kim/airflow_tutorial/py_env/lib/python3.10/site-packages/airflow/example_dags/example_datasets.py
[2025-04-18T12:05:51.259+0900] {processor.py:914} INFO - Processing file /home/kim/airflow_tutorial/py_env/lib/python3.10/site-packages/airflow/example_dags/example_datasets.py for tasks to queue
[2025-04-18T12:05:51.261+0900] {logging_mixin.py:190} INFO - [2025-04-18T12:05:51.260+0900] {dagbag.py:588} INFO - Filling up the DagBag from /home/kim/airflow_tutorial/py_env/lib/python3.10/site-packages/airflow/example_dags/example_datasets.py
[2025-04-18T12:05:51.275+0900] {processor.py:925} INFO - DAG(s) 'dataset_consumes_unknown_never_scheduled', 'consume_1_or_both_2_and_3_with_dataset_expressions', 'dataset_consumes_1_and_2', 'conditional_dataset_and_time_based_timetable', 'dataset_produces_1', 'dataset_consumes_1', 'consume_1_and_2_with_dataset_expressions', 'dataset_produces_2', 'consume_1_or_2_with_dataset_expressions', 'dataset_consumes_1_never_scheduled' retrieved from /home/kim/airflow_tutorial/py_env/lib/python3.10/site-packages/airflow/example_dags/example_datasets.py
[2025-04-18T12:05:51.326+0900] {logging_mixin.py:190} INFO - [2025-04-18T12:05:51.326+0900] {dag.py:3239} INFO - Sync 10 DAGs
[2025-04-18T12:05:51.349+0900] {logging_mixin.py:190} INFO - [2025-04-18T12:05:51.349+0900] {dag.py:4180} INFO - Setting next_dagrun for conditional_dataset_and_time_based_timetable to 2025-04-16 01:00:00+00:00, run_after=2025-04-16 01:00:00+00:00
[2025-04-18T12:05:51.352+0900] {logging_mixin.py:190} INFO - [2025-04-18T12:05:51.352+0900] {dag.py:4180} INFO - Setting next_dagrun for consume_1_and_2_with_dataset_expressions to None, run_after=None
[2025-04-18T12:05:51.354+0900] {logging_mixin.py:190} INFO - [2025-04-18T12:05:51.354+0900] {dag.py:4180} INFO - Setting next_dagrun for consume_1_or_2_with_dataset_expressions to None, run_after=None
[2025-04-18T12:05:51.355+0900] {logging_mixin.py:190} INFO - [2025-04-18T12:05:51.355+0900] {dag.py:4180} INFO - Setting next_dagrun for consume_1_or_both_2_and_3_with_dataset_expressions to None, run_after=None
[2025-04-18T12:05:51.356+0900] {logging_mixin.py:190} INFO - [2025-04-18T12:05:51.356+0900] {dag.py:4180} INFO - Setting next_dagrun for dataset_consumes_1 to None, run_after=None
[2025-04-18T12:05:51.358+0900] {logging_mixin.py:190} INFO - [2025-04-18T12:05:51.357+0900] {dag.py:4180} INFO - Setting next_dagrun for dataset_consumes_1_and_2 to None, run_after=None
[2025-04-18T12:05:51.359+0900] {logging_mixin.py:190} INFO - [2025-04-18T12:05:51.359+0900] {dag.py:4180} INFO - Setting next_dagrun for dataset_consumes_1_never_scheduled to None, run_after=None
[2025-04-18T12:05:51.360+0900] {logging_mixin.py:190} INFO - [2025-04-18T12:05:51.360+0900] {dag.py:4180} INFO - Setting next_dagrun for dataset_consumes_unknown_never_scheduled to None, run_after=None
[2025-04-18T12:05:51.362+0900] {logging_mixin.py:190} INFO - [2025-04-18T12:05:51.362+0900] {dag.py:4180} INFO - Setting next_dagrun for dataset_produces_1 to 2025-04-17 00:00:00+00:00, run_after=2025-04-18 00:00:00+00:00
[2025-04-18T12:05:51.364+0900] {logging_mixin.py:190} INFO - [2025-04-18T12:05:51.363+0900] {dag.py:4180} INFO - Setting next_dagrun for dataset_produces_2 to None, run_after=None
[2025-04-18T12:05:51.405+0900] {processor.py:208} INFO - Processing /home/kim/airflow_tutorial/py_env/lib/python3.10/site-packages/airflow/example_dags/example_datasets.py took 0.152 seconds
[2025-04-18T12:06:21.801+0900] {processor.py:186} INFO - Started process (PID=654617) to work on /home/kim/airflow_tutorial/py_env/lib/python3.10/site-packages/airflow/example_dags/example_datasets.py
[2025-04-18T12:06:21.802+0900] {processor.py:914} INFO - Processing file /home/kim/airflow_tutorial/py_env/lib/python3.10/site-packages/airflow/example_dags/example_datasets.py for tasks to queue
[2025-04-18T12:06:21.804+0900] {logging_mixin.py:190} INFO - [2025-04-18T12:06:21.804+0900] {dagbag.py:588} INFO - Filling up the DagBag from /home/kim/airflow_tutorial/py_env/lib/python3.10/site-packages/airflow/example_dags/example_datasets.py
[2025-04-18T12:06:21.820+0900] {processor.py:925} INFO - DAG(s) 'dataset_consumes_1', 'dataset_consumes_1_and_2', 'dataset_produces_1', 'consume_1_or_both_2_and_3_with_dataset_expressions', 'conditional_dataset_and_time_based_timetable', 'dataset_consumes_unknown_never_scheduled', 'dataset_produces_2', 'consume_1_or_2_with_dataset_expressions', 'consume_1_and_2_with_dataset_expressions', 'dataset_consumes_1_never_scheduled' retrieved from /home/kim/airflow_tutorial/py_env/lib/python3.10/site-packages/airflow/example_dags/example_datasets.py
[2025-04-18T12:06:21.874+0900] {logging_mixin.py:190} INFO - [2025-04-18T12:06:21.874+0900] {dag.py:3239} INFO - Sync 10 DAGs
[2025-04-18T12:06:21.899+0900] {logging_mixin.py:190} INFO - [2025-04-18T12:06:21.899+0900] {dag.py:4180} INFO - Setting next_dagrun for conditional_dataset_and_time_based_timetable to 2025-04-16 01:00:00+00:00, run_after=2025-04-16 01:00:00+00:00
[2025-04-18T12:06:21.903+0900] {logging_mixin.py:190} INFO - [2025-04-18T12:06:21.903+0900] {dag.py:4180} INFO - Setting next_dagrun for consume_1_and_2_with_dataset_expressions to None, run_after=None
[2025-04-18T12:06:21.905+0900] {logging_mixin.py:190} INFO - [2025-04-18T12:06:21.905+0900] {dag.py:4180} INFO - Setting next_dagrun for consume_1_or_2_with_dataset_expressions to None, run_after=None
[2025-04-18T12:06:21.906+0900] {logging_mixin.py:190} INFO - [2025-04-18T12:06:21.906+0900] {dag.py:4180} INFO - Setting next_dagrun for consume_1_or_both_2_and_3_with_dataset_expressions to None, run_after=None
[2025-04-18T12:06:21.908+0900] {logging_mixin.py:190} INFO - [2025-04-18T12:06:21.908+0900] {dag.py:4180} INFO - Setting next_dagrun for dataset_consumes_1 to None, run_after=None
[2025-04-18T12:06:21.909+0900] {logging_mixin.py:190} INFO - [2025-04-18T12:06:21.909+0900] {dag.py:4180} INFO - Setting next_dagrun for dataset_consumes_1_and_2 to None, run_after=None
[2025-04-18T12:06:21.911+0900] {logging_mixin.py:190} INFO - [2025-04-18T12:06:21.911+0900] {dag.py:4180} INFO - Setting next_dagrun for dataset_consumes_1_never_scheduled to None, run_after=None
[2025-04-18T12:06:21.912+0900] {logging_mixin.py:190} INFO - [2025-04-18T12:06:21.912+0900] {dag.py:4180} INFO - Setting next_dagrun for dataset_consumes_unknown_never_scheduled to None, run_after=None
[2025-04-18T12:06:21.915+0900] {logging_mixin.py:190} INFO - [2025-04-18T12:06:21.915+0900] {dag.py:4180} INFO - Setting next_dagrun for dataset_produces_1 to 2025-04-17 00:00:00+00:00, run_after=2025-04-18 00:00:00+00:00
[2025-04-18T12:06:21.916+0900] {logging_mixin.py:190} INFO - [2025-04-18T12:06:21.916+0900] {dag.py:4180} INFO - Setting next_dagrun for dataset_produces_2 to None, run_after=None
[2025-04-18T12:06:21.962+0900] {processor.py:208} INFO - Processing /home/kim/airflow_tutorial/py_env/lib/python3.10/site-packages/airflow/example_dags/example_datasets.py took 0.167 seconds
