[2025-04-18T11:13:24.230+0900] {processor.py:186} INFO - Started process (PID=637825) to work on /home/kim/airflow_tutorial/py_env/lib/python3.10/site-packages/airflow/example_dags/example_trigger_controller_dag.py
[2025-04-18T11:13:24.231+0900] {processor.py:914} INFO - Processing file /home/kim/airflow_tutorial/py_env/lib/python3.10/site-packages/airflow/example_dags/example_trigger_controller_dag.py for tasks to queue
[2025-04-18T11:13:24.232+0900] {logging_mixin.py:190} INFO - [2025-04-18T11:13:24.232+0900] {dagbag.py:588} INFO - Filling up the DagBag from /home/kim/airflow_tutorial/py_env/lib/python3.10/site-packages/airflow/example_dags/example_trigger_controller_dag.py
[2025-04-18T11:13:24.239+0900] {processor.py:925} INFO - DAG(s) 'example_trigger_controller_dag' retrieved from /home/kim/airflow_tutorial/py_env/lib/python3.10/site-packages/airflow/example_dags/example_trigger_controller_dag.py
[2025-04-18T11:13:24.430+0900] {logging_mixin.py:190} INFO - [2025-04-18T11:13:24.429+0900] {override.py:1912} INFO - Created Permission View: can delete on DAG:example_trigger_controller_dag
[2025-04-18T11:13:24.446+0900] {logging_mixin.py:190} INFO - [2025-04-18T11:13:24.446+0900] {override.py:1912} INFO - Created Permission View: can edit on DAG:example_trigger_controller_dag
[2025-04-18T11:13:24.460+0900] {logging_mixin.py:190} INFO - [2025-04-18T11:13:24.460+0900] {override.py:1912} INFO - Created Permission View: can read on DAG:example_trigger_controller_dag
[2025-04-18T11:13:24.482+0900] {logging_mixin.py:190} INFO - [2025-04-18T11:13:24.481+0900] {override.py:1912} INFO - Created Permission View: can delete on DAG Run:example_trigger_controller_dag
[2025-04-18T11:13:24.490+0900] {logging_mixin.py:190} INFO - [2025-04-18T11:13:24.490+0900] {override.py:1912} INFO - Created Permission View: can create on DAG Run:example_trigger_controller_dag
[2025-04-18T11:13:24.499+0900] {logging_mixin.py:190} INFO - [2025-04-18T11:13:24.499+0900] {override.py:1912} INFO - Created Permission View: menu access on DAG Run:example_trigger_controller_dag
[2025-04-18T11:13:24.508+0900] {logging_mixin.py:190} INFO - [2025-04-18T11:13:24.507+0900] {override.py:1912} INFO - Created Permission View: can read on DAG Run:example_trigger_controller_dag
[2025-04-18T11:13:24.509+0900] {logging_mixin.py:190} INFO - [2025-04-18T11:13:24.508+0900] {dag.py:3239} INFO - Sync 1 DAGs
[2025-04-18T11:13:24.518+0900] {logging_mixin.py:190} INFO - [2025-04-18T11:13:24.518+0900] {dag.py:3262} INFO - Creating ORM DAG for example_trigger_controller_dag
[2025-04-18T11:13:24.526+0900] {logging_mixin.py:190} INFO - [2025-04-18T11:13:24.526+0900] {dag.py:4180} INFO - Setting next_dagrun for example_trigger_controller_dag to 2021-01-01 00:00:00+00:00, run_after=2021-01-01 00:00:00+00:00
[2025-04-18T11:13:24.545+0900] {processor.py:208} INFO - Processing /home/kim/airflow_tutorial/py_env/lib/python3.10/site-packages/airflow/example_dags/example_trigger_controller_dag.py took 0.319 seconds
[2025-04-18T11:14:28.987+0900] {processor.py:186} INFO - Started process (PID=638217) to work on /home/kim/airflow_tutorial/py_env/lib/python3.10/site-packages/airflow/example_dags/example_trigger_controller_dag.py
[2025-04-18T11:14:28.989+0900] {processor.py:914} INFO - Processing file /home/kim/airflow_tutorial/py_env/lib/python3.10/site-packages/airflow/example_dags/example_trigger_controller_dag.py for tasks to queue
[2025-04-18T11:14:28.991+0900] {logging_mixin.py:190} INFO - [2025-04-18T11:14:28.991+0900] {dagbag.py:588} INFO - Filling up the DagBag from /home/kim/airflow_tutorial/py_env/lib/python3.10/site-packages/airflow/example_dags/example_trigger_controller_dag.py
[2025-04-18T11:14:28.997+0900] {processor.py:925} INFO - DAG(s) 'example_trigger_controller_dag' retrieved from /home/kim/airflow_tutorial/py_env/lib/python3.10/site-packages/airflow/example_dags/example_trigger_controller_dag.py
[2025-04-18T11:14:29.008+0900] {logging_mixin.py:190} INFO - [2025-04-18T11:14:29.008+0900] {dag.py:3239} INFO - Sync 1 DAGs
[2025-04-18T11:14:29.022+0900] {logging_mixin.py:190} INFO - [2025-04-18T11:14:29.021+0900] {dag.py:4180} INFO - Setting next_dagrun for example_trigger_controller_dag to 2021-01-01 00:00:00+00:00, run_after=2021-01-01 00:00:00+00:00
[2025-04-18T11:14:29.036+0900] {processor.py:208} INFO - Processing /home/kim/airflow_tutorial/py_env/lib/python3.10/site-packages/airflow/example_dags/example_trigger_controller_dag.py took 0.053 seconds
[2025-04-18T11:15:25.421+0900] {processor.py:186} INFO - Started process (PID=638736) to work on /home/kim/airflow_tutorial/py_env/lib/python3.10/site-packages/airflow/example_dags/example_trigger_controller_dag.py
[2025-04-18T11:15:25.422+0900] {processor.py:914} INFO - Processing file /home/kim/airflow_tutorial/py_env/lib/python3.10/site-packages/airflow/example_dags/example_trigger_controller_dag.py for tasks to queue
[2025-04-18T11:15:25.425+0900] {logging_mixin.py:190} INFO - [2025-04-18T11:15:25.424+0900] {dagbag.py:588} INFO - Filling up the DagBag from /home/kim/airflow_tutorial/py_env/lib/python3.10/site-packages/airflow/example_dags/example_trigger_controller_dag.py
[2025-04-18T11:15:25.432+0900] {processor.py:925} INFO - DAG(s) 'example_trigger_controller_dag' retrieved from /home/kim/airflow_tutorial/py_env/lib/python3.10/site-packages/airflow/example_dags/example_trigger_controller_dag.py
[2025-04-18T11:15:25.447+0900] {logging_mixin.py:190} INFO - [2025-04-18T11:15:25.447+0900] {dag.py:3239} INFO - Sync 1 DAGs
[2025-04-18T11:15:25.464+0900] {logging_mixin.py:190} INFO - [2025-04-18T11:15:25.464+0900] {dag.py:4180} INFO - Setting next_dagrun for example_trigger_controller_dag to 2021-01-01 00:00:00+00:00, run_after=2021-01-01 00:00:00+00:00
[2025-04-18T11:15:25.482+0900] {processor.py:208} INFO - Processing /home/kim/airflow_tutorial/py_env/lib/python3.10/site-packages/airflow/example_dags/example_trigger_controller_dag.py took 0.068 seconds
[2025-04-18T11:16:28.278+0900] {processor.py:186} INFO - Started process (PID=639340) to work on /home/kim/airflow_tutorial/py_env/lib/python3.10/site-packages/airflow/example_dags/example_trigger_controller_dag.py
[2025-04-18T11:16:28.280+0900] {processor.py:914} INFO - Processing file /home/kim/airflow_tutorial/py_env/lib/python3.10/site-packages/airflow/example_dags/example_trigger_controller_dag.py for tasks to queue
[2025-04-18T11:16:28.282+0900] {logging_mixin.py:190} INFO - [2025-04-18T11:16:28.281+0900] {dagbag.py:588} INFO - Filling up the DagBag from /home/kim/airflow_tutorial/py_env/lib/python3.10/site-packages/airflow/example_dags/example_trigger_controller_dag.py
[2025-04-18T11:16:28.288+0900] {processor.py:925} INFO - DAG(s) 'example_trigger_controller_dag' retrieved from /home/kim/airflow_tutorial/py_env/lib/python3.10/site-packages/airflow/example_dags/example_trigger_controller_dag.py
[2025-04-18T11:16:28.300+0900] {logging_mixin.py:190} INFO - [2025-04-18T11:16:28.300+0900] {dag.py:3239} INFO - Sync 1 DAGs
[2025-04-18T11:16:28.315+0900] {logging_mixin.py:190} INFO - [2025-04-18T11:16:28.314+0900] {dag.py:4180} INFO - Setting next_dagrun for example_trigger_controller_dag to 2021-01-01 00:00:00+00:00, run_after=2021-01-01 00:00:00+00:00
[2025-04-18T11:16:28.333+0900] {processor.py:208} INFO - Processing /home/kim/airflow_tutorial/py_env/lib/python3.10/site-packages/airflow/example_dags/example_trigger_controller_dag.py took 0.059 seconds
[2025-04-18T11:17:26.759+0900] {processor.py:186} INFO - Started process (PID=640024) to work on /home/kim/airflow_tutorial/py_env/lib/python3.10/site-packages/airflow/example_dags/example_trigger_controller_dag.py
[2025-04-18T11:17:26.762+0900] {processor.py:914} INFO - Processing file /home/kim/airflow_tutorial/py_env/lib/python3.10/site-packages/airflow/example_dags/example_trigger_controller_dag.py for tasks to queue
[2025-04-18T11:17:26.764+0900] {logging_mixin.py:190} INFO - [2025-04-18T11:17:26.764+0900] {dagbag.py:588} INFO - Filling up the DagBag from /home/kim/airflow_tutorial/py_env/lib/python3.10/site-packages/airflow/example_dags/example_trigger_controller_dag.py
[2025-04-18T11:17:26.771+0900] {processor.py:925} INFO - DAG(s) 'example_trigger_controller_dag' retrieved from /home/kim/airflow_tutorial/py_env/lib/python3.10/site-packages/airflow/example_dags/example_trigger_controller_dag.py
[2025-04-18T11:17:26.783+0900] {logging_mixin.py:190} INFO - [2025-04-18T11:17:26.783+0900] {dag.py:3239} INFO - Sync 1 DAGs
[2025-04-18T11:17:26.798+0900] {logging_mixin.py:190} INFO - [2025-04-18T11:17:26.798+0900] {dag.py:4180} INFO - Setting next_dagrun for example_trigger_controller_dag to 2021-01-01 00:00:00+00:00, run_after=2021-01-01 00:00:00+00:00
[2025-04-18T11:17:26.813+0900] {processor.py:208} INFO - Processing /home/kim/airflow_tutorial/py_env/lib/python3.10/site-packages/airflow/example_dags/example_trigger_controller_dag.py took 0.060 seconds
[2025-04-18T11:18:28.099+0900] {processor.py:186} INFO - Started process (PID=640578) to work on /home/kim/airflow_tutorial/py_env/lib/python3.10/site-packages/airflow/example_dags/example_trigger_controller_dag.py
[2025-04-18T11:18:28.101+0900] {processor.py:914} INFO - Processing file /home/kim/airflow_tutorial/py_env/lib/python3.10/site-packages/airflow/example_dags/example_trigger_controller_dag.py for tasks to queue
[2025-04-18T11:18:28.104+0900] {logging_mixin.py:190} INFO - [2025-04-18T11:18:28.103+0900] {dagbag.py:588} INFO - Filling up the DagBag from /home/kim/airflow_tutorial/py_env/lib/python3.10/site-packages/airflow/example_dags/example_trigger_controller_dag.py
[2025-04-18T11:18:28.113+0900] {processor.py:925} INFO - DAG(s) 'example_trigger_controller_dag' retrieved from /home/kim/airflow_tutorial/py_env/lib/python3.10/site-packages/airflow/example_dags/example_trigger_controller_dag.py
[2025-04-18T11:18:28.130+0900] {logging_mixin.py:190} INFO - [2025-04-18T11:18:28.129+0900] {dag.py:3239} INFO - Sync 1 DAGs
[2025-04-18T11:18:28.156+0900] {logging_mixin.py:190} INFO - [2025-04-18T11:18:28.156+0900] {dag.py:4180} INFO - Setting next_dagrun for example_trigger_controller_dag to 2021-01-01 00:00:00+00:00, run_after=2021-01-01 00:00:00+00:00
[2025-04-18T11:18:28.178+0900] {processor.py:208} INFO - Processing /home/kim/airflow_tutorial/py_env/lib/python3.10/site-packages/airflow/example_dags/example_trigger_controller_dag.py took 0.087 seconds
[2025-04-18T11:19:27.124+0900] {processor.py:186} INFO - Started process (PID=640979) to work on /home/kim/airflow_tutorial/py_env/lib/python3.10/site-packages/airflow/example_dags/example_trigger_controller_dag.py
[2025-04-18T11:19:27.126+0900] {processor.py:914} INFO - Processing file /home/kim/airflow_tutorial/py_env/lib/python3.10/site-packages/airflow/example_dags/example_trigger_controller_dag.py for tasks to queue
[2025-04-18T11:19:27.128+0900] {logging_mixin.py:190} INFO - [2025-04-18T11:19:27.128+0900] {dagbag.py:588} INFO - Filling up the DagBag from /home/kim/airflow_tutorial/py_env/lib/python3.10/site-packages/airflow/example_dags/example_trigger_controller_dag.py
[2025-04-18T11:19:27.133+0900] {processor.py:925} INFO - DAG(s) 'example_trigger_controller_dag' retrieved from /home/kim/airflow_tutorial/py_env/lib/python3.10/site-packages/airflow/example_dags/example_trigger_controller_dag.py
[2025-04-18T11:19:27.142+0900] {logging_mixin.py:190} INFO - [2025-04-18T11:19:27.142+0900] {dag.py:3239} INFO - Sync 1 DAGs
[2025-04-18T11:19:27.156+0900] {logging_mixin.py:190} INFO - [2025-04-18T11:19:27.156+0900] {dag.py:4180} INFO - Setting next_dagrun for example_trigger_controller_dag to 2021-01-01 00:00:00+00:00, run_after=2021-01-01 00:00:00+00:00
[2025-04-18T11:19:27.172+0900] {processor.py:208} INFO - Processing /home/kim/airflow_tutorial/py_env/lib/python3.10/site-packages/airflow/example_dags/example_trigger_controller_dag.py took 0.052 seconds
[2025-04-18T11:20:25.588+0900] {processor.py:186} INFO - Started process (PID=641263) to work on /home/kim/airflow_tutorial/py_env/lib/python3.10/site-packages/airflow/example_dags/example_trigger_controller_dag.py
[2025-04-18T11:20:25.591+0900] {processor.py:914} INFO - Processing file /home/kim/airflow_tutorial/py_env/lib/python3.10/site-packages/airflow/example_dags/example_trigger_controller_dag.py for tasks to queue
[2025-04-18T11:20:25.592+0900] {logging_mixin.py:190} INFO - [2025-04-18T11:20:25.592+0900] {dagbag.py:588} INFO - Filling up the DagBag from /home/kim/airflow_tutorial/py_env/lib/python3.10/site-packages/airflow/example_dags/example_trigger_controller_dag.py
[2025-04-18T11:20:25.597+0900] {processor.py:925} INFO - DAG(s) 'example_trigger_controller_dag' retrieved from /home/kim/airflow_tutorial/py_env/lib/python3.10/site-packages/airflow/example_dags/example_trigger_controller_dag.py
[2025-04-18T11:20:25.608+0900] {logging_mixin.py:190} INFO - [2025-04-18T11:20:25.607+0900] {dag.py:3239} INFO - Sync 1 DAGs
[2025-04-18T11:20:25.621+0900] {logging_mixin.py:190} INFO - [2025-04-18T11:20:25.621+0900] {dag.py:4180} INFO - Setting next_dagrun for example_trigger_controller_dag to 2021-01-01 00:00:00+00:00, run_after=2021-01-01 00:00:00+00:00
[2025-04-18T11:20:25.636+0900] {processor.py:208} INFO - Processing /home/kim/airflow_tutorial/py_env/lib/python3.10/site-packages/airflow/example_dags/example_trigger_controller_dag.py took 0.053 seconds
[2025-04-18T11:21:23.044+0900] {processor.py:186} INFO - Started process (PID=641554) to work on /home/kim/airflow_tutorial/py_env/lib/python3.10/site-packages/airflow/example_dags/example_trigger_controller_dag.py
[2025-04-18T11:21:23.046+0900] {processor.py:914} INFO - Processing file /home/kim/airflow_tutorial/py_env/lib/python3.10/site-packages/airflow/example_dags/example_trigger_controller_dag.py for tasks to queue
[2025-04-18T11:21:23.048+0900] {logging_mixin.py:190} INFO - [2025-04-18T11:21:23.047+0900] {dagbag.py:588} INFO - Filling up the DagBag from /home/kim/airflow_tutorial/py_env/lib/python3.10/site-packages/airflow/example_dags/example_trigger_controller_dag.py
[2025-04-18T11:21:23.053+0900] {processor.py:925} INFO - DAG(s) 'example_trigger_controller_dag' retrieved from /home/kim/airflow_tutorial/py_env/lib/python3.10/site-packages/airflow/example_dags/example_trigger_controller_dag.py
[2025-04-18T11:21:23.063+0900] {logging_mixin.py:190} INFO - [2025-04-18T11:21:23.063+0900] {dag.py:3239} INFO - Sync 1 DAGs
[2025-04-18T11:21:23.076+0900] {logging_mixin.py:190} INFO - [2025-04-18T11:21:23.076+0900] {dag.py:4180} INFO - Setting next_dagrun for example_trigger_controller_dag to 2021-01-01 00:00:00+00:00, run_after=2021-01-01 00:00:00+00:00
[2025-04-18T11:21:23.092+0900] {processor.py:208} INFO - Processing /home/kim/airflow_tutorial/py_env/lib/python3.10/site-packages/airflow/example_dags/example_trigger_controller_dag.py took 0.052 seconds
[2025-04-18T11:22:25.584+0900] {processor.py:186} INFO - Started process (PID=641944) to work on /home/kim/airflow_tutorial/py_env/lib/python3.10/site-packages/airflow/example_dags/example_trigger_controller_dag.py
[2025-04-18T11:22:25.586+0900] {processor.py:914} INFO - Processing file /home/kim/airflow_tutorial/py_env/lib/python3.10/site-packages/airflow/example_dags/example_trigger_controller_dag.py for tasks to queue
[2025-04-18T11:22:25.588+0900] {logging_mixin.py:190} INFO - [2025-04-18T11:22:25.588+0900] {dagbag.py:588} INFO - Filling up the DagBag from /home/kim/airflow_tutorial/py_env/lib/python3.10/site-packages/airflow/example_dags/example_trigger_controller_dag.py
[2025-04-18T11:22:25.594+0900] {processor.py:925} INFO - DAG(s) 'example_trigger_controller_dag' retrieved from /home/kim/airflow_tutorial/py_env/lib/python3.10/site-packages/airflow/example_dags/example_trigger_controller_dag.py
[2025-04-18T11:22:25.606+0900] {logging_mixin.py:190} INFO - [2025-04-18T11:22:25.606+0900] {dag.py:3239} INFO - Sync 1 DAGs
[2025-04-18T11:22:25.621+0900] {logging_mixin.py:190} INFO - [2025-04-18T11:22:25.620+0900] {dag.py:4180} INFO - Setting next_dagrun for example_trigger_controller_dag to 2021-01-01 00:00:00+00:00, run_after=2021-01-01 00:00:00+00:00
[2025-04-18T11:22:25.636+0900] {processor.py:208} INFO - Processing /home/kim/airflow_tutorial/py_env/lib/python3.10/site-packages/airflow/example_dags/example_trigger_controller_dag.py took 0.058 seconds
[2025-04-18T11:23:26.913+0900] {processor.py:186} INFO - Started process (PID=642307) to work on /home/kim/airflow_tutorial/py_env/lib/python3.10/site-packages/airflow/example_dags/example_trigger_controller_dag.py
[2025-04-18T11:23:26.916+0900] {processor.py:914} INFO - Processing file /home/kim/airflow_tutorial/py_env/lib/python3.10/site-packages/airflow/example_dags/example_trigger_controller_dag.py for tasks to queue
[2025-04-18T11:23:26.918+0900] {logging_mixin.py:190} INFO - [2025-04-18T11:23:26.917+0900] {dagbag.py:588} INFO - Filling up the DagBag from /home/kim/airflow_tutorial/py_env/lib/python3.10/site-packages/airflow/example_dags/example_trigger_controller_dag.py
[2025-04-18T11:23:26.923+0900] {processor.py:925} INFO - DAG(s) 'example_trigger_controller_dag' retrieved from /home/kim/airflow_tutorial/py_env/lib/python3.10/site-packages/airflow/example_dags/example_trigger_controller_dag.py
[2025-04-18T11:23:26.933+0900] {logging_mixin.py:190} INFO - [2025-04-18T11:23:26.933+0900] {dag.py:3239} INFO - Sync 1 DAGs
[2025-04-18T11:23:26.947+0900] {logging_mixin.py:190} INFO - [2025-04-18T11:23:26.947+0900] {dag.py:4180} INFO - Setting next_dagrun for example_trigger_controller_dag to 2021-01-01 00:00:00+00:00, run_after=2021-01-01 00:00:00+00:00
[2025-04-18T11:23:26.962+0900] {processor.py:208} INFO - Processing /home/kim/airflow_tutorial/py_env/lib/python3.10/site-packages/airflow/example_dags/example_trigger_controller_dag.py took 0.053 seconds
[2025-04-18T11:24:23.108+0900] {processor.py:186} INFO - Started process (PID=642662) to work on /home/kim/airflow_tutorial/py_env/lib/python3.10/site-packages/airflow/example_dags/example_trigger_controller_dag.py
[2025-04-18T11:24:23.111+0900] {processor.py:914} INFO - Processing file /home/kim/airflow_tutorial/py_env/lib/python3.10/site-packages/airflow/example_dags/example_trigger_controller_dag.py for tasks to queue
[2025-04-18T11:24:23.113+0900] {logging_mixin.py:190} INFO - [2025-04-18T11:24:23.113+0900] {dagbag.py:588} INFO - Filling up the DagBag from /home/kim/airflow_tutorial/py_env/lib/python3.10/site-packages/airflow/example_dags/example_trigger_controller_dag.py
[2025-04-18T11:24:23.119+0900] {processor.py:925} INFO - DAG(s) 'example_trigger_controller_dag' retrieved from /home/kim/airflow_tutorial/py_env/lib/python3.10/site-packages/airflow/example_dags/example_trigger_controller_dag.py
[2025-04-18T11:24:23.129+0900] {logging_mixin.py:190} INFO - [2025-04-18T11:24:23.129+0900] {dag.py:3239} INFO - Sync 1 DAGs
[2025-04-18T11:24:23.144+0900] {logging_mixin.py:190} INFO - [2025-04-18T11:24:23.144+0900] {dag.py:4180} INFO - Setting next_dagrun for example_trigger_controller_dag to 2021-01-01 00:00:00+00:00, run_after=2021-01-01 00:00:00+00:00
[2025-04-18T11:24:23.159+0900] {processor.py:208} INFO - Processing /home/kim/airflow_tutorial/py_env/lib/python3.10/site-packages/airflow/example_dags/example_trigger_controller_dag.py took 0.055 seconds
[2025-04-18T11:25:24.662+0900] {processor.py:186} INFO - Started process (PID=643141) to work on /home/kim/airflow_tutorial/py_env/lib/python3.10/site-packages/airflow/example_dags/example_trigger_controller_dag.py
[2025-04-18T11:25:24.665+0900] {processor.py:914} INFO - Processing file /home/kim/airflow_tutorial/py_env/lib/python3.10/site-packages/airflow/example_dags/example_trigger_controller_dag.py for tasks to queue
[2025-04-18T11:25:24.666+0900] {logging_mixin.py:190} INFO - [2025-04-18T11:25:24.666+0900] {dagbag.py:588} INFO - Filling up the DagBag from /home/kim/airflow_tutorial/py_env/lib/python3.10/site-packages/airflow/example_dags/example_trigger_controller_dag.py
[2025-04-18T11:25:24.671+0900] {processor.py:925} INFO - DAG(s) 'example_trigger_controller_dag' retrieved from /home/kim/airflow_tutorial/py_env/lib/python3.10/site-packages/airflow/example_dags/example_trigger_controller_dag.py
[2025-04-18T11:25:24.682+0900] {logging_mixin.py:190} INFO - [2025-04-18T11:25:24.682+0900] {dag.py:3239} INFO - Sync 1 DAGs
[2025-04-18T11:25:24.695+0900] {logging_mixin.py:190} INFO - [2025-04-18T11:25:24.695+0900] {dag.py:4180} INFO - Setting next_dagrun for example_trigger_controller_dag to 2021-01-01 00:00:00+00:00, run_after=2021-01-01 00:00:00+00:00
[2025-04-18T11:25:24.710+0900] {processor.py:208} INFO - Processing /home/kim/airflow_tutorial/py_env/lib/python3.10/site-packages/airflow/example_dags/example_trigger_controller_dag.py took 0.052 seconds
[2025-04-18T12:03:11.895+0900] {processor.py:186} INFO - Started process (PID=651780) to work on /home/kim/airflow_tutorial/py_env/lib/python3.10/site-packages/airflow/example_dags/example_trigger_controller_dag.py
[2025-04-18T12:03:11.896+0900] {processor.py:914} INFO - Processing file /home/kim/airflow_tutorial/py_env/lib/python3.10/site-packages/airflow/example_dags/example_trigger_controller_dag.py for tasks to queue
[2025-04-18T12:03:11.900+0900] {logging_mixin.py:190} INFO - [2025-04-18T12:03:11.899+0900] {dagbag.py:588} INFO - Filling up the DagBag from /home/kim/airflow_tutorial/py_env/lib/python3.10/site-packages/airflow/example_dags/example_trigger_controller_dag.py
[2025-04-18T12:03:11.983+0900] {processor.py:925} INFO - DAG(s) 'example_trigger_controller_dag' retrieved from /home/kim/airflow_tutorial/py_env/lib/python3.10/site-packages/airflow/example_dags/example_trigger_controller_dag.py
[2025-04-18T12:03:12.051+0900] {logging_mixin.py:190} INFO - [2025-04-18T12:03:12.051+0900] {override.py:1912} INFO - Created Permission View: can read on DAG:example_trigger_controller_dag
[2025-04-18T12:03:12.062+0900] {logging_mixin.py:190} INFO - [2025-04-18T12:03:12.062+0900] {override.py:1912} INFO - Created Permission View: can edit on DAG:example_trigger_controller_dag
[2025-04-18T12:03:12.071+0900] {logging_mixin.py:190} INFO - [2025-04-18T12:03:12.070+0900] {override.py:1912} INFO - Created Permission View: can delete on DAG:example_trigger_controller_dag
[2025-04-18T12:03:12.080+0900] {logging_mixin.py:190} INFO - [2025-04-18T12:03:12.080+0900] {override.py:1912} INFO - Created Permission View: can read on DAG Run:example_trigger_controller_dag
[2025-04-18T12:03:12.087+0900] {logging_mixin.py:190} INFO - [2025-04-18T12:03:12.087+0900] {override.py:1912} INFO - Created Permission View: can create on DAG Run:example_trigger_controller_dag
[2025-04-18T12:03:12.095+0900] {logging_mixin.py:190} INFO - [2025-04-18T12:03:12.095+0900] {override.py:1912} INFO - Created Permission View: menu access on DAG Run:example_trigger_controller_dag
[2025-04-18T12:03:12.103+0900] {logging_mixin.py:190} INFO - [2025-04-18T12:03:12.103+0900] {override.py:1912} INFO - Created Permission View: can delete on DAG Run:example_trigger_controller_dag
[2025-04-18T12:03:12.103+0900] {logging_mixin.py:190} INFO - [2025-04-18T12:03:12.103+0900] {dag.py:3239} INFO - Sync 1 DAGs
[2025-04-18T12:03:12.113+0900] {logging_mixin.py:190} INFO - [2025-04-18T12:03:12.113+0900] {dag.py:3262} INFO - Creating ORM DAG for example_trigger_controller_dag
[2025-04-18T12:03:12.121+0900] {logging_mixin.py:190} INFO - [2025-04-18T12:03:12.120+0900] {dag.py:4180} INFO - Setting next_dagrun for example_trigger_controller_dag to 2021-01-01 00:00:00+00:00, run_after=2021-01-01 00:00:00+00:00
[2025-04-18T12:03:12.140+0900] {processor.py:208} INFO - Processing /home/kim/airflow_tutorial/py_env/lib/python3.10/site-packages/airflow/example_dags/example_trigger_controller_dag.py took 0.249 seconds
[2025-04-18T12:05:18.649+0900] {processor.py:186} INFO - Started process (PID=653614) to work on /home/kim/airflow_tutorial/py_env/lib/python3.10/site-packages/airflow/example_dags/example_trigger_controller_dag.py
[2025-04-18T12:05:18.650+0900] {processor.py:914} INFO - Processing file /home/kim/airflow_tutorial/py_env/lib/python3.10/site-packages/airflow/example_dags/example_trigger_controller_dag.py for tasks to queue
[2025-04-18T12:05:18.728+0900] {logging_mixin.py:190} INFO - [2025-04-18T12:05:18.728+0900] {dagbag.py:588} INFO - Filling up the DagBag from /home/kim/airflow_tutorial/py_env/lib/python3.10/site-packages/airflow/example_dags/example_trigger_controller_dag.py
[2025-04-18T12:05:18.731+0900] {processor.py:925} INFO - DAG(s) 'example_trigger_controller_dag' retrieved from /home/kim/airflow_tutorial/py_env/lib/python3.10/site-packages/airflow/example_dags/example_trigger_controller_dag.py
[2025-04-18T12:05:18.749+0900] {logging_mixin.py:190} INFO - [2025-04-18T12:05:18.749+0900] {dag.py:3239} INFO - Sync 1 DAGs
[2025-04-18T12:05:18.765+0900] {logging_mixin.py:190} INFO - [2025-04-18T12:05:18.765+0900] {dag.py:4180} INFO - Setting next_dagrun for example_trigger_controller_dag to 2021-01-01 00:00:00+00:00, run_after=2021-01-01 00:00:00+00:00
[2025-04-18T12:05:18.782+0900] {processor.py:208} INFO - Processing /home/kim/airflow_tutorial/py_env/lib/python3.10/site-packages/airflow/example_dags/example_trigger_controller_dag.py took 0.137 seconds
[2025-04-18T12:05:49.526+0900] {processor.py:186} INFO - Started process (PID=654088) to work on /home/kim/airflow_tutorial/py_env/lib/python3.10/site-packages/airflow/example_dags/example_trigger_controller_dag.py
[2025-04-18T12:05:49.527+0900] {processor.py:914} INFO - Processing file /home/kim/airflow_tutorial/py_env/lib/python3.10/site-packages/airflow/example_dags/example_trigger_controller_dag.py for tasks to queue
[2025-04-18T12:05:49.529+0900] {logging_mixin.py:190} INFO - [2025-04-18T12:05:49.529+0900] {dagbag.py:588} INFO - Filling up the DagBag from /home/kim/airflow_tutorial/py_env/lib/python3.10/site-packages/airflow/example_dags/example_trigger_controller_dag.py
[2025-04-18T12:05:49.537+0900] {processor.py:925} INFO - DAG(s) 'example_trigger_controller_dag' retrieved from /home/kim/airflow_tutorial/py_env/lib/python3.10/site-packages/airflow/example_dags/example_trigger_controller_dag.py
[2025-04-18T12:05:49.566+0900] {logging_mixin.py:190} INFO - [2025-04-18T12:05:49.566+0900] {dag.py:3239} INFO - Sync 1 DAGs
[2025-04-18T12:05:49.601+0900] {logging_mixin.py:190} INFO - [2025-04-18T12:05:49.600+0900] {dag.py:4180} INFO - Setting next_dagrun for example_trigger_controller_dag to 2021-01-01 00:00:00+00:00, run_after=2021-01-01 00:00:00+00:00
[2025-04-18T12:05:49.626+0900] {processor.py:208} INFO - Processing /home/kim/airflow_tutorial/py_env/lib/python3.10/site-packages/airflow/example_dags/example_trigger_controller_dag.py took 0.107 seconds
[2025-04-18T12:06:20.291+0900] {processor.py:186} INFO - Started process (PID=654471) to work on /home/kim/airflow_tutorial/py_env/lib/python3.10/site-packages/airflow/example_dags/example_trigger_controller_dag.py
[2025-04-18T12:06:20.291+0900] {processor.py:914} INFO - Processing file /home/kim/airflow_tutorial/py_env/lib/python3.10/site-packages/airflow/example_dags/example_trigger_controller_dag.py for tasks to queue
[2025-04-18T12:06:20.293+0900] {logging_mixin.py:190} INFO - [2025-04-18T12:06:20.293+0900] {dagbag.py:588} INFO - Filling up the DagBag from /home/kim/airflow_tutorial/py_env/lib/python3.10/site-packages/airflow/example_dags/example_trigger_controller_dag.py
[2025-04-18T12:06:20.299+0900] {processor.py:925} INFO - DAG(s) 'example_trigger_controller_dag' retrieved from /home/kim/airflow_tutorial/py_env/lib/python3.10/site-packages/airflow/example_dags/example_trigger_controller_dag.py
[2025-04-18T12:06:20.320+0900] {logging_mixin.py:190} INFO - [2025-04-18T12:06:20.319+0900] {dag.py:3239} INFO - Sync 1 DAGs
[2025-04-18T12:06:20.340+0900] {logging_mixin.py:190} INFO - [2025-04-18T12:06:20.340+0900] {dag.py:4180} INFO - Setting next_dagrun for example_trigger_controller_dag to 2021-01-01 00:00:00+00:00, run_after=2021-01-01 00:00:00+00:00
[2025-04-18T12:06:20.362+0900] {processor.py:208} INFO - Processing /home/kim/airflow_tutorial/py_env/lib/python3.10/site-packages/airflow/example_dags/example_trigger_controller_dag.py took 0.077 seconds
