[2025-04-18T11:13:09.770+0900] {processor.py:186} INFO - Started process (PID=637735) to work on /home/kim/airflow_tutorial/py_env/lib/python3.10/site-packages/airflow/example_dags/example_setup_teardown_taskflow.py
[2025-04-18T11:13:09.771+0900] {processor.py:914} INFO - Processing file /home/kim/airflow_tutorial/py_env/lib/python3.10/site-packages/airflow/example_dags/example_setup_teardown_taskflow.py for tasks to queue
[2025-04-18T11:13:09.772+0900] {logging_mixin.py:190} INFO - [2025-04-18T11:13:09.772+0900] {dagbag.py:588} INFO - Filling up the DagBag from /home/kim/airflow_tutorial/py_env/lib/python3.10/site-packages/airflow/example_dags/example_setup_teardown_taskflow.py
[2025-04-18T11:13:09.779+0900] {processor.py:925} INFO - DAG(s) 'example_setup_teardown_taskflow' retrieved from /home/kim/airflow_tutorial/py_env/lib/python3.10/site-packages/airflow/example_dags/example_setup_teardown_taskflow.py
[2025-04-18T11:13:09.906+0900] {logging_mixin.py:190} INFO - [2025-04-18T11:13:09.905+0900] {override.py:1912} INFO - Created Permission View: can delete on DAG:example_setup_teardown_taskflow
[2025-04-18T11:13:09.915+0900] {logging_mixin.py:190} INFO - [2025-04-18T11:13:09.914+0900] {override.py:1912} INFO - Created Permission View: can edit on DAG:example_setup_teardown_taskflow
[2025-04-18T11:13:09.922+0900] {logging_mixin.py:190} INFO - [2025-04-18T11:13:09.922+0900] {override.py:1912} INFO - Created Permission View: can read on DAG:example_setup_teardown_taskflow
[2025-04-18T11:13:09.932+0900] {logging_mixin.py:190} INFO - [2025-04-18T11:13:09.932+0900] {override.py:1912} INFO - Created Permission View: can delete on DAG Run:example_setup_teardown_taskflow
[2025-04-18T11:13:09.939+0900] {logging_mixin.py:190} INFO - [2025-04-18T11:13:09.939+0900] {override.py:1912} INFO - Created Permission View: can create on DAG Run:example_setup_teardown_taskflow
[2025-04-18T11:13:09.946+0900] {logging_mixin.py:190} INFO - [2025-04-18T11:13:09.946+0900] {override.py:1912} INFO - Created Permission View: menu access on DAG Run:example_setup_teardown_taskflow
[2025-04-18T11:13:09.953+0900] {logging_mixin.py:190} INFO - [2025-04-18T11:13:09.953+0900] {override.py:1912} INFO - Created Permission View: can read on DAG Run:example_setup_teardown_taskflow
[2025-04-18T11:13:09.954+0900] {logging_mixin.py:190} INFO - [2025-04-18T11:13:09.953+0900] {dag.py:3239} INFO - Sync 1 DAGs
[2025-04-18T11:13:09.961+0900] {logging_mixin.py:190} INFO - [2025-04-18T11:13:09.960+0900] {dag.py:3262} INFO - Creating ORM DAG for example_setup_teardown_taskflow
[2025-04-18T11:13:09.961+0900] {logging_mixin.py:190} INFO - [2025-04-18T11:13:09.961+0900] {dag.py:4180} INFO - Setting next_dagrun for example_setup_teardown_taskflow to None, run_after=None
[2025-04-18T11:13:09.977+0900] {processor.py:208} INFO - Processing /home/kim/airflow_tutorial/py_env/lib/python3.10/site-packages/airflow/example_dags/example_setup_teardown_taskflow.py took 0.211 seconds
[2025-04-18T11:14:16.247+0900] {processor.py:186} INFO - Started process (PID=638092) to work on /home/kim/airflow_tutorial/py_env/lib/python3.10/site-packages/airflow/example_dags/example_setup_teardown_taskflow.py
[2025-04-18T11:14:16.249+0900] {processor.py:914} INFO - Processing file /home/kim/airflow_tutorial/py_env/lib/python3.10/site-packages/airflow/example_dags/example_setup_teardown_taskflow.py for tasks to queue
[2025-04-18T11:14:16.251+0900] {logging_mixin.py:190} INFO - [2025-04-18T11:14:16.251+0900] {dagbag.py:588} INFO - Filling up the DagBag from /home/kim/airflow_tutorial/py_env/lib/python3.10/site-packages/airflow/example_dags/example_setup_teardown_taskflow.py
[2025-04-18T11:14:16.259+0900] {processor.py:925} INFO - DAG(s) 'example_setup_teardown_taskflow' retrieved from /home/kim/airflow_tutorial/py_env/lib/python3.10/site-packages/airflow/example_dags/example_setup_teardown_taskflow.py
[2025-04-18T11:14:16.273+0900] {logging_mixin.py:190} INFO - [2025-04-18T11:14:16.272+0900] {dag.py:3239} INFO - Sync 1 DAGs
[2025-04-18T11:14:16.283+0900] {logging_mixin.py:190} INFO - [2025-04-18T11:14:16.283+0900] {dag.py:4180} INFO - Setting next_dagrun for example_setup_teardown_taskflow to None, run_after=None
[2025-04-18T11:14:16.298+0900] {processor.py:208} INFO - Processing /home/kim/airflow_tutorial/py_env/lib/python3.10/site-packages/airflow/example_dags/example_setup_teardown_taskflow.py took 0.056 seconds
[2025-04-18T11:15:16.036+0900] {processor.py:186} INFO - Started process (PID=638699) to work on /home/kim/airflow_tutorial/py_env/lib/python3.10/site-packages/airflow/example_dags/example_setup_teardown_taskflow.py
[2025-04-18T11:15:16.037+0900] {processor.py:914} INFO - Processing file /home/kim/airflow_tutorial/py_env/lib/python3.10/site-packages/airflow/example_dags/example_setup_teardown_taskflow.py for tasks to queue
[2025-04-18T11:15:16.040+0900] {logging_mixin.py:190} INFO - [2025-04-18T11:15:16.039+0900] {dagbag.py:588} INFO - Filling up the DagBag from /home/kim/airflow_tutorial/py_env/lib/python3.10/site-packages/airflow/example_dags/example_setup_teardown_taskflow.py
[2025-04-18T11:15:16.047+0900] {processor.py:925} INFO - DAG(s) 'example_setup_teardown_taskflow' retrieved from /home/kim/airflow_tutorial/py_env/lib/python3.10/site-packages/airflow/example_dags/example_setup_teardown_taskflow.py
[2025-04-18T11:15:16.059+0900] {logging_mixin.py:190} INFO - [2025-04-18T11:15:16.059+0900] {dag.py:3239} INFO - Sync 1 DAGs
[2025-04-18T11:15:16.068+0900] {logging_mixin.py:190} INFO - [2025-04-18T11:15:16.068+0900] {dag.py:4180} INFO - Setting next_dagrun for example_setup_teardown_taskflow to None, run_after=None
[2025-04-18T11:15:16.083+0900] {processor.py:208} INFO - Processing /home/kim/airflow_tutorial/py_env/lib/python3.10/site-packages/airflow/example_dags/example_setup_teardown_taskflow.py took 0.051 seconds
[2025-04-18T11:16:18.011+0900] {processor.py:186} INFO - Started process (PID=639153) to work on /home/kim/airflow_tutorial/py_env/lib/python3.10/site-packages/airflow/example_dags/example_setup_teardown_taskflow.py
[2025-04-18T11:16:18.014+0900] {processor.py:914} INFO - Processing file /home/kim/airflow_tutorial/py_env/lib/python3.10/site-packages/airflow/example_dags/example_setup_teardown_taskflow.py for tasks to queue
[2025-04-18T11:16:18.016+0900] {logging_mixin.py:190} INFO - [2025-04-18T11:16:18.016+0900] {dagbag.py:588} INFO - Filling up the DagBag from /home/kim/airflow_tutorial/py_env/lib/python3.10/site-packages/airflow/example_dags/example_setup_teardown_taskflow.py
[2025-04-18T11:16:18.023+0900] {processor.py:925} INFO - DAG(s) 'example_setup_teardown_taskflow' retrieved from /home/kim/airflow_tutorial/py_env/lib/python3.10/site-packages/airflow/example_dags/example_setup_teardown_taskflow.py
[2025-04-18T11:16:18.035+0900] {logging_mixin.py:190} INFO - [2025-04-18T11:16:18.034+0900] {dag.py:3239} INFO - Sync 1 DAGs
[2025-04-18T11:16:18.059+0900] {logging_mixin.py:190} INFO - [2025-04-18T11:16:18.059+0900] {dag.py:4180} INFO - Setting next_dagrun for example_setup_teardown_taskflow to None, run_after=None
[2025-04-18T11:16:18.075+0900] {processor.py:208} INFO - Processing /home/kim/airflow_tutorial/py_env/lib/python3.10/site-packages/airflow/example_dags/example_setup_teardown_taskflow.py took 0.069 seconds
[2025-04-18T11:17:16.437+0900] {processor.py:186} INFO - Started process (PID=639971) to work on /home/kim/airflow_tutorial/py_env/lib/python3.10/site-packages/airflow/example_dags/example_setup_teardown_taskflow.py
[2025-04-18T11:17:16.439+0900] {processor.py:914} INFO - Processing file /home/kim/airflow_tutorial/py_env/lib/python3.10/site-packages/airflow/example_dags/example_setup_teardown_taskflow.py for tasks to queue
[2025-04-18T11:17:16.441+0900] {logging_mixin.py:190} INFO - [2025-04-18T11:17:16.441+0900] {dagbag.py:588} INFO - Filling up the DagBag from /home/kim/airflow_tutorial/py_env/lib/python3.10/site-packages/airflow/example_dags/example_setup_teardown_taskflow.py
[2025-04-18T11:17:16.449+0900] {processor.py:925} INFO - DAG(s) 'example_setup_teardown_taskflow' retrieved from /home/kim/airflow_tutorial/py_env/lib/python3.10/site-packages/airflow/example_dags/example_setup_teardown_taskflow.py
[2025-04-18T11:17:16.460+0900] {logging_mixin.py:190} INFO - [2025-04-18T11:17:16.460+0900] {dag.py:3239} INFO - Sync 1 DAGs
[2025-04-18T11:17:16.470+0900] {logging_mixin.py:190} INFO - [2025-04-18T11:17:16.470+0900] {dag.py:4180} INFO - Setting next_dagrun for example_setup_teardown_taskflow to None, run_after=None
[2025-04-18T11:17:16.486+0900] {processor.py:208} INFO - Processing /home/kim/airflow_tutorial/py_env/lib/python3.10/site-packages/airflow/example_dags/example_setup_teardown_taskflow.py took 0.053 seconds
[2025-04-18T11:18:18.030+0900] {processor.py:186} INFO - Started process (PID=640433) to work on /home/kim/airflow_tutorial/py_env/lib/python3.10/site-packages/airflow/example_dags/example_setup_teardown_taskflow.py
[2025-04-18T11:18:18.031+0900] {processor.py:914} INFO - Processing file /home/kim/airflow_tutorial/py_env/lib/python3.10/site-packages/airflow/example_dags/example_setup_teardown_taskflow.py for tasks to queue
[2025-04-18T11:18:18.033+0900] {logging_mixin.py:190} INFO - [2025-04-18T11:18:18.033+0900] {dagbag.py:588} INFO - Filling up the DagBag from /home/kim/airflow_tutorial/py_env/lib/python3.10/site-packages/airflow/example_dags/example_setup_teardown_taskflow.py
[2025-04-18T11:18:18.041+0900] {processor.py:925} INFO - DAG(s) 'example_setup_teardown_taskflow' retrieved from /home/kim/airflow_tutorial/py_env/lib/python3.10/site-packages/airflow/example_dags/example_setup_teardown_taskflow.py
[2025-04-18T11:18:18.054+0900] {logging_mixin.py:190} INFO - [2025-04-18T11:18:18.053+0900] {dag.py:3239} INFO - Sync 1 DAGs
[2025-04-18T11:18:18.062+0900] {logging_mixin.py:190} INFO - [2025-04-18T11:18:18.062+0900] {dag.py:4180} INFO - Setting next_dagrun for example_setup_teardown_taskflow to None, run_after=None
[2025-04-18T11:18:18.078+0900] {processor.py:208} INFO - Processing /home/kim/airflow_tutorial/py_env/lib/python3.10/site-packages/airflow/example_dags/example_setup_teardown_taskflow.py took 0.053 seconds
[2025-04-18T11:19:14.387+0900] {processor.py:186} INFO - Started process (PID=640938) to work on /home/kim/airflow_tutorial/py_env/lib/python3.10/site-packages/airflow/example_dags/example_setup_teardown_taskflow.py
[2025-04-18T11:19:14.391+0900] {processor.py:914} INFO - Processing file /home/kim/airflow_tutorial/py_env/lib/python3.10/site-packages/airflow/example_dags/example_setup_teardown_taskflow.py for tasks to queue
[2025-04-18T11:19:14.397+0900] {logging_mixin.py:190} INFO - [2025-04-18T11:19:14.395+0900] {dagbag.py:588} INFO - Filling up the DagBag from /home/kim/airflow_tutorial/py_env/lib/python3.10/site-packages/airflow/example_dags/example_setup_teardown_taskflow.py
[2025-04-18T11:19:14.418+0900] {processor.py:925} INFO - DAG(s) 'example_setup_teardown_taskflow' retrieved from /home/kim/airflow_tutorial/py_env/lib/python3.10/site-packages/airflow/example_dags/example_setup_teardown_taskflow.py
[2025-04-18T11:19:14.430+0900] {logging_mixin.py:190} INFO - [2025-04-18T11:19:14.430+0900] {dag.py:3239} INFO - Sync 1 DAGs
[2025-04-18T11:19:14.438+0900] {logging_mixin.py:190} INFO - [2025-04-18T11:19:14.438+0900] {dag.py:4180} INFO - Setting next_dagrun for example_setup_teardown_taskflow to None, run_after=None
[2025-04-18T11:19:14.454+0900] {processor.py:208} INFO - Processing /home/kim/airflow_tutorial/py_env/lib/python3.10/site-packages/airflow/example_dags/example_setup_teardown_taskflow.py took 0.071 seconds
[2025-04-18T11:20:12.876+0900] {processor.py:186} INFO - Started process (PID=641221) to work on /home/kim/airflow_tutorial/py_env/lib/python3.10/site-packages/airflow/example_dags/example_setup_teardown_taskflow.py
[2025-04-18T11:20:12.878+0900] {processor.py:914} INFO - Processing file /home/kim/airflow_tutorial/py_env/lib/python3.10/site-packages/airflow/example_dags/example_setup_teardown_taskflow.py for tasks to queue
[2025-04-18T11:20:12.881+0900] {logging_mixin.py:190} INFO - [2025-04-18T11:20:12.880+0900] {dagbag.py:588} INFO - Filling up the DagBag from /home/kim/airflow_tutorial/py_env/lib/python3.10/site-packages/airflow/example_dags/example_setup_teardown_taskflow.py
[2025-04-18T11:20:12.889+0900] {processor.py:925} INFO - DAG(s) 'example_setup_teardown_taskflow' retrieved from /home/kim/airflow_tutorial/py_env/lib/python3.10/site-packages/airflow/example_dags/example_setup_teardown_taskflow.py
[2025-04-18T11:20:12.903+0900] {logging_mixin.py:190} INFO - [2025-04-18T11:20:12.903+0900] {dag.py:3239} INFO - Sync 1 DAGs
[2025-04-18T11:20:12.912+0900] {logging_mixin.py:190} INFO - [2025-04-18T11:20:12.912+0900] {dag.py:4180} INFO - Setting next_dagrun for example_setup_teardown_taskflow to None, run_after=None
[2025-04-18T11:20:12.929+0900] {processor.py:208} INFO - Processing /home/kim/airflow_tutorial/py_env/lib/python3.10/site-packages/airflow/example_dags/example_setup_teardown_taskflow.py took 0.058 seconds
[2025-04-18T11:21:11.984+0900] {processor.py:186} INFO - Started process (PID=641513) to work on /home/kim/airflow_tutorial/py_env/lib/python3.10/site-packages/airflow/example_dags/example_setup_teardown_taskflow.py
[2025-04-18T11:21:11.985+0900] {processor.py:914} INFO - Processing file /home/kim/airflow_tutorial/py_env/lib/python3.10/site-packages/airflow/example_dags/example_setup_teardown_taskflow.py for tasks to queue
[2025-04-18T11:21:11.987+0900] {logging_mixin.py:190} INFO - [2025-04-18T11:21:11.987+0900] {dagbag.py:588} INFO - Filling up the DagBag from /home/kim/airflow_tutorial/py_env/lib/python3.10/site-packages/airflow/example_dags/example_setup_teardown_taskflow.py
[2025-04-18T11:21:11.995+0900] {processor.py:925} INFO - DAG(s) 'example_setup_teardown_taskflow' retrieved from /home/kim/airflow_tutorial/py_env/lib/python3.10/site-packages/airflow/example_dags/example_setup_teardown_taskflow.py
[2025-04-18T11:21:12.009+0900] {logging_mixin.py:190} INFO - [2025-04-18T11:21:12.009+0900] {dag.py:3239} INFO - Sync 1 DAGs
[2025-04-18T11:21:12.019+0900] {logging_mixin.py:190} INFO - [2025-04-18T11:21:12.019+0900] {dag.py:4180} INFO - Setting next_dagrun for example_setup_teardown_taskflow to None, run_after=None
[2025-04-18T11:21:12.035+0900] {processor.py:208} INFO - Processing /home/kim/airflow_tutorial/py_env/lib/python3.10/site-packages/airflow/example_dags/example_setup_teardown_taskflow.py took 0.056 seconds
[2025-04-18T11:22:14.434+0900] {processor.py:186} INFO - Started process (PID=641817) to work on /home/kim/airflow_tutorial/py_env/lib/python3.10/site-packages/airflow/example_dags/example_setup_teardown_taskflow.py
[2025-04-18T11:22:14.436+0900] {processor.py:914} INFO - Processing file /home/kim/airflow_tutorial/py_env/lib/python3.10/site-packages/airflow/example_dags/example_setup_teardown_taskflow.py for tasks to queue
[2025-04-18T11:22:14.439+0900] {logging_mixin.py:190} INFO - [2025-04-18T11:22:14.438+0900] {dagbag.py:588} INFO - Filling up the DagBag from /home/kim/airflow_tutorial/py_env/lib/python3.10/site-packages/airflow/example_dags/example_setup_teardown_taskflow.py
[2025-04-18T11:22:14.449+0900] {processor.py:925} INFO - DAG(s) 'example_setup_teardown_taskflow' retrieved from /home/kim/airflow_tutorial/py_env/lib/python3.10/site-packages/airflow/example_dags/example_setup_teardown_taskflow.py
[2025-04-18T11:22:14.463+0900] {logging_mixin.py:190} INFO - [2025-04-18T11:22:14.463+0900] {dag.py:3239} INFO - Sync 1 DAGs
[2025-04-18T11:22:14.473+0900] {logging_mixin.py:190} INFO - [2025-04-18T11:22:14.473+0900] {dag.py:4180} INFO - Setting next_dagrun for example_setup_teardown_taskflow to None, run_after=None
[2025-04-18T11:22:14.490+0900] {processor.py:208} INFO - Processing /home/kim/airflow_tutorial/py_env/lib/python3.10/site-packages/airflow/example_dags/example_setup_teardown_taskflow.py took 0.065 seconds
[2025-04-18T11:23:15.642+0900] {processor.py:186} INFO - Started process (PID=642266) to work on /home/kim/airflow_tutorial/py_env/lib/python3.10/site-packages/airflow/example_dags/example_setup_teardown_taskflow.py
[2025-04-18T11:23:15.645+0900] {processor.py:914} INFO - Processing file /home/kim/airflow_tutorial/py_env/lib/python3.10/site-packages/airflow/example_dags/example_setup_teardown_taskflow.py for tasks to queue
[2025-04-18T11:23:15.648+0900] {logging_mixin.py:190} INFO - [2025-04-18T11:23:15.647+0900] {dagbag.py:588} INFO - Filling up the DagBag from /home/kim/airflow_tutorial/py_env/lib/python3.10/site-packages/airflow/example_dags/example_setup_teardown_taskflow.py
[2025-04-18T11:23:15.656+0900] {processor.py:925} INFO - DAG(s) 'example_setup_teardown_taskflow' retrieved from /home/kim/airflow_tutorial/py_env/lib/python3.10/site-packages/airflow/example_dags/example_setup_teardown_taskflow.py
[2025-04-18T11:23:15.670+0900] {logging_mixin.py:190} INFO - [2025-04-18T11:23:15.670+0900] {dag.py:3239} INFO - Sync 1 DAGs
[2025-04-18T11:23:15.680+0900] {logging_mixin.py:190} INFO - [2025-04-18T11:23:15.680+0900] {dag.py:4180} INFO - Setting next_dagrun for example_setup_teardown_taskflow to None, run_after=None
[2025-04-18T11:23:15.695+0900] {processor.py:208} INFO - Processing /home/kim/airflow_tutorial/py_env/lib/python3.10/site-packages/airflow/example_dags/example_setup_teardown_taskflow.py took 0.058 seconds
[2025-04-18T11:24:11.723+0900] {processor.py:186} INFO - Started process (PID=642577) to work on /home/kim/airflow_tutorial/py_env/lib/python3.10/site-packages/airflow/example_dags/example_setup_teardown_taskflow.py
[2025-04-18T11:24:11.726+0900] {processor.py:914} INFO - Processing file /home/kim/airflow_tutorial/py_env/lib/python3.10/site-packages/airflow/example_dags/example_setup_teardown_taskflow.py for tasks to queue
[2025-04-18T11:24:11.728+0900] {logging_mixin.py:190} INFO - [2025-04-18T11:24:11.727+0900] {dagbag.py:588} INFO - Filling up the DagBag from /home/kim/airflow_tutorial/py_env/lib/python3.10/site-packages/airflow/example_dags/example_setup_teardown_taskflow.py
[2025-04-18T11:24:11.736+0900] {processor.py:925} INFO - DAG(s) 'example_setup_teardown_taskflow' retrieved from /home/kim/airflow_tutorial/py_env/lib/python3.10/site-packages/airflow/example_dags/example_setup_teardown_taskflow.py
[2025-04-18T11:24:11.748+0900] {logging_mixin.py:190} INFO - [2025-04-18T11:24:11.747+0900] {dag.py:3239} INFO - Sync 1 DAGs
[2025-04-18T11:24:11.756+0900] {logging_mixin.py:190} INFO - [2025-04-18T11:24:11.756+0900] {dag.py:4180} INFO - Setting next_dagrun for example_setup_teardown_taskflow to None, run_after=None
[2025-04-18T11:24:11.771+0900] {processor.py:208} INFO - Processing /home/kim/airflow_tutorial/py_env/lib/python3.10/site-packages/airflow/example_dags/example_setup_teardown_taskflow.py took 0.053 seconds
[2025-04-18T11:25:11.965+0900] {processor.py:186} INFO - Started process (PID=642949) to work on /home/kim/airflow_tutorial/py_env/lib/python3.10/site-packages/airflow/example_dags/example_setup_teardown_taskflow.py
[2025-04-18T11:25:11.967+0900] {processor.py:914} INFO - Processing file /home/kim/airflow_tutorial/py_env/lib/python3.10/site-packages/airflow/example_dags/example_setup_teardown_taskflow.py for tasks to queue
[2025-04-18T11:25:11.968+0900] {logging_mixin.py:190} INFO - [2025-04-18T11:25:11.968+0900] {dagbag.py:588} INFO - Filling up the DagBag from /home/kim/airflow_tutorial/py_env/lib/python3.10/site-packages/airflow/example_dags/example_setup_teardown_taskflow.py
[2025-04-18T11:25:11.976+0900] {processor.py:925} INFO - DAG(s) 'example_setup_teardown_taskflow' retrieved from /home/kim/airflow_tutorial/py_env/lib/python3.10/site-packages/airflow/example_dags/example_setup_teardown_taskflow.py
[2025-04-18T11:25:11.989+0900] {logging_mixin.py:190} INFO - [2025-04-18T11:25:11.988+0900] {dag.py:3239} INFO - Sync 1 DAGs
[2025-04-18T11:25:11.997+0900] {logging_mixin.py:190} INFO - [2025-04-18T11:25:11.997+0900] {dag.py:4180} INFO - Setting next_dagrun for example_setup_teardown_taskflow to None, run_after=None
[2025-04-18T11:25:12.013+0900] {processor.py:208} INFO - Processing /home/kim/airflow_tutorial/py_env/lib/python3.10/site-packages/airflow/example_dags/example_setup_teardown_taskflow.py took 0.052 seconds
[2025-04-18T12:03:10.163+0900] {processor.py:186} INFO - Started process (PID=651636) to work on /home/kim/airflow_tutorial/py_env/lib/python3.10/site-packages/airflow/example_dags/example_setup_teardown_taskflow.py
[2025-04-18T12:03:10.164+0900] {processor.py:914} INFO - Processing file /home/kim/airflow_tutorial/py_env/lib/python3.10/site-packages/airflow/example_dags/example_setup_teardown_taskflow.py for tasks to queue
[2025-04-18T12:03:10.166+0900] {logging_mixin.py:190} INFO - [2025-04-18T12:03:10.165+0900] {dagbag.py:588} INFO - Filling up the DagBag from /home/kim/airflow_tutorial/py_env/lib/python3.10/site-packages/airflow/example_dags/example_setup_teardown_taskflow.py
[2025-04-18T12:03:10.173+0900] {processor.py:925} INFO - DAG(s) 'example_setup_teardown_taskflow' retrieved from /home/kim/airflow_tutorial/py_env/lib/python3.10/site-packages/airflow/example_dags/example_setup_teardown_taskflow.py
[2025-04-18T12:03:10.322+0900] {logging_mixin.py:190} INFO - [2025-04-18T12:03:10.322+0900] {override.py:1912} INFO - Created Permission View: can read on DAG:example_setup_teardown_taskflow
[2025-04-18T12:03:10.331+0900] {logging_mixin.py:190} INFO - [2025-04-18T12:03:10.331+0900] {override.py:1912} INFO - Created Permission View: can edit on DAG:example_setup_teardown_taskflow
[2025-04-18T12:03:10.339+0900] {logging_mixin.py:190} INFO - [2025-04-18T12:03:10.338+0900] {override.py:1912} INFO - Created Permission View: can delete on DAG:example_setup_teardown_taskflow
[2025-04-18T12:03:10.347+0900] {logging_mixin.py:190} INFO - [2025-04-18T12:03:10.347+0900] {override.py:1912} INFO - Created Permission View: can read on DAG Run:example_setup_teardown_taskflow
[2025-04-18T12:03:10.354+0900] {logging_mixin.py:190} INFO - [2025-04-18T12:03:10.354+0900] {override.py:1912} INFO - Created Permission View: can create on DAG Run:example_setup_teardown_taskflow
[2025-04-18T12:03:10.361+0900] {logging_mixin.py:190} INFO - [2025-04-18T12:03:10.361+0900] {override.py:1912} INFO - Created Permission View: menu access on DAG Run:example_setup_teardown_taskflow
[2025-04-18T12:03:10.369+0900] {logging_mixin.py:190} INFO - [2025-04-18T12:03:10.369+0900] {override.py:1912} INFO - Created Permission View: can delete on DAG Run:example_setup_teardown_taskflow
[2025-04-18T12:03:10.369+0900] {logging_mixin.py:190} INFO - [2025-04-18T12:03:10.369+0900] {dag.py:3239} INFO - Sync 1 DAGs
[2025-04-18T12:03:10.378+0900] {logging_mixin.py:190} INFO - [2025-04-18T12:03:10.378+0900] {dag.py:3262} INFO - Creating ORM DAG for example_setup_teardown_taskflow
[2025-04-18T12:03:10.378+0900] {logging_mixin.py:190} INFO - [2025-04-18T12:03:10.378+0900] {dag.py:4180} INFO - Setting next_dagrun for example_setup_teardown_taskflow to None, run_after=None
[2025-04-18T12:03:10.395+0900] {processor.py:208} INFO - Processing /home/kim/airflow_tutorial/py_env/lib/python3.10/site-packages/airflow/example_dags/example_setup_teardown_taskflow.py took 0.236 seconds
[2025-04-18T12:05:17.691+0900] {processor.py:186} INFO - Started process (PID=653553) to work on /home/kim/airflow_tutorial/py_env/lib/python3.10/site-packages/airflow/example_dags/example_setup_teardown_taskflow.py
[2025-04-18T12:05:17.693+0900] {processor.py:914} INFO - Processing file /home/kim/airflow_tutorial/py_env/lib/python3.10/site-packages/airflow/example_dags/example_setup_teardown_taskflow.py for tasks to queue
[2025-04-18T12:05:17.695+0900] {logging_mixin.py:190} INFO - [2025-04-18T12:05:17.694+0900] {dagbag.py:588} INFO - Filling up the DagBag from /home/kim/airflow_tutorial/py_env/lib/python3.10/site-packages/airflow/example_dags/example_setup_teardown_taskflow.py
[2025-04-18T12:05:17.706+0900] {processor.py:925} INFO - DAG(s) 'example_setup_teardown_taskflow' retrieved from /home/kim/airflow_tutorial/py_env/lib/python3.10/site-packages/airflow/example_dags/example_setup_teardown_taskflow.py
[2025-04-18T12:05:17.812+0900] {logging_mixin.py:190} INFO - [2025-04-18T12:05:17.812+0900] {dag.py:3239} INFO - Sync 1 DAGs
[2025-04-18T12:05:17.822+0900] {logging_mixin.py:190} INFO - [2025-04-18T12:05:17.822+0900] {dag.py:4180} INFO - Setting next_dagrun for example_setup_teardown_taskflow to None, run_after=None
[2025-04-18T12:05:17.841+0900] {processor.py:208} INFO - Processing /home/kim/airflow_tutorial/py_env/lib/python3.10/site-packages/airflow/example_dags/example_setup_teardown_taskflow.py took 0.156 seconds
[2025-04-18T12:05:48.728+0900] {processor.py:186} INFO - Started process (PID=654031) to work on /home/kim/airflow_tutorial/py_env/lib/python3.10/site-packages/airflow/example_dags/example_setup_teardown_taskflow.py
[2025-04-18T12:05:48.729+0900] {processor.py:914} INFO - Processing file /home/kim/airflow_tutorial/py_env/lib/python3.10/site-packages/airflow/example_dags/example_setup_teardown_taskflow.py for tasks to queue
[2025-04-18T12:05:48.731+0900] {logging_mixin.py:190} INFO - [2025-04-18T12:05:48.731+0900] {dagbag.py:588} INFO - Filling up the DagBag from /home/kim/airflow_tutorial/py_env/lib/python3.10/site-packages/airflow/example_dags/example_setup_teardown_taskflow.py
[2025-04-18T12:05:48.745+0900] {processor.py:925} INFO - DAG(s) 'example_setup_teardown_taskflow' retrieved from /home/kim/airflow_tutorial/py_env/lib/python3.10/site-packages/airflow/example_dags/example_setup_teardown_taskflow.py
[2025-04-18T12:05:48.776+0900] {logging_mixin.py:190} INFO - [2025-04-18T12:05:48.776+0900] {dag.py:3239} INFO - Sync 1 DAGs
[2025-04-18T12:05:48.793+0900] {logging_mixin.py:190} INFO - [2025-04-18T12:05:48.793+0900] {dag.py:4180} INFO - Setting next_dagrun for example_setup_teardown_taskflow to None, run_after=None
[2025-04-18T12:05:48.817+0900] {processor.py:208} INFO - Processing /home/kim/airflow_tutorial/py_env/lib/python3.10/site-packages/airflow/example_dags/example_setup_teardown_taskflow.py took 0.096 seconds
[2025-04-18T12:06:19.480+0900] {processor.py:186} INFO - Started process (PID=654414) to work on /home/kim/airflow_tutorial/py_env/lib/python3.10/site-packages/airflow/example_dags/example_setup_teardown_taskflow.py
[2025-04-18T12:06:19.481+0900] {processor.py:914} INFO - Processing file /home/kim/airflow_tutorial/py_env/lib/python3.10/site-packages/airflow/example_dags/example_setup_teardown_taskflow.py for tasks to queue
[2025-04-18T12:06:19.483+0900] {logging_mixin.py:190} INFO - [2025-04-18T12:06:19.482+0900] {dagbag.py:588} INFO - Filling up the DagBag from /home/kim/airflow_tutorial/py_env/lib/python3.10/site-packages/airflow/example_dags/example_setup_teardown_taskflow.py
[2025-04-18T12:06:19.493+0900] {processor.py:925} INFO - DAG(s) 'example_setup_teardown_taskflow' retrieved from /home/kim/airflow_tutorial/py_env/lib/python3.10/site-packages/airflow/example_dags/example_setup_teardown_taskflow.py
[2025-04-18T12:06:19.516+0900] {logging_mixin.py:190} INFO - [2025-04-18T12:06:19.516+0900] {dag.py:3239} INFO - Sync 1 DAGs
[2025-04-18T12:06:19.527+0900] {logging_mixin.py:190} INFO - [2025-04-18T12:06:19.527+0900] {dag.py:4180} INFO - Setting next_dagrun for example_setup_teardown_taskflow to None, run_after=None
[2025-04-18T12:06:19.547+0900] {processor.py:208} INFO - Processing /home/kim/airflow_tutorial/py_env/lib/python3.10/site-packages/airflow/example_dags/example_setup_teardown_taskflow.py took 0.075 seconds
