[2025-04-18T11:13:59.310+0900] {processor.py:186} INFO - Started process (PID=637981) to work on /home/kim/airflow_tutorial/py_env/lib/python3.10/site-packages/airflow/example_dags/example_dataset_alias.py
[2025-04-18T11:13:59.310+0900] {processor.py:914} INFO - Processing file /home/kim/airflow_tutorial/py_env/lib/python3.10/site-packages/airflow/example_dags/example_dataset_alias.py for tasks to queue
[2025-04-18T11:13:59.312+0900] {logging_mixin.py:190} INFO - [2025-04-18T11:13:59.312+0900] {dagbag.py:588} INFO - Filling up the DagBag from /home/kim/airflow_tutorial/py_env/lib/python3.10/site-packages/airflow/example_dags/example_dataset_alias.py
[2025-04-18T11:13:59.328+0900] {processor.py:925} INFO - DAG(s) 'dataset_alias_example_alias_consumer', 'dataset_s3_bucket_producer', 'dataset_alias_example_alias_producer', 'dataset_s3_bucket_consumer' retrieved from /home/kim/airflow_tutorial/py_env/lib/python3.10/site-packages/airflow/example_dags/example_dataset_alias.py
[2025-04-18T11:13:59.411+0900] {logging_mixin.py:190} INFO - [2025-04-18T11:13:59.410+0900] {override.py:1912} INFO - Created Permission View: can delete on DAG:dataset_alias_example_alias_consumer
[2025-04-18T11:13:59.423+0900] {logging_mixin.py:190} INFO - [2025-04-18T11:13:59.422+0900] {override.py:1912} INFO - Created Permission View: can edit on DAG:dataset_alias_example_alias_consumer
[2025-04-18T11:13:59.433+0900] {logging_mixin.py:190} INFO - [2025-04-18T11:13:59.432+0900] {override.py:1912} INFO - Created Permission View: can read on DAG:dataset_alias_example_alias_consumer
[2025-04-18T11:13:59.448+0900] {logging_mixin.py:190} INFO - [2025-04-18T11:13:59.447+0900] {override.py:1912} INFO - Created Permission View: can delete on DAG Run:dataset_alias_example_alias_consumer
[2025-04-18T11:13:59.458+0900] {logging_mixin.py:190} INFO - [2025-04-18T11:13:59.457+0900] {override.py:1912} INFO - Created Permission View: can create on DAG Run:dataset_alias_example_alias_consumer
[2025-04-18T11:13:59.467+0900] {logging_mixin.py:190} INFO - [2025-04-18T11:13:59.467+0900] {override.py:1912} INFO - Created Permission View: menu access on DAG Run:dataset_alias_example_alias_consumer
[2025-04-18T11:13:59.477+0900] {logging_mixin.py:190} INFO - [2025-04-18T11:13:59.476+0900] {override.py:1912} INFO - Created Permission View: can read on DAG Run:dataset_alias_example_alias_consumer
[2025-04-18T11:13:59.495+0900] {logging_mixin.py:190} INFO - [2025-04-18T11:13:59.495+0900] {override.py:1912} INFO - Created Permission View: can delete on DAG:dataset_s3_bucket_producer
[2025-04-18T11:13:59.504+0900] {logging_mixin.py:190} INFO - [2025-04-18T11:13:59.503+0900] {override.py:1912} INFO - Created Permission View: can edit on DAG:dataset_s3_bucket_producer
[2025-04-18T11:13:59.514+0900] {logging_mixin.py:190} INFO - [2025-04-18T11:13:59.513+0900] {override.py:1912} INFO - Created Permission View: can read on DAG:dataset_s3_bucket_producer
[2025-04-18T11:13:59.529+0900] {logging_mixin.py:190} INFO - [2025-04-18T11:13:59.528+0900] {override.py:1912} INFO - Created Permission View: can delete on DAG Run:dataset_s3_bucket_producer
[2025-04-18T11:13:59.542+0900] {logging_mixin.py:190} INFO - [2025-04-18T11:13:59.541+0900] {override.py:1912} INFO - Created Permission View: can create on DAG Run:dataset_s3_bucket_producer
[2025-04-18T11:13:59.555+0900] {logging_mixin.py:190} INFO - [2025-04-18T11:13:59.554+0900] {override.py:1912} INFO - Created Permission View: menu access on DAG Run:dataset_s3_bucket_producer
[2025-04-18T11:13:59.566+0900] {logging_mixin.py:190} INFO - [2025-04-18T11:13:59.565+0900] {override.py:1912} INFO - Created Permission View: can read on DAG Run:dataset_s3_bucket_producer
[2025-04-18T11:13:59.587+0900] {logging_mixin.py:190} INFO - [2025-04-18T11:13:59.586+0900] {override.py:1912} INFO - Created Permission View: can delete on DAG:dataset_alias_example_alias_producer
[2025-04-18T11:13:59.599+0900] {logging_mixin.py:190} INFO - [2025-04-18T11:13:59.599+0900] {override.py:1912} INFO - Created Permission View: can edit on DAG:dataset_alias_example_alias_producer
[2025-04-18T11:13:59.611+0900] {logging_mixin.py:190} INFO - [2025-04-18T11:13:59.610+0900] {override.py:1912} INFO - Created Permission View: can read on DAG:dataset_alias_example_alias_producer
[2025-04-18T11:13:59.627+0900] {logging_mixin.py:190} INFO - [2025-04-18T11:13:59.627+0900] {override.py:1912} INFO - Created Permission View: can delete on DAG Run:dataset_alias_example_alias_producer
[2025-04-18T11:13:59.638+0900] {logging_mixin.py:190} INFO - [2025-04-18T11:13:59.638+0900] {override.py:1912} INFO - Created Permission View: can create on DAG Run:dataset_alias_example_alias_producer
[2025-04-18T11:13:59.648+0900] {logging_mixin.py:190} INFO - [2025-04-18T11:13:59.648+0900] {override.py:1912} INFO - Created Permission View: menu access on DAG Run:dataset_alias_example_alias_producer
[2025-04-18T11:13:59.657+0900] {logging_mixin.py:190} INFO - [2025-04-18T11:13:59.657+0900] {override.py:1912} INFO - Created Permission View: can read on DAG Run:dataset_alias_example_alias_producer
[2025-04-18T11:13:59.677+0900] {logging_mixin.py:190} INFO - [2025-04-18T11:13:59.676+0900] {override.py:1912} INFO - Created Permission View: can delete on DAG:dataset_s3_bucket_consumer
[2025-04-18T11:13:59.688+0900] {logging_mixin.py:190} INFO - [2025-04-18T11:13:59.687+0900] {override.py:1912} INFO - Created Permission View: can edit on DAG:dataset_s3_bucket_consumer
[2025-04-18T11:13:59.697+0900] {logging_mixin.py:190} INFO - [2025-04-18T11:13:59.696+0900] {override.py:1912} INFO - Created Permission View: can read on DAG:dataset_s3_bucket_consumer
[2025-04-18T11:13:59.711+0900] {logging_mixin.py:190} INFO - [2025-04-18T11:13:59.710+0900] {override.py:1912} INFO - Created Permission View: can delete on DAG Run:dataset_s3_bucket_consumer
[2025-04-18T11:13:59.721+0900] {logging_mixin.py:190} INFO - [2025-04-18T11:13:59.721+0900] {override.py:1912} INFO - Created Permission View: can create on DAG Run:dataset_s3_bucket_consumer
[2025-04-18T11:13:59.730+0900] {logging_mixin.py:190} INFO - [2025-04-18T11:13:59.730+0900] {override.py:1912} INFO - Created Permission View: menu access on DAG Run:dataset_s3_bucket_consumer
[2025-04-18T11:13:59.739+0900] {logging_mixin.py:190} INFO - [2025-04-18T11:13:59.738+0900] {override.py:1912} INFO - Created Permission View: can read on DAG Run:dataset_s3_bucket_consumer
[2025-04-18T11:13:59.739+0900] {logging_mixin.py:190} INFO - [2025-04-18T11:13:59.739+0900] {dag.py:3239} INFO - Sync 4 DAGs
[2025-04-18T11:13:59.750+0900] {logging_mixin.py:190} INFO - [2025-04-18T11:13:59.749+0900] {dag.py:3262} INFO - Creating ORM DAG for dataset_s3_bucket_consumer
[2025-04-18T11:13:59.750+0900] {logging_mixin.py:190} INFO - [2025-04-18T11:13:59.750+0900] {dag.py:3262} INFO - Creating ORM DAG for dataset_alias_example_alias_consumer
[2025-04-18T11:13:59.751+0900] {logging_mixin.py:190} INFO - [2025-04-18T11:13:59.751+0900] {dag.py:3262} INFO - Creating ORM DAG for dataset_s3_bucket_producer
[2025-04-18T11:13:59.751+0900] {logging_mixin.py:190} INFO - [2025-04-18T11:13:59.751+0900] {dag.py:3262} INFO - Creating ORM DAG for dataset_alias_example_alias_producer
[2025-04-18T11:13:59.757+0900] {logging_mixin.py:190} INFO - [2025-04-18T11:13:59.757+0900] {dag.py:4180} INFO - Setting next_dagrun for dataset_alias_example_alias_consumer to None, run_after=None
[2025-04-18T11:13:59.758+0900] {logging_mixin.py:190} INFO - [2025-04-18T11:13:59.758+0900] {dag.py:4180} INFO - Setting next_dagrun for dataset_alias_example_alias_producer to None, run_after=None
[2025-04-18T11:13:59.758+0900] {logging_mixin.py:190} INFO - [2025-04-18T11:13:59.758+0900] {dag.py:4180} INFO - Setting next_dagrun for dataset_s3_bucket_consumer to None, run_after=None
[2025-04-18T11:13:59.759+0900] {logging_mixin.py:190} INFO - [2025-04-18T11:13:59.759+0900] {dag.py:4180} INFO - Setting next_dagrun for dataset_s3_bucket_producer to None, run_after=None
[2025-04-18T11:13:59.790+0900] {processor.py:208} INFO - Processing /home/kim/airflow_tutorial/py_env/lib/python3.10/site-packages/airflow/example_dags/example_dataset_alias.py took 0.486 seconds
[2025-04-18T11:15:02.371+0900] {processor.py:186} INFO - Started process (PID=638515) to work on /home/kim/airflow_tutorial/py_env/lib/python3.10/site-packages/airflow/example_dags/example_dataset_alias.py
[2025-04-18T11:15:02.373+0900] {processor.py:914} INFO - Processing file /home/kim/airflow_tutorial/py_env/lib/python3.10/site-packages/airflow/example_dags/example_dataset_alias.py for tasks to queue
[2025-04-18T11:15:02.374+0900] {logging_mixin.py:190} INFO - [2025-04-18T11:15:02.374+0900] {dagbag.py:588} INFO - Filling up the DagBag from /home/kim/airflow_tutorial/py_env/lib/python3.10/site-packages/airflow/example_dags/example_dataset_alias.py
[2025-04-18T11:15:02.407+0900] {processor.py:925} INFO - DAG(s) 'dataset_s3_bucket_consumer', 'dataset_alias_example_alias_consumer', 'dataset_s3_bucket_producer', 'dataset_alias_example_alias_producer' retrieved from /home/kim/airflow_tutorial/py_env/lib/python3.10/site-packages/airflow/example_dags/example_dataset_alias.py
[2025-04-18T11:15:02.430+0900] {logging_mixin.py:190} INFO - [2025-04-18T11:15:02.429+0900] {dag.py:3239} INFO - Sync 4 DAGs
[2025-04-18T11:15:02.447+0900] {logging_mixin.py:190} INFO - [2025-04-18T11:15:02.446+0900] {dag.py:4180} INFO - Setting next_dagrun for dataset_alias_example_alias_consumer to None, run_after=None
[2025-04-18T11:15:02.448+0900] {logging_mixin.py:190} INFO - [2025-04-18T11:15:02.448+0900] {dag.py:4180} INFO - Setting next_dagrun for dataset_alias_example_alias_producer to None, run_after=None
[2025-04-18T11:15:02.449+0900] {logging_mixin.py:190} INFO - [2025-04-18T11:15:02.449+0900] {dag.py:4180} INFO - Setting next_dagrun for dataset_s3_bucket_consumer to None, run_after=None
[2025-04-18T11:15:02.450+0900] {logging_mixin.py:190} INFO - [2025-04-18T11:15:02.449+0900] {dag.py:4180} INFO - Setting next_dagrun for dataset_s3_bucket_producer to None, run_after=None
[2025-04-18T11:15:02.467+0900] {processor.py:208} INFO - Processing /home/kim/airflow_tutorial/py_env/lib/python3.10/site-packages/airflow/example_dags/example_dataset_alias.py took 0.100 seconds
[2025-04-18T11:15:59.318+0900] {processor.py:186} INFO - Started process (PID=638865) to work on /home/kim/airflow_tutorial/py_env/lib/python3.10/site-packages/airflow/example_dags/example_dataset_alias.py
[2025-04-18T11:15:59.320+0900] {processor.py:914} INFO - Processing file /home/kim/airflow_tutorial/py_env/lib/python3.10/site-packages/airflow/example_dags/example_dataset_alias.py for tasks to queue
[2025-04-18T11:15:59.322+0900] {logging_mixin.py:190} INFO - [2025-04-18T11:15:59.322+0900] {dagbag.py:588} INFO - Filling up the DagBag from /home/kim/airflow_tutorial/py_env/lib/python3.10/site-packages/airflow/example_dags/example_dataset_alias.py
[2025-04-18T11:15:59.342+0900] {processor.py:925} INFO - DAG(s) 'dataset_alias_example_alias_consumer', 'dataset_s3_bucket_producer', 'dataset_alias_example_alias_producer', 'dataset_s3_bucket_consumer' retrieved from /home/kim/airflow_tutorial/py_env/lib/python3.10/site-packages/airflow/example_dags/example_dataset_alias.py
[2025-04-18T11:15:59.361+0900] {logging_mixin.py:190} INFO - [2025-04-18T11:15:59.361+0900] {dag.py:3239} INFO - Sync 4 DAGs
[2025-04-18T11:15:59.377+0900] {logging_mixin.py:190} INFO - [2025-04-18T11:15:59.376+0900] {dag.py:4180} INFO - Setting next_dagrun for dataset_alias_example_alias_consumer to None, run_after=None
[2025-04-18T11:15:59.378+0900] {logging_mixin.py:190} INFO - [2025-04-18T11:15:59.378+0900] {dag.py:4180} INFO - Setting next_dagrun for dataset_alias_example_alias_producer to None, run_after=None
[2025-04-18T11:15:59.379+0900] {logging_mixin.py:190} INFO - [2025-04-18T11:15:59.379+0900] {dag.py:4180} INFO - Setting next_dagrun for dataset_s3_bucket_consumer to None, run_after=None
[2025-04-18T11:15:59.380+0900] {logging_mixin.py:190} INFO - [2025-04-18T11:15:59.380+0900] {dag.py:4180} INFO - Setting next_dagrun for dataset_s3_bucket_producer to None, run_after=None
[2025-04-18T11:15:59.399+0900] {processor.py:208} INFO - Processing /home/kim/airflow_tutorial/py_env/lib/python3.10/site-packages/airflow/example_dags/example_dataset_alias.py took 0.086 seconds
[2025-04-18T11:16:59.905+0900] {processor.py:186} INFO - Started process (PID=639680) to work on /home/kim/airflow_tutorial/py_env/lib/python3.10/site-packages/airflow/example_dags/example_dataset_alias.py
[2025-04-18T11:16:59.907+0900] {processor.py:914} INFO - Processing file /home/kim/airflow_tutorial/py_env/lib/python3.10/site-packages/airflow/example_dags/example_dataset_alias.py for tasks to queue
[2025-04-18T11:16:59.909+0900] {logging_mixin.py:190} INFO - [2025-04-18T11:16:59.908+0900] {dagbag.py:588} INFO - Filling up the DagBag from /home/kim/airflow_tutorial/py_env/lib/python3.10/site-packages/airflow/example_dags/example_dataset_alias.py
[2025-04-18T11:16:59.932+0900] {processor.py:925} INFO - DAG(s) 'dataset_s3_bucket_consumer', 'dataset_alias_example_alias_producer', 'dataset_alias_example_alias_consumer', 'dataset_s3_bucket_producer' retrieved from /home/kim/airflow_tutorial/py_env/lib/python3.10/site-packages/airflow/example_dags/example_dataset_alias.py
[2025-04-18T11:16:59.948+0900] {logging_mixin.py:190} INFO - [2025-04-18T11:16:59.948+0900] {dag.py:3239} INFO - Sync 4 DAGs
[2025-04-18T11:16:59.968+0900] {logging_mixin.py:190} INFO - [2025-04-18T11:16:59.968+0900] {dag.py:4180} INFO - Setting next_dagrun for dataset_alias_example_alias_consumer to None, run_after=None
[2025-04-18T11:16:59.970+0900] {logging_mixin.py:190} INFO - [2025-04-18T11:16:59.970+0900] {dag.py:4180} INFO - Setting next_dagrun for dataset_alias_example_alias_producer to None, run_after=None
[2025-04-18T11:16:59.972+0900] {logging_mixin.py:190} INFO - [2025-04-18T11:16:59.972+0900] {dag.py:4180} INFO - Setting next_dagrun for dataset_s3_bucket_consumer to None, run_after=None
[2025-04-18T11:16:59.973+0900] {logging_mixin.py:190} INFO - [2025-04-18T11:16:59.973+0900] {dag.py:4180} INFO - Setting next_dagrun for dataset_s3_bucket_producer to None, run_after=None
[2025-04-18T11:17:00.001+0900] {processor.py:208} INFO - Processing /home/kim/airflow_tutorial/py_env/lib/python3.10/site-packages/airflow/example_dags/example_dataset_alias.py took 0.101 seconds
[2025-04-18T11:18:00.088+0900] {processor.py:186} INFO - Started process (PID=640302) to work on /home/kim/airflow_tutorial/py_env/lib/python3.10/site-packages/airflow/example_dags/example_dataset_alias.py
[2025-04-18T11:18:00.089+0900] {processor.py:914} INFO - Processing file /home/kim/airflow_tutorial/py_env/lib/python3.10/site-packages/airflow/example_dags/example_dataset_alias.py for tasks to queue
[2025-04-18T11:18:00.090+0900] {logging_mixin.py:190} INFO - [2025-04-18T11:18:00.090+0900] {dagbag.py:588} INFO - Filling up the DagBag from /home/kim/airflow_tutorial/py_env/lib/python3.10/site-packages/airflow/example_dags/example_dataset_alias.py
[2025-04-18T11:18:00.107+0900] {processor.py:925} INFO - DAG(s) 'dataset_alias_example_alias_consumer', 'dataset_s3_bucket_consumer', 'dataset_alias_example_alias_producer', 'dataset_s3_bucket_producer' retrieved from /home/kim/airflow_tutorial/py_env/lib/python3.10/site-packages/airflow/example_dags/example_dataset_alias.py
[2025-04-18T11:18:00.121+0900] {logging_mixin.py:190} INFO - [2025-04-18T11:18:00.121+0900] {dag.py:3239} INFO - Sync 4 DAGs
[2025-04-18T11:18:00.135+0900] {logging_mixin.py:190} INFO - [2025-04-18T11:18:00.135+0900] {dag.py:4180} INFO - Setting next_dagrun for dataset_alias_example_alias_consumer to None, run_after=None
[2025-04-18T11:18:00.137+0900] {logging_mixin.py:190} INFO - [2025-04-18T11:18:00.137+0900] {dag.py:4180} INFO - Setting next_dagrun for dataset_alias_example_alias_producer to None, run_after=None
[2025-04-18T11:18:00.138+0900] {logging_mixin.py:190} INFO - [2025-04-18T11:18:00.138+0900] {dag.py:4180} INFO - Setting next_dagrun for dataset_s3_bucket_consumer to None, run_after=None
[2025-04-18T11:18:00.139+0900] {logging_mixin.py:190} INFO - [2025-04-18T11:18:00.139+0900] {dag.py:4180} INFO - Setting next_dagrun for dataset_s3_bucket_producer to None, run_after=None
[2025-04-18T11:18:00.159+0900] {processor.py:208} INFO - Processing /home/kim/airflow_tutorial/py_env/lib/python3.10/site-packages/airflow/example_dags/example_dataset_alias.py took 0.076 seconds
[2025-04-18T11:18:58.981+0900] {processor.py:186} INFO - Started process (PID=640808) to work on /home/kim/airflow_tutorial/py_env/lib/python3.10/site-packages/airflow/example_dags/example_dataset_alias.py
[2025-04-18T11:18:58.983+0900] {processor.py:914} INFO - Processing file /home/kim/airflow_tutorial/py_env/lib/python3.10/site-packages/airflow/example_dags/example_dataset_alias.py for tasks to queue
[2025-04-18T11:18:58.984+0900] {logging_mixin.py:190} INFO - [2025-04-18T11:18:58.984+0900] {dagbag.py:588} INFO - Filling up the DagBag from /home/kim/airflow_tutorial/py_env/lib/python3.10/site-packages/airflow/example_dags/example_dataset_alias.py
[2025-04-18T11:18:59.001+0900] {processor.py:925} INFO - DAG(s) 'dataset_alias_example_alias_producer', 'dataset_s3_bucket_consumer', 'dataset_s3_bucket_producer', 'dataset_alias_example_alias_consumer' retrieved from /home/kim/airflow_tutorial/py_env/lib/python3.10/site-packages/airflow/example_dags/example_dataset_alias.py
[2025-04-18T11:18:59.014+0900] {logging_mixin.py:190} INFO - [2025-04-18T11:18:59.014+0900] {dag.py:3239} INFO - Sync 4 DAGs
[2025-04-18T11:18:59.027+0900] {logging_mixin.py:190} INFO - [2025-04-18T11:18:59.026+0900] {dag.py:4180} INFO - Setting next_dagrun for dataset_alias_example_alias_consumer to None, run_after=None
[2025-04-18T11:18:59.028+0900] {logging_mixin.py:190} INFO - [2025-04-18T11:18:59.028+0900] {dag.py:4180} INFO - Setting next_dagrun for dataset_alias_example_alias_producer to None, run_after=None
[2025-04-18T11:18:59.029+0900] {logging_mixin.py:190} INFO - [2025-04-18T11:18:59.029+0900] {dag.py:4180} INFO - Setting next_dagrun for dataset_s3_bucket_consumer to None, run_after=None
[2025-04-18T11:18:59.029+0900] {logging_mixin.py:190} INFO - [2025-04-18T11:18:59.029+0900] {dag.py:4180} INFO - Setting next_dagrun for dataset_s3_bucket_producer to None, run_after=None
[2025-04-18T11:18:59.048+0900] {processor.py:208} INFO - Processing /home/kim/airflow_tutorial/py_env/lib/python3.10/site-packages/airflow/example_dags/example_dataset_alias.py took 0.071 seconds
[2025-04-18T11:19:58.791+0900] {processor.py:186} INFO - Started process (PID=641093) to work on /home/kim/airflow_tutorial/py_env/lib/python3.10/site-packages/airflow/example_dags/example_dataset_alias.py
[2025-04-18T11:19:58.793+0900] {processor.py:914} INFO - Processing file /home/kim/airflow_tutorial/py_env/lib/python3.10/site-packages/airflow/example_dags/example_dataset_alias.py for tasks to queue
[2025-04-18T11:19:58.794+0900] {logging_mixin.py:190} INFO - [2025-04-18T11:19:58.794+0900] {dagbag.py:588} INFO - Filling up the DagBag from /home/kim/airflow_tutorial/py_env/lib/python3.10/site-packages/airflow/example_dags/example_dataset_alias.py
[2025-04-18T11:19:58.815+0900] {processor.py:925} INFO - DAG(s) 'dataset_alias_example_alias_consumer', 'dataset_s3_bucket_consumer', 'dataset_alias_example_alias_producer', 'dataset_s3_bucket_producer' retrieved from /home/kim/airflow_tutorial/py_env/lib/python3.10/site-packages/airflow/example_dags/example_dataset_alias.py
[2025-04-18T11:19:58.844+0900] {logging_mixin.py:190} INFO - [2025-04-18T11:19:58.844+0900] {dag.py:3239} INFO - Sync 4 DAGs
[2025-04-18T11:19:58.857+0900] {logging_mixin.py:190} INFO - [2025-04-18T11:19:58.857+0900] {dag.py:4180} INFO - Setting next_dagrun for dataset_alias_example_alias_consumer to None, run_after=None
[2025-04-18T11:19:58.859+0900] {logging_mixin.py:190} INFO - [2025-04-18T11:19:58.858+0900] {dag.py:4180} INFO - Setting next_dagrun for dataset_alias_example_alias_producer to None, run_after=None
[2025-04-18T11:19:58.859+0900] {logging_mixin.py:190} INFO - [2025-04-18T11:19:58.859+0900] {dag.py:4180} INFO - Setting next_dagrun for dataset_s3_bucket_consumer to None, run_after=None
[2025-04-18T11:19:58.860+0900] {logging_mixin.py:190} INFO - [2025-04-18T11:19:58.860+0900] {dag.py:4180} INFO - Setting next_dagrun for dataset_s3_bucket_producer to None, run_after=None
[2025-04-18T11:19:58.877+0900] {processor.py:208} INFO - Processing /home/kim/airflow_tutorial/py_env/lib/python3.10/site-packages/airflow/example_dags/example_dataset_alias.py took 0.091 seconds
[2025-04-18T11:20:58.855+0900] {processor.py:186} INFO - Started process (PID=641386) to work on /home/kim/airflow_tutorial/py_env/lib/python3.10/site-packages/airflow/example_dags/example_dataset_alias.py
[2025-04-18T11:20:58.858+0900] {processor.py:914} INFO - Processing file /home/kim/airflow_tutorial/py_env/lib/python3.10/site-packages/airflow/example_dags/example_dataset_alias.py for tasks to queue
[2025-04-18T11:20:58.860+0900] {logging_mixin.py:190} INFO - [2025-04-18T11:20:58.859+0900] {dagbag.py:588} INFO - Filling up the DagBag from /home/kim/airflow_tutorial/py_env/lib/python3.10/site-packages/airflow/example_dags/example_dataset_alias.py
[2025-04-18T11:20:58.877+0900] {processor.py:925} INFO - DAG(s) 'dataset_alias_example_alias_consumer', 'dataset_s3_bucket_producer', 'dataset_alias_example_alias_producer', 'dataset_s3_bucket_consumer' retrieved from /home/kim/airflow_tutorial/py_env/lib/python3.10/site-packages/airflow/example_dags/example_dataset_alias.py
[2025-04-18T11:20:58.892+0900] {logging_mixin.py:190} INFO - [2025-04-18T11:20:58.891+0900] {dag.py:3239} INFO - Sync 4 DAGs
[2025-04-18T11:20:58.905+0900] {logging_mixin.py:190} INFO - [2025-04-18T11:20:58.905+0900] {dag.py:4180} INFO - Setting next_dagrun for dataset_alias_example_alias_consumer to None, run_after=None
[2025-04-18T11:20:58.906+0900] {logging_mixin.py:190} INFO - [2025-04-18T11:20:58.906+0900] {dag.py:4180} INFO - Setting next_dagrun for dataset_alias_example_alias_producer to None, run_after=None
[2025-04-18T11:20:58.907+0900] {logging_mixin.py:190} INFO - [2025-04-18T11:20:58.907+0900] {dag.py:4180} INFO - Setting next_dagrun for dataset_s3_bucket_consumer to None, run_after=None
[2025-04-18T11:20:58.908+0900] {logging_mixin.py:190} INFO - [2025-04-18T11:20:58.908+0900] {dag.py:4180} INFO - Setting next_dagrun for dataset_s3_bucket_producer to None, run_after=None
[2025-04-18T11:20:58.925+0900] {processor.py:208} INFO - Processing /home/kim/airflow_tutorial/py_env/lib/python3.10/site-packages/airflow/example_dags/example_dataset_alias.py took 0.075 seconds
[2025-04-18T11:21:58.130+0900] {processor.py:186} INFO - Started process (PID=641684) to work on /home/kim/airflow_tutorial/py_env/lib/python3.10/site-packages/airflow/example_dags/example_dataset_alias.py
[2025-04-18T11:21:58.133+0900] {processor.py:914} INFO - Processing file /home/kim/airflow_tutorial/py_env/lib/python3.10/site-packages/airflow/example_dags/example_dataset_alias.py for tasks to queue
[2025-04-18T11:21:58.134+0900] {logging_mixin.py:190} INFO - [2025-04-18T11:21:58.134+0900] {dagbag.py:588} INFO - Filling up the DagBag from /home/kim/airflow_tutorial/py_env/lib/python3.10/site-packages/airflow/example_dags/example_dataset_alias.py
[2025-04-18T11:21:58.153+0900] {processor.py:925} INFO - DAG(s) 'dataset_alias_example_alias_consumer', 'dataset_s3_bucket_producer', 'dataset_s3_bucket_consumer', 'dataset_alias_example_alias_producer' retrieved from /home/kim/airflow_tutorial/py_env/lib/python3.10/site-packages/airflow/example_dags/example_dataset_alias.py
[2025-04-18T11:21:58.170+0900] {logging_mixin.py:190} INFO - [2025-04-18T11:21:58.170+0900] {dag.py:3239} INFO - Sync 4 DAGs
[2025-04-18T11:21:58.188+0900] {logging_mixin.py:190} INFO - [2025-04-18T11:21:58.187+0900] {dag.py:4180} INFO - Setting next_dagrun for dataset_alias_example_alias_consumer to None, run_after=None
[2025-04-18T11:21:58.190+0900] {logging_mixin.py:190} INFO - [2025-04-18T11:21:58.189+0900] {dag.py:4180} INFO - Setting next_dagrun for dataset_alias_example_alias_producer to None, run_after=None
[2025-04-18T11:21:58.191+0900] {logging_mixin.py:190} INFO - [2025-04-18T11:21:58.190+0900] {dag.py:4180} INFO - Setting next_dagrun for dataset_s3_bucket_consumer to None, run_after=None
[2025-04-18T11:21:58.191+0900] {logging_mixin.py:190} INFO - [2025-04-18T11:21:58.191+0900] {dag.py:4180} INFO - Setting next_dagrun for dataset_s3_bucket_producer to None, run_after=None
[2025-04-18T11:21:58.209+0900] {processor.py:208} INFO - Processing /home/kim/airflow_tutorial/py_env/lib/python3.10/site-packages/airflow/example_dags/example_dataset_alias.py took 0.085 seconds
[2025-04-18T11:22:59.650+0900] {processor.py:186} INFO - Started process (PID=642138) to work on /home/kim/airflow_tutorial/py_env/lib/python3.10/site-packages/airflow/example_dags/example_dataset_alias.py
[2025-04-18T11:22:59.651+0900] {processor.py:914} INFO - Processing file /home/kim/airflow_tutorial/py_env/lib/python3.10/site-packages/airflow/example_dags/example_dataset_alias.py for tasks to queue
[2025-04-18T11:22:59.653+0900] {logging_mixin.py:190} INFO - [2025-04-18T11:22:59.652+0900] {dagbag.py:588} INFO - Filling up the DagBag from /home/kim/airflow_tutorial/py_env/lib/python3.10/site-packages/airflow/example_dags/example_dataset_alias.py
[2025-04-18T11:22:59.669+0900] {processor.py:925} INFO - DAG(s) 'dataset_s3_bucket_producer', 'dataset_alias_example_alias_producer', 'dataset_alias_example_alias_consumer', 'dataset_s3_bucket_consumer' retrieved from /home/kim/airflow_tutorial/py_env/lib/python3.10/site-packages/airflow/example_dags/example_dataset_alias.py
[2025-04-18T11:22:59.682+0900] {logging_mixin.py:190} INFO - [2025-04-18T11:22:59.682+0900] {dag.py:3239} INFO - Sync 4 DAGs
[2025-04-18T11:22:59.695+0900] {logging_mixin.py:190} INFO - [2025-04-18T11:22:59.695+0900] {dag.py:4180} INFO - Setting next_dagrun for dataset_alias_example_alias_consumer to None, run_after=None
[2025-04-18T11:22:59.697+0900] {logging_mixin.py:190} INFO - [2025-04-18T11:22:59.697+0900] {dag.py:4180} INFO - Setting next_dagrun for dataset_alias_example_alias_producer to None, run_after=None
[2025-04-18T11:22:59.697+0900] {logging_mixin.py:190} INFO - [2025-04-18T11:22:59.697+0900] {dag.py:4180} INFO - Setting next_dagrun for dataset_s3_bucket_consumer to None, run_after=None
[2025-04-18T11:22:59.698+0900] {logging_mixin.py:190} INFO - [2025-04-18T11:22:59.698+0900] {dag.py:4180} INFO - Setting next_dagrun for dataset_s3_bucket_producer to None, run_after=None
[2025-04-18T11:22:59.714+0900] {processor.py:208} INFO - Processing /home/kim/airflow_tutorial/py_env/lib/python3.10/site-packages/airflow/example_dags/example_dataset_alias.py took 0.069 seconds
[2025-04-18T11:23:56.490+0900] {processor.py:186} INFO - Started process (PID=642497) to work on /home/kim/airflow_tutorial/py_env/lib/python3.10/site-packages/airflow/example_dags/example_dataset_alias.py
[2025-04-18T11:23:56.492+0900] {processor.py:914} INFO - Processing file /home/kim/airflow_tutorial/py_env/lib/python3.10/site-packages/airflow/example_dags/example_dataset_alias.py for tasks to queue
[2025-04-18T11:23:56.494+0900] {logging_mixin.py:190} INFO - [2025-04-18T11:23:56.493+0900] {dagbag.py:588} INFO - Filling up the DagBag from /home/kim/airflow_tutorial/py_env/lib/python3.10/site-packages/airflow/example_dags/example_dataset_alias.py
[2025-04-18T11:23:56.510+0900] {processor.py:925} INFO - DAG(s) 'dataset_alias_example_alias_producer', 'dataset_s3_bucket_consumer', 'dataset_s3_bucket_producer', 'dataset_alias_example_alias_consumer' retrieved from /home/kim/airflow_tutorial/py_env/lib/python3.10/site-packages/airflow/example_dags/example_dataset_alias.py
[2025-04-18T11:23:56.524+0900] {logging_mixin.py:190} INFO - [2025-04-18T11:23:56.524+0900] {dag.py:3239} INFO - Sync 4 DAGs
[2025-04-18T11:23:56.539+0900] {logging_mixin.py:190} INFO - [2025-04-18T11:23:56.538+0900] {dag.py:4180} INFO - Setting next_dagrun for dataset_alias_example_alias_consumer to None, run_after=None
[2025-04-18T11:23:56.540+0900] {logging_mixin.py:190} INFO - [2025-04-18T11:23:56.540+0900] {dag.py:4180} INFO - Setting next_dagrun for dataset_alias_example_alias_producer to None, run_after=None
[2025-04-18T11:23:56.541+0900] {logging_mixin.py:190} INFO - [2025-04-18T11:23:56.541+0900] {dag.py:4180} INFO - Setting next_dagrun for dataset_s3_bucket_consumer to None, run_after=None
[2025-04-18T11:23:56.542+0900] {logging_mixin.py:190} INFO - [2025-04-18T11:23:56.541+0900] {dag.py:4180} INFO - Setting next_dagrun for dataset_s3_bucket_producer to None, run_after=None
[2025-04-18T11:23:56.563+0900] {processor.py:208} INFO - Processing /home/kim/airflow_tutorial/py_env/lib/python3.10/site-packages/airflow/example_dags/example_dataset_alias.py took 0.078 seconds
[2025-04-18T11:24:57.965+0900] {processor.py:186} INFO - Started process (PID=642792) to work on /home/kim/airflow_tutorial/py_env/lib/python3.10/site-packages/airflow/example_dags/example_dataset_alias.py
[2025-04-18T11:24:57.966+0900] {processor.py:914} INFO - Processing file /home/kim/airflow_tutorial/py_env/lib/python3.10/site-packages/airflow/example_dags/example_dataset_alias.py for tasks to queue
[2025-04-18T11:24:57.968+0900] {logging_mixin.py:190} INFO - [2025-04-18T11:24:57.967+0900] {dagbag.py:588} INFO - Filling up the DagBag from /home/kim/airflow_tutorial/py_env/lib/python3.10/site-packages/airflow/example_dags/example_dataset_alias.py
[2025-04-18T11:24:57.984+0900] {processor.py:925} INFO - DAG(s) 'dataset_s3_bucket_producer', 'dataset_s3_bucket_consumer', 'dataset_alias_example_alias_producer', 'dataset_alias_example_alias_consumer' retrieved from /home/kim/airflow_tutorial/py_env/lib/python3.10/site-packages/airflow/example_dags/example_dataset_alias.py
[2025-04-18T11:24:57.997+0900] {logging_mixin.py:190} INFO - [2025-04-18T11:24:57.997+0900] {dag.py:3239} INFO - Sync 4 DAGs
[2025-04-18T11:24:58.009+0900] {logging_mixin.py:190} INFO - [2025-04-18T11:24:58.009+0900] {dag.py:4180} INFO - Setting next_dagrun for dataset_alias_example_alias_consumer to None, run_after=None
[2025-04-18T11:24:58.011+0900] {logging_mixin.py:190} INFO - [2025-04-18T11:24:58.011+0900] {dag.py:4180} INFO - Setting next_dagrun for dataset_alias_example_alias_producer to None, run_after=None
[2025-04-18T11:24:58.011+0900] {logging_mixin.py:190} INFO - [2025-04-18T11:24:58.011+0900] {dag.py:4180} INFO - Setting next_dagrun for dataset_s3_bucket_consumer to None, run_after=None
[2025-04-18T11:24:58.012+0900] {logging_mixin.py:190} INFO - [2025-04-18T11:24:58.012+0900] {dag.py:4180} INFO - Setting next_dagrun for dataset_s3_bucket_producer to None, run_after=None
[2025-04-18T11:24:58.030+0900] {processor.py:208} INFO - Processing /home/kim/airflow_tutorial/py_env/lib/python3.10/site-packages/airflow/example_dags/example_dataset_alias.py took 0.070 seconds
[2025-04-18T12:03:14.938+0900] {processor.py:186} INFO - Started process (PID=651988) to work on /home/kim/airflow_tutorial/py_env/lib/python3.10/site-packages/airflow/example_dags/example_dataset_alias.py
[2025-04-18T12:03:14.939+0900] {processor.py:914} INFO - Processing file /home/kim/airflow_tutorial/py_env/lib/python3.10/site-packages/airflow/example_dags/example_dataset_alias.py for tasks to queue
[2025-04-18T12:03:14.941+0900] {logging_mixin.py:190} INFO - [2025-04-18T12:03:14.940+0900] {dagbag.py:588} INFO - Filling up the DagBag from /home/kim/airflow_tutorial/py_env/lib/python3.10/site-packages/airflow/example_dags/example_dataset_alias.py
[2025-04-18T12:03:14.963+0900] {processor.py:925} INFO - DAG(s) 'dataset_alias_example_alias_producer', 'dataset_alias_example_alias_consumer', 'dataset_s3_bucket_producer', 'dataset_s3_bucket_consumer' retrieved from /home/kim/airflow_tutorial/py_env/lib/python3.10/site-packages/airflow/example_dags/example_dataset_alias.py
[2025-04-18T12:03:15.026+0900] {logging_mixin.py:190} INFO - [2025-04-18T12:03:15.026+0900] {override.py:1912} INFO - Created Permission View: can read on DAG:dataset_alias_example_alias_producer
[2025-04-18T12:03:15.035+0900] {logging_mixin.py:190} INFO - [2025-04-18T12:03:15.035+0900] {override.py:1912} INFO - Created Permission View: can edit on DAG:dataset_alias_example_alias_producer
[2025-04-18T12:03:15.042+0900] {logging_mixin.py:190} INFO - [2025-04-18T12:03:15.041+0900] {override.py:1912} INFO - Created Permission View: can delete on DAG:dataset_alias_example_alias_producer
[2025-04-18T12:03:15.050+0900] {logging_mixin.py:190} INFO - [2025-04-18T12:03:15.050+0900] {override.py:1912} INFO - Created Permission View: can read on DAG Run:dataset_alias_example_alias_producer
[2025-04-18T12:03:15.057+0900] {logging_mixin.py:190} INFO - [2025-04-18T12:03:15.056+0900] {override.py:1912} INFO - Created Permission View: can create on DAG Run:dataset_alias_example_alias_producer
[2025-04-18T12:03:15.063+0900] {logging_mixin.py:190} INFO - [2025-04-18T12:03:15.063+0900] {override.py:1912} INFO - Created Permission View: menu access on DAG Run:dataset_alias_example_alias_producer
[2025-04-18T12:03:15.070+0900] {logging_mixin.py:190} INFO - [2025-04-18T12:03:15.070+0900] {override.py:1912} INFO - Created Permission View: can delete on DAG Run:dataset_alias_example_alias_producer
[2025-04-18T12:03:15.082+0900] {logging_mixin.py:190} INFO - [2025-04-18T12:03:15.082+0900] {override.py:1912} INFO - Created Permission View: can read on DAG:dataset_alias_example_alias_consumer
[2025-04-18T12:03:15.089+0900] {logging_mixin.py:190} INFO - [2025-04-18T12:03:15.088+0900] {override.py:1912} INFO - Created Permission View: can edit on DAG:dataset_alias_example_alias_consumer
[2025-04-18T12:03:15.095+0900] {logging_mixin.py:190} INFO - [2025-04-18T12:03:15.095+0900] {override.py:1912} INFO - Created Permission View: can delete on DAG:dataset_alias_example_alias_consumer
[2025-04-18T12:03:15.103+0900] {logging_mixin.py:190} INFO - [2025-04-18T12:03:15.103+0900] {override.py:1912} INFO - Created Permission View: can read on DAG Run:dataset_alias_example_alias_consumer
[2025-04-18T12:03:15.111+0900] {logging_mixin.py:190} INFO - [2025-04-18T12:03:15.111+0900] {override.py:1912} INFO - Created Permission View: can create on DAG Run:dataset_alias_example_alias_consumer
[2025-04-18T12:03:15.119+0900] {logging_mixin.py:190} INFO - [2025-04-18T12:03:15.119+0900] {override.py:1912} INFO - Created Permission View: menu access on DAG Run:dataset_alias_example_alias_consumer
[2025-04-18T12:03:15.127+0900] {logging_mixin.py:190} INFO - [2025-04-18T12:03:15.127+0900] {override.py:1912} INFO - Created Permission View: can delete on DAG Run:dataset_alias_example_alias_consumer
[2025-04-18T12:03:15.141+0900] {logging_mixin.py:190} INFO - [2025-04-18T12:03:15.141+0900] {override.py:1912} INFO - Created Permission View: can read on DAG:dataset_s3_bucket_producer
[2025-04-18T12:03:15.148+0900] {logging_mixin.py:190} INFO - [2025-04-18T12:03:15.148+0900] {override.py:1912} INFO - Created Permission View: can edit on DAG:dataset_s3_bucket_producer
[2025-04-18T12:03:15.155+0900] {logging_mixin.py:190} INFO - [2025-04-18T12:03:15.154+0900] {override.py:1912} INFO - Created Permission View: can delete on DAG:dataset_s3_bucket_producer
[2025-04-18T12:03:15.163+0900] {logging_mixin.py:190} INFO - [2025-04-18T12:03:15.163+0900] {override.py:1912} INFO - Created Permission View: can read on DAG Run:dataset_s3_bucket_producer
[2025-04-18T12:03:15.170+0900] {logging_mixin.py:190} INFO - [2025-04-18T12:03:15.170+0900] {override.py:1912} INFO - Created Permission View: can create on DAG Run:dataset_s3_bucket_producer
[2025-04-18T12:03:15.176+0900] {logging_mixin.py:190} INFO - [2025-04-18T12:03:15.176+0900] {override.py:1912} INFO - Created Permission View: menu access on DAG Run:dataset_s3_bucket_producer
[2025-04-18T12:03:15.183+0900] {logging_mixin.py:190} INFO - [2025-04-18T12:03:15.183+0900] {override.py:1912} INFO - Created Permission View: can delete on DAG Run:dataset_s3_bucket_producer
[2025-04-18T12:03:15.195+0900] {logging_mixin.py:190} INFO - [2025-04-18T12:03:15.195+0900] {override.py:1912} INFO - Created Permission View: can read on DAG:dataset_s3_bucket_consumer
[2025-04-18T12:03:15.202+0900] {logging_mixin.py:190} INFO - [2025-04-18T12:03:15.201+0900] {override.py:1912} INFO - Created Permission View: can edit on DAG:dataset_s3_bucket_consumer
[2025-04-18T12:03:15.208+0900] {logging_mixin.py:190} INFO - [2025-04-18T12:03:15.207+0900] {override.py:1912} INFO - Created Permission View: can delete on DAG:dataset_s3_bucket_consumer
[2025-04-18T12:03:15.216+0900] {logging_mixin.py:190} INFO - [2025-04-18T12:03:15.215+0900] {override.py:1912} INFO - Created Permission View: can read on DAG Run:dataset_s3_bucket_consumer
[2025-04-18T12:03:15.222+0900] {logging_mixin.py:190} INFO - [2025-04-18T12:03:15.222+0900] {override.py:1912} INFO - Created Permission View: can create on DAG Run:dataset_s3_bucket_consumer
[2025-04-18T12:03:15.229+0900] {logging_mixin.py:190} INFO - [2025-04-18T12:03:15.229+0900] {override.py:1912} INFO - Created Permission View: menu access on DAG Run:dataset_s3_bucket_consumer
[2025-04-18T12:03:15.235+0900] {logging_mixin.py:190} INFO - [2025-04-18T12:03:15.235+0900] {override.py:1912} INFO - Created Permission View: can delete on DAG Run:dataset_s3_bucket_consumer
[2025-04-18T12:03:15.235+0900] {logging_mixin.py:190} INFO - [2025-04-18T12:03:15.235+0900] {dag.py:3239} INFO - Sync 4 DAGs
[2025-04-18T12:03:15.245+0900] {logging_mixin.py:190} INFO - [2025-04-18T12:03:15.245+0900] {dag.py:3262} INFO - Creating ORM DAG for dataset_alias_example_alias_producer
[2025-04-18T12:03:15.245+0900] {logging_mixin.py:190} INFO - [2025-04-18T12:03:15.245+0900] {dag.py:3262} INFO - Creating ORM DAG for dataset_s3_bucket_producer
[2025-04-18T12:03:15.246+0900] {logging_mixin.py:190} INFO - [2025-04-18T12:03:15.246+0900] {dag.py:3262} INFO - Creating ORM DAG for dataset_alias_example_alias_consumer
[2025-04-18T12:03:15.246+0900] {logging_mixin.py:190} INFO - [2025-04-18T12:03:15.246+0900] {dag.py:3262} INFO - Creating ORM DAG for dataset_s3_bucket_consumer
[2025-04-18T12:03:15.252+0900] {logging_mixin.py:190} INFO - [2025-04-18T12:03:15.252+0900] {dag.py:4180} INFO - Setting next_dagrun for dataset_alias_example_alias_consumer to None, run_after=None
[2025-04-18T12:03:15.253+0900] {logging_mixin.py:190} INFO - [2025-04-18T12:03:15.253+0900] {dag.py:4180} INFO - Setting next_dagrun for dataset_alias_example_alias_producer to None, run_after=None
[2025-04-18T12:03:15.253+0900] {logging_mixin.py:190} INFO - [2025-04-18T12:03:15.253+0900] {dag.py:4180} INFO - Setting next_dagrun for dataset_s3_bucket_consumer to None, run_after=None
[2025-04-18T12:03:15.253+0900] {logging_mixin.py:190} INFO - [2025-04-18T12:03:15.253+0900] {dag.py:4180} INFO - Setting next_dagrun for dataset_s3_bucket_producer to None, run_after=None
[2025-04-18T12:03:15.277+0900] {processor.py:208} INFO - Processing /home/kim/airflow_tutorial/py_env/lib/python3.10/site-packages/airflow/example_dags/example_dataset_alias.py took 0.346 seconds
[2025-04-18T12:05:20.524+0900] {processor.py:186} INFO - Started process (PID=653761) to work on /home/kim/airflow_tutorial/py_env/lib/python3.10/site-packages/airflow/example_dags/example_dataset_alias.py
[2025-04-18T12:05:20.525+0900] {processor.py:914} INFO - Processing file /home/kim/airflow_tutorial/py_env/lib/python3.10/site-packages/airflow/example_dags/example_dataset_alias.py for tasks to queue
[2025-04-18T12:05:20.527+0900] {logging_mixin.py:190} INFO - [2025-04-18T12:05:20.527+0900] {dagbag.py:588} INFO - Filling up the DagBag from /home/kim/airflow_tutorial/py_env/lib/python3.10/site-packages/airflow/example_dags/example_dataset_alias.py
[2025-04-18T12:05:20.562+0900] {processor.py:925} INFO - DAG(s) 'dataset_s3_bucket_consumer', 'dataset_s3_bucket_producer', 'dataset_alias_example_alias_consumer', 'dataset_alias_example_alias_producer' retrieved from /home/kim/airflow_tutorial/py_env/lib/python3.10/site-packages/airflow/example_dags/example_dataset_alias.py
[2025-04-18T12:05:20.583+0900] {logging_mixin.py:190} INFO - [2025-04-18T12:05:20.583+0900] {dag.py:3239} INFO - Sync 4 DAGs
[2025-04-18T12:05:20.601+0900] {logging_mixin.py:190} INFO - [2025-04-18T12:05:20.601+0900] {dag.py:4180} INFO - Setting next_dagrun for dataset_alias_example_alias_consumer to None, run_after=None
[2025-04-18T12:05:20.604+0900] {logging_mixin.py:190} INFO - [2025-04-18T12:05:20.603+0900] {dag.py:4180} INFO - Setting next_dagrun for dataset_alias_example_alias_producer to None, run_after=None
[2025-04-18T12:05:20.605+0900] {logging_mixin.py:190} INFO - [2025-04-18T12:05:20.605+0900] {dag.py:4180} INFO - Setting next_dagrun for dataset_s3_bucket_consumer to None, run_after=None
[2025-04-18T12:05:20.607+0900] {logging_mixin.py:190} INFO - [2025-04-18T12:05:20.607+0900] {dag.py:4180} INFO - Setting next_dagrun for dataset_s3_bucket_producer to None, run_after=None
[2025-04-18T12:05:20.630+0900] {processor.py:208} INFO - Processing /home/kim/airflow_tutorial/py_env/lib/python3.10/site-packages/airflow/example_dags/example_dataset_alias.py took 0.111 seconds
[2025-04-18T12:05:51.295+0900] {processor.py:186} INFO - Started process (PID=654237) to work on /home/kim/airflow_tutorial/py_env/lib/python3.10/site-packages/airflow/example_dags/example_dataset_alias.py
[2025-04-18T12:05:51.297+0900] {processor.py:914} INFO - Processing file /home/kim/airflow_tutorial/py_env/lib/python3.10/site-packages/airflow/example_dags/example_dataset_alias.py for tasks to queue
[2025-04-18T12:05:51.299+0900] {logging_mixin.py:190} INFO - [2025-04-18T12:05:51.299+0900] {dagbag.py:588} INFO - Filling up the DagBag from /home/kim/airflow_tutorial/py_env/lib/python3.10/site-packages/airflow/example_dags/example_dataset_alias.py
[2025-04-18T12:05:51.330+0900] {processor.py:925} INFO - DAG(s) 'dataset_alias_example_alias_consumer', 'dataset_alias_example_alias_producer', 'dataset_s3_bucket_consumer', 'dataset_s3_bucket_producer' retrieved from /home/kim/airflow_tutorial/py_env/lib/python3.10/site-packages/airflow/example_dags/example_dataset_alias.py
[2025-04-18T12:05:51.354+0900] {logging_mixin.py:190} INFO - [2025-04-18T12:05:51.354+0900] {dag.py:3239} INFO - Sync 4 DAGs
[2025-04-18T12:05:51.375+0900] {logging_mixin.py:190} INFO - [2025-04-18T12:05:51.374+0900] {dag.py:4180} INFO - Setting next_dagrun for dataset_alias_example_alias_consumer to None, run_after=None
[2025-04-18T12:05:51.377+0900] {logging_mixin.py:190} INFO - [2025-04-18T12:05:51.377+0900] {dag.py:4180} INFO - Setting next_dagrun for dataset_alias_example_alias_producer to None, run_after=None
[2025-04-18T12:05:51.379+0900] {logging_mixin.py:190} INFO - [2025-04-18T12:05:51.379+0900] {dag.py:4180} INFO - Setting next_dagrun for dataset_s3_bucket_consumer to None, run_after=None
[2025-04-18T12:05:51.380+0900] {logging_mixin.py:190} INFO - [2025-04-18T12:05:51.380+0900] {dag.py:4180} INFO - Setting next_dagrun for dataset_s3_bucket_producer to None, run_after=None
[2025-04-18T12:05:51.403+0900] {processor.py:208} INFO - Processing /home/kim/airflow_tutorial/py_env/lib/python3.10/site-packages/airflow/example_dags/example_dataset_alias.py took 0.114 seconds
[2025-04-18T12:06:21.926+0900] {processor.py:186} INFO - Started process (PID=654622) to work on /home/kim/airflow_tutorial/py_env/lib/python3.10/site-packages/airflow/example_dags/example_dataset_alias.py
[2025-04-18T12:06:21.927+0900] {processor.py:914} INFO - Processing file /home/kim/airflow_tutorial/py_env/lib/python3.10/site-packages/airflow/example_dags/example_dataset_alias.py for tasks to queue
[2025-04-18T12:06:21.929+0900] {logging_mixin.py:190} INFO - [2025-04-18T12:06:21.929+0900] {dagbag.py:588} INFO - Filling up the DagBag from /home/kim/airflow_tutorial/py_env/lib/python3.10/site-packages/airflow/example_dags/example_dataset_alias.py
[2025-04-18T12:06:21.964+0900] {processor.py:925} INFO - DAG(s) 'dataset_alias_example_alias_consumer', 'dataset_s3_bucket_consumer', 'dataset_s3_bucket_producer', 'dataset_alias_example_alias_producer' retrieved from /home/kim/airflow_tutorial/py_env/lib/python3.10/site-packages/airflow/example_dags/example_dataset_alias.py
[2025-04-18T12:06:21.990+0900] {logging_mixin.py:190} INFO - [2025-04-18T12:06:21.990+0900] {dag.py:3239} INFO - Sync 4 DAGs
[2025-04-18T12:06:22.013+0900] {logging_mixin.py:190} INFO - [2025-04-18T12:06:22.013+0900] {dag.py:4180} INFO - Setting next_dagrun for dataset_alias_example_alias_consumer to None, run_after=None
[2025-04-18T12:06:22.016+0900] {logging_mixin.py:190} INFO - [2025-04-18T12:06:22.016+0900] {dag.py:4180} INFO - Setting next_dagrun for dataset_alias_example_alias_producer to None, run_after=None
[2025-04-18T12:06:22.018+0900] {logging_mixin.py:190} INFO - [2025-04-18T12:06:22.018+0900] {dag.py:4180} INFO - Setting next_dagrun for dataset_s3_bucket_consumer to None, run_after=None
[2025-04-18T12:06:22.019+0900] {logging_mixin.py:190} INFO - [2025-04-18T12:06:22.019+0900] {dag.py:4180} INFO - Setting next_dagrun for dataset_s3_bucket_producer to None, run_after=None
[2025-04-18T12:06:22.046+0900] {processor.py:208} INFO - Processing /home/kim/airflow_tutorial/py_env/lib/python3.10/site-packages/airflow/example_dags/example_dataset_alias.py took 0.127 seconds
