[2025-04-18T11:13:46.095+0900] {processor.py:186} INFO - Started process (PID=637911) to work on /home/kim/airflow_tutorial/py_env/lib/python3.10/site-packages/airflow/example_dags/example_branch_day_of_week_operator.py
[2025-04-18T11:13:46.096+0900] {processor.py:914} INFO - Processing file /home/kim/airflow_tutorial/py_env/lib/python3.10/site-packages/airflow/example_dags/example_branch_day_of_week_operator.py for tasks to queue
[2025-04-18T11:13:46.097+0900] {logging_mixin.py:190} INFO - [2025-04-18T11:13:46.097+0900] {dagbag.py:588} INFO - Filling up the DagBag from /home/kim/airflow_tutorial/py_env/lib/python3.10/site-packages/airflow/example_dags/example_branch_day_of_week_operator.py
[2025-04-18T11:13:46.105+0900] {processor.py:925} INFO - DAG(s) 'example_weekday_branch_operator' retrieved from /home/kim/airflow_tutorial/py_env/lib/python3.10/site-packages/airflow/example_dags/example_branch_day_of_week_operator.py
[2025-04-18T11:13:46.179+0900] {logging_mixin.py:190} INFO - [2025-04-18T11:13:46.179+0900] {override.py:1912} INFO - Created Permission View: can delete on DAG:example_weekday_branch_operator
[2025-04-18T11:13:46.188+0900] {logging_mixin.py:190} INFO - [2025-04-18T11:13:46.187+0900] {override.py:1912} INFO - Created Permission View: can edit on DAG:example_weekday_branch_operator
[2025-04-18T11:13:46.194+0900] {logging_mixin.py:190} INFO - [2025-04-18T11:13:46.194+0900] {override.py:1912} INFO - Created Permission View: can read on DAG:example_weekday_branch_operator
[2025-04-18T11:13:46.207+0900] {logging_mixin.py:190} INFO - [2025-04-18T11:13:46.206+0900] {override.py:1912} INFO - Created Permission View: can delete on DAG Run:example_weekday_branch_operator
[2025-04-18T11:13:46.213+0900] {logging_mixin.py:190} INFO - [2025-04-18T11:13:46.212+0900] {override.py:1912} INFO - Created Permission View: can create on DAG Run:example_weekday_branch_operator
[2025-04-18T11:13:46.219+0900] {logging_mixin.py:190} INFO - [2025-04-18T11:13:46.219+0900] {override.py:1912} INFO - Created Permission View: menu access on DAG Run:example_weekday_branch_operator
[2025-04-18T11:13:46.226+0900] {logging_mixin.py:190} INFO - [2025-04-18T11:13:46.225+0900] {override.py:1912} INFO - Created Permission View: can read on DAG Run:example_weekday_branch_operator
[2025-04-18T11:13:46.226+0900] {logging_mixin.py:190} INFO - [2025-04-18T11:13:46.226+0900] {dag.py:3239} INFO - Sync 1 DAGs
[2025-04-18T11:13:46.234+0900] {logging_mixin.py:190} INFO - [2025-04-18T11:13:46.234+0900] {dag.py:3262} INFO - Creating ORM DAG for example_weekday_branch_operator
[2025-04-18T11:13:46.240+0900] {logging_mixin.py:190} INFO - [2025-04-18T11:13:46.240+0900] {dag.py:4180} INFO - Setting next_dagrun for example_weekday_branch_operator to 2025-04-17 00:00:00+00:00, run_after=2025-04-18 00:00:00+00:00
[2025-04-18T11:13:46.254+0900] {processor.py:208} INFO - Processing /home/kim/airflow_tutorial/py_env/lib/python3.10/site-packages/airflow/example_dags/example_branch_day_of_week_operator.py took 0.164 seconds
[2025-04-18T11:14:50.519+0900] {processor.py:186} INFO - Started process (PID=638380) to work on /home/kim/airflow_tutorial/py_env/lib/python3.10/site-packages/airflow/example_dags/example_branch_day_of_week_operator.py
[2025-04-18T11:14:50.522+0900] {processor.py:914} INFO - Processing file /home/kim/airflow_tutorial/py_env/lib/python3.10/site-packages/airflow/example_dags/example_branch_day_of_week_operator.py for tasks to queue
[2025-04-18T11:14:50.524+0900] {logging_mixin.py:190} INFO - [2025-04-18T11:14:50.523+0900] {dagbag.py:588} INFO - Filling up the DagBag from /home/kim/airflow_tutorial/py_env/lib/python3.10/site-packages/airflow/example_dags/example_branch_day_of_week_operator.py
[2025-04-18T11:14:50.531+0900] {processor.py:925} INFO - DAG(s) 'example_weekday_branch_operator' retrieved from /home/kim/airflow_tutorial/py_env/lib/python3.10/site-packages/airflow/example_dags/example_branch_day_of_week_operator.py
[2025-04-18T11:14:50.544+0900] {logging_mixin.py:190} INFO - [2025-04-18T11:14:50.544+0900] {dag.py:3239} INFO - Sync 1 DAGs
[2025-04-18T11:14:50.562+0900] {logging_mixin.py:190} INFO - [2025-04-18T11:14:50.561+0900] {dag.py:4180} INFO - Setting next_dagrun for example_weekday_branch_operator to 2025-04-17 00:00:00+00:00, run_after=2025-04-18 00:00:00+00:00
[2025-04-18T11:14:50.580+0900] {processor.py:208} INFO - Processing /home/kim/airflow_tutorial/py_env/lib/python3.10/site-packages/airflow/example_dags/example_branch_day_of_week_operator.py took 0.066 seconds
[2025-04-18T11:15:49.894+0900] {processor.py:186} INFO - Started process (PID=638826) to work on /home/kim/airflow_tutorial/py_env/lib/python3.10/site-packages/airflow/example_dags/example_branch_day_of_week_operator.py
[2025-04-18T11:15:49.897+0900] {processor.py:914} INFO - Processing file /home/kim/airflow_tutorial/py_env/lib/python3.10/site-packages/airflow/example_dags/example_branch_day_of_week_operator.py for tasks to queue
[2025-04-18T11:15:49.898+0900] {logging_mixin.py:190} INFO - [2025-04-18T11:15:49.898+0900] {dagbag.py:588} INFO - Filling up the DagBag from /home/kim/airflow_tutorial/py_env/lib/python3.10/site-packages/airflow/example_dags/example_branch_day_of_week_operator.py
[2025-04-18T11:15:49.905+0900] {processor.py:925} INFO - DAG(s) 'example_weekday_branch_operator' retrieved from /home/kim/airflow_tutorial/py_env/lib/python3.10/site-packages/airflow/example_dags/example_branch_day_of_week_operator.py
[2025-04-18T11:15:49.916+0900] {logging_mixin.py:190} INFO - [2025-04-18T11:15:49.916+0900] {dag.py:3239} INFO - Sync 1 DAGs
[2025-04-18T11:15:49.930+0900] {logging_mixin.py:190} INFO - [2025-04-18T11:15:49.930+0900] {dag.py:4180} INFO - Setting next_dagrun for example_weekday_branch_operator to 2025-04-17 00:00:00+00:00, run_after=2025-04-18 00:00:00+00:00
[2025-04-18T11:15:49.946+0900] {processor.py:208} INFO - Processing /home/kim/airflow_tutorial/py_env/lib/python3.10/site-packages/airflow/example_dags/example_branch_day_of_week_operator.py took 0.057 seconds
[2025-04-18T11:16:50.859+0900] {processor.py:186} INFO - Started process (PID=639566) to work on /home/kim/airflow_tutorial/py_env/lib/python3.10/site-packages/airflow/example_dags/example_branch_day_of_week_operator.py
[2025-04-18T11:16:50.860+0900] {processor.py:914} INFO - Processing file /home/kim/airflow_tutorial/py_env/lib/python3.10/site-packages/airflow/example_dags/example_branch_day_of_week_operator.py for tasks to queue
[2025-04-18T11:16:50.861+0900] {logging_mixin.py:190} INFO - [2025-04-18T11:16:50.861+0900] {dagbag.py:588} INFO - Filling up the DagBag from /home/kim/airflow_tutorial/py_env/lib/python3.10/site-packages/airflow/example_dags/example_branch_day_of_week_operator.py
[2025-04-18T11:16:50.869+0900] {processor.py:925} INFO - DAG(s) 'example_weekday_branch_operator' retrieved from /home/kim/airflow_tutorial/py_env/lib/python3.10/site-packages/airflow/example_dags/example_branch_day_of_week_operator.py
[2025-04-18T11:16:50.880+0900] {logging_mixin.py:190} INFO - [2025-04-18T11:16:50.880+0900] {dag.py:3239} INFO - Sync 1 DAGs
[2025-04-18T11:16:50.893+0900] {logging_mixin.py:190} INFO - [2025-04-18T11:16:50.893+0900] {dag.py:4180} INFO - Setting next_dagrun for example_weekday_branch_operator to 2025-04-17 00:00:00+00:00, run_after=2025-04-18 00:00:00+00:00
[2025-04-18T11:16:50.907+0900] {processor.py:208} INFO - Processing /home/kim/airflow_tutorial/py_env/lib/python3.10/site-packages/airflow/example_dags/example_branch_day_of_week_operator.py took 0.053 seconds
[2025-04-18T11:17:50.864+0900] {processor.py:186} INFO - Started process (PID=640107) to work on /home/kim/airflow_tutorial/py_env/lib/python3.10/site-packages/airflow/example_dags/example_branch_day_of_week_operator.py
[2025-04-18T11:17:50.866+0900] {processor.py:914} INFO - Processing file /home/kim/airflow_tutorial/py_env/lib/python3.10/site-packages/airflow/example_dags/example_branch_day_of_week_operator.py for tasks to queue
[2025-04-18T11:17:50.868+0900] {logging_mixin.py:190} INFO - [2025-04-18T11:17:50.868+0900] {dagbag.py:588} INFO - Filling up the DagBag from /home/kim/airflow_tutorial/py_env/lib/python3.10/site-packages/airflow/example_dags/example_branch_day_of_week_operator.py
[2025-04-18T11:17:50.876+0900] {processor.py:925} INFO - DAG(s) 'example_weekday_branch_operator' retrieved from /home/kim/airflow_tutorial/py_env/lib/python3.10/site-packages/airflow/example_dags/example_branch_day_of_week_operator.py
[2025-04-18T11:17:50.888+0900] {logging_mixin.py:190} INFO - [2025-04-18T11:17:50.888+0900] {dag.py:3239} INFO - Sync 1 DAGs
[2025-04-18T11:17:50.902+0900] {logging_mixin.py:190} INFO - [2025-04-18T11:17:50.902+0900] {dag.py:4180} INFO - Setting next_dagrun for example_weekday_branch_operator to 2025-04-17 00:00:00+00:00, run_after=2025-04-18 00:00:00+00:00
[2025-04-18T11:17:50.917+0900] {processor.py:208} INFO - Processing /home/kim/airflow_tutorial/py_env/lib/python3.10/site-packages/airflow/example_dags/example_branch_day_of_week_operator.py took 0.059 seconds
[2025-04-18T11:18:50.981+0900] {processor.py:186} INFO - Started process (PID=640774) to work on /home/kim/airflow_tutorial/py_env/lib/python3.10/site-packages/airflow/example_dags/example_branch_day_of_week_operator.py
[2025-04-18T11:18:50.984+0900] {processor.py:914} INFO - Processing file /home/kim/airflow_tutorial/py_env/lib/python3.10/site-packages/airflow/example_dags/example_branch_day_of_week_operator.py for tasks to queue
[2025-04-18T11:18:50.986+0900] {logging_mixin.py:190} INFO - [2025-04-18T11:18:50.986+0900] {dagbag.py:588} INFO - Filling up the DagBag from /home/kim/airflow_tutorial/py_env/lib/python3.10/site-packages/airflow/example_dags/example_branch_day_of_week_operator.py
[2025-04-18T11:18:50.997+0900] {processor.py:925} INFO - DAG(s) 'example_weekday_branch_operator' retrieved from /home/kim/airflow_tutorial/py_env/lib/python3.10/site-packages/airflow/example_dags/example_branch_day_of_week_operator.py
[2025-04-18T11:18:51.012+0900] {logging_mixin.py:190} INFO - [2025-04-18T11:18:51.012+0900] {dag.py:3239} INFO - Sync 1 DAGs
[2025-04-18T11:18:51.035+0900] {logging_mixin.py:190} INFO - [2025-04-18T11:18:51.034+0900] {dag.py:4180} INFO - Setting next_dagrun for example_weekday_branch_operator to 2025-04-17 00:00:00+00:00, run_after=2025-04-18 00:00:00+00:00
[2025-04-18T11:18:51.057+0900] {processor.py:208} INFO - Processing /home/kim/airflow_tutorial/py_env/lib/python3.10/site-packages/airflow/example_dags/example_branch_day_of_week_operator.py took 0.082 seconds
[2025-04-18T11:19:47.202+0900] {processor.py:186} INFO - Started process (PID=641060) to work on /home/kim/airflow_tutorial/py_env/lib/python3.10/site-packages/airflow/example_dags/example_branch_day_of_week_operator.py
[2025-04-18T11:19:47.204+0900] {processor.py:914} INFO - Processing file /home/kim/airflow_tutorial/py_env/lib/python3.10/site-packages/airflow/example_dags/example_branch_day_of_week_operator.py for tasks to queue
[2025-04-18T11:19:47.206+0900] {logging_mixin.py:190} INFO - [2025-04-18T11:19:47.206+0900] {dagbag.py:588} INFO - Filling up the DagBag from /home/kim/airflow_tutorial/py_env/lib/python3.10/site-packages/airflow/example_dags/example_branch_day_of_week_operator.py
[2025-04-18T11:19:47.214+0900] {processor.py:925} INFO - DAG(s) 'example_weekday_branch_operator' retrieved from /home/kim/airflow_tutorial/py_env/lib/python3.10/site-packages/airflow/example_dags/example_branch_day_of_week_operator.py
[2025-04-18T11:19:47.226+0900] {logging_mixin.py:190} INFO - [2025-04-18T11:19:47.225+0900] {dag.py:3239} INFO - Sync 1 DAGs
[2025-04-18T11:19:47.240+0900] {logging_mixin.py:190} INFO - [2025-04-18T11:19:47.240+0900] {dag.py:4180} INFO - Setting next_dagrun for example_weekday_branch_operator to 2025-04-17 00:00:00+00:00, run_after=2025-04-18 00:00:00+00:00
[2025-04-18T11:19:47.255+0900] {processor.py:208} INFO - Processing /home/kim/airflow_tutorial/py_env/lib/python3.10/site-packages/airflow/example_dags/example_branch_day_of_week_operator.py took 0.058 seconds
[2025-04-18T11:20:48.382+0900] {processor.py:186} INFO - Started process (PID=641353) to work on /home/kim/airflow_tutorial/py_env/lib/python3.10/site-packages/airflow/example_dags/example_branch_day_of_week_operator.py
[2025-04-18T11:20:48.385+0900] {processor.py:914} INFO - Processing file /home/kim/airflow_tutorial/py_env/lib/python3.10/site-packages/airflow/example_dags/example_branch_day_of_week_operator.py for tasks to queue
[2025-04-18T11:20:48.386+0900] {logging_mixin.py:190} INFO - [2025-04-18T11:20:48.386+0900] {dagbag.py:588} INFO - Filling up the DagBag from /home/kim/airflow_tutorial/py_env/lib/python3.10/site-packages/airflow/example_dags/example_branch_day_of_week_operator.py
[2025-04-18T11:20:48.403+0900] {processor.py:925} INFO - DAG(s) 'example_weekday_branch_operator' retrieved from /home/kim/airflow_tutorial/py_env/lib/python3.10/site-packages/airflow/example_dags/example_branch_day_of_week_operator.py
[2025-04-18T11:20:48.422+0900] {logging_mixin.py:190} INFO - [2025-04-18T11:20:48.422+0900] {dag.py:3239} INFO - Sync 1 DAGs
[2025-04-18T11:20:48.436+0900] {logging_mixin.py:190} INFO - [2025-04-18T11:20:48.436+0900] {dag.py:4180} INFO - Setting next_dagrun for example_weekday_branch_operator to 2025-04-17 00:00:00+00:00, run_after=2025-04-18 00:00:00+00:00
[2025-04-18T11:20:48.450+0900] {processor.py:208} INFO - Processing /home/kim/airflow_tutorial/py_env/lib/python3.10/site-packages/airflow/example_dags/example_branch_day_of_week_operator.py took 0.073 seconds
[2025-04-18T11:21:49.618+0900] {processor.py:186} INFO - Started process (PID=641650) to work on /home/kim/airflow_tutorial/py_env/lib/python3.10/site-packages/airflow/example_dags/example_branch_day_of_week_operator.py
[2025-04-18T11:21:49.620+0900] {processor.py:914} INFO - Processing file /home/kim/airflow_tutorial/py_env/lib/python3.10/site-packages/airflow/example_dags/example_branch_day_of_week_operator.py for tasks to queue
[2025-04-18T11:21:49.621+0900] {logging_mixin.py:190} INFO - [2025-04-18T11:21:49.621+0900] {dagbag.py:588} INFO - Filling up the DagBag from /home/kim/airflow_tutorial/py_env/lib/python3.10/site-packages/airflow/example_dags/example_branch_day_of_week_operator.py
[2025-04-18T11:21:49.628+0900] {processor.py:925} INFO - DAG(s) 'example_weekday_branch_operator' retrieved from /home/kim/airflow_tutorial/py_env/lib/python3.10/site-packages/airflow/example_dags/example_branch_day_of_week_operator.py
[2025-04-18T11:21:49.639+0900] {logging_mixin.py:190} INFO - [2025-04-18T11:21:49.639+0900] {dag.py:3239} INFO - Sync 1 DAGs
[2025-04-18T11:21:49.654+0900] {logging_mixin.py:190} INFO - [2025-04-18T11:21:49.654+0900] {dag.py:4180} INFO - Setting next_dagrun for example_weekday_branch_operator to 2025-04-17 00:00:00+00:00, run_after=2025-04-18 00:00:00+00:00
[2025-04-18T11:21:49.678+0900] {processor.py:208} INFO - Processing /home/kim/airflow_tutorial/py_env/lib/python3.10/site-packages/airflow/example_dags/example_branch_day_of_week_operator.py took 0.065 seconds
[2025-04-18T11:22:50.547+0900] {processor.py:186} INFO - Started process (PID=642105) to work on /home/kim/airflow_tutorial/py_env/lib/python3.10/site-packages/airflow/example_dags/example_branch_day_of_week_operator.py
[2025-04-18T11:22:50.550+0900] {processor.py:914} INFO - Processing file /home/kim/airflow_tutorial/py_env/lib/python3.10/site-packages/airflow/example_dags/example_branch_day_of_week_operator.py for tasks to queue
[2025-04-18T11:22:50.552+0900] {logging_mixin.py:190} INFO - [2025-04-18T11:22:50.551+0900] {dagbag.py:588} INFO - Filling up the DagBag from /home/kim/airflow_tutorial/py_env/lib/python3.10/site-packages/airflow/example_dags/example_branch_day_of_week_operator.py
[2025-04-18T11:22:50.561+0900] {processor.py:925} INFO - DAG(s) 'example_weekday_branch_operator' retrieved from /home/kim/airflow_tutorial/py_env/lib/python3.10/site-packages/airflow/example_dags/example_branch_day_of_week_operator.py
[2025-04-18T11:22:50.575+0900] {logging_mixin.py:190} INFO - [2025-04-18T11:22:50.574+0900] {dag.py:3239} INFO - Sync 1 DAGs
[2025-04-18T11:22:50.590+0900] {logging_mixin.py:190} INFO - [2025-04-18T11:22:50.590+0900] {dag.py:4180} INFO - Setting next_dagrun for example_weekday_branch_operator to 2025-04-17 00:00:00+00:00, run_after=2025-04-18 00:00:00+00:00
[2025-04-18T11:22:50.607+0900] {processor.py:208} INFO - Processing /home/kim/airflow_tutorial/py_env/lib/python3.10/site-packages/airflow/example_dags/example_branch_day_of_week_operator.py took 0.065 seconds
[2025-04-18T11:23:48.804+0900] {processor.py:186} INFO - Started process (PID=642463) to work on /home/kim/airflow_tutorial/py_env/lib/python3.10/site-packages/airflow/example_dags/example_branch_day_of_week_operator.py
[2025-04-18T11:23:48.808+0900] {processor.py:914} INFO - Processing file /home/kim/airflow_tutorial/py_env/lib/python3.10/site-packages/airflow/example_dags/example_branch_day_of_week_operator.py for tasks to queue
[2025-04-18T11:23:48.813+0900] {logging_mixin.py:190} INFO - [2025-04-18T11:23:48.812+0900] {dagbag.py:588} INFO - Filling up the DagBag from /home/kim/airflow_tutorial/py_env/lib/python3.10/site-packages/airflow/example_dags/example_branch_day_of_week_operator.py
[2025-04-18T11:23:48.829+0900] {processor.py:925} INFO - DAG(s) 'example_weekday_branch_operator' retrieved from /home/kim/airflow_tutorial/py_env/lib/python3.10/site-packages/airflow/example_dags/example_branch_day_of_week_operator.py
[2025-04-18T11:23:48.840+0900] {logging_mixin.py:190} INFO - [2025-04-18T11:23:48.840+0900] {dag.py:3239} INFO - Sync 1 DAGs
[2025-04-18T11:23:48.854+0900] {logging_mixin.py:190} INFO - [2025-04-18T11:23:48.853+0900] {dag.py:4180} INFO - Setting next_dagrun for example_weekday_branch_operator to 2025-04-17 00:00:00+00:00, run_after=2025-04-18 00:00:00+00:00
[2025-04-18T11:23:48.868+0900] {processor.py:208} INFO - Processing /home/kim/airflow_tutorial/py_env/lib/python3.10/site-packages/airflow/example_dags/example_branch_day_of_week_operator.py took 0.073 seconds
[2025-04-18T11:24:48.980+0900] {processor.py:186} INFO - Started process (PID=642758) to work on /home/kim/airflow_tutorial/py_env/lib/python3.10/site-packages/airflow/example_dags/example_branch_day_of_week_operator.py
[2025-04-18T11:24:48.982+0900] {processor.py:914} INFO - Processing file /home/kim/airflow_tutorial/py_env/lib/python3.10/site-packages/airflow/example_dags/example_branch_day_of_week_operator.py for tasks to queue
[2025-04-18T11:24:48.984+0900] {logging_mixin.py:190} INFO - [2025-04-18T11:24:48.983+0900] {dagbag.py:588} INFO - Filling up the DagBag from /home/kim/airflow_tutorial/py_env/lib/python3.10/site-packages/airflow/example_dags/example_branch_day_of_week_operator.py
[2025-04-18T11:24:48.992+0900] {processor.py:925} INFO - DAG(s) 'example_weekday_branch_operator' retrieved from /home/kim/airflow_tutorial/py_env/lib/python3.10/site-packages/airflow/example_dags/example_branch_day_of_week_operator.py
[2025-04-18T11:24:49.005+0900] {logging_mixin.py:190} INFO - [2025-04-18T11:24:49.005+0900] {dag.py:3239} INFO - Sync 1 DAGs
[2025-04-18T11:24:49.020+0900] {logging_mixin.py:190} INFO - [2025-04-18T11:24:49.020+0900] {dag.py:4180} INFO - Setting next_dagrun for example_weekday_branch_operator to 2025-04-17 00:00:00+00:00, run_after=2025-04-18 00:00:00+00:00
[2025-04-18T11:24:49.036+0900] {processor.py:208} INFO - Processing /home/kim/airflow_tutorial/py_env/lib/python3.10/site-packages/airflow/example_dags/example_branch_day_of_week_operator.py took 0.060 seconds
[2025-04-18T12:03:13.990+0900] {processor.py:186} INFO - Started process (PID=651886) to work on /home/kim/airflow_tutorial/py_env/lib/python3.10/site-packages/airflow/example_dags/example_branch_day_of_week_operator.py
[2025-04-18T12:03:13.991+0900] {processor.py:914} INFO - Processing file /home/kim/airflow_tutorial/py_env/lib/python3.10/site-packages/airflow/example_dags/example_branch_day_of_week_operator.py for tasks to queue
[2025-04-18T12:03:13.993+0900] {logging_mixin.py:190} INFO - [2025-04-18T12:03:13.993+0900] {dagbag.py:588} INFO - Filling up the DagBag from /home/kim/airflow_tutorial/py_env/lib/python3.10/site-packages/airflow/example_dags/example_branch_day_of_week_operator.py
[2025-04-18T12:03:14.000+0900] {processor.py:925} INFO - DAG(s) 'example_weekday_branch_operator' retrieved from /home/kim/airflow_tutorial/py_env/lib/python3.10/site-packages/airflow/example_dags/example_branch_day_of_week_operator.py
[2025-04-18T12:03:14.082+0900] {logging_mixin.py:190} INFO - [2025-04-18T12:03:14.082+0900] {override.py:1912} INFO - Created Permission View: can read on DAG:example_weekday_branch_operator
[2025-04-18T12:03:14.093+0900] {logging_mixin.py:190} INFO - [2025-04-18T12:03:14.093+0900] {override.py:1912} INFO - Created Permission View: can edit on DAG:example_weekday_branch_operator
[2025-04-18T12:03:14.102+0900] {logging_mixin.py:190} INFO - [2025-04-18T12:03:14.102+0900] {override.py:1912} INFO - Created Permission View: can delete on DAG:example_weekday_branch_operator
[2025-04-18T12:03:14.110+0900] {logging_mixin.py:190} INFO - [2025-04-18T12:03:14.110+0900] {override.py:1912} INFO - Created Permission View: can read on DAG Run:example_weekday_branch_operator
[2025-04-18T12:03:14.118+0900] {logging_mixin.py:190} INFO - [2025-04-18T12:03:14.118+0900] {override.py:1912} INFO - Created Permission View: can create on DAG Run:example_weekday_branch_operator
[2025-04-18T12:03:14.126+0900] {logging_mixin.py:190} INFO - [2025-04-18T12:03:14.125+0900] {override.py:1912} INFO - Created Permission View: menu access on DAG Run:example_weekday_branch_operator
[2025-04-18T12:03:14.134+0900] {logging_mixin.py:190} INFO - [2025-04-18T12:03:14.134+0900] {override.py:1912} INFO - Created Permission View: can delete on DAG Run:example_weekday_branch_operator
[2025-04-18T12:03:14.134+0900] {logging_mixin.py:190} INFO - [2025-04-18T12:03:14.134+0900] {dag.py:3239} INFO - Sync 1 DAGs
[2025-04-18T12:03:14.147+0900] {logging_mixin.py:190} INFO - [2025-04-18T12:03:14.146+0900] {dag.py:3262} INFO - Creating ORM DAG for example_weekday_branch_operator
[2025-04-18T12:03:14.155+0900] {logging_mixin.py:190} INFO - [2025-04-18T12:03:14.155+0900] {dag.py:4180} INFO - Setting next_dagrun for example_weekday_branch_operator to 2025-04-17 00:00:00+00:00, run_after=2025-04-18 00:00:00+00:00
[2025-04-18T12:03:14.172+0900] {processor.py:208} INFO - Processing /home/kim/airflow_tutorial/py_env/lib/python3.10/site-packages/airflow/example_dags/example_branch_day_of_week_operator.py took 0.188 seconds
[2025-04-18T12:05:19.787+0900] {processor.py:186} INFO - Started process (PID=653714) to work on /home/kim/airflow_tutorial/py_env/lib/python3.10/site-packages/airflow/example_dags/example_branch_day_of_week_operator.py
[2025-04-18T12:05:19.789+0900] {processor.py:914} INFO - Processing file /home/kim/airflow_tutorial/py_env/lib/python3.10/site-packages/airflow/example_dags/example_branch_day_of_week_operator.py for tasks to queue
[2025-04-18T12:05:19.791+0900] {logging_mixin.py:190} INFO - [2025-04-18T12:05:19.790+0900] {dagbag.py:588} INFO - Filling up the DagBag from /home/kim/airflow_tutorial/py_env/lib/python3.10/site-packages/airflow/example_dags/example_branch_day_of_week_operator.py
[2025-04-18T12:05:19.800+0900] {processor.py:925} INFO - DAG(s) 'example_weekday_branch_operator' retrieved from /home/kim/airflow_tutorial/py_env/lib/python3.10/site-packages/airflow/example_dags/example_branch_day_of_week_operator.py
[2025-04-18T12:05:19.826+0900] {logging_mixin.py:190} INFO - [2025-04-18T12:05:19.826+0900] {dag.py:3239} INFO - Sync 1 DAGs
[2025-04-18T12:05:19.848+0900] {logging_mixin.py:190} INFO - [2025-04-18T12:05:19.847+0900] {dag.py:4180} INFO - Setting next_dagrun for example_weekday_branch_operator to 2025-04-17 00:00:00+00:00, run_after=2025-04-18 00:00:00+00:00
[2025-04-18T12:05:19.870+0900] {processor.py:208} INFO - Processing /home/kim/airflow_tutorial/py_env/lib/python3.10/site-packages/airflow/example_dags/example_branch_day_of_week_operator.py took 0.089 seconds
[2025-04-18T12:05:50.739+0900] {processor.py:186} INFO - Started process (PID=654192) to work on /home/kim/airflow_tutorial/py_env/lib/python3.10/site-packages/airflow/example_dags/example_branch_day_of_week_operator.py
[2025-04-18T12:05:50.740+0900] {processor.py:914} INFO - Processing file /home/kim/airflow_tutorial/py_env/lib/python3.10/site-packages/airflow/example_dags/example_branch_day_of_week_operator.py for tasks to queue
[2025-04-18T12:05:50.742+0900] {logging_mixin.py:190} INFO - [2025-04-18T12:05:50.742+0900] {dagbag.py:588} INFO - Filling up the DagBag from /home/kim/airflow_tutorial/py_env/lib/python3.10/site-packages/airflow/example_dags/example_branch_day_of_week_operator.py
[2025-04-18T12:05:50.750+0900] {processor.py:925} INFO - DAG(s) 'example_weekday_branch_operator' retrieved from /home/kim/airflow_tutorial/py_env/lib/python3.10/site-packages/airflow/example_dags/example_branch_day_of_week_operator.py
[2025-04-18T12:05:50.771+0900] {logging_mixin.py:190} INFO - [2025-04-18T12:05:50.771+0900] {dag.py:3239} INFO - Sync 1 DAGs
[2025-04-18T12:05:50.792+0900] {logging_mixin.py:190} INFO - [2025-04-18T12:05:50.792+0900] {dag.py:4180} INFO - Setting next_dagrun for example_weekday_branch_operator to 2025-04-17 00:00:00+00:00, run_after=2025-04-18 00:00:00+00:00
[2025-04-18T12:05:50.812+0900] {processor.py:208} INFO - Processing /home/kim/airflow_tutorial/py_env/lib/python3.10/site-packages/airflow/example_dags/example_branch_day_of_week_operator.py took 0.078 seconds
[2025-04-18T12:06:21.243+0900] {processor.py:186} INFO - Started process (PID=654575) to work on /home/kim/airflow_tutorial/py_env/lib/python3.10/site-packages/airflow/example_dags/example_branch_day_of_week_operator.py
[2025-04-18T12:06:21.243+0900] {processor.py:914} INFO - Processing file /home/kim/airflow_tutorial/py_env/lib/python3.10/site-packages/airflow/example_dags/example_branch_day_of_week_operator.py for tasks to queue
[2025-04-18T12:06:21.245+0900] {logging_mixin.py:190} INFO - [2025-04-18T12:06:21.245+0900] {dagbag.py:588} INFO - Filling up the DagBag from /home/kim/airflow_tutorial/py_env/lib/python3.10/site-packages/airflow/example_dags/example_branch_day_of_week_operator.py
[2025-04-18T12:06:21.255+0900] {processor.py:925} INFO - DAG(s) 'example_weekday_branch_operator' retrieved from /home/kim/airflow_tutorial/py_env/lib/python3.10/site-packages/airflow/example_dags/example_branch_day_of_week_operator.py
[2025-04-18T12:06:21.280+0900] {logging_mixin.py:190} INFO - [2025-04-18T12:06:21.280+0900] {dag.py:3239} INFO - Sync 1 DAGs
[2025-04-18T12:06:21.305+0900] {logging_mixin.py:190} INFO - [2025-04-18T12:06:21.304+0900] {dag.py:4180} INFO - Setting next_dagrun for example_weekday_branch_operator to 2025-04-17 00:00:00+00:00, run_after=2025-04-18 00:00:00+00:00
[2025-04-18T12:06:21.331+0900] {processor.py:208} INFO - Processing /home/kim/airflow_tutorial/py_env/lib/python3.10/site-packages/airflow/example_dags/example_branch_day_of_week_operator.py took 0.094 seconds
