[2025-04-18T11:13:42.580+0900] {processor.py:186} INFO - Started process (PID=637896) to work on /home/kim/airflow_tutorial/py_env/lib/python3.10/site-packages/airflow/example_dags/example_kubernetes_executor.py
[2025-04-18T11:13:42.581+0900] {processor.py:914} INFO - Processing file /home/kim/airflow_tutorial/py_env/lib/python3.10/site-packages/airflow/example_dags/example_kubernetes_executor.py for tasks to queue
[2025-04-18T11:13:42.582+0900] {logging_mixin.py:190} INFO - [2025-04-18T11:13:42.582+0900] {dagbag.py:588} INFO - Filling up the DagBag from /home/kim/airflow_tutorial/py_env/lib/python3.10/site-packages/airflow/example_dags/example_kubernetes_executor.py
[2025-04-18T11:13:42.585+0900] {logging_mixin.py:190} INFO - [2025-04-18T11:13:42.585+0900] {example_kubernetes_executor.py:39} WARNING - The example_kubernetes_executor example DAG requires the kubernetes provider. Please install it with: pip install apache-airflow[cncf.kubernetes]
[2025-04-18T11:13:42.585+0900] {processor.py:927} WARNING - No viable dags retrieved from /home/kim/airflow_tutorial/py_env/lib/python3.10/site-packages/airflow/example_dags/example_kubernetes_executor.py
[2025-04-18T11:13:42.592+0900] {processor.py:208} INFO - Processing /home/kim/airflow_tutorial/py_env/lib/python3.10/site-packages/airflow/example_dags/example_kubernetes_executor.py took 0.016 seconds
[2025-04-18T11:14:47.351+0900] {processor.py:186} INFO - Started process (PID=638365) to work on /home/kim/airflow_tutorial/py_env/lib/python3.10/site-packages/airflow/example_dags/example_kubernetes_executor.py
[2025-04-18T11:14:47.354+0900] {processor.py:914} INFO - Processing file /home/kim/airflow_tutorial/py_env/lib/python3.10/site-packages/airflow/example_dags/example_kubernetes_executor.py for tasks to queue
[2025-04-18T11:14:47.355+0900] {logging_mixin.py:190} INFO - [2025-04-18T11:14:47.355+0900] {dagbag.py:588} INFO - Filling up the DagBag from /home/kim/airflow_tutorial/py_env/lib/python3.10/site-packages/airflow/example_dags/example_kubernetes_executor.py
[2025-04-18T11:14:47.358+0900] {logging_mixin.py:190} INFO - [2025-04-18T11:14:47.358+0900] {example_kubernetes_executor.py:39} WARNING - The example_kubernetes_executor example DAG requires the kubernetes provider. Please install it with: pip install apache-airflow[cncf.kubernetes]
[2025-04-18T11:14:47.358+0900] {processor.py:927} WARNING - No viable dags retrieved from /home/kim/airflow_tutorial/py_env/lib/python3.10/site-packages/airflow/example_dags/example_kubernetes_executor.py
[2025-04-18T11:14:47.367+0900] {processor.py:208} INFO - Processing /home/kim/airflow_tutorial/py_env/lib/python3.10/site-packages/airflow/example_dags/example_kubernetes_executor.py took 0.022 seconds
[2025-04-18T11:15:47.024+0900] {processor.py:186} INFO - Started process (PID=638817) to work on /home/kim/airflow_tutorial/py_env/lib/python3.10/site-packages/airflow/example_dags/example_kubernetes_executor.py
[2025-04-18T11:15:47.025+0900] {processor.py:914} INFO - Processing file /home/kim/airflow_tutorial/py_env/lib/python3.10/site-packages/airflow/example_dags/example_kubernetes_executor.py for tasks to queue
[2025-04-18T11:15:47.027+0900] {logging_mixin.py:190} INFO - [2025-04-18T11:15:47.027+0900] {dagbag.py:588} INFO - Filling up the DagBag from /home/kim/airflow_tutorial/py_env/lib/python3.10/site-packages/airflow/example_dags/example_kubernetes_executor.py
[2025-04-18T11:15:47.030+0900] {logging_mixin.py:190} INFO - [2025-04-18T11:15:47.029+0900] {example_kubernetes_executor.py:39} WARNING - The example_kubernetes_executor example DAG requires the kubernetes provider. Please install it with: pip install apache-airflow[cncf.kubernetes]
[2025-04-18T11:15:47.030+0900] {processor.py:927} WARNING - No viable dags retrieved from /home/kim/airflow_tutorial/py_env/lib/python3.10/site-packages/airflow/example_dags/example_kubernetes_executor.py
[2025-04-18T11:15:47.037+0900] {processor.py:208} INFO - Processing /home/kim/airflow_tutorial/py_env/lib/python3.10/site-packages/airflow/example_dags/example_kubernetes_executor.py took 0.018 seconds
[2025-04-18T11:16:47.454+0900] {processor.py:186} INFO - Started process (PID=639557) to work on /home/kim/airflow_tutorial/py_env/lib/python3.10/site-packages/airflow/example_dags/example_kubernetes_executor.py
[2025-04-18T11:16:47.455+0900] {processor.py:914} INFO - Processing file /home/kim/airflow_tutorial/py_env/lib/python3.10/site-packages/airflow/example_dags/example_kubernetes_executor.py for tasks to queue
[2025-04-18T11:16:47.457+0900] {logging_mixin.py:190} INFO - [2025-04-18T11:16:47.457+0900] {dagbag.py:588} INFO - Filling up the DagBag from /home/kim/airflow_tutorial/py_env/lib/python3.10/site-packages/airflow/example_dags/example_kubernetes_executor.py
[2025-04-18T11:16:47.460+0900] {logging_mixin.py:190} INFO - [2025-04-18T11:16:47.460+0900] {example_kubernetes_executor.py:39} WARNING - The example_kubernetes_executor example DAG requires the kubernetes provider. Please install it with: pip install apache-airflow[cncf.kubernetes]
[2025-04-18T11:16:47.460+0900] {processor.py:927} WARNING - No viable dags retrieved from /home/kim/airflow_tutorial/py_env/lib/python3.10/site-packages/airflow/example_dags/example_kubernetes_executor.py
[2025-04-18T11:16:47.468+0900] {processor.py:208} INFO - Processing /home/kim/airflow_tutorial/py_env/lib/python3.10/site-packages/airflow/example_dags/example_kubernetes_executor.py took 0.019 seconds
[2025-04-18T11:17:47.462+0900] {processor.py:186} INFO - Started process (PID=640092) to work on /home/kim/airflow_tutorial/py_env/lib/python3.10/site-packages/airflow/example_dags/example_kubernetes_executor.py
[2025-04-18T11:17:47.464+0900] {processor.py:914} INFO - Processing file /home/kim/airflow_tutorial/py_env/lib/python3.10/site-packages/airflow/example_dags/example_kubernetes_executor.py for tasks to queue
[2025-04-18T11:17:47.466+0900] {logging_mixin.py:190} INFO - [2025-04-18T11:17:47.466+0900] {dagbag.py:588} INFO - Filling up the DagBag from /home/kim/airflow_tutorial/py_env/lib/python3.10/site-packages/airflow/example_dags/example_kubernetes_executor.py
[2025-04-18T11:17:47.469+0900] {logging_mixin.py:190} INFO - [2025-04-18T11:17:47.468+0900] {example_kubernetes_executor.py:39} WARNING - The example_kubernetes_executor example DAG requires the kubernetes provider. Please install it with: pip install apache-airflow[cncf.kubernetes]
[2025-04-18T11:17:47.469+0900] {processor.py:927} WARNING - No viable dags retrieved from /home/kim/airflow_tutorial/py_env/lib/python3.10/site-packages/airflow/example_dags/example_kubernetes_executor.py
[2025-04-18T11:17:47.476+0900] {processor.py:208} INFO - Processing /home/kim/airflow_tutorial/py_env/lib/python3.10/site-packages/airflow/example_dags/example_kubernetes_executor.py took 0.022 seconds
[2025-04-18T11:18:48.578+0900] {processor.py:186} INFO - Started process (PID=640765) to work on /home/kim/airflow_tutorial/py_env/lib/python3.10/site-packages/airflow/example_dags/example_kubernetes_executor.py
[2025-04-18T11:18:48.581+0900] {processor.py:914} INFO - Processing file /home/kim/airflow_tutorial/py_env/lib/python3.10/site-packages/airflow/example_dags/example_kubernetes_executor.py for tasks to queue
[2025-04-18T11:18:48.582+0900] {logging_mixin.py:190} INFO - [2025-04-18T11:18:48.582+0900] {dagbag.py:588} INFO - Filling up the DagBag from /home/kim/airflow_tutorial/py_env/lib/python3.10/site-packages/airflow/example_dags/example_kubernetes_executor.py
[2025-04-18T11:18:48.584+0900] {logging_mixin.py:190} INFO - [2025-04-18T11:18:48.584+0900] {example_kubernetes_executor.py:39} WARNING - The example_kubernetes_executor example DAG requires the kubernetes provider. Please install it with: pip install apache-airflow[cncf.kubernetes]
[2025-04-18T11:18:48.585+0900] {processor.py:927} WARNING - No viable dags retrieved from /home/kim/airflow_tutorial/py_env/lib/python3.10/site-packages/airflow/example_dags/example_kubernetes_executor.py
[2025-04-18T11:18:48.592+0900] {processor.py:208} INFO - Processing /home/kim/airflow_tutorial/py_env/lib/python3.10/site-packages/airflow/example_dags/example_kubernetes_executor.py took 0.019 seconds
[2025-04-18T11:19:44.783+0900] {processor.py:186} INFO - Started process (PID=641051) to work on /home/kim/airflow_tutorial/py_env/lib/python3.10/site-packages/airflow/example_dags/example_kubernetes_executor.py
[2025-04-18T11:19:44.786+0900] {processor.py:914} INFO - Processing file /home/kim/airflow_tutorial/py_env/lib/python3.10/site-packages/airflow/example_dags/example_kubernetes_executor.py for tasks to queue
[2025-04-18T11:19:44.787+0900] {logging_mixin.py:190} INFO - [2025-04-18T11:19:44.787+0900] {dagbag.py:588} INFO - Filling up the DagBag from /home/kim/airflow_tutorial/py_env/lib/python3.10/site-packages/airflow/example_dags/example_kubernetes_executor.py
[2025-04-18T11:19:44.790+0900] {logging_mixin.py:190} INFO - [2025-04-18T11:19:44.790+0900] {example_kubernetes_executor.py:39} WARNING - The example_kubernetes_executor example DAG requires the kubernetes provider. Please install it with: pip install apache-airflow[cncf.kubernetes]
[2025-04-18T11:19:44.790+0900] {processor.py:927} WARNING - No viable dags retrieved from /home/kim/airflow_tutorial/py_env/lib/python3.10/site-packages/airflow/example_dags/example_kubernetes_executor.py
[2025-04-18T11:19:44.798+0900] {processor.py:208} INFO - Processing /home/kim/airflow_tutorial/py_env/lib/python3.10/site-packages/airflow/example_dags/example_kubernetes_executor.py took 0.019 seconds
[2025-04-18T11:20:45.007+0900] {processor.py:186} INFO - Started process (PID=641344) to work on /home/kim/airflow_tutorial/py_env/lib/python3.10/site-packages/airflow/example_dags/example_kubernetes_executor.py
[2025-04-18T11:20:45.012+0900] {processor.py:914} INFO - Processing file /home/kim/airflow_tutorial/py_env/lib/python3.10/site-packages/airflow/example_dags/example_kubernetes_executor.py for tasks to queue
[2025-04-18T11:20:45.017+0900] {logging_mixin.py:190} INFO - [2025-04-18T11:20:45.016+0900] {dagbag.py:588} INFO - Filling up the DagBag from /home/kim/airflow_tutorial/py_env/lib/python3.10/site-packages/airflow/example_dags/example_kubernetes_executor.py
[2025-04-18T11:20:45.025+0900] {logging_mixin.py:190} INFO - [2025-04-18T11:20:45.024+0900] {example_kubernetes_executor.py:39} WARNING - The example_kubernetes_executor example DAG requires the kubernetes provider. Please install it with: pip install apache-airflow[cncf.kubernetes]
[2025-04-18T11:20:45.025+0900] {processor.py:927} WARNING - No viable dags retrieved from /home/kim/airflow_tutorial/py_env/lib/python3.10/site-packages/airflow/example_dags/example_kubernetes_executor.py
[2025-04-18T11:20:45.042+0900] {processor.py:208} INFO - Processing /home/kim/airflow_tutorial/py_env/lib/python3.10/site-packages/airflow/example_dags/example_kubernetes_executor.py took 0.050 seconds
[2025-04-18T11:21:46.227+0900] {processor.py:186} INFO - Started process (PID=641635) to work on /home/kim/airflow_tutorial/py_env/lib/python3.10/site-packages/airflow/example_dags/example_kubernetes_executor.py
[2025-04-18T11:21:46.228+0900] {processor.py:914} INFO - Processing file /home/kim/airflow_tutorial/py_env/lib/python3.10/site-packages/airflow/example_dags/example_kubernetes_executor.py for tasks to queue
[2025-04-18T11:21:46.229+0900] {logging_mixin.py:190} INFO - [2025-04-18T11:21:46.229+0900] {dagbag.py:588} INFO - Filling up the DagBag from /home/kim/airflow_tutorial/py_env/lib/python3.10/site-packages/airflow/example_dags/example_kubernetes_executor.py
[2025-04-18T11:21:46.232+0900] {logging_mixin.py:190} INFO - [2025-04-18T11:21:46.232+0900] {example_kubernetes_executor.py:39} WARNING - The example_kubernetes_executor example DAG requires the kubernetes provider. Please install it with: pip install apache-airflow[cncf.kubernetes]
[2025-04-18T11:21:46.232+0900] {processor.py:927} WARNING - No viable dags retrieved from /home/kim/airflow_tutorial/py_env/lib/python3.10/site-packages/airflow/example_dags/example_kubernetes_executor.py
[2025-04-18T11:21:46.239+0900] {processor.py:208} INFO - Processing /home/kim/airflow_tutorial/py_env/lib/python3.10/site-packages/airflow/example_dags/example_kubernetes_executor.py took 0.017 seconds
[2025-04-18T11:22:47.398+0900] {processor.py:186} INFO - Started process (PID=642090) to work on /home/kim/airflow_tutorial/py_env/lib/python3.10/site-packages/airflow/example_dags/example_kubernetes_executor.py
[2025-04-18T11:22:47.401+0900] {processor.py:914} INFO - Processing file /home/kim/airflow_tutorial/py_env/lib/python3.10/site-packages/airflow/example_dags/example_kubernetes_executor.py for tasks to queue
[2025-04-18T11:22:47.402+0900] {logging_mixin.py:190} INFO - [2025-04-18T11:22:47.402+0900] {dagbag.py:588} INFO - Filling up the DagBag from /home/kim/airflow_tutorial/py_env/lib/python3.10/site-packages/airflow/example_dags/example_kubernetes_executor.py
[2025-04-18T11:22:47.405+0900] {logging_mixin.py:190} INFO - [2025-04-18T11:22:47.404+0900] {example_kubernetes_executor.py:39} WARNING - The example_kubernetes_executor example DAG requires the kubernetes provider. Please install it with: pip install apache-airflow[cncf.kubernetes]
[2025-04-18T11:22:47.405+0900] {processor.py:927} WARNING - No viable dags retrieved from /home/kim/airflow_tutorial/py_env/lib/python3.10/site-packages/airflow/example_dags/example_kubernetes_executor.py
[2025-04-18T11:22:47.412+0900] {processor.py:208} INFO - Processing /home/kim/airflow_tutorial/py_env/lib/python3.10/site-packages/airflow/example_dags/example_kubernetes_executor.py took 0.018 seconds
[2025-04-18T11:23:46.161+0900] {processor.py:186} INFO - Started process (PID=642382) to work on /home/kim/airflow_tutorial/py_env/lib/python3.10/site-packages/airflow/example_dags/example_kubernetes_executor.py
[2025-04-18T11:23:46.163+0900] {processor.py:914} INFO - Processing file /home/kim/airflow_tutorial/py_env/lib/python3.10/site-packages/airflow/example_dags/example_kubernetes_executor.py for tasks to queue
[2025-04-18T11:23:46.165+0900] {logging_mixin.py:190} INFO - [2025-04-18T11:23:46.165+0900] {dagbag.py:588} INFO - Filling up the DagBag from /home/kim/airflow_tutorial/py_env/lib/python3.10/site-packages/airflow/example_dags/example_kubernetes_executor.py
[2025-04-18T11:23:46.168+0900] {logging_mixin.py:190} INFO - [2025-04-18T11:23:46.168+0900] {example_kubernetes_executor.py:39} WARNING - The example_kubernetes_executor example DAG requires the kubernetes provider. Please install it with: pip install apache-airflow[cncf.kubernetes]
[2025-04-18T11:23:46.168+0900] {processor.py:927} WARNING - No viable dags retrieved from /home/kim/airflow_tutorial/py_env/lib/python3.10/site-packages/airflow/example_dags/example_kubernetes_executor.py
[2025-04-18T11:23:46.176+0900] {processor.py:208} INFO - Processing /home/kim/airflow_tutorial/py_env/lib/python3.10/site-packages/airflow/example_dags/example_kubernetes_executor.py took 0.020 seconds
[2025-04-18T11:24:46.116+0900] {processor.py:186} INFO - Started process (PID=642743) to work on /home/kim/airflow_tutorial/py_env/lib/python3.10/site-packages/airflow/example_dags/example_kubernetes_executor.py
[2025-04-18T11:24:46.118+0900] {processor.py:914} INFO - Processing file /home/kim/airflow_tutorial/py_env/lib/python3.10/site-packages/airflow/example_dags/example_kubernetes_executor.py for tasks to queue
[2025-04-18T11:24:46.119+0900] {logging_mixin.py:190} INFO - [2025-04-18T11:24:46.119+0900] {dagbag.py:588} INFO - Filling up the DagBag from /home/kim/airflow_tutorial/py_env/lib/python3.10/site-packages/airflow/example_dags/example_kubernetes_executor.py
[2025-04-18T11:24:46.121+0900] {logging_mixin.py:190} INFO - [2025-04-18T11:24:46.121+0900] {example_kubernetes_executor.py:39} WARNING - The example_kubernetes_executor example DAG requires the kubernetes provider. Please install it with: pip install apache-airflow[cncf.kubernetes]
[2025-04-18T11:24:46.122+0900] {processor.py:927} WARNING - No viable dags retrieved from /home/kim/airflow_tutorial/py_env/lib/python3.10/site-packages/airflow/example_dags/example_kubernetes_executor.py
[2025-04-18T11:24:46.129+0900] {processor.py:208} INFO - Processing /home/kim/airflow_tutorial/py_env/lib/python3.10/site-packages/airflow/example_dags/example_kubernetes_executor.py took 0.018 seconds
[2025-04-18T12:03:13.739+0900] {processor.py:186} INFO - Started process (PID=651871) to work on /home/kim/airflow_tutorial/py_env/lib/python3.10/site-packages/airflow/example_dags/example_kubernetes_executor.py
[2025-04-18T12:03:13.740+0900] {processor.py:914} INFO - Processing file /home/kim/airflow_tutorial/py_env/lib/python3.10/site-packages/airflow/example_dags/example_kubernetes_executor.py for tasks to queue
[2025-04-18T12:03:13.742+0900] {logging_mixin.py:190} INFO - [2025-04-18T12:03:13.742+0900] {dagbag.py:588} INFO - Filling up the DagBag from /home/kim/airflow_tutorial/py_env/lib/python3.10/site-packages/airflow/example_dags/example_kubernetes_executor.py
[2025-04-18T12:03:13.744+0900] {logging_mixin.py:190} INFO - [2025-04-18T12:03:13.744+0900] {example_kubernetes_executor.py:39} WARNING - The example_kubernetes_executor example DAG requires the kubernetes provider. Please install it with: pip install apache-airflow[cncf.kubernetes]
[2025-04-18T12:03:13.744+0900] {processor.py:927} WARNING - No viable dags retrieved from /home/kim/airflow_tutorial/py_env/lib/python3.10/site-packages/airflow/example_dags/example_kubernetes_executor.py
[2025-04-18T12:03:13.761+0900] {processor.py:208} INFO - Processing /home/kim/airflow_tutorial/py_env/lib/python3.10/site-packages/airflow/example_dags/example_kubernetes_executor.py took 0.027 seconds
[2025-04-18T12:05:19.576+0900] {processor.py:186} INFO - Started process (PID=653699) to work on /home/kim/airflow_tutorial/py_env/lib/python3.10/site-packages/airflow/example_dags/example_kubernetes_executor.py
[2025-04-18T12:05:19.577+0900] {processor.py:914} INFO - Processing file /home/kim/airflow_tutorial/py_env/lib/python3.10/site-packages/airflow/example_dags/example_kubernetes_executor.py for tasks to queue
[2025-04-18T12:05:19.578+0900] {logging_mixin.py:190} INFO - [2025-04-18T12:05:19.578+0900] {dagbag.py:588} INFO - Filling up the DagBag from /home/kim/airflow_tutorial/py_env/lib/python3.10/site-packages/airflow/example_dags/example_kubernetes_executor.py
[2025-04-18T12:05:19.581+0900] {logging_mixin.py:190} INFO - [2025-04-18T12:05:19.581+0900] {example_kubernetes_executor.py:39} WARNING - The example_kubernetes_executor example DAG requires the kubernetes provider. Please install it with: pip install apache-airflow[cncf.kubernetes]
[2025-04-18T12:05:19.582+0900] {processor.py:927} WARNING - No viable dags retrieved from /home/kim/airflow_tutorial/py_env/lib/python3.10/site-packages/airflow/example_dags/example_kubernetes_executor.py
[2025-04-18T12:05:19.602+0900] {processor.py:208} INFO - Processing /home/kim/airflow_tutorial/py_env/lib/python3.10/site-packages/airflow/example_dags/example_kubernetes_executor.py took 0.033 seconds
[2025-04-18T12:05:50.575+0900] {processor.py:186} INFO - Started process (PID=654177) to work on /home/kim/airflow_tutorial/py_env/lib/python3.10/site-packages/airflow/example_dags/example_kubernetes_executor.py
[2025-04-18T12:05:50.577+0900] {processor.py:914} INFO - Processing file /home/kim/airflow_tutorial/py_env/lib/python3.10/site-packages/airflow/example_dags/example_kubernetes_executor.py for tasks to queue
[2025-04-18T12:05:50.578+0900] {logging_mixin.py:190} INFO - [2025-04-18T12:05:50.578+0900] {dagbag.py:588} INFO - Filling up the DagBag from /home/kim/airflow_tutorial/py_env/lib/python3.10/site-packages/airflow/example_dags/example_kubernetes_executor.py
[2025-04-18T12:05:50.581+0900] {logging_mixin.py:190} INFO - [2025-04-18T12:05:50.581+0900] {example_kubernetes_executor.py:39} WARNING - The example_kubernetes_executor example DAG requires the kubernetes provider. Please install it with: pip install apache-airflow[cncf.kubernetes]
[2025-04-18T12:05:50.581+0900] {processor.py:927} WARNING - No viable dags retrieved from /home/kim/airflow_tutorial/py_env/lib/python3.10/site-packages/airflow/example_dags/example_kubernetes_executor.py
[2025-04-18T12:05:50.597+0900] {processor.py:208} INFO - Processing /home/kim/airflow_tutorial/py_env/lib/python3.10/site-packages/airflow/example_dags/example_kubernetes_executor.py took 0.028 seconds
[2025-04-18T12:06:21.049+0900] {processor.py:186} INFO - Started process (PID=654556) to work on /home/kim/airflow_tutorial/py_env/lib/python3.10/site-packages/airflow/example_dags/example_kubernetes_executor.py
[2025-04-18T12:06:21.050+0900] {processor.py:914} INFO - Processing file /home/kim/airflow_tutorial/py_env/lib/python3.10/site-packages/airflow/example_dags/example_kubernetes_executor.py for tasks to queue
[2025-04-18T12:06:21.052+0900] {logging_mixin.py:190} INFO - [2025-04-18T12:06:21.052+0900] {dagbag.py:588} INFO - Filling up the DagBag from /home/kim/airflow_tutorial/py_env/lib/python3.10/site-packages/airflow/example_dags/example_kubernetes_executor.py
[2025-04-18T12:06:21.055+0900] {logging_mixin.py:190} INFO - [2025-04-18T12:06:21.054+0900] {example_kubernetes_executor.py:39} WARNING - The example_kubernetes_executor example DAG requires the kubernetes provider. Please install it with: pip install apache-airflow[cncf.kubernetes]
[2025-04-18T12:06:21.055+0900] {processor.py:927} WARNING - No viable dags retrieved from /home/kim/airflow_tutorial/py_env/lib/python3.10/site-packages/airflow/example_dags/example_kubernetes_executor.py
[2025-04-18T12:06:21.073+0900] {processor.py:208} INFO - Processing /home/kim/airflow_tutorial/py_env/lib/python3.10/site-packages/airflow/example_dags/example_kubernetes_executor.py took 0.030 seconds
