[2025-04-18T11:13:11.100+0900] {processor.py:186} INFO - Started process (PID=637785) to work on /home/kim/airflow_tutorial/py_env/lib/python3.10/site-packages/airflow/example_dags/tutorial_taskflow_templates.py
[2025-04-18T11:13:11.101+0900] {processor.py:914} INFO - Processing file /home/kim/airflow_tutorial/py_env/lib/python3.10/site-packages/airflow/example_dags/tutorial_taskflow_templates.py for tasks to queue
[2025-04-18T11:13:11.102+0900] {logging_mixin.py:190} INFO - [2025-04-18T11:13:11.102+0900] {dagbag.py:588} INFO - Filling up the DagBag from /home/kim/airflow_tutorial/py_env/lib/python3.10/site-packages/airflow/example_dags/tutorial_taskflow_templates.py
[2025-04-18T11:13:11.113+0900] {processor.py:925} INFO - DAG(s) 'tutorial_taskflow_templates' retrieved from /home/kim/airflow_tutorial/py_env/lib/python3.10/site-packages/airflow/example_dags/tutorial_taskflow_templates.py
[2025-04-18T11:13:11.263+0900] {logging_mixin.py:190} INFO - [2025-04-18T11:13:11.262+0900] {override.py:1912} INFO - Created Permission View: can delete on DAG:tutorial_taskflow_templates
[2025-04-18T11:13:11.271+0900] {logging_mixin.py:190} INFO - [2025-04-18T11:13:11.270+0900] {override.py:1912} INFO - Created Permission View: can edit on DAG:tutorial_taskflow_templates
[2025-04-18T11:13:11.277+0900] {logging_mixin.py:190} INFO - [2025-04-18T11:13:11.277+0900] {override.py:1912} INFO - Created Permission View: can read on DAG:tutorial_taskflow_templates
[2025-04-18T11:13:11.288+0900] {logging_mixin.py:190} INFO - [2025-04-18T11:13:11.287+0900] {override.py:1912} INFO - Created Permission View: can delete on DAG Run:tutorial_taskflow_templates
[2025-04-18T11:13:11.294+0900] {logging_mixin.py:190} INFO - [2025-04-18T11:13:11.294+0900] {override.py:1912} INFO - Created Permission View: can create on DAG Run:tutorial_taskflow_templates
[2025-04-18T11:13:11.300+0900] {logging_mixin.py:190} INFO - [2025-04-18T11:13:11.300+0900] {override.py:1912} INFO - Created Permission View: menu access on DAG Run:tutorial_taskflow_templates
[2025-04-18T11:13:11.306+0900] {logging_mixin.py:190} INFO - [2025-04-18T11:13:11.306+0900] {override.py:1912} INFO - Created Permission View: can read on DAG Run:tutorial_taskflow_templates
[2025-04-18T11:13:11.307+0900] {logging_mixin.py:190} INFO - [2025-04-18T11:13:11.306+0900] {dag.py:3239} INFO - Sync 1 DAGs
[2025-04-18T11:13:11.314+0900] {logging_mixin.py:190} INFO - [2025-04-18T11:13:11.314+0900] {dag.py:3262} INFO - Creating ORM DAG for tutorial_taskflow_templates
[2025-04-18T11:13:11.320+0900] {logging_mixin.py:190} INFO - [2025-04-18T11:13:11.319+0900] {dag.py:4180} INFO - Setting next_dagrun for tutorial_taskflow_templates to 2025-04-17 00:00:00+00:00, run_after=2025-04-18 00:00:00+00:00
[2025-04-18T11:13:11.334+0900] {processor.py:208} INFO - Processing /home/kim/airflow_tutorial/py_env/lib/python3.10/site-packages/airflow/example_dags/tutorial_taskflow_templates.py took 0.238 seconds
[2025-04-18T11:14:17.389+0900] {processor.py:186} INFO - Started process (PID=638137) to work on /home/kim/airflow_tutorial/py_env/lib/python3.10/site-packages/airflow/example_dags/tutorial_taskflow_templates.py
[2025-04-18T11:14:17.390+0900] {processor.py:914} INFO - Processing file /home/kim/airflow_tutorial/py_env/lib/python3.10/site-packages/airflow/example_dags/tutorial_taskflow_templates.py for tasks to queue
[2025-04-18T11:14:17.393+0900] {logging_mixin.py:190} INFO - [2025-04-18T11:14:17.393+0900] {dagbag.py:588} INFO - Filling up the DagBag from /home/kim/airflow_tutorial/py_env/lib/python3.10/site-packages/airflow/example_dags/tutorial_taskflow_templates.py
[2025-04-18T11:14:17.408+0900] {processor.py:925} INFO - DAG(s) 'tutorial_taskflow_templates' retrieved from /home/kim/airflow_tutorial/py_env/lib/python3.10/site-packages/airflow/example_dags/tutorial_taskflow_templates.py
[2025-04-18T11:14:17.424+0900] {logging_mixin.py:190} INFO - [2025-04-18T11:14:17.423+0900] {dag.py:3239} INFO - Sync 1 DAGs
[2025-04-18T11:14:17.445+0900] {logging_mixin.py:190} INFO - [2025-04-18T11:14:17.445+0900] {dag.py:4180} INFO - Setting next_dagrun for tutorial_taskflow_templates to 2025-04-17 00:00:00+00:00, run_after=2025-04-18 00:00:00+00:00
[2025-04-18T11:14:17.470+0900] {processor.py:208} INFO - Processing /home/kim/airflow_tutorial/py_env/lib/python3.10/site-packages/airflow/example_dags/tutorial_taskflow_templates.py took 0.088 seconds
[2025-04-18T11:15:16.654+0900] {processor.py:186} INFO - Started process (PID=638700) to work on /home/kim/airflow_tutorial/py_env/lib/python3.10/site-packages/airflow/example_dags/tutorial_taskflow_templates.py
[2025-04-18T11:15:16.657+0900] {processor.py:914} INFO - Processing file /home/kim/airflow_tutorial/py_env/lib/python3.10/site-packages/airflow/example_dags/tutorial_taskflow_templates.py for tasks to queue
[2025-04-18T11:15:16.660+0900] {logging_mixin.py:190} INFO - [2025-04-18T11:15:16.660+0900] {dagbag.py:588} INFO - Filling up the DagBag from /home/kim/airflow_tutorial/py_env/lib/python3.10/site-packages/airflow/example_dags/tutorial_taskflow_templates.py
[2025-04-18T11:15:16.675+0900] {processor.py:925} INFO - DAG(s) 'tutorial_taskflow_templates' retrieved from /home/kim/airflow_tutorial/py_env/lib/python3.10/site-packages/airflow/example_dags/tutorial_taskflow_templates.py
[2025-04-18T11:15:16.696+0900] {logging_mixin.py:190} INFO - [2025-04-18T11:15:16.696+0900] {dag.py:3239} INFO - Sync 1 DAGs
[2025-04-18T11:15:16.718+0900] {logging_mixin.py:190} INFO - [2025-04-18T11:15:16.718+0900] {dag.py:4180} INFO - Setting next_dagrun for tutorial_taskflow_templates to 2025-04-17 00:00:00+00:00, run_after=2025-04-18 00:00:00+00:00
[2025-04-18T11:15:16.743+0900] {processor.py:208} INFO - Processing /home/kim/airflow_tutorial/py_env/lib/python3.10/site-packages/airflow/example_dags/tutorial_taskflow_templates.py took 0.095 seconds
[2025-04-18T11:16:19.143+0900] {processor.py:186} INFO - Started process (PID=639154) to work on /home/kim/airflow_tutorial/py_env/lib/python3.10/site-packages/airflow/example_dags/tutorial_taskflow_templates.py
[2025-04-18T11:16:19.145+0900] {processor.py:914} INFO - Processing file /home/kim/airflow_tutorial/py_env/lib/python3.10/site-packages/airflow/example_dags/tutorial_taskflow_templates.py for tasks to queue
[2025-04-18T11:16:19.147+0900] {logging_mixin.py:190} INFO - [2025-04-18T11:16:19.147+0900] {dagbag.py:588} INFO - Filling up the DagBag from /home/kim/airflow_tutorial/py_env/lib/python3.10/site-packages/airflow/example_dags/tutorial_taskflow_templates.py
[2025-04-18T11:16:19.157+0900] {processor.py:925} INFO - DAG(s) 'tutorial_taskflow_templates' retrieved from /home/kim/airflow_tutorial/py_env/lib/python3.10/site-packages/airflow/example_dags/tutorial_taskflow_templates.py
[2025-04-18T11:16:19.168+0900] {logging_mixin.py:190} INFO - [2025-04-18T11:16:19.168+0900] {dag.py:3239} INFO - Sync 1 DAGs
[2025-04-18T11:16:19.182+0900] {logging_mixin.py:190} INFO - [2025-04-18T11:16:19.182+0900] {dag.py:4180} INFO - Setting next_dagrun for tutorial_taskflow_templates to 2025-04-17 00:00:00+00:00, run_after=2025-04-18 00:00:00+00:00
[2025-04-18T11:16:19.197+0900] {processor.py:208} INFO - Processing /home/kim/airflow_tutorial/py_env/lib/python3.10/site-packages/airflow/example_dags/tutorial_taskflow_templates.py took 0.059 seconds
[2025-04-18T11:17:16.916+0900] {processor.py:186} INFO - Started process (PID=639981) to work on /home/kim/airflow_tutorial/py_env/lib/python3.10/site-packages/airflow/example_dags/tutorial_taskflow_templates.py
[2025-04-18T11:17:16.919+0900] {processor.py:914} INFO - Processing file /home/kim/airflow_tutorial/py_env/lib/python3.10/site-packages/airflow/example_dags/tutorial_taskflow_templates.py for tasks to queue
[2025-04-18T11:17:16.921+0900] {logging_mixin.py:190} INFO - [2025-04-18T11:17:16.921+0900] {dagbag.py:588} INFO - Filling up the DagBag from /home/kim/airflow_tutorial/py_env/lib/python3.10/site-packages/airflow/example_dags/tutorial_taskflow_templates.py
[2025-04-18T11:17:16.931+0900] {processor.py:925} INFO - DAG(s) 'tutorial_taskflow_templates' retrieved from /home/kim/airflow_tutorial/py_env/lib/python3.10/site-packages/airflow/example_dags/tutorial_taskflow_templates.py
[2025-04-18T11:17:16.942+0900] {logging_mixin.py:190} INFO - [2025-04-18T11:17:16.942+0900] {dag.py:3239} INFO - Sync 1 DAGs
[2025-04-18T11:17:16.955+0900] {logging_mixin.py:190} INFO - [2025-04-18T11:17:16.955+0900] {dag.py:4180} INFO - Setting next_dagrun for tutorial_taskflow_templates to 2025-04-17 00:00:00+00:00, run_after=2025-04-18 00:00:00+00:00
[2025-04-18T11:17:16.970+0900] {processor.py:208} INFO - Processing /home/kim/airflow_tutorial/py_env/lib/python3.10/site-packages/airflow/example_dags/tutorial_taskflow_templates.py took 0.059 seconds
[2025-04-18T11:18:19.159+0900] {processor.py:186} INFO - Started process (PID=640440) to work on /home/kim/airflow_tutorial/py_env/lib/python3.10/site-packages/airflow/example_dags/tutorial_taskflow_templates.py
[2025-04-18T11:18:19.161+0900] {processor.py:914} INFO - Processing file /home/kim/airflow_tutorial/py_env/lib/python3.10/site-packages/airflow/example_dags/tutorial_taskflow_templates.py for tasks to queue
[2025-04-18T11:18:19.163+0900] {logging_mixin.py:190} INFO - [2025-04-18T11:18:19.163+0900] {dagbag.py:588} INFO - Filling up the DagBag from /home/kim/airflow_tutorial/py_env/lib/python3.10/site-packages/airflow/example_dags/tutorial_taskflow_templates.py
[2025-04-18T11:18:19.172+0900] {processor.py:925} INFO - DAG(s) 'tutorial_taskflow_templates' retrieved from /home/kim/airflow_tutorial/py_env/lib/python3.10/site-packages/airflow/example_dags/tutorial_taskflow_templates.py
[2025-04-18T11:18:19.183+0900] {logging_mixin.py:190} INFO - [2025-04-18T11:18:19.183+0900] {dag.py:3239} INFO - Sync 1 DAGs
[2025-04-18T11:18:19.198+0900] {logging_mixin.py:190} INFO - [2025-04-18T11:18:19.198+0900] {dag.py:4180} INFO - Setting next_dagrun for tutorial_taskflow_templates to 2025-04-17 00:00:00+00:00, run_after=2025-04-18 00:00:00+00:00
[2025-04-18T11:18:19.214+0900] {processor.py:208} INFO - Processing /home/kim/airflow_tutorial/py_env/lib/python3.10/site-packages/airflow/example_dags/tutorial_taskflow_templates.py took 0.060 seconds
[2025-04-18T11:19:15.538+0900] {processor.py:186} INFO - Started process (PID=640945) to work on /home/kim/airflow_tutorial/py_env/lib/python3.10/site-packages/airflow/example_dags/tutorial_taskflow_templates.py
[2025-04-18T11:19:15.540+0900] {processor.py:914} INFO - Processing file /home/kim/airflow_tutorial/py_env/lib/python3.10/site-packages/airflow/example_dags/tutorial_taskflow_templates.py for tasks to queue
[2025-04-18T11:19:15.542+0900] {logging_mixin.py:190} INFO - [2025-04-18T11:19:15.542+0900] {dagbag.py:588} INFO - Filling up the DagBag from /home/kim/airflow_tutorial/py_env/lib/python3.10/site-packages/airflow/example_dags/tutorial_taskflow_templates.py
[2025-04-18T11:19:15.553+0900] {processor.py:925} INFO - DAG(s) 'tutorial_taskflow_templates' retrieved from /home/kim/airflow_tutorial/py_env/lib/python3.10/site-packages/airflow/example_dags/tutorial_taskflow_templates.py
[2025-04-18T11:19:15.566+0900] {logging_mixin.py:190} INFO - [2025-04-18T11:19:15.566+0900] {dag.py:3239} INFO - Sync 1 DAGs
[2025-04-18T11:19:15.584+0900] {logging_mixin.py:190} INFO - [2025-04-18T11:19:15.584+0900] {dag.py:4180} INFO - Setting next_dagrun for tutorial_taskflow_templates to 2025-04-17 00:00:00+00:00, run_after=2025-04-18 00:00:00+00:00
[2025-04-18T11:19:15.602+0900] {processor.py:208} INFO - Processing /home/kim/airflow_tutorial/py_env/lib/python3.10/site-packages/airflow/example_dags/tutorial_taskflow_templates.py took 0.069 seconds
[2025-04-18T11:20:14.005+0900] {processor.py:186} INFO - Started process (PID=641228) to work on /home/kim/airflow_tutorial/py_env/lib/python3.10/site-packages/airflow/example_dags/tutorial_taskflow_templates.py
[2025-04-18T11:20:14.006+0900] {processor.py:914} INFO - Processing file /home/kim/airflow_tutorial/py_env/lib/python3.10/site-packages/airflow/example_dags/tutorial_taskflow_templates.py for tasks to queue
[2025-04-18T11:20:14.008+0900] {logging_mixin.py:190} INFO - [2025-04-18T11:20:14.008+0900] {dagbag.py:588} INFO - Filling up the DagBag from /home/kim/airflow_tutorial/py_env/lib/python3.10/site-packages/airflow/example_dags/tutorial_taskflow_templates.py
[2025-04-18T11:20:14.017+0900] {processor.py:925} INFO - DAG(s) 'tutorial_taskflow_templates' retrieved from /home/kim/airflow_tutorial/py_env/lib/python3.10/site-packages/airflow/example_dags/tutorial_taskflow_templates.py
[2025-04-18T11:20:14.028+0900] {logging_mixin.py:190} INFO - [2025-04-18T11:20:14.028+0900] {dag.py:3239} INFO - Sync 1 DAGs
[2025-04-18T11:20:14.042+0900] {logging_mixin.py:190} INFO - [2025-04-18T11:20:14.042+0900] {dag.py:4180} INFO - Setting next_dagrun for tutorial_taskflow_templates to 2025-04-17 00:00:00+00:00, run_after=2025-04-18 00:00:00+00:00
[2025-04-18T11:20:14.058+0900] {processor.py:208} INFO - Processing /home/kim/airflow_tutorial/py_env/lib/python3.10/site-packages/airflow/example_dags/tutorial_taskflow_templates.py took 0.057 seconds
[2025-04-18T11:21:13.116+0900] {processor.py:186} INFO - Started process (PID=641514) to work on /home/kim/airflow_tutorial/py_env/lib/python3.10/site-packages/airflow/example_dags/tutorial_taskflow_templates.py
[2025-04-18T11:21:13.118+0900] {processor.py:914} INFO - Processing file /home/kim/airflow_tutorial/py_env/lib/python3.10/site-packages/airflow/example_dags/tutorial_taskflow_templates.py for tasks to queue
[2025-04-18T11:21:13.120+0900] {logging_mixin.py:190} INFO - [2025-04-18T11:21:13.120+0900] {dagbag.py:588} INFO - Filling up the DagBag from /home/kim/airflow_tutorial/py_env/lib/python3.10/site-packages/airflow/example_dags/tutorial_taskflow_templates.py
[2025-04-18T11:21:13.130+0900] {processor.py:925} INFO - DAG(s) 'tutorial_taskflow_templates' retrieved from /home/kim/airflow_tutorial/py_env/lib/python3.10/site-packages/airflow/example_dags/tutorial_taskflow_templates.py
[2025-04-18T11:21:13.142+0900] {logging_mixin.py:190} INFO - [2025-04-18T11:21:13.142+0900] {dag.py:3239} INFO - Sync 1 DAGs
[2025-04-18T11:21:13.156+0900] {logging_mixin.py:190} INFO - [2025-04-18T11:21:13.156+0900] {dag.py:4180} INFO - Setting next_dagrun for tutorial_taskflow_templates to 2025-04-17 00:00:00+00:00, run_after=2025-04-18 00:00:00+00:00
[2025-04-18T11:21:13.173+0900] {processor.py:208} INFO - Processing /home/kim/airflow_tutorial/py_env/lib/python3.10/site-packages/airflow/example_dags/tutorial_taskflow_templates.py took 0.061 seconds
[2025-04-18T11:22:15.564+0900] {processor.py:186} INFO - Started process (PID=641818) to work on /home/kim/airflow_tutorial/py_env/lib/python3.10/site-packages/airflow/example_dags/tutorial_taskflow_templates.py
[2025-04-18T11:22:15.566+0900] {processor.py:914} INFO - Processing file /home/kim/airflow_tutorial/py_env/lib/python3.10/site-packages/airflow/example_dags/tutorial_taskflow_templates.py for tasks to queue
[2025-04-18T11:22:15.569+0900] {logging_mixin.py:190} INFO - [2025-04-18T11:22:15.568+0900] {dagbag.py:588} INFO - Filling up the DagBag from /home/kim/airflow_tutorial/py_env/lib/python3.10/site-packages/airflow/example_dags/tutorial_taskflow_templates.py
[2025-04-18T11:22:15.579+0900] {processor.py:925} INFO - DAG(s) 'tutorial_taskflow_templates' retrieved from /home/kim/airflow_tutorial/py_env/lib/python3.10/site-packages/airflow/example_dags/tutorial_taskflow_templates.py
[2025-04-18T11:22:15.591+0900] {logging_mixin.py:190} INFO - [2025-04-18T11:22:15.591+0900] {dag.py:3239} INFO - Sync 1 DAGs
[2025-04-18T11:22:15.605+0900] {logging_mixin.py:190} INFO - [2025-04-18T11:22:15.605+0900] {dag.py:4180} INFO - Setting next_dagrun for tutorial_taskflow_templates to 2025-04-17 00:00:00+00:00, run_after=2025-04-18 00:00:00+00:00
[2025-04-18T11:22:15.620+0900] {processor.py:208} INFO - Processing /home/kim/airflow_tutorial/py_env/lib/python3.10/site-packages/airflow/example_dags/tutorial_taskflow_templates.py took 0.061 seconds
[2025-04-18T11:23:16.772+0900] {processor.py:186} INFO - Started process (PID=642267) to work on /home/kim/airflow_tutorial/py_env/lib/python3.10/site-packages/airflow/example_dags/tutorial_taskflow_templates.py
[2025-04-18T11:23:16.775+0900] {processor.py:914} INFO - Processing file /home/kim/airflow_tutorial/py_env/lib/python3.10/site-packages/airflow/example_dags/tutorial_taskflow_templates.py for tasks to queue
[2025-04-18T11:23:16.777+0900] {logging_mixin.py:190} INFO - [2025-04-18T11:23:16.777+0900] {dagbag.py:588} INFO - Filling up the DagBag from /home/kim/airflow_tutorial/py_env/lib/python3.10/site-packages/airflow/example_dags/tutorial_taskflow_templates.py
[2025-04-18T11:23:16.787+0900] {processor.py:925} INFO - DAG(s) 'tutorial_taskflow_templates' retrieved from /home/kim/airflow_tutorial/py_env/lib/python3.10/site-packages/airflow/example_dags/tutorial_taskflow_templates.py
[2025-04-18T11:23:16.800+0900] {logging_mixin.py:190} INFO - [2025-04-18T11:23:16.800+0900] {dag.py:3239} INFO - Sync 1 DAGs
[2025-04-18T11:23:16.816+0900] {logging_mixin.py:190} INFO - [2025-04-18T11:23:16.816+0900] {dag.py:4180} INFO - Setting next_dagrun for tutorial_taskflow_templates to 2025-04-17 00:00:00+00:00, run_after=2025-04-18 00:00:00+00:00
[2025-04-18T11:23:16.834+0900] {processor.py:208} INFO - Processing /home/kim/airflow_tutorial/py_env/lib/python3.10/site-packages/airflow/example_dags/tutorial_taskflow_templates.py took 0.067 seconds
[2025-04-18T11:24:12.856+0900] {processor.py:186} INFO - Started process (PID=642621) to work on /home/kim/airflow_tutorial/py_env/lib/python3.10/site-packages/airflow/example_dags/tutorial_taskflow_templates.py
[2025-04-18T11:24:12.859+0900] {processor.py:914} INFO - Processing file /home/kim/airflow_tutorial/py_env/lib/python3.10/site-packages/airflow/example_dags/tutorial_taskflow_templates.py for tasks to queue
[2025-04-18T11:24:12.862+0900] {logging_mixin.py:190} INFO - [2025-04-18T11:24:12.862+0900] {dagbag.py:588} INFO - Filling up the DagBag from /home/kim/airflow_tutorial/py_env/lib/python3.10/site-packages/airflow/example_dags/tutorial_taskflow_templates.py
[2025-04-18T11:24:12.877+0900] {processor.py:925} INFO - DAG(s) 'tutorial_taskflow_templates' retrieved from /home/kim/airflow_tutorial/py_env/lib/python3.10/site-packages/airflow/example_dags/tutorial_taskflow_templates.py
[2025-04-18T11:24:12.892+0900] {logging_mixin.py:190} INFO - [2025-04-18T11:24:12.892+0900] {dag.py:3239} INFO - Sync 1 DAGs
[2025-04-18T11:24:12.912+0900] {logging_mixin.py:190} INFO - [2025-04-18T11:24:12.911+0900] {dag.py:4180} INFO - Setting next_dagrun for tutorial_taskflow_templates to 2025-04-17 00:00:00+00:00, run_after=2025-04-18 00:00:00+00:00
[2025-04-18T11:24:12.931+0900] {processor.py:208} INFO - Processing /home/kim/airflow_tutorial/py_env/lib/python3.10/site-packages/airflow/example_dags/tutorial_taskflow_templates.py took 0.081 seconds
[2025-04-18T11:25:13.096+0900] {processor.py:186} INFO - Started process (PID=642993) to work on /home/kim/airflow_tutorial/py_env/lib/python3.10/site-packages/airflow/example_dags/tutorial_taskflow_templates.py
[2025-04-18T11:25:13.097+0900] {processor.py:914} INFO - Processing file /home/kim/airflow_tutorial/py_env/lib/python3.10/site-packages/airflow/example_dags/tutorial_taskflow_templates.py for tasks to queue
[2025-04-18T11:25:13.100+0900] {logging_mixin.py:190} INFO - [2025-04-18T11:25:13.099+0900] {dagbag.py:588} INFO - Filling up the DagBag from /home/kim/airflow_tutorial/py_env/lib/python3.10/site-packages/airflow/example_dags/tutorial_taskflow_templates.py
[2025-04-18T11:25:13.109+0900] {processor.py:925} INFO - DAG(s) 'tutorial_taskflow_templates' retrieved from /home/kim/airflow_tutorial/py_env/lib/python3.10/site-packages/airflow/example_dags/tutorial_taskflow_templates.py
[2025-04-18T11:25:13.120+0900] {logging_mixin.py:190} INFO - [2025-04-18T11:25:13.120+0900] {dag.py:3239} INFO - Sync 1 DAGs
[2025-04-18T11:25:13.134+0900] {logging_mixin.py:190} INFO - [2025-04-18T11:25:13.134+0900] {dag.py:4180} INFO - Setting next_dagrun for tutorial_taskflow_templates to 2025-04-17 00:00:00+00:00, run_after=2025-04-18 00:00:00+00:00
[2025-04-18T11:25:13.149+0900] {processor.py:208} INFO - Processing /home/kim/airflow_tutorial/py_env/lib/python3.10/site-packages/airflow/example_dags/tutorial_taskflow_templates.py took 0.058 seconds
[2025-04-18T12:03:10.420+0900] {processor.py:186} INFO - Started process (PID=651723) to work on /home/kim/airflow_tutorial/py_env/lib/python3.10/site-packages/airflow/example_dags/tutorial_taskflow_templates.py
[2025-04-18T12:03:10.421+0900] {processor.py:914} INFO - Processing file /home/kim/airflow_tutorial/py_env/lib/python3.10/site-packages/airflow/example_dags/tutorial_taskflow_templates.py for tasks to queue
[2025-04-18T12:03:10.423+0900] {logging_mixin.py:190} INFO - [2025-04-18T12:03:10.423+0900] {dagbag.py:588} INFO - Filling up the DagBag from /home/kim/airflow_tutorial/py_env/lib/python3.10/site-packages/airflow/example_dags/tutorial_taskflow_templates.py
[2025-04-18T12:03:10.433+0900] {processor.py:925} INFO - DAG(s) 'tutorial_taskflow_templates' retrieved from /home/kim/airflow_tutorial/py_env/lib/python3.10/site-packages/airflow/example_dags/tutorial_taskflow_templates.py
[2025-04-18T12:03:10.600+0900] {logging_mixin.py:190} INFO - [2025-04-18T12:03:10.599+0900] {override.py:1912} INFO - Created Permission View: can read on DAG:tutorial_taskflow_templates
[2025-04-18T12:03:10.611+0900] {logging_mixin.py:190} INFO - [2025-04-18T12:03:10.611+0900] {override.py:1912} INFO - Created Permission View: can edit on DAG:tutorial_taskflow_templates
[2025-04-18T12:03:10.620+0900] {logging_mixin.py:190} INFO - [2025-04-18T12:03:10.620+0900] {override.py:1912} INFO - Created Permission View: can delete on DAG:tutorial_taskflow_templates
[2025-04-18T12:03:10.630+0900] {logging_mixin.py:190} INFO - [2025-04-18T12:03:10.630+0900] {override.py:1912} INFO - Created Permission View: can read on DAG Run:tutorial_taskflow_templates
[2025-04-18T12:03:10.639+0900] {logging_mixin.py:190} INFO - [2025-04-18T12:03:10.639+0900] {override.py:1912} INFO - Created Permission View: can create on DAG Run:tutorial_taskflow_templates
[2025-04-18T12:03:10.648+0900] {logging_mixin.py:190} INFO - [2025-04-18T12:03:10.648+0900] {override.py:1912} INFO - Created Permission View: menu access on DAG Run:tutorial_taskflow_templates
[2025-04-18T12:03:10.657+0900] {logging_mixin.py:190} INFO - [2025-04-18T12:03:10.656+0900] {override.py:1912} INFO - Created Permission View: can delete on DAG Run:tutorial_taskflow_templates
[2025-04-18T12:03:10.657+0900] {logging_mixin.py:190} INFO - [2025-04-18T12:03:10.657+0900] {dag.py:3239} INFO - Sync 1 DAGs
[2025-04-18T12:03:10.667+0900] {logging_mixin.py:190} INFO - [2025-04-18T12:03:10.667+0900] {dag.py:3262} INFO - Creating ORM DAG for tutorial_taskflow_templates
[2025-04-18T12:03:10.676+0900] {logging_mixin.py:190} INFO - [2025-04-18T12:03:10.676+0900] {dag.py:4180} INFO - Setting next_dagrun for tutorial_taskflow_templates to 2025-04-17 00:00:00+00:00, run_after=2025-04-18 00:00:00+00:00
[2025-04-18T12:03:10.695+0900] {processor.py:208} INFO - Processing /home/kim/airflow_tutorial/py_env/lib/python3.10/site-packages/airflow/example_dags/tutorial_taskflow_templates.py took 0.279 seconds
[2025-04-18T12:05:17.738+0900] {processor.py:186} INFO - Started process (PID=653558) to work on /home/kim/airflow_tutorial/py_env/lib/python3.10/site-packages/airflow/example_dags/tutorial_taskflow_templates.py
[2025-04-18T12:05:17.739+0900] {processor.py:914} INFO - Processing file /home/kim/airflow_tutorial/py_env/lib/python3.10/site-packages/airflow/example_dags/tutorial_taskflow_templates.py for tasks to queue
[2025-04-18T12:05:17.741+0900] {logging_mixin.py:190} INFO - [2025-04-18T12:05:17.741+0900] {dagbag.py:588} INFO - Filling up the DagBag from /home/kim/airflow_tutorial/py_env/lib/python3.10/site-packages/airflow/example_dags/tutorial_taskflow_templates.py
[2025-04-18T12:05:17.755+0900] {processor.py:925} INFO - DAG(s) 'tutorial_taskflow_templates' retrieved from /home/kim/airflow_tutorial/py_env/lib/python3.10/site-packages/airflow/example_dags/tutorial_taskflow_templates.py
[2025-04-18T12:05:17.851+0900] {logging_mixin.py:190} INFO - [2025-04-18T12:05:17.851+0900] {dag.py:3239} INFO - Sync 1 DAGs
[2025-04-18T12:05:17.866+0900] {logging_mixin.py:190} INFO - [2025-04-18T12:05:17.866+0900] {dag.py:4180} INFO - Setting next_dagrun for tutorial_taskflow_templates to 2025-04-17 00:00:00+00:00, run_after=2025-04-18 00:00:00+00:00
[2025-04-18T12:05:17.884+0900] {processor.py:208} INFO - Processing /home/kim/airflow_tutorial/py_env/lib/python3.10/site-packages/airflow/example_dags/tutorial_taskflow_templates.py took 0.154 seconds
[2025-04-18T12:05:48.841+0900] {processor.py:186} INFO - Started process (PID=654038) to work on /home/kim/airflow_tutorial/py_env/lib/python3.10/site-packages/airflow/example_dags/tutorial_taskflow_templates.py
[2025-04-18T12:05:48.842+0900] {processor.py:914} INFO - Processing file /home/kim/airflow_tutorial/py_env/lib/python3.10/site-packages/airflow/example_dags/tutorial_taskflow_templates.py for tasks to queue
[2025-04-18T12:05:48.845+0900] {logging_mixin.py:190} INFO - [2025-04-18T12:05:48.844+0900] {dagbag.py:588} INFO - Filling up the DagBag from /home/kim/airflow_tutorial/py_env/lib/python3.10/site-packages/airflow/example_dags/tutorial_taskflow_templates.py
[2025-04-18T12:05:48.856+0900] {processor.py:925} INFO - DAG(s) 'tutorial_taskflow_templates' retrieved from /home/kim/airflow_tutorial/py_env/lib/python3.10/site-packages/airflow/example_dags/tutorial_taskflow_templates.py
[2025-04-18T12:05:48.879+0900] {logging_mixin.py:190} INFO - [2025-04-18T12:05:48.879+0900] {dag.py:3239} INFO - Sync 1 DAGs
[2025-04-18T12:05:48.904+0900] {logging_mixin.py:190} INFO - [2025-04-18T12:05:48.904+0900] {dag.py:4180} INFO - Setting next_dagrun for tutorial_taskflow_templates to 2025-04-17 00:00:00+00:00, run_after=2025-04-18 00:00:00+00:00
[2025-04-18T12:05:48.929+0900] {processor.py:208} INFO - Processing /home/kim/airflow_tutorial/py_env/lib/python3.10/site-packages/airflow/example_dags/tutorial_taskflow_templates.py took 0.094 seconds
[2025-04-18T12:06:19.575+0900] {processor.py:186} INFO - Started process (PID=654421) to work on /home/kim/airflow_tutorial/py_env/lib/python3.10/site-packages/airflow/example_dags/tutorial_taskflow_templates.py
[2025-04-18T12:06:19.575+0900] {processor.py:914} INFO - Processing file /home/kim/airflow_tutorial/py_env/lib/python3.10/site-packages/airflow/example_dags/tutorial_taskflow_templates.py for tasks to queue
[2025-04-18T12:06:19.577+0900] {logging_mixin.py:190} INFO - [2025-04-18T12:06:19.577+0900] {dagbag.py:588} INFO - Filling up the DagBag from /home/kim/airflow_tutorial/py_env/lib/python3.10/site-packages/airflow/example_dags/tutorial_taskflow_templates.py
[2025-04-18T12:06:19.589+0900] {processor.py:925} INFO - DAG(s) 'tutorial_taskflow_templates' retrieved from /home/kim/airflow_tutorial/py_env/lib/python3.10/site-packages/airflow/example_dags/tutorial_taskflow_templates.py
[2025-04-18T12:06:19.609+0900] {logging_mixin.py:190} INFO - [2025-04-18T12:06:19.609+0900] {dag.py:3239} INFO - Sync 1 DAGs
[2025-04-18T12:06:19.628+0900] {logging_mixin.py:190} INFO - [2025-04-18T12:06:19.628+0900] {dag.py:4180} INFO - Setting next_dagrun for tutorial_taskflow_templates to 2025-04-17 00:00:00+00:00, run_after=2025-04-18 00:00:00+00:00
[2025-04-18T12:06:19.649+0900] {processor.py:208} INFO - Processing /home/kim/airflow_tutorial/py_env/lib/python3.10/site-packages/airflow/example_dags/tutorial_taskflow_templates.py took 0.080 seconds
