[2025-04-18T11:13:29.517+0900] {processor.py:186} INFO - Started process (PID=637847) to work on /home/kim/airflow_tutorial/py_env/lib/python3.10/site-packages/airflow/example_dags/tutorial_objectstorage.py
[2025-04-18T11:13:29.518+0900] {processor.py:914} INFO - Processing file /home/kim/airflow_tutorial/py_env/lib/python3.10/site-packages/airflow/example_dags/tutorial_objectstorage.py for tasks to queue
[2025-04-18T11:13:29.520+0900] {logging_mixin.py:190} INFO - [2025-04-18T11:13:29.519+0900] {dagbag.py:588} INFO - Filling up the DagBag from /home/kim/airflow_tutorial/py_env/lib/python3.10/site-packages/airflow/example_dags/tutorial_objectstorage.py
[2025-04-18T11:13:29.612+0900] {processor.py:925} INFO - DAG(s) 'tutorial_objectstorage' retrieved from /home/kim/airflow_tutorial/py_env/lib/python3.10/site-packages/airflow/example_dags/tutorial_objectstorage.py
[2025-04-18T11:13:29.682+0900] {logging_mixin.py:190} INFO - [2025-04-18T11:13:29.681+0900] {override.py:1912} INFO - Created Permission View: can delete on DAG:tutorial_objectstorage
[2025-04-18T11:13:29.689+0900] {logging_mixin.py:190} INFO - [2025-04-18T11:13:29.689+0900] {override.py:1912} INFO - Created Permission View: can edit on DAG:tutorial_objectstorage
[2025-04-18T11:13:29.695+0900] {logging_mixin.py:190} INFO - [2025-04-18T11:13:29.695+0900] {override.py:1912} INFO - Created Permission View: can read on DAG:tutorial_objectstorage
[2025-04-18T11:13:29.705+0900] {logging_mixin.py:190} INFO - [2025-04-18T11:13:29.704+0900] {override.py:1912} INFO - Created Permission View: can delete on DAG Run:tutorial_objectstorage
[2025-04-18T11:13:29.710+0900] {logging_mixin.py:190} INFO - [2025-04-18T11:13:29.710+0900] {override.py:1912} INFO - Created Permission View: can create on DAG Run:tutorial_objectstorage
[2025-04-18T11:13:29.716+0900] {logging_mixin.py:190} INFO - [2025-04-18T11:13:29.716+0900] {override.py:1912} INFO - Created Permission View: menu access on DAG Run:tutorial_objectstorage
[2025-04-18T11:13:29.722+0900] {logging_mixin.py:190} INFO - [2025-04-18T11:13:29.722+0900] {override.py:1912} INFO - Created Permission View: can read on DAG Run:tutorial_objectstorage
[2025-04-18T11:13:29.722+0900] {logging_mixin.py:190} INFO - [2025-04-18T11:13:29.722+0900] {dag.py:3239} INFO - Sync 1 DAGs
[2025-04-18T11:13:29.729+0900] {logging_mixin.py:190} INFO - [2025-04-18T11:13:29.729+0900] {dag.py:3262} INFO - Creating ORM DAG for tutorial_objectstorage
[2025-04-18T11:13:29.729+0900] {logging_mixin.py:190} INFO - [2025-04-18T11:13:29.729+0900] {dag.py:4180} INFO - Setting next_dagrun for tutorial_objectstorage to None, run_after=None
[2025-04-18T11:13:29.742+0900] {processor.py:208} INFO - Processing /home/kim/airflow_tutorial/py_env/lib/python3.10/site-packages/airflow/example_dags/tutorial_objectstorage.py took 0.231 seconds
[2025-04-18T11:14:32.987+0900] {processor.py:186} INFO - Started process (PID=638234) to work on /home/kim/airflow_tutorial/py_env/lib/python3.10/site-packages/airflow/example_dags/tutorial_objectstorage.py
[2025-04-18T11:14:32.988+0900] {processor.py:914} INFO - Processing file /home/kim/airflow_tutorial/py_env/lib/python3.10/site-packages/airflow/example_dags/tutorial_objectstorage.py for tasks to queue
[2025-04-18T11:14:32.990+0900] {logging_mixin.py:190} INFO - [2025-04-18T11:14:32.990+0900] {dagbag.py:588} INFO - Filling up the DagBag from /home/kim/airflow_tutorial/py_env/lib/python3.10/site-packages/airflow/example_dags/tutorial_objectstorage.py
[2025-04-18T11:14:32.997+0900] {processor.py:925} INFO - DAG(s) 'tutorial_objectstorage' retrieved from /home/kim/airflow_tutorial/py_env/lib/python3.10/site-packages/airflow/example_dags/tutorial_objectstorage.py
[2025-04-18T11:14:33.007+0900] {logging_mixin.py:190} INFO - [2025-04-18T11:14:33.007+0900] {dag.py:3239} INFO - Sync 1 DAGs
[2025-04-18T11:14:33.015+0900] {logging_mixin.py:190} INFO - [2025-04-18T11:14:33.015+0900] {dag.py:4180} INFO - Setting next_dagrun for tutorial_objectstorage to None, run_after=None
[2025-04-18T11:14:33.030+0900] {processor.py:208} INFO - Processing /home/kim/airflow_tutorial/py_env/lib/python3.10/site-packages/airflow/example_dags/tutorial_objectstorage.py took 0.047 seconds
[2025-04-18T11:15:29.206+0900] {processor.py:186} INFO - Started process (PID=638754) to work on /home/kim/airflow_tutorial/py_env/lib/python3.10/site-packages/airflow/example_dags/tutorial_objectstorage.py
[2025-04-18T11:15:29.209+0900] {processor.py:914} INFO - Processing file /home/kim/airflow_tutorial/py_env/lib/python3.10/site-packages/airflow/example_dags/tutorial_objectstorage.py for tasks to queue
[2025-04-18T11:15:29.211+0900] {logging_mixin.py:190} INFO - [2025-04-18T11:15:29.210+0900] {dagbag.py:588} INFO - Filling up the DagBag from /home/kim/airflow_tutorial/py_env/lib/python3.10/site-packages/airflow/example_dags/tutorial_objectstorage.py
[2025-04-18T11:15:29.217+0900] {processor.py:925} INFO - DAG(s) 'tutorial_objectstorage' retrieved from /home/kim/airflow_tutorial/py_env/lib/python3.10/site-packages/airflow/example_dags/tutorial_objectstorage.py
[2025-04-18T11:15:29.228+0900] {logging_mixin.py:190} INFO - [2025-04-18T11:15:29.228+0900] {dag.py:3239} INFO - Sync 1 DAGs
[2025-04-18T11:15:29.237+0900] {logging_mixin.py:190} INFO - [2025-04-18T11:15:29.237+0900] {dag.py:4180} INFO - Setting next_dagrun for tutorial_objectstorage to None, run_after=None
[2025-04-18T11:15:29.253+0900] {processor.py:208} INFO - Processing /home/kim/airflow_tutorial/py_env/lib/python3.10/site-packages/airflow/example_dags/tutorial_objectstorage.py took 0.051 seconds
[2025-04-18T11:16:32.044+0900] {processor.py:186} INFO - Started process (PID=639350) to work on /home/kim/airflow_tutorial/py_env/lib/python3.10/site-packages/airflow/example_dags/tutorial_objectstorage.py
[2025-04-18T11:16:32.049+0900] {processor.py:914} INFO - Processing file /home/kim/airflow_tutorial/py_env/lib/python3.10/site-packages/airflow/example_dags/tutorial_objectstorage.py for tasks to queue
[2025-04-18T11:16:32.051+0900] {logging_mixin.py:190} INFO - [2025-04-18T11:16:32.050+0900] {dagbag.py:588} INFO - Filling up the DagBag from /home/kim/airflow_tutorial/py_env/lib/python3.10/site-packages/airflow/example_dags/tutorial_objectstorage.py
[2025-04-18T11:16:32.058+0900] {processor.py:925} INFO - DAG(s) 'tutorial_objectstorage' retrieved from /home/kim/airflow_tutorial/py_env/lib/python3.10/site-packages/airflow/example_dags/tutorial_objectstorage.py
[2025-04-18T11:16:32.069+0900] {logging_mixin.py:190} INFO - [2025-04-18T11:16:32.069+0900] {dag.py:3239} INFO - Sync 1 DAGs
[2025-04-18T11:16:32.079+0900] {logging_mixin.py:190} INFO - [2025-04-18T11:16:32.079+0900] {dag.py:4180} INFO - Setting next_dagrun for tutorial_objectstorage to None, run_after=None
[2025-04-18T11:16:32.104+0900] {processor.py:208} INFO - Processing /home/kim/airflow_tutorial/py_env/lib/python3.10/site-packages/airflow/example_dags/tutorial_objectstorage.py took 0.065 seconds
[2025-04-18T11:17:30.372+0900] {processor.py:186} INFO - Started process (PID=640034) to work on /home/kim/airflow_tutorial/py_env/lib/python3.10/site-packages/airflow/example_dags/tutorial_objectstorage.py
[2025-04-18T11:17:30.373+0900] {processor.py:914} INFO - Processing file /home/kim/airflow_tutorial/py_env/lib/python3.10/site-packages/airflow/example_dags/tutorial_objectstorage.py for tasks to queue
[2025-04-18T11:17:30.375+0900] {logging_mixin.py:190} INFO - [2025-04-18T11:17:30.374+0900] {dagbag.py:588} INFO - Filling up the DagBag from /home/kim/airflow_tutorial/py_env/lib/python3.10/site-packages/airflow/example_dags/tutorial_objectstorage.py
[2025-04-18T11:17:30.382+0900] {processor.py:925} INFO - DAG(s) 'tutorial_objectstorage' retrieved from /home/kim/airflow_tutorial/py_env/lib/python3.10/site-packages/airflow/example_dags/tutorial_objectstorage.py
[2025-04-18T11:17:30.393+0900] {logging_mixin.py:190} INFO - [2025-04-18T11:17:30.392+0900] {dag.py:3239} INFO - Sync 1 DAGs
[2025-04-18T11:17:30.402+0900] {logging_mixin.py:190} INFO - [2025-04-18T11:17:30.402+0900] {dag.py:4180} INFO - Setting next_dagrun for tutorial_objectstorage to None, run_after=None
[2025-04-18T11:17:30.417+0900] {processor.py:208} INFO - Processing /home/kim/airflow_tutorial/py_env/lib/python3.10/site-packages/airflow/example_dags/tutorial_objectstorage.py took 0.049 seconds
[2025-04-18T11:18:32.096+0900] {processor.py:186} INFO - Started process (PID=640637) to work on /home/kim/airflow_tutorial/py_env/lib/python3.10/site-packages/airflow/example_dags/tutorial_objectstorage.py
[2025-04-18T11:18:32.098+0900] {processor.py:914} INFO - Processing file /home/kim/airflow_tutorial/py_env/lib/python3.10/site-packages/airflow/example_dags/tutorial_objectstorage.py for tasks to queue
[2025-04-18T11:18:32.101+0900] {logging_mixin.py:190} INFO - [2025-04-18T11:18:32.100+0900] {dagbag.py:588} INFO - Filling up the DagBag from /home/kim/airflow_tutorial/py_env/lib/python3.10/site-packages/airflow/example_dags/tutorial_objectstorage.py
[2025-04-18T11:18:32.110+0900] {processor.py:925} INFO - DAG(s) 'tutorial_objectstorage' retrieved from /home/kim/airflow_tutorial/py_env/lib/python3.10/site-packages/airflow/example_dags/tutorial_objectstorage.py
[2025-04-18T11:18:32.121+0900] {logging_mixin.py:190} INFO - [2025-04-18T11:18:32.121+0900] {dag.py:3239} INFO - Sync 1 DAGs
[2025-04-18T11:18:32.133+0900] {logging_mixin.py:190} INFO - [2025-04-18T11:18:32.133+0900] {dag.py:4180} INFO - Setting next_dagrun for tutorial_objectstorage to None, run_after=None
[2025-04-18T11:18:32.152+0900] {processor.py:208} INFO - Processing /home/kim/airflow_tutorial/py_env/lib/python3.10/site-packages/airflow/example_dags/tutorial_objectstorage.py took 0.061 seconds
[2025-04-18T11:19:30.940+0900] {processor.py:186} INFO - Started process (PID=640995) to work on /home/kim/airflow_tutorial/py_env/lib/python3.10/site-packages/airflow/example_dags/tutorial_objectstorage.py
[2025-04-18T11:19:30.942+0900] {processor.py:914} INFO - Processing file /home/kim/airflow_tutorial/py_env/lib/python3.10/site-packages/airflow/example_dags/tutorial_objectstorage.py for tasks to queue
[2025-04-18T11:19:30.943+0900] {logging_mixin.py:190} INFO - [2025-04-18T11:19:30.943+0900] {dagbag.py:588} INFO - Filling up the DagBag from /home/kim/airflow_tutorial/py_env/lib/python3.10/site-packages/airflow/example_dags/tutorial_objectstorage.py
[2025-04-18T11:19:30.950+0900] {processor.py:925} INFO - DAG(s) 'tutorial_objectstorage' retrieved from /home/kim/airflow_tutorial/py_env/lib/python3.10/site-packages/airflow/example_dags/tutorial_objectstorage.py
[2025-04-18T11:19:30.961+0900] {logging_mixin.py:190} INFO - [2025-04-18T11:19:30.960+0900] {dag.py:3239} INFO - Sync 1 DAGs
[2025-04-18T11:19:30.970+0900] {logging_mixin.py:190} INFO - [2025-04-18T11:19:30.970+0900] {dag.py:4180} INFO - Setting next_dagrun for tutorial_objectstorage to None, run_after=None
[2025-04-18T11:19:30.991+0900] {processor.py:208} INFO - Processing /home/kim/airflow_tutorial/py_env/lib/python3.10/site-packages/airflow/example_dags/tutorial_objectstorage.py took 0.055 seconds
[2025-04-18T11:20:28.460+0900] {processor.py:186} INFO - Started process (PID=641279) to work on /home/kim/airflow_tutorial/py_env/lib/python3.10/site-packages/airflow/example_dags/tutorial_objectstorage.py
[2025-04-18T11:20:28.463+0900] {processor.py:914} INFO - Processing file /home/kim/airflow_tutorial/py_env/lib/python3.10/site-packages/airflow/example_dags/tutorial_objectstorage.py for tasks to queue
[2025-04-18T11:20:28.464+0900] {logging_mixin.py:190} INFO - [2025-04-18T11:20:28.464+0900] {dagbag.py:588} INFO - Filling up the DagBag from /home/kim/airflow_tutorial/py_env/lib/python3.10/site-packages/airflow/example_dags/tutorial_objectstorage.py
[2025-04-18T11:20:28.471+0900] {processor.py:925} INFO - DAG(s) 'tutorial_objectstorage' retrieved from /home/kim/airflow_tutorial/py_env/lib/python3.10/site-packages/airflow/example_dags/tutorial_objectstorage.py
[2025-04-18T11:20:28.482+0900] {logging_mixin.py:190} INFO - [2025-04-18T11:20:28.482+0900] {dag.py:3239} INFO - Sync 1 DAGs
[2025-04-18T11:20:28.490+0900] {logging_mixin.py:190} INFO - [2025-04-18T11:20:28.490+0900] {dag.py:4180} INFO - Setting next_dagrun for tutorial_objectstorage to None, run_after=None
[2025-04-18T11:20:28.504+0900] {processor.py:208} INFO - Processing /home/kim/airflow_tutorial/py_env/lib/python3.10/site-packages/airflow/example_dags/tutorial_objectstorage.py took 0.050 seconds
[2025-04-18T11:21:29.838+0900] {processor.py:186} INFO - Started process (PID=641570) to work on /home/kim/airflow_tutorial/py_env/lib/python3.10/site-packages/airflow/example_dags/tutorial_objectstorage.py
[2025-04-18T11:21:29.841+0900] {processor.py:914} INFO - Processing file /home/kim/airflow_tutorial/py_env/lib/python3.10/site-packages/airflow/example_dags/tutorial_objectstorage.py for tasks to queue
[2025-04-18T11:21:29.842+0900] {logging_mixin.py:190} INFO - [2025-04-18T11:21:29.842+0900] {dagbag.py:588} INFO - Filling up the DagBag from /home/kim/airflow_tutorial/py_env/lib/python3.10/site-packages/airflow/example_dags/tutorial_objectstorage.py
[2025-04-18T11:21:29.849+0900] {processor.py:925} INFO - DAG(s) 'tutorial_objectstorage' retrieved from /home/kim/airflow_tutorial/py_env/lib/python3.10/site-packages/airflow/example_dags/tutorial_objectstorage.py
[2025-04-18T11:21:29.860+0900] {logging_mixin.py:190} INFO - [2025-04-18T11:21:29.860+0900] {dag.py:3239} INFO - Sync 1 DAGs
[2025-04-18T11:21:29.869+0900] {logging_mixin.py:190} INFO - [2025-04-18T11:21:29.869+0900] {dag.py:4180} INFO - Setting next_dagrun for tutorial_objectstorage to None, run_after=None
[2025-04-18T11:21:29.885+0900] {processor.py:208} INFO - Processing /home/kim/airflow_tutorial/py_env/lib/python3.10/site-packages/airflow/example_dags/tutorial_objectstorage.py took 0.058 seconds
[2025-04-18T11:22:29.556+0900] {processor.py:186} INFO - Started process (PID=641989) to work on /home/kim/airflow_tutorial/py_env/lib/python3.10/site-packages/airflow/example_dags/tutorial_objectstorage.py
[2025-04-18T11:22:29.557+0900] {processor.py:914} INFO - Processing file /home/kim/airflow_tutorial/py_env/lib/python3.10/site-packages/airflow/example_dags/tutorial_objectstorage.py for tasks to queue
[2025-04-18T11:22:29.559+0900] {logging_mixin.py:190} INFO - [2025-04-18T11:22:29.559+0900] {dagbag.py:588} INFO - Filling up the DagBag from /home/kim/airflow_tutorial/py_env/lib/python3.10/site-packages/airflow/example_dags/tutorial_objectstorage.py
[2025-04-18T11:22:29.568+0900] {processor.py:925} INFO - DAG(s) 'tutorial_objectstorage' retrieved from /home/kim/airflow_tutorial/py_env/lib/python3.10/site-packages/airflow/example_dags/tutorial_objectstorage.py
[2025-04-18T11:22:29.583+0900] {logging_mixin.py:190} INFO - [2025-04-18T11:22:29.583+0900] {dag.py:3239} INFO - Sync 1 DAGs
[2025-04-18T11:22:29.595+0900] {logging_mixin.py:190} INFO - [2025-04-18T11:22:29.594+0900] {dag.py:4180} INFO - Setting next_dagrun for tutorial_objectstorage to None, run_after=None
[2025-04-18T11:22:29.611+0900] {processor.py:208} INFO - Processing /home/kim/airflow_tutorial/py_env/lib/python3.10/site-packages/airflow/example_dags/tutorial_objectstorage.py took 0.060 seconds
[2025-04-18T11:23:30.923+0900] {processor.py:186} INFO - Started process (PID=642323) to work on /home/kim/airflow_tutorial/py_env/lib/python3.10/site-packages/airflow/example_dags/tutorial_objectstorage.py
[2025-04-18T11:23:30.925+0900] {processor.py:914} INFO - Processing file /home/kim/airflow_tutorial/py_env/lib/python3.10/site-packages/airflow/example_dags/tutorial_objectstorage.py for tasks to queue
[2025-04-18T11:23:30.927+0900] {logging_mixin.py:190} INFO - [2025-04-18T11:23:30.927+0900] {dagbag.py:588} INFO - Filling up the DagBag from /home/kim/airflow_tutorial/py_env/lib/python3.10/site-packages/airflow/example_dags/tutorial_objectstorage.py
[2025-04-18T11:23:30.934+0900] {processor.py:925} INFO - DAG(s) 'tutorial_objectstorage' retrieved from /home/kim/airflow_tutorial/py_env/lib/python3.10/site-packages/airflow/example_dags/tutorial_objectstorage.py
[2025-04-18T11:23:30.944+0900] {logging_mixin.py:190} INFO - [2025-04-18T11:23:30.944+0900] {dag.py:3239} INFO - Sync 1 DAGs
[2025-04-18T11:23:30.952+0900] {logging_mixin.py:190} INFO - [2025-04-18T11:23:30.952+0900] {dag.py:4180} INFO - Setting next_dagrun for tutorial_objectstorage to None, run_after=None
[2025-04-18T11:23:30.967+0900] {processor.py:208} INFO - Processing /home/kim/airflow_tutorial/py_env/lib/python3.10/site-packages/airflow/example_dags/tutorial_objectstorage.py took 0.049 seconds
[2025-04-18T11:24:26.848+0900] {processor.py:186} INFO - Started process (PID=642679) to work on /home/kim/airflow_tutorial/py_env/lib/python3.10/site-packages/airflow/example_dags/tutorial_objectstorage.py
[2025-04-18T11:24:26.849+0900] {processor.py:914} INFO - Processing file /home/kim/airflow_tutorial/py_env/lib/python3.10/site-packages/airflow/example_dags/tutorial_objectstorage.py for tasks to queue
[2025-04-18T11:24:26.851+0900] {logging_mixin.py:190} INFO - [2025-04-18T11:24:26.851+0900] {dagbag.py:588} INFO - Filling up the DagBag from /home/kim/airflow_tutorial/py_env/lib/python3.10/site-packages/airflow/example_dags/tutorial_objectstorage.py
[2025-04-18T11:24:26.859+0900] {processor.py:925} INFO - DAG(s) 'tutorial_objectstorage' retrieved from /home/kim/airflow_tutorial/py_env/lib/python3.10/site-packages/airflow/example_dags/tutorial_objectstorage.py
[2025-04-18T11:24:26.869+0900] {logging_mixin.py:190} INFO - [2025-04-18T11:24:26.869+0900] {dag.py:3239} INFO - Sync 1 DAGs
[2025-04-18T11:24:26.878+0900] {logging_mixin.py:190} INFO - [2025-04-18T11:24:26.878+0900] {dag.py:4180} INFO - Setting next_dagrun for tutorial_objectstorage to None, run_after=None
[2025-04-18T11:24:26.893+0900] {processor.py:208} INFO - Processing /home/kim/airflow_tutorial/py_env/lib/python3.10/site-packages/airflow/example_dags/tutorial_objectstorage.py took 0.050 seconds
[2025-04-18T11:25:28.386+0900] {processor.py:186} INFO - Started process (PID=643160) to work on /home/kim/airflow_tutorial/py_env/lib/python3.10/site-packages/airflow/example_dags/tutorial_objectstorage.py
[2025-04-18T11:25:28.388+0900] {processor.py:914} INFO - Processing file /home/kim/airflow_tutorial/py_env/lib/python3.10/site-packages/airflow/example_dags/tutorial_objectstorage.py for tasks to queue
[2025-04-18T11:25:28.390+0900] {logging_mixin.py:190} INFO - [2025-04-18T11:25:28.389+0900] {dagbag.py:588} INFO - Filling up the DagBag from /home/kim/airflow_tutorial/py_env/lib/python3.10/site-packages/airflow/example_dags/tutorial_objectstorage.py
[2025-04-18T11:25:28.396+0900] {processor.py:925} INFO - DAG(s) 'tutorial_objectstorage' retrieved from /home/kim/airflow_tutorial/py_env/lib/python3.10/site-packages/airflow/example_dags/tutorial_objectstorage.py
[2025-04-18T11:25:28.406+0900] {logging_mixin.py:190} INFO - [2025-04-18T11:25:28.406+0900] {dag.py:3239} INFO - Sync 1 DAGs
[2025-04-18T11:25:28.415+0900] {logging_mixin.py:190} INFO - [2025-04-18T11:25:28.414+0900] {dag.py:4180} INFO - Setting next_dagrun for tutorial_objectstorage to None, run_after=None
[2025-04-18T11:25:28.430+0900] {processor.py:208} INFO - Processing /home/kim/airflow_tutorial/py_env/lib/python3.10/site-packages/airflow/example_dags/tutorial_objectstorage.py took 0.049 seconds
[2025-04-18T12:03:12.451+0900] {processor.py:186} INFO - Started process (PID=651800) to work on /home/kim/airflow_tutorial/py_env/lib/python3.10/site-packages/airflow/example_dags/tutorial_objectstorage.py
[2025-04-18T12:03:12.453+0900] {processor.py:914} INFO - Processing file /home/kim/airflow_tutorial/py_env/lib/python3.10/site-packages/airflow/example_dags/tutorial_objectstorage.py for tasks to queue
[2025-04-18T12:03:12.456+0900] {logging_mixin.py:190} INFO - [2025-04-18T12:03:12.455+0900] {dagbag.py:588} INFO - Filling up the DagBag from /home/kim/airflow_tutorial/py_env/lib/python3.10/site-packages/airflow/example_dags/tutorial_objectstorage.py
[2025-04-18T12:03:12.548+0900] {processor.py:925} INFO - DAG(s) 'tutorial_objectstorage' retrieved from /home/kim/airflow_tutorial/py_env/lib/python3.10/site-packages/airflow/example_dags/tutorial_objectstorage.py
[2025-04-18T12:03:12.618+0900] {logging_mixin.py:190} INFO - [2025-04-18T12:03:12.618+0900] {override.py:1912} INFO - Created Permission View: can read on DAG:tutorial_objectstorage
[2025-04-18T12:03:12.629+0900] {logging_mixin.py:190} INFO - [2025-04-18T12:03:12.629+0900] {override.py:1912} INFO - Created Permission View: can edit on DAG:tutorial_objectstorage
[2025-04-18T12:03:12.638+0900] {logging_mixin.py:190} INFO - [2025-04-18T12:03:12.638+0900] {override.py:1912} INFO - Created Permission View: can delete on DAG:tutorial_objectstorage
[2025-04-18T12:03:12.649+0900] {logging_mixin.py:190} INFO - [2025-04-18T12:03:12.649+0900] {override.py:1912} INFO - Created Permission View: can read on DAG Run:tutorial_objectstorage
[2025-04-18T12:03:12.659+0900] {logging_mixin.py:190} INFO - [2025-04-18T12:03:12.659+0900] {override.py:1912} INFO - Created Permission View: can create on DAG Run:tutorial_objectstorage
[2025-04-18T12:03:12.669+0900] {logging_mixin.py:190} INFO - [2025-04-18T12:03:12.668+0900] {override.py:1912} INFO - Created Permission View: menu access on DAG Run:tutorial_objectstorage
[2025-04-18T12:03:12.678+0900] {logging_mixin.py:190} INFO - [2025-04-18T12:03:12.678+0900] {override.py:1912} INFO - Created Permission View: can delete on DAG Run:tutorial_objectstorage
[2025-04-18T12:03:12.679+0900] {logging_mixin.py:190} INFO - [2025-04-18T12:03:12.679+0900] {dag.py:3239} INFO - Sync 1 DAGs
[2025-04-18T12:03:12.690+0900] {logging_mixin.py:190} INFO - [2025-04-18T12:03:12.690+0900] {dag.py:3262} INFO - Creating ORM DAG for tutorial_objectstorage
[2025-04-18T12:03:12.690+0900] {logging_mixin.py:190} INFO - [2025-04-18T12:03:12.690+0900] {dag.py:4180} INFO - Setting next_dagrun for tutorial_objectstorage to None, run_after=None
[2025-04-18T12:03:12.714+0900] {processor.py:208} INFO - Processing /home/kim/airflow_tutorial/py_env/lib/python3.10/site-packages/airflow/example_dags/tutorial_objectstorage.py took 0.269 seconds
[2025-04-18T12:05:19.049+0900] {processor.py:186} INFO - Started process (PID=653634) to work on /home/kim/airflow_tutorial/py_env/lib/python3.10/site-packages/airflow/example_dags/tutorial_objectstorage.py
[2025-04-18T12:05:19.050+0900] {processor.py:914} INFO - Processing file /home/kim/airflow_tutorial/py_env/lib/python3.10/site-packages/airflow/example_dags/tutorial_objectstorage.py for tasks to queue
[2025-04-18T12:05:19.052+0900] {logging_mixin.py:190} INFO - [2025-04-18T12:05:19.052+0900] {dagbag.py:588} INFO - Filling up the DagBag from /home/kim/airflow_tutorial/py_env/lib/python3.10/site-packages/airflow/example_dags/tutorial_objectstorage.py
[2025-04-18T12:05:19.059+0900] {processor.py:925} INFO - DAG(s) 'tutorial_objectstorage' retrieved from /home/kim/airflow_tutorial/py_env/lib/python3.10/site-packages/airflow/example_dags/tutorial_objectstorage.py
[2025-04-18T12:05:19.079+0900] {logging_mixin.py:190} INFO - [2025-04-18T12:05:19.079+0900] {dag.py:3239} INFO - Sync 1 DAGs
[2025-04-18T12:05:19.089+0900] {logging_mixin.py:190} INFO - [2025-04-18T12:05:19.089+0900] {dag.py:4180} INFO - Setting next_dagrun for tutorial_objectstorage to None, run_after=None
[2025-04-18T12:05:19.107+0900] {processor.py:208} INFO - Processing /home/kim/airflow_tutorial/py_env/lib/python3.10/site-packages/airflow/example_dags/tutorial_objectstorage.py took 0.063 seconds
[2025-04-18T12:05:49.769+0900] {processor.py:186} INFO - Started process (PID=654106) to work on /home/kim/airflow_tutorial/py_env/lib/python3.10/site-packages/airflow/example_dags/tutorial_objectstorage.py
[2025-04-18T12:05:49.771+0900] {processor.py:914} INFO - Processing file /home/kim/airflow_tutorial/py_env/lib/python3.10/site-packages/airflow/example_dags/tutorial_objectstorage.py for tasks to queue
[2025-04-18T12:05:49.773+0900] {logging_mixin.py:190} INFO - [2025-04-18T12:05:49.772+0900] {dagbag.py:588} INFO - Filling up the DagBag from /home/kim/airflow_tutorial/py_env/lib/python3.10/site-packages/airflow/example_dags/tutorial_objectstorage.py
[2025-04-18T12:05:49.784+0900] {processor.py:925} INFO - DAG(s) 'tutorial_objectstorage' retrieved from /home/kim/airflow_tutorial/py_env/lib/python3.10/site-packages/airflow/example_dags/tutorial_objectstorage.py
[2025-04-18T12:05:49.808+0900] {logging_mixin.py:190} INFO - [2025-04-18T12:05:49.807+0900] {dag.py:3239} INFO - Sync 1 DAGs
[2025-04-18T12:05:49.825+0900] {logging_mixin.py:190} INFO - [2025-04-18T12:05:49.825+0900] {dag.py:4180} INFO - Setting next_dagrun for tutorial_objectstorage to None, run_after=None
[2025-04-18T12:05:49.850+0900] {processor.py:208} INFO - Processing /home/kim/airflow_tutorial/py_env/lib/python3.10/site-packages/airflow/example_dags/tutorial_objectstorage.py took 0.088 seconds
[2025-04-18T12:06:20.480+0900] {processor.py:186} INFO - Started process (PID=654491) to work on /home/kim/airflow_tutorial/py_env/lib/python3.10/site-packages/airflow/example_dags/tutorial_objectstorage.py
[2025-04-18T12:06:20.480+0900] {processor.py:914} INFO - Processing file /home/kim/airflow_tutorial/py_env/lib/python3.10/site-packages/airflow/example_dags/tutorial_objectstorage.py for tasks to queue
[2025-04-18T12:06:20.482+0900] {logging_mixin.py:190} INFO - [2025-04-18T12:06:20.482+0900] {dagbag.py:588} INFO - Filling up the DagBag from /home/kim/airflow_tutorial/py_env/lib/python3.10/site-packages/airflow/example_dags/tutorial_objectstorage.py
[2025-04-18T12:06:20.491+0900] {processor.py:925} INFO - DAG(s) 'tutorial_objectstorage' retrieved from /home/kim/airflow_tutorial/py_env/lib/python3.10/site-packages/airflow/example_dags/tutorial_objectstorage.py
[2025-04-18T12:06:20.524+0900] {logging_mixin.py:190} INFO - [2025-04-18T12:06:20.524+0900] {dag.py:3239} INFO - Sync 1 DAGs
[2025-04-18T12:06:20.543+0900] {logging_mixin.py:190} INFO - [2025-04-18T12:06:20.543+0900] {dag.py:4180} INFO - Setting next_dagrun for tutorial_objectstorage to None, run_after=None
[2025-04-18T12:06:20.574+0900] {processor.py:208} INFO - Processing /home/kim/airflow_tutorial/py_env/lib/python3.10/site-packages/airflow/example_dags/tutorial_objectstorage.py took 0.100 seconds
