[2025-04-18T11:13:05.952+0900] {processor.py:186} INFO - Started process (PID=637690) to work on /home/kim/airflow_tutorial/py_env/lib/python3.10/site-packages/airflow/example_dags/tutorial_taskflow_api_virtualenv.py
[2025-04-18T11:13:05.952+0900] {processor.py:914} INFO - Processing file /home/kim/airflow_tutorial/py_env/lib/python3.10/site-packages/airflow/example_dags/tutorial_taskflow_api_virtualenv.py for tasks to queue
[2025-04-18T11:13:05.954+0900] {logging_mixin.py:190} INFO - [2025-04-18T11:13:05.953+0900] {dagbag.py:588} INFO - Filling up the DagBag from /home/kim/airflow_tutorial/py_env/lib/python3.10/site-packages/airflow/example_dags/tutorial_taskflow_api_virtualenv.py
[2025-04-18T11:13:05.965+0900] {processor.py:925} INFO - DAG(s) 'tutorial_taskflow_api_virtualenv' retrieved from /home/kim/airflow_tutorial/py_env/lib/python3.10/site-packages/airflow/example_dags/tutorial_taskflow_api_virtualenv.py
[2025-04-18T11:13:06.109+0900] {logging_mixin.py:190} INFO - [2025-04-18T11:13:06.108+0900] {override.py:1912} INFO - Created Permission View: can delete on DAG:tutorial_taskflow_api_virtualenv
[2025-04-18T11:13:06.117+0900] {logging_mixin.py:190} INFO - [2025-04-18T11:13:06.117+0900] {override.py:1912} INFO - Created Permission View: can edit on DAG:tutorial_taskflow_api_virtualenv
[2025-04-18T11:13:06.123+0900] {logging_mixin.py:190} INFO - [2025-04-18T11:13:06.123+0900] {override.py:1912} INFO - Created Permission View: can read on DAG:tutorial_taskflow_api_virtualenv
[2025-04-18T11:13:06.133+0900] {logging_mixin.py:190} INFO - [2025-04-18T11:13:06.133+0900] {override.py:1912} INFO - Created Permission View: can delete on DAG Run:tutorial_taskflow_api_virtualenv
[2025-04-18T11:13:06.139+0900] {logging_mixin.py:190} INFO - [2025-04-18T11:13:06.139+0900] {override.py:1912} INFO - Created Permission View: can create on DAG Run:tutorial_taskflow_api_virtualenv
[2025-04-18T11:13:06.146+0900] {logging_mixin.py:190} INFO - [2025-04-18T11:13:06.145+0900] {override.py:1912} INFO - Created Permission View: menu access on DAG Run:tutorial_taskflow_api_virtualenv
[2025-04-18T11:13:06.152+0900] {logging_mixin.py:190} INFO - [2025-04-18T11:13:06.151+0900] {override.py:1912} INFO - Created Permission View: can read on DAG Run:tutorial_taskflow_api_virtualenv
[2025-04-18T11:13:06.152+0900] {logging_mixin.py:190} INFO - [2025-04-18T11:13:06.152+0900] {dag.py:3239} INFO - Sync 1 DAGs
[2025-04-18T11:13:06.159+0900] {logging_mixin.py:190} INFO - [2025-04-18T11:13:06.159+0900] {dag.py:3262} INFO - Creating ORM DAG for tutorial_taskflow_api_virtualenv
[2025-04-18T11:13:06.159+0900] {logging_mixin.py:190} INFO - [2025-04-18T11:13:06.159+0900] {dag.py:4180} INFO - Setting next_dagrun for tutorial_taskflow_api_virtualenv to None, run_after=None
[2025-04-18T11:13:06.173+0900] {processor.py:208} INFO - Processing /home/kim/airflow_tutorial/py_env/lib/python3.10/site-packages/airflow/example_dags/tutorial_taskflow_api_virtualenv.py took 0.225 seconds
[2025-04-18T11:14:12.250+0900] {processor.py:186} INFO - Started process (PID=638076) to work on /home/kim/airflow_tutorial/py_env/lib/python3.10/site-packages/airflow/example_dags/tutorial_taskflow_api_virtualenv.py
[2025-04-18T11:14:12.252+0900] {processor.py:914} INFO - Processing file /home/kim/airflow_tutorial/py_env/lib/python3.10/site-packages/airflow/example_dags/tutorial_taskflow_api_virtualenv.py for tasks to queue
[2025-04-18T11:14:12.254+0900] {logging_mixin.py:190} INFO - [2025-04-18T11:14:12.253+0900] {dagbag.py:588} INFO - Filling up the DagBag from /home/kim/airflow_tutorial/py_env/lib/python3.10/site-packages/airflow/example_dags/tutorial_taskflow_api_virtualenv.py
[2025-04-18T11:14:12.263+0900] {processor.py:925} INFO - DAG(s) 'tutorial_taskflow_api_virtualenv' retrieved from /home/kim/airflow_tutorial/py_env/lib/python3.10/site-packages/airflow/example_dags/tutorial_taskflow_api_virtualenv.py
[2025-04-18T11:14:12.274+0900] {logging_mixin.py:190} INFO - [2025-04-18T11:14:12.273+0900] {dag.py:3239} INFO - Sync 1 DAGs
[2025-04-18T11:14:12.282+0900] {logging_mixin.py:190} INFO - [2025-04-18T11:14:12.281+0900] {dag.py:4180} INFO - Setting next_dagrun for tutorial_taskflow_api_virtualenv to None, run_after=None
[2025-04-18T11:14:12.297+0900] {processor.py:208} INFO - Processing /home/kim/airflow_tutorial/py_env/lib/python3.10/site-packages/airflow/example_dags/tutorial_taskflow_api_virtualenv.py took 0.052 seconds
[2025-04-18T11:15:11.512+0900] {processor.py:186} INFO - Started process (PID=638683) to work on /home/kim/airflow_tutorial/py_env/lib/python3.10/site-packages/airflow/example_dags/tutorial_taskflow_api_virtualenv.py
[2025-04-18T11:15:11.514+0900] {processor.py:914} INFO - Processing file /home/kim/airflow_tutorial/py_env/lib/python3.10/site-packages/airflow/example_dags/tutorial_taskflow_api_virtualenv.py for tasks to queue
[2025-04-18T11:15:11.516+0900] {logging_mixin.py:190} INFO - [2025-04-18T11:15:11.516+0900] {dagbag.py:588} INFO - Filling up the DagBag from /home/kim/airflow_tutorial/py_env/lib/python3.10/site-packages/airflow/example_dags/tutorial_taskflow_api_virtualenv.py
[2025-04-18T11:15:11.527+0900] {processor.py:925} INFO - DAG(s) 'tutorial_taskflow_api_virtualenv' retrieved from /home/kim/airflow_tutorial/py_env/lib/python3.10/site-packages/airflow/example_dags/tutorial_taskflow_api_virtualenv.py
[2025-04-18T11:15:11.539+0900] {logging_mixin.py:190} INFO - [2025-04-18T11:15:11.539+0900] {dag.py:3239} INFO - Sync 1 DAGs
[2025-04-18T11:15:11.550+0900] {logging_mixin.py:190} INFO - [2025-04-18T11:15:11.549+0900] {dag.py:4180} INFO - Setting next_dagrun for tutorial_taskflow_api_virtualenv to None, run_after=None
[2025-04-18T11:15:11.567+0900] {processor.py:208} INFO - Processing /home/kim/airflow_tutorial/py_env/lib/python3.10/site-packages/airflow/example_dags/tutorial_taskflow_api_virtualenv.py took 0.060 seconds
[2025-04-18T11:16:13.513+0900] {processor.py:186} INFO - Started process (PID=639056) to work on /home/kim/airflow_tutorial/py_env/lib/python3.10/site-packages/airflow/example_dags/tutorial_taskflow_api_virtualenv.py
[2025-04-18T11:16:13.513+0900] {processor.py:914} INFO - Processing file /home/kim/airflow_tutorial/py_env/lib/python3.10/site-packages/airflow/example_dags/tutorial_taskflow_api_virtualenv.py for tasks to queue
[2025-04-18T11:16:13.515+0900] {logging_mixin.py:190} INFO - [2025-04-18T11:16:13.515+0900] {dagbag.py:588} INFO - Filling up the DagBag from /home/kim/airflow_tutorial/py_env/lib/python3.10/site-packages/airflow/example_dags/tutorial_taskflow_api_virtualenv.py
[2025-04-18T11:16:13.524+0900] {processor.py:925} INFO - DAG(s) 'tutorial_taskflow_api_virtualenv' retrieved from /home/kim/airflow_tutorial/py_env/lib/python3.10/site-packages/airflow/example_dags/tutorial_taskflow_api_virtualenv.py
[2025-04-18T11:16:13.535+0900] {logging_mixin.py:190} INFO - [2025-04-18T11:16:13.535+0900] {dag.py:3239} INFO - Sync 1 DAGs
[2025-04-18T11:16:13.544+0900] {logging_mixin.py:190} INFO - [2025-04-18T11:16:13.544+0900] {dag.py:4180} INFO - Setting next_dagrun for tutorial_taskflow_api_virtualenv to None, run_after=None
[2025-04-18T11:16:13.558+0900] {processor.py:208} INFO - Processing /home/kim/airflow_tutorial/py_env/lib/python3.10/site-packages/airflow/example_dags/tutorial_taskflow_api_virtualenv.py took 0.050 seconds
[2025-04-18T11:17:12.376+0900] {processor.py:186} INFO - Started process (PID=639880) to work on /home/kim/airflow_tutorial/py_env/lib/python3.10/site-packages/airflow/example_dags/tutorial_taskflow_api_virtualenv.py
[2025-04-18T11:17:12.379+0900] {processor.py:914} INFO - Processing file /home/kim/airflow_tutorial/py_env/lib/python3.10/site-packages/airflow/example_dags/tutorial_taskflow_api_virtualenv.py for tasks to queue
[2025-04-18T11:17:12.381+0900] {logging_mixin.py:190} INFO - [2025-04-18T11:17:12.381+0900] {dagbag.py:588} INFO - Filling up the DagBag from /home/kim/airflow_tutorial/py_env/lib/python3.10/site-packages/airflow/example_dags/tutorial_taskflow_api_virtualenv.py
[2025-04-18T11:17:12.391+0900] {processor.py:925} INFO - DAG(s) 'tutorial_taskflow_api_virtualenv' retrieved from /home/kim/airflow_tutorial/py_env/lib/python3.10/site-packages/airflow/example_dags/tutorial_taskflow_api_virtualenv.py
[2025-04-18T11:17:12.403+0900] {logging_mixin.py:190} INFO - [2025-04-18T11:17:12.403+0900] {dag.py:3239} INFO - Sync 1 DAGs
[2025-04-18T11:17:12.414+0900] {logging_mixin.py:190} INFO - [2025-04-18T11:17:12.414+0900] {dag.py:4180} INFO - Setting next_dagrun for tutorial_taskflow_api_virtualenv to None, run_after=None
[2025-04-18T11:17:12.432+0900] {processor.py:208} INFO - Processing /home/kim/airflow_tutorial/py_env/lib/python3.10/site-packages/airflow/example_dags/tutorial_taskflow_api_virtualenv.py took 0.060 seconds
[2025-04-18T11:18:14.942+0900] {processor.py:186} INFO - Started process (PID=640423) to work on /home/kim/airflow_tutorial/py_env/lib/python3.10/site-packages/airflow/example_dags/tutorial_taskflow_api_virtualenv.py
[2025-04-18T11:18:14.943+0900] {processor.py:914} INFO - Processing file /home/kim/airflow_tutorial/py_env/lib/python3.10/site-packages/airflow/example_dags/tutorial_taskflow_api_virtualenv.py for tasks to queue
[2025-04-18T11:18:14.945+0900] {logging_mixin.py:190} INFO - [2025-04-18T11:18:14.945+0900] {dagbag.py:588} INFO - Filling up the DagBag from /home/kim/airflow_tutorial/py_env/lib/python3.10/site-packages/airflow/example_dags/tutorial_taskflow_api_virtualenv.py
[2025-04-18T11:18:14.954+0900] {processor.py:925} INFO - DAG(s) 'tutorial_taskflow_api_virtualenv' retrieved from /home/kim/airflow_tutorial/py_env/lib/python3.10/site-packages/airflow/example_dags/tutorial_taskflow_api_virtualenv.py
[2025-04-18T11:18:14.964+0900] {logging_mixin.py:190} INFO - [2025-04-18T11:18:14.964+0900] {dag.py:3239} INFO - Sync 1 DAGs
[2025-04-18T11:18:14.973+0900] {logging_mixin.py:190} INFO - [2025-04-18T11:18:14.973+0900] {dag.py:4180} INFO - Setting next_dagrun for tutorial_taskflow_api_virtualenv to None, run_after=None
[2025-04-18T11:18:14.991+0900] {processor.py:208} INFO - Processing /home/kim/airflow_tutorial/py_env/lib/python3.10/site-packages/airflow/example_dags/tutorial_taskflow_api_virtualenv.py took 0.054 seconds
[2025-04-18T11:19:10.389+0900] {processor.py:186} INFO - Started process (PID=640922) to work on /home/kim/airflow_tutorial/py_env/lib/python3.10/site-packages/airflow/example_dags/tutorial_taskflow_api_virtualenv.py
[2025-04-18T11:19:10.391+0900] {processor.py:914} INFO - Processing file /home/kim/airflow_tutorial/py_env/lib/python3.10/site-packages/airflow/example_dags/tutorial_taskflow_api_virtualenv.py for tasks to queue
[2025-04-18T11:19:10.392+0900] {logging_mixin.py:190} INFO - [2025-04-18T11:19:10.392+0900] {dagbag.py:588} INFO - Filling up the DagBag from /home/kim/airflow_tutorial/py_env/lib/python3.10/site-packages/airflow/example_dags/tutorial_taskflow_api_virtualenv.py
[2025-04-18T11:19:10.402+0900] {processor.py:925} INFO - DAG(s) 'tutorial_taskflow_api_virtualenv' retrieved from /home/kim/airflow_tutorial/py_env/lib/python3.10/site-packages/airflow/example_dags/tutorial_taskflow_api_virtualenv.py
[2025-04-18T11:19:10.413+0900] {logging_mixin.py:190} INFO - [2025-04-18T11:19:10.413+0900] {dag.py:3239} INFO - Sync 1 DAGs
[2025-04-18T11:19:10.423+0900] {logging_mixin.py:190} INFO - [2025-04-18T11:19:10.423+0900] {dag.py:4180} INFO - Setting next_dagrun for tutorial_taskflow_api_virtualenv to None, run_after=None
[2025-04-18T11:19:10.439+0900] {processor.py:208} INFO - Processing /home/kim/airflow_tutorial/py_env/lib/python3.10/site-packages/airflow/example_dags/tutorial_taskflow_api_virtualenv.py took 0.055 seconds
[2025-04-18T11:20:08.873+0900] {processor.py:186} INFO - Started process (PID=641205) to work on /home/kim/airflow_tutorial/py_env/lib/python3.10/site-packages/airflow/example_dags/tutorial_taskflow_api_virtualenv.py
[2025-04-18T11:20:08.876+0900] {processor.py:914} INFO - Processing file /home/kim/airflow_tutorial/py_env/lib/python3.10/site-packages/airflow/example_dags/tutorial_taskflow_api_virtualenv.py for tasks to queue
[2025-04-18T11:20:08.877+0900] {logging_mixin.py:190} INFO - [2025-04-18T11:20:08.877+0900] {dagbag.py:588} INFO - Filling up the DagBag from /home/kim/airflow_tutorial/py_env/lib/python3.10/site-packages/airflow/example_dags/tutorial_taskflow_api_virtualenv.py
[2025-04-18T11:20:08.886+0900] {processor.py:925} INFO - DAG(s) 'tutorial_taskflow_api_virtualenv' retrieved from /home/kim/airflow_tutorial/py_env/lib/python3.10/site-packages/airflow/example_dags/tutorial_taskflow_api_virtualenv.py
[2025-04-18T11:20:08.897+0900] {logging_mixin.py:190} INFO - [2025-04-18T11:20:08.897+0900] {dag.py:3239} INFO - Sync 1 DAGs
[2025-04-18T11:20:08.906+0900] {logging_mixin.py:190} INFO - [2025-04-18T11:20:08.906+0900] {dag.py:4180} INFO - Setting next_dagrun for tutorial_taskflow_api_virtualenv to None, run_after=None
[2025-04-18T11:20:08.921+0900] {processor.py:208} INFO - Processing /home/kim/airflow_tutorial/py_env/lib/python3.10/site-packages/airflow/example_dags/tutorial_taskflow_api_virtualenv.py took 0.053 seconds
[2025-04-18T11:21:07.907+0900] {processor.py:186} INFO - Started process (PID=641497) to work on /home/kim/airflow_tutorial/py_env/lib/python3.10/site-packages/airflow/example_dags/tutorial_taskflow_api_virtualenv.py
[2025-04-18T11:21:07.909+0900] {processor.py:914} INFO - Processing file /home/kim/airflow_tutorial/py_env/lib/python3.10/site-packages/airflow/example_dags/tutorial_taskflow_api_virtualenv.py for tasks to queue
[2025-04-18T11:21:07.910+0900] {logging_mixin.py:190} INFO - [2025-04-18T11:21:07.910+0900] {dagbag.py:588} INFO - Filling up the DagBag from /home/kim/airflow_tutorial/py_env/lib/python3.10/site-packages/airflow/example_dags/tutorial_taskflow_api_virtualenv.py
[2025-04-18T11:21:07.920+0900] {processor.py:925} INFO - DAG(s) 'tutorial_taskflow_api_virtualenv' retrieved from /home/kim/airflow_tutorial/py_env/lib/python3.10/site-packages/airflow/example_dags/tutorial_taskflow_api_virtualenv.py
[2025-04-18T11:21:07.931+0900] {logging_mixin.py:190} INFO - [2025-04-18T11:21:07.931+0900] {dag.py:3239} INFO - Sync 1 DAGs
[2025-04-18T11:21:07.939+0900] {logging_mixin.py:190} INFO - [2025-04-18T11:21:07.939+0900] {dag.py:4180} INFO - Setting next_dagrun for tutorial_taskflow_api_virtualenv to None, run_after=None
[2025-04-18T11:21:07.955+0900] {processor.py:208} INFO - Processing /home/kim/airflow_tutorial/py_env/lib/python3.10/site-packages/airflow/example_dags/tutorial_taskflow_api_virtualenv.py took 0.052 seconds
[2025-04-18T11:22:11.326+0900] {processor.py:186} INFO - Started process (PID=641800) to work on /home/kim/airflow_tutorial/py_env/lib/python3.10/site-packages/airflow/example_dags/tutorial_taskflow_api_virtualenv.py
[2025-04-18T11:22:11.329+0900] {processor.py:914} INFO - Processing file /home/kim/airflow_tutorial/py_env/lib/python3.10/site-packages/airflow/example_dags/tutorial_taskflow_api_virtualenv.py for tasks to queue
[2025-04-18T11:22:11.331+0900] {logging_mixin.py:190} INFO - [2025-04-18T11:22:11.330+0900] {dagbag.py:588} INFO - Filling up the DagBag from /home/kim/airflow_tutorial/py_env/lib/python3.10/site-packages/airflow/example_dags/tutorial_taskflow_api_virtualenv.py
[2025-04-18T11:22:11.339+0900] {processor.py:925} INFO - DAG(s) 'tutorial_taskflow_api_virtualenv' retrieved from /home/kim/airflow_tutorial/py_env/lib/python3.10/site-packages/airflow/example_dags/tutorial_taskflow_api_virtualenv.py
[2025-04-18T11:22:11.351+0900] {logging_mixin.py:190} INFO - [2025-04-18T11:22:11.351+0900] {dag.py:3239} INFO - Sync 1 DAGs
[2025-04-18T11:22:11.361+0900] {logging_mixin.py:190} INFO - [2025-04-18T11:22:11.361+0900] {dag.py:4180} INFO - Setting next_dagrun for tutorial_taskflow_api_virtualenv to None, run_after=None
[2025-04-18T11:22:11.375+0900] {processor.py:208} INFO - Processing /home/kim/airflow_tutorial/py_env/lib/python3.10/site-packages/airflow/example_dags/tutorial_taskflow_api_virtualenv.py took 0.054 seconds
[2025-04-18T11:23:11.113+0900] {processor.py:186} INFO - Started process (PID=642250) to work on /home/kim/airflow_tutorial/py_env/lib/python3.10/site-packages/airflow/example_dags/tutorial_taskflow_api_virtualenv.py
[2025-04-18T11:23:11.114+0900] {processor.py:914} INFO - Processing file /home/kim/airflow_tutorial/py_env/lib/python3.10/site-packages/airflow/example_dags/tutorial_taskflow_api_virtualenv.py for tasks to queue
[2025-04-18T11:23:11.116+0900] {logging_mixin.py:190} INFO - [2025-04-18T11:23:11.115+0900] {dagbag.py:588} INFO - Filling up the DagBag from /home/kim/airflow_tutorial/py_env/lib/python3.10/site-packages/airflow/example_dags/tutorial_taskflow_api_virtualenv.py
[2025-04-18T11:23:11.125+0900] {processor.py:925} INFO - DAG(s) 'tutorial_taskflow_api_virtualenv' retrieved from /home/kim/airflow_tutorial/py_env/lib/python3.10/site-packages/airflow/example_dags/tutorial_taskflow_api_virtualenv.py
[2025-04-18T11:23:11.136+0900] {logging_mixin.py:190} INFO - [2025-04-18T11:23:11.136+0900] {dag.py:3239} INFO - Sync 1 DAGs
[2025-04-18T11:23:11.146+0900] {logging_mixin.py:190} INFO - [2025-04-18T11:23:11.146+0900] {dag.py:4180} INFO - Setting next_dagrun for tutorial_taskflow_api_virtualenv to None, run_after=None
[2025-04-18T11:23:11.166+0900] {processor.py:208} INFO - Processing /home/kim/airflow_tutorial/py_env/lib/python3.10/site-packages/airflow/example_dags/tutorial_taskflow_api_virtualenv.py took 0.058 seconds
[2025-04-18T11:24:06.471+0900] {processor.py:186} INFO - Started process (PID=642532) to work on /home/kim/airflow_tutorial/py_env/lib/python3.10/site-packages/airflow/example_dags/tutorial_taskflow_api_virtualenv.py
[2025-04-18T11:24:06.473+0900] {processor.py:914} INFO - Processing file /home/kim/airflow_tutorial/py_env/lib/python3.10/site-packages/airflow/example_dags/tutorial_taskflow_api_virtualenv.py for tasks to queue
[2025-04-18T11:24:06.475+0900] {logging_mixin.py:190} INFO - [2025-04-18T11:24:06.474+0900] {dagbag.py:588} INFO - Filling up the DagBag from /home/kim/airflow_tutorial/py_env/lib/python3.10/site-packages/airflow/example_dags/tutorial_taskflow_api_virtualenv.py
[2025-04-18T11:24:06.484+0900] {processor.py:925} INFO - DAG(s) 'tutorial_taskflow_api_virtualenv' retrieved from /home/kim/airflow_tutorial/py_env/lib/python3.10/site-packages/airflow/example_dags/tutorial_taskflow_api_virtualenv.py
[2025-04-18T11:24:06.495+0900] {logging_mixin.py:190} INFO - [2025-04-18T11:24:06.495+0900] {dag.py:3239} INFO - Sync 1 DAGs
[2025-04-18T11:24:06.505+0900] {logging_mixin.py:190} INFO - [2025-04-18T11:24:06.505+0900] {dag.py:4180} INFO - Setting next_dagrun for tutorial_taskflow_api_virtualenv to None, run_after=None
[2025-04-18T11:24:06.521+0900] {processor.py:208} INFO - Processing /home/kim/airflow_tutorial/py_env/lib/python3.10/site-packages/airflow/example_dags/tutorial_taskflow_api_virtualenv.py took 0.054 seconds
[2025-04-18T11:25:08.757+0900] {processor.py:186} INFO - Started process (PID=642832) to work on /home/kim/airflow_tutorial/py_env/lib/python3.10/site-packages/airflow/example_dags/tutorial_taskflow_api_virtualenv.py
[2025-04-18T11:25:08.760+0900] {processor.py:914} INFO - Processing file /home/kim/airflow_tutorial/py_env/lib/python3.10/site-packages/airflow/example_dags/tutorial_taskflow_api_virtualenv.py for tasks to queue
[2025-04-18T11:25:08.762+0900] {logging_mixin.py:190} INFO - [2025-04-18T11:25:08.761+0900] {dagbag.py:588} INFO - Filling up the DagBag from /home/kim/airflow_tutorial/py_env/lib/python3.10/site-packages/airflow/example_dags/tutorial_taskflow_api_virtualenv.py
[2025-04-18T11:25:08.772+0900] {processor.py:925} INFO - DAG(s) 'tutorial_taskflow_api_virtualenv' retrieved from /home/kim/airflow_tutorial/py_env/lib/python3.10/site-packages/airflow/example_dags/tutorial_taskflow_api_virtualenv.py
[2025-04-18T11:25:08.785+0900] {logging_mixin.py:190} INFO - [2025-04-18T11:25:08.784+0900] {dag.py:3239} INFO - Sync 1 DAGs
[2025-04-18T11:25:08.794+0900] {logging_mixin.py:190} INFO - [2025-04-18T11:25:08.794+0900] {dag.py:4180} INFO - Setting next_dagrun for tutorial_taskflow_api_virtualenv to None, run_after=None
[2025-04-18T11:25:08.811+0900] {processor.py:208} INFO - Processing /home/kim/airflow_tutorial/py_env/lib/python3.10/site-packages/airflow/example_dags/tutorial_taskflow_api_virtualenv.py took 0.060 seconds
[2025-04-18T12:03:09.224+0900] {processor.py:186} INFO - Started process (PID=651563) to work on /home/kim/airflow_tutorial/py_env/lib/python3.10/site-packages/airflow/example_dags/tutorial_taskflow_api_virtualenv.py
[2025-04-18T12:03:09.226+0900] {processor.py:914} INFO - Processing file /home/kim/airflow_tutorial/py_env/lib/python3.10/site-packages/airflow/example_dags/tutorial_taskflow_api_virtualenv.py for tasks to queue
[2025-04-18T12:03:09.227+0900] {logging_mixin.py:190} INFO - [2025-04-18T12:03:09.227+0900] {dagbag.py:588} INFO - Filling up the DagBag from /home/kim/airflow_tutorial/py_env/lib/python3.10/site-packages/airflow/example_dags/tutorial_taskflow_api_virtualenv.py
[2025-04-18T12:03:09.236+0900] {processor.py:925} INFO - DAG(s) 'tutorial_taskflow_api_virtualenv' retrieved from /home/kim/airflow_tutorial/py_env/lib/python3.10/site-packages/airflow/example_dags/tutorial_taskflow_api_virtualenv.py
[2025-04-18T12:03:09.389+0900] {logging_mixin.py:190} INFO - [2025-04-18T12:03:09.388+0900] {override.py:1912} INFO - Created Permission View: can read on DAG:tutorial_taskflow_api_virtualenv
[2025-04-18T12:03:09.397+0900] {logging_mixin.py:190} INFO - [2025-04-18T12:03:09.397+0900] {override.py:1912} INFO - Created Permission View: can edit on DAG:tutorial_taskflow_api_virtualenv
[2025-04-18T12:03:09.403+0900] {logging_mixin.py:190} INFO - [2025-04-18T12:03:09.403+0900] {override.py:1912} INFO - Created Permission View: can delete on DAG:tutorial_taskflow_api_virtualenv
[2025-04-18T12:03:09.411+0900] {logging_mixin.py:190} INFO - [2025-04-18T12:03:09.411+0900] {override.py:1912} INFO - Created Permission View: can read on DAG Run:tutorial_taskflow_api_virtualenv
[2025-04-18T12:03:09.417+0900] {logging_mixin.py:190} INFO - [2025-04-18T12:03:09.417+0900] {override.py:1912} INFO - Created Permission View: can create on DAG Run:tutorial_taskflow_api_virtualenv
[2025-04-18T12:03:09.424+0900] {logging_mixin.py:190} INFO - [2025-04-18T12:03:09.424+0900] {override.py:1912} INFO - Created Permission View: menu access on DAG Run:tutorial_taskflow_api_virtualenv
[2025-04-18T12:03:09.430+0900] {logging_mixin.py:190} INFO - [2025-04-18T12:03:09.430+0900] {override.py:1912} INFO - Created Permission View: can delete on DAG Run:tutorial_taskflow_api_virtualenv
[2025-04-18T12:03:09.431+0900] {logging_mixin.py:190} INFO - [2025-04-18T12:03:09.431+0900] {dag.py:3239} INFO - Sync 1 DAGs
[2025-04-18T12:03:09.440+0900] {logging_mixin.py:190} INFO - [2025-04-18T12:03:09.439+0900] {dag.py:3262} INFO - Creating ORM DAG for tutorial_taskflow_api_virtualenv
[2025-04-18T12:03:09.440+0900] {logging_mixin.py:190} INFO - [2025-04-18T12:03:09.440+0900] {dag.py:4180} INFO - Setting next_dagrun for tutorial_taskflow_api_virtualenv to None, run_after=None
[2025-04-18T12:03:09.455+0900] {processor.py:208} INFO - Processing /home/kim/airflow_tutorial/py_env/lib/python3.10/site-packages/airflow/example_dags/tutorial_taskflow_api_virtualenv.py took 0.235 seconds
[2025-04-18T12:05:17.333+0900] {processor.py:186} INFO - Started process (PID=653533) to work on /home/kim/airflow_tutorial/py_env/lib/python3.10/site-packages/airflow/example_dags/tutorial_taskflow_api_virtualenv.py
[2025-04-18T12:05:17.334+0900] {processor.py:914} INFO - Processing file /home/kim/airflow_tutorial/py_env/lib/python3.10/site-packages/airflow/example_dags/tutorial_taskflow_api_virtualenv.py for tasks to queue
[2025-04-18T12:05:17.336+0900] {logging_mixin.py:190} INFO - [2025-04-18T12:05:17.336+0900] {dagbag.py:588} INFO - Filling up the DagBag from /home/kim/airflow_tutorial/py_env/lib/python3.10/site-packages/airflow/example_dags/tutorial_taskflow_api_virtualenv.py
[2025-04-18T12:05:17.345+0900] {processor.py:925} INFO - DAG(s) 'tutorial_taskflow_api_virtualenv' retrieved from /home/kim/airflow_tutorial/py_env/lib/python3.10/site-packages/airflow/example_dags/tutorial_taskflow_api_virtualenv.py
[2025-04-18T12:05:17.511+0900] {logging_mixin.py:190} INFO - [2025-04-18T12:05:17.511+0900] {dag.py:3239} INFO - Sync 1 DAGs
[2025-04-18T12:05:17.518+0900] {logging_mixin.py:190} INFO - [2025-04-18T12:05:17.518+0900] {dag.py:4180} INFO - Setting next_dagrun for tutorial_taskflow_api_virtualenv to None, run_after=None
[2025-04-18T12:05:17.536+0900] {processor.py:208} INFO - Processing /home/kim/airflow_tutorial/py_env/lib/python3.10/site-packages/airflow/example_dags/tutorial_taskflow_api_virtualenv.py took 0.207 seconds
[2025-04-18T12:05:48.481+0900] {processor.py:186} INFO - Started process (PID=654013) to work on /home/kim/airflow_tutorial/py_env/lib/python3.10/site-packages/airflow/example_dags/tutorial_taskflow_api_virtualenv.py
[2025-04-18T12:05:48.484+0900] {processor.py:914} INFO - Processing file /home/kim/airflow_tutorial/py_env/lib/python3.10/site-packages/airflow/example_dags/tutorial_taskflow_api_virtualenv.py for tasks to queue
[2025-04-18T12:05:48.487+0900] {logging_mixin.py:190} INFO - [2025-04-18T12:05:48.486+0900] {dagbag.py:588} INFO - Filling up the DagBag from /home/kim/airflow_tutorial/py_env/lib/python3.10/site-packages/airflow/example_dags/tutorial_taskflow_api_virtualenv.py
[2025-04-18T12:05:48.500+0900] {processor.py:925} INFO - DAG(s) 'tutorial_taskflow_api_virtualenv' retrieved from /home/kim/airflow_tutorial/py_env/lib/python3.10/site-packages/airflow/example_dags/tutorial_taskflow_api_virtualenv.py
[2025-04-18T12:05:48.526+0900] {logging_mixin.py:190} INFO - [2025-04-18T12:05:48.525+0900] {dag.py:3239} INFO - Sync 1 DAGs
[2025-04-18T12:05:48.539+0900] {logging_mixin.py:190} INFO - [2025-04-18T12:05:48.539+0900] {dag.py:4180} INFO - Setting next_dagrun for tutorial_taskflow_api_virtualenv to None, run_after=None
[2025-04-18T12:05:48.568+0900] {processor.py:208} INFO - Processing /home/kim/airflow_tutorial/py_env/lib/python3.10/site-packages/airflow/example_dags/tutorial_taskflow_api_virtualenv.py took 0.095 seconds
[2025-04-18T12:06:19.295+0900] {processor.py:186} INFO - Started process (PID=654396) to work on /home/kim/airflow_tutorial/py_env/lib/python3.10/site-packages/airflow/example_dags/tutorial_taskflow_api_virtualenv.py
[2025-04-18T12:06:19.296+0900] {processor.py:914} INFO - Processing file /home/kim/airflow_tutorial/py_env/lib/python3.10/site-packages/airflow/example_dags/tutorial_taskflow_api_virtualenv.py for tasks to queue
[2025-04-18T12:06:19.297+0900] {logging_mixin.py:190} INFO - [2025-04-18T12:06:19.297+0900] {dagbag.py:588} INFO - Filling up the DagBag from /home/kim/airflow_tutorial/py_env/lib/python3.10/site-packages/airflow/example_dags/tutorial_taskflow_api_virtualenv.py
[2025-04-18T12:06:19.307+0900] {processor.py:925} INFO - DAG(s) 'tutorial_taskflow_api_virtualenv' retrieved from /home/kim/airflow_tutorial/py_env/lib/python3.10/site-packages/airflow/example_dags/tutorial_taskflow_api_virtualenv.py
[2025-04-18T12:06:19.328+0900] {logging_mixin.py:190} INFO - [2025-04-18T12:06:19.328+0900] {dag.py:3239} INFO - Sync 1 DAGs
[2025-04-18T12:06:19.338+0900] {logging_mixin.py:190} INFO - [2025-04-18T12:06:19.338+0900] {dag.py:4180} INFO - Setting next_dagrun for tutorial_taskflow_api_virtualenv to None, run_after=None
[2025-04-18T12:06:19.356+0900] {processor.py:208} INFO - Processing /home/kim/airflow_tutorial/py_env/lib/python3.10/site-packages/airflow/example_dags/tutorial_taskflow_api_virtualenv.py took 0.066 seconds
