[2025-04-18T11:12:56.833+0900] {processor.py:186} INFO - Started process (PID=637520) to work on /home/kim/airflow_tutorial/py_env/lib/python3.10/site-packages/airflow/example_dags/tutorial_taskflow_api.py
[2025-04-18T11:12:56.834+0900] {processor.py:914} INFO - Processing file /home/kim/airflow_tutorial/py_env/lib/python3.10/site-packages/airflow/example_dags/tutorial_taskflow_api.py for tasks to queue
[2025-04-18T11:12:56.837+0900] {logging_mixin.py:190} INFO - [2025-04-18T11:12:56.837+0900] {dagbag.py:588} INFO - Filling up the DagBag from /home/kim/airflow_tutorial/py_env/lib/python3.10/site-packages/airflow/example_dags/tutorial_taskflow_api.py
[2025-04-18T11:12:56.849+0900] {processor.py:925} INFO - DAG(s) 'tutorial_taskflow_api' retrieved from /home/kim/airflow_tutorial/py_env/lib/python3.10/site-packages/airflow/example_dags/tutorial_taskflow_api.py
[2025-04-18T11:12:57.062+0900] {logging_mixin.py:190} INFO - [2025-04-18T11:12:57.062+0900] {override.py:1912} INFO - Created Permission View: can delete on DAG:tutorial_taskflow_api
[2025-04-18T11:12:57.074+0900] {logging_mixin.py:190} INFO - [2025-04-18T11:12:57.073+0900] {override.py:1912} INFO - Created Permission View: can edit on DAG:tutorial_taskflow_api
[2025-04-18T11:12:57.081+0900] {logging_mixin.py:190} INFO - [2025-04-18T11:12:57.080+0900] {override.py:1912} INFO - Created Permission View: can read on DAG:tutorial_taskflow_api
[2025-04-18T11:12:57.094+0900] {logging_mixin.py:190} INFO - [2025-04-18T11:12:57.094+0900] {override.py:1912} INFO - Created Permission View: can delete on DAG Run:tutorial_taskflow_api
[2025-04-18T11:12:57.102+0900] {logging_mixin.py:190} INFO - [2025-04-18T11:12:57.102+0900] {override.py:1912} INFO - Created Permission View: can create on DAG Run:tutorial_taskflow_api
[2025-04-18T11:12:57.109+0900] {logging_mixin.py:190} INFO - [2025-04-18T11:12:57.109+0900] {override.py:1912} INFO - Created Permission View: menu access on DAG Run:tutorial_taskflow_api
[2025-04-18T11:12:57.117+0900] {logging_mixin.py:190} INFO - [2025-04-18T11:12:57.117+0900] {override.py:1912} INFO - Created Permission View: can read on DAG Run:tutorial_taskflow_api
[2025-04-18T11:12:57.118+0900] {logging_mixin.py:190} INFO - [2025-04-18T11:12:57.117+0900] {dag.py:3239} INFO - Sync 1 DAGs
[2025-04-18T11:12:57.127+0900] {logging_mixin.py:190} INFO - [2025-04-18T11:12:57.127+0900] {dag.py:3262} INFO - Creating ORM DAG for tutorial_taskflow_api
[2025-04-18T11:12:57.128+0900] {logging_mixin.py:190} INFO - [2025-04-18T11:12:57.128+0900] {dag.py:4180} INFO - Setting next_dagrun for tutorial_taskflow_api to None, run_after=None
[2025-04-18T11:12:57.145+0900] {processor.py:208} INFO - Processing /home/kim/airflow_tutorial/py_env/lib/python3.10/site-packages/airflow/example_dags/tutorial_taskflow_api.py took 0.319 seconds
[2025-04-18T11:14:04.855+0900] {processor.py:186} INFO - Started process (PID=638049) to work on /home/kim/airflow_tutorial/py_env/lib/python3.10/site-packages/airflow/example_dags/tutorial_taskflow_api.py
[2025-04-18T11:14:04.858+0900] {processor.py:914} INFO - Processing file /home/kim/airflow_tutorial/py_env/lib/python3.10/site-packages/airflow/example_dags/tutorial_taskflow_api.py for tasks to queue
[2025-04-18T11:14:04.860+0900] {logging_mixin.py:190} INFO - [2025-04-18T11:14:04.860+0900] {dagbag.py:588} INFO - Filling up the DagBag from /home/kim/airflow_tutorial/py_env/lib/python3.10/site-packages/airflow/example_dags/tutorial_taskflow_api.py
[2025-04-18T11:14:04.868+0900] {processor.py:925} INFO - DAG(s) 'tutorial_taskflow_api' retrieved from /home/kim/airflow_tutorial/py_env/lib/python3.10/site-packages/airflow/example_dags/tutorial_taskflow_api.py
[2025-04-18T11:14:04.883+0900] {logging_mixin.py:190} INFO - [2025-04-18T11:14:04.883+0900] {dag.py:3239} INFO - Sync 1 DAGs
[2025-04-18T11:14:04.897+0900] {logging_mixin.py:190} INFO - [2025-04-18T11:14:04.897+0900] {dag.py:4180} INFO - Setting next_dagrun for tutorial_taskflow_api to None, run_after=None
[2025-04-18T11:14:04.915+0900] {processor.py:208} INFO - Processing /home/kim/airflow_tutorial/py_env/lib/python3.10/site-packages/airflow/example_dags/tutorial_taskflow_api.py took 0.065 seconds
[2025-04-18T11:14:37.212+0900] {processor.py:186} INFO - Started process (PID=638251) to work on /home/kim/airflow_tutorial/py_env/lib/python3.10/site-packages/airflow/example_dags/tutorial_taskflow_api.py
[2025-04-18T11:14:37.215+0900] {processor.py:914} INFO - Processing file /home/kim/airflow_tutorial/py_env/lib/python3.10/site-packages/airflow/example_dags/tutorial_taskflow_api.py for tasks to queue
[2025-04-18T11:14:37.217+0900] {logging_mixin.py:190} INFO - [2025-04-18T11:14:37.216+0900] {dagbag.py:588} INFO - Filling up the DagBag from /home/kim/airflow_tutorial/py_env/lib/python3.10/site-packages/airflow/example_dags/tutorial_taskflow_api.py
[2025-04-18T11:14:37.223+0900] {processor.py:925} INFO - DAG(s) 'tutorial_taskflow_api' retrieved from /home/kim/airflow_tutorial/py_env/lib/python3.10/site-packages/airflow/example_dags/tutorial_taskflow_api.py
[2025-04-18T11:14:37.234+0900] {logging_mixin.py:190} INFO - [2025-04-18T11:14:37.234+0900] {dag.py:3239} INFO - Sync 1 DAGs
[2025-04-18T11:14:37.243+0900] {logging_mixin.py:190} INFO - [2025-04-18T11:14:37.242+0900] {dag.py:4180} INFO - Setting next_dagrun for tutorial_taskflow_api to None, run_after=None
[2025-04-18T11:14:37.257+0900] {processor.py:208} INFO - Processing /home/kim/airflow_tutorial/py_env/lib/python3.10/site-packages/airflow/example_dags/tutorial_taskflow_api.py took 0.049 seconds
[2025-04-18T11:15:36.754+0900] {processor.py:186} INFO - Started process (PID=638777) to work on /home/kim/airflow_tutorial/py_env/lib/python3.10/site-packages/airflow/example_dags/tutorial_taskflow_api.py
[2025-04-18T11:15:36.757+0900] {processor.py:914} INFO - Processing file /home/kim/airflow_tutorial/py_env/lib/python3.10/site-packages/airflow/example_dags/tutorial_taskflow_api.py for tasks to queue
[2025-04-18T11:15:36.759+0900] {logging_mixin.py:190} INFO - [2025-04-18T11:15:36.758+0900] {dagbag.py:588} INFO - Filling up the DagBag from /home/kim/airflow_tutorial/py_env/lib/python3.10/site-packages/airflow/example_dags/tutorial_taskflow_api.py
[2025-04-18T11:15:36.765+0900] {processor.py:925} INFO - DAG(s) 'tutorial_taskflow_api' retrieved from /home/kim/airflow_tutorial/py_env/lib/python3.10/site-packages/airflow/example_dags/tutorial_taskflow_api.py
[2025-04-18T11:15:36.777+0900] {logging_mixin.py:190} INFO - [2025-04-18T11:15:36.776+0900] {dag.py:3239} INFO - Sync 1 DAGs
[2025-04-18T11:15:36.786+0900] {logging_mixin.py:190} INFO - [2025-04-18T11:15:36.786+0900] {dag.py:4180} INFO - Setting next_dagrun for tutorial_taskflow_api to None, run_after=None
[2025-04-18T11:15:36.801+0900] {processor.py:208} INFO - Processing /home/kim/airflow_tutorial/py_env/lib/python3.10/site-packages/airflow/example_dags/tutorial_taskflow_api.py took 0.052 seconds
[2025-04-18T11:16:07.780+0900] {processor.py:186} INFO - Started process (PID=638995) to work on /home/kim/airflow_tutorial/py_env/lib/python3.10/site-packages/airflow/example_dags/tutorial_taskflow_api.py
[2025-04-18T11:16:07.783+0900] {processor.py:914} INFO - Processing file /home/kim/airflow_tutorial/py_env/lib/python3.10/site-packages/airflow/example_dags/tutorial_taskflow_api.py for tasks to queue
[2025-04-18T11:16:07.784+0900] {logging_mixin.py:190} INFO - [2025-04-18T11:16:07.784+0900] {dagbag.py:588} INFO - Filling up the DagBag from /home/kim/airflow_tutorial/py_env/lib/python3.10/site-packages/airflow/example_dags/tutorial_taskflow_api.py
[2025-04-18T11:16:07.791+0900] {processor.py:925} INFO - DAG(s) 'tutorial_taskflow_api' retrieved from /home/kim/airflow_tutorial/py_env/lib/python3.10/site-packages/airflow/example_dags/tutorial_taskflow_api.py
[2025-04-18T11:16:07.802+0900] {logging_mixin.py:190} INFO - [2025-04-18T11:16:07.802+0900] {dag.py:3239} INFO - Sync 1 DAGs
[2025-04-18T11:16:07.811+0900] {logging_mixin.py:190} INFO - [2025-04-18T11:16:07.811+0900] {dag.py:4180} INFO - Setting next_dagrun for tutorial_taskflow_api to None, run_after=None
[2025-04-18T11:16:07.828+0900] {processor.py:208} INFO - Processing /home/kim/airflow_tutorial/py_env/lib/python3.10/site-packages/airflow/example_dags/tutorial_taskflow_api.py took 0.052 seconds
[2025-04-18T11:16:38.453+0900] {processor.py:186} INFO - Started process (PID=639444) to work on /home/kim/airflow_tutorial/py_env/lib/python3.10/site-packages/airflow/example_dags/tutorial_taskflow_api.py
[2025-04-18T11:16:38.455+0900] {processor.py:914} INFO - Processing file /home/kim/airflow_tutorial/py_env/lib/python3.10/site-packages/airflow/example_dags/tutorial_taskflow_api.py for tasks to queue
[2025-04-18T11:16:38.457+0900] {logging_mixin.py:190} INFO - [2025-04-18T11:16:38.457+0900] {dagbag.py:588} INFO - Filling up the DagBag from /home/kim/airflow_tutorial/py_env/lib/python3.10/site-packages/airflow/example_dags/tutorial_taskflow_api.py
[2025-04-18T11:16:38.464+0900] {processor.py:925} INFO - DAG(s) 'tutorial_taskflow_api' retrieved from /home/kim/airflow_tutorial/py_env/lib/python3.10/site-packages/airflow/example_dags/tutorial_taskflow_api.py
[2025-04-18T11:16:38.476+0900] {logging_mixin.py:190} INFO - [2025-04-18T11:16:38.476+0900] {dag.py:3239} INFO - Sync 1 DAGs
[2025-04-18T11:16:38.486+0900] {logging_mixin.py:190} INFO - [2025-04-18T11:16:38.486+0900] {dag.py:4180} INFO - Setting next_dagrun for tutorial_taskflow_api to None, run_after=None
[2025-04-18T11:16:38.508+0900] {processor.py:208} INFO - Processing /home/kim/airflow_tutorial/py_env/lib/python3.10/site-packages/airflow/example_dags/tutorial_taskflow_api.py took 0.059 seconds
[2025-04-18T11:17:33.989+0900] {processor.py:186} INFO - Started process (PID=640050) to work on /home/kim/airflow_tutorial/py_env/lib/python3.10/site-packages/airflow/example_dags/tutorial_taskflow_api.py
[2025-04-18T11:17:33.991+0900] {processor.py:914} INFO - Processing file /home/kim/airflow_tutorial/py_env/lib/python3.10/site-packages/airflow/example_dags/tutorial_taskflow_api.py for tasks to queue
[2025-04-18T11:17:33.993+0900] {logging_mixin.py:190} INFO - [2025-04-18T11:17:33.992+0900] {dagbag.py:588} INFO - Filling up the DagBag from /home/kim/airflow_tutorial/py_env/lib/python3.10/site-packages/airflow/example_dags/tutorial_taskflow_api.py
[2025-04-18T11:17:34.001+0900] {processor.py:925} INFO - DAG(s) 'tutorial_taskflow_api' retrieved from /home/kim/airflow_tutorial/py_env/lib/python3.10/site-packages/airflow/example_dags/tutorial_taskflow_api.py
[2025-04-18T11:17:34.014+0900] {logging_mixin.py:190} INFO - [2025-04-18T11:17:34.014+0900] {dag.py:3239} INFO - Sync 1 DAGs
[2025-04-18T11:17:34.026+0900] {logging_mixin.py:190} INFO - [2025-04-18T11:17:34.026+0900] {dag.py:4180} INFO - Setting next_dagrun for tutorial_taskflow_api to None, run_after=None
[2025-04-18T11:17:34.044+0900] {processor.py:208} INFO - Processing /home/kim/airflow_tutorial/py_env/lib/python3.10/site-packages/airflow/example_dags/tutorial_taskflow_api.py took 0.061 seconds
[2025-04-18T11:18:05.449+0900] {processor.py:186} INFO - Started process (PID=640392) to work on /home/kim/airflow_tutorial/py_env/lib/python3.10/site-packages/airflow/example_dags/tutorial_taskflow_api.py
[2025-04-18T11:18:05.450+0900] {processor.py:914} INFO - Processing file /home/kim/airflow_tutorial/py_env/lib/python3.10/site-packages/airflow/example_dags/tutorial_taskflow_api.py for tasks to queue
[2025-04-18T11:18:05.452+0900] {logging_mixin.py:190} INFO - [2025-04-18T11:18:05.451+0900] {dagbag.py:588} INFO - Filling up the DagBag from /home/kim/airflow_tutorial/py_env/lib/python3.10/site-packages/airflow/example_dags/tutorial_taskflow_api.py
[2025-04-18T11:18:05.458+0900] {processor.py:925} INFO - DAG(s) 'tutorial_taskflow_api' retrieved from /home/kim/airflow_tutorial/py_env/lib/python3.10/site-packages/airflow/example_dags/tutorial_taskflow_api.py
[2025-04-18T11:18:05.469+0900] {logging_mixin.py:190} INFO - [2025-04-18T11:18:05.469+0900] {dag.py:3239} INFO - Sync 1 DAGs
[2025-04-18T11:18:05.478+0900] {logging_mixin.py:190} INFO - [2025-04-18T11:18:05.478+0900] {dag.py:4180} INFO - Setting next_dagrun for tutorial_taskflow_api to None, run_after=None
[2025-04-18T11:18:05.504+0900] {processor.py:208} INFO - Processing /home/kim/airflow_tutorial/py_env/lib/python3.10/site-packages/airflow/example_dags/tutorial_taskflow_api.py took 0.060 seconds
[2025-04-18T11:18:35.959+0900] {processor.py:186} INFO - Started process (PID=640725) to work on /home/kim/airflow_tutorial/py_env/lib/python3.10/site-packages/airflow/example_dags/tutorial_taskflow_api.py
[2025-04-18T11:18:35.962+0900] {processor.py:914} INFO - Processing file /home/kim/airflow_tutorial/py_env/lib/python3.10/site-packages/airflow/example_dags/tutorial_taskflow_api.py for tasks to queue
[2025-04-18T11:18:35.964+0900] {logging_mixin.py:190} INFO - [2025-04-18T11:18:35.963+0900] {dagbag.py:588} INFO - Filling up the DagBag from /home/kim/airflow_tutorial/py_env/lib/python3.10/site-packages/airflow/example_dags/tutorial_taskflow_api.py
[2025-04-18T11:18:35.970+0900] {processor.py:925} INFO - DAG(s) 'tutorial_taskflow_api' retrieved from /home/kim/airflow_tutorial/py_env/lib/python3.10/site-packages/airflow/example_dags/tutorial_taskflow_api.py
[2025-04-18T11:18:35.980+0900] {logging_mixin.py:190} INFO - [2025-04-18T11:18:35.980+0900] {dag.py:3239} INFO - Sync 1 DAGs
[2025-04-18T11:18:35.991+0900] {logging_mixin.py:190} INFO - [2025-04-18T11:18:35.991+0900] {dag.py:4180} INFO - Setting next_dagrun for tutorial_taskflow_api to None, run_after=None
[2025-04-18T11:18:36.009+0900] {processor.py:208} INFO - Processing /home/kim/airflow_tutorial/py_env/lib/python3.10/site-packages/airflow/example_dags/tutorial_taskflow_api.py took 0.054 seconds
[2025-04-18T11:19:33.386+0900] {processor.py:186} INFO - Started process (PID=641004) to work on /home/kim/airflow_tutorial/py_env/lib/python3.10/site-packages/airflow/example_dags/tutorial_taskflow_api.py
[2025-04-18T11:19:33.388+0900] {processor.py:914} INFO - Processing file /home/kim/airflow_tutorial/py_env/lib/python3.10/site-packages/airflow/example_dags/tutorial_taskflow_api.py for tasks to queue
[2025-04-18T11:19:33.389+0900] {logging_mixin.py:190} INFO - [2025-04-18T11:19:33.389+0900] {dagbag.py:588} INFO - Filling up the DagBag from /home/kim/airflow_tutorial/py_env/lib/python3.10/site-packages/airflow/example_dags/tutorial_taskflow_api.py
[2025-04-18T11:19:33.396+0900] {processor.py:925} INFO - DAG(s) 'tutorial_taskflow_api' retrieved from /home/kim/airflow_tutorial/py_env/lib/python3.10/site-packages/airflow/example_dags/tutorial_taskflow_api.py
[2025-04-18T11:19:33.406+0900] {logging_mixin.py:190} INFO - [2025-04-18T11:19:33.406+0900] {dag.py:3239} INFO - Sync 1 DAGs
[2025-04-18T11:19:33.414+0900] {logging_mixin.py:190} INFO - [2025-04-18T11:19:33.414+0900] {dag.py:4180} INFO - Setting next_dagrun for tutorial_taskflow_api to None, run_after=None
[2025-04-18T11:19:33.429+0900] {processor.py:208} INFO - Processing /home/kim/airflow_tutorial/py_env/lib/python3.10/site-packages/airflow/example_dags/tutorial_taskflow_api.py took 0.048 seconds
[2025-04-18T11:20:33.590+0900] {processor.py:186} INFO - Started process (PID=641296) to work on /home/kim/airflow_tutorial/py_env/lib/python3.10/site-packages/airflow/example_dags/tutorial_taskflow_api.py
[2025-04-18T11:20:33.594+0900] {processor.py:914} INFO - Processing file /home/kim/airflow_tutorial/py_env/lib/python3.10/site-packages/airflow/example_dags/tutorial_taskflow_api.py for tasks to queue
[2025-04-18T11:20:33.595+0900] {logging_mixin.py:190} INFO - [2025-04-18T11:20:33.595+0900] {dagbag.py:588} INFO - Filling up the DagBag from /home/kim/airflow_tutorial/py_env/lib/python3.10/site-packages/airflow/example_dags/tutorial_taskflow_api.py
[2025-04-18T11:20:33.602+0900] {processor.py:925} INFO - DAG(s) 'tutorial_taskflow_api' retrieved from /home/kim/airflow_tutorial/py_env/lib/python3.10/site-packages/airflow/example_dags/tutorial_taskflow_api.py
[2025-04-18T11:20:33.614+0900] {logging_mixin.py:190} INFO - [2025-04-18T11:20:33.614+0900] {dag.py:3239} INFO - Sync 1 DAGs
[2025-04-18T11:20:33.623+0900] {logging_mixin.py:190} INFO - [2025-04-18T11:20:33.623+0900] {dag.py:4180} INFO - Setting next_dagrun for tutorial_taskflow_api to None, run_after=None
[2025-04-18T11:20:33.639+0900] {processor.py:208} INFO - Processing /home/kim/airflow_tutorial/py_env/lib/python3.10/site-packages/airflow/example_dags/tutorial_taskflow_api.py took 0.054 seconds
[2025-04-18T11:21:33.837+0900] {processor.py:186} INFO - Started process (PID=641586) to work on /home/kim/airflow_tutorial/py_env/lib/python3.10/site-packages/airflow/example_dags/tutorial_taskflow_api.py
[2025-04-18T11:21:33.840+0900] {processor.py:914} INFO - Processing file /home/kim/airflow_tutorial/py_env/lib/python3.10/site-packages/airflow/example_dags/tutorial_taskflow_api.py for tasks to queue
[2025-04-18T11:21:33.842+0900] {logging_mixin.py:190} INFO - [2025-04-18T11:21:33.842+0900] {dagbag.py:588} INFO - Filling up the DagBag from /home/kim/airflow_tutorial/py_env/lib/python3.10/site-packages/airflow/example_dags/tutorial_taskflow_api.py
[2025-04-18T11:21:33.849+0900] {processor.py:925} INFO - DAG(s) 'tutorial_taskflow_api' retrieved from /home/kim/airflow_tutorial/py_env/lib/python3.10/site-packages/airflow/example_dags/tutorial_taskflow_api.py
[2025-04-18T11:21:33.861+0900] {logging_mixin.py:190} INFO - [2025-04-18T11:21:33.861+0900] {dag.py:3239} INFO - Sync 1 DAGs
[2025-04-18T11:21:33.871+0900] {logging_mixin.py:190} INFO - [2025-04-18T11:21:33.871+0900] {dag.py:4180} INFO - Setting next_dagrun for tutorial_taskflow_api to None, run_after=None
[2025-04-18T11:21:33.891+0900] {processor.py:208} INFO - Processing /home/kim/airflow_tutorial/py_env/lib/python3.10/site-packages/airflow/example_dags/tutorial_taskflow_api.py took 0.058 seconds
[2025-04-18T11:22:05.510+0900] {processor.py:186} INFO - Started process (PID=641702) to work on /home/kim/airflow_tutorial/py_env/lib/python3.10/site-packages/airflow/example_dags/tutorial_taskflow_api.py
[2025-04-18T11:22:05.513+0900] {processor.py:914} INFO - Processing file /home/kim/airflow_tutorial/py_env/lib/python3.10/site-packages/airflow/example_dags/tutorial_taskflow_api.py for tasks to queue
[2025-04-18T11:22:05.514+0900] {logging_mixin.py:190} INFO - [2025-04-18T11:22:05.514+0900] {dagbag.py:588} INFO - Filling up the DagBag from /home/kim/airflow_tutorial/py_env/lib/python3.10/site-packages/airflow/example_dags/tutorial_taskflow_api.py
[2025-04-18T11:22:05.521+0900] {processor.py:925} INFO - DAG(s) 'tutorial_taskflow_api' retrieved from /home/kim/airflow_tutorial/py_env/lib/python3.10/site-packages/airflow/example_dags/tutorial_taskflow_api.py
[2025-04-18T11:22:05.533+0900] {logging_mixin.py:190} INFO - [2025-04-18T11:22:05.533+0900] {dag.py:3239} INFO - Sync 1 DAGs
[2025-04-18T11:22:05.542+0900] {logging_mixin.py:190} INFO - [2025-04-18T11:22:05.542+0900] {dag.py:4180} INFO - Setting next_dagrun for tutorial_taskflow_api to None, run_after=None
[2025-04-18T11:22:05.560+0900] {processor.py:208} INFO - Processing /home/kim/airflow_tutorial/py_env/lib/python3.10/site-packages/airflow/example_dags/tutorial_taskflow_api.py took 0.056 seconds
[2025-04-18T11:22:35.990+0900] {processor.py:186} INFO - Started process (PID=642048) to work on /home/kim/airflow_tutorial/py_env/lib/python3.10/site-packages/airflow/example_dags/tutorial_taskflow_api.py
[2025-04-18T11:22:35.991+0900] {processor.py:914} INFO - Processing file /home/kim/airflow_tutorial/py_env/lib/python3.10/site-packages/airflow/example_dags/tutorial_taskflow_api.py for tasks to queue
[2025-04-18T11:22:35.993+0900] {logging_mixin.py:190} INFO - [2025-04-18T11:22:35.993+0900] {dagbag.py:588} INFO - Filling up the DagBag from /home/kim/airflow_tutorial/py_env/lib/python3.10/site-packages/airflow/example_dags/tutorial_taskflow_api.py
[2025-04-18T11:22:36.000+0900] {processor.py:925} INFO - DAG(s) 'tutorial_taskflow_api' retrieved from /home/kim/airflow_tutorial/py_env/lib/python3.10/site-packages/airflow/example_dags/tutorial_taskflow_api.py
[2025-04-18T11:22:36.010+0900] {logging_mixin.py:190} INFO - [2025-04-18T11:22:36.010+0900] {dag.py:3239} INFO - Sync 1 DAGs
[2025-04-18T11:22:36.020+0900] {logging_mixin.py:190} INFO - [2025-04-18T11:22:36.019+0900] {dag.py:4180} INFO - Setting next_dagrun for tutorial_taskflow_api to None, run_after=None
[2025-04-18T11:22:36.034+0900] {processor.py:208} INFO - Processing /home/kim/airflow_tutorial/py_env/lib/python3.10/site-packages/airflow/example_dags/tutorial_taskflow_api.py took 0.049 seconds
[2025-04-18T11:23:32.505+0900] {processor.py:186} INFO - Started process (PID=642331) to work on /home/kim/airflow_tutorial/py_env/lib/python3.10/site-packages/airflow/example_dags/tutorial_taskflow_api.py
[2025-04-18T11:23:32.507+0900] {processor.py:914} INFO - Processing file /home/kim/airflow_tutorial/py_env/lib/python3.10/site-packages/airflow/example_dags/tutorial_taskflow_api.py for tasks to queue
[2025-04-18T11:23:32.509+0900] {logging_mixin.py:190} INFO - [2025-04-18T11:23:32.508+0900] {dagbag.py:588} INFO - Filling up the DagBag from /home/kim/airflow_tutorial/py_env/lib/python3.10/site-packages/airflow/example_dags/tutorial_taskflow_api.py
[2025-04-18T11:23:32.515+0900] {processor.py:925} INFO - DAG(s) 'tutorial_taskflow_api' retrieved from /home/kim/airflow_tutorial/py_env/lib/python3.10/site-packages/airflow/example_dags/tutorial_taskflow_api.py
[2025-04-18T11:23:32.525+0900] {logging_mixin.py:190} INFO - [2025-04-18T11:23:32.525+0900] {dag.py:3239} INFO - Sync 1 DAGs
[2025-04-18T11:23:32.534+0900] {logging_mixin.py:190} INFO - [2025-04-18T11:23:32.533+0900] {dag.py:4180} INFO - Setting next_dagrun for tutorial_taskflow_api to None, run_after=None
[2025-04-18T11:23:32.549+0900] {processor.py:208} INFO - Processing /home/kim/airflow_tutorial/py_env/lib/python3.10/site-packages/airflow/example_dags/tutorial_taskflow_api.py took 0.048 seconds
[2025-04-18T11:24:29.105+0900] {processor.py:186} INFO - Started process (PID=642687) to work on /home/kim/airflow_tutorial/py_env/lib/python3.10/site-packages/airflow/example_dags/tutorial_taskflow_api.py
[2025-04-18T11:24:29.107+0900] {processor.py:914} INFO - Processing file /home/kim/airflow_tutorial/py_env/lib/python3.10/site-packages/airflow/example_dags/tutorial_taskflow_api.py for tasks to queue
[2025-04-18T11:24:29.109+0900] {logging_mixin.py:190} INFO - [2025-04-18T11:24:29.108+0900] {dagbag.py:588} INFO - Filling up the DagBag from /home/kim/airflow_tutorial/py_env/lib/python3.10/site-packages/airflow/example_dags/tutorial_taskflow_api.py
[2025-04-18T11:24:29.115+0900] {processor.py:925} INFO - DAG(s) 'tutorial_taskflow_api' retrieved from /home/kim/airflow_tutorial/py_env/lib/python3.10/site-packages/airflow/example_dags/tutorial_taskflow_api.py
[2025-04-18T11:24:29.126+0900] {logging_mixin.py:190} INFO - [2025-04-18T11:24:29.126+0900] {dag.py:3239} INFO - Sync 1 DAGs
[2025-04-18T11:24:29.135+0900] {logging_mixin.py:190} INFO - [2025-04-18T11:24:29.135+0900] {dag.py:4180} INFO - Setting next_dagrun for tutorial_taskflow_api to None, run_after=None
[2025-04-18T11:24:29.150+0900] {processor.py:208} INFO - Processing /home/kim/airflow_tutorial/py_env/lib/python3.10/site-packages/airflow/example_dags/tutorial_taskflow_api.py took 0.050 seconds
[2025-04-18T11:25:00.816+0900] {processor.py:186} INFO - Started process (PID=642804) to work on /home/kim/airflow_tutorial/py_env/lib/python3.10/site-packages/airflow/example_dags/tutorial_taskflow_api.py
[2025-04-18T11:25:00.818+0900] {processor.py:914} INFO - Processing file /home/kim/airflow_tutorial/py_env/lib/python3.10/site-packages/airflow/example_dags/tutorial_taskflow_api.py for tasks to queue
[2025-04-18T11:25:00.819+0900] {logging_mixin.py:190} INFO - [2025-04-18T11:25:00.819+0900] {dagbag.py:588} INFO - Filling up the DagBag from /home/kim/airflow_tutorial/py_env/lib/python3.10/site-packages/airflow/example_dags/tutorial_taskflow_api.py
[2025-04-18T11:25:00.826+0900] {processor.py:925} INFO - DAG(s) 'tutorial_taskflow_api' retrieved from /home/kim/airflow_tutorial/py_env/lib/python3.10/site-packages/airflow/example_dags/tutorial_taskflow_api.py
[2025-04-18T11:25:00.837+0900] {logging_mixin.py:190} INFO - [2025-04-18T11:25:00.837+0900] {dag.py:3239} INFO - Sync 1 DAGs
[2025-04-18T11:25:00.846+0900] {logging_mixin.py:190} INFO - [2025-04-18T11:25:00.845+0900] {dag.py:4180} INFO - Setting next_dagrun for tutorial_taskflow_api to None, run_after=None
[2025-04-18T11:25:00.861+0900] {processor.py:208} INFO - Processing /home/kim/airflow_tutorial/py_env/lib/python3.10/site-packages/airflow/example_dags/tutorial_taskflow_api.py took 0.050 seconds
[2025-04-18T11:25:32.386+0900] {processor.py:186} INFO - Started process (PID=643215) to work on /home/kim/airflow_tutorial/py_env/lib/python3.10/site-packages/airflow/example_dags/tutorial_taskflow_api.py
[2025-04-18T11:25:32.388+0900] {processor.py:914} INFO - Processing file /home/kim/airflow_tutorial/py_env/lib/python3.10/site-packages/airflow/example_dags/tutorial_taskflow_api.py for tasks to queue
[2025-04-18T11:25:32.390+0900] {logging_mixin.py:190} INFO - [2025-04-18T11:25:32.389+0900] {dagbag.py:588} INFO - Filling up the DagBag from /home/kim/airflow_tutorial/py_env/lib/python3.10/site-packages/airflow/example_dags/tutorial_taskflow_api.py
[2025-04-18T11:25:32.396+0900] {processor.py:925} INFO - DAG(s) 'tutorial_taskflow_api' retrieved from /home/kim/airflow_tutorial/py_env/lib/python3.10/site-packages/airflow/example_dags/tutorial_taskflow_api.py
[2025-04-18T11:25:32.406+0900] {logging_mixin.py:190} INFO - [2025-04-18T11:25:32.406+0900] {dag.py:3239} INFO - Sync 1 DAGs
[2025-04-18T11:25:32.414+0900] {logging_mixin.py:190} INFO - [2025-04-18T11:25:32.414+0900] {dag.py:4180} INFO - Setting next_dagrun for tutorial_taskflow_api to None, run_after=None
[2025-04-18T11:25:32.430+0900] {processor.py:208} INFO - Processing /home/kim/airflow_tutorial/py_env/lib/python3.10/site-packages/airflow/example_dags/tutorial_taskflow_api.py took 0.048 seconds
[2025-04-18T12:03:08.069+0900] {processor.py:186} INFO - Started process (PID=651524) to work on /home/kim/airflow_tutorial/py_env/lib/python3.10/site-packages/airflow/example_dags/tutorial_taskflow_api.py
[2025-04-18T12:03:08.070+0900] {processor.py:914} INFO - Processing file /home/kim/airflow_tutorial/py_env/lib/python3.10/site-packages/airflow/example_dags/tutorial_taskflow_api.py for tasks to queue
[2025-04-18T12:03:08.072+0900] {logging_mixin.py:190} INFO - [2025-04-18T12:03:08.072+0900] {dagbag.py:588} INFO - Filling up the DagBag from /home/kim/airflow_tutorial/py_env/lib/python3.10/site-packages/airflow/example_dags/tutorial_taskflow_api.py
[2025-04-18T12:03:08.083+0900] {processor.py:925} INFO - DAG(s) 'tutorial_taskflow_api' retrieved from /home/kim/airflow_tutorial/py_env/lib/python3.10/site-packages/airflow/example_dags/tutorial_taskflow_api.py
[2025-04-18T12:03:08.279+0900] {logging_mixin.py:190} INFO - [2025-04-18T12:03:08.279+0900] {override.py:1912} INFO - Created Permission View: can read on DAG:tutorial_taskflow_api
[2025-04-18T12:03:08.289+0900] {logging_mixin.py:190} INFO - [2025-04-18T12:03:08.289+0900] {override.py:1912} INFO - Created Permission View: can edit on DAG:tutorial_taskflow_api
[2025-04-18T12:03:08.296+0900] {logging_mixin.py:190} INFO - [2025-04-18T12:03:08.295+0900] {override.py:1912} INFO - Created Permission View: can delete on DAG:tutorial_taskflow_api
[2025-04-18T12:03:08.304+0900] {logging_mixin.py:190} INFO - [2025-04-18T12:03:08.303+0900] {override.py:1912} INFO - Created Permission View: can read on DAG Run:tutorial_taskflow_api
[2025-04-18T12:03:08.310+0900] {logging_mixin.py:190} INFO - [2025-04-18T12:03:08.310+0900] {override.py:1912} INFO - Created Permission View: can create on DAG Run:tutorial_taskflow_api
[2025-04-18T12:03:08.316+0900] {logging_mixin.py:190} INFO - [2025-04-18T12:03:08.316+0900] {override.py:1912} INFO - Created Permission View: menu access on DAG Run:tutorial_taskflow_api
[2025-04-18T12:03:08.323+0900] {logging_mixin.py:190} INFO - [2025-04-18T12:03:08.322+0900] {override.py:1912} INFO - Created Permission View: can delete on DAG Run:tutorial_taskflow_api
[2025-04-18T12:03:08.323+0900] {logging_mixin.py:190} INFO - [2025-04-18T12:03:08.323+0900] {dag.py:3239} INFO - Sync 1 DAGs
[2025-04-18T12:03:08.332+0900] {logging_mixin.py:190} INFO - [2025-04-18T12:03:08.332+0900] {dag.py:3262} INFO - Creating ORM DAG for tutorial_taskflow_api
[2025-04-18T12:03:08.333+0900] {logging_mixin.py:190} INFO - [2025-04-18T12:03:08.332+0900] {dag.py:4180} INFO - Setting next_dagrun for tutorial_taskflow_api to None, run_after=None
[2025-04-18T12:03:08.347+0900] {processor.py:208} INFO - Processing /home/kim/airflow_tutorial/py_env/lib/python3.10/site-packages/airflow/example_dags/tutorial_taskflow_api.py took 0.284 seconds
[2025-04-18T12:05:16.553+0900] {processor.py:186} INFO - Started process (PID=653500) to work on /home/kim/airflow_tutorial/py_env/lib/python3.10/site-packages/airflow/example_dags/tutorial_taskflow_api.py
[2025-04-18T12:05:16.555+0900] {processor.py:914} INFO - Processing file /home/kim/airflow_tutorial/py_env/lib/python3.10/site-packages/airflow/example_dags/tutorial_taskflow_api.py for tasks to queue
[2025-04-18T12:05:16.557+0900] {logging_mixin.py:190} INFO - [2025-04-18T12:05:16.557+0900] {dagbag.py:588} INFO - Filling up the DagBag from /home/kim/airflow_tutorial/py_env/lib/python3.10/site-packages/airflow/example_dags/tutorial_taskflow_api.py
[2025-04-18T12:05:16.568+0900] {processor.py:925} INFO - DAG(s) 'tutorial_taskflow_api' retrieved from /home/kim/airflow_tutorial/py_env/lib/python3.10/site-packages/airflow/example_dags/tutorial_taskflow_api.py
[2025-04-18T12:05:16.601+0900] {logging_mixin.py:190} INFO - [2025-04-18T12:05:16.601+0900] {dag.py:3239} INFO - Sync 1 DAGs
[2025-04-18T12:05:16.709+0900] {logging_mixin.py:190} INFO - [2025-04-18T12:05:16.709+0900] {dag.py:4180} INFO - Setting next_dagrun for tutorial_taskflow_api to None, run_after=None
[2025-04-18T12:05:16.729+0900] {processor.py:208} INFO - Processing /home/kim/airflow_tutorial/py_env/lib/python3.10/site-packages/airflow/example_dags/tutorial_taskflow_api.py took 0.184 seconds
[2025-04-18T12:05:47.068+0900] {processor.py:186} INFO - Started process (PID=653970) to work on /home/kim/airflow_tutorial/py_env/lib/python3.10/site-packages/airflow/example_dags/tutorial_taskflow_api.py
[2025-04-18T12:05:47.071+0900] {processor.py:914} INFO - Processing file /home/kim/airflow_tutorial/py_env/lib/python3.10/site-packages/airflow/example_dags/tutorial_taskflow_api.py for tasks to queue
[2025-04-18T12:05:47.073+0900] {logging_mixin.py:190} INFO - [2025-04-18T12:05:47.073+0900] {dagbag.py:588} INFO - Filling up the DagBag from /home/kim/airflow_tutorial/py_env/lib/python3.10/site-packages/airflow/example_dags/tutorial_taskflow_api.py
[2025-04-18T12:05:47.079+0900] {processor.py:925} INFO - DAG(s) 'tutorial_taskflow_api' retrieved from /home/kim/airflow_tutorial/py_env/lib/python3.10/site-packages/airflow/example_dags/tutorial_taskflow_api.py
[2025-04-18T12:05:47.100+0900] {logging_mixin.py:190} INFO - [2025-04-18T12:05:47.100+0900] {dag.py:3239} INFO - Sync 1 DAGs
[2025-04-18T12:05:47.110+0900] {logging_mixin.py:190} INFO - [2025-04-18T12:05:47.110+0900] {dag.py:4180} INFO - Setting next_dagrun for tutorial_taskflow_api to None, run_after=None
[2025-04-18T12:05:47.128+0900] {processor.py:208} INFO - Processing /home/kim/airflow_tutorial/py_env/lib/python3.10/site-packages/airflow/example_dags/tutorial_taskflow_api.py took 0.065 seconds
[2025-04-18T12:06:17.870+0900] {processor.py:186} INFO - Started process (PID=654355) to work on /home/kim/airflow_tutorial/py_env/lib/python3.10/site-packages/airflow/example_dags/tutorial_taskflow_api.py
[2025-04-18T12:06:17.872+0900] {processor.py:914} INFO - Processing file /home/kim/airflow_tutorial/py_env/lib/python3.10/site-packages/airflow/example_dags/tutorial_taskflow_api.py for tasks to queue
[2025-04-18T12:06:17.874+0900] {logging_mixin.py:190} INFO - [2025-04-18T12:06:17.874+0900] {dagbag.py:588} INFO - Filling up the DagBag from /home/kim/airflow_tutorial/py_env/lib/python3.10/site-packages/airflow/example_dags/tutorial_taskflow_api.py
[2025-04-18T12:06:17.881+0900] {processor.py:925} INFO - DAG(s) 'tutorial_taskflow_api' retrieved from /home/kim/airflow_tutorial/py_env/lib/python3.10/site-packages/airflow/example_dags/tutorial_taskflow_api.py
[2025-04-18T12:06:17.903+0900] {logging_mixin.py:190} INFO - [2025-04-18T12:06:17.903+0900] {dag.py:3239} INFO - Sync 1 DAGs
[2025-04-18T12:06:17.915+0900] {logging_mixin.py:190} INFO - [2025-04-18T12:06:17.914+0900] {dag.py:4180} INFO - Setting next_dagrun for tutorial_taskflow_api to None, run_after=None
[2025-04-18T12:06:17.935+0900] {processor.py:208} INFO - Processing /home/kim/airflow_tutorial/py_env/lib/python3.10/site-packages/airflow/example_dags/tutorial_taskflow_api.py took 0.070 seconds
