[2025-04-18T11:13:37.348+0900] {processor.py:186} INFO - Started process (PID=637873) to work on /home/kim/airflow_tutorial/py_env/lib/python3.10/site-packages/airflow/example_dags/plugins/event_listener.py
[2025-04-18T11:13:37.349+0900] {processor.py:914} INFO - Processing file /home/kim/airflow_tutorial/py_env/lib/python3.10/site-packages/airflow/example_dags/plugins/event_listener.py for tasks to queue
[2025-04-18T11:13:37.350+0900] {logging_mixin.py:190} INFO - [2025-04-18T11:13:37.350+0900] {dagbag.py:588} INFO - Filling up the DagBag from /home/kim/airflow_tutorial/py_env/lib/python3.10/site-packages/airflow/example_dags/plugins/event_listener.py
[2025-04-18T11:13:37.352+0900] {processor.py:927} WARNING - No viable dags retrieved from /home/kim/airflow_tutorial/py_env/lib/python3.10/site-packages/airflow/example_dags/plugins/event_listener.py
[2025-04-18T11:13:37.360+0900] {processor.py:208} INFO - Processing /home/kim/airflow_tutorial/py_env/lib/python3.10/site-packages/airflow/example_dags/plugins/event_listener.py took 0.016 seconds
[2025-04-18T11:14:42.663+0900] {processor.py:186} INFO - Started process (PID=638274) to work on /home/kim/airflow_tutorial/py_env/lib/python3.10/site-packages/airflow/example_dags/plugins/event_listener.py
[2025-04-18T11:14:42.665+0900] {processor.py:914} INFO - Processing file /home/kim/airflow_tutorial/py_env/lib/python3.10/site-packages/airflow/example_dags/plugins/event_listener.py for tasks to queue
[2025-04-18T11:14:42.666+0900] {logging_mixin.py:190} INFO - [2025-04-18T11:14:42.666+0900] {dagbag.py:588} INFO - Filling up the DagBag from /home/kim/airflow_tutorial/py_env/lib/python3.10/site-packages/airflow/example_dags/plugins/event_listener.py
[2025-04-18T11:14:42.668+0900] {processor.py:927} WARNING - No viable dags retrieved from /home/kim/airflow_tutorial/py_env/lib/python3.10/site-packages/airflow/example_dags/plugins/event_listener.py
[2025-04-18T11:14:42.677+0900] {processor.py:208} INFO - Processing /home/kim/airflow_tutorial/py_env/lib/python3.10/site-packages/airflow/example_dags/plugins/event_listener.py took 0.018 seconds
[2025-04-18T11:15:41.747+0900] {processor.py:186} INFO - Started process (PID=638794) to work on /home/kim/airflow_tutorial/py_env/lib/python3.10/site-packages/airflow/example_dags/plugins/event_listener.py
[2025-04-18T11:15:41.749+0900] {processor.py:914} INFO - Processing file /home/kim/airflow_tutorial/py_env/lib/python3.10/site-packages/airflow/example_dags/plugins/event_listener.py for tasks to queue
[2025-04-18T11:15:41.751+0900] {logging_mixin.py:190} INFO - [2025-04-18T11:15:41.751+0900] {dagbag.py:588} INFO - Filling up the DagBag from /home/kim/airflow_tutorial/py_env/lib/python3.10/site-packages/airflow/example_dags/plugins/event_listener.py
[2025-04-18T11:15:41.753+0900] {processor.py:927} WARNING - No viable dags retrieved from /home/kim/airflow_tutorial/py_env/lib/python3.10/site-packages/airflow/example_dags/plugins/event_listener.py
[2025-04-18T11:15:41.761+0900] {processor.py:208} INFO - Processing /home/kim/airflow_tutorial/py_env/lib/python3.10/site-packages/airflow/example_dags/plugins/event_listener.py took 0.020 seconds
[2025-04-18T11:16:43.269+0900] {processor.py:186} INFO - Started process (PID=639540) to work on /home/kim/airflow_tutorial/py_env/lib/python3.10/site-packages/airflow/example_dags/plugins/event_listener.py
[2025-04-18T11:16:43.270+0900] {processor.py:914} INFO - Processing file /home/kim/airflow_tutorial/py_env/lib/python3.10/site-packages/airflow/example_dags/plugins/event_listener.py for tasks to queue
[2025-04-18T11:16:43.272+0900] {logging_mixin.py:190} INFO - [2025-04-18T11:16:43.271+0900] {dagbag.py:588} INFO - Filling up the DagBag from /home/kim/airflow_tutorial/py_env/lib/python3.10/site-packages/airflow/example_dags/plugins/event_listener.py
[2025-04-18T11:16:43.273+0900] {processor.py:927} WARNING - No viable dags retrieved from /home/kim/airflow_tutorial/py_env/lib/python3.10/site-packages/airflow/example_dags/plugins/event_listener.py
[2025-04-18T11:16:43.281+0900] {processor.py:208} INFO - Processing /home/kim/airflow_tutorial/py_env/lib/python3.10/site-packages/airflow/example_dags/plugins/event_listener.py took 0.017 seconds
[2025-04-18T11:17:40.813+0900] {processor.py:186} INFO - Started process (PID=640075) to work on /home/kim/airflow_tutorial/py_env/lib/python3.10/site-packages/airflow/example_dags/plugins/event_listener.py
[2025-04-18T11:17:40.816+0900] {processor.py:914} INFO - Processing file /home/kim/airflow_tutorial/py_env/lib/python3.10/site-packages/airflow/example_dags/plugins/event_listener.py for tasks to queue
[2025-04-18T11:17:40.817+0900] {logging_mixin.py:190} INFO - [2025-04-18T11:17:40.817+0900] {dagbag.py:588} INFO - Filling up the DagBag from /home/kim/airflow_tutorial/py_env/lib/python3.10/site-packages/airflow/example_dags/plugins/event_listener.py
[2025-04-18T11:17:40.819+0900] {processor.py:927} WARNING - No viable dags retrieved from /home/kim/airflow_tutorial/py_env/lib/python3.10/site-packages/airflow/example_dags/plugins/event_listener.py
[2025-04-18T11:17:40.826+0900] {processor.py:208} INFO - Processing /home/kim/airflow_tutorial/py_env/lib/python3.10/site-packages/airflow/example_dags/plugins/event_listener.py took 0.017 seconds
[2025-04-18T11:18:41.100+0900] {processor.py:186} INFO - Started process (PID=640742) to work on /home/kim/airflow_tutorial/py_env/lib/python3.10/site-packages/airflow/example_dags/plugins/event_listener.py
[2025-04-18T11:18:41.103+0900] {processor.py:914} INFO - Processing file /home/kim/airflow_tutorial/py_env/lib/python3.10/site-packages/airflow/example_dags/plugins/event_listener.py for tasks to queue
[2025-04-18T11:18:41.104+0900] {logging_mixin.py:190} INFO - [2025-04-18T11:18:41.104+0900] {dagbag.py:588} INFO - Filling up the DagBag from /home/kim/airflow_tutorial/py_env/lib/python3.10/site-packages/airflow/example_dags/plugins/event_listener.py
[2025-04-18T11:18:41.106+0900] {processor.py:927} WARNING - No viable dags retrieved from /home/kim/airflow_tutorial/py_env/lib/python3.10/site-packages/airflow/example_dags/plugins/event_listener.py
[2025-04-18T11:18:41.114+0900] {processor.py:208} INFO - Processing /home/kim/airflow_tutorial/py_env/lib/python3.10/site-packages/airflow/example_dags/plugins/event_listener.py took 0.018 seconds
[2025-04-18T11:19:39.643+0900] {processor.py:186} INFO - Started process (PID=641028) to work on /home/kim/airflow_tutorial/py_env/lib/python3.10/site-packages/airflow/example_dags/plugins/event_listener.py
[2025-04-18T11:19:39.646+0900] {processor.py:914} INFO - Processing file /home/kim/airflow_tutorial/py_env/lib/python3.10/site-packages/airflow/example_dags/plugins/event_listener.py for tasks to queue
[2025-04-18T11:19:39.649+0900] {logging_mixin.py:190} INFO - [2025-04-18T11:19:39.648+0900] {dagbag.py:588} INFO - Filling up the DagBag from /home/kim/airflow_tutorial/py_env/lib/python3.10/site-packages/airflow/example_dags/plugins/event_listener.py
[2025-04-18T11:19:39.655+0900] {processor.py:927} WARNING - No viable dags retrieved from /home/kim/airflow_tutorial/py_env/lib/python3.10/site-packages/airflow/example_dags/plugins/event_listener.py
[2025-04-18T11:19:39.675+0900] {processor.py:208} INFO - Processing /home/kim/airflow_tutorial/py_env/lib/python3.10/site-packages/airflow/example_dags/plugins/event_listener.py took 0.036 seconds
[2025-04-18T11:20:39.850+0900] {processor.py:186} INFO - Started process (PID=641321) to work on /home/kim/airflow_tutorial/py_env/lib/python3.10/site-packages/airflow/example_dags/plugins/event_listener.py
[2025-04-18T11:20:39.852+0900] {processor.py:914} INFO - Processing file /home/kim/airflow_tutorial/py_env/lib/python3.10/site-packages/airflow/example_dags/plugins/event_listener.py for tasks to queue
[2025-04-18T11:20:39.854+0900] {logging_mixin.py:190} INFO - [2025-04-18T11:20:39.854+0900] {dagbag.py:588} INFO - Filling up the DagBag from /home/kim/airflow_tutorial/py_env/lib/python3.10/site-packages/airflow/example_dags/plugins/event_listener.py
[2025-04-18T11:20:39.856+0900] {processor.py:927} WARNING - No viable dags retrieved from /home/kim/airflow_tutorial/py_env/lib/python3.10/site-packages/airflow/example_dags/plugins/event_listener.py
[2025-04-18T11:20:39.863+0900] {processor.py:208} INFO - Processing /home/kim/airflow_tutorial/py_env/lib/python3.10/site-packages/airflow/example_dags/plugins/event_listener.py took 0.017 seconds
[2025-04-18T11:21:40.639+0900] {processor.py:186} INFO - Started process (PID=641612) to work on /home/kim/airflow_tutorial/py_env/lib/python3.10/site-packages/airflow/example_dags/plugins/event_listener.py
[2025-04-18T11:21:40.641+0900] {processor.py:914} INFO - Processing file /home/kim/airflow_tutorial/py_env/lib/python3.10/site-packages/airflow/example_dags/plugins/event_listener.py for tasks to queue
[2025-04-18T11:21:40.643+0900] {logging_mixin.py:190} INFO - [2025-04-18T11:21:40.643+0900] {dagbag.py:588} INFO - Filling up the DagBag from /home/kim/airflow_tutorial/py_env/lib/python3.10/site-packages/airflow/example_dags/plugins/event_listener.py
[2025-04-18T11:21:40.645+0900] {processor.py:927} WARNING - No viable dags retrieved from /home/kim/airflow_tutorial/py_env/lib/python3.10/site-packages/airflow/example_dags/plugins/event_listener.py
[2025-04-18T11:21:40.653+0900] {processor.py:208} INFO - Processing /home/kim/airflow_tutorial/py_env/lib/python3.10/site-packages/airflow/example_dags/plugins/event_listener.py took 0.026 seconds
[2025-04-18T11:22:42.996+0900] {processor.py:186} INFO - Started process (PID=642073) to work on /home/kim/airflow_tutorial/py_env/lib/python3.10/site-packages/airflow/example_dags/plugins/event_listener.py
[2025-04-18T11:22:42.998+0900] {processor.py:914} INFO - Processing file /home/kim/airflow_tutorial/py_env/lib/python3.10/site-packages/airflow/example_dags/plugins/event_listener.py for tasks to queue
[2025-04-18T11:22:43.000+0900] {logging_mixin.py:190} INFO - [2025-04-18T11:22:43.000+0900] {dagbag.py:588} INFO - Filling up the DagBag from /home/kim/airflow_tutorial/py_env/lib/python3.10/site-packages/airflow/example_dags/plugins/event_listener.py
[2025-04-18T11:22:43.002+0900] {processor.py:927} WARNING - No viable dags retrieved from /home/kim/airflow_tutorial/py_env/lib/python3.10/site-packages/airflow/example_dags/plugins/event_listener.py
[2025-04-18T11:22:43.009+0900] {processor.py:208} INFO - Processing /home/kim/airflow_tutorial/py_env/lib/python3.10/site-packages/airflow/example_dags/plugins/event_listener.py took 0.018 seconds
[2025-04-18T11:23:42.541+0900] {processor.py:186} INFO - Started process (PID=642364) to work on /home/kim/airflow_tutorial/py_env/lib/python3.10/site-packages/airflow/example_dags/plugins/event_listener.py
[2025-04-18T11:23:42.542+0900] {processor.py:914} INFO - Processing file /home/kim/airflow_tutorial/py_env/lib/python3.10/site-packages/airflow/example_dags/plugins/event_listener.py for tasks to queue
[2025-04-18T11:23:42.544+0900] {logging_mixin.py:190} INFO - [2025-04-18T11:23:42.543+0900] {dagbag.py:588} INFO - Filling up the DagBag from /home/kim/airflow_tutorial/py_env/lib/python3.10/site-packages/airflow/example_dags/plugins/event_listener.py
[2025-04-18T11:23:42.546+0900] {processor.py:927} WARNING - No viable dags retrieved from /home/kim/airflow_tutorial/py_env/lib/python3.10/site-packages/airflow/example_dags/plugins/event_listener.py
[2025-04-18T11:23:42.554+0900] {processor.py:208} INFO - Processing /home/kim/airflow_tutorial/py_env/lib/python3.10/site-packages/airflow/example_dags/plugins/event_listener.py took 0.018 seconds
[2025-04-18T11:24:38.136+0900] {processor.py:186} INFO - Started process (PID=642726) to work on /home/kim/airflow_tutorial/py_env/lib/python3.10/site-packages/airflow/example_dags/plugins/event_listener.py
[2025-04-18T11:24:38.140+0900] {processor.py:914} INFO - Processing file /home/kim/airflow_tutorial/py_env/lib/python3.10/site-packages/airflow/example_dags/plugins/event_listener.py for tasks to queue
[2025-04-18T11:24:38.144+0900] {logging_mixin.py:190} INFO - [2025-04-18T11:24:38.143+0900] {dagbag.py:588} INFO - Filling up the DagBag from /home/kim/airflow_tutorial/py_env/lib/python3.10/site-packages/airflow/example_dags/plugins/event_listener.py
[2025-04-18T11:24:38.148+0900] {processor.py:927} WARNING - No viable dags retrieved from /home/kim/airflow_tutorial/py_env/lib/python3.10/site-packages/airflow/example_dags/plugins/event_listener.py
[2025-04-18T11:24:38.162+0900] {processor.py:208} INFO - Processing /home/kim/airflow_tutorial/py_env/lib/python3.10/site-packages/airflow/example_dags/plugins/event_listener.py took 0.039 seconds
[2025-04-18T12:03:13.449+0900] {processor.py:186} INFO - Started process (PID=651848) to work on /home/kim/airflow_tutorial/py_env/lib/python3.10/site-packages/airflow/example_dags/plugins/event_listener.py
[2025-04-18T12:03:13.450+0900] {processor.py:914} INFO - Processing file /home/kim/airflow_tutorial/py_env/lib/python3.10/site-packages/airflow/example_dags/plugins/event_listener.py for tasks to queue
[2025-04-18T12:03:13.453+0900] {logging_mixin.py:190} INFO - [2025-04-18T12:03:13.452+0900] {dagbag.py:588} INFO - Filling up the DagBag from /home/kim/airflow_tutorial/py_env/lib/python3.10/site-packages/airflow/example_dags/plugins/event_listener.py
[2025-04-18T12:03:13.455+0900] {processor.py:927} WARNING - No viable dags retrieved from /home/kim/airflow_tutorial/py_env/lib/python3.10/site-packages/airflow/example_dags/plugins/event_listener.py
[2025-04-18T12:03:13.476+0900] {processor.py:208} INFO - Processing /home/kim/airflow_tutorial/py_env/lib/python3.10/site-packages/airflow/example_dags/plugins/event_listener.py took 0.034 seconds
[2025-04-18T12:05:19.400+0900] {processor.py:186} INFO - Started process (PID=653674) to work on /home/kim/airflow_tutorial/py_env/lib/python3.10/site-packages/airflow/example_dags/plugins/event_listener.py
[2025-04-18T12:05:19.401+0900] {processor.py:914} INFO - Processing file /home/kim/airflow_tutorial/py_env/lib/python3.10/site-packages/airflow/example_dags/plugins/event_listener.py for tasks to queue
[2025-04-18T12:05:19.402+0900] {logging_mixin.py:190} INFO - [2025-04-18T12:05:19.402+0900] {dagbag.py:588} INFO - Filling up the DagBag from /home/kim/airflow_tutorial/py_env/lib/python3.10/site-packages/airflow/example_dags/plugins/event_listener.py
[2025-04-18T12:05:19.404+0900] {processor.py:927} WARNING - No viable dags retrieved from /home/kim/airflow_tutorial/py_env/lib/python3.10/site-packages/airflow/example_dags/plugins/event_listener.py
[2025-04-18T12:05:19.418+0900] {processor.py:208} INFO - Processing /home/kim/airflow_tutorial/py_env/lib/python3.10/site-packages/airflow/example_dags/plugins/event_listener.py took 0.023 seconds
[2025-04-18T12:05:50.327+0900] {processor.py:186} INFO - Started process (PID=654152) to work on /home/kim/airflow_tutorial/py_env/lib/python3.10/site-packages/airflow/example_dags/plugins/event_listener.py
[2025-04-18T12:05:50.329+0900] {processor.py:914} INFO - Processing file /home/kim/airflow_tutorial/py_env/lib/python3.10/site-packages/airflow/example_dags/plugins/event_listener.py for tasks to queue
[2025-04-18T12:05:50.332+0900] {logging_mixin.py:190} INFO - [2025-04-18T12:05:50.332+0900] {dagbag.py:588} INFO - Filling up the DagBag from /home/kim/airflow_tutorial/py_env/lib/python3.10/site-packages/airflow/example_dags/plugins/event_listener.py
[2025-04-18T12:05:50.334+0900] {processor.py:927} WARNING - No viable dags retrieved from /home/kim/airflow_tutorial/py_env/lib/python3.10/site-packages/airflow/example_dags/plugins/event_listener.py
[2025-04-18T12:05:50.360+0900] {processor.py:208} INFO - Processing /home/kim/airflow_tutorial/py_env/lib/python3.10/site-packages/airflow/example_dags/plugins/event_listener.py took 0.043 seconds
[2025-04-18T12:06:20.868+0900] {processor.py:186} INFO - Started process (PID=654531) to work on /home/kim/airflow_tutorial/py_env/lib/python3.10/site-packages/airflow/example_dags/plugins/event_listener.py
[2025-04-18T12:06:20.869+0900] {processor.py:914} INFO - Processing file /home/kim/airflow_tutorial/py_env/lib/python3.10/site-packages/airflow/example_dags/plugins/event_listener.py for tasks to queue
[2025-04-18T12:06:20.871+0900] {logging_mixin.py:190} INFO - [2025-04-18T12:06:20.870+0900] {dagbag.py:588} INFO - Filling up the DagBag from /home/kim/airflow_tutorial/py_env/lib/python3.10/site-packages/airflow/example_dags/plugins/event_listener.py
[2025-04-18T12:06:20.873+0900] {processor.py:927} WARNING - No viable dags retrieved from /home/kim/airflow_tutorial/py_env/lib/python3.10/site-packages/airflow/example_dags/plugins/event_listener.py
[2025-04-18T12:06:20.892+0900] {processor.py:208} INFO - Processing /home/kim/airflow_tutorial/py_env/lib/python3.10/site-packages/airflow/example_dags/plugins/event_listener.py took 0.029 seconds
