[2025-04-18T11:13:35.881+0900] {processor.py:186} INFO - Started process (PID=637871) to work on /home/kim/airflow_tutorial/py_env/lib/python3.10/site-packages/airflow/example_dags/plugins/listener_plugin.py
[2025-04-18T11:13:35.882+0900] {processor.py:914} INFO - Processing file /home/kim/airflow_tutorial/py_env/lib/python3.10/site-packages/airflow/example_dags/plugins/listener_plugin.py for tasks to queue
[2025-04-18T11:13:35.884+0900] {logging_mixin.py:190} INFO - [2025-04-18T11:13:35.883+0900] {dagbag.py:588} INFO - Filling up the DagBag from /home/kim/airflow_tutorial/py_env/lib/python3.10/site-packages/airflow/example_dags/plugins/listener_plugin.py
[2025-04-18T11:13:35.885+0900] {processor.py:927} WARNING - No viable dags retrieved from /home/kim/airflow_tutorial/py_env/lib/python3.10/site-packages/airflow/example_dags/plugins/listener_plugin.py
[2025-04-18T11:13:35.893+0900] {processor.py:208} INFO - Processing /home/kim/airflow_tutorial/py_env/lib/python3.10/site-packages/airflow/example_dags/plugins/listener_plugin.py took 0.016 seconds
[2025-04-18T11:14:40.413+0900] {processor.py:186} INFO - Started process (PID=638266) to work on /home/kim/airflow_tutorial/py_env/lib/python3.10/site-packages/airflow/example_dags/plugins/listener_plugin.py
[2025-04-18T11:14:40.415+0900] {processor.py:914} INFO - Processing file /home/kim/airflow_tutorial/py_env/lib/python3.10/site-packages/airflow/example_dags/plugins/listener_plugin.py for tasks to queue
[2025-04-18T11:14:40.419+0900] {logging_mixin.py:190} INFO - [2025-04-18T11:14:40.418+0900] {dagbag.py:588} INFO - Filling up the DagBag from /home/kim/airflow_tutorial/py_env/lib/python3.10/site-packages/airflow/example_dags/plugins/listener_plugin.py
[2025-04-18T11:14:40.422+0900] {processor.py:927} WARNING - No viable dags retrieved from /home/kim/airflow_tutorial/py_env/lib/python3.10/site-packages/airflow/example_dags/plugins/listener_plugin.py
[2025-04-18T11:14:40.429+0900] {processor.py:208} INFO - Processing /home/kim/airflow_tutorial/py_env/lib/python3.10/site-packages/airflow/example_dags/plugins/listener_plugin.py took 0.028 seconds
[2025-04-18T11:15:39.615+0900] {processor.py:186} INFO - Started process (PID=638786) to work on /home/kim/airflow_tutorial/py_env/lib/python3.10/site-packages/airflow/example_dags/plugins/listener_plugin.py
[2025-04-18T11:15:39.616+0900] {processor.py:914} INFO - Processing file /home/kim/airflow_tutorial/py_env/lib/python3.10/site-packages/airflow/example_dags/plugins/listener_plugin.py for tasks to queue
[2025-04-18T11:15:39.618+0900] {logging_mixin.py:190} INFO - [2025-04-18T11:15:39.617+0900] {dagbag.py:588} INFO - Filling up the DagBag from /home/kim/airflow_tutorial/py_env/lib/python3.10/site-packages/airflow/example_dags/plugins/listener_plugin.py
[2025-04-18T11:15:39.620+0900] {processor.py:927} WARNING - No viable dags retrieved from /home/kim/airflow_tutorial/py_env/lib/python3.10/site-packages/airflow/example_dags/plugins/listener_plugin.py
[2025-04-18T11:15:39.627+0900] {processor.py:208} INFO - Processing /home/kim/airflow_tutorial/py_env/lib/python3.10/site-packages/airflow/example_dags/plugins/listener_plugin.py took 0.016 seconds
[2025-04-18T11:16:41.006+0900] {processor.py:186} INFO - Started process (PID=639529) to work on /home/kim/airflow_tutorial/py_env/lib/python3.10/site-packages/airflow/example_dags/plugins/listener_plugin.py
[2025-04-18T11:16:41.008+0900] {processor.py:914} INFO - Processing file /home/kim/airflow_tutorial/py_env/lib/python3.10/site-packages/airflow/example_dags/plugins/listener_plugin.py for tasks to queue
[2025-04-18T11:16:41.010+0900] {logging_mixin.py:190} INFO - [2025-04-18T11:16:41.010+0900] {dagbag.py:588} INFO - Filling up the DagBag from /home/kim/airflow_tutorial/py_env/lib/python3.10/site-packages/airflow/example_dags/plugins/listener_plugin.py
[2025-04-18T11:16:41.012+0900] {processor.py:927} WARNING - No viable dags retrieved from /home/kim/airflow_tutorial/py_env/lib/python3.10/site-packages/airflow/example_dags/plugins/listener_plugin.py
[2025-04-18T11:16:41.022+0900] {processor.py:208} INFO - Processing /home/kim/airflow_tutorial/py_env/lib/python3.10/site-packages/airflow/example_dags/plugins/listener_plugin.py took 0.022 seconds
[2025-04-18T11:17:38.151+0900] {processor.py:186} INFO - Started process (PID=640066) to work on /home/kim/airflow_tutorial/py_env/lib/python3.10/site-packages/airflow/example_dags/plugins/listener_plugin.py
[2025-04-18T11:17:38.154+0900] {processor.py:914} INFO - Processing file /home/kim/airflow_tutorial/py_env/lib/python3.10/site-packages/airflow/example_dags/plugins/listener_plugin.py for tasks to queue
[2025-04-18T11:17:38.161+0900] {logging_mixin.py:190} INFO - [2025-04-18T11:17:38.160+0900] {dagbag.py:588} INFO - Filling up the DagBag from /home/kim/airflow_tutorial/py_env/lib/python3.10/site-packages/airflow/example_dags/plugins/listener_plugin.py
[2025-04-18T11:17:38.165+0900] {processor.py:927} WARNING - No viable dags retrieved from /home/kim/airflow_tutorial/py_env/lib/python3.10/site-packages/airflow/example_dags/plugins/listener_plugin.py
[2025-04-18T11:17:38.180+0900] {processor.py:208} INFO - Processing /home/kim/airflow_tutorial/py_env/lib/python3.10/site-packages/airflow/example_dags/plugins/listener_plugin.py took 0.033 seconds
[2025-04-18T11:18:39.363+0900] {processor.py:186} INFO - Started process (PID=640740) to work on /home/kim/airflow_tutorial/py_env/lib/python3.10/site-packages/airflow/example_dags/plugins/listener_plugin.py
[2025-04-18T11:18:39.364+0900] {processor.py:914} INFO - Processing file /home/kim/airflow_tutorial/py_env/lib/python3.10/site-packages/airflow/example_dags/plugins/listener_plugin.py for tasks to queue
[2025-04-18T11:18:39.366+0900] {logging_mixin.py:190} INFO - [2025-04-18T11:18:39.366+0900] {dagbag.py:588} INFO - Filling up the DagBag from /home/kim/airflow_tutorial/py_env/lib/python3.10/site-packages/airflow/example_dags/plugins/listener_plugin.py
[2025-04-18T11:18:39.369+0900] {processor.py:927} WARNING - No viable dags retrieved from /home/kim/airflow_tutorial/py_env/lib/python3.10/site-packages/airflow/example_dags/plugins/listener_plugin.py
[2025-04-18T11:18:39.378+0900] {processor.py:208} INFO - Processing /home/kim/airflow_tutorial/py_env/lib/python3.10/site-packages/airflow/example_dags/plugins/listener_plugin.py took 0.020 seconds
[2025-04-18T11:19:37.385+0900] {processor.py:186} INFO - Started process (PID=641020) to work on /home/kim/airflow_tutorial/py_env/lib/python3.10/site-packages/airflow/example_dags/plugins/listener_plugin.py
[2025-04-18T11:19:37.387+0900] {processor.py:914} INFO - Processing file /home/kim/airflow_tutorial/py_env/lib/python3.10/site-packages/airflow/example_dags/plugins/listener_plugin.py for tasks to queue
[2025-04-18T11:19:37.388+0900] {logging_mixin.py:190} INFO - [2025-04-18T11:19:37.388+0900] {dagbag.py:588} INFO - Filling up the DagBag from /home/kim/airflow_tutorial/py_env/lib/python3.10/site-packages/airflow/example_dags/plugins/listener_plugin.py
[2025-04-18T11:19:37.390+0900] {processor.py:927} WARNING - No viable dags retrieved from /home/kim/airflow_tutorial/py_env/lib/python3.10/site-packages/airflow/example_dags/plugins/listener_plugin.py
[2025-04-18T11:19:37.397+0900] {processor.py:208} INFO - Processing /home/kim/airflow_tutorial/py_env/lib/python3.10/site-packages/airflow/example_dags/plugins/listener_plugin.py took 0.017 seconds
[2025-04-18T11:20:38.305+0900] {processor.py:186} INFO - Started process (PID=641313) to work on /home/kim/airflow_tutorial/py_env/lib/python3.10/site-packages/airflow/example_dags/plugins/listener_plugin.py
[2025-04-18T11:20:38.308+0900] {processor.py:914} INFO - Processing file /home/kim/airflow_tutorial/py_env/lib/python3.10/site-packages/airflow/example_dags/plugins/listener_plugin.py for tasks to queue
[2025-04-18T11:20:38.310+0900] {logging_mixin.py:190} INFO - [2025-04-18T11:20:38.309+0900] {dagbag.py:588} INFO - Filling up the DagBag from /home/kim/airflow_tutorial/py_env/lib/python3.10/site-packages/airflow/example_dags/plugins/listener_plugin.py
[2025-04-18T11:20:38.312+0900] {processor.py:927} WARNING - No viable dags retrieved from /home/kim/airflow_tutorial/py_env/lib/python3.10/site-packages/airflow/example_dags/plugins/listener_plugin.py
[2025-04-18T11:20:38.319+0900] {processor.py:208} INFO - Processing /home/kim/airflow_tutorial/py_env/lib/python3.10/site-packages/airflow/example_dags/plugins/listener_plugin.py took 0.019 seconds
[2025-04-18T11:21:39.160+0900] {processor.py:186} INFO - Started process (PID=641610) to work on /home/kim/airflow_tutorial/py_env/lib/python3.10/site-packages/airflow/example_dags/plugins/listener_plugin.py
[2025-04-18T11:21:39.161+0900] {processor.py:914} INFO - Processing file /home/kim/airflow_tutorial/py_env/lib/python3.10/site-packages/airflow/example_dags/plugins/listener_plugin.py for tasks to queue
[2025-04-18T11:21:39.163+0900] {logging_mixin.py:190} INFO - [2025-04-18T11:21:39.162+0900] {dagbag.py:588} INFO - Filling up the DagBag from /home/kim/airflow_tutorial/py_env/lib/python3.10/site-packages/airflow/example_dags/plugins/listener_plugin.py
[2025-04-18T11:21:39.165+0900] {processor.py:927} WARNING - No viable dags retrieved from /home/kim/airflow_tutorial/py_env/lib/python3.10/site-packages/airflow/example_dags/plugins/listener_plugin.py
[2025-04-18T11:21:39.172+0900] {processor.py:208} INFO - Processing /home/kim/airflow_tutorial/py_env/lib/python3.10/site-packages/airflow/example_dags/plugins/listener_plugin.py took 0.017 seconds
[2025-04-18T11:22:41.127+0900] {processor.py:186} INFO - Started process (PID=642065) to work on /home/kim/airflow_tutorial/py_env/lib/python3.10/site-packages/airflow/example_dags/plugins/listener_plugin.py
[2025-04-18T11:22:41.130+0900] {processor.py:914} INFO - Processing file /home/kim/airflow_tutorial/py_env/lib/python3.10/site-packages/airflow/example_dags/plugins/listener_plugin.py for tasks to queue
[2025-04-18T11:22:41.131+0900] {logging_mixin.py:190} INFO - [2025-04-18T11:22:41.131+0900] {dagbag.py:588} INFO - Filling up the DagBag from /home/kim/airflow_tutorial/py_env/lib/python3.10/site-packages/airflow/example_dags/plugins/listener_plugin.py
[2025-04-18T11:22:41.133+0900] {processor.py:927} WARNING - No viable dags retrieved from /home/kim/airflow_tutorial/py_env/lib/python3.10/site-packages/airflow/example_dags/plugins/listener_plugin.py
[2025-04-18T11:22:41.141+0900] {processor.py:208} INFO - Processing /home/kim/airflow_tutorial/py_env/lib/python3.10/site-packages/airflow/example_dags/plugins/listener_plugin.py took 0.019 seconds
[2025-04-18T11:23:40.798+0900] {processor.py:186} INFO - Started process (PID=642356) to work on /home/kim/airflow_tutorial/py_env/lib/python3.10/site-packages/airflow/example_dags/plugins/listener_plugin.py
[2025-04-18T11:23:40.799+0900] {processor.py:914} INFO - Processing file /home/kim/airflow_tutorial/py_env/lib/python3.10/site-packages/airflow/example_dags/plugins/listener_plugin.py for tasks to queue
[2025-04-18T11:23:40.801+0900] {logging_mixin.py:190} INFO - [2025-04-18T11:23:40.800+0900] {dagbag.py:588} INFO - Filling up the DagBag from /home/kim/airflow_tutorial/py_env/lib/python3.10/site-packages/airflow/example_dags/plugins/listener_plugin.py
[2025-04-18T11:23:40.803+0900] {processor.py:927} WARNING - No viable dags retrieved from /home/kim/airflow_tutorial/py_env/lib/python3.10/site-packages/airflow/example_dags/plugins/listener_plugin.py
[2025-04-18T11:23:40.811+0900] {processor.py:208} INFO - Processing /home/kim/airflow_tutorial/py_env/lib/python3.10/site-packages/airflow/example_dags/plugins/listener_plugin.py took 0.017 seconds
[2025-04-18T11:24:36.248+0900] {processor.py:186} INFO - Started process (PID=642718) to work on /home/kim/airflow_tutorial/py_env/lib/python3.10/site-packages/airflow/example_dags/plugins/listener_plugin.py
[2025-04-18T11:24:36.250+0900] {processor.py:914} INFO - Processing file /home/kim/airflow_tutorial/py_env/lib/python3.10/site-packages/airflow/example_dags/plugins/listener_plugin.py for tasks to queue
[2025-04-18T11:24:36.251+0900] {logging_mixin.py:190} INFO - [2025-04-18T11:24:36.251+0900] {dagbag.py:588} INFO - Filling up the DagBag from /home/kim/airflow_tutorial/py_env/lib/python3.10/site-packages/airflow/example_dags/plugins/listener_plugin.py
[2025-04-18T11:24:36.253+0900] {processor.py:927} WARNING - No viable dags retrieved from /home/kim/airflow_tutorial/py_env/lib/python3.10/site-packages/airflow/example_dags/plugins/listener_plugin.py
[2025-04-18T11:24:36.262+0900] {processor.py:208} INFO - Processing /home/kim/airflow_tutorial/py_env/lib/python3.10/site-packages/airflow/example_dags/plugins/listener_plugin.py took 0.019 seconds
[2025-04-18T11:25:38.661+0900] {processor.py:186} INFO - Started process (PID=643334) to work on /home/kim/airflow_tutorial/py_env/lib/python3.10/site-packages/airflow/example_dags/plugins/listener_plugin.py
[2025-04-18T11:25:38.662+0900] {processor.py:914} INFO - Processing file /home/kim/airflow_tutorial/py_env/lib/python3.10/site-packages/airflow/example_dags/plugins/listener_plugin.py for tasks to queue
[2025-04-18T11:25:38.664+0900] {logging_mixin.py:190} INFO - [2025-04-18T11:25:38.663+0900] {dagbag.py:588} INFO - Filling up the DagBag from /home/kim/airflow_tutorial/py_env/lib/python3.10/site-packages/airflow/example_dags/plugins/listener_plugin.py
[2025-04-18T11:25:38.666+0900] {processor.py:927} WARNING - No viable dags retrieved from /home/kim/airflow_tutorial/py_env/lib/python3.10/site-packages/airflow/example_dags/plugins/listener_plugin.py
[2025-04-18T11:25:38.674+0900] {processor.py:208} INFO - Processing /home/kim/airflow_tutorial/py_env/lib/python3.10/site-packages/airflow/example_dags/plugins/listener_plugin.py took 0.018 seconds
[2025-04-18T12:03:13.358+0900] {processor.py:186} INFO - Started process (PID=651836) to work on /home/kim/airflow_tutorial/py_env/lib/python3.10/site-packages/airflow/example_dags/plugins/listener_plugin.py
[2025-04-18T12:03:13.359+0900] {processor.py:914} INFO - Processing file /home/kim/airflow_tutorial/py_env/lib/python3.10/site-packages/airflow/example_dags/plugins/listener_plugin.py for tasks to queue
[2025-04-18T12:03:13.361+0900] {logging_mixin.py:190} INFO - [2025-04-18T12:03:13.360+0900] {dagbag.py:588} INFO - Filling up the DagBag from /home/kim/airflow_tutorial/py_env/lib/python3.10/site-packages/airflow/example_dags/plugins/listener_plugin.py
[2025-04-18T12:03:13.363+0900] {processor.py:927} WARNING - No viable dags retrieved from /home/kim/airflow_tutorial/py_env/lib/python3.10/site-packages/airflow/example_dags/plugins/listener_plugin.py
[2025-04-18T12:03:13.381+0900] {processor.py:208} INFO - Processing /home/kim/airflow_tutorial/py_env/lib/python3.10/site-packages/airflow/example_dags/plugins/listener_plugin.py took 0.030 seconds
[2025-04-18T12:05:19.356+0900] {processor.py:186} INFO - Started process (PID=653664) to work on /home/kim/airflow_tutorial/py_env/lib/python3.10/site-packages/airflow/example_dags/plugins/listener_plugin.py
[2025-04-18T12:05:19.357+0900] {processor.py:914} INFO - Processing file /home/kim/airflow_tutorial/py_env/lib/python3.10/site-packages/airflow/example_dags/plugins/listener_plugin.py for tasks to queue
[2025-04-18T12:05:19.359+0900] {logging_mixin.py:190} INFO - [2025-04-18T12:05:19.358+0900] {dagbag.py:588} INFO - Filling up the DagBag from /home/kim/airflow_tutorial/py_env/lib/python3.10/site-packages/airflow/example_dags/plugins/listener_plugin.py
[2025-04-18T12:05:19.360+0900] {processor.py:927} WARNING - No viable dags retrieved from /home/kim/airflow_tutorial/py_env/lib/python3.10/site-packages/airflow/example_dags/plugins/listener_plugin.py
[2025-04-18T12:05:19.375+0900] {processor.py:208} INFO - Processing /home/kim/airflow_tutorial/py_env/lib/python3.10/site-packages/airflow/example_dags/plugins/listener_plugin.py took 0.025 seconds
[2025-04-18T12:05:50.204+0900] {processor.py:186} INFO - Started process (PID=654142) to work on /home/kim/airflow_tutorial/py_env/lib/python3.10/site-packages/airflow/example_dags/plugins/listener_plugin.py
[2025-04-18T12:05:50.206+0900] {processor.py:914} INFO - Processing file /home/kim/airflow_tutorial/py_env/lib/python3.10/site-packages/airflow/example_dags/plugins/listener_plugin.py for tasks to queue
[2025-04-18T12:05:50.208+0900] {logging_mixin.py:190} INFO - [2025-04-18T12:05:50.208+0900] {dagbag.py:588} INFO - Filling up the DagBag from /home/kim/airflow_tutorial/py_env/lib/python3.10/site-packages/airflow/example_dags/plugins/listener_plugin.py
[2025-04-18T12:05:50.210+0900] {processor.py:927} WARNING - No viable dags retrieved from /home/kim/airflow_tutorial/py_env/lib/python3.10/site-packages/airflow/example_dags/plugins/listener_plugin.py
[2025-04-18T12:05:50.237+0900] {processor.py:208} INFO - Processing /home/kim/airflow_tutorial/py_env/lib/python3.10/site-packages/airflow/example_dags/plugins/listener_plugin.py took 0.042 seconds
[2025-04-18T12:06:20.811+0900] {processor.py:186} INFO - Started process (PID=654521) to work on /home/kim/airflow_tutorial/py_env/lib/python3.10/site-packages/airflow/example_dags/plugins/listener_plugin.py
[2025-04-18T12:06:20.812+0900] {processor.py:914} INFO - Processing file /home/kim/airflow_tutorial/py_env/lib/python3.10/site-packages/airflow/example_dags/plugins/listener_plugin.py for tasks to queue
[2025-04-18T12:06:20.814+0900] {logging_mixin.py:190} INFO - [2025-04-18T12:06:20.813+0900] {dagbag.py:588} INFO - Filling up the DagBag from /home/kim/airflow_tutorial/py_env/lib/python3.10/site-packages/airflow/example_dags/plugins/listener_plugin.py
[2025-04-18T12:06:20.815+0900] {processor.py:927} WARNING - No viable dags retrieved from /home/kim/airflow_tutorial/py_env/lib/python3.10/site-packages/airflow/example_dags/plugins/listener_plugin.py
[2025-04-18T12:06:20.834+0900] {processor.py:208} INFO - Processing /home/kim/airflow_tutorial/py_env/lib/python3.10/site-packages/airflow/example_dags/plugins/listener_plugin.py took 0.030 seconds
