[2025-04-18T11:13:39.605+0900] {processor.py:186} INFO - Started process (PID=637881) to work on /home/kim/airflow_tutorial/py_env/lib/python3.10/site-packages/airflow/example_dags/subdags/subdag.py
[2025-04-18T11:13:39.606+0900] {processor.py:914} INFO - Processing file /home/kim/airflow_tutorial/py_env/lib/python3.10/site-packages/airflow/example_dags/subdags/subdag.py for tasks to queue
[2025-04-18T11:13:39.608+0900] {logging_mixin.py:190} INFO - [2025-04-18T11:13:39.607+0900] {dagbag.py:588} INFO - Filling up the DagBag from /home/kim/airflow_tutorial/py_env/lib/python3.10/site-packages/airflow/example_dags/subdags/subdag.py
[2025-04-18T11:13:39.609+0900] {processor.py:927} WARNING - No viable dags retrieved from /home/kim/airflow_tutorial/py_env/lib/python3.10/site-packages/airflow/example_dags/subdags/subdag.py
[2025-04-18T11:13:39.617+0900] {processor.py:208} INFO - Processing /home/kim/airflow_tutorial/py_env/lib/python3.10/site-packages/airflow/example_dags/subdags/subdag.py took 0.016 seconds
[2025-04-18T11:14:44.402+0900] {processor.py:186} INFO - Started process (PID=638282) to work on /home/kim/airflow_tutorial/py_env/lib/python3.10/site-packages/airflow/example_dags/subdags/subdag.py
[2025-04-18T11:14:44.404+0900] {processor.py:914} INFO - Processing file /home/kim/airflow_tutorial/py_env/lib/python3.10/site-packages/airflow/example_dags/subdags/subdag.py for tasks to queue
[2025-04-18T11:14:44.405+0900] {logging_mixin.py:190} INFO - [2025-04-18T11:14:44.405+0900] {dagbag.py:588} INFO - Filling up the DagBag from /home/kim/airflow_tutorial/py_env/lib/python3.10/site-packages/airflow/example_dags/subdags/subdag.py
[2025-04-18T11:14:44.407+0900] {processor.py:927} WARNING - No viable dags retrieved from /home/kim/airflow_tutorial/py_env/lib/python3.10/site-packages/airflow/example_dags/subdags/subdag.py
[2025-04-18T11:14:44.415+0900] {processor.py:208} INFO - Processing /home/kim/airflow_tutorial/py_env/lib/python3.10/site-packages/airflow/example_dags/subdags/subdag.py took 0.017 seconds
[2025-04-18T11:15:44.008+0900] {processor.py:186} INFO - Started process (PID=638802) to work on /home/kim/airflow_tutorial/py_env/lib/python3.10/site-packages/airflow/example_dags/subdags/subdag.py
[2025-04-18T11:15:44.010+0900] {processor.py:914} INFO - Processing file /home/kim/airflow_tutorial/py_env/lib/python3.10/site-packages/airflow/example_dags/subdags/subdag.py for tasks to queue
[2025-04-18T11:15:44.012+0900] {logging_mixin.py:190} INFO - [2025-04-18T11:15:44.011+0900] {dagbag.py:588} INFO - Filling up the DagBag from /home/kim/airflow_tutorial/py_env/lib/python3.10/site-packages/airflow/example_dags/subdags/subdag.py
[2025-04-18T11:15:44.013+0900] {processor.py:927} WARNING - No viable dags retrieved from /home/kim/airflow_tutorial/py_env/lib/python3.10/site-packages/airflow/example_dags/subdags/subdag.py
[2025-04-18T11:15:44.020+0900] {processor.py:208} INFO - Processing /home/kim/airflow_tutorial/py_env/lib/python3.10/site-packages/airflow/example_dags/subdags/subdag.py took 0.017 seconds
[2025-04-18T11:16:45.532+0900] {processor.py:186} INFO - Started process (PID=639548) to work on /home/kim/airflow_tutorial/py_env/lib/python3.10/site-packages/airflow/example_dags/subdags/subdag.py
[2025-04-18T11:16:45.534+0900] {processor.py:914} INFO - Processing file /home/kim/airflow_tutorial/py_env/lib/python3.10/site-packages/airflow/example_dags/subdags/subdag.py for tasks to queue
[2025-04-18T11:16:45.536+0900] {logging_mixin.py:190} INFO - [2025-04-18T11:16:45.536+0900] {dagbag.py:588} INFO - Filling up the DagBag from /home/kim/airflow_tutorial/py_env/lib/python3.10/site-packages/airflow/example_dags/subdags/subdag.py
[2025-04-18T11:16:45.538+0900] {processor.py:927} WARNING - No viable dags retrieved from /home/kim/airflow_tutorial/py_env/lib/python3.10/site-packages/airflow/example_dags/subdags/subdag.py
[2025-04-18T11:16:45.544+0900] {processor.py:208} INFO - Processing /home/kim/airflow_tutorial/py_env/lib/python3.10/site-packages/airflow/example_dags/subdags/subdag.py took 0.017 seconds
[2025-04-18T11:17:44.057+0900] {processor.py:186} INFO - Started process (PID=640083) to work on /home/kim/airflow_tutorial/py_env/lib/python3.10/site-packages/airflow/example_dags/subdags/subdag.py
[2025-04-18T11:17:44.058+0900] {processor.py:914} INFO - Processing file /home/kim/airflow_tutorial/py_env/lib/python3.10/site-packages/airflow/example_dags/subdags/subdag.py for tasks to queue
[2025-04-18T11:17:44.060+0900] {logging_mixin.py:190} INFO - [2025-04-18T11:17:44.059+0900] {dagbag.py:588} INFO - Filling up the DagBag from /home/kim/airflow_tutorial/py_env/lib/python3.10/site-packages/airflow/example_dags/subdags/subdag.py
[2025-04-18T11:17:44.062+0900] {processor.py:927} WARNING - No viable dags retrieved from /home/kim/airflow_tutorial/py_env/lib/python3.10/site-packages/airflow/example_dags/subdags/subdag.py
[2025-04-18T11:17:44.069+0900] {processor.py:208} INFO - Processing /home/kim/airflow_tutorial/py_env/lib/python3.10/site-packages/airflow/example_dags/subdags/subdag.py took 0.017 seconds
[2025-04-18T11:18:43.378+0900] {processor.py:186} INFO - Started process (PID=640750) to work on /home/kim/airflow_tutorial/py_env/lib/python3.10/site-packages/airflow/example_dags/subdags/subdag.py
[2025-04-18T11:18:43.381+0900] {processor.py:914} INFO - Processing file /home/kim/airflow_tutorial/py_env/lib/python3.10/site-packages/airflow/example_dags/subdags/subdag.py for tasks to queue
[2025-04-18T11:18:43.383+0900] {logging_mixin.py:190} INFO - [2025-04-18T11:18:43.382+0900] {dagbag.py:588} INFO - Filling up the DagBag from /home/kim/airflow_tutorial/py_env/lib/python3.10/site-packages/airflow/example_dags/subdags/subdag.py
[2025-04-18T11:18:43.385+0900] {processor.py:927} WARNING - No viable dags retrieved from /home/kim/airflow_tutorial/py_env/lib/python3.10/site-packages/airflow/example_dags/subdags/subdag.py
[2025-04-18T11:18:43.393+0900] {processor.py:208} INFO - Processing /home/kim/airflow_tutorial/py_env/lib/python3.10/site-packages/airflow/example_dags/subdags/subdag.py took 0.020 seconds
[2025-04-18T11:19:41.676+0900] {processor.py:186} INFO - Started process (PID=641036) to work on /home/kim/airflow_tutorial/py_env/lib/python3.10/site-packages/airflow/example_dags/subdags/subdag.py
[2025-04-18T11:19:41.679+0900] {processor.py:914} INFO - Processing file /home/kim/airflow_tutorial/py_env/lib/python3.10/site-packages/airflow/example_dags/subdags/subdag.py for tasks to queue
[2025-04-18T11:19:41.680+0900] {logging_mixin.py:190} INFO - [2025-04-18T11:19:41.680+0900] {dagbag.py:588} INFO - Filling up the DagBag from /home/kim/airflow_tutorial/py_env/lib/python3.10/site-packages/airflow/example_dags/subdags/subdag.py
[2025-04-18T11:19:41.683+0900] {processor.py:927} WARNING - No viable dags retrieved from /home/kim/airflow_tutorial/py_env/lib/python3.10/site-packages/airflow/example_dags/subdags/subdag.py
[2025-04-18T11:19:41.691+0900] {processor.py:208} INFO - Processing /home/kim/airflow_tutorial/py_env/lib/python3.10/site-packages/airflow/example_dags/subdags/subdag.py took 0.021 seconds
[2025-04-18T11:20:42.107+0900] {processor.py:186} INFO - Started process (PID=641329) to work on /home/kim/airflow_tutorial/py_env/lib/python3.10/site-packages/airflow/example_dags/subdags/subdag.py
[2025-04-18T11:20:42.110+0900] {processor.py:914} INFO - Processing file /home/kim/airflow_tutorial/py_env/lib/python3.10/site-packages/airflow/example_dags/subdags/subdag.py for tasks to queue
[2025-04-18T11:20:42.112+0900] {logging_mixin.py:190} INFO - [2025-04-18T11:20:42.111+0900] {dagbag.py:588} INFO - Filling up the DagBag from /home/kim/airflow_tutorial/py_env/lib/python3.10/site-packages/airflow/example_dags/subdags/subdag.py
[2025-04-18T11:20:42.114+0900] {processor.py:927} WARNING - No viable dags retrieved from /home/kim/airflow_tutorial/py_env/lib/python3.10/site-packages/airflow/example_dags/subdags/subdag.py
[2025-04-18T11:20:42.121+0900] {processor.py:208} INFO - Processing /home/kim/airflow_tutorial/py_env/lib/python3.10/site-packages/airflow/example_dags/subdags/subdag.py took 0.019 seconds
[2025-04-18T11:21:42.837+0900] {processor.py:186} INFO - Started process (PID=641620) to work on /home/kim/airflow_tutorial/py_env/lib/python3.10/site-packages/airflow/example_dags/subdags/subdag.py
[2025-04-18T11:21:42.840+0900] {processor.py:914} INFO - Processing file /home/kim/airflow_tutorial/py_env/lib/python3.10/site-packages/airflow/example_dags/subdags/subdag.py for tasks to queue
[2025-04-18T11:21:42.841+0900] {logging_mixin.py:190} INFO - [2025-04-18T11:21:42.841+0900] {dagbag.py:588} INFO - Filling up the DagBag from /home/kim/airflow_tutorial/py_env/lib/python3.10/site-packages/airflow/example_dags/subdags/subdag.py
[2025-04-18T11:21:42.843+0900] {processor.py:927} WARNING - No viable dags retrieved from /home/kim/airflow_tutorial/py_env/lib/python3.10/site-packages/airflow/example_dags/subdags/subdag.py
[2025-04-18T11:21:42.851+0900] {processor.py:208} INFO - Processing /home/kim/airflow_tutorial/py_env/lib/python3.10/site-packages/airflow/example_dags/subdags/subdag.py took 0.018 seconds
[2025-04-18T11:22:45.270+0900] {processor.py:186} INFO - Started process (PID=642081) to work on /home/kim/airflow_tutorial/py_env/lib/python3.10/site-packages/airflow/example_dags/subdags/subdag.py
[2025-04-18T11:22:45.273+0900] {processor.py:914} INFO - Processing file /home/kim/airflow_tutorial/py_env/lib/python3.10/site-packages/airflow/example_dags/subdags/subdag.py for tasks to queue
[2025-04-18T11:22:45.277+0900] {logging_mixin.py:190} INFO - [2025-04-18T11:22:45.276+0900] {dagbag.py:588} INFO - Filling up the DagBag from /home/kim/airflow_tutorial/py_env/lib/python3.10/site-packages/airflow/example_dags/subdags/subdag.py
[2025-04-18T11:22:45.280+0900] {processor.py:927} WARNING - No viable dags retrieved from /home/kim/airflow_tutorial/py_env/lib/python3.10/site-packages/airflow/example_dags/subdags/subdag.py
[2025-04-18T11:22:45.289+0900] {processor.py:208} INFO - Processing /home/kim/airflow_tutorial/py_env/lib/python3.10/site-packages/airflow/example_dags/subdags/subdag.py took 0.028 seconds
[2025-04-18T11:23:44.000+0900] {processor.py:186} INFO - Started process (PID=642369) to work on /home/kim/airflow_tutorial/py_env/lib/python3.10/site-packages/airflow/example_dags/subdags/subdag.py
[2025-04-18T11:23:44.001+0900] {processor.py:914} INFO - Processing file /home/kim/airflow_tutorial/py_env/lib/python3.10/site-packages/airflow/example_dags/subdags/subdag.py for tasks to queue
[2025-04-18T11:23:44.003+0900] {logging_mixin.py:190} INFO - [2025-04-18T11:23:44.003+0900] {dagbag.py:588} INFO - Filling up the DagBag from /home/kim/airflow_tutorial/py_env/lib/python3.10/site-packages/airflow/example_dags/subdags/subdag.py
[2025-04-18T11:23:44.005+0900] {processor.py:927} WARNING - No viable dags retrieved from /home/kim/airflow_tutorial/py_env/lib/python3.10/site-packages/airflow/example_dags/subdags/subdag.py
[2025-04-18T11:23:44.013+0900] {processor.py:208} INFO - Processing /home/kim/airflow_tutorial/py_env/lib/python3.10/site-packages/airflow/example_dags/subdags/subdag.py took 0.026 seconds
[2025-04-18T11:24:40.382+0900] {processor.py:186} INFO - Started process (PID=642734) to work on /home/kim/airflow_tutorial/py_env/lib/python3.10/site-packages/airflow/example_dags/subdags/subdag.py
[2025-04-18T11:24:40.383+0900] {processor.py:914} INFO - Processing file /home/kim/airflow_tutorial/py_env/lib/python3.10/site-packages/airflow/example_dags/subdags/subdag.py for tasks to queue
[2025-04-18T11:24:40.385+0900] {logging_mixin.py:190} INFO - [2025-04-18T11:24:40.385+0900] {dagbag.py:588} INFO - Filling up the DagBag from /home/kim/airflow_tutorial/py_env/lib/python3.10/site-packages/airflow/example_dags/subdags/subdag.py
[2025-04-18T11:24:40.387+0900] {processor.py:927} WARNING - No viable dags retrieved from /home/kim/airflow_tutorial/py_env/lib/python3.10/site-packages/airflow/example_dags/subdags/subdag.py
[2025-04-18T11:24:40.395+0900] {processor.py:208} INFO - Processing /home/kim/airflow_tutorial/py_env/lib/python3.10/site-packages/airflow/example_dags/subdags/subdag.py took 0.018 seconds
[2025-04-18T12:03:13.503+0900] {processor.py:186} INFO - Started process (PID=651858) to work on /home/kim/airflow_tutorial/py_env/lib/python3.10/site-packages/airflow/example_dags/subdags/subdag.py
[2025-04-18T12:03:13.504+0900] {processor.py:914} INFO - Processing file /home/kim/airflow_tutorial/py_env/lib/python3.10/site-packages/airflow/example_dags/subdags/subdag.py for tasks to queue
[2025-04-18T12:03:13.507+0900] {logging_mixin.py:190} INFO - [2025-04-18T12:03:13.506+0900] {dagbag.py:588} INFO - Filling up the DagBag from /home/kim/airflow_tutorial/py_env/lib/python3.10/site-packages/airflow/example_dags/subdags/subdag.py
[2025-04-18T12:03:13.509+0900] {processor.py:927} WARNING - No viable dags retrieved from /home/kim/airflow_tutorial/py_env/lib/python3.10/site-packages/airflow/example_dags/subdags/subdag.py
[2025-04-18T12:03:13.526+0900] {processor.py:208} INFO - Processing /home/kim/airflow_tutorial/py_env/lib/python3.10/site-packages/airflow/example_dags/subdags/subdag.py took 0.029 seconds
[2025-04-18T12:05:19.443+0900] {processor.py:186} INFO - Started process (PID=653684) to work on /home/kim/airflow_tutorial/py_env/lib/python3.10/site-packages/airflow/example_dags/subdags/subdag.py
[2025-04-18T12:05:19.444+0900] {processor.py:914} INFO - Processing file /home/kim/airflow_tutorial/py_env/lib/python3.10/site-packages/airflow/example_dags/subdags/subdag.py for tasks to queue
[2025-04-18T12:05:19.446+0900] {logging_mixin.py:190} INFO - [2025-04-18T12:05:19.446+0900] {dagbag.py:588} INFO - Filling up the DagBag from /home/kim/airflow_tutorial/py_env/lib/python3.10/site-packages/airflow/example_dags/subdags/subdag.py
[2025-04-18T12:05:19.448+0900] {processor.py:927} WARNING - No viable dags retrieved from /home/kim/airflow_tutorial/py_env/lib/python3.10/site-packages/airflow/example_dags/subdags/subdag.py
[2025-04-18T12:05:19.466+0900] {processor.py:208} INFO - Processing /home/kim/airflow_tutorial/py_env/lib/python3.10/site-packages/airflow/example_dags/subdags/subdag.py took 0.030 seconds
[2025-04-18T12:05:50.404+0900] {processor.py:186} INFO - Started process (PID=654162) to work on /home/kim/airflow_tutorial/py_env/lib/python3.10/site-packages/airflow/example_dags/subdags/subdag.py
[2025-04-18T12:05:50.405+0900] {processor.py:914} INFO - Processing file /home/kim/airflow_tutorial/py_env/lib/python3.10/site-packages/airflow/example_dags/subdags/subdag.py for tasks to queue
[2025-04-18T12:05:50.409+0900] {logging_mixin.py:190} INFO - [2025-04-18T12:05:50.408+0900] {dagbag.py:588} INFO - Filling up the DagBag from /home/kim/airflow_tutorial/py_env/lib/python3.10/site-packages/airflow/example_dags/subdags/subdag.py
[2025-04-18T12:05:50.413+0900] {processor.py:927} WARNING - No viable dags retrieved from /home/kim/airflow_tutorial/py_env/lib/python3.10/site-packages/airflow/example_dags/subdags/subdag.py
[2025-04-18T12:05:50.438+0900] {processor.py:208} INFO - Processing /home/kim/airflow_tutorial/py_env/lib/python3.10/site-packages/airflow/example_dags/subdags/subdag.py took 0.045 seconds
[2025-04-18T12:06:20.956+0900] {processor.py:186} INFO - Started process (PID=654543) to work on /home/kim/airflow_tutorial/py_env/lib/python3.10/site-packages/airflow/example_dags/subdags/subdag.py
[2025-04-18T12:06:20.957+0900] {processor.py:914} INFO - Processing file /home/kim/airflow_tutorial/py_env/lib/python3.10/site-packages/airflow/example_dags/subdags/subdag.py for tasks to queue
[2025-04-18T12:06:20.959+0900] {logging_mixin.py:190} INFO - [2025-04-18T12:06:20.958+0900] {dagbag.py:588} INFO - Filling up the DagBag from /home/kim/airflow_tutorial/py_env/lib/python3.10/site-packages/airflow/example_dags/subdags/subdag.py
[2025-04-18T12:06:20.960+0900] {processor.py:927} WARNING - No viable dags retrieved from /home/kim/airflow_tutorial/py_env/lib/python3.10/site-packages/airflow/example_dags/subdags/subdag.py
[2025-04-18T12:06:20.977+0900] {processor.py:208} INFO - Processing /home/kim/airflow_tutorial/py_env/lib/python3.10/site-packages/airflow/example_dags/subdags/subdag.py took 0.026 seconds
