[2025-04-18T12:54:32.513+0900] {local_task_job_runner.py:123} INFO - ::group::Pre task execution logs
[2025-04-18T12:54:32.533+0900] {taskinstance.py:2614} INFO - Dependencies all met for dep_context=non-requeueable deps ti=<TaskInstance: dag_oracle_to_s3_python_improved.oralceExport_task scheduled__2025-04-16T15:05:00+00:00 [queued]>
[2025-04-18T12:54:32.543+0900] {taskinstance.py:2614} INFO - Dependencies all met for dep_context=requeueable deps ti=<TaskInstance: dag_oracle_to_s3_python_improved.oralceExport_task scheduled__2025-04-16T15:05:00+00:00 [queued]>
[2025-04-18T12:54:32.543+0900] {taskinstance.py:2867} INFO - Starting attempt 1 of 1
[2025-04-18T12:54:32.575+0900] {taskinstance.py:2890} INFO - Executing <Task(PythonOperator): oralceExport_task> on 2025-04-16 15:05:00+00:00
[2025-04-18T12:54:32.580+0900] {standard_task_runner.py:72} INFO - Started process 675838 to run task
[2025-04-18T12:54:32.584+0900] {standard_task_runner.py:104} INFO - Running: ['airflow', 'tasks', 'run', 'dag_oracle_to_s3_python_improved', 'oralceExport_task', 'scheduled__2025-04-16T15:05:00+00:00', '--job-id', '9', '--raw', '--subdir', 'DAGS_FOLDER/dag_oracle_to_s3_python_improved.py', '--cfg-path', '/tmp/tmpdws30kuu']
[2025-04-18T12:54:32.586+0900] {standard_task_runner.py:105} INFO - Job 9: Subtask oralceExport_task
[2025-04-18T12:54:32.730+0900] {task_command.py:467} INFO - Running <TaskInstance: dag_oracle_to_s3_python_improved.oralceExport_task scheduled__2025-04-16T15:05:00+00:00 [running]> on host DESKTOP-C0R54F3.
[2025-04-18T12:54:32.983+0900] {taskinstance.py:3134} INFO - Exporting env vars: AIRFLOW_CTX_DAG_OWNER='airflow' AIRFLOW_CTX_DAG_ID='dag_oracle_to_s3_python_improved' AIRFLOW_CTX_TASK_ID='oralceExport_task' AIRFLOW_CTX_EXECUTION_DATE='2025-04-16T15:05:00+00:00' AIRFLOW_CTX_TRY_NUMBER='1' AIRFLOW_CTX_DAG_RUN_ID='scheduled__2025-04-16T15:05:00+00:00'
[2025-04-18T12:54:32.984+0900] {taskinstance.py:732} INFO - ::endgroup::
[2025-04-18T12:54:32.995+0900] {dag_oracle_to_s3_python_improved.py:205} INFO - # step 1: query data from oralceSql db and save into json.gz file 생성 
[2025-04-18T12:54:32.996+0900] {dag_oracle_to_s3_python_improved.py:206} INFO - 2025-04-18 12:54:32
[2025-04-18T12:54:32.998+0900] {dag_oracle_to_s3_python_improved.py:95} INFO - query ::SELECT * FROM SF120_ACTLOG.ACTIONLOG
          WHERE
             USER_NAME  = 'admin' AND ROWNUM =1 AND LOGGED_TIME <= TO_DATE('2025-04-18') AND LOGGED_TIME <= TO_DATE('2024-10-20')  
[2025-04-18T12:54:32.999+0900] {dag_oracle_to_s3_python_improved.py:100} INFO - Oralce 및 S3 Hook 생성 완료.
[2025-04-18T12:54:33.001+0900] {dag_oracle_to_s3_python_improved.py:95} INFO - query ::WITH data  AS
          ( 
            SELECT /*+ PARALLEL(A,8) */ * FROM SF120_ACTLOG.ACTIONLOG A
          ),
          numbers AS (
                SELECT LEVEL AS num FROM dual
                CONNECT BY LEVEL <= 1  -- 원하는 행 수만큼 LEVEL 값을 설정
          )
          SELECT d.*, n.num
          FROM data d, numbers n
[2025-04-18T12:54:33.001+0900] {dag_oracle_to_s3_python_improved.py:100} INFO - Oralce 및 S3 Hook 생성 완료.
[2025-04-18T12:54:33.016+0900] {base.py:84} INFO - Retrieving connection 'locknlock_s3'
[2025-04-18T12:54:33.018+0900] {base.py:84} INFO - Retrieving connection 'locknlock_s3'
[2025-04-18T12:54:33.027+0900] {base.py:84} INFO - Retrieving connection 'locknlock_s3'
[2025-04-18T12:54:33.028+0900] {connection_wrapper.py:325} INFO - AWS Connection (conn_id='locknlock_s3', conn_type='aws') credentials retrieved from login and password.
[2025-04-18T12:54:33.045+0900] {dag_oracle_to_s3_python_improved.py:115} INFO - S3 Storage Options 설정 완료 (Endpoint: http://192.168.10.29:9000)
[2025-04-18T12:54:33.047+0900] {base.py:84} INFO - Retrieving connection 'locknlock_s3'
[2025-04-18T12:54:33.048+0900] {connection_wrapper.py:325} INFO - AWS Connection (conn_id='locknlock_s3', conn_type='aws') credentials retrieved from login and password.
[2025-04-18T12:54:33.058+0900] {dag_oracle_to_s3_python_improved.py:115} INFO - S3 Storage Options 설정 완료 (Endpoint: http://192.168.10.29:9000)
[2025-04-18T12:54:33.060+0900] {base.py:84} INFO - Retrieving connection 'oracle_220'
[2025-04-18T12:54:33.067+0900] {base.py:84} INFO - Retrieving connection 'oracle_220'
[2025-04-18T12:54:33.131+0900] {logging_mixin.py:190} WARNING - /home/kim/airflow_tutorial/py_env/lib/python3.10/site-packages/airflow/providers/common/sql/hooks/sql.py:427 UserWarning: pandas only supports SQLAlchemy connectable (engine/connection) or database string URI or sqlite3 DBAPI2 connection. Other DBAPI2 objects are not tested. Please consider using SQLAlchemy.
[2025-04-18T12:54:33.769+0900] {dag_oracle_to_s3_python_improved.py:153} INFO - 청크 0 데이터 S3 저장 완료: s3://sfquickstarts/tastybytes_01/raw_pos/order_detail/order_detail_2025-04-18_part_0.json.gz
[2025-04-18T12:54:33.777+0900] {dag_oracle_to_s3_python_improved.py:188} INFO - corrected_log_json_string : {"file_path":"s3://sfquickstarts/tastybytes_01/raw_pos/order_detail/order_detail_2025-04-18_part_0.json.gz","row_count":1,"null_count":{"LOGGED_TIME":0,"MACHINE":0,"USER_NAME":0,"ORIGINAL_TIME":0,"ORIGINAL_IP":0,"LOG_CATEGORY":0,"LOG_ACTION":0,"SUCCESS":0,"SESSION_ID":0,"ID1":0,"ID2":1,"ARG1":1,"ARG2":1,"ARG3":0,"ARG4":1,"ARG5":0,"ARG6":1}}

[2025-04-18T12:54:34.339+0900] {dag_oracle_to_s3_python_improved.py:198} INFO - tastybytes_01/raw_pos/order_detail/order_detail_log.json 로그가 생성되었습니다.
[2025-04-18T12:54:34.388+0900] {dag_oracle_to_s3_python_improved.py:153} INFO - 청크 0 데이터 S3 저장 완료: s3://sfquickstarts/tastybytes_01/raw_pos/order/order_2025-04-18_part_0.json.gz
[2025-04-18T12:54:37.679+0900] {dag_oracle_to_s3_python_improved.py:153} INFO - 청크 1 데이터 S3 저장 완료: s3://sfquickstarts/tastybytes_01/raw_pos/order/order_2025-04-18_part_1.json.gz
[2025-04-18T12:54:40.373+0900] {dag_oracle_to_s3_python_improved.py:153} INFO - 청크 2 데이터 S3 저장 완료: s3://sfquickstarts/tastybytes_01/raw_pos/order/order_2025-04-18_part_2.json.gz
[2025-04-18T12:54:40.802+0900] {dag_oracle_to_s3_python_improved.py:153} INFO - 청크 3 데이터 S3 저장 완료: s3://sfquickstarts/tastybytes_01/raw_pos/order/order_2025-04-18_part_3.json.gz
[2025-04-18T12:54:41.114+0900] {dag_oracle_to_s3_python_improved.py:153} INFO - 청크 4 데이터 S3 저장 완료: s3://sfquickstarts/tastybytes_01/raw_pos/order/order_2025-04-18_part_4.json.gz
[2025-04-18T12:54:41.469+0900] {dag_oracle_to_s3_python_improved.py:153} INFO - 청크 5 데이터 S3 저장 완료: s3://sfquickstarts/tastybytes_01/raw_pos/order/order_2025-04-18_part_5.json.gz
[2025-04-18T12:54:41.911+0900] {dag_oracle_to_s3_python_improved.py:153} INFO - 청크 6 데이터 S3 저장 완료: s3://sfquickstarts/tastybytes_01/raw_pos/order/order_2025-04-18_part_6.json.gz
[2025-04-18T12:54:42.210+0900] {dag_oracle_to_s3_python_improved.py:153} INFO - 청크 7 데이터 S3 저장 완료: s3://sfquickstarts/tastybytes_01/raw_pos/order/order_2025-04-18_part_7.json.gz
[2025-04-18T12:54:42.530+0900] {dag_oracle_to_s3_python_improved.py:153} INFO - 청크 8 데이터 S3 저장 완료: s3://sfquickstarts/tastybytes_01/raw_pos/order/order_2025-04-18_part_8.json.gz
[2025-04-18T12:54:42.939+0900] {dag_oracle_to_s3_python_improved.py:153} INFO - 청크 9 데이터 S3 저장 완료: s3://sfquickstarts/tastybytes_01/raw_pos/order/order_2025-04-18_part_9.json.gz
[2025-04-18T12:54:43.349+0900] {dag_oracle_to_s3_python_improved.py:153} INFO - 청크 10 데이터 S3 저장 완료: s3://sfquickstarts/tastybytes_01/raw_pos/order/order_2025-04-18_part_10.json.gz
[2025-04-18T12:54:43.723+0900] {dag_oracle_to_s3_python_improved.py:153} INFO - 청크 11 데이터 S3 저장 완료: s3://sfquickstarts/tastybytes_01/raw_pos/order/order_2025-04-18_part_11.json.gz
[2025-04-18T12:54:44.107+0900] {dag_oracle_to_s3_python_improved.py:153} INFO - 청크 12 데이터 S3 저장 완료: s3://sfquickstarts/tastybytes_01/raw_pos/order/order_2025-04-18_part_12.json.gz
[2025-04-18T12:54:44.527+0900] {dag_oracle_to_s3_python_improved.py:153} INFO - 청크 13 데이터 S3 저장 완료: s3://sfquickstarts/tastybytes_01/raw_pos/order/order_2025-04-18_part_13.json.gz
[2025-04-18T12:54:45.119+0900] {dag_oracle_to_s3_python_improved.py:153} INFO - 청크 14 데이터 S3 저장 완료: s3://sfquickstarts/tastybytes_01/raw_pos/order/order_2025-04-18_part_14.json.gz
[2025-04-18T12:54:45.554+0900] {dag_oracle_to_s3_python_improved.py:153} INFO - 청크 15 데이터 S3 저장 완료: s3://sfquickstarts/tastybytes_01/raw_pos/order/order_2025-04-18_part_15.json.gz
[2025-04-18T12:54:46.039+0900] {dag_oracle_to_s3_python_improved.py:153} INFO - 청크 16 데이터 S3 저장 완료: s3://sfquickstarts/tastybytes_01/raw_pos/order/order_2025-04-18_part_16.json.gz
[2025-04-18T12:54:46.433+0900] {dag_oracle_to_s3_python_improved.py:153} INFO - 청크 17 데이터 S3 저장 완료: s3://sfquickstarts/tastybytes_01/raw_pos/order/order_2025-04-18_part_17.json.gz
[2025-04-18T12:54:46.831+0900] {dag_oracle_to_s3_python_improved.py:153} INFO - 청크 18 데이터 S3 저장 완료: s3://sfquickstarts/tastybytes_01/raw_pos/order/order_2025-04-18_part_18.json.gz
[2025-04-18T12:54:47.212+0900] {dag_oracle_to_s3_python_improved.py:153} INFO - 청크 19 데이터 S3 저장 완료: s3://sfquickstarts/tastybytes_01/raw_pos/order/order_2025-04-18_part_19.json.gz
[2025-04-18T12:54:47.643+0900] {dag_oracle_to_s3_python_improved.py:153} INFO - 청크 20 데이터 S3 저장 완료: s3://sfquickstarts/tastybytes_01/raw_pos/order/order_2025-04-18_part_20.json.gz
[2025-04-18T12:54:48.183+0900] {dag_oracle_to_s3_python_improved.py:153} INFO - 청크 21 데이터 S3 저장 완료: s3://sfquickstarts/tastybytes_01/raw_pos/order/order_2025-04-18_part_21.json.gz
[2025-04-18T12:54:48.721+0900] {dag_oracle_to_s3_python_improved.py:153} INFO - 청크 22 데이터 S3 저장 완료: s3://sfquickstarts/tastybytes_01/raw_pos/order/order_2025-04-18_part_22.json.gz
[2025-04-18T12:54:49.211+0900] {dag_oracle_to_s3_python_improved.py:153} INFO - 청크 23 데이터 S3 저장 완료: s3://sfquickstarts/tastybytes_01/raw_pos/order/order_2025-04-18_part_23.json.gz
[2025-04-18T12:54:49.712+0900] {dag_oracle_to_s3_python_improved.py:153} INFO - 청크 24 데이터 S3 저장 완료: s3://sfquickstarts/tastybytes_01/raw_pos/order/order_2025-04-18_part_24.json.gz
[2025-04-18T12:54:50.114+0900] {dag_oracle_to_s3_python_improved.py:153} INFO - 청크 25 데이터 S3 저장 완료: s3://sfquickstarts/tastybytes_01/raw_pos/order/order_2025-04-18_part_25.json.gz
[2025-04-18T12:54:50.534+0900] {dag_oracle_to_s3_python_improved.py:153} INFO - 청크 26 데이터 S3 저장 완료: s3://sfquickstarts/tastybytes_01/raw_pos/order/order_2025-04-18_part_26.json.gz
[2025-04-18T12:54:51.106+0900] {dag_oracle_to_s3_python_improved.py:153} INFO - 청크 27 데이터 S3 저장 완료: s3://sfquickstarts/tastybytes_01/raw_pos/order/order_2025-04-18_part_27.json.gz
[2025-04-18T12:54:51.226+0900] {dag_oracle_to_s3_python_improved.py:153} INFO - 청크 28 데이터 S3 저장 완료: s3://sfquickstarts/tastybytes_01/raw_pos/order/order_2025-04-18_part_28.json.gz
[2025-04-18T12:54:51.230+0900] {dag_oracle_to_s3_python_improved.py:188} INFO - corrected_log_json_string : {"file_path":"s3://sfquickstarts/tastybytes_01/raw_pos/order/order_2025-04-18_part_0.json.gz","row_count":10000,"null_count":{"LOGGED_TIME":0,"MACHINE":0,"USER_NAME":7251,"ORIGINAL_TIME":0,"ORIGINAL_IP":9918,"LOG_CATEGORY":0,"LOG_ACTION":0,"SUCCESS":0,"SESSION_ID":7250,"ID1":48,"ID2":3725,"ARG1":3556,"ARG2":310,"ARG3":3977,"ARG4":4387,"ARG5":4007,"ARG6":9662,"NUM":0}}
{"file_path":"s3://sfquickstarts/tastybytes_01/raw_pos/order/order_2025-04-18_part_1.json.gz","row_count":10000,"null_count":{"LOGGED_TIME":0,"MACHINE":0,"USER_NAME":7187,"ORIGINAL_TIME":0,"ORIGINAL_IP":9973,"LOG_CATEGORY":0,"LOG_ACTION":0,"SUCCESS":0,"SESSION_ID":7187,"ID1":8,"ID2":2714,"ARG1":4452,"ARG2":47,"ARG3":4512,"ARG4":4989,"ARG5":4516,"ARG6":10000,"NUM":0}}
{"file_path":"s3://sfquickstarts/tastybytes_01/raw_pos/order/order_2025-04-18_part_2.json.gz","row_count":10000,"null_count":{"LOGGED_TIME":0,"MACHINE":0,"USER_NAME":8572,"ORIGINAL_TIME":0,"ORIGINAL_IP":9762,"LOG_CATEGORY":0,"LOG_ACTION":0,"SUCCESS":0,"SESSION_ID":8572,"ID1":63,"ID2":6931,"ARG1":1669,"ARG2":143,"ARG3":1840,"ARG4":2117,"ARG5":1919,"ARG6":9950,"NUM":0}}
{"file_path":"s3://sfquickstarts/tastybytes_01/raw_pos/order/order_2025-04-18_part_3.json.gz","row_count":10000,"null_count":{"LOGGED_TIME":0,"MACHINE":0,"USER_NAME":5890,"ORIGINAL_TIME":0,"ORIGINAL_IP":9424,"LOG_CATEGORY":0,"LOG_ACTION":0,"SUCCESS":0,"SESSION_ID":5889,"ID1":137,"ID2":101,"ARG1":5795,"ARG2":360,"ARG3":6149,"ARG4":6989,"ARG5":6361,"ARG6":9909,"NUM":0}}
{"file_path":"s3://sfquickstarts/tastybytes_01/raw_pos/order/order_2025-04-18_part_4.json.gz","row_count":10000,"null_count":{"LOGGED_TIME":0,"MACHINE":0,"USER_NAME":6266,"ORIGINAL_TIME":0,"ORIGINAL_IP":9986,"LOG_CATEGORY":0,"LOG_ACTION":0,"SUCCESS":0,"SESSION_ID":6266,"ID1":11,"ID2":0,"ARG1":6244,"ARG2":8,"ARG3":6252,"ARG4":6889,"ARG5":6264,"ARG6":10000,"NUM":0}}
{"file_path":"s3://sfquickstarts/tastybytes_01/raw_pos/order/order_2025-04-18_part_5.json.gz","row_count":10000,"null_count":{"LOGGED_TIME":0,"MACHINE":0,"USER_NAME":6083,"ORIGINAL_TIME":0,"ORIGINAL_IP":9863,"LOG_CATEGORY":0,"LOG_ACTION":0,"SUCCESS":0,"SESSION_ID":6083,"ID1":49,"ID2":19,"ARG1":6116,"ARG2":177,"ARG3":6331,"ARG4":7019,"ARG5":6452,"ARG6":9881,"NUM":0}}
{"file_path":"s3://sfquickstarts/tastybytes_01/raw_pos/order/order_2025-04-18_part_6.json.gz","row_count":10000,"null_count":{"LOGGED_TIME":0,"MACHINE":0,"USER_NAME":6139,"ORIGINAL_TIME":0,"ORIGINAL_IP":9969,"LOG_CATEGORY":0,"LOG_ACTION":0,"SUCCESS":0,"SESSION_ID":6137,"ID1":11,"ID2":4,"ARG1":6129,"ARG2":14,"ARG3":6139,"ARG4":6805,"ARG5":6155,"ARG6":10000,"NUM":0}}
{"file_path":"s3://sfquickstarts/tastybytes_01/raw_pos/order/order_2025-04-18_part_7.json.gz","row_count":10000,"null_count":{"LOGGED_TIME":0,"MACHINE":0,"USER_NAME":6308,"ORIGINAL_TIME":0,"ORIGINAL_IP":9997,"LOG_CATEGORY":0,"LOG_ACTION":0,"SUCCESS":0,"SESSION_ID":6307,"ID1":0,"ID2":1,"ARG1":6309,"ARG2":3,"ARG3":6310,"ARG4":6924,"ARG5":6310,"ARG6":10000,"NUM":0}}
{"file_path":"s3://sfquickstarts/tastybytes_01/raw_pos/order/order_2025-04-18_part_8.json.gz","row_count":10000,"null_count":{"LOGGED_TIME":0,"MACHINE":0,"USER_NAME":6143,"ORIGINAL_TIME":0,"ORIGINAL_IP":9946,"LOG_CATEGORY":0,"LOG_ACTION":0,"SUCCESS":0,"SESSION_ID":6135,"ID1":11,"ID2":3,"ARG1":6133,"ARG2":54,"ARG3":6183,"ARG4":6830,"ARG5":6194,"ARG6":9980,"NUM":0}}
{"file_path":"s3://sfquickstarts/tastybytes_01/raw_pos/order/order_2025-04-18_part_9.json.gz","row_count":10000,"null_count":{"LOGGED_TIME":0,"MACHINE":0,"USER_NAME":6022,"ORIGINAL_TIME":0,"ORIGINAL_IP":9831,"LOG_CATEGORY":0,"LOG_ACTION":0,"SUCCESS":0,"SESSION_ID":6017,"ID1":51,"ID2":53,"ARG1":6067,"ARG2":250,"ARG3":6345,"ARG4":6986,"ARG5":6434,"ARG6":9842,"NUM":0}}
{"file_path":"s3://sfquickstarts/tastybytes_01/raw_pos/order/order_2025-04-18_part_10.json.gz","row_count":10000,"null_count":{"LOGGED_TIME":0,"MACHINE":0,"USER_NAME":5821,"ORIGINAL_TIME":0,"ORIGINAL_IP":9570,"LOG_CATEGORY":0,"LOG_ACTION":0,"SUCCESS":0,"SESSION_ID":5820,"ID1":121,"ID2":127,"ARG1":5843,"ARG2":413,"ARG3":6332,"ARG4":7074,"ARG5":6520,"ARG6":9787,"NUM":0}}
{"file_path":"s3://sfquickstarts/tastybytes_01/raw_pos/order/order_2025-04-18_part_11.json.gz","row_count":10000,"null_count":{"LOGGED_TIME":0,"MACHINE":0,"USER_NAME":5776,"ORIGINAL_TIME":0,"ORIGINAL_IP":9728,"LOG_CATEGORY":0,"LOG_ACTION":0,"SUCCESS":0,"SESSION_ID":5768,"ID1":98,"ID2":157,"ARG1":5868,"ARG2":435,"ARG3":6300,"ARG4":7008,"ARG5":6453,"ARG6":9727,"NUM":0}}
{"file_path":"s3://sfquickstarts/tastybytes_01/raw_pos/order/order_2025-04-18_part_12.json.gz","row_count":10000,"null_count":{"LOGGED_TIME":0,"MACHINE":0,"USER_NAME":5879,"ORIGINAL_TIME":0,"ORIGINAL_IP":9809,"LOG_CATEGORY":0,"LOG_ACTION":0,"SUCCESS":0,"SESSION_ID":5878,"ID1":77,"ID2":47,"ARG1":5901,"ARG2":403,"ARG3":6384,"ARG4":7087,"ARG5":6541,"ARG6":9613,"NUM":0}}
{"file_path":"s3://sfquickstarts/tastybytes_01/raw_pos/order/order_2025-04-18_part_13.json.gz","row_count":10000,"null_count":{"LOGGED_TIME":0,"MACHINE":0,"USER_NAME":5724,"ORIGINAL_TIME":0,"ORIGINAL_IP":9165,"LOG_CATEGORY":0,"LOG_ACTION":0,"SUCCESS":0,"SESSION_ID":5723,"ID1":337,"ID2":205,"ARG1":5613,"ARG2":485,"ARG3":6156,"ARG4":7043,"ARG5":6450,"ARG6":9829,"NUM":0}}
{"file_path":"s3://sfquickstarts/tastybytes_01/raw_pos/order/order_2025-04-18_part_14.json.gz","row_count":10000,"null_count":{"LOGGED_TIME":0,"MACHINE":0,"USER_NAME":5742,"ORIGINAL_TIME":0,"ORIGINAL_IP":9322,"LOG_CATEGORY":0,"LOG_ACTION":0,"SUCCESS":0,"SESSION_ID":5740,"ID1":182,"ID2":177,"ARG1":5812,"ARG2":444,"ARG3":6171,"ARG4":6983,"ARG5":6359,"ARG6":9871,"NUM":0}}
{"file_path":"s3://sfquickstarts/tastybytes_01/raw_pos/order/order_2025-04-18_part_15.json.gz","row_count":10000,"null_count":{"LOGGED_TIME":0,"MACHINE":0,"USER_NAME":5936,"ORIGINAL_TIME":0,"ORIGINAL_IP":9586,"LOG_CATEGORY":0,"LOG_ACTION":0,"SUCCESS":0,"SESSION_ID":5931,"ID1":29,"ID2":83,"ARG1":6048,"ARG2":340,"ARG3":6223,"ARG4":6951,"ARG5":6276,"ARG6":9969,"NUM":0}}
{"file_path":"s3://sfquickstarts/tastybytes_01/raw_pos/order/order_2025-04-18_part_16.json.gz","row_count":10000,"null_count":{"LOGGED_TIME":0,"MACHINE":0,"USER_NAME":6097,"ORIGINAL_TIME":0,"ORIGINAL_IP":9847,"LOG_CATEGORY":0,"LOG_ACTION":0,"SUCCESS":0,"SESSION_ID":6093,"ID1":42,"ID2":61,"ARG1":6091,"ARG2":158,"ARG3":6278,"ARG4":6959,"ARG5":6361,"ARG6":9916,"NUM":0}}
{"file_path":"s3://sfquickstarts/tastybytes_01/raw_pos/order/order_2025-04-18_part_17.json.gz","row_count":10000,"null_count":{"LOGGED_TIME":0,"MACHINE":0,"USER_NAME":5930,"ORIGINAL_TIME":0,"ORIGINAL_IP":9774,"LOG_CATEGORY":0,"LOG_ACTION":0,"SUCCESS":0,"SESSION_ID":5926,"ID1":55,"ID2":38,"ARG1":5928,"ARG2":319,"ARG3":6256,"ARG4":6981,"ARG5":6376,"ARG6":9798,"NUM":0}}
{"file_path":"s3://sfquickstarts/tastybytes_01/raw_pos/order/order_2025-04-18_part_18.json.gz","row_count":10000,"null_count":{"LOGGED_TIME":0,"MACHINE":0,"USER_NAME":6197,"ORIGINAL_TIME":0,"ORIGINAL_IP":9908,"LOG_CATEGORY":0,"LOG_ACTION":0,"SUCCESS":0,"SESSION_ID":6196,"ID1":34,"ID2":19,"ARG1":6154,"ARG2":77,"ARG3":6235,"ARG4":6921,"ARG5":6282,"ARG6":9981,"NUM":0}}
{"file_path":"s3://sfquickstarts/tastybytes_01/raw_pos/order/order_2025-04-18_part_19.json.gz","row_count":10000,"null_count":{"LOGGED_TIME":0,"MACHINE":0,"USER_NAME":6276,"ORIGINAL_TIME":0,"ORIGINAL_IP":9957,"LOG_CATEGORY":0,"LOG_ACTION":0,"SUCCESS":0,"SESSION_ID":6275,"ID1":5,"ID2":2,"ARG1":6272,"ARG2":17,"ARG3":6295,"ARG4":6921,"ARG5":6293,"ARG6":10000,"NUM":0}}
{"file_path":"s3://sfquickstarts/tastybytes_01/raw_pos/order/order_2025-04-18_part_20.json.gz","row_count":10000,"null_count":{"LOGGED_TIME":0,"MACHINE":0,"USER_NAME":6042,"ORIGINAL_TIME":0,"ORIGINAL_IP":9927,"LOG_CATEGORY":0,"LOG_ACTION":0,"SUCCESS":0,"SESSION_ID":6041,"ID1":35,"ID2":22,"ARG1":6031,"ARG2":48,"ARG3":6096,"ARG4":6763,"ARG5":6117,"ARG6":9954,"NUM":0}}
{"file_path":"s3://sfquickstarts/tastybytes_01/raw_pos/order/order_2025-04-18_part_21.json.gz","row_count":10000,"null_count":{"LOGGED_TIME":0,"MACHINE":0,"USER_NAME":6098,"ORIGINAL_TIME":0,"ORIGINAL_IP":9718,"LOG_CATEGORY":0,"LOG_ACTION":0,"SUCCESS":0,"SESSION_ID":6097,"ID1":70,"ID2":59,"ARG1":6113,"ARG2":226,"ARG3":6296,"ARG4":7013,"ARG5":6427,"ARG6":9867,"NUM":0}}
{"file_path":"s3://sfquickstarts/tastybytes_01/raw_pos/order/order_2025-04-18_part_22.json.gz","row_count":10000,"null_count":{"LOGGED_TIME":0,"MACHINE":0,"USER_NAME":6150,"ORIGINAL_TIME":0,"ORIGINAL_IP":9886,"LOG_CATEGORY":0,"LOG_ACTION":0,"SUCCESS":0,"SESSION_ID":6150,"ID1":22,"ID2":11,"ARG1":6130,"ARG2":44,"ARG3":6171,"ARG4":6870,"ARG5":6223,"ARG6":9995,"NUM":0}}
{"file_path":"s3://sfquickstarts/tastybytes_01/raw_pos/order/order_2025-04-18_part_23.json.gz","row_count":10000,"null_count":{"LOGGED_TIME":0,"MACHINE":0,"USER_NAME":5698,"ORIGINAL_TIME":0,"ORIGINAL_IP":9416,"LOG_CATEGORY":0,"LOG_ACTION":0,"SUCCESS":0,"SESSION_ID":5682,"ID1":159,"ID2":148,"ARG1":5758,"ARG2":406,"ARG3":6127,"ARG4":7110,"ARG5":6576,"ARG6":9839,"NUM":0}}
{"file_path":"s3://sfquickstarts/tastybytes_01/raw_pos/order/order_2025-04-18_part_24.json.gz","row_count":10000,"null_count":{"LOGGED_TIME":0,"MACHINE":0,"USER_NAME":6144,"ORIGINAL_TIME":0,"ORIGINAL_IP":9851,"LOG_CATEGORY":0,"LOG_ACTION":0,"SUCCESS":0,"SESSION_ID":6126,"ID1":24,"ID2":30,"ARG1":6128,"ARG2":85,"ARG3":6221,"ARG4":6919,"ARG5":6301,"ARG6":9972,"NUM":0}}
{"file_path":"s3://sfquickstarts/tastybytes_01/raw_pos/order/order_2025-04-18_part_25.json.gz","row_count":10000,"null_count":{"LOGGED_TIME":0,"MACHINE":0,"USER_NAME":5841,"ORIGINAL_TIME":0,"ORIGINAL_IP":9316,"LOG_CATEGORY":0,"LOG_ACTION":0,"SUCCESS":0,"SESSION_ID":5835,"ID1":52,"ID2":128,"ARG1":6214,"ARG2":667,"ARG3":6450,"ARG4":7115,"ARG5":6494,"ARG6":9974,"NUM":0}}
{"file_path":"s3://sfquickstarts/tastybytes_01/raw_pos/order/order_2025-04-18_part_26.json.gz","row_count":10000,"null_count":{"LOGGED_TIME":0,"MACHINE":0,"USER_NAME":6211,"ORIGINAL_TIME":0,"ORIGINAL_IP":9957,"LOG_CATEGORY":0,"LOG_ACTION":0,"SUCCESS":0,"SESSION_ID":6211,"ID1":60,"ID2":91,"ARG1":6218,"ARG2":59,"ARG3":6263,"ARG4":6898,"ARG5":6285,"ARG6":9935,"NUM":0}}
{"file_path":"s3://sfquickstarts/tastybytes_01/raw_pos/order/order_2025-04-18_part_27.json.gz","row_count":10000,"null_count":{"LOGGED_TIME":0,"MACHINE":0,"USER_NAME":6088,"ORIGINAL_TIME":0,"ORIGINAL_IP":9909,"LOG_CATEGORY":0,"LOG_ACTION":0,"SUCCESS":0,"SESSION_ID":6087,"ID1":214,"ID2":197,"ARG1":6044,"ARG2":51,"ARG3":6095,"ARG4":6779,"ARG5":6141,"ARG6":9827,"NUM":0}}
{"file_path":"s3://sfquickstarts/tastybytes_01/raw_pos/order/order_2025-04-18_part_28.json.gz","row_count":294,"null_count":{"LOGGED_TIME":0,"MACHINE":0,"USER_NAME":199,"ORIGINAL_TIME":0,"ORIGINAL_IP":294,"LOG_CATEGORY":0,"LOG_ACTION":0,"SUCCESS":0,"SESSION_ID":199,"ID1":0,"ID2":0,"ARG1":199,"ARG2":0,"ARG3":199,"ARG4":216,"ARG5":199,"ARG6":294,"NUM":0}}

[2025-04-18T12:54:51.745+0900] {hook.py:208} WARNING - Data lineage tracking is disabled. Register a hook lineage reader to start tracking hook lineage.
[2025-04-18T12:54:51.745+0900] {dag_oracle_to_s3_python_improved.py:198} INFO - tastybytes_01/raw_pos/order/order_log.json 로그가 생성되었습니다.
[2025-04-18T12:54:51.746+0900] {python.py:240} INFO - Done. Returned value was: None
[2025-04-18T12:54:51.757+0900] {taskinstance.py:341} INFO - ::group::Post task execution logs
[2025-04-18T12:54:51.757+0900] {taskinstance.py:353} INFO - Marking task as SUCCESS. dag_id=dag_oracle_to_s3_python_improved, task_id=oralceExport_task, run_id=scheduled__2025-04-16T15:05:00+00:00, execution_date=20250416T150500, start_date=20250418T035432, end_date=20250418T035451
[2025-04-18T12:54:51.913+0900] {local_task_job_runner.py:266} INFO - Task exited with return code 0
[2025-04-18T12:54:51.937+0900] {taskinstance.py:3901} INFO - 1 downstream tasks scheduled from follow-on schedule check
[2025-04-18T12:54:51.987+0900] {local_task_job_runner.py:245} INFO - ::endgroup::
